[0.124s] DEBUG:colcon:Command line arguments: ['/usr/bin/colcon', 'build']
[0.124s] DEBUG:colcon:Parsed command line arguments: Namespace(ament_cmake_args=None, base_paths=['.'], build_base='build', catkin_cmake_args=None, catkin_skip_building_tests=False, cmake_args=None, cmake_clean_cache=False, cmake_clean_first=False, cmake_force_configure=False, cmake_target=None, cmake_target_skip_unavailable=False, continue_on_error=False, event_handlers=None, executor='parallel', ignore_user_meta=False, install_base='install', log_base=None, log_level=None, main=<bound method BuildVerb.main of <colcon_core.verb.build.BuildVerb object at 0x7fd7639c1af0>>, merge_install=False, metas=['./colcon.meta'], packages_above=None, packages_above_and_dependencies=None, packages_above_depth=None, packages_end=None, packages_ignore=None, packages_ignore_regex=None, packages_select=None, packages_select_build_failed=False, packages_select_by_dep=None, packages_select_regex=None, packages_select_test_failures=False, packages_skip=None, packages_skip_build_finished=False, packages_skip_by_dep=None, packages_skip_regex=None, packages_skip_test_passed=False, packages_skip_up_to=None, packages_start=None, packages_up_to=None, packages_up_to_regex=None, parallel_workers=12, paths=None, symlink_install=False, test_result_base=None, verb_extension=<colcon_core.verb.build.BuildVerb object at 0x7fd7639c1af0>, verb_name='build', verb_parser=<colcon_defaults.argument_parser.defaults.DefaultArgumentsDecorator object at 0x7fd7639cc0a0>)
[0.144s] Level 1:colcon.colcon_core.package_discovery:discover_packages(colcon_meta) check parameters
[0.145s] Level 1:colcon.colcon_core.package_discovery:discover_packages(recursive) check parameters
[0.145s] Level 1:colcon.colcon_core.package_discovery:discover_packages(ignore) check parameters
[0.145s] Level 1:colcon.colcon_core.package_discovery:discover_packages(path) check parameters
[0.145s] Level 1:colcon.colcon_core.package_discovery:discover_packages(colcon_meta) discover
[0.145s] Level 1:colcon.colcon_core.package_discovery:discover_packages(recursive) discover
[0.145s] INFO:colcon.colcon_core.package_discovery:Crawling recursively for packages in '/root/researchv2'
[0.145s] Level 1:colcon.colcon_core.package_identification:_identify(.) by extensions ['ignore', 'ignore_ament_install']
[0.145s] Level 1:colcon.colcon_core.package_identification:_identify(.) by extension 'ignore'
[0.145s] Level 1:colcon.colcon_core.package_identification:_identify(.) by extension 'ignore_ament_install'
[0.145s] Level 1:colcon.colcon_core.package_identification:_identify(.) by extensions ['colcon_pkg']
[0.145s] Level 1:colcon.colcon_core.package_identification:_identify(.) by extension 'colcon_pkg'
[0.145s] Level 1:colcon.colcon_core.package_identification:_identify(.) by extensions ['colcon_meta']
[0.145s] Level 1:colcon.colcon_core.package_identification:_identify(.) by extension 'colcon_meta'
[0.145s] Level 1:colcon.colcon_core.package_identification:_identify(.) by extensions ['ros']
[0.145s] Level 1:colcon.colcon_core.package_identification:_identify(.) by extension 'ros'
[0.154s] Level 1:colcon.colcon_core.package_identification:_identify(.) by extensions ['cmake', 'python']
[0.154s] Level 1:colcon.colcon_core.package_identification:_identify(.) by extension 'cmake'
[0.154s] Level 1:colcon.colcon_core.package_identification:_identify(.) by extension 'python'
[0.154s] Level 1:colcon.colcon_core.package_identification:_identify(.) by extensions ['python_setup_py']
[0.155s] Level 1:colcon.colcon_core.package_identification:_identify(.) by extension 'python_setup_py'
[0.155s] Level 1:colcon.colcon_core.package_identification:_identify(build) by extensions ['ignore', 'ignore_ament_install']
[0.155s] Level 1:colcon.colcon_core.package_identification:_identify(build) by extension 'ignore'
[0.155s] Level 1:colcon.colcon_core.package_identification:_identify(build) ignored
[0.155s] Level 1:colcon.colcon_core.package_identification:_identify(install) by extensions ['ignore', 'ignore_ament_install']
[0.155s] Level 1:colcon.colcon_core.package_identification:_identify(install) by extension 'ignore'
[0.155s] Level 1:colcon.colcon_core.package_identification:_identify(install) ignored
[0.155s] Level 1:colcon.colcon_core.package_identification:_identify(log) by extensions ['ignore', 'ignore_ament_install']
[0.155s] Level 1:colcon.colcon_core.package_identification:_identify(log) by extension 'ignore'
[0.155s] Level 1:colcon.colcon_core.package_identification:_identify(log) ignored
[0.155s] Level 1:colcon.colcon_core.package_identification:_identify(src) by extensions ['ignore', 'ignore_ament_install']
[0.155s] Level 1:colcon.colcon_core.package_identification:_identify(src) by extension 'ignore'
[0.155s] Level 1:colcon.colcon_core.package_identification:_identify(src) by extension 'ignore_ament_install'
[0.155s] Level 1:colcon.colcon_core.package_identification:_identify(src) by extensions ['colcon_pkg']
[0.155s] Level 1:colcon.colcon_core.package_identification:_identify(src) by extension 'colcon_pkg'
[0.155s] Level 1:colcon.colcon_core.package_identification:_identify(src) by extensions ['colcon_meta']
[0.156s] Level 1:colcon.colcon_core.package_identification:_identify(src) by extension 'colcon_meta'
[0.156s] Level 1:colcon.colcon_core.package_identification:_identify(src) by extensions ['ros']
[0.156s] Level 1:colcon.colcon_core.package_identification:_identify(src) by extension 'ros'
[0.156s] Level 1:colcon.colcon_core.package_identification:_identify(src) by extensions ['cmake', 'python']
[0.156s] Level 1:colcon.colcon_core.package_identification:_identify(src) by extension 'cmake'
[0.156s] Level 1:colcon.colcon_core.package_identification:_identify(src) by extension 'python'
[0.156s] Level 1:colcon.colcon_core.package_identification:_identify(src) by extensions ['python_setup_py']
[0.156s] Level 1:colcon.colcon_core.package_identification:_identify(src) by extension 'python_setup_py'
[0.156s] Level 1:colcon.colcon_core.package_identification:_identify(src/chaser_system) by extensions ['ignore', 'ignore_ament_install']
[0.156s] Level 1:colcon.colcon_core.package_identification:_identify(src/chaser_system) by extension 'ignore'
[0.156s] Level 1:colcon.colcon_core.package_identification:_identify(src/chaser_system) by extension 'ignore_ament_install'
[0.156s] Level 1:colcon.colcon_core.package_identification:_identify(src/chaser_system) by extensions ['colcon_pkg']
[0.156s] Level 1:colcon.colcon_core.package_identification:_identify(src/chaser_system) by extension 'colcon_pkg'
[0.156s] Level 1:colcon.colcon_core.package_identification:_identify(src/chaser_system) by extensions ['colcon_meta']
[0.156s] Level 1:colcon.colcon_core.package_identification:_identify(src/chaser_system) by extension 'colcon_meta'
[0.156s] Level 1:colcon.colcon_core.package_identification:_identify(src/chaser_system) by extensions ['ros']
[0.156s] Level 1:colcon.colcon_core.package_identification:_identify(src/chaser_system) by extension 'ros'
[0.158s] DEBUG:colcon.colcon_core.package_identification:Package 'src/chaser_system' with type 'ros.ament_python' and name 'chaser_system'
[0.158s] Level 1:colcon.colcon_core.package_identification:_identify(src/mymsg) by extensions ['ignore', 'ignore_ament_install']
[0.158s] Level 1:colcon.colcon_core.package_identification:_identify(src/mymsg) by extension 'ignore'
[0.158s] Level 1:colcon.colcon_core.package_identification:_identify(src/mymsg) by extension 'ignore_ament_install'
[0.158s] Level 1:colcon.colcon_core.package_identification:_identify(src/mymsg) by extensions ['colcon_pkg']
[0.158s] Level 1:colcon.colcon_core.package_identification:_identify(src/mymsg) by extension 'colcon_pkg'
[0.158s] Level 1:colcon.colcon_core.package_identification:_identify(src/mymsg) by extensions ['colcon_meta']
[0.158s] Level 1:colcon.colcon_core.package_identification:_identify(src/mymsg) by extension 'colcon_meta'
[0.158s] Level 1:colcon.colcon_core.package_identification:_identify(src/mymsg) by extensions ['ros']
[0.158s] Level 1:colcon.colcon_core.package_identification:_identify(src/mymsg) by extension 'ros'
[0.159s] DEBUG:colcon.colcon_core.package_identification:Package 'src/mymsg' with type 'ros.ament_cmake' and name 'mymsg'
[0.159s] Level 1:colcon.colcon_core.package_discovery:discover_packages(recursive) using defaults
[0.159s] Level 1:colcon.colcon_core.package_discovery:discover_packages(ignore) discover
[0.159s] Level 1:colcon.colcon_core.package_discovery:discover_packages(ignore) using defaults
[0.159s] Level 1:colcon.colcon_core.package_discovery:discover_packages(path) discover
[0.159s] Level 1:colcon.colcon_core.package_discovery:discover_packages(path) using defaults
[0.182s] Level 5:colcon.colcon_core.verb:set package 'chaser_system' build argument 'cmake_args' from command line to 'None'
[0.182s] Level 5:colcon.colcon_core.verb:set package 'chaser_system' build argument 'cmake_target' from command line to 'None'
[0.182s] Level 5:colcon.colcon_core.verb:set package 'chaser_system' build argument 'cmake_target_skip_unavailable' from command line to 'False'
[0.182s] Level 5:colcon.colcon_core.verb:set package 'chaser_system' build argument 'cmake_clean_cache' from command line to 'False'
[0.182s] Level 5:colcon.colcon_core.verb:set package 'chaser_system' build argument 'cmake_clean_first' from command line to 'False'
[0.182s] Level 5:colcon.colcon_core.verb:set package 'chaser_system' build argument 'cmake_force_configure' from command line to 'False'
[0.182s] Level 5:colcon.colcon_core.verb:set package 'chaser_system' build argument 'ament_cmake_args' from command line to 'None'
[0.182s] Level 5:colcon.colcon_core.verb:set package 'chaser_system' build argument 'catkin_cmake_args' from command line to 'None'
[0.182s] Level 5:colcon.colcon_core.verb:set package 'chaser_system' build argument 'catkin_skip_building_tests' from command line to 'False'
[0.182s] DEBUG:colcon.colcon_core.verb:Building package 'chaser_system' with the following arguments: {'ament_cmake_args': None, 'build_base': '/root/researchv2/build/chaser_system', 'catkin_cmake_args': None, 'catkin_skip_building_tests': False, 'cmake_args': None, 'cmake_clean_cache': False, 'cmake_clean_first': False, 'cmake_force_configure': False, 'cmake_target': None, 'cmake_target_skip_unavailable': False, 'install_base': '/root/researchv2/install/chaser_system', 'merge_install': False, 'path': '/root/researchv2/src/chaser_system', 'symlink_install': False, 'test_result_base': None}
[0.183s] Level 5:colcon.colcon_core.verb:set package 'mymsg' build argument 'cmake_args' from command line to 'None'
[0.183s] Level 5:colcon.colcon_core.verb:set package 'mymsg' build argument 'cmake_target' from command line to 'None'
[0.183s] Level 5:colcon.colcon_core.verb:set package 'mymsg' build argument 'cmake_target_skip_unavailable' from command line to 'False'
[0.183s] Level 5:colcon.colcon_core.verb:set package 'mymsg' build argument 'cmake_clean_cache' from command line to 'False'
[0.183s] Level 5:colcon.colcon_core.verb:set package 'mymsg' build argument 'cmake_clean_first' from command line to 'False'
[0.183s] Level 5:colcon.colcon_core.verb:set package 'mymsg' build argument 'cmake_force_configure' from command line to 'False'
[0.183s] Level 5:colcon.colcon_core.verb:set package 'mymsg' build argument 'ament_cmake_args' from command line to 'None'
[0.183s] Level 5:colcon.colcon_core.verb:set package 'mymsg' build argument 'catkin_cmake_args' from command line to 'None'
[0.183s] Level 5:colcon.colcon_core.verb:set package 'mymsg' build argument 'catkin_skip_building_tests' from command line to 'False'
[0.183s] DEBUG:colcon.colcon_core.verb:Building package 'mymsg' with the following arguments: {'ament_cmake_args': None, 'build_base': '/root/researchv2/build/mymsg', 'catkin_cmake_args': None, 'catkin_skip_building_tests': False, 'cmake_args': None, 'cmake_clean_cache': False, 'cmake_clean_first': False, 'cmake_force_configure': False, 'cmake_target': None, 'cmake_target_skip_unavailable': False, 'install_base': '/root/researchv2/install/mymsg', 'merge_install': False, 'path': '/root/researchv2/src/mymsg', 'symlink_install': False, 'test_result_base': None}
[0.184s] INFO:colcon.colcon_core.executor:Executing jobs using 'parallel' executor
[0.187s] DEBUG:colcon.colcon_parallel_executor.executor.parallel:run_until_complete
[0.187s] INFO:colcon.colcon_ros.task.ament_python.build:Building ROS package in '/root/researchv2/src/chaser_system' with build type 'ament_python'
[0.188s] Level 1:colcon.colcon_core.shell:create_environment_hook('chaser_system', 'ament_prefix_path')
[0.191s] INFO:colcon.colcon_core.plugin_system:Skipping extension 'colcon_core.shell.bat': Not used on non-Windows systems
[0.191s] INFO:colcon.colcon_core.shell:Creating environment hook '/root/researchv2/install/chaser_system/share/chaser_system/hook/ament_prefix_path.ps1'
[0.192s] INFO:colcon.colcon_core.shell:Creating environment descriptor '/root/researchv2/install/chaser_system/share/chaser_system/hook/ament_prefix_path.dsv'
[0.192s] INFO:colcon.colcon_core.shell:Creating environment hook '/root/researchv2/install/chaser_system/share/chaser_system/hook/ament_prefix_path.sh'
[0.193s] INFO:colcon.colcon_core.shell:Skip shell extension 'powershell' for command environment: Not usable outside of PowerShell
[0.193s] DEBUG:colcon.colcon_core.shell:Skip shell extension 'dsv' for command environment
[0.202s] INFO:colcon.colcon_ros.task.ament_cmake.build:Building ROS package in '/root/researchv2/src/mymsg' with build type 'ament_cmake'
[0.202s] INFO:colcon.colcon_cmake.task.cmake.build:Building CMake package in '/root/researchv2/src/mymsg'
[0.204s] INFO:colcon.colcon_core.shell:Skip shell extension 'powershell' for command environment: Not usable outside of PowerShell
[0.204s] DEBUG:colcon.colcon_core.shell:Skip shell extension 'dsv' for command environment
[0.412s] INFO:colcon.colcon_core.task.python.build:Building Python package in '/root/researchv2/src/chaser_system'
[0.414s] INFO:colcon.colcon_core.shell:Skip shell extension 'powershell' for command environment: Not usable outside of PowerShell
[0.414s] DEBUG:colcon.colcon_core.shell:Skip shell extension 'dsv' for command environment
[0.426s] DEBUG:colcon.colcon_core.event_handler.log_command:Invoking command in '/root/researchv2/build/mymsg': CMAKE_PREFIX_PATH=${CMAKE_PREFIX_PATH}:/root/openpifpaf_ros2/install/rgbd_openpifpaf_ros2:/root/openpifpaf_ros2/install/pose_checker:/root/openpifpaf_ros2/install/openpifpaf_ros2_node:/opt/ros/foxy _=/usr/bin/env /usr/bin/cmake --build /root/researchv2/build/mymsg -- -j12 -l12
[0.815s] DEBUG:colcon.colcon_core.event_handler.log_command:Invoking command in '/root/researchv2/src/chaser_system': PYTHONPATH=/root/researchv2/install/chaser_system/lib/python3.8/site-packages:${PYTHONPATH} _=/usr/bin/env /usr/bin/python3 setup.py egg_info --egg-base ../../build/chaser_system build --build-base /root/researchv2/build/chaser_system/build install --prefix /root/researchv2/install/chaser_system --record /root/researchv2/build/chaser_system/install.log --single-version-externally-managed
[1.116s] DEBUG:colcon.colcon_core.event_handler.log_command:Invoked command in '/root/researchv2/src/chaser_system' returned '0': PYTHONPATH=/root/researchv2/install/chaser_system/lib/python3.8/site-packages:${PYTHONPATH} _=/usr/bin/env /usr/bin/python3 setup.py egg_info --egg-base ../../build/chaser_system build --build-base /root/researchv2/build/chaser_system/build install --prefix /root/researchv2/install/chaser_system --record /root/researchv2/build/chaser_system/install.log --single-version-externally-managed
[1.122s] Level 1:colcon.colcon_core.environment:checking '/root/researchv2/install/chaser_system' for CMake module files
[1.123s] Level 1:colcon.colcon_core.environment:checking '/root/researchv2/install/chaser_system' for CMake config files
[1.125s] Level 1:colcon.colcon_core.environment:checking '/root/researchv2/install/chaser_system/lib'
[1.125s] Level 1:colcon.colcon_core.environment:checking '/root/researchv2/install/chaser_system/bin'
[1.125s] Level 1:colcon.colcon_core.environment:checking '/root/researchv2/install/chaser_system/lib/pkgconfig/chaser_system.pc'
[1.126s] Level 1:colcon.colcon_core.environment:checking '/root/researchv2/install/chaser_system/lib/python3.8/site-packages'
[1.126s] Level 1:colcon.colcon_core.shell:create_environment_hook('chaser_system', 'pythonpath')
[1.128s] INFO:colcon.colcon_core.shell:Creating environment hook '/root/researchv2/install/chaser_system/share/chaser_system/hook/pythonpath.ps1'
[1.129s] INFO:colcon.colcon_core.shell:Creating environment descriptor '/root/researchv2/install/chaser_system/share/chaser_system/hook/pythonpath.dsv'
[1.130s] INFO:colcon.colcon_core.shell:Creating environment hook '/root/researchv2/install/chaser_system/share/chaser_system/hook/pythonpath.sh'
[1.131s] Level 1:colcon.colcon_core.environment:checking '/root/researchv2/install/chaser_system/bin'
[1.131s] Level 1:colcon.colcon_core.environment:create_environment_scripts_only(chaser_system)
[1.134s] INFO:colcon.colcon_core.shell:Creating package script '/root/researchv2/install/chaser_system/share/chaser_system/package.ps1'
[1.136s] INFO:colcon.colcon_core.shell:Creating package descriptor '/root/researchv2/install/chaser_system/share/chaser_system/package.dsv'
[1.137s] INFO:colcon.colcon_core.shell:Creating package script '/root/researchv2/install/chaser_system/share/chaser_system/package.sh'
[1.138s] INFO:colcon.colcon_core.shell:Creating package script '/root/researchv2/install/chaser_system/share/chaser_system/package.bash'
[1.139s] INFO:colcon.colcon_core.shell:Creating package script '/root/researchv2/install/chaser_system/share/chaser_system/package.zsh'
[1.140s] Level 1:colcon.colcon_core.environment:create_file_with_runtime_dependencies(/root/researchv2/install/chaser_system/share/colcon-core/packages/chaser_system)
[4.149s] DEBUG:colcon.colcon_core.event_handler.log_command:Invoked command in '/root/researchv2/build/mymsg' returned '0': CMAKE_PREFIX_PATH=${CMAKE_PREFIX_PATH}:/root/openpifpaf_ros2/install/rgbd_openpifpaf_ros2:/root/openpifpaf_ros2/install/pose_checker:/root/openpifpaf_ros2/install/openpifpaf_ros2_node:/opt/ros/foxy _=/usr/bin/env /usr/bin/cmake --build /root/researchv2/build/mymsg -- -j12 -l12
[4.386s] DEBUG:colcon.colcon_core.event_handler.log_command:Invoking command in '/root/researchv2/build/mymsg': CMAKE_PREFIX_PATH=${CMAKE_PREFIX_PATH}:/root/openpifpaf_ros2/install/rgbd_openpifpaf_ros2:/root/openpifpaf_ros2/install/pose_checker:/root/openpifpaf_ros2/install/openpifpaf_ros2_node:/opt/ros/foxy _=/usr/bin/env /usr/bin/cmake --install /root/researchv2/build/mymsg
[4.478s] Level 1:colcon.colcon_core.environment:create_environment_scripts_only(mymsg)
[4.482s] Level 1:colcon.colcon_core.environment:checking '/root/researchv2/install/mymsg' for CMake module files
[4.482s] DEBUG:colcon.colcon_core.event_handler.log_command:Invoked command in '/root/researchv2/build/mymsg' returned '0': CMAKE_PREFIX_PATH=${CMAKE_PREFIX_PATH}:/root/openpifpaf_ros2/install/rgbd_openpifpaf_ros2:/root/openpifpaf_ros2/install/pose_checker:/root/openpifpaf_ros2/install/openpifpaf_ros2_node:/opt/ros/foxy _=/usr/bin/env /usr/bin/cmake --install /root/researchv2/build/mymsg
[4.483s] Level 1:colcon.colcon_core.environment:checking '/root/researchv2/install/mymsg' for CMake config files
[4.484s] Level 1:colcon.colcon_core.shell:create_environment_hook('mymsg', 'cmake_prefix_path')
[4.486s] INFO:colcon.colcon_core.shell:Creating environment hook '/root/researchv2/install/mymsg/share/mymsg/hook/cmake_prefix_path.ps1'
[4.486s] INFO:colcon.colcon_core.shell:Creating environment descriptor '/root/researchv2/install/mymsg/share/mymsg/hook/cmake_prefix_path.dsv'
[4.487s] INFO:colcon.colcon_core.shell:Creating environment hook '/root/researchv2/install/mymsg/share/mymsg/hook/cmake_prefix_path.sh'
[4.487s] Level 1:colcon.colcon_core.environment:checking '/root/researchv2/install/mymsg/lib'
[4.488s] Level 1:colcon.colcon_core.shell:create_environment_hook('mymsg', 'ld_library_path_lib')
[4.490s] INFO:colcon.colcon_core.shell:Creating environment hook '/root/researchv2/install/mymsg/share/mymsg/hook/ld_library_path_lib.ps1'
[4.490s] INFO:colcon.colcon_core.shell:Creating environment descriptor '/root/researchv2/install/mymsg/share/mymsg/hook/ld_library_path_lib.dsv'
[4.490s] INFO:colcon.colcon_core.shell:Creating environment hook '/root/researchv2/install/mymsg/share/mymsg/hook/ld_library_path_lib.sh'
[4.491s] Level 1:colcon.colcon_core.environment:checking '/root/researchv2/install/mymsg/bin'
[4.491s] Level 1:colcon.colcon_core.environment:checking '/root/researchv2/install/mymsg/lib/pkgconfig/mymsg.pc'
[4.491s] Level 1:colcon.colcon_core.environment:checking '/root/researchv2/install/mymsg/lib/python3.8/site-packages'
[4.491s] Level 1:colcon.colcon_core.shell:create_environment_hook('mymsg', 'pythonpath')
[4.493s] INFO:colcon.colcon_core.shell:Creating environment hook '/root/researchv2/install/mymsg/share/mymsg/hook/pythonpath.ps1'
[4.493s] INFO:colcon.colcon_core.shell:Creating environment descriptor '/root/researchv2/install/mymsg/share/mymsg/hook/pythonpath.dsv'
[4.494s] INFO:colcon.colcon_core.shell:Creating environment hook '/root/researchv2/install/mymsg/share/mymsg/hook/pythonpath.sh'
[4.494s] Level 1:colcon.colcon_core.environment:checking '/root/researchv2/install/mymsg/bin'
[4.496s] INFO:colcon.colcon_core.shell:Creating package script '/root/researchv2/install/mymsg/share/mymsg/package.ps1'
[4.497s] INFO:colcon.colcon_core.shell:Creating package descriptor '/root/researchv2/install/mymsg/share/mymsg/package.dsv'
[4.498s] INFO:colcon.colcon_core.shell:Creating package script '/root/researchv2/install/mymsg/share/mymsg/package.sh'
[4.498s] INFO:colcon.colcon_core.shell:Creating package script '/root/researchv2/install/mymsg/share/mymsg/package.bash'
[4.498s] INFO:colcon.colcon_core.shell:Creating package script '/root/researchv2/install/mymsg/share/mymsg/package.zsh'
[4.499s] Level 1:colcon.colcon_core.environment:create_file_with_runtime_dependencies(/root/researchv2/install/mymsg/share/colcon-core/packages/mymsg)
[4.743s] Level 1:colcon.colcon_core.environment:create_environment_scripts_only(mymsg)
[4.747s] Level 1:colcon.colcon_core.environment:checking '/root/researchv2/install/mymsg' for CMake module files
[4.747s] Level 1:colcon.colcon_core.environment:checking '/root/researchv2/install/mymsg' for CMake config files
[4.748s] Level 1:colcon.colcon_core.shell:create_environment_hook('mymsg', 'cmake_prefix_path')
[4.750s] INFO:colcon.colcon_core.shell:Creating environment hook '/root/researchv2/install/mymsg/share/mymsg/hook/cmake_prefix_path.ps1'
[4.751s] INFO:colcon.colcon_core.shell:Creating environment descriptor '/root/researchv2/install/mymsg/share/mymsg/hook/cmake_prefix_path.dsv'
[4.751s] INFO:colcon.colcon_core.shell:Creating environment hook '/root/researchv2/install/mymsg/share/mymsg/hook/cmake_prefix_path.sh'
[4.752s] Level 1:colcon.colcon_core.environment:checking '/root/researchv2/install/mymsg/lib'
[4.752s] Level 1:colcon.colcon_core.shell:create_environment_hook('mymsg', 'ld_library_path_lib')
[4.754s] INFO:colcon.colcon_core.shell:Creating environment hook '/root/researchv2/install/mymsg/share/mymsg/hook/ld_library_path_lib.ps1'
[4.754s] INFO:colcon.colcon_core.shell:Creating environment descriptor '/root/researchv2/install/mymsg/share/mymsg/hook/ld_library_path_lib.dsv'
[4.755s] INFO:colcon.colcon_core.shell:Creating environment hook '/root/researchv2/install/mymsg/share/mymsg/hook/ld_library_path_lib.sh'
[4.755s] Level 1:colcon.colcon_core.environment:checking '/root/researchv2/install/mymsg/bin'
[4.755s] Level 1:colcon.colcon_core.environment:checking '/root/researchv2/install/mymsg/lib/pkgconfig/mymsg.pc'
[4.755s] Level 1:colcon.colcon_core.environment:checking '/root/researchv2/install/mymsg/lib/python3.8/site-packages'
[4.756s] Level 1:colcon.colcon_core.shell:create_environment_hook('mymsg', 'pythonpath')
[4.758s] INFO:colcon.colcon_core.shell:Creating environment hook '/root/researchv2/install/mymsg/share/mymsg/hook/pythonpath.ps1'
[4.758s] INFO:colcon.colcon_core.shell:Creating environment descriptor '/root/researchv2/install/mymsg/share/mymsg/hook/pythonpath.dsv'
[4.759s] INFO:colcon.colcon_core.shell:Creating environment hook '/root/researchv2/install/mymsg/share/mymsg/hook/pythonpath.sh'
[4.759s] Level 1:colcon.colcon_core.environment:checking '/root/researchv2/install/mymsg/bin'
[4.761s] INFO:colcon.colcon_core.shell:Creating package script '/root/researchv2/install/mymsg/share/mymsg/package.ps1'
[4.762s] INFO:colcon.colcon_core.shell:Creating package descriptor '/root/researchv2/install/mymsg/share/mymsg/package.dsv'
[4.763s] INFO:colcon.colcon_core.shell:Creating package script '/root/researchv2/install/mymsg/share/mymsg/package.sh'
[4.764s] INFO:colcon.colcon_core.shell:Creating package script '/root/researchv2/install/mymsg/share/mymsg/package.bash'
[4.764s] INFO:colcon.colcon_core.shell:Creating package script '/root/researchv2/install/mymsg/share/mymsg/package.zsh'
[4.765s] Level 1:colcon.colcon_core.environment:create_file_with_runtime_dependencies(/root/researchv2/install/mymsg/share/colcon-core/packages/mymsg)
[4.765s] DEBUG:colcon.colcon_parallel_executor.executor.parallel:closing loop
[4.765s] DEBUG:colcon.colcon_parallel_executor.executor.parallel:loop closed
[4.766s] DEBUG:colcon.colcon_parallel_executor.executor.parallel:run_until_complete finished with '0'
[4.766s] DEBUG:colcon.colcon_core.event_reactor:joining thread
[4.772s] INFO:colcon.colcon_core.plugin_system:Skipping extension 'colcon_notification.desktop_notification.notify_send': Could not find 'notify-send'
[4.772s] INFO:colcon.colcon_core.plugin_system:Skipping extension 'colcon_notification.desktop_notification.terminal_notifier': Not used on non-Darwin systems
[4.772s] INFO:colcon.colcon_core.plugin_system:Skipping extension 'colcon_notification.desktop_notification.win32': Not used on non-Windows systems
[4.772s] INFO:colcon.colcon_notification.desktop_notification:Sending desktop notification using 'notify2'
[4.776s] DEBUG:colcon.colcon_notification.desktop_notification.notify2:Failed to initialize notify2: org.freedesktop.DBus.Error.ServiceUnknown: The name org.freedesktop.Notifications was not provided by any .service files
[4.777s] DEBUG:colcon.colcon_core.event_reactor:joined thread
[4.779s] INFO:colcon.colcon_core.shell:Creating prefix script '/root/researchv2/install/local_setup.ps1'
[4.781s] INFO:colcon.colcon_core.shell:Creating prefix util module '/root/researchv2/install/_local_setup_util_ps1.py'
[4.782s] INFO:colcon.colcon_core.shell:Creating prefix chain script '/root/researchv2/install/setup.ps1'
[4.784s] INFO:colcon.colcon_core.shell:Creating prefix script '/root/researchv2/install/local_setup.sh'
[4.784s] INFO:colcon.colcon_core.shell:Creating prefix util module '/root/researchv2/install/_local_setup_util_sh.py'
[4.785s] INFO:colcon.colcon_core.shell:Creating prefix chain script '/root/researchv2/install/setup.sh'
[4.787s] INFO:colcon.colcon_core.shell:Creating prefix script '/root/researchv2/install/local_setup.bash'
[4.787s] INFO:colcon.colcon_core.shell:Creating prefix chain script '/root/researchv2/install/setup.bash'
[4.790s] INFO:colcon.colcon_core.shell:Creating prefix script '/root/researchv2/install/local_setup.zsh'
[4.790s] INFO:colcon.colcon_core.shell:Creating prefix chain script '/root/researchv2/install/setup.zsh'
