[0.061s] Invoking command in '/root/researchv2/build/slam_toolbox': CMAKE_PREFIX_PATH=${CMAKE_PREFIX_PATH}:/root/researchv2/install/chaser_system:/opt/ros/foxy /usr/bin/cmake --build /root/researchv2/build/slam_toolbox -- -j12 -l12
[0.228s] [  1%] Built target slam_toolbox__cpp
[0.232s] [ 10%] Built target slam_toolbox__rosidl_generator_c
[0.259s] [ 12%] Built target kartoSlamToolbox
[0.308s] [ 21%] Built target slam_toolbox__rosidl_typesupport_cpp
[0.316s] [ 30%] Built target slam_toolbox__rosidl_typesupport_c
[0.323s] [ 39%] Built target slam_toolbox__rosidl_typesupport_introspection_c
[0.328s] [ 48%] Built target slam_toolbox__rosidl_typesupport_introspection_cpp
[0.332s] [ 57%] Built target slam_toolbox__rosidl_typesupport_fastrtps_cpp
[0.410s] [ 66%] Built target slam_toolbox__rosidl_typesupport_fastrtps_c
[0.450s] [ 66%] Built target slam_toolbox
[0.503s] [ 67%] Built target slam_toolbox__py
[0.552s] [ 69%] Built target ceres_solver_plugin
[0.573s] [ 71%] Built target SlamToolboxPlugin
[0.590s] [ 76%] Built target toolbox_common
[0.602s] [ 84%] Built target slam_toolbox__python
[0.694s] [ 86%] Built target slam_toolbox__rosidl_typesupport_fastrtps_c__pyext
[0.695s] [ 89%] Built target async_slam_toolbox
[0.696s] [ 90%] Built target lifelong_slam_toolbox
[0.696s] [ 90%] Built target localization_slam_toolbox
[0.701s] [ 91%] Built target slam_toolbox__rosidl_typesupport_introspection_c__pyext
[0.711s] [ 92%] Built target slam_toolbox__rosidl_typesupport_c__pyext
[0.724s] [ 94%] Built target sync_slam_toolbox
[0.734s] [ 95%] Built target merge_maps_kinematic
[0.809s] [ 96%] Built target lifelong_slam_toolbox_node
[0.811s] [ 97%] Built target async_slam_toolbox_node
[0.811s] [ 99%] Built target localization_slam_toolbox_node
[0.837s] [100%] Built target sync_slam_toolbox_node
[0.863s] Invoked command in '/root/researchv2/build/slam_toolbox' returned '0': CMAKE_PREFIX_PATH=${CMAKE_PREFIX_PATH}:/root/researchv2/install/chaser_system:/opt/ros/foxy /usr/bin/cmake --build /root/researchv2/build/slam_toolbox -- -j12 -l12
[1.383s] Invoking command in '/root/researchv2/build/slam_toolbox': CMAKE_PREFIX_PATH=${CMAKE_PREFIX_PATH}:/root/researchv2/install/chaser_system:/opt/ros/foxy /usr/bin/cmake --install /root/researchv2/build/slam_toolbox
[1.403s] -- Install configuration: "Release"
[1.403s] -- Up-to-date: /root/researchv2/install/slam_toolbox/share/ament_index/resource_index/rosidl_interfaces/slam_toolbox
[1.404s] -- Up-to-date: /root/researchv2/install/slam_toolbox/include/slam_toolbox
[1.404s] -- Up-to-date: /root/researchv2/install/slam_toolbox/include/slam_toolbox/srv
[1.404s] -- Up-to-date: /root/researchv2/install/slam_toolbox/include/slam_toolbox/srv/clear_queue.h
[1.404s] -- Up-to-date: /root/researchv2/install/slam_toolbox/include/slam_toolbox/srv/add_submap.h
[1.404s] -- Up-to-date: /root/researchv2/install/slam_toolbox/include/slam_toolbox/srv/toggle_interactive.h
[1.404s] -- Up-to-date: /root/researchv2/install/slam_toolbox/include/slam_toolbox/srv/pause.h
[1.405s] -- Up-to-date: /root/researchv2/install/slam_toolbox/include/slam_toolbox/srv/detail
[1.406s] -- Up-to-date: /root/researchv2/install/slam_toolbox/include/slam_toolbox/srv/detail/loop_closure__type_support.h
[1.406s] -- Up-to-date: /root/researchv2/install/slam_toolbox/include/slam_toolbox/srv/detail/merge_maps__struct.h
[1.406s] -- Up-to-date: /root/researchv2/install/slam_toolbox/include/slam_toolbox/srv/detail/clear__type_support.h
[1.407s] -- Up-to-date: /root/researchv2/install/slam_toolbox/include/slam_toolbox/srv/detail/save_map__type_support.h
[1.407s] -- Up-to-date: /root/researchv2/install/slam_toolbox/include/slam_toolbox/srv/detail/pause__functions.c
[1.407s] -- Up-to-date: /root/researchv2/install/slam_toolbox/include/slam_toolbox/srv/detail/add_submap__type_support.h
[1.408s] -- Up-to-date: /root/researchv2/install/slam_toolbox/include/slam_toolbox/srv/detail/clear__functions.h
[1.408s] -- Up-to-date: /root/researchv2/install/slam_toolbox/include/slam_toolbox/srv/detail/pause__functions.h
[1.409s] -- Up-to-date: /root/researchv2/install/slam_toolbox/include/slam_toolbox/srv/detail/add_submap__struct.h
[1.409s] -- Up-to-date: /root/researchv2/install/slam_toolbox/include/slam_toolbox/srv/detail/merge_maps__functions.c
[1.409s] -- Up-to-date: /root/researchv2/install/slam_toolbox/include/slam_toolbox/srv/detail/deserialize_pose_graph__type_support.h
[1.409s] -- Up-to-date: /root/researchv2/install/slam_toolbox/include/slam_toolbox/srv/detail/deserialize_pose_graph__struct.h
[1.410s] -- Up-to-date: /root/researchv2/install/slam_toolbox/include/slam_toolbox/srv/detail/loop_closure__functions.c
[1.410s] -- Up-to-date: /root/researchv2/install/slam_toolbox/include/slam_toolbox/srv/detail/toggle_interactive__functions.c
[1.410s] -- Up-to-date: /root/researchv2/install/slam_toolbox/include/slam_toolbox/srv/detail/toggle_interactive__type_support.h
[1.411s] -- Up-to-date: /root/researchv2/install/slam_toolbox/include/slam_toolbox/srv/detail/add_submap__functions.h
[1.411s] -- Up-to-date: /root/researchv2/install/slam_toolbox/include/slam_toolbox/srv/detail/merge_maps__type_support.h
[1.411s] -- Up-to-date: /root/researchv2/install/slam_toolbox/include/slam_toolbox/srv/detail/loop_closure__struct.h
[1.411s] -- Up-to-date: /root/researchv2/install/slam_toolbox/include/slam_toolbox/srv/detail/save_map__struct.h
[1.412s] -- Up-to-date: /root/researchv2/install/slam_toolbox/include/slam_toolbox/srv/detail/deserialize_pose_graph__functions.h
[1.412s] -- Up-to-date: /root/researchv2/install/slam_toolbox/include/slam_toolbox/srv/detail/toggle_interactive__struct.h
[1.412s] -- Up-to-date: /root/researchv2/install/slam_toolbox/include/slam_toolbox/srv/detail/deserialize_pose_graph__functions.c
[1.413s] -- Up-to-date: /root/researchv2/install/slam_toolbox/include/slam_toolbox/srv/detail/merge_maps__functions.h
[1.413s] -- Up-to-date: /root/researchv2/install/slam_toolbox/include/slam_toolbox/srv/detail/save_map__functions.h
[1.413s] -- Up-to-date: /root/researchv2/install/slam_toolbox/include/slam_toolbox/srv/detail/pause__struct.h
[1.414s] -- Up-to-date: /root/researchv2/install/slam_toolbox/include/slam_toolbox/srv/detail/clear_queue__functions.c
[1.414s] -- Up-to-date: /root/researchv2/install/slam_toolbox/include/slam_toolbox/srv/detail/clear_queue__functions.h
[1.414s] -- Up-to-date: /root/researchv2/install/slam_toolbox/include/slam_toolbox/srv/detail/clear__struct.h
[1.415s] -- Up-to-date: /root/researchv2/install/slam_toolbox/include/slam_toolbox/srv/detail/serialize_pose_graph__functions.h
[1.416s] -- Up-to-date: /root/researchv2/install/slam_toolbox/include/slam_toolbox/srv/detail/clear_queue__type_support.h
[1.419s] -- Up-to-date: /root/researchv2/install/slam_toolbox/include/slam_toolbox/srv/detail/clear_queue__struct.h
[1.420s] -- Up-to-date: /root/researchv2/install/slam_toolbox/include/slam_toolbox/srv/detail/serialize_pose_graph__struct.h
[1.420s] -- Up-to-date: /root/researchv2/install/slam_toolbox/include/slam_toolbox/srv/detail/clear__functions.c
[1.421s] -- Up-to-date: /root/researchv2/install/slam_toolbox/include/slam_toolbox/srv/detail/toggle_interactive__functions.h
[1.423s] -- Up-to-date: /root/researchv2/install/slam_toolbox/include/slam_toolbox/srv/detail/serialize_pose_graph__type_support.h
[1.423s] -- Up-to-date: /root/researchv2/install/slam_toolbox/include/slam_toolbox/srv/detail/pause__type_support.h
[1.424s] -- Up-to-date: /root/researchv2/install/slam_toolbox/include/slam_toolbox/srv/detail/serialize_pose_graph__functions.c
[1.424s] -- Up-to-date: /root/researchv2/install/slam_toolbox/include/slam_toolbox/srv/detail/add_submap__functions.c
[1.424s] -- Up-to-date: /root/researchv2/install/slam_toolbox/include/slam_toolbox/srv/detail/loop_closure__functions.h
[1.424s] -- Up-to-date: /root/researchv2/install/slam_toolbox/include/slam_toolbox/srv/detail/save_map__functions.c
[1.424s] -- Up-to-date: /root/researchv2/install/slam_toolbox/include/slam_toolbox/srv/merge_maps.h
[1.425s] -- Up-to-date: /root/researchv2/install/slam_toolbox/include/slam_toolbox/srv/loop_closure.h
[1.425s] -- Up-to-date: /root/researchv2/install/slam_toolbox/include/slam_toolbox/srv/clear.h
[1.425s] -- Up-to-date: /root/researchv2/install/slam_toolbox/include/slam_toolbox/srv/save_map.h
[1.425s] -- Up-to-date: /root/researchv2/install/slam_toolbox/include/slam_toolbox/srv/serialize_pose_graph.h
[1.426s] -- Up-to-date: /root/researchv2/install/slam_toolbox/include/slam_toolbox/srv/deserialize_pose_graph.h
[1.426s] -- Up-to-date: /root/researchv2/install/slam_toolbox/include/slam_toolbox/msg
[1.426s] -- Up-to-date: /root/researchv2/install/slam_toolbox/include/slam_toolbox/msg/rosidl_generator_c__visibility_control.h
[1.426s] -- Up-to-date: /root/researchv2/install/slam_toolbox/share/slam_toolbox/environment/library_path.sh
[1.427s] -- Up-to-date: /root/researchv2/install/slam_toolbox/share/slam_toolbox/environment/library_path.dsv
[1.427s] -- Up-to-date: /root/researchv2/install/slam_toolbox/lib/libslam_toolbox__rosidl_generator_c.so
[1.427s] -- Up-to-date: /root/researchv2/install/slam_toolbox/include/slam_toolbox
[1.427s] -- Up-to-date: /root/researchv2/install/slam_toolbox/include/slam_toolbox/srv
[1.428s] -- Up-to-date: /root/researchv2/install/slam_toolbox/include/slam_toolbox/srv/detail
[1.428s] -- Up-to-date: /root/researchv2/install/slam_toolbox/include/slam_toolbox/srv/detail/deserialize_pose_graph__rosidl_typesupport_fastrtps_c.h
[1.428s] -- Up-to-date: /root/researchv2/install/slam_toolbox/include/slam_toolbox/srv/detail/merge_maps__rosidl_typesupport_fastrtps_c.h
[1.428s] -- Up-to-date: /root/researchv2/install/slam_toolbox/include/slam_toolbox/srv/detail/add_submap__rosidl_typesupport_fastrtps_c.h
[1.428s] -- Up-to-date: /root/researchv2/install/slam_toolbox/include/slam_toolbox/srv/detail/clear_queue__rosidl_typesupport_fastrtps_c.h
[1.428s] -- Up-to-date: /root/researchv2/install/slam_toolbox/include/slam_toolbox/srv/detail/clear__rosidl_typesupport_fastrtps_c.h
[1.429s] -- Up-to-date: /root/researchv2/install/slam_toolbox/include/slam_toolbox/srv/detail/toggle_interactive__rosidl_typesupport_fastrtps_c.h
[1.429s] -- Up-to-date: /root/researchv2/install/slam_toolbox/include/slam_toolbox/srv/detail/serialize_pose_graph__rosidl_typesupport_fastrtps_c.h
[1.429s] -- Up-to-date: /root/researchv2/install/slam_toolbox/include/slam_toolbox/srv/detail/pause__rosidl_typesupport_fastrtps_c.h
[1.429s] -- Up-to-date: /root/researchv2/install/slam_toolbox/include/slam_toolbox/srv/detail/save_map__rosidl_typesupport_fastrtps_c.h
[1.430s] -- Up-to-date: /root/researchv2/install/slam_toolbox/include/slam_toolbox/srv/detail/loop_closure__rosidl_typesupport_fastrtps_c.h
[1.430s] -- Up-to-date: /root/researchv2/install/slam_toolbox/include/slam_toolbox/msg
[1.430s] -- Up-to-date: /root/researchv2/install/slam_toolbox/include/slam_toolbox/msg/rosidl_typesupport_fastrtps_c__visibility_control.h
[1.430s] -- Up-to-date: /root/researchv2/install/slam_toolbox/lib/libslam_toolbox__rosidl_typesupport_fastrtps_c.so
[1.430s] -- Up-to-date: /root/researchv2/install/slam_toolbox/include/slam_toolbox
[1.431s] -- Up-to-date: /root/researchv2/install/slam_toolbox/include/slam_toolbox/srv
[1.431s] -- Up-to-date: /root/researchv2/install/slam_toolbox/include/slam_toolbox/srv/detail
[1.432s] -- Up-to-date: /root/researchv2/install/slam_toolbox/include/slam_toolbox/srv/detail/clear__rosidl_typesupport_fastrtps_cpp.hpp
[1.432s] -- Up-to-date: /root/researchv2/install/slam_toolbox/include/slam_toolbox/srv/detail/loop_closure__rosidl_typesupport_fastrtps_cpp.hpp
[1.432s] -- Up-to-date: /root/researchv2/install/slam_toolbox/include/slam_toolbox/srv/detail/clear_queue__rosidl_typesupport_fastrtps_cpp.hpp
[1.432s] -- Up-to-date: /root/researchv2/install/slam_toolbox/include/slam_toolbox/srv/detail/serialize_pose_graph__rosidl_typesupport_fastrtps_cpp.hpp
[1.433s] -- Up-to-date: /root/researchv2/install/slam_toolbox/include/slam_toolbox/srv/detail/toggle_interactive__rosidl_typesupport_fastrtps_cpp.hpp
[1.433s] -- Up-to-date: /root/researchv2/install/slam_toolbox/include/slam_toolbox/srv/detail/deserialize_pose_graph__rosidl_typesupport_fastrtps_cpp.hpp
[1.433s] -- Up-to-date: /root/researchv2/install/slam_toolbox/include/slam_toolbox/srv/detail/add_submap__rosidl_typesupport_fastrtps_cpp.hpp
[1.433s] -- Up-to-date: /root/researchv2/install/slam_toolbox/include/slam_toolbox/srv/detail/merge_maps__rosidl_typesupport_fastrtps_cpp.hpp
[1.433s] -- Up-to-date: /root/researchv2/install/slam_toolbox/include/slam_toolbox/srv/detail/save_map__rosidl_typesupport_fastrtps_cpp.hpp
[1.434s] -- Up-to-date: /root/researchv2/install/slam_toolbox/include/slam_toolbox/srv/detail/dds_fastrtps
[1.434s] -- Up-to-date: /root/researchv2/install/slam_toolbox/include/slam_toolbox/srv/detail/pause__rosidl_typesupport_fastrtps_cpp.hpp
[1.434s] -- Up-to-date: /root/researchv2/install/slam_toolbox/include/slam_toolbox/msg
[1.434s] -- Up-to-date: /root/researchv2/install/slam_toolbox/include/slam_toolbox/msg/rosidl_typesupport_fastrtps_cpp__visibility_control.h
[1.434s] -- Up-to-date: /root/researchv2/install/slam_toolbox/lib/libslam_toolbox__rosidl_typesupport_fastrtps_cpp.so
[1.435s] -- Up-to-date: /root/researchv2/install/slam_toolbox/include/slam_toolbox
[1.435s] -- Up-to-date: /root/researchv2/install/slam_toolbox/include/slam_toolbox/srv
[1.435s] -- Up-to-date: /root/researchv2/install/slam_toolbox/include/slam_toolbox/srv/detail
[1.435s] -- Up-to-date: /root/researchv2/install/slam_toolbox/include/slam_toolbox/srv/detail/merge_maps__type_support.c
[1.435s] -- Up-to-date: /root/researchv2/install/slam_toolbox/include/slam_toolbox/srv/detail/loop_closure__type_support.c
[1.436s] -- Up-to-date: /root/researchv2/install/slam_toolbox/include/slam_toolbox/srv/detail/clear_queue__rosidl_typesupport_introspection_c.h
[1.436s] -- Up-to-date: /root/researchv2/install/slam_toolbox/include/slam_toolbox/srv/detail/add_submap__type_support.c
[1.436s] -- Up-to-date: /root/researchv2/install/slam_toolbox/include/slam_toolbox/srv/detail/serialize_pose_graph__type_support.c
[1.436s] -- Up-to-date: /root/researchv2/install/slam_toolbox/include/slam_toolbox/srv/detail/save_map__rosidl_typesupport_introspection_c.h
[1.437s] -- Up-to-date: /root/researchv2/install/slam_toolbox/include/slam_toolbox/srv/detail/deserialize_pose_graph__rosidl_typesupport_introspection_c.h
[1.437s] -- Up-to-date: /root/researchv2/install/slam_toolbox/include/slam_toolbox/srv/detail/loop_closure__rosidl_typesupport_introspection_c.h
[1.437s] -- Up-to-date: /root/researchv2/install/slam_toolbox/include/slam_toolbox/srv/detail/toggle_interactive__type_support.c
[1.437s] -- Up-to-date: /root/researchv2/install/slam_toolbox/include/slam_toolbox/srv/detail/add_submap__rosidl_typesupport_introspection_c.h
[1.437s] -- Up-to-date: /root/researchv2/install/slam_toolbox/include/slam_toolbox/srv/detail/pause__rosidl_typesupport_introspection_c.h
[1.438s] -- Up-to-date: /root/researchv2/install/slam_toolbox/include/slam_toolbox/srv/detail/save_map__type_support.c
[1.438s] -- Up-to-date: /root/researchv2/install/slam_toolbox/include/slam_toolbox/srv/detail/merge_maps__rosidl_typesupport_introspection_c.h
[1.438s] -- Up-to-date: /root/researchv2/install/slam_toolbox/include/slam_toolbox/srv/detail/serialize_pose_graph__rosidl_typesupport_introspection_c.h
[1.438s] -- Up-to-date: /root/researchv2/install/slam_toolbox/include/slam_toolbox/srv/detail/clear__type_support.c
[1.439s] -- Up-to-date: /root/researchv2/install/slam_toolbox/include/slam_toolbox/srv/detail/pause__type_support.c
[1.439s] -- Up-to-date: /root/researchv2/install/slam_toolbox/include/slam_toolbox/srv/detail/clear__rosidl_typesupport_introspection_c.h
[1.439s] -- Up-to-date: /root/researchv2/install/slam_toolbox/include/slam_toolbox/srv/detail/deserialize_pose_graph__type_support.c
[1.439s] -- Up-to-date: /root/researchv2/install/slam_toolbox/include/slam_toolbox/srv/detail/toggle_interactive__rosidl_typesupport_introspection_c.h
[1.440s] -- Up-to-date: /root/researchv2/install/slam_toolbox/include/slam_toolbox/srv/detail/clear_queue__type_support.c
[1.440s] -- Up-to-date: /root/researchv2/install/slam_toolbox/include/slam_toolbox/msg
[1.440s] -- Up-to-date: /root/researchv2/install/slam_toolbox/include/slam_toolbox/msg/rosidl_typesupport_introspection_c__visibility_control.h
[1.440s] -- Up-to-date: /root/researchv2/install/slam_toolbox/lib/libslam_toolbox__rosidl_typesupport_introspection_c.so
[1.440s] -- Up-to-date: /root/researchv2/install/slam_toolbox/lib/libslam_toolbox__rosidl_typesupport_c.so
[1.440s] -- Up-to-date: /root/researchv2/install/slam_toolbox/include/slam_toolbox
[1.441s] -- Up-to-date: /root/researchv2/install/slam_toolbox/include/slam_toolbox/srv
[1.441s] -- Up-to-date: /root/researchv2/install/slam_toolbox/include/slam_toolbox/srv/loop_closure.hpp
[1.441s] -- Up-to-date: /root/researchv2/install/slam_toolbox/include/slam_toolbox/srv/pause.hpp
[1.443s] -- Up-to-date: /root/researchv2/install/slam_toolbox/include/slam_toolbox/srv/clear.hpp
[1.443s] -- Up-to-date: /root/researchv2/install/slam_toolbox/include/slam_toolbox/srv/add_submap.hpp
[1.444s] -- Up-to-date: /root/researchv2/install/slam_toolbox/include/slam_toolbox/srv/clear_queue.hpp
[1.444s] -- Up-to-date: /root/researchv2/install/slam_toolbox/include/slam_toolbox/srv/serialize_pose_graph.hpp
[1.444s] -- Up-to-date: /root/researchv2/install/slam_toolbox/include/slam_toolbox/srv/detail
[1.444s] -- Up-to-date: /root/researchv2/install/slam_toolbox/include/slam_toolbox/srv/detail/loop_closure__struct.hpp
[1.444s] -- Up-to-date: /root/researchv2/install/slam_toolbox/include/slam_toolbox/srv/detail/serialize_pose_graph__struct.hpp
[1.445s] -- Up-to-date: /root/researchv2/install/slam_toolbox/include/slam_toolbox/srv/detail/add_submap__struct.hpp
[1.445s] -- Up-to-date: /root/researchv2/install/slam_toolbox/include/slam_toolbox/srv/detail/toggle_interactive__struct.hpp
[1.445s] -- Up-to-date: /root/researchv2/install/slam_toolbox/include/slam_toolbox/srv/detail/save_map__builder.hpp
[1.446s] -- Up-to-date: /root/researchv2/install/slam_toolbox/include/slam_toolbox/srv/detail/clear_queue__builder.hpp
[1.446s] -- Up-to-date: /root/researchv2/install/slam_toolbox/include/slam_toolbox/srv/detail/pause__traits.hpp
[1.446s] -- Up-to-date: /root/researchv2/install/slam_toolbox/include/slam_toolbox/srv/detail/deserialize_pose_graph__builder.hpp
[1.446s] -- Up-to-date: /root/researchv2/install/slam_toolbox/include/slam_toolbox/srv/detail/merge_maps__builder.hpp
[1.447s] -- Up-to-date: /root/researchv2/install/slam_toolbox/include/slam_toolbox/srv/detail/serialize_pose_graph__traits.hpp
[1.447s] -- Up-to-date: /root/researchv2/install/slam_toolbox/include/slam_toolbox/srv/detail/serialize_pose_graph__builder.hpp
[1.447s] -- Up-to-date: /root/researchv2/install/slam_toolbox/include/slam_toolbox/srv/detail/save_map__struct.hpp
[1.447s] -- Up-to-date: /root/researchv2/install/slam_toolbox/include/slam_toolbox/srv/detail/deserialize_pose_graph__traits.hpp
[1.448s] -- Up-to-date: /root/researchv2/install/slam_toolbox/include/slam_toolbox/srv/detail/clear__struct.hpp
[1.448s] -- Up-to-date: /root/researchv2/install/slam_toolbox/include/slam_toolbox/srv/detail/add_submap__traits.hpp
[1.448s] -- Up-to-date: /root/researchv2/install/slam_toolbox/include/slam_toolbox/srv/detail/loop_closure__traits.hpp
[1.448s] -- Up-to-date: /root/researchv2/install/slam_toolbox/include/slam_toolbox/srv/detail/add_submap__builder.hpp
[1.448s] -- Up-to-date: /root/researchv2/install/slam_toolbox/include/slam_toolbox/srv/detail/toggle_interactive__traits.hpp
[1.449s] -- Up-to-date: /root/researchv2/install/slam_toolbox/include/slam_toolbox/srv/detail/pause__struct.hpp
[1.449s] -- Up-to-date: /root/researchv2/install/slam_toolbox/include/slam_toolbox/srv/detail/clear_queue__struct.hpp
[1.449s] -- Up-to-date: /root/researchv2/install/slam_toolbox/include/slam_toolbox/srv/detail/save_map__traits.hpp
[1.450s] -- Up-to-date: /root/researchv2/install/slam_toolbox/include/slam_toolbox/srv/detail/clear__builder.hpp
[1.450s] -- Up-to-date: /root/researchv2/install/slam_toolbox/include/slam_toolbox/srv/detail/loop_closure__builder.hpp
[1.450s] -- Up-to-date: /root/researchv2/install/slam_toolbox/include/slam_toolbox/srv/detail/pause__builder.hpp
[1.450s] -- Up-to-date: /root/researchv2/install/slam_toolbox/include/slam_toolbox/srv/detail/merge_maps__struct.hpp
[1.451s] -- Up-to-date: /root/researchv2/install/slam_toolbox/include/slam_toolbox/srv/detail/toggle_interactive__builder.hpp
[1.451s] -- Up-to-date: /root/researchv2/install/slam_toolbox/include/slam_toolbox/srv/detail/clear__traits.hpp
[1.451s] -- Up-to-date: /root/researchv2/install/slam_toolbox/include/slam_toolbox/srv/detail/merge_maps__traits.hpp
[1.452s] -- Up-to-date: /root/researchv2/install/slam_toolbox/include/slam_toolbox/srv/detail/deserialize_pose_graph__struct.hpp
[1.452s] -- Up-to-date: /root/researchv2/install/slam_toolbox/include/slam_toolbox/srv/detail/clear_queue__traits.hpp
[1.452s] -- Up-to-date: /root/researchv2/install/slam_toolbox/include/slam_toolbox/srv/save_map.hpp
[1.452s] -- Up-to-date: /root/researchv2/install/slam_toolbox/include/slam_toolbox/srv/merge_maps.hpp
[1.452s] -- Up-to-date: /root/researchv2/install/slam_toolbox/include/slam_toolbox/srv/deserialize_pose_graph.hpp
[1.453s] -- Up-to-date: /root/researchv2/install/slam_toolbox/include/slam_toolbox/srv/toggle_interactive.hpp
[1.453s] -- Up-to-date: /root/researchv2/install/slam_toolbox/include/slam_toolbox
[1.453s] -- Up-to-date: /root/researchv2/install/slam_toolbox/include/slam_toolbox/srv
[1.453s] -- Up-to-date: /root/researchv2/install/slam_toolbox/include/slam_toolbox/srv/detail
[1.453s] -- Up-to-date: /root/researchv2/install/slam_toolbox/include/slam_toolbox/srv/detail/toggle_interactive__rosidl_typesupport_introspection_cpp.hpp
[1.454s] -- Up-to-date: /root/researchv2/install/slam_toolbox/include/slam_toolbox/srv/detail/serialize_pose_graph__type_support.cpp
[1.454s] -- Up-to-date: /root/researchv2/install/slam_toolbox/include/slam_toolbox/srv/detail/pause__type_support.cpp
[1.455s] -- Up-to-date: /root/researchv2/install/slam_toolbox/include/slam_toolbox/srv/detail/serialize_pose_graph__rosidl_typesupport_introspection_cpp.hpp
[1.466s] -- Up-to-date: /root/researchv2/install/slam_toolbox/include/slam_toolbox/srv/detail/save_map__type_support.cpp
[1.467s] -- Up-to-date: /root/researchv2/install/slam_toolbox/include/slam_toolbox/srv/detail/save_map__rosidl_typesupport_introspection_cpp.hpp
[1.467s] -- Up-to-date: /root/researchv2/install/slam_toolbox/include/slam_toolbox/srv/detail/add_submap__rosidl_typesupport_introspection_cpp.hpp
[1.467s] -- Up-to-date: /root/researchv2/install/slam_toolbox/include/slam_toolbox/srv/detail/add_submap__type_support.cpp
[1.468s] -- Up-to-date: /root/researchv2/install/slam_toolbox/include/slam_toolbox/srv/detail/pause__rosidl_typesupport_introspection_cpp.hpp
[1.468s] -- Up-to-date: /root/researchv2/install/slam_toolbox/include/slam_toolbox/srv/detail/clear__type_support.cpp
[1.468s] -- Up-to-date: /root/researchv2/install/slam_toolbox/include/slam_toolbox/srv/detail/clear_queue__type_support.cpp
[1.468s] -- Up-to-date: /root/researchv2/install/slam_toolbox/include/slam_toolbox/srv/detail/loop_closure__rosidl_typesupport_introspection_cpp.hpp
[1.468s] -- Up-to-date: /root/researchv2/install/slam_toolbox/include/slam_toolbox/srv/detail/clear__rosidl_typesupport_introspection_cpp.hpp
[1.468s] -- Up-to-date: /root/researchv2/install/slam_toolbox/include/slam_toolbox/srv/detail/clear_queue__rosidl_typesupport_introspection_cpp.hpp
[1.469s] -- Up-to-date: /root/researchv2/install/slam_toolbox/include/slam_toolbox/srv/detail/merge_maps__type_support.cpp
[1.469s] -- Up-to-date: /root/researchv2/install/slam_toolbox/include/slam_toolbox/srv/detail/toggle_interactive__type_support.cpp
[1.469s] -- Up-to-date: /root/researchv2/install/slam_toolbox/include/slam_toolbox/srv/detail/loop_closure__type_support.cpp
[1.470s] -- Up-to-date: /root/researchv2/install/slam_toolbox/include/slam_toolbox/srv/detail/deserialize_pose_graph__type_support.cpp
[1.470s] -- Up-to-date: /root/researchv2/install/slam_toolbox/include/slam_toolbox/srv/detail/merge_maps__rosidl_typesupport_introspection_cpp.hpp
[1.471s] -- Up-to-date: /root/researchv2/install/slam_toolbox/include/slam_toolbox/srv/detail/deserialize_pose_graph__rosidl_typesupport_introspection_cpp.hpp
[1.471s] -- Up-to-date: /root/researchv2/install/slam_toolbox/lib/libslam_toolbox__rosidl_typesupport_introspection_cpp.so
[1.471s] -- Up-to-date: /root/researchv2/install/slam_toolbox/lib/libslam_toolbox__rosidl_typesupport_cpp.so
[1.472s] -- Up-to-date: /root/researchv2/install/slam_toolbox/share/slam_toolbox/environment/pythonpath.sh
[1.472s] -- Up-to-date: /root/researchv2/install/slam_toolbox/share/slam_toolbox/environment/pythonpath.dsv
[1.472s] -- Up-to-date: /root/researchv2/install/slam_toolbox/lib/python3.8/site-packages/slam_toolbox/__init__.py
[1.494s] -- Up-to-date: /root/researchv2/install/slam_toolbox/lib/python3.8/site-packages/slam_toolbox/srv
[1.495s] -- Up-to-date: /root/researchv2/install/slam_toolbox/lib/python3.8/site-packages/slam_toolbox/srv/_save_map_s.c
[1.495s] -- Up-to-date: /root/researchv2/install/slam_toolbox/lib/python3.8/site-packages/slam_toolbox/srv/_clear.py
[1.496s] -- Up-to-date: /root/researchv2/install/slam_toolbox/lib/python3.8/site-packages/slam_toolbox/srv/_clear_queue_s.c
[1.497s] -- Up-to-date: /root/researchv2/install/slam_toolbox/lib/python3.8/site-packages/slam_toolbox/srv/_serialize_pose_graph_s.c
[1.497s] -- Up-to-date: /root/researchv2/install/slam_toolbox/lib/python3.8/site-packages/slam_toolbox/srv/_clear_s.c
[1.498s] -- Up-to-date: /root/researchv2/install/slam_toolbox/lib/python3.8/site-packages/slam_toolbox/srv/_serialize_pose_graph.py
[1.498s] -- Up-to-date: /root/researchv2/install/slam_toolbox/lib/python3.8/site-packages/slam_toolbox/srv/_toggle_interactive.py
[1.499s] -- Up-to-date: /root/researchv2/install/slam_toolbox/lib/python3.8/site-packages/slam_toolbox/srv/_merge_maps.py
[1.500s] -- Up-to-date: /root/researchv2/install/slam_toolbox/lib/python3.8/site-packages/slam_toolbox/srv/_add_submap_s.c
[1.500s] -- Up-to-date: /root/researchv2/install/slam_toolbox/lib/python3.8/site-packages/slam_toolbox/srv/_loop_closure_s.c
[1.500s] -- Up-to-date: /root/researchv2/install/slam_toolbox/lib/python3.8/site-packages/slam_toolbox/srv/_loop_closure.py
[1.501s] -- Up-to-date: /root/researchv2/install/slam_toolbox/lib/python3.8/site-packages/slam_toolbox/srv/_add_submap.py
[1.501s] -- Up-to-date: /root/researchv2/install/slam_toolbox/lib/python3.8/site-packages/slam_toolbox/srv/_deserialize_pose_graph_s.c
[1.502s] -- Up-to-date: /root/researchv2/install/slam_toolbox/lib/python3.8/site-packages/slam_toolbox/srv/_pause.py
[1.502s] -- Up-to-date: /root/researchv2/install/slam_toolbox/lib/python3.8/site-packages/slam_toolbox/srv/_pause_s.c
[1.503s] -- Up-to-date: /root/researchv2/install/slam_toolbox/lib/python3.8/site-packages/slam_toolbox/srv/_clear_queue.py
[1.504s] -- Up-to-date: /root/researchv2/install/slam_toolbox/lib/python3.8/site-packages/slam_toolbox/srv/_save_map.py
[1.504s] -- Up-to-date: /root/researchv2/install/slam_toolbox/lib/python3.8/site-packages/slam_toolbox/srv/_merge_maps_s.c
[1.504s] -- Up-to-date: /root/researchv2/install/slam_toolbox/lib/python3.8/site-packages/slam_toolbox/srv/_toggle_interactive_s.c
[1.505s] -- Up-to-date: /root/researchv2/install/slam_toolbox/lib/python3.8/site-packages/slam_toolbox/srv/_deserialize_pose_graph.py
[1.505s] -- Up-to-date: /root/researchv2/install/slam_toolbox/lib/python3.8/site-packages/slam_toolbox/srv/__init__.py
[1.506s] -- Up-to-date: /root/researchv2/install/slam_toolbox/lib/python3.8/site-packages/slam_toolbox/slam_toolbox_s__rosidl_typesupport_fastrtps_c.cpython-38-x86_64-linux-gnu.so
[1.510s] -- Up-to-date: /root/researchv2/install/slam_toolbox/lib/python3.8/site-packages/slam_toolbox/slam_toolbox_s__rosidl_typesupport_introspection_c.cpython-38-x86_64-linux-gnu.so
[1.510s] -- Up-to-date: /root/researchv2/install/slam_toolbox/lib/python3.8/site-packages/slam_toolbox/slam_toolbox_s__rosidl_typesupport_c.cpython-38-x86_64-linux-gnu.so
[1.511s] -- Up-to-date: /root/researchv2/install/slam_toolbox/lib/libslam_toolbox__python.so
[1.511s] -- Up-to-date: /root/researchv2/install/slam_toolbox/share/slam_toolbox/srv/Pause.idl
[1.511s] -- Up-to-date: /root/researchv2/install/slam_toolbox/share/slam_toolbox/srv/ClearQueue.idl
[1.512s] -- Up-to-date: /root/researchv2/install/slam_toolbox/share/slam_toolbox/srv/ToggleInteractive.idl
[1.512s] -- Up-to-date: /root/researchv2/install/slam_toolbox/share/slam_toolbox/srv/Clear.idl
[1.512s] -- Up-to-date: /root/researchv2/install/slam_toolbox/share/slam_toolbox/srv/SaveMap.idl
[1.513s] -- Up-to-date: /root/researchv2/install/slam_toolbox/share/slam_toolbox/srv/LoopClosure.idl
[1.513s] -- Up-to-date: /root/researchv2/install/slam_toolbox/share/slam_toolbox/srv/MergeMaps.idl
[1.514s] -- Up-to-date: /root/researchv2/install/slam_toolbox/share/slam_toolbox/srv/AddSubmap.idl
[1.514s] -- Up-to-date: /root/researchv2/install/slam_toolbox/share/slam_toolbox/srv/DeserializePoseGraph.idl
[1.520s] -- Up-to-date: /root/researchv2/install/slam_toolbox/share/slam_toolbox/srv/SerializePoseGraph.idl
[1.520s] -- Up-to-date: /root/researchv2/install/slam_toolbox/share/slam_toolbox/srvs/Pause.srv
[1.520s] -- Up-to-date: /root/researchv2/install/slam_toolbox/share/slam_toolbox/srvs/Pause_Request.msg
[1.521s] -- Up-to-date: /root/researchv2/install/slam_toolbox/share/slam_toolbox/srvs/Pause_Response.msg
[1.521s] -- Up-to-date: /root/researchv2/install/slam_toolbox/share/slam_toolbox/srvs/ClearQueue.srv
[1.521s] -- Up-to-date: /root/researchv2/install/slam_toolbox/share/slam_toolbox/srvs/ClearQueue_Request.msg
[1.521s] -- Up-to-date: /root/researchv2/install/slam_toolbox/share/slam_toolbox/srvs/ClearQueue_Response.msg
[1.522s] -- Up-to-date: /root/researchv2/install/slam_toolbox/share/slam_toolbox/srvs/ToggleInteractive.srv
[1.522s] -- Up-to-date: /root/researchv2/install/slam_toolbox/share/slam_toolbox/srvs/ToggleInteractive_Request.msg
[1.522s] -- Up-to-date: /root/researchv2/install/slam_toolbox/share/slam_toolbox/srvs/ToggleInteractive_Response.msg
[1.522s] -- Up-to-date: /root/researchv2/install/slam_toolbox/share/slam_toolbox/srvs/Clear.srv
[1.523s] -- Up-to-date: /root/researchv2/install/slam_toolbox/share/slam_toolbox/srvs/Clear_Request.msg
[1.523s] -- Up-to-date: /root/researchv2/install/slam_toolbox/share/slam_toolbox/srvs/Clear_Response.msg
[1.523s] -- Up-to-date: /root/researchv2/install/slam_toolbox/share/slam_toolbox/srvs/SaveMap.srv
[1.525s] -- Up-to-date: /root/researchv2/install/slam_toolbox/share/slam_toolbox/srvs/SaveMap_Request.msg
[1.526s] -- Up-to-date: /root/researchv2/install/slam_toolbox/share/slam_toolbox/srvs/SaveMap_Response.msg
[1.526s] -- Up-to-date: /root/researchv2/install/slam_toolbox/share/slam_toolbox/srvs/LoopClosure.srv
[1.527s] -- Up-to-date: /root/researchv2/install/slam_toolbox/share/slam_toolbox/srvs/LoopClosure_Request.msg
[1.527s] -- Up-to-date: /root/researchv2/install/slam_toolbox/share/slam_toolbox/srvs/LoopClosure_Response.msg
[1.528s] -- Up-to-date: /root/researchv2/install/slam_toolbox/share/slam_toolbox/srvs/MergeMaps.srv
[1.528s] -- Up-to-date: /root/researchv2/install/slam_toolbox/share/slam_toolbox/srvs/MergeMaps_Request.msg
[1.529s] -- Up-to-date: /root/researchv2/install/slam_toolbox/share/slam_toolbox/srvs/MergeMaps_Response.msg
[1.529s] -- Up-to-date: /root/researchv2/install/slam_toolbox/share/slam_toolbox/srvs/AddSubmap.srv
[1.531s] -- Up-to-date: /root/researchv2/install/slam_toolbox/share/slam_toolbox/srvs/AddSubmap_Request.msg
[1.532s] -- Up-to-date: /root/researchv2/install/slam_toolbox/share/slam_toolbox/srvs/AddSubmap_Response.msg
[1.533s] -- Up-to-date: /root/researchv2/install/slam_toolbox/share/slam_toolbox/srvs/DeserializePoseGraph.srv
[1.534s] -- Up-to-date: /root/researchv2/install/slam_toolbox/share/slam_toolbox/srvs/DeserializePoseGraph_Request.msg
[1.534s] -- Up-to-date: /root/researchv2/install/slam_toolbox/share/slam_toolbox/srvs/DeserializePoseGraph_Response.msg
[1.534s] -- Up-to-date: /root/researchv2/install/slam_toolbox/share/slam_toolbox/srvs/SerializePoseGraph.srv
[1.534s] -- Up-to-date: /root/researchv2/install/slam_toolbox/share/slam_toolbox/srvs/SerializePoseGraph_Request.msg
[1.535s] -- Up-to-date: /root/researchv2/install/slam_toolbox/share/slam_toolbox/srvs/SerializePoseGraph_Response.msg
[1.535s] -- Up-to-date: /root/researchv2/install/slam_toolbox/share/slam_toolbox/rviz_plugins.xml
[1.535s] -- Up-to-date: /root/researchv2/install/slam_toolbox/share/slam_toolbox/solver_plugins.xml
[1.535s] -- Up-to-date: /root/researchv2/install/slam_toolbox/lib/slam_toolbox/async_slam_toolbox_node
[1.536s] -- Up-to-date: /root/researchv2/install/slam_toolbox/lib/slam_toolbox/sync_slam_toolbox_node
[1.537s] -- Up-to-date: /root/researchv2/install/slam_toolbox/lib/slam_toolbox/localization_slam_toolbox_node
[1.537s] -- Up-to-date: /root/researchv2/install/slam_toolbox/lib/slam_toolbox/lifelong_slam_toolbox_node
[1.537s] -- Up-to-date: /root/researchv2/install/slam_toolbox/lib/slam_toolbox/merge_maps_kinematic
[1.538s] -- Up-to-date: /root/researchv2/install/slam_toolbox/lib/libtoolbox_common.so
[1.538s] -- Up-to-date: /root/researchv2/install/slam_toolbox/lib/libSlamToolboxPlugin.so
[1.538s] -- Up-to-date: /root/researchv2/install/slam_toolbox/lib/libceres_solver_plugin.so
[1.538s] -- Up-to-date: /root/researchv2/install/slam_toolbox/lib/libasync_slam_toolbox.so
[1.539s] -- Up-to-date: /root/researchv2/install/slam_toolbox/lib/libsync_slam_toolbox.so
[1.539s] -- Up-to-date: /root/researchv2/install/slam_toolbox/lib/liblocalization_slam_toolbox.so
[1.539s] -- Up-to-date: /root/researchv2/install/slam_toolbox/lib/liblifelong_slam_toolbox.so
[1.539s] -- Up-to-date: /root/researchv2/install/slam_toolbox/lib/libSlamToolboxPlugin.so
[1.539s] -- Up-to-date: /root/researchv2/install/slam_toolbox/include
[1.540s] -- Up-to-date: /root/researchv2/install/slam_toolbox/include/slam_toolbox
[1.540s] -- Up-to-date: /root/researchv2/install/slam_toolbox/include/slam_toolbox/laser_utils.hpp
[1.540s] -- Up-to-date: /root/researchv2/install/slam_toolbox/include/slam_toolbox/snap_utils.hpp
[1.540s] -- Up-to-date: /root/researchv2/install/slam_toolbox/include/slam_toolbox/slam_toolbox_localization.hpp
[1.540s] -- Up-to-date: /root/researchv2/install/slam_toolbox/include/slam_toolbox/slam_toolbox_common.hpp
[1.541s] -- Up-to-date: /root/researchv2/install/slam_toolbox/include/slam_toolbox/toolbox_msgs.hpp
[1.541s] -- Up-to-date: /root/researchv2/install/slam_toolbox/include/slam_toolbox/visualization_utils.hpp
[1.541s] -- Up-to-date: /root/researchv2/install/slam_toolbox/include/slam_toolbox/toolbox_types.hpp
[1.542s] -- Up-to-date: /root/researchv2/install/slam_toolbox/include/slam_toolbox/loop_closure_assistant.hpp
[1.542s] -- Up-to-date: /root/researchv2/install/slam_toolbox/include/slam_toolbox/experimental
[1.542s] -- Up-to-date: /root/researchv2/install/slam_toolbox/include/slam_toolbox/experimental/slam_toolbox_lifelong.hpp
[1.542s] -- Up-to-date: /root/researchv2/install/slam_toolbox/include/slam_toolbox/map_saver.hpp
[1.542s] -- Up-to-date: /root/researchv2/install/slam_toolbox/include/slam_toolbox/slam_toolbox_sync.hpp
[1.543s] -- Up-to-date: /root/researchv2/install/slam_toolbox/include/slam_toolbox/merge_maps_kinematic.hpp
[1.543s] -- Up-to-date: /root/researchv2/install/slam_toolbox/include/slam_toolbox/slam_mapper.hpp
[1.543s] -- Up-to-date: /root/researchv2/install/slam_toolbox/include/slam_toolbox/serialization.hpp
[1.544s] -- Up-to-date: /root/researchv2/install/slam_toolbox/include/slam_toolbox/slam_toolbox_async.hpp
[1.544s] -- Up-to-date: /root/researchv2/install/slam_toolbox/include/slam_toolbox/get_pose_helper.hpp
[1.545s] -- Up-to-date: /root/researchv2/install/slam_toolbox/share/slam_toolbox/launch
[1.545s] -- Up-to-date: /root/researchv2/install/slam_toolbox/share/slam_toolbox/launch/online_sync_launch.py
[1.546s] -- Up-to-date: /root/researchv2/install/slam_toolbox/share/slam_toolbox/launch/localization_launch.py
[1.548s] -- Up-to-date: /root/researchv2/install/slam_toolbox/share/slam_toolbox/launch/online_async_launch.py
[1.549s] -- Up-to-date: /root/researchv2/install/slam_toolbox/share/slam_toolbox/launch/offline_launch.py
[1.549s] -- Up-to-date: /root/researchv2/install/slam_toolbox/share/slam_toolbox/launch/merge_maps_kinematic_launch.py
[1.550s] -- Up-to-date: /root/researchv2/install/slam_toolbox/share/slam_toolbox/launch/lifelong_launch.py
[1.551s] -- Up-to-date: /root/researchv2/install/slam_toolbox/share/slam_toolbox/config
[1.552s] -- Up-to-date: /root/researchv2/install/slam_toolbox/share/slam_toolbox/config/mapper_params_offline.yaml
[1.553s] -- Up-to-date: /root/researchv2/install/slam_toolbox/share/slam_toolbox/config/mapper_params_online_async.yaml
[1.557s] -- Up-to-date: /root/researchv2/install/slam_toolbox/share/slam_toolbox/config/mapper_params_online_sync.yaml
[1.558s] -- Up-to-date: /root/researchv2/install/slam_toolbox/share/slam_toolbox/config/mapper_params_lifelong.yaml
[1.559s] -- Up-to-date: /root/researchv2/install/slam_toolbox/share/slam_toolbox/config/mapper_params_localization.yaml
[1.566s] -- Up-to-date: /root/researchv2/install/slam_toolbox/share/solver_plugins.xml
[1.566s] -- Up-to-date: /root/researchv2/install/slam_toolbox/share/rviz_plugins.xml
[1.566s] -- Up-to-date: /root/researchv2/install/slam_toolbox/share/ament_index/resource_index/package_run_dependencies/slam_toolbox
[1.566s] -- Up-to-date: /root/researchv2/install/slam_toolbox/share/ament_index/resource_index/parent_prefix_path/slam_toolbox
[1.567s] -- Up-to-date: /root/researchv2/install/slam_toolbox/share/slam_toolbox/environment/ament_prefix_path.sh
[1.567s] -- Up-to-date: /root/researchv2/install/slam_toolbox/share/slam_toolbox/environment/ament_prefix_path.dsv
[1.567s] -- Up-to-date: /root/researchv2/install/slam_toolbox/share/slam_toolbox/environment/path.sh
[1.567s] -- Up-to-date: /root/researchv2/install/slam_toolbox/share/slam_toolbox/environment/path.dsv
[1.567s] -- Up-to-date: /root/researchv2/install/slam_toolbox/share/slam_toolbox/local_setup.bash
[1.568s] -- Up-to-date: /root/researchv2/install/slam_toolbox/share/slam_toolbox/local_setup.sh
[1.569s] -- Up-to-date: /root/researchv2/install/slam_toolbox/share/slam_toolbox/local_setup.zsh
[1.569s] -- Up-to-date: /root/researchv2/install/slam_toolbox/share/slam_toolbox/local_setup.dsv
[1.570s] -- Installing: /root/researchv2/install/slam_toolbox/share/slam_toolbox/package.dsv
[1.570s] -- Up-to-date: /root/researchv2/install/slam_toolbox/share/ament_index/resource_index/packages/slam_toolbox
[1.570s] -- Up-to-date: /root/researchv2/install/slam_toolbox/share/ament_index/resource_index/rviz_common__pluginlib__plugin/slam_toolbox
[1.571s] -- Up-to-date: /root/researchv2/install/slam_toolbox/share/ament_index/resource_index/slam_toolbox__pluginlib__plugin/slam_toolbox
[1.571s] -- Up-to-date: /root/researchv2/install/slam_toolbox/share/slam_toolbox/cmake/slam_toolbox__rosidl_generator_cExport.cmake
[1.571s] -- Up-to-date: /root/researchv2/install/slam_toolbox/share/slam_toolbox/cmake/slam_toolbox__rosidl_generator_cExport-release.cmake
[1.572s] -- Up-to-date: /root/researchv2/install/slam_toolbox/share/slam_toolbox/cmake/slam_toolbox__rosidl_typesupport_introspection_cExport.cmake
[1.572s] -- Up-to-date: /root/researchv2/install/slam_toolbox/share/slam_toolbox/cmake/slam_toolbox__rosidl_typesupport_introspection_cExport-release.cmake
[1.572s] -- Up-to-date: /root/researchv2/install/slam_toolbox/share/slam_toolbox/cmake/slam_toolbox__rosidl_typesupport_cExport.cmake
[1.572s] -- Up-to-date: /root/researchv2/install/slam_toolbox/share/slam_toolbox/cmake/slam_toolbox__rosidl_typesupport_cExport-release.cmake
[1.572s] -- Up-to-date: /root/researchv2/install/slam_toolbox/share/slam_toolbox/cmake/slam_toolbox__rosidl_generator_cppExport.cmake
[1.573s] -- Up-to-date: /root/researchv2/install/slam_toolbox/share/slam_toolbox/cmake/slam_toolbox__rosidl_typesupport_introspection_cppExport.cmake
[1.573s] -- Up-to-date: /root/researchv2/install/slam_toolbox/share/slam_toolbox/cmake/slam_toolbox__rosidl_typesupport_introspection_cppExport-release.cmake
[1.573s] -- Up-to-date: /root/researchv2/install/slam_toolbox/share/slam_toolbox/cmake/slam_toolbox__rosidl_typesupport_cppExport.cmake
[1.573s] -- Up-to-date: /root/researchv2/install/slam_toolbox/share/slam_toolbox/cmake/slam_toolbox__rosidl_typesupport_cppExport-release.cmake
[1.573s] -- Up-to-date: /root/researchv2/install/slam_toolbox/share/slam_toolbox/cmake/SlamToolboxPluginExport.cmake
[1.573s] -- Up-to-date: /root/researchv2/install/slam_toolbox/share/slam_toolbox/cmake/SlamToolboxPluginExport-release.cmake
[1.574s] -- Up-to-date: /root/researchv2/install/slam_toolbox/share/slam_toolbox/cmake/rosidl_cmake-extras.cmake
[1.574s] -- Up-to-date: /root/researchv2/install/slam_toolbox/share/slam_toolbox/cmake/ament_cmake_export_dependencies-extras.cmake
[1.574s] -- Up-to-date: /root/researchv2/install/slam_toolbox/share/slam_toolbox/cmake/ament_cmake_export_libraries-extras.cmake
[1.574s] -- Up-to-date: /root/researchv2/install/slam_toolbox/share/slam_toolbox/cmake/ament_cmake_export_targets-extras.cmake
[1.574s] -- Up-to-date: /root/researchv2/install/slam_toolbox/share/slam_toolbox/cmake/ament_cmake_export_include_directories-extras.cmake
[1.574s] -- Up-to-date: /root/researchv2/install/slam_toolbox/share/slam_toolbox/cmake/rosidl_cmake_export_typesupport_libraries-extras.cmake
[1.575s] -- Up-to-date: /root/researchv2/install/slam_toolbox/share/slam_toolbox/cmake/rosidl_cmake_export_typesupport_targets-extras.cmake
[1.575s] -- Up-to-date: /root/researchv2/install/slam_toolbox/share/slam_toolbox/cmake/slam_toolboxConfig.cmake
[1.575s] -- Up-to-date: /root/researchv2/install/slam_toolbox/share/slam_toolbox/cmake/slam_toolboxConfig-version.cmake
[1.575s] -- Up-to-date: /root/researchv2/install/slam_toolbox/share/slam_toolbox/package.xml
[1.575s] -- Up-to-date: /root/researchv2/install/slam_toolbox/include/
[1.576s] -- Up-to-date: /root/researchv2/install/slam_toolbox/include//karto_sdk
[1.576s] -- Up-to-date: /root/researchv2/install/slam_toolbox/include//karto_sdk/Karto.h
[1.576s] -- Up-to-date: /root/researchv2/install/slam_toolbox/include//karto_sdk/Math.h
[1.576s] -- Up-to-date: /root/researchv2/install/slam_toolbox/include//karto_sdk/nanoflann_adaptors.h
[1.576s] -- Up-to-date: /root/researchv2/install/slam_toolbox/include//karto_sdk/Mapper.h
[1.576s] -- Up-to-date: /root/researchv2/install/slam_toolbox/include//karto_sdk/Types.h
[1.576s] -- Up-to-date: /root/researchv2/install/slam_toolbox/include//karto_sdk/nanoflann.hpp
[1.577s] -- Up-to-date: /root/researchv2/install/slam_toolbox/include//karto_sdk/Macros.h
[1.577s] -- Up-to-date: /root/researchv2/install/slam_toolbox/lib/libkartoSlamToolbox.so
[1.577s] -- Up-to-date: /root/researchv2/install/slam_toolbox/share/karto_sdk/environment/library_path.sh
[1.577s] -- Up-to-date: /root/researchv2/install/slam_toolbox/share/karto_sdk/environment/library_path.dsv
[1.577s] -- Up-to-date: /root/researchv2/install/slam_toolbox/share/ament_index/resource_index/package_run_dependencies/karto_sdk
[1.577s] -- Up-to-date: /root/researchv2/install/slam_toolbox/share/ament_index/resource_index/parent_prefix_path/karto_sdk
[1.577s] -- Up-to-date: /root/researchv2/install/slam_toolbox/share/karto_sdk/environment/ament_prefix_path.sh
[1.578s] -- Up-to-date: /root/researchv2/install/slam_toolbox/share/karto_sdk/environment/ament_prefix_path.dsv
[1.578s] -- Up-to-date: /root/researchv2/install/slam_toolbox/share/karto_sdk/environment/path.sh
[1.578s] -- Up-to-date: /root/researchv2/install/slam_toolbox/share/karto_sdk/environment/path.dsv
[1.578s] -- Up-to-date: /root/researchv2/install/slam_toolbox/share/karto_sdk/local_setup.bash
[1.578s] -- Up-to-date: /root/researchv2/install/slam_toolbox/share/karto_sdk/local_setup.sh
[1.579s] -- Up-to-date: /root/researchv2/install/slam_toolbox/share/karto_sdk/local_setup.zsh
[1.579s] -- Up-to-date: /root/researchv2/install/slam_toolbox/share/karto_sdk/local_setup.dsv
[1.579s] -- Up-to-date: /root/researchv2/install/slam_toolbox/share/karto_sdk/package.dsv
[1.579s] -- Up-to-date: /root/researchv2/install/slam_toolbox/share/ament_index/resource_index/packages/karto_sdk
[1.579s] -- Up-to-date: /root/researchv2/install/slam_toolbox/share/karto_sdk/cmake/ament_cmake_export_libraries-extras.cmake
[1.579s] -- Up-to-date: /root/researchv2/install/slam_toolbox/share/karto_sdk/cmake/ament_cmake_export_include_directories-extras.cmake
[1.580s] -- Up-to-date: /root/researchv2/install/slam_toolbox/share/karto_sdk/cmake/ament_cmake_export_dependencies-extras.cmake
[1.580s] -- Up-to-date: /root/researchv2/install/slam_toolbox/share/karto_sdk/cmake/karto_sdkConfig.cmake
[1.580s] -- Up-to-date: /root/researchv2/install/slam_toolbox/share/karto_sdk/cmake/karto_sdkConfig-version.cmake
[1.580s] -- Up-to-date: /root/researchv2/install/slam_toolbox/share/karto_sdk/package.xml
[1.582s] Invoked command in '/root/researchv2/build/slam_toolbox' returned '0': CMAKE_PREFIX_PATH=${CMAKE_PREFIX_PATH}:/root/researchv2/install/chaser_system:/opt/ros/foxy /usr/bin/cmake --install /root/researchv2/build/slam_toolbox
