[0.106s] Invoking command in '/root/researchv2/build/turtlebot3_fake_node': CMAKE_PREFIX_PATH=${CMAKE_PREFIX_PATH}:/root/researchv2/install/chaser_system:/opt/ros/foxy /usr/bin/cmake --build /root/researchv2/build/turtlebot3_fake_node -- -j12 -l12
[0.316s] [100%] Built target turtlebot3_fake_node
[0.456s] Invoked command in '/root/researchv2/build/turtlebot3_fake_node' returned '0': CMAKE_PREFIX_PATH=${CMAKE_PREFIX_PATH}:/root/researchv2/install/chaser_system:/opt/ros/foxy /usr/bin/cmake --build /root/researchv2/build/turtlebot3_fake_node -- -j12 -l12
[0.595s] Invoking command in '/root/researchv2/build/turtlebot3_fake_node': CMAKE_PREFIX_PATH=${CMAKE_PREFIX_PATH}:/root/researchv2/install/chaser_system:/opt/ros/foxy /usr/bin/cmake --install /root/researchv2/build/turtlebot3_fake_node
[0.620s] -- Install configuration: ""
[0.620s] -- Execute custom install script
[0.621s] -- Up-to-date symlink: /root/researchv2/install/turtlebot3_fake_node/lib/turtlebot3_fake_node/turtlebot3_fake_node
[0.622s] -- Up-to-date symlink: /root/researchv2/install/turtlebot3_fake_node/share/turtlebot3_fake_node/launch/rviz2.launch.py
[0.622s] -- Up-to-date symlink: /root/researchv2/install/turtlebot3_fake_node/share/turtlebot3_fake_node/launch/turtlebot3_fake_node.launch.py
[0.623s] -- Up-to-date symlink: /root/researchv2/install/turtlebot3_fake_node/share/turtlebot3_fake_node/param/burger.yaml
[0.624s] -- Up-to-date symlink: /root/researchv2/install/turtlebot3_fake_node/share/turtlebot3_fake_node/param/waffle.yaml
[0.624s] -- Up-to-date symlink: /root/researchv2/install/turtlebot3_fake_node/share/turtlebot3_fake_node/param/waffle_pi.yaml
[0.624s] -- Up-to-date symlink: /root/researchv2/install/turtlebot3_fake_node/share/turtlebot3_fake_node/rviz/model.rviz
[0.626s] -- Up-to-date symlink: /root/researchv2/install/turtlebot3_fake_node/include//turtlebot3_fake_node/turtlebot3_fake_node.hpp
[0.626s] -- Up-to-date symlink: /root/researchv2/install/turtlebot3_fake_node/share/ament_index/resource_index/package_run_dependencies/turtlebot3_fake_node
[0.627s] -- Up-to-date symlink: /root/researchv2/install/turtlebot3_fake_node/share/ament_index/resource_index/parent_prefix_path/turtlebot3_fake_node
[0.628s] -- Up-to-date symlink: /root/researchv2/install/turtlebot3_fake_node/share/turtlebot3_fake_node/environment/ament_prefix_path.sh
[0.629s] -- Up-to-date symlink: /root/researchv2/install/turtlebot3_fake_node/share/turtlebot3_fake_node/environment/ament_prefix_path.dsv
[0.631s] -- Up-to-date symlink: /root/researchv2/install/turtlebot3_fake_node/share/turtlebot3_fake_node/environment/path.sh
[0.631s] -- Up-to-date symlink: /root/researchv2/install/turtlebot3_fake_node/share/turtlebot3_fake_node/environment/path.dsv
[0.632s] -- Up-to-date symlink: /root/researchv2/install/turtlebot3_fake_node/share/turtlebot3_fake_node/local_setup.bash
[0.633s] -- Up-to-date symlink: /root/researchv2/install/turtlebot3_fake_node/share/turtlebot3_fake_node/local_setup.sh
[0.634s] -- Up-to-date symlink: /root/researchv2/install/turtlebot3_fake_node/share/turtlebot3_fake_node/local_setup.zsh
[0.634s] -- Up-to-date symlink: /root/researchv2/install/turtlebot3_fake_node/share/turtlebot3_fake_node/local_setup.dsv
[0.635s] -- Symlinking: /root/researchv2/install/turtlebot3_fake_node/share/turtlebot3_fake_node/package.dsv
[0.655s] -- Up-to-date symlink: /root/researchv2/install/turtlebot3_fake_node/share/ament_index/resource_index/packages/turtlebot3_fake_node
[0.656s] -- Up-to-date symlink: /root/researchv2/install/turtlebot3_fake_node/share/turtlebot3_fake_node/cmake/ament_cmake_export_include_directories-extras.cmake
[0.656s] -- Up-to-date symlink: /root/researchv2/install/turtlebot3_fake_node/share/turtlebot3_fake_node/cmake/ament_cmake_export_dependencies-extras.cmake
[0.657s] -- Up-to-date symlink: /root/researchv2/install/turtlebot3_fake_node/share/turtlebot3_fake_node/cmake/turtlebot3_fake_nodeConfig.cmake
[0.659s] -- Up-to-date symlink: /root/researchv2/install/turtlebot3_fake_node/share/turtlebot3_fake_node/cmake/turtlebot3_fake_nodeConfig-version.cmake
[0.666s] -- Up-to-date symlink: /root/researchv2/install/turtlebot3_fake_node/share/turtlebot3_fake_node/package.xml
[0.692s] Invoked command in '/root/researchv2/build/turtlebot3_fake_node' returned '0': CMAKE_PREFIX_PATH=${CMAKE_PREFIX_PATH}:/root/researchv2/install/chaser_system:/opt/ros/foxy /usr/bin/cmake --install /root/researchv2/build/turtlebot3_fake_node
