[0.119s] Invoking command in '/root/researchv2/build/mymsg': CMAKE_PREFIX_PATH=${CMAKE_PREFIX_PATH}:/root/researchv2/install/chaser_system:/opt/ros/foxy /usr/bin/cmake /root/researchv2/src/mymsg -DCMAKE_INSTALL_PREFIX=/root/researchv2/install/mymsg
[0.190s] -- Found ament_cmake: 0.9.11 (/opt/ros/foxy/share/ament_cmake/cmake)
[0.285s] -- Found PythonInterp: /usr/bin/python3 (found suitable version "3.8.10", minimum required is "3") 
[0.285s] -- Using PYTHON_EXECUTABLE: /usr/bin/python3
[0.739s] -- Override CMake install command with custom implementation using symlinks instead of copying resources
[0.779s] -- Found geometry_msgs: 2.0.5 (/opt/ros/foxy/share/geometry_msgs/cmake)
[0.912s] -- Using all available rosidl_typesupport_c: rosidl_typesupport_fastrtps_c;rosidl_typesupport_introspection_c
[0.924s] -- Found rosidl_adapter: 1.3.0 (/opt/ros/foxy/share/rosidl_adapter/cmake)
[1.288s] -- Using all available rosidl_typesupport_cpp: rosidl_typesupport_fastrtps_cpp;rosidl_typesupport_introspection_cpp
[1.513s] -- Found rosidl_default_generators: 1.0.1 (/opt/ros/foxy/share/rosidl_default_generators/cmake)
[1.556s] -- Found sensor_msgs: 2.0.5 (/opt/ros/foxy/share/sensor_msgs/cmake)
[1.741s] -- Found visualization_msgs: 2.0.5 (/opt/ros/foxy/share/visualization_msgs/cmake)
[1.907s] -- Found nav_msgs: 2.0.5 (/opt/ros/foxy/share/nav_msgs/cmake)
[2.167s] -- Found PythonInterp: /usr/bin/python3 (found version "3.8.10") 
[2.783s] -- Found ament_cmake_ros: 0.9.2 (/opt/ros/foxy/share/ament_cmake_ros/cmake)
[3.646s] -- Using all available rosidl_typesupport_c: rosidl_typesupport_fastrtps_c;rosidl_typesupport_introspection_c
[4.083s] -- Using all available rosidl_typesupport_cpp: rosidl_typesupport_fastrtps_cpp;rosidl_typesupport_introspection_cpp
[4.162s] -- Found PythonInterp: /usr/bin/python3 (found suitable version "3.8.10", minimum required is "3.5") 
[4.162s] -- Found python_cmake_module: 0.8.1 (/opt/ros/foxy/share/python_cmake_module/cmake)
[4.228s] -- Using PYTHON_EXECUTABLE: /usr/bin/python3
[4.228s] -- Using PYTHON_INCLUDE_DIRS: /usr/include/python3.8
[4.228s] -- Using PYTHON_LIBRARIES: /usr/lib/x86_64-linux-gnu/libpython3.8.so
[4.455s] -- Found ament_lint_auto: 0.9.7 (/opt/ros/foxy/share/ament_lint_auto/cmake)
[4.490s] -- Added test 'copyright' to check source files copyright and LICENSE
[4.495s] -- Added test 'flake8' to check Python code syntax and style conventions
[4.496s] -- Added test 'lint_cmake' to check CMake code style
[4.497s] -- Added test 'pep257' to check Python code against some of the style conventions in PEP 257
[4.499s] -- Added test 'xmllint' to check XML markup files
[4.519s] -- Configuring done
[4.786s] -- Generating done
[4.795s] -- Build files have been written to: /root/researchv2/build/mymsg
[4.816s] Invoked command in '/root/researchv2/build/mymsg' returned '0': CMAKE_PREFIX_PATH=${CMAKE_PREFIX_PATH}:/root/researchv2/install/chaser_system:/opt/ros/foxy /usr/bin/cmake /root/researchv2/src/mymsg -DCMAKE_INSTALL_PREFIX=/root/researchv2/install/mymsg
[4.820s] Invoking command in '/root/researchv2/build/mymsg': CMAKE_PREFIX_PATH=${CMAKE_PREFIX_PATH}:/root/researchv2/install/chaser_system:/opt/ros/foxy /usr/bin/cmake --build /root/researchv2/build/mymsg -- -j12 -l12
[4.933s] [  1%] Built target mymsg__cpp
[4.945s] [ 12%] Built target mymsg__rosidl_generator_c
[4.995s] [ 23%] Built target mymsg__rosidl_typesupport_introspection_cpp
[4.997s] [ 35%] Built target mymsg__rosidl_typesupport_cpp
[5.006s] [ 46%] Built target mymsg__rosidl_typesupport_c
[5.008s] [ 57%] Built target mymsg__rosidl_typesupport_fastrtps_cpp
[5.014s] [ 69%] Built target mymsg__rosidl_typesupport_introspection_c
[5.089s] [ 80%] Built target mymsg__rosidl_typesupport_fastrtps_c
[5.131s] [ 80%] Built target mymsg
[5.172s] [ 81%] Built target mymsg__py
[5.244s] [ 91%] Built target mymsg__python
[5.312s] [ 94%] Built target mymsg__rosidl_typesupport_fastrtps_c__pyext
[5.313s] [ 97%] Built target mymsg__rosidl_typesupport_introspection_c__pyext
[5.341s] [100%] Built target mymsg__rosidl_typesupport_c__pyext
[5.367s] Invoked command in '/root/researchv2/build/mymsg' returned '0': CMAKE_PREFIX_PATH=${CMAKE_PREFIX_PATH}:/root/researchv2/install/chaser_system:/opt/ros/foxy /usr/bin/cmake --build /root/researchv2/build/mymsg -- -j12 -l12
[5.668s] Invoking command in '/root/researchv2/build/mymsg': CMAKE_PREFIX_PATH=${CMAKE_PREFIX_PATH}:/root/researchv2/install/chaser_system:/opt/ros/foxy /usr/bin/cmake --install /root/researchv2/build/mymsg
[5.683s] -- Install configuration: ""
[5.684s] -- Execute custom install script
[5.684s] -- Up-to-date symlink: /root/researchv2/install/mymsg/share/ament_index/resource_index/rosidl_interfaces/mymsg
[5.686s] -- Up-to-date symlink: /root/researchv2/install/mymsg/include/mymsg/msg/detail/multi_transform__functions.h
[5.687s] -- Up-to-date symlink: /root/researchv2/install/mymsg/include/mymsg/msg/detail/multi_transform__struct.h
[5.687s] -- Up-to-date symlink: /root/researchv2/install/mymsg/include/mymsg/msg/detail/multi_transform__type_support.h
[5.688s] -- Up-to-date symlink: /root/researchv2/install/mymsg/include/mymsg/msg/detail/pose__functions.h
[5.688s] -- Up-to-date symlink: /root/researchv2/install/mymsg/include/mymsg/msg/detail/pose__struct.h
[5.689s] -- Up-to-date symlink: /root/researchv2/install/mymsg/include/mymsg/msg/detail/pose__type_support.h
[5.689s] -- Up-to-date symlink: /root/researchv2/install/mymsg/include/mymsg/msg/detail/poses__functions.h
[5.690s] -- Up-to-date symlink: /root/researchv2/install/mymsg/include/mymsg/msg/detail/poses__struct.h
[5.690s] -- Up-to-date symlink: /root/researchv2/install/mymsg/include/mymsg/msg/detail/poses__type_support.h
[5.690s] -- Up-to-date symlink: /root/researchv2/install/mymsg/include/mymsg/msg/detail/transform__functions.h
[5.691s] -- Up-to-date symlink: /root/researchv2/install/mymsg/include/mymsg/msg/detail/transform__struct.h
[5.691s] -- Up-to-date symlink: /root/researchv2/install/mymsg/include/mymsg/msg/detail/transform__type_support.h
[5.691s] -- Up-to-date symlink: /root/researchv2/install/mymsg/include/mymsg/msg/multi_transform.h
[5.692s] -- Up-to-date symlink: /root/researchv2/install/mymsg/include/mymsg/msg/pose.h
[5.692s] -- Up-to-date symlink: /root/researchv2/install/mymsg/include/mymsg/msg/poses.h
[5.692s] -- Up-to-date symlink: /root/researchv2/install/mymsg/include/mymsg/msg/rosidl_generator_c__visibility_control.h
[5.693s] -- Up-to-date symlink: /root/researchv2/install/mymsg/include/mymsg/msg/transform.h
[5.693s] -- Up-to-date symlink: /root/researchv2/install/mymsg/include/mymsg/srv/detail/imagedata__functions.h
[5.693s] -- Up-to-date symlink: /root/researchv2/install/mymsg/include/mymsg/srv/detail/imagedata__struct.h
[5.694s] -- Up-to-date symlink: /root/researchv2/install/mymsg/include/mymsg/srv/detail/imagedata__type_support.h
[5.694s] -- Up-to-date symlink: /root/researchv2/install/mymsg/include/mymsg/srv/detail/waypoints__functions.h
[5.695s] -- Up-to-date symlink: /root/researchv2/install/mymsg/include/mymsg/srv/detail/waypoints__struct.h
[5.695s] -- Up-to-date symlink: /root/researchv2/install/mymsg/include/mymsg/srv/detail/waypoints__type_support.h
[5.695s] -- Up-to-date symlink: /root/researchv2/install/mymsg/include/mymsg/srv/imagedata.h
[5.696s] -- Up-to-date symlink: /root/researchv2/install/mymsg/include/mymsg/srv/waypoints.h
[5.696s] -- Up-to-date symlink: /root/researchv2/install/mymsg/share/mymsg/environment/library_path.sh
[5.697s] -- Up-to-date symlink: /root/researchv2/install/mymsg/share/mymsg/environment/library_path.dsv
[5.698s] -- Up-to-date symlink: /root/researchv2/install/mymsg/include/mymsg/msg/detail/multi_transform__rosidl_typesupport_fastrtps_c.h
[5.699s] -- Up-to-date symlink: /root/researchv2/install/mymsg/include/mymsg/msg/detail/pose__rosidl_typesupport_fastrtps_c.h
[5.699s] -- Up-to-date symlink: /root/researchv2/install/mymsg/include/mymsg/msg/detail/poses__rosidl_typesupport_fastrtps_c.h
[5.699s] -- Up-to-date symlink: /root/researchv2/install/mymsg/include/mymsg/msg/detail/transform__rosidl_typesupport_fastrtps_c.h
[5.700s] -- Up-to-date symlink: /root/researchv2/install/mymsg/include/mymsg/msg/rosidl_typesupport_fastrtps_c__visibility_control.h
[5.700s] -- Up-to-date symlink: /root/researchv2/install/mymsg/include/mymsg/srv/detail/imagedata__rosidl_typesupport_fastrtps_c.h
[5.700s] -- Up-to-date symlink: /root/researchv2/install/mymsg/include/mymsg/srv/detail/waypoints__rosidl_typesupport_fastrtps_c.h
[5.701s] -- Up-to-date symlink: /root/researchv2/install/mymsg/lib/libmymsg__rosidl_typesupport_fastrtps_c.so
[5.703s] -- Up-to-date symlink: /root/researchv2/install/mymsg/include/mymsg/msg/detail/multi_transform__rosidl_typesupport_fastrtps_cpp.hpp
[5.703s] -- Up-to-date symlink: /root/researchv2/install/mymsg/include/mymsg/msg/detail/pose__rosidl_typesupport_fastrtps_cpp.hpp
[5.704s] -- Up-to-date symlink: /root/researchv2/install/mymsg/include/mymsg/msg/detail/poses__rosidl_typesupport_fastrtps_cpp.hpp
[5.704s] -- Up-to-date symlink: /root/researchv2/install/mymsg/include/mymsg/msg/detail/transform__rosidl_typesupport_fastrtps_cpp.hpp
[5.704s] -- Up-to-date symlink: /root/researchv2/install/mymsg/include/mymsg/msg/rosidl_typesupport_fastrtps_cpp__visibility_control.h
[5.705s] -- Up-to-date symlink: /root/researchv2/install/mymsg/include/mymsg/srv/detail/imagedata__rosidl_typesupport_fastrtps_cpp.hpp
[5.705s] -- Up-to-date symlink: /root/researchv2/install/mymsg/include/mymsg/srv/detail/waypoints__rosidl_typesupport_fastrtps_cpp.hpp
[5.706s] -- Up-to-date symlink: /root/researchv2/install/mymsg/lib/libmymsg__rosidl_typesupport_fastrtps_cpp.so
[5.707s] -- Up-to-date symlink: /root/researchv2/install/mymsg/include/mymsg/msg/detail/multi_transform__rosidl_typesupport_introspection_c.h
[5.708s] -- Up-to-date symlink: /root/researchv2/install/mymsg/include/mymsg/msg/detail/pose__rosidl_typesupport_introspection_c.h
[5.708s] -- Up-to-date symlink: /root/researchv2/install/mymsg/include/mymsg/msg/detail/poses__rosidl_typesupport_introspection_c.h
[5.708s] -- Up-to-date symlink: /root/researchv2/install/mymsg/include/mymsg/msg/detail/transform__rosidl_typesupport_introspection_c.h
[5.709s] -- Up-to-date symlink: /root/researchv2/install/mymsg/include/mymsg/msg/rosidl_typesupport_introspection_c__visibility_control.h
[5.709s] -- Up-to-date symlink: /root/researchv2/install/mymsg/include/mymsg/srv/detail/imagedata__rosidl_typesupport_introspection_c.h
[5.709s] -- Up-to-date symlink: /root/researchv2/install/mymsg/include/mymsg/srv/detail/waypoints__rosidl_typesupport_introspection_c.h
[5.711s] -- Up-to-date symlink: /root/researchv2/install/mymsg/include/mymsg/msg/detail/multi_transform__builder.hpp
[5.711s] -- Up-to-date symlink: /root/researchv2/install/mymsg/include/mymsg/msg/detail/multi_transform__struct.hpp
[5.712s] -- Up-to-date symlink: /root/researchv2/install/mymsg/include/mymsg/msg/detail/multi_transform__traits.hpp
[5.712s] -- Up-to-date symlink: /root/researchv2/install/mymsg/include/mymsg/msg/detail/pose__builder.hpp
[5.712s] -- Up-to-date symlink: /root/researchv2/install/mymsg/include/mymsg/msg/detail/pose__struct.hpp
[5.713s] -- Up-to-date symlink: /root/researchv2/install/mymsg/include/mymsg/msg/detail/pose__traits.hpp
[5.713s] -- Up-to-date symlink: /root/researchv2/install/mymsg/include/mymsg/msg/detail/poses__builder.hpp
[5.714s] -- Up-to-date symlink: /root/researchv2/install/mymsg/include/mymsg/msg/detail/poses__struct.hpp
[5.715s] -- Up-to-date symlink: /root/researchv2/install/mymsg/include/mymsg/msg/detail/poses__traits.hpp
[5.715s] -- Up-to-date symlink: /root/researchv2/install/mymsg/include/mymsg/msg/detail/transform__builder.hpp
[5.715s] -- Up-to-date symlink: /root/researchv2/install/mymsg/include/mymsg/msg/detail/transform__struct.hpp
[5.715s] -- Up-to-date symlink: /root/researchv2/install/mymsg/include/mymsg/msg/detail/transform__traits.hpp
[5.715s] -- Up-to-date symlink: /root/researchv2/install/mymsg/include/mymsg/msg/multi_transform.hpp
[5.716s] -- Up-to-date symlink: /root/researchv2/install/mymsg/include/mymsg/msg/pose.hpp
[5.716s] -- Up-to-date symlink: /root/researchv2/install/mymsg/include/mymsg/msg/poses.hpp
[5.717s] -- Up-to-date symlink: /root/researchv2/install/mymsg/include/mymsg/msg/transform.hpp
[5.717s] -- Up-to-date symlink: /root/researchv2/install/mymsg/include/mymsg/srv/detail/imagedata__builder.hpp
[5.718s] -- Up-to-date symlink: /root/researchv2/install/mymsg/include/mymsg/srv/detail/imagedata__struct.hpp
[5.718s] -- Up-to-date symlink: /root/researchv2/install/mymsg/include/mymsg/srv/detail/imagedata__traits.hpp
[5.718s] -- Up-to-date symlink: /root/researchv2/install/mymsg/include/mymsg/srv/detail/waypoints__builder.hpp
[5.719s] -- Up-to-date symlink: /root/researchv2/install/mymsg/include/mymsg/srv/detail/waypoints__struct.hpp
[5.719s] -- Up-to-date symlink: /root/researchv2/install/mymsg/include/mymsg/srv/detail/waypoints__traits.hpp
[5.720s] -- Up-to-date symlink: /root/researchv2/install/mymsg/include/mymsg/srv/imagedata.hpp
[5.720s] -- Up-to-date symlink: /root/researchv2/install/mymsg/include/mymsg/srv/waypoints.hpp
[5.722s] -- Up-to-date symlink: /root/researchv2/install/mymsg/include/mymsg/msg/detail/multi_transform__rosidl_typesupport_introspection_cpp.hpp
[5.723s] -- Up-to-date symlink: /root/researchv2/install/mymsg/include/mymsg/msg/detail/pose__rosidl_typesupport_introspection_cpp.hpp
[5.723s] -- Up-to-date symlink: /root/researchv2/install/mymsg/include/mymsg/msg/detail/poses__rosidl_typesupport_introspection_cpp.hpp
[5.724s] -- Up-to-date symlink: /root/researchv2/install/mymsg/include/mymsg/msg/detail/transform__rosidl_typesupport_introspection_cpp.hpp
[5.724s] -- Up-to-date symlink: /root/researchv2/install/mymsg/include/mymsg/srv/detail/imagedata__rosidl_typesupport_introspection_cpp.hpp
[5.724s] -- Up-to-date symlink: /root/researchv2/install/mymsg/include/mymsg/srv/detail/waypoints__rosidl_typesupport_introspection_cpp.hpp
[5.725s] -- Up-to-date symlink: /root/researchv2/install/mymsg/share/mymsg/environment/pythonpath.sh
[5.725s] -- Up-to-date symlink: /root/researchv2/install/mymsg/share/mymsg/environment/pythonpath.dsv
[5.726s] -- Up-to-date symlink: /root/researchv2/install/mymsg/lib/python3.8/site-packages/mymsg/__init__.py
[5.727s] -- Up-to-date symlink: /root/researchv2/install/mymsg/lib/python3.8/site-packages/mymsg/msg/__init__.py
[5.727s] -- Up-to-date symlink: /root/researchv2/install/mymsg/lib/python3.8/site-packages/mymsg/msg/_multi_transform.py
[5.727s] -- Up-to-date symlink: /root/researchv2/install/mymsg/lib/python3.8/site-packages/mymsg/msg/_pose.py
[5.728s] -- Up-to-date symlink: /root/researchv2/install/mymsg/lib/python3.8/site-packages/mymsg/msg/_poses.py
[5.728s] -- Up-to-date symlink: /root/researchv2/install/mymsg/lib/python3.8/site-packages/mymsg/msg/_transform.py
[5.729s] -- Up-to-date symlink: /root/researchv2/install/mymsg/lib/python3.8/site-packages/mymsg/srv/__init__.py
[5.729s] -- Up-to-date symlink: /root/researchv2/install/mymsg/lib/python3.8/site-packages/mymsg/srv/_imagedata.py
[5.730s] -- Up-to-date symlink: /root/researchv2/install/mymsg/lib/python3.8/site-packages/mymsg/srv/_waypoints.py
[5.731s] -- Up-to-date symlink: /root/researchv2/install/mymsg/lib/python3.8/site-packages/mymsg/mymsg_s__rosidl_typesupport_fastrtps_c.cpython-38-x86_64-linux-gnu.so
[5.731s] -- Up-to-date symlink: /root/researchv2/install/mymsg/lib/python3.8/site-packages/mymsg/mymsg_s__rosidl_typesupport_introspection_c.cpython-38-x86_64-linux-gnu.so
[5.732s] -- Up-to-date symlink: /root/researchv2/install/mymsg/lib/python3.8/site-packages/mymsg/mymsg_s__rosidl_typesupport_c.cpython-38-x86_64-linux-gnu.so
[5.733s] -- Up-to-date symlink: /root/researchv2/install/mymsg/lib/libmymsg__python.so
[5.734s] -- Up-to-date symlink: /root/researchv2/install/mymsg/share/mymsg/msg/Pose.idl
[5.734s] -- Up-to-date symlink: /root/researchv2/install/mymsg/share/mymsg/msg/Poses.idl
[5.735s] -- Up-to-date symlink: /root/researchv2/install/mymsg/share/mymsg/msg/Transform.idl
[5.735s] -- Up-to-date symlink: /root/researchv2/install/mymsg/share/mymsg/msg/MultiTransform.idl
[5.736s] -- Up-to-date symlink: /root/researchv2/install/mymsg/share/mymsg/srv/Imagedata.idl
[5.737s] -- Up-to-date symlink: /root/researchv2/install/mymsg/share/mymsg/srv/Waypoints.idl
[5.737s] -- Up-to-date symlink: /root/researchv2/install/mymsg/share/mymsg/msg/Pose.msg
[5.738s] -- Up-to-date symlink: /root/researchv2/install/mymsg/share/mymsg/msg/Poses.msg
[5.738s] -- Up-to-date symlink: /root/researchv2/install/mymsg/share/mymsg/msg/Transform.msg
[5.739s] -- Up-to-date symlink: /root/researchv2/install/mymsg/share/mymsg/msg/MultiTransform.msg
[5.739s] -- Up-to-date symlink: /root/researchv2/install/mymsg/share/mymsg/srv/Imagedata.srv
[5.740s] -- Up-to-date symlink: /root/researchv2/install/mymsg/share/mymsg/srv/Imagedata_Request.msg
[5.740s] -- Up-to-date symlink: /root/researchv2/install/mymsg/share/mymsg/srv/Imagedata_Response.msg
[5.741s] -- Up-to-date symlink: /root/researchv2/install/mymsg/share/mymsg/srv/Waypoints.srv
[5.741s] -- Up-to-date symlink: /root/researchv2/install/mymsg/share/mymsg/srv/Waypoints_Request.msg
[5.742s] -- Up-to-date symlink: /root/researchv2/install/mymsg/share/mymsg/srv/Waypoints_Response.msg
[5.742s] -- Up-to-date symlink: /root/researchv2/install/mymsg/share/ament_index/resource_index/package_run_dependencies/mymsg
[5.743s] -- Up-to-date symlink: /root/researchv2/install/mymsg/share/ament_index/resource_index/parent_prefix_path/mymsg
[5.744s] -- Up-to-date symlink: /root/researchv2/install/mymsg/share/mymsg/environment/ament_prefix_path.sh
[5.744s] -- Up-to-date symlink: /root/researchv2/install/mymsg/share/mymsg/environment/ament_prefix_path.dsv
[5.745s] -- Up-to-date symlink: /root/researchv2/install/mymsg/share/mymsg/environment/path.sh
[5.745s] -- Up-to-date symlink: /root/researchv2/install/mymsg/share/mymsg/environment/path.dsv
[5.746s] -- Up-to-date symlink: /root/researchv2/install/mymsg/share/mymsg/local_setup.bash
[5.746s] -- Up-to-date symlink: /root/researchv2/install/mymsg/share/mymsg/local_setup.sh
[5.747s] -- Up-to-date symlink: /root/researchv2/install/mymsg/share/mymsg/local_setup.zsh
[5.748s] -- Up-to-date symlink: /root/researchv2/install/mymsg/share/mymsg/local_setup.dsv
[5.748s] -- Symlinking: /root/researchv2/install/mymsg/share/mymsg/package.dsv
[5.765s] -- Up-to-date symlink: /root/researchv2/install/mymsg/share/ament_index/resource_index/packages/mymsg
[5.766s] -- Up-to-date symlink: /root/researchv2/install/mymsg/share/mymsg/cmake/rosidl_cmake-extras.cmake
[5.766s] -- Up-to-date symlink: /root/researchv2/install/mymsg/share/mymsg/cmake/ament_cmake_export_dependencies-extras.cmake
[5.767s] -- Up-to-date symlink: /root/researchv2/install/mymsg/share/mymsg/cmake/ament_cmake_export_libraries-extras.cmake
[5.767s] -- Up-to-date symlink: /root/researchv2/install/mymsg/share/mymsg/cmake/ament_cmake_export_targets-extras.cmake
[5.768s] -- Up-to-date symlink: /root/researchv2/install/mymsg/share/mymsg/cmake/ament_cmake_export_include_directories-extras.cmake
[5.768s] -- Up-to-date symlink: /root/researchv2/install/mymsg/share/mymsg/cmake/rosidl_cmake_export_typesupport_libraries-extras.cmake
[5.769s] -- Up-to-date symlink: /root/researchv2/install/mymsg/share/mymsg/cmake/rosidl_cmake_export_typesupport_targets-extras.cmake
[5.769s] -- Up-to-date symlink: /root/researchv2/install/mymsg/share/mymsg/cmake/mymsgConfig.cmake
[5.769s] -- Up-to-date symlink: /root/researchv2/install/mymsg/share/mymsg/cmake/mymsgConfig-version.cmake
[5.770s] -- Up-to-date symlink: /root/researchv2/install/mymsg/share/mymsg/package.xml
[5.771s] -- Up-to-date: /root/researchv2/install/mymsg/lib/libmymsg__rosidl_generator_c.so
[5.772s] -- Up-to-date: /root/researchv2/install/mymsg/lib/libmymsg__rosidl_typesupport_introspection_c.so
[5.773s] -- Up-to-date: /root/researchv2/install/mymsg/lib/libmymsg__rosidl_typesupport_c.so
[5.773s] -- Up-to-date: /root/researchv2/install/mymsg/lib/libmymsg__rosidl_typesupport_introspection_cpp.so
[5.774s] -- Up-to-date: /root/researchv2/install/mymsg/lib/libmymsg__rosidl_typesupport_cpp.so
[5.851s] Compiling '/root/researchv2/install/mymsg/lib/python3.8/site-packages/mymsg/__init__.py'...
[5.857s] -- Up-to-date: /root/researchv2/install/mymsg/share/mymsg/cmake/mymsg__rosidl_generator_cExport.cmake
[5.857s] -- Installing: /root/researchv2/install/mymsg/share/mymsg/cmake/mymsg__rosidl_generator_cExport-noconfig.cmake
[5.857s] -- Up-to-date: /root/researchv2/install/mymsg/share/mymsg/cmake/mymsg__rosidl_typesupport_introspection_cExport.cmake
[5.858s] -- Installing: /root/researchv2/install/mymsg/share/mymsg/cmake/mymsg__rosidl_typesupport_introspection_cExport-noconfig.cmake
[5.858s] -- Up-to-date: /root/researchv2/install/mymsg/share/mymsg/cmake/mymsg__rosidl_typesupport_cExport.cmake
[5.858s] -- Installing: /root/researchv2/install/mymsg/share/mymsg/cmake/mymsg__rosidl_typesupport_cExport-noconfig.cmake
[5.858s] -- Up-to-date: /root/researchv2/install/mymsg/share/mymsg/cmake/mymsg__rosidl_generator_cppExport.cmake
[5.858s] -- Up-to-date: /root/researchv2/install/mymsg/share/mymsg/cmake/mymsg__rosidl_typesupport_introspection_cppExport.cmake
[5.859s] -- Installing: /root/researchv2/install/mymsg/share/mymsg/cmake/mymsg__rosidl_typesupport_introspection_cppExport-noconfig.cmake
[5.859s] -- Up-to-date: /root/researchv2/install/mymsg/share/mymsg/cmake/mymsg__rosidl_typesupport_cppExport.cmake
[5.859s] -- Installing: /root/researchv2/install/mymsg/share/mymsg/cmake/mymsg__rosidl_typesupport_cppExport-noconfig.cmake
[5.871s] Invoked command in '/root/researchv2/build/mymsg' returned '0': CMAKE_PREFIX_PATH=${CMAKE_PREFIX_PATH}:/root/researchv2/install/chaser_system:/opt/ros/foxy /usr/bin/cmake --install /root/researchv2/build/mymsg
