[0.055s] Invoking command in '/root/researchv2/build/urg_node': CMAKE_PREFIX_PATH=/root/researchv2/install/urg_node_msgs:/root/researchv2/install/urg_c:/root/researchv2/install/laser_proc:/root/researchv2/install/diagnostic_updater:/root/researchv2/install/urg_node:/root/researchv2/install/diagnostics:/root/researchv2/install/self_test:/root/researchv2/install/mymsg:/root/researchv2/install/diagnostic_common_diagnostics:/root/researchv2/install/diagnostic_aggregator:/root/researchv2/install/chaser_system:/opt/ros/galactic LD_LIBRARY_PATH=/root/researchv2/install/urg_node_msgs/lib:/root/researchv2/install/urg_c/lib:/root/researchv2/install/laser_proc/lib:/root/researchv2/install/urg_node/lib:/root/researchv2/install/mymsg/lib:/root/researchv2/install/diagnostic_aggregator/lib:/opt/ros/galactic/opt/yaml_cpp_vendor/lib:/opt/ros/galactic/opt/rviz_ogre_vendor/lib:/opt/ros/galactic/lib/x86_64-linux-gnu:/opt/ros/galactic/lib:/usr/local/11.6.0/lib64:/usr/local/nvidia/lib:/usr/local/nvidia/lib64 PYTHONPATH=/root/researchv2/install/urg_node_msgs/lib/python3.8/site-packages:/root/researchv2/install/diagnostic_updater/lib/python3.8/site-packages:/root/researchv2/install/chaser_system/lib/python3.8/site-packages:/root/researchv2/install/mymsg/lib/python3.8/site-packages:/root/researchv2/install/diagnostic_common_diagnostics/lib/python3.8/site-packages:/root/researchv2/install/diagnostic_aggregator/lib/python3.8/site-packages:/opt/ros/galactic/lib/python3.8/site-packages /usr/bin/cmake --build /root/researchv2/build/urg_node -- -j12 -l12
[0.139s] [ 28%] Built target urg_node_driver
[0.145s] [ 71%] Built target urg_node
[0.181s] [100%] Built target getID
[0.194s] Invoked command in '/root/researchv2/build/urg_node' returned '0': CMAKE_PREFIX_PATH=/root/researchv2/install/urg_node_msgs:/root/researchv2/install/urg_c:/root/researchv2/install/laser_proc:/root/researchv2/install/diagnostic_updater:/root/researchv2/install/urg_node:/root/researchv2/install/diagnostics:/root/researchv2/install/self_test:/root/researchv2/install/mymsg:/root/researchv2/install/diagnostic_common_diagnostics:/root/researchv2/install/diagnostic_aggregator:/root/researchv2/install/chaser_system:/opt/ros/galactic LD_LIBRARY_PATH=/root/researchv2/install/urg_node_msgs/lib:/root/researchv2/install/urg_c/lib:/root/researchv2/install/laser_proc/lib:/root/researchv2/install/urg_node/lib:/root/researchv2/install/mymsg/lib:/root/researchv2/install/diagnostic_aggregator/lib:/opt/ros/galactic/opt/yaml_cpp_vendor/lib:/opt/ros/galactic/opt/rviz_ogre_vendor/lib:/opt/ros/galactic/lib/x86_64-linux-gnu:/opt/ros/galactic/lib:/usr/local/11.6.0/lib64:/usr/local/nvidia/lib:/usr/local/nvidia/lib64 PYTHONPATH=/root/researchv2/install/urg_node_msgs/lib/python3.8/site-packages:/root/researchv2/install/diagnostic_updater/lib/python3.8/site-packages:/root/researchv2/install/chaser_system/lib/python3.8/site-packages:/root/researchv2/install/mymsg/lib/python3.8/site-packages:/root/researchv2/install/diagnostic_common_diagnostics/lib/python3.8/site-packages:/root/researchv2/install/diagnostic_aggregator/lib/python3.8/site-packages:/opt/ros/galactic/lib/python3.8/site-packages /usr/bin/cmake --build /root/researchv2/build/urg_node -- -j12 -l12
[0.291s] Invoking command in '/root/researchv2/build/urg_node': CMAKE_PREFIX_PATH=/root/researchv2/install/urg_node_msgs:/root/researchv2/install/urg_c:/root/researchv2/install/laser_proc:/root/researchv2/install/diagnostic_updater:/root/researchv2/install/urg_node:/root/researchv2/install/diagnostics:/root/researchv2/install/self_test:/root/researchv2/install/mymsg:/root/researchv2/install/diagnostic_common_diagnostics:/root/researchv2/install/diagnostic_aggregator:/root/researchv2/install/chaser_system:/opt/ros/galactic LD_LIBRARY_PATH=/root/researchv2/install/urg_node_msgs/lib:/root/researchv2/install/urg_c/lib:/root/researchv2/install/laser_proc/lib:/root/researchv2/install/urg_node/lib:/root/researchv2/install/mymsg/lib:/root/researchv2/install/diagnostic_aggregator/lib:/opt/ros/galactic/opt/yaml_cpp_vendor/lib:/opt/ros/galactic/opt/rviz_ogre_vendor/lib:/opt/ros/galactic/lib/x86_64-linux-gnu:/opt/ros/galactic/lib:/usr/local/11.6.0/lib64:/usr/local/nvidia/lib:/usr/local/nvidia/lib64 PYTHONPATH=/root/researchv2/install/urg_node_msgs/lib/python3.8/site-packages:/root/researchv2/install/diagnostic_updater/lib/python3.8/site-packages:/root/researchv2/install/chaser_system/lib/python3.8/site-packages:/root/researchv2/install/mymsg/lib/python3.8/site-packages:/root/researchv2/install/diagnostic_common_diagnostics/lib/python3.8/site-packages:/root/researchv2/install/diagnostic_aggregator/lib/python3.8/site-packages:/opt/ros/galactic/lib/python3.8/site-packages /usr/bin/cmake --install /root/researchv2/build/urg_node
[0.300s] -- Install configuration: ""
[0.301s] -- Up-to-date: /root/researchv2/install/urg_node/lib/urg_node/urg_node_driver
[0.303s] -- Up-to-date: /root/researchv2/install/urg_node/lib/liburg_node.so
[0.311s] -- Up-to-date: /root/researchv2/install/urg_node/lib/urg_node/getID
[0.313s] -- Up-to-date: /root/researchv2/install/urg_node/include
[0.313s] -- Up-to-date: /root/researchv2/install/urg_node/include/urg_node
[0.313s] -- Up-to-date: /root/researchv2/install/urg_node/include/urg_node/urg_node.hpp
[0.314s] -- Up-to-date: /root/researchv2/install/urg_node/include/urg_node/urg_c_wrapper.hpp
[0.315s] -- Up-to-date: /root/researchv2/install/urg_node/lib/urg_node/set_urg_ip.py
[0.316s] -- Up-to-date: /root/researchv2/install/urg_node/share/urg_node/launch
[0.316s] -- Up-to-date: /root/researchv2/install/urg_node/share/urg_node/launch/hokuyo_laser.urdf
[0.317s] -- Up-to-date: /root/researchv2/install/urg_node/share/urg_node/launch/urg_lidar.launch.xml
[0.318s] -- Up-to-date: /root/researchv2/install/urg_node/share/urg_node/launch/urg_node_serial.yaml
[0.319s] -- Up-to-date: /root/researchv2/install/urg_node/share/urg_node/launch/urg_node_ethernet.yaml
[0.320s] -- Up-to-date: /root/researchv2/install/urg_node/share/urg_node/launch/urg_node_launch.py
[0.321s] -- Up-to-date: /root/researchv2/install/urg_node/share/urg_node/environment/library_path.sh
[0.322s] -- Up-to-date: /root/researchv2/install/urg_node/share/urg_node/environment/library_path.dsv
[0.323s] -- Up-to-date: /root/researchv2/install/urg_node/share/ament_index/resource_index/package_run_dependencies/urg_node
[0.324s] -- Up-to-date: /root/researchv2/install/urg_node/share/ament_index/resource_index/parent_prefix_path/urg_node
[0.325s] -- Up-to-date: /root/researchv2/install/urg_node/share/urg_node/environment/ament_prefix_path.sh
[0.326s] -- Up-to-date: /root/researchv2/install/urg_node/share/urg_node/environment/ament_prefix_path.dsv
[0.327s] -- Up-to-date: /root/researchv2/install/urg_node/share/urg_node/environment/path.sh
[0.328s] -- Up-to-date: /root/researchv2/install/urg_node/share/urg_node/environment/path.dsv
[0.329s] -- Up-to-date: /root/researchv2/install/urg_node/share/urg_node/local_setup.bash
[0.330s] -- Up-to-date: /root/researchv2/install/urg_node/share/urg_node/local_setup.sh
[0.331s] -- Up-to-date: /root/researchv2/install/urg_node/share/urg_node/local_setup.zsh
[0.332s] -- Up-to-date: /root/researchv2/install/urg_node/share/urg_node/local_setup.dsv
[0.333s] -- Installing: /root/researchv2/install/urg_node/share/urg_node/package.dsv
[0.334s] -- Up-to-date: /root/researchv2/install/urg_node/share/ament_index/resource_index/packages/urg_node
[0.334s] -- Up-to-date: /root/researchv2/install/urg_node/share/ament_index/resource_index/rclcpp_components/urg_node
[0.335s] -- Up-to-date: /root/researchv2/install/urg_node/share/urg_node/cmake/ament_cmake_export_dependencies-extras.cmake
[0.336s] -- Up-to-date: /root/researchv2/install/urg_node/share/urg_node/cmake/ament_cmake_export_include_directories-extras.cmake
[0.337s] -- Up-to-date: /root/researchv2/install/urg_node/share/urg_node/cmake/ament_cmake_export_libraries-extras.cmake
[0.338s] -- Up-to-date: /root/researchv2/install/urg_node/share/urg_node/cmake/urg_nodeConfig.cmake
[0.339s] -- Up-to-date: /root/researchv2/install/urg_node/share/urg_node/cmake/urg_nodeConfig-version.cmake
[0.340s] -- Up-to-date: /root/researchv2/install/urg_node/share/urg_node/package.xml
[0.626s] Invoked command in '/root/researchv2/build/urg_node' returned '0': CMAKE_PREFIX_PATH=/root/researchv2/install/urg_node_msgs:/root/researchv2/install/urg_c:/root/researchv2/install/laser_proc:/root/researchv2/install/diagnostic_updater:/root/researchv2/install/urg_node:/root/researchv2/install/diagnostics:/root/researchv2/install/self_test:/root/researchv2/install/mymsg:/root/researchv2/install/diagnostic_common_diagnostics:/root/researchv2/install/diagnostic_aggregator:/root/researchv2/install/chaser_system:/opt/ros/galactic LD_LIBRARY_PATH=/root/researchv2/install/urg_node_msgs/lib:/root/researchv2/install/urg_c/lib:/root/researchv2/install/laser_proc/lib:/root/researchv2/install/urg_node/lib:/root/researchv2/install/mymsg/lib:/root/researchv2/install/diagnostic_aggregator/lib:/opt/ros/galactic/opt/yaml_cpp_vendor/lib:/opt/ros/galactic/opt/rviz_ogre_vendor/lib:/opt/ros/galactic/lib/x86_64-linux-gnu:/opt/ros/galactic/lib:/usr/local/11.6.0/lib64:/usr/local/nvidia/lib:/usr/local/nvidia/lib64 PYTHONPATH=/root/researchv2/install/urg_node_msgs/lib/python3.8/site-packages:/root/researchv2/install/diagnostic_updater/lib/python3.8/site-packages:/root/researchv2/install/chaser_system/lib/python3.8/site-packages:/root/researchv2/install/mymsg/lib/python3.8/site-packages:/root/researchv2/install/diagnostic_common_diagnostics/lib/python3.8/site-packages:/root/researchv2/install/diagnostic_aggregator/lib/python3.8/site-packages:/opt/ros/galactic/lib/python3.8/site-packages /usr/bin/cmake --install /root/researchv2/build/urg_node
