[0.050s] Invoking command in '/root/researchv2/build/slam_toolbox': CMAKE_PREFIX_PATH=/opt/ros/foxy /usr/bin/cmake /root/researchv2/src/slam_toolbox -DAMENT_CMAKE_SYMLINK_INSTALL=1 -DCMAKE_INSTALL_PREFIX=/root/researchv2/install/slam_toolbox
[0.073s] -- Found ament_cmake: 0.9.11 (/opt/ros/foxy/share/ament_cmake/cmake)
[0.103s] -- Found PythonInterp: /usr/bin/python3 (found suitable version "3.8.10", minimum required is "3") 
[0.103s] -- Using PYTHON_EXECUTABLE: /usr/bin/python3
[0.414s] -- Override CMake install command with custom implementation using symlinks instead of copying resources
[0.426s] -- Found message_filters: 3.2.5 (/opt/ros/foxy/share/message_filters/cmake)
[0.430s] -- Found nav_msgs: 2.0.5 (/opt/ros/foxy/share/nav_msgs/cmake)
[0.470s] -- Using all available rosidl_typesupport_c: rosidl_typesupport_fastrtps_c;rosidl_typesupport_introspection_c
[0.476s] -- Found rosidl_adapter: 1.3.0 (/opt/ros/foxy/share/rosidl_adapter/cmake)
[0.750s] -- Using all available rosidl_typesupport_cpp: rosidl_typesupport_fastrtps_cpp;rosidl_typesupport_introspection_cpp
[1.042s] -- Found rclcpp: 2.4.2 (/opt/ros/foxy/share/rclcpp/cmake)
[1.104s] -- Found rmw_implementation_cmake: 1.0.3 (/opt/ros/foxy/share/rmw_implementation_cmake/cmake)
[1.106s] -- Using RMW implementation 'rmw_fastrtps_cpp' as default
[1.348s] -- Found sensor_msgs: 2.0.5 (/opt/ros/foxy/share/sensor_msgs/cmake)
[1.479s] -- Found tf2: 0.13.13 (/opt/ros/foxy/share/tf2/cmake)
[1.494s] -- Found tf2_ros: 0.13.13 (/opt/ros/foxy/share/tf2_ros/cmake)
[2.069s] -- Found visualization_msgs: 2.0.5 (/opt/ros/foxy/share/visualization_msgs/cmake)
[2.196s] -- Found pluginlib: 2.5.4 (/opt/ros/foxy/share/pluginlib/cmake)
[2.238s] -- Found tf2_geometry_msgs: 0.13.13 (/opt/ros/foxy/share/tf2_geometry_msgs/cmake)
[2.250s] -- Found eigen3_cmake_module: 0.1.1 (/opt/ros/foxy/share/eigen3_cmake_module/cmake)
[2.308s] -- Found tf2_sensor_msgs: 0.13.13 (/opt/ros/foxy/share/tf2_sensor_msgs/cmake)
[2.345s] -- Found std_srvs: 2.0.5 (/opt/ros/foxy/share/std_srvs/cmake)
[2.365s] -- Found rosidl_default_generators: 1.0.1 (/opt/ros/foxy/share/rosidl_default_generators/cmake)
[2.383s] -- Found nav2_map_server: 0.4.7 (/opt/ros/foxy/share/nav2_map_server/cmake)
[2.387s] -- Found rviz_common: 8.2.7 (/opt/ros/foxy/share/rviz_common/cmake)
[2.424s] -- Setting OGRE_DIR to: '/opt/ros/foxy/share/rviz_ogre_vendor/cmake/../../../opt/rviz_ogre_vendor/lib/OGRE/cmake'
[2.432s] -- Found OGRE
[2.432s] --   static     : OFF
[2.432s] --   components : HLMS;MeshLodGenerator;Overlay;Paging;Property;RTShaderSystem;Terrain;Volume
[2.432s] --   plugins    : Plugin_BSPSceneManager;Plugin_OctreeSceneManager;Plugin_PCZSceneManager;Plugin_ParticleFX;RenderSystem_GL;RenderSystem_GL3Plus;Codec_STBI
[2.432s] --   media      : /opt/ros/foxy/opt/rviz_ogre_vendor/share/OGRE/Media
[2.433s] -- OGRE_LIBRARIES: OgreHLMS;OgreMeshLodGenerator;OgreOverlay;OgrePaging;OgreProperty;OgreRTShaderSystem;OgreTerrain;OgreVolume;OgreMain
[2.433s] -- OGRE_LIBRARY_DIRS: /opt/ros/foxy/opt/rviz_ogre_vendor/lib
[2.433s] -- OGRE_PLUGINS: Plugin_BSPSceneManager;Plugin_OctreeSceneManager;Plugin_PCZSceneManager;Plugin_ParticleFX;RenderSystem_GL;RenderSystem_GL3Plus;Codec_STBI
[2.433s] -- OGRE_PLUGIN_DIR: /opt/ros/foxy/opt/rviz_ogre_vendor/lib/OGRE
[2.433s] -- rviz_ogre_vendor::OgreOverlay for IMPORTED_LOCATION_RELEASE: /opt/ros/foxy/opt/rviz_ogre_vendor/lib/libOgreOverlay.so
[2.433s] -- rviz_ogre_vendor::OgreOverlay for IMPORTED_LOCATION_DEBUG: /opt/ros/foxy/opt/rviz_ogre_vendor/lib/libOgreOverlay.so
[2.433s] -- rviz_ogre_vendor::OgreMain for IMPORTED_LOCATION_RELEASE: /opt/ros/foxy/opt/rviz_ogre_vendor/lib/libOgreMain.so
[2.434s] -- rviz_ogre_vendor::OgreMain for IMPORTED_LOCATION_DEBUG: /opt/ros/foxy/opt/rviz_ogre_vendor/lib/libOgreMain.so
[2.500s] -- rviz_ogre_vendor::RenderSystem_GL for IMPORTED_LOCATION_RELEASE: _render_system_gl_static_library_abs-NOTFOUND
[2.500s] -- rviz_ogre_vendor::RenderSystem_GL for IMPORTED_LOCATION_DEBUG: _render_system_gl_static_library_abs-NOTFOUND
[2.505s] -- library: libassimp.so.5
[2.534s] -- library: /usr/lib/x86_64-linux-gnu/libcurl.so
[2.684s] -- Setting yaml-cpp_DIR to: '/opt/ros/foxy/share/yaml_cpp_vendor/cmake/../../../opt/yaml_cpp_vendor/lib/cmake/yaml-cpp'
[2.691s] -- Found rviz_default_plugins: 8.2.7 (/opt/ros/foxy/share/rviz_default_plugins/cmake)
[3.663s] -- A library with LAPACK API found.
[3.668s] -- Found installed version of Eigen: /usr/lib/cmake/eigen3
[3.670s] -- Found required Ceres dependency: Eigen version 3.3.7 in /usr/include/eigen3
[3.673s] -- Found required Ceres dependency: glog
[3.680s] -- Found installed version of gflags: /usr/lib/x86_64-linux-gnu/cmake/gflags
[3.680s] -- Detected gflags version: 2.2.2
[3.683s] -- Found required Ceres dependency: gflags
[3.684s] -- Found Ceres version: 1.14.0 installed in: /usr with components: [EigenSparse, SparseLinearAlgebraLibrary, LAPACK, SuiteSparse, CXSparse, SchurSpecializations, OpenMP, Multithreading]
[3.751s] -- Found PythonInterp: /usr/bin/python3 (found version "3.8.10") 
[4.246s] -- Found ament_cmake_ros: 0.9.2 (/opt/ros/foxy/share/ament_cmake_ros/cmake)
[4.884s] -- Using all available rosidl_typesupport_c: rosidl_typesupport_fastrtps_c;rosidl_typesupport_introspection_c
[5.158s] -- Using all available rosidl_typesupport_cpp: rosidl_typesupport_fastrtps_cpp;rosidl_typesupport_introspection_cpp
[5.202s] -- Found PythonInterp: /usr/bin/python3 (found suitable version "3.8.10", minimum required is "3.5") 
[5.203s] -- Found python_cmake_module: 0.8.1 (/opt/ros/foxy/share/python_cmake_module/cmake)
[5.240s] -- Using PYTHON_EXECUTABLE: /usr/bin/python3
[5.240s] -- Using PYTHON_INCLUDE_DIRS: /usr/include/python3.8
[5.240s] -- Using PYTHON_LIBRARIES: /usr/lib/x86_64-linux-gnu/libpython3.8.so
[5.505s] -- Configuring done
[6.203s] -- Generating done
[6.215s] -- Build files have been written to: /root/researchv2/build/slam_toolbox
[6.239s] Invoked command in '/root/researchv2/build/slam_toolbox' returned '0': CMAKE_PREFIX_PATH=/opt/ros/foxy /usr/bin/cmake /root/researchv2/src/slam_toolbox -DAMENT_CMAKE_SYMLINK_INSTALL=1 -DCMAKE_INSTALL_PREFIX=/root/researchv2/install/slam_toolbox
[6.243s] Invoking command in '/root/researchv2/build/slam_toolbox': CMAKE_PREFIX_PATH=/opt/ros/foxy /usr/bin/cmake --build /root/researchv2/build/slam_toolbox -- -j12 -l12
[6.332s] [  1%] Built target slam_toolbox__cpp
[6.341s] [ 10%] Built target slam_toolbox__rosidl_generator_c
[6.355s] [ 11%] [32m[1mLinking CXX shared library libkartoSlamToolbox.so[0m
[6.386s] [ 27%] Built target slam_toolbox__rosidl_typesupport_introspection_cpp
[6.387s] [ 35%] Built target slam_toolbox__rosidl_typesupport_c
[6.388s] [ 38%] Built target slam_toolbox__rosidl_typesupport_introspection_c
[6.411s] [ 47%] Built target slam_toolbox__rosidl_typesupport_cpp
[6.411s] [ 48%] [32m[1mLinking CXX shared library libslam_toolbox__rosidl_typesupport_fastrtps_cpp.so[0m
[6.596s] [ 56%] Built target slam_toolbox__rosidl_typesupport_fastrtps_cpp
[6.661s] [ 57%] [32m[1mLinking CXX shared library libslam_toolbox__rosidl_typesupport_fastrtps_c.so[0m
[6.838s] [ 65%] Built target slam_toolbox__rosidl_typesupport_fastrtps_c
[6.870s] [ 65%] Built target slam_toolbox
[6.909s] [ 66%] Built target slam_toolbox__py
[6.962s] [ 67%] [32m[1mLinking C shared library rosidl_generator_py/slam_toolbox/libslam_toolbox__python.so[0m
[7.011s] [ 69%] Built target SlamToolboxPlugin
[7.098s] [ 76%] Built target slam_toolbox__python
[7.142s] [ 77%] Built target kartoSlamToolbox
[7.157s] [ 78%] [32m[1mLinking C shared library rosidl_generator_py/slam_toolbox/slam_toolbox_s__rosidl_typesupport_c.cpython-38-x86_64-linux-gnu.so[0m
[7.170s] [ 79%] [32m[1mLinking CXX shared library rosidl_generator_py/slam_toolbox/slam_toolbox_s__rosidl_typesupport_fastrtps_c.cpython-38-x86_64-linux-gnu.so[0m
[7.176s] [ 79%] [32m[1mLinking C shared library rosidl_generator_py/slam_toolbox/slam_toolbox_s__rosidl_typesupport_introspection_c.cpython-38-x86_64-linux-gnu.so[0m
[7.250s] [ 80%] [32m[1mLinking CXX shared library libceres_solver_plugin.so[0m
[7.261s] [ 81%] [32m[1mLinking CXX shared library libtoolbox_common.so[0m
[7.275s] [ 81%] Built target slam_toolbox__rosidl_typesupport_c__pyext
[7.292s] [ 82%] Built target slam_toolbox__rosidl_typesupport_introspection_c__pyext
[7.321s] [ 82%] Built target slam_toolbox__rosidl_typesupport_fastrtps_c__pyext
[8.204s] [ 83%] Built target ceres_solver_plugin
[8.740s] [ 87%] Built target toolbox_common
[8.826s] [ 88%] [32m[1mLinking CXX shared library libsync_slam_toolbox.so[0m
[8.831s] [ 88%] [32m[1mLinking CXX executable merge_maps_kinematic[0m
[8.844s] [ 89%] [32m[1mLinking CXX shared library libasync_slam_toolbox.so[0m
[8.854s] [ 90%] [32m[1mLinking CXX shared library liblifelong_slam_toolbox.so[0m
[8.879s] [ 90%] [32m[1mLinking CXX shared library liblocalization_slam_toolbox.so[0m
[10.261s] [ 91%] Built target lifelong_slam_toolbox
[10.439s] [ 92%] [32m[1mLinking CXX executable lifelong_slam_toolbox_node[0m
[10.458s] [ 93%] Built target sync_slam_toolbox
[10.522s] [ 94%] Built target async_slam_toolbox
[10.541s] [ 95%] [32m[1mLinking CXX executable sync_slam_toolbox_node[0m
[10.659s] [ 96%] Built target localization_slam_toolbox
[10.670s] [ 96%] [32m[1mLinking CXX executable async_slam_toolbox_node[0m
[10.794s] [ 97%] [32m[1mLinking CXX executable localization_slam_toolbox_node[0m
[11.389s] [ 98%] Built target merge_maps_kinematic
[11.868s] [ 98%] Built target sync_slam_toolbox_node
[11.984s] [ 98%] Built target lifelong_slam_toolbox_node
[12.069s] [ 99%] Built target async_slam_toolbox_node
[12.284s] [100%] Built target localization_slam_toolbox_node
[12.311s] Invoked command in '/root/researchv2/build/slam_toolbox' returned '0': CMAKE_PREFIX_PATH=/opt/ros/foxy /usr/bin/cmake --build /root/researchv2/build/slam_toolbox -- -j12 -l12
[12.875s] Invoking command in '/root/researchv2/build/slam_toolbox': CMAKE_PREFIX_PATH=/opt/ros/foxy /usr/bin/cmake --install /root/researchv2/build/slam_toolbox
[12.903s] -- Install configuration: "Release"
[12.905s] -- Execute custom install script
[12.906s] -- Symlinking: /root/researchv2/install/slam_toolbox/include//karto_sdk/Karto.h
[12.960s] -- Symlinking: /root/researchv2/install/slam_toolbox/include//karto_sdk/Macros.h
[12.977s] -- Symlinking: /root/researchv2/install/slam_toolbox/include//karto_sdk/Mapper.h
[12.995s] -- Symlinking: /root/researchv2/install/slam_toolbox/include//karto_sdk/Math.h
[13.013s] -- Symlinking: /root/researchv2/install/slam_toolbox/include//karto_sdk/Types.h
[13.028s] -- Symlinking: /root/researchv2/install/slam_toolbox/include//karto_sdk/nanoflann.hpp
[13.044s] -- Symlinking: /root/researchv2/install/slam_toolbox/include//karto_sdk/nanoflann_adaptors.h
[13.061s] -- Symlinking: /root/researchv2/install/slam_toolbox/lib/libkartoSlamToolbox.so
[13.075s] -- Symlinking: /root/researchv2/install/slam_toolbox/share/karto_sdk/environment/library_path.sh
[13.087s] -- Symlinking: /root/researchv2/install/slam_toolbox/share/karto_sdk/environment/library_path.dsv
[13.100s] -- Symlinking: /root/researchv2/install/slam_toolbox/share/ament_index/resource_index/package_run_dependencies/karto_sdk
[13.112s] -- Symlinking: /root/researchv2/install/slam_toolbox/share/ament_index/resource_index/parent_prefix_path/karto_sdk
[13.130s] -- Symlinking: /root/researchv2/install/slam_toolbox/share/karto_sdk/environment/ament_prefix_path.sh
[13.152s] -- Symlinking: /root/researchv2/install/slam_toolbox/share/karto_sdk/environment/ament_prefix_path.dsv
[13.159s] -- Symlinking: /root/researchv2/install/slam_toolbox/share/karto_sdk/environment/path.sh
[13.172s] -- Symlinking: /root/researchv2/install/slam_toolbox/share/karto_sdk/environment/path.dsv
[13.194s] -- Symlinking: /root/researchv2/install/slam_toolbox/share/karto_sdk/local_setup.bash
[13.217s] -- Symlinking: /root/researchv2/install/slam_toolbox/share/karto_sdk/local_setup.sh
[13.236s] -- Symlinking: /root/researchv2/install/slam_toolbox/share/karto_sdk/local_setup.zsh
[13.254s] -- Symlinking: /root/researchv2/install/slam_toolbox/share/karto_sdk/local_setup.dsv
[13.268s] -- Symlinking: /root/researchv2/install/slam_toolbox/share/karto_sdk/package.dsv
[13.280s] -- Symlinking: /root/researchv2/install/slam_toolbox/share/ament_index/resource_index/packages/karto_sdk
[13.293s] -- Symlinking: /root/researchv2/install/slam_toolbox/share/karto_sdk/cmake/ament_cmake_export_libraries-extras.cmake
[13.306s] -- Symlinking: /root/researchv2/install/slam_toolbox/share/karto_sdk/cmake/ament_cmake_export_include_directories-extras.cmake
[13.319s] -- Symlinking: /root/researchv2/install/slam_toolbox/share/karto_sdk/cmake/ament_cmake_export_dependencies-extras.cmake
[13.334s] -- Symlinking: /root/researchv2/install/slam_toolbox/share/karto_sdk/cmake/karto_sdkConfig.cmake
[13.346s] -- Symlinking: /root/researchv2/install/slam_toolbox/share/karto_sdk/cmake/karto_sdkConfig-version.cmake
[13.364s] -- Symlinking: /root/researchv2/install/slam_toolbox/share/karto_sdk/package.xml
[13.389s] -- Symlinking: /root/researchv2/install/slam_toolbox/share/ament_index/resource_index/rosidl_interfaces/slam_toolbox
[13.406s] -- Symlinking: /root/researchv2/install/slam_toolbox/include/slam_toolbox/msg/rosidl_generator_c__visibility_control.h
[13.425s] -- Symlinking: /root/researchv2/install/slam_toolbox/include/slam_toolbox/srv/add_submap.h
[13.441s] -- Symlinking: /root/researchv2/install/slam_toolbox/include/slam_toolbox/srv/clear.h
[13.457s] -- Symlinking: /root/researchv2/install/slam_toolbox/include/slam_toolbox/srv/clear_queue.h
[13.471s] -- Symlinking: /root/researchv2/install/slam_toolbox/include/slam_toolbox/srv/deserialize_pose_graph.h
[13.485s] -- Symlinking: /root/researchv2/install/slam_toolbox/include/slam_toolbox/srv/detail/add_submap__functions.h
[13.498s] -- Symlinking: /root/researchv2/install/slam_toolbox/include/slam_toolbox/srv/detail/add_submap__struct.h
[13.510s] -- Symlinking: /root/researchv2/install/slam_toolbox/include/slam_toolbox/srv/detail/add_submap__type_support.h
[13.522s] -- Symlinking: /root/researchv2/install/slam_toolbox/include/slam_toolbox/srv/detail/clear__functions.h
[13.537s] -- Symlinking: /root/researchv2/install/slam_toolbox/include/slam_toolbox/srv/detail/clear__struct.h
[13.551s] -- Symlinking: /root/researchv2/install/slam_toolbox/include/slam_toolbox/srv/detail/clear__type_support.h
[13.563s] -- Symlinking: /root/researchv2/install/slam_toolbox/include/slam_toolbox/srv/detail/clear_queue__functions.h
[13.580s] -- Symlinking: /root/researchv2/install/slam_toolbox/include/slam_toolbox/srv/detail/clear_queue__struct.h
[13.594s] -- Symlinking: /root/researchv2/install/slam_toolbox/include/slam_toolbox/srv/detail/clear_queue__type_support.h
[13.609s] -- Symlinking: /root/researchv2/install/slam_toolbox/include/slam_toolbox/srv/detail/deserialize_pose_graph__functions.h
[13.624s] -- Symlinking: /root/researchv2/install/slam_toolbox/include/slam_toolbox/srv/detail/deserialize_pose_graph__struct.h
[13.640s] -- Symlinking: /root/researchv2/install/slam_toolbox/include/slam_toolbox/srv/detail/deserialize_pose_graph__type_support.h
[13.653s] -- Symlinking: /root/researchv2/install/slam_toolbox/include/slam_toolbox/srv/detail/loop_closure__functions.h
[13.666s] -- Symlinking: /root/researchv2/install/slam_toolbox/include/slam_toolbox/srv/detail/loop_closure__struct.h
[13.680s] -- Symlinking: /root/researchv2/install/slam_toolbox/include/slam_toolbox/srv/detail/loop_closure__type_support.h
[13.692s] -- Symlinking: /root/researchv2/install/slam_toolbox/include/slam_toolbox/srv/detail/merge_maps__functions.h
[13.704s] -- Symlinking: /root/researchv2/install/slam_toolbox/include/slam_toolbox/srv/detail/merge_maps__struct.h
[13.716s] -- Symlinking: /root/researchv2/install/slam_toolbox/include/slam_toolbox/srv/detail/merge_maps__type_support.h
[13.733s] -- Symlinking: /root/researchv2/install/slam_toolbox/include/slam_toolbox/srv/detail/pause__functions.h
[13.749s] -- Symlinking: /root/researchv2/install/slam_toolbox/include/slam_toolbox/srv/detail/pause__struct.h
[13.763s] -- Symlinking: /root/researchv2/install/slam_toolbox/include/slam_toolbox/srv/detail/pause__type_support.h
[13.777s] -- Symlinking: /root/researchv2/install/slam_toolbox/include/slam_toolbox/srv/detail/save_map__functions.h
[13.791s] -- Symlinking: /root/researchv2/install/slam_toolbox/include/slam_toolbox/srv/detail/save_map__struct.h
[13.805s] -- Symlinking: /root/researchv2/install/slam_toolbox/include/slam_toolbox/srv/detail/save_map__type_support.h
[13.818s] -- Symlinking: /root/researchv2/install/slam_toolbox/include/slam_toolbox/srv/detail/serialize_pose_graph__functions.h
[13.835s] -- Symlinking: /root/researchv2/install/slam_toolbox/include/slam_toolbox/srv/detail/serialize_pose_graph__struct.h
[13.851s] -- Symlinking: /root/researchv2/install/slam_toolbox/include/slam_toolbox/srv/detail/serialize_pose_graph__type_support.h
[13.864s] -- Symlinking: /root/researchv2/install/slam_toolbox/include/slam_toolbox/srv/detail/toggle_interactive__functions.h
[13.875s] -- Symlinking: /root/researchv2/install/slam_toolbox/include/slam_toolbox/srv/detail/toggle_interactive__struct.h
[13.888s] -- Symlinking: /root/researchv2/install/slam_toolbox/include/slam_toolbox/srv/detail/toggle_interactive__type_support.h
[13.904s] -- Symlinking: /root/researchv2/install/slam_toolbox/include/slam_toolbox/srv/loop_closure.h
[13.919s] -- Symlinking: /root/researchv2/install/slam_toolbox/include/slam_toolbox/srv/merge_maps.h
[13.936s] -- Symlinking: /root/researchv2/install/slam_toolbox/include/slam_toolbox/srv/pause.h
[13.951s] -- Symlinking: /root/researchv2/install/slam_toolbox/include/slam_toolbox/srv/save_map.h
[13.964s] -- Symlinking: /root/researchv2/install/slam_toolbox/include/slam_toolbox/srv/serialize_pose_graph.h
[13.978s] -- Symlinking: /root/researchv2/install/slam_toolbox/include/slam_toolbox/srv/toggle_interactive.h
[13.993s] -- Symlinking: /root/researchv2/install/slam_toolbox/share/slam_toolbox/environment/library_path.sh
[14.006s] -- Symlinking: /root/researchv2/install/slam_toolbox/share/slam_toolbox/environment/library_path.dsv
[14.021s] -- Symlinking: /root/researchv2/install/slam_toolbox/include/slam_toolbox/msg/rosidl_typesupport_fastrtps_c__visibility_control.h
[14.036s] -- Symlinking: /root/researchv2/install/slam_toolbox/include/slam_toolbox/srv/detail/add_submap__rosidl_typesupport_fastrtps_c.h
[14.050s] -- Symlinking: /root/researchv2/install/slam_toolbox/include/slam_toolbox/srv/detail/clear__rosidl_typesupport_fastrtps_c.h
[14.063s] -- Symlinking: /root/researchv2/install/slam_toolbox/include/slam_toolbox/srv/detail/clear_queue__rosidl_typesupport_fastrtps_c.h
[14.077s] -- Symlinking: /root/researchv2/install/slam_toolbox/include/slam_toolbox/srv/detail/deserialize_pose_graph__rosidl_typesupport_fastrtps_c.h
[14.094s] -- Symlinking: /root/researchv2/install/slam_toolbox/include/slam_toolbox/srv/detail/loop_closure__rosidl_typesupport_fastrtps_c.h
[14.111s] -- Symlinking: /root/researchv2/install/slam_toolbox/include/slam_toolbox/srv/detail/merge_maps__rosidl_typesupport_fastrtps_c.h
[14.127s] -- Symlinking: /root/researchv2/install/slam_toolbox/include/slam_toolbox/srv/detail/pause__rosidl_typesupport_fastrtps_c.h
[14.143s] -- Symlinking: /root/researchv2/install/slam_toolbox/include/slam_toolbox/srv/detail/save_map__rosidl_typesupport_fastrtps_c.h
[14.156s] -- Symlinking: /root/researchv2/install/slam_toolbox/include/slam_toolbox/srv/detail/serialize_pose_graph__rosidl_typesupport_fastrtps_c.h
[14.170s] -- Symlinking: /root/researchv2/install/slam_toolbox/include/slam_toolbox/srv/detail/toggle_interactive__rosidl_typesupport_fastrtps_c.h
[14.184s] -- Symlinking: /root/researchv2/install/slam_toolbox/lib/libslam_toolbox__rosidl_typesupport_fastrtps_c.so
[14.198s] -- Symlinking: /root/researchv2/install/slam_toolbox/include/slam_toolbox/msg/rosidl_typesupport_fastrtps_cpp__visibility_control.h
[14.212s] -- Symlinking: /root/researchv2/install/slam_toolbox/include/slam_toolbox/srv/detail/add_submap__rosidl_typesupport_fastrtps_cpp.hpp
[14.229s] -- Symlinking: /root/researchv2/install/slam_toolbox/include/slam_toolbox/srv/detail/clear__rosidl_typesupport_fastrtps_cpp.hpp
[14.242s] -- Symlinking: /root/researchv2/install/slam_toolbox/include/slam_toolbox/srv/detail/clear_queue__rosidl_typesupport_fastrtps_cpp.hpp
[14.255s] -- Symlinking: /root/researchv2/install/slam_toolbox/include/slam_toolbox/srv/detail/deserialize_pose_graph__rosidl_typesupport_fastrtps_cpp.hpp
[14.267s] -- Symlinking: /root/researchv2/install/slam_toolbox/include/slam_toolbox/srv/detail/loop_closure__rosidl_typesupport_fastrtps_cpp.hpp
[14.280s] -- Symlinking: /root/researchv2/install/slam_toolbox/include/slam_toolbox/srv/detail/merge_maps__rosidl_typesupport_fastrtps_cpp.hpp
[14.293s] -- Symlinking: /root/researchv2/install/slam_toolbox/include/slam_toolbox/srv/detail/pause__rosidl_typesupport_fastrtps_cpp.hpp
[14.305s] -- Symlinking: /root/researchv2/install/slam_toolbox/include/slam_toolbox/srv/detail/save_map__rosidl_typesupport_fastrtps_cpp.hpp
[14.319s] -- Symlinking: /root/researchv2/install/slam_toolbox/include/slam_toolbox/srv/detail/serialize_pose_graph__rosidl_typesupport_fastrtps_cpp.hpp
[14.333s] -- Symlinking: /root/researchv2/install/slam_toolbox/include/slam_toolbox/srv/detail/toggle_interactive__rosidl_typesupport_fastrtps_cpp.hpp
[14.345s] -- Symlinking: /root/researchv2/install/slam_toolbox/lib/libslam_toolbox__rosidl_typesupport_fastrtps_cpp.so
[14.358s] -- Symlinking: /root/researchv2/install/slam_toolbox/include/slam_toolbox/msg/rosidl_typesupport_introspection_c__visibility_control.h
[14.370s] -- Symlinking: /root/researchv2/install/slam_toolbox/include/slam_toolbox/srv/detail/add_submap__rosidl_typesupport_introspection_c.h
[14.384s] -- Symlinking: /root/researchv2/install/slam_toolbox/include/slam_toolbox/srv/detail/clear__rosidl_typesupport_introspection_c.h
[14.398s] -- Symlinking: /root/researchv2/install/slam_toolbox/include/slam_toolbox/srv/detail/clear_queue__rosidl_typesupport_introspection_c.h
[14.412s] -- Symlinking: /root/researchv2/install/slam_toolbox/include/slam_toolbox/srv/detail/deserialize_pose_graph__rosidl_typesupport_introspection_c.h
[14.429s] -- Symlinking: /root/researchv2/install/slam_toolbox/include/slam_toolbox/srv/detail/loop_closure__rosidl_typesupport_introspection_c.h
[14.445s] -- Symlinking: /root/researchv2/install/slam_toolbox/include/slam_toolbox/srv/detail/merge_maps__rosidl_typesupport_introspection_c.h
[14.461s] -- Symlinking: /root/researchv2/install/slam_toolbox/include/slam_toolbox/srv/detail/pause__rosidl_typesupport_introspection_c.h
[14.477s] -- Symlinking: /root/researchv2/install/slam_toolbox/include/slam_toolbox/srv/detail/save_map__rosidl_typesupport_introspection_c.h
[14.492s] -- Symlinking: /root/researchv2/install/slam_toolbox/include/slam_toolbox/srv/detail/serialize_pose_graph__rosidl_typesupport_introspection_c.h
[14.506s] -- Symlinking: /root/researchv2/install/slam_toolbox/include/slam_toolbox/srv/detail/toggle_interactive__rosidl_typesupport_introspection_c.h
[14.526s] -- Symlinking: /root/researchv2/install/slam_toolbox/include/slam_toolbox/srv/add_submap.hpp
[14.539s] -- Symlinking: /root/researchv2/install/slam_toolbox/include/slam_toolbox/srv/clear.hpp
[14.551s] -- Symlinking: /root/researchv2/install/slam_toolbox/include/slam_toolbox/srv/clear_queue.hpp
[14.568s] -- Symlinking: /root/researchv2/install/slam_toolbox/include/slam_toolbox/srv/deserialize_pose_graph.hpp
[14.581s] -- Symlinking: /root/researchv2/install/slam_toolbox/include/slam_toolbox/srv/detail/add_submap__builder.hpp
[14.596s] -- Symlinking: /root/researchv2/install/slam_toolbox/include/slam_toolbox/srv/detail/add_submap__struct.hpp
[14.610s] -- Symlinking: /root/researchv2/install/slam_toolbox/include/slam_toolbox/srv/detail/add_submap__traits.hpp
[14.625s] -- Symlinking: /root/researchv2/install/slam_toolbox/include/slam_toolbox/srv/detail/clear__builder.hpp
[14.641s] -- Symlinking: /root/researchv2/install/slam_toolbox/include/slam_toolbox/srv/detail/clear__struct.hpp
[14.658s] -- Symlinking: /root/researchv2/install/slam_toolbox/include/slam_toolbox/srv/detail/clear__traits.hpp
[14.671s] -- Symlinking: /root/researchv2/install/slam_toolbox/include/slam_toolbox/srv/detail/clear_queue__builder.hpp
[14.687s] -- Symlinking: /root/researchv2/install/slam_toolbox/include/slam_toolbox/srv/detail/clear_queue__struct.hpp
[14.703s] -- Symlinking: /root/researchv2/install/slam_toolbox/include/slam_toolbox/srv/detail/clear_queue__traits.hpp
[14.719s] -- Symlinking: /root/researchv2/install/slam_toolbox/include/slam_toolbox/srv/detail/deserialize_pose_graph__builder.hpp
[14.737s] -- Symlinking: /root/researchv2/install/slam_toolbox/include/slam_toolbox/srv/detail/deserialize_pose_graph__struct.hpp
[14.752s] -- Symlinking: /root/researchv2/install/slam_toolbox/include/slam_toolbox/srv/detail/deserialize_pose_graph__traits.hpp
[14.767s] -- Symlinking: /root/researchv2/install/slam_toolbox/include/slam_toolbox/srv/detail/loop_closure__builder.hpp
[14.784s] -- Symlinking: /root/researchv2/install/slam_toolbox/include/slam_toolbox/srv/detail/loop_closure__struct.hpp
[14.804s] -- Symlinking: /root/researchv2/install/slam_toolbox/include/slam_toolbox/srv/detail/loop_closure__traits.hpp
[14.820s] -- Symlinking: /root/researchv2/install/slam_toolbox/include/slam_toolbox/srv/detail/merge_maps__builder.hpp
[14.842s] -- Symlinking: /root/researchv2/install/slam_toolbox/include/slam_toolbox/srv/detail/merge_maps__struct.hpp
[14.862s] -- Symlinking: /root/researchv2/install/slam_toolbox/include/slam_toolbox/srv/detail/merge_maps__traits.hpp
[14.883s] -- Symlinking: /root/researchv2/install/slam_toolbox/include/slam_toolbox/srv/detail/pause__builder.hpp
[14.900s] -- Symlinking: /root/researchv2/install/slam_toolbox/include/slam_toolbox/srv/detail/pause__struct.hpp
[14.918s] -- Symlinking: /root/researchv2/install/slam_toolbox/include/slam_toolbox/srv/detail/pause__traits.hpp
[14.936s] -- Symlinking: /root/researchv2/install/slam_toolbox/include/slam_toolbox/srv/detail/save_map__builder.hpp
[14.959s] -- Symlinking: /root/researchv2/install/slam_toolbox/include/slam_toolbox/srv/detail/save_map__struct.hpp
[14.977s] -- Symlinking: /root/researchv2/install/slam_toolbox/include/slam_toolbox/srv/detail/save_map__traits.hpp
[15.022s] -- Symlinking: /root/researchv2/install/slam_toolbox/include/slam_toolbox/srv/detail/serialize_pose_graph__builder.hpp
[15.057s] -- Symlinking: /root/researchv2/install/slam_toolbox/include/slam_toolbox/srv/detail/serialize_pose_graph__struct.hpp
[15.075s] -- Symlinking: /root/researchv2/install/slam_toolbox/include/slam_toolbox/srv/detail/serialize_pose_graph__traits.hpp
[15.093s] -- Symlinking: /root/researchv2/install/slam_toolbox/include/slam_toolbox/srv/detail/toggle_interactive__builder.hpp
[15.110s] -- Symlinking: /root/researchv2/install/slam_toolbox/include/slam_toolbox/srv/detail/toggle_interactive__struct.hpp
[15.124s] -- Symlinking: /root/researchv2/install/slam_toolbox/include/slam_toolbox/srv/detail/toggle_interactive__traits.hpp
[15.139s] -- Symlinking: /root/researchv2/install/slam_toolbox/include/slam_toolbox/srv/loop_closure.hpp
[15.155s] -- Symlinking: /root/researchv2/install/slam_toolbox/include/slam_toolbox/srv/merge_maps.hpp
[15.172s] -- Symlinking: /root/researchv2/install/slam_toolbox/include/slam_toolbox/srv/pause.hpp
[15.190s] -- Symlinking: /root/researchv2/install/slam_toolbox/include/slam_toolbox/srv/save_map.hpp
[15.207s] -- Symlinking: /root/researchv2/install/slam_toolbox/include/slam_toolbox/srv/serialize_pose_graph.hpp
[15.225s] -- Symlinking: /root/researchv2/install/slam_toolbox/include/slam_toolbox/srv/toggle_interactive.hpp
[15.243s] -- Symlinking: /root/researchv2/install/slam_toolbox/include/slam_toolbox/srv/detail/add_submap__rosidl_typesupport_introspection_cpp.hpp
[15.258s] -- Symlinking: /root/researchv2/install/slam_toolbox/include/slam_toolbox/srv/detail/clear__rosidl_typesupport_introspection_cpp.hpp
[15.274s] -- Symlinking: /root/researchv2/install/slam_toolbox/include/slam_toolbox/srv/detail/clear_queue__rosidl_typesupport_introspection_cpp.hpp
[15.286s] -- Symlinking: /root/researchv2/install/slam_toolbox/include/slam_toolbox/srv/detail/deserialize_pose_graph__rosidl_typesupport_introspection_cpp.hpp
[15.299s] -- Symlinking: /root/researchv2/install/slam_toolbox/include/slam_toolbox/srv/detail/loop_closure__rosidl_typesupport_introspection_cpp.hpp
[15.311s] -- Symlinking: /root/researchv2/install/slam_toolbox/include/slam_toolbox/srv/detail/merge_maps__rosidl_typesupport_introspection_cpp.hpp
[15.323s] -- Symlinking: /root/researchv2/install/slam_toolbox/include/slam_toolbox/srv/detail/pause__rosidl_typesupport_introspection_cpp.hpp
[15.339s] -- Symlinking: /root/researchv2/install/slam_toolbox/include/slam_toolbox/srv/detail/save_map__rosidl_typesupport_introspection_cpp.hpp
[15.355s] -- Symlinking: /root/researchv2/install/slam_toolbox/include/slam_toolbox/srv/detail/serialize_pose_graph__rosidl_typesupport_introspection_cpp.hpp
[15.377s] -- Symlinking: /root/researchv2/install/slam_toolbox/include/slam_toolbox/srv/detail/toggle_interactive__rosidl_typesupport_introspection_cpp.hpp
[15.391s] -- Symlinking: /root/researchv2/install/slam_toolbox/share/slam_toolbox/environment/pythonpath.sh
[15.406s] -- Symlinking: /root/researchv2/install/slam_toolbox/share/slam_toolbox/environment/pythonpath.dsv
[15.420s] -- Symlinking: /root/researchv2/install/slam_toolbox/lib/python3.8/site-packages/slam_toolbox/__init__.py
[15.437s] -- Symlinking: /root/researchv2/install/slam_toolbox/lib/python3.8/site-packages/slam_toolbox/srv/__init__.py
[15.452s] -- Symlinking: /root/researchv2/install/slam_toolbox/lib/python3.8/site-packages/slam_toolbox/srv/_add_submap.py
[15.465s] -- Symlinking: /root/researchv2/install/slam_toolbox/lib/python3.8/site-packages/slam_toolbox/srv/_clear.py
[15.479s] -- Symlinking: /root/researchv2/install/slam_toolbox/lib/python3.8/site-packages/slam_toolbox/srv/_clear_queue.py
[15.495s] -- Symlinking: /root/researchv2/install/slam_toolbox/lib/python3.8/site-packages/slam_toolbox/srv/_deserialize_pose_graph.py
[15.511s] -- Symlinking: /root/researchv2/install/slam_toolbox/lib/python3.8/site-packages/slam_toolbox/srv/_loop_closure.py
[15.526s] -- Symlinking: /root/researchv2/install/slam_toolbox/lib/python3.8/site-packages/slam_toolbox/srv/_merge_maps.py
[15.543s] -- Symlinking: /root/researchv2/install/slam_toolbox/lib/python3.8/site-packages/slam_toolbox/srv/_pause.py
[15.557s] -- Symlinking: /root/researchv2/install/slam_toolbox/lib/python3.8/site-packages/slam_toolbox/srv/_save_map.py
[15.571s] -- Symlinking: /root/researchv2/install/slam_toolbox/lib/python3.8/site-packages/slam_toolbox/srv/_serialize_pose_graph.py
[15.584s] -- Symlinking: /root/researchv2/install/slam_toolbox/lib/python3.8/site-packages/slam_toolbox/srv/_toggle_interactive.py
[15.602s] -- Symlinking: /root/researchv2/install/slam_toolbox/lib/python3.8/site-packages/slam_toolbox/slam_toolbox_s__rosidl_typesupport_fastrtps_c.cpython-38-x86_64-linux-gnu.so
[15.617s] -- Symlinking: /root/researchv2/install/slam_toolbox/lib/python3.8/site-packages/slam_toolbox/slam_toolbox_s__rosidl_typesupport_introspection_c.cpython-38-x86_64-linux-gnu.so
[15.634s] -- Symlinking: /root/researchv2/install/slam_toolbox/lib/python3.8/site-packages/slam_toolbox/slam_toolbox_s__rosidl_typesupport_c.cpython-38-x86_64-linux-gnu.so
[15.648s] -- Symlinking: /root/researchv2/install/slam_toolbox/lib/libslam_toolbox__python.so
[15.662s] -- Symlinking: /root/researchv2/install/slam_toolbox/share/slam_toolbox/srv/Pause.idl
[15.676s] -- Symlinking: /root/researchv2/install/slam_toolbox/share/slam_toolbox/srv/ClearQueue.idl
[15.690s] -- Symlinking: /root/researchv2/install/slam_toolbox/share/slam_toolbox/srv/ToggleInteractive.idl
[15.704s] -- Symlinking: /root/researchv2/install/slam_toolbox/share/slam_toolbox/srv/Clear.idl
[15.718s] -- Symlinking: /root/researchv2/install/slam_toolbox/share/slam_toolbox/srv/SaveMap.idl
[15.737s] -- Symlinking: /root/researchv2/install/slam_toolbox/share/slam_toolbox/srv/LoopClosure.idl
[15.758s] -- Symlinking: /root/researchv2/install/slam_toolbox/share/slam_toolbox/srv/MergeMaps.idl
[15.774s] -- Symlinking: /root/researchv2/install/slam_toolbox/share/slam_toolbox/srv/AddSubmap.idl
[15.791s] -- Symlinking: /root/researchv2/install/slam_toolbox/share/slam_toolbox/srv/DeserializePoseGraph.idl
[15.808s] -- Symlinking: /root/researchv2/install/slam_toolbox/share/slam_toolbox/srv/SerializePoseGraph.idl
[15.825s] -- Symlinking: /root/researchv2/install/slam_toolbox/share/slam_toolbox/srvs/Pause.srv
[15.840s] -- Symlinking: /root/researchv2/install/slam_toolbox/share/slam_toolbox/srvs/Pause_Request.msg
[15.856s] -- Symlinking: /root/researchv2/install/slam_toolbox/share/slam_toolbox/srvs/Pause_Response.msg
[15.870s] -- Symlinking: /root/researchv2/install/slam_toolbox/share/slam_toolbox/srvs/ClearQueue.srv
[15.882s] -- Symlinking: /root/researchv2/install/slam_toolbox/share/slam_toolbox/srvs/ClearQueue_Request.msg
[15.896s] -- Symlinking: /root/researchv2/install/slam_toolbox/share/slam_toolbox/srvs/ClearQueue_Response.msg
[15.910s] -- Symlinking: /root/researchv2/install/slam_toolbox/share/slam_toolbox/srvs/ToggleInteractive.srv
[15.923s] -- Symlinking: /root/researchv2/install/slam_toolbox/share/slam_toolbox/srvs/ToggleInteractive_Request.msg
[15.941s] -- Symlinking: /root/researchv2/install/slam_toolbox/share/slam_toolbox/srvs/ToggleInteractive_Response.msg
[15.956s] -- Symlinking: /root/researchv2/install/slam_toolbox/share/slam_toolbox/srvs/Clear.srv
[15.972s] -- Symlinking: /root/researchv2/install/slam_toolbox/share/slam_toolbox/srvs/Clear_Request.msg
[15.988s] -- Symlinking: /root/researchv2/install/slam_toolbox/share/slam_toolbox/srvs/Clear_Response.msg
[16.005s] -- Symlinking: /root/researchv2/install/slam_toolbox/share/slam_toolbox/srvs/SaveMap.srv
[16.019s] -- Symlinking: /root/researchv2/install/slam_toolbox/share/slam_toolbox/srvs/SaveMap_Request.msg
[16.035s] -- Symlinking: /root/researchv2/install/slam_toolbox/share/slam_toolbox/srvs/SaveMap_Response.msg
[16.049s] -- Symlinking: /root/researchv2/install/slam_toolbox/share/slam_toolbox/srvs/LoopClosure.srv
[16.063s] -- Symlinking: /root/researchv2/install/slam_toolbox/share/slam_toolbox/srvs/LoopClosure_Request.msg
[16.077s] -- Symlinking: /root/researchv2/install/slam_toolbox/share/slam_toolbox/srvs/LoopClosure_Response.msg
[16.090s] -- Symlinking: /root/researchv2/install/slam_toolbox/share/slam_toolbox/srvs/MergeMaps.srv
[16.105s] -- Symlinking: /root/researchv2/install/slam_toolbox/share/slam_toolbox/srvs/MergeMaps_Request.msg
[16.119s] -- Symlinking: /root/researchv2/install/slam_toolbox/share/slam_toolbox/srvs/MergeMaps_Response.msg
[16.133s] -- Symlinking: /root/researchv2/install/slam_toolbox/share/slam_toolbox/srvs/AddSubmap.srv
[16.147s] -- Symlinking: /root/researchv2/install/slam_toolbox/share/slam_toolbox/srvs/AddSubmap_Request.msg
[16.161s] -- Symlinking: /root/researchv2/install/slam_toolbox/share/slam_toolbox/srvs/AddSubmap_Response.msg
[16.174s] -- Symlinking: /root/researchv2/install/slam_toolbox/share/slam_toolbox/srvs/DeserializePoseGraph.srv
[16.187s] -- Symlinking: /root/researchv2/install/slam_toolbox/share/slam_toolbox/srvs/DeserializePoseGraph_Request.msg
[16.203s] -- Symlinking: /root/researchv2/install/slam_toolbox/share/slam_toolbox/srvs/DeserializePoseGraph_Response.msg
[16.217s] -- Symlinking: /root/researchv2/install/slam_toolbox/share/slam_toolbox/srvs/SerializePoseGraph.srv
[16.231s] -- Symlinking: /root/researchv2/install/slam_toolbox/share/slam_toolbox/srvs/SerializePoseGraph_Request.msg
[16.247s] -- Symlinking: /root/researchv2/install/slam_toolbox/share/slam_toolbox/srvs/SerializePoseGraph_Response.msg
[16.262s] -- Symlinking: /root/researchv2/install/slam_toolbox/share/slam_toolbox//rviz_plugins.xml
[16.276s] -- Symlinking: /root/researchv2/install/slam_toolbox/share/slam_toolbox//solver_plugins.xml
[16.291s] -- Symlinking: /root/researchv2/install/slam_toolbox/lib/slam_toolbox/async_slam_toolbox_node
[16.307s] -- Symlinking: /root/researchv2/install/slam_toolbox/lib/slam_toolbox/sync_slam_toolbox_node
[16.321s] -- Symlinking: /root/researchv2/install/slam_toolbox/lib/slam_toolbox/localization_slam_toolbox_node
[16.336s] -- Symlinking: /root/researchv2/install/slam_toolbox/lib/slam_toolbox/lifelong_slam_toolbox_node
[16.353s] -- Symlinking: /root/researchv2/install/slam_toolbox/lib/slam_toolbox/merge_maps_kinematic
[16.370s] -- Symlinking: /root/researchv2/install/slam_toolbox/lib/libtoolbox_common.so
[16.387s] -- Symlinking: /root/researchv2/install/slam_toolbox/lib/libSlamToolboxPlugin.so
[16.401s] -- Symlinking: /root/researchv2/install/slam_toolbox/lib/libceres_solver_plugin.so
[16.414s] -- Symlinking: /root/researchv2/install/slam_toolbox/lib/libasync_slam_toolbox.so
[16.428s] -- Symlinking: /root/researchv2/install/slam_toolbox/lib/libsync_slam_toolbox.so
[16.445s] -- Symlinking: /root/researchv2/install/slam_toolbox/lib/liblocalization_slam_toolbox.so
[16.463s] -- Symlinking: /root/researchv2/install/slam_toolbox/lib/liblifelong_slam_toolbox.so
[16.479s] -- Symlinking: /root/researchv2/install/slam_toolbox/include/slam_toolbox/experimental/slam_toolbox_lifelong.hpp
[16.496s] -- Symlinking: /root/researchv2/install/slam_toolbox/include/slam_toolbox/get_pose_helper.hpp
[16.510s] -- Symlinking: /root/researchv2/install/slam_toolbox/include/slam_toolbox/laser_utils.hpp
[16.524s] -- Symlinking: /root/researchv2/install/slam_toolbox/include/slam_toolbox/loop_closure_assistant.hpp
[16.539s] -- Symlinking: /root/researchv2/install/slam_toolbox/include/slam_toolbox/map_saver.hpp
[16.553s] -- Symlinking: /root/researchv2/install/slam_toolbox/include/slam_toolbox/merge_maps_kinematic.hpp
[16.566s] -- Symlinking: /root/researchv2/install/slam_toolbox/include/slam_toolbox/serialization.hpp
[16.582s] -- Symlinking: /root/researchv2/install/slam_toolbox/include/slam_toolbox/slam_mapper.hpp
[16.595s] -- Symlinking: /root/researchv2/install/slam_toolbox/include/slam_toolbox/slam_toolbox_async.hpp
[16.609s] -- Symlinking: /root/researchv2/install/slam_toolbox/include/slam_toolbox/slam_toolbox_common.hpp
[16.623s] -- Symlinking: /root/researchv2/install/slam_toolbox/include/slam_toolbox/slam_toolbox_localization.hpp
[16.640s] -- Symlinking: /root/researchv2/install/slam_toolbox/include/slam_toolbox/slam_toolbox_sync.hpp
[16.656s] -- Symlinking: /root/researchv2/install/slam_toolbox/include/slam_toolbox/snap_utils.hpp
[16.671s] -- Symlinking: /root/researchv2/install/slam_toolbox/include/slam_toolbox/toolbox_msgs.hpp
[16.688s] -- Symlinking: /root/researchv2/install/slam_toolbox/include/slam_toolbox/toolbox_types.hpp
[16.706s] -- Symlinking: /root/researchv2/install/slam_toolbox/include/slam_toolbox/visualization_utils.hpp
[16.723s] -- Symlinking: /root/researchv2/install/slam_toolbox/share/slam_toolbox/launch/lifelong_launch.py
[16.740s] -- Symlinking: /root/researchv2/install/slam_toolbox/share/slam_toolbox/launch/localization_launch.py
[16.757s] -- Symlinking: /root/researchv2/install/slam_toolbox/share/slam_toolbox/launch/merge_maps_kinematic_launch.py
[16.771s] -- Symlinking: /root/researchv2/install/slam_toolbox/share/slam_toolbox/launch/offline_launch.py
[16.785s] -- Symlinking: /root/researchv2/install/slam_toolbox/share/slam_toolbox/launch/online_async_launch.py
[16.799s] -- Symlinking: /root/researchv2/install/slam_toolbox/share/slam_toolbox/launch/online_sync_launch.py
[16.814s] -- Symlinking: /root/researchv2/install/slam_toolbox/share/slam_toolbox/config/mapper_params_lifelong.yaml
[16.826s] -- Symlinking: /root/researchv2/install/slam_toolbox/share/slam_toolbox/config/mapper_params_localization.yaml
[16.841s] -- Symlinking: /root/researchv2/install/slam_toolbox/share/slam_toolbox/config/mapper_params_offline.yaml
[16.855s] -- Symlinking: /root/researchv2/install/slam_toolbox/share/slam_toolbox/config/mapper_params_online_async.yaml
[16.868s] -- Symlinking: /root/researchv2/install/slam_toolbox/share/slam_toolbox/config/mapper_params_online_sync.yaml
[16.881s] -- Symlinking: /root/researchv2/install/slam_toolbox/share/solver_plugins.xml
[16.895s] -- Symlinking: /root/researchv2/install/slam_toolbox/share/rviz_plugins.xml
[16.908s] -- Symlinking: /root/researchv2/install/slam_toolbox/share/ament_index/resource_index/package_run_dependencies/slam_toolbox
[16.922s] -- Symlinking: /root/researchv2/install/slam_toolbox/share/ament_index/resource_index/parent_prefix_path/slam_toolbox
[16.936s] -- Symlinking: /root/researchv2/install/slam_toolbox/share/slam_toolbox/environment/ament_prefix_path.sh
[16.950s] -- Symlinking: /root/researchv2/install/slam_toolbox/share/slam_toolbox/environment/ament_prefix_path.dsv
[16.963s] -- Symlinking: /root/researchv2/install/slam_toolbox/share/slam_toolbox/environment/path.sh
[16.975s] -- Symlinking: /root/researchv2/install/slam_toolbox/share/slam_toolbox/environment/path.dsv
[16.989s] -- Symlinking: /root/researchv2/install/slam_toolbox/share/slam_toolbox/local_setup.bash
[17.000s] -- Symlinking: /root/researchv2/install/slam_toolbox/share/slam_toolbox/local_setup.sh
[17.014s] -- Symlinking: /root/researchv2/install/slam_toolbox/share/slam_toolbox/local_setup.zsh
[17.028s] -- Symlinking: /root/researchv2/install/slam_toolbox/share/slam_toolbox/local_setup.dsv
[17.045s] -- Symlinking: /root/researchv2/install/slam_toolbox/share/slam_toolbox/package.dsv
[17.059s] -- Symlinking: /root/researchv2/install/slam_toolbox/share/ament_index/resource_index/packages/slam_toolbox
[17.073s] -- Symlinking: /root/researchv2/install/slam_toolbox/share/ament_index/resource_index/rviz_common__pluginlib__plugin/slam_toolbox
[17.088s] -- Symlinking: /root/researchv2/install/slam_toolbox/share/ament_index/resource_index/slam_toolbox__pluginlib__plugin/slam_toolbox
[17.102s] -- Symlinking: /root/researchv2/install/slam_toolbox/share/slam_toolbox/cmake/rosidl_cmake-extras.cmake
[17.116s] -- Symlinking: /root/researchv2/install/slam_toolbox/share/slam_toolbox/cmake/ament_cmake_export_dependencies-extras.cmake
[17.130s] -- Symlinking: /root/researchv2/install/slam_toolbox/share/slam_toolbox/cmake/ament_cmake_export_libraries-extras.cmake
[17.145s] -- Symlinking: /root/researchv2/install/slam_toolbox/share/slam_toolbox/cmake/ament_cmake_export_targets-extras.cmake
[17.157s] -- Symlinking: /root/researchv2/install/slam_toolbox/share/slam_toolbox/cmake/ament_cmake_export_include_directories-extras.cmake
[17.170s] -- Symlinking: /root/researchv2/install/slam_toolbox/share/slam_toolbox/cmake/rosidl_cmake_export_typesupport_libraries-extras.cmake
[17.183s] -- Symlinking: /root/researchv2/install/slam_toolbox/share/slam_toolbox/cmake/rosidl_cmake_export_typesupport_targets-extras.cmake
[17.196s] -- Symlinking: /root/researchv2/install/slam_toolbox/share/slam_toolbox/cmake/slam_toolboxConfig.cmake
[17.209s] -- Symlinking: /root/researchv2/install/slam_toolbox/share/slam_toolbox/cmake/slam_toolboxConfig-version.cmake
[17.222s] -- Symlinking: /root/researchv2/install/slam_toolbox/share/slam_toolbox/package.xml
[17.237s] -- Up-to-date: /root/researchv2/install/slam_toolbox/lib/libslam_toolbox__rosidl_generator_c.so
[17.238s] -- Up-to-date: /root/researchv2/install/slam_toolbox/lib/libslam_toolbox__rosidl_typesupport_introspection_c.so
[17.239s] -- Up-to-date: /root/researchv2/install/slam_toolbox/lib/libslam_toolbox__rosidl_typesupport_c.so
[17.239s] -- Up-to-date: /root/researchv2/install/slam_toolbox/lib/libslam_toolbox__rosidl_typesupport_introspection_cpp.so
[17.240s] -- Up-to-date: /root/researchv2/install/slam_toolbox/lib/libslam_toolbox__rosidl_typesupport_cpp.so
[17.295s] Compiling '/root/researchv2/install/slam_toolbox/lib/python3.8/site-packages/slam_toolbox/__init__.py'...
[17.303s] -- Up-to-date: /root/researchv2/install/slam_toolbox/share/slam_toolbox/cmake/slam_toolbox__rosidl_generator_cExport.cmake
[17.303s] -- Installing: /root/researchv2/install/slam_toolbox/share/slam_toolbox/cmake/slam_toolbox__rosidl_generator_cExport-release.cmake
[17.303s] -- Up-to-date: /root/researchv2/install/slam_toolbox/share/slam_toolbox/cmake/slam_toolbox__rosidl_typesupport_introspection_cExport.cmake
[17.303s] -- Installing: /root/researchv2/install/slam_toolbox/share/slam_toolbox/cmake/slam_toolbox__rosidl_typesupport_introspection_cExport-release.cmake
[17.304s] -- Up-to-date: /root/researchv2/install/slam_toolbox/share/slam_toolbox/cmake/slam_toolbox__rosidl_typesupport_cExport.cmake
[17.304s] -- Installing: /root/researchv2/install/slam_toolbox/share/slam_toolbox/cmake/slam_toolbox__rosidl_typesupport_cExport-release.cmake
[17.305s] -- Up-to-date: /root/researchv2/install/slam_toolbox/share/slam_toolbox/cmake/slam_toolbox__rosidl_generator_cppExport.cmake
[17.305s] -- Up-to-date: /root/researchv2/install/slam_toolbox/share/slam_toolbox/cmake/slam_toolbox__rosidl_typesupport_introspection_cppExport.cmake
[17.305s] -- Installing: /root/researchv2/install/slam_toolbox/share/slam_toolbox/cmake/slam_toolbox__rosidl_typesupport_introspection_cppExport-release.cmake
[17.306s] -- Up-to-date: /root/researchv2/install/slam_toolbox/share/slam_toolbox/cmake/slam_toolbox__rosidl_typesupport_cppExport.cmake
[17.306s] -- Installing: /root/researchv2/install/slam_toolbox/share/slam_toolbox/cmake/slam_toolbox__rosidl_typesupport_cppExport-release.cmake
[17.306s] -- Up-to-date: /root/researchv2/install/slam_toolbox/share/slam_toolbox/cmake/SlamToolboxPluginExport.cmake
[17.306s] -- Installing: /root/researchv2/install/slam_toolbox/share/slam_toolbox/cmake/SlamToolboxPluginExport-release.cmake
[17.310s] Invoked command in '/root/researchv2/build/slam_toolbox' returned '0': CMAKE_PREFIX_PATH=/opt/ros/foxy /usr/bin/cmake --install /root/researchv2/build/slam_toolbox
