[0.143s] Invoking command in '/root/researchv2/build/urg_c': CMAKE_PREFIX_PATH=${CMAKE_PREFIX_PATH}:/root/openpifpaf_ros2/install/rgbd_openpifpaf_ros2:/root/openpifpaf_ros2/install/pose_checker:/root/openpifpaf_ros2/install/openpifpaf_ros2_node:/root/researchv2/install/chaser_system:/opt/ros/galactic /usr/bin/cmake --build /root/researchv2/build/urg_c -- -j12 -l12
[0.406s] [ 29%] Built target urg_c
[0.516s] [ 35%] Built target open_urg_sensor
[0.676s] [ 41%] Built target sync_time_stamp
[0.699s] [ 47%] Built target sensor_parameter
[0.706s] [ 55%] Built target get_distance
[0.707s] [ 58%] Built target timeout_test
[0.737s] [ 67%] Built target get_distance_intensity
[0.738s] [ 70%] Built target calculate_xy
[0.745s] [ 76%] Built target get_multiecho_intensity
[0.746s] [ 82%] Built target angle_convert_test
[0.772s] [ 88%] Built target get_multiecho
[0.807s] [ 94%] Built target reboot_test
[0.835s] [100%] Built target find_port
[0.870s] Invoked command in '/root/researchv2/build/urg_c' returned '0': CMAKE_PREFIX_PATH=${CMAKE_PREFIX_PATH}:/root/openpifpaf_ros2/install/rgbd_openpifpaf_ros2:/root/openpifpaf_ros2/install/pose_checker:/root/openpifpaf_ros2/install/openpifpaf_ros2_node:/root/researchv2/install/chaser_system:/opt/ros/galactic /usr/bin/cmake --build /root/researchv2/build/urg_c -- -j12 -l12
[1.245s] Invoking command in '/root/researchv2/build/urg_c': CMAKE_PREFIX_PATH=${CMAKE_PREFIX_PATH}:/root/openpifpaf_ros2/install/rgbd_openpifpaf_ros2:/root/openpifpaf_ros2/install/pose_checker:/root/openpifpaf_ros2/install/openpifpaf_ros2_node:/root/researchv2/install/chaser_system:/opt/ros/galactic /usr/bin/cmake --install /root/researchv2/build/urg_c
[1.277s] -- Install configuration: ""
[1.278s] -- Up-to-date: /root/researchv2/install/urg_c/lib/liburg_c.so
[1.278s] -- Up-to-date: /root/researchv2/install/urg_c/lib/libopen_urg_sensor.a
[1.278s] -- Up-to-date: /root/researchv2/install/urg_c/bin/angle_convert_test
[1.280s] -- Up-to-date: /root/researchv2/install/urg_c/bin/calculate_xy
[1.281s] -- Up-to-date: /root/researchv2/install/urg_c/bin/find_port
[1.282s] -- Up-to-date: /root/researchv2/install/urg_c/bin/get_distance
[1.283s] -- Up-to-date: /root/researchv2/install/urg_c/bin/get_distance_intensity
[1.285s] -- Up-to-date: /root/researchv2/install/urg_c/bin/get_multiecho
[1.286s] -- Up-to-date: /root/researchv2/install/urg_c/bin/get_multiecho_intensity
[1.287s] -- Up-to-date: /root/researchv2/install/urg_c/bin/reboot_test
[1.289s] -- Up-to-date: /root/researchv2/install/urg_c/bin/sensor_parameter
[1.290s] -- Up-to-date: /root/researchv2/install/urg_c/bin/sync_time_stamp
[1.291s] -- Up-to-date: /root/researchv2/install/urg_c/bin/timeout_test
[1.292s] -- Up-to-date: /root/researchv2/install/urg_c/include
[1.293s] -- Up-to-date: /root/researchv2/install/urg_c/include/urg_c
[1.293s] -- Up-to-date: /root/researchv2/install/urg_c/include/urg_c/urg_tcpclient.h
[1.293s] -- Up-to-date: /root/researchv2/install/urg_c/include/urg_c/urg_time.h
[1.294s] -- Up-to-date: /root/researchv2/install/urg_c/include/urg_c/urg_sensor.h
[1.294s] -- Up-to-date: /root/researchv2/install/urg_c/include/urg_c/urg_ring_buffer.h
[1.294s] -- Up-to-date: /root/researchv2/install/urg_c/include/urg_c/urg_serial_utils.h
[1.295s] -- Up-to-date: /root/researchv2/install/urg_c/include/urg_c/urg_errno.h
[1.295s] -- Up-to-date: /root/researchv2/install/urg_c/include/urg_c/urg_serial.h
[1.296s] -- Up-to-date: /root/researchv2/install/urg_c/include/urg_c/urg_detect_os.h
[1.296s] -- Up-to-date: /root/researchv2/install/urg_c/include/urg_c/urg_utils.h
[1.298s] -- Up-to-date: /root/researchv2/install/urg_c/include/urg_c/urg_debug.h
[1.300s] -- Up-to-date: /root/researchv2/install/urg_c/include/urg_c/urg_connection.h
[1.301s] -- Up-to-date: /root/researchv2/install/urg_c/share/urg_c/environment/library_path.sh
[1.307s] -- Up-to-date: /root/researchv2/install/urg_c/share/urg_c/environment/library_path.dsv
[1.316s] -- Up-to-date: /root/researchv2/install/urg_c/share/ament_index/resource_index/package_run_dependencies/urg_c
[1.317s] -- Up-to-date: /root/researchv2/install/urg_c/share/ament_index/resource_index/parent_prefix_path/urg_c
[1.317s] -- Up-to-date: /root/researchv2/install/urg_c/share/urg_c/environment/ament_prefix_path.sh
[1.318s] -- Up-to-date: /root/researchv2/install/urg_c/share/urg_c/environment/ament_prefix_path.dsv
[1.318s] -- Up-to-date: /root/researchv2/install/urg_c/share/urg_c/environment/path.sh
[1.318s] -- Up-to-date: /root/researchv2/install/urg_c/share/urg_c/environment/path.dsv
[1.318s] -- Up-to-date: /root/researchv2/install/urg_c/share/urg_c/local_setup.bash
[1.319s] -- Up-to-date: /root/researchv2/install/urg_c/share/urg_c/local_setup.sh
[1.319s] -- Up-to-date: /root/researchv2/install/urg_c/share/urg_c/local_setup.zsh
[1.319s] -- Up-to-date: /root/researchv2/install/urg_c/share/urg_c/local_setup.dsv
[1.319s] -- Installing: /root/researchv2/install/urg_c/share/urg_c/package.dsv
[1.319s] -- Up-to-date: /root/researchv2/install/urg_c/share/ament_index/resource_index/packages/urg_c
[1.320s] -- Up-to-date: /root/researchv2/install/urg_c/share/urg_c/cmake/ament_cmake_export_include_directories-extras.cmake
[1.320s] -- Up-to-date: /root/researchv2/install/urg_c/share/urg_c/cmake/ament_cmake_export_libraries-extras.cmake
[1.320s] -- Up-to-date: /root/researchv2/install/urg_c/share/urg_c/cmake/urg_cConfig.cmake
[1.320s] -- Up-to-date: /root/researchv2/install/urg_c/share/urg_c/cmake/urg_cConfig-version.cmake
[1.320s] -- Up-to-date: /root/researchv2/install/urg_c/share/urg_c/package.xml
[1.321s] Invoked command in '/root/researchv2/build/urg_c' returned '0': CMAKE_PREFIX_PATH=${CMAKE_PREFIX_PATH}:/root/openpifpaf_ros2/install/rgbd_openpifpaf_ros2:/root/openpifpaf_ros2/install/pose_checker:/root/openpifpaf_ros2/install/openpifpaf_ros2_node:/root/researchv2/install/chaser_system:/opt/ros/galactic /usr/bin/cmake --install /root/researchv2/build/urg_c
