[0.062s] Invoking command in '/root/researchv2/build/turtlebot3_gazebo': CMAKE_PREFIX_PATH=/opt/ros/foxy /usr/bin/cmake /root/researchv2/turtlebot3_simulations/turtlebot3_gazebo -DAMENT_CMAKE_SYMLINK_INSTALL=1 -DCMAKE_INSTALL_PREFIX=/root/researchv2/install/turtlebot3_gazebo
[0.272s] -- The C compiler identification is GNU 9.4.0
[0.434s] -- The CXX compiler identification is GNU 9.4.0
[0.441s] -- Check for working C compiler: /usr/bin/cc
[0.543s] -- Check for working C compiler: /usr/bin/cc -- works
[0.545s] -- Detecting C compiler ABI info
[0.659s] -- Detecting C compiler ABI info - done
[0.680s] -- Detecting C compile features
[0.680s] -- Detecting C compile features - done
[0.684s] -- Check for working CXX compiler: /usr/bin/c++
[0.788s] -- Check for working CXX compiler: /usr/bin/c++ -- works
[0.790s] -- Detecting CXX compiler ABI info
[0.894s] -- Detecting CXX compiler ABI info - done
[0.923s] -- Detecting CXX compile features
[0.924s] -- Detecting CXX compile features - done
[0.924s] -- Found ament_cmake: 0.9.11 (/opt/ros/foxy/share/ament_cmake/cmake)
[0.958s] -- Found PythonInterp: /usr/bin/python3 (found suitable version "3.8.10", minimum required is "3") 
[0.958s] -- Using PYTHON_EXECUTABLE: /usr/bin/python3
[1.274s] -- Override CMake install command with custom implementation using symlinks instead of copying resources
[1.341s] -- Found PkgConfig: /usr/bin/pkg-config (found version "0.29.1") 
[1.350s] -- Checking for module 'bullet>=2.82'
[1.385s] --   Found bullet, version 2.88
[1.600s] -- Found ccd: /usr/include (found suitable version "2.0", minimum required is "2.0") 
[1.710s] -- Found fcl: /usr/include (found suitable version "0.5.0", minimum required is "0.3.2") 
[1.824s] -- Found assimp: /usr/include (found version "5.0.0") 
[1.880s] -- Found DART: /usr/include (Required is at least version "6.6") found components: dart 
