[0.016s] Invoking command in '/root/researchv2/build/urg_node': AMENT_PREFIX_PATH=/root/researchv2/install/urg_node_msgs:${AMENT_PREFIX_PATH} CMAKE_PREFIX_PATH=/root/researchv2/install/urg_node_msgs:/opt/ros/foxy LD_LIBRARY_PATH=/root/researchv2/install/urg_node_msgs/lib:${LD_LIBRARY_PATH} PYTHONPATH=/root/researchv2/install/urg_node_msgs/lib/python3.8/site-packages:${PYTHONPATH} /usr/bin/cmake /root/researchv2/src/urg_node -DAMENT_CMAKE_SYMLINK_INSTALL=1 -DCMAKE_INSTALL_PREFIX=/root/researchv2/install/urg_node
[0.041s] -- Found ament_cmake: 0.9.11 (/opt/ros/foxy/share/ament_cmake/cmake)
[0.077s] -- Using PYTHON_EXECUTABLE: /usr/bin/python3
[0.414s] -- Override CMake install command with custom implementation using symlinks instead of copying resources
[0.434s] -- Found diagnostic_updater: 2.0.8 (/opt/ros/foxy/share/diagnostic_updater/cmake)
[0.472s] -- Using all available rosidl_typesupport_c: rosidl_typesupport_fastrtps_c;rosidl_typesupport_introspection_c
[0.478s] -- Found rosidl_adapter: 1.3.0 (/opt/ros/foxy/share/rosidl_adapter/cmake)
[0.728s] -- Using all available rosidl_typesupport_cpp: rosidl_typesupport_fastrtps_cpp;rosidl_typesupport_introspection_cpp
[0.948s] -- Found rmw_implementation_cmake: 1.0.3 (/opt/ros/foxy/share/rmw_implementation_cmake/cmake)
[0.950s] -- Using RMW implementation 'rmw_fastrtps_cpp' as default
[1.215s] -- Found laser_proc: 1.0.2 (/opt/ros/foxy/share/laser_proc/cmake)
[1.460s] -- Found rclcpp_components: 2.4.2 (/opt/ros/foxy/share/rclcpp_components/cmake)
[1.558s] -- Found std_srvs: 2.0.5 (/opt/ros/foxy/share/std_srvs/cmake)
[1.576s] -- Found urg_c: 1.0.4001 (/opt/ros/foxy/share/urg_c/cmake)
[1.580s] -- Found urg_node_msgs: 1.0.1 (/root/researchv2/install/urg_node_msgs/share/urg_node_msgs/cmake)
[1.722s] -- Found ament_lint_auto: 0.9.7 (/opt/ros/foxy/share/ament_lint_auto/cmake)
[1.857s] -- Added test 'cppcheck' to perform static code analysis on C / C++ code
[1.857s] -- Configured cppcheck include dirs: $<BUILD_INTERFACE:/root/researchv2/src/urg_node/include>
[1.857s] -- Configured cppcheck exclude dirs and/or files: 
[1.863s] -- Added test 'cpplint' to check C / C++ code against the Google style
[1.863s] -- Configured cpplint exclude dirs and/or files: 
[1.864s] -- Added test 'flake8' to check Python code syntax and style conventions
[1.866s] -- Added test 'lint_cmake' to check CMake code style
[1.867s] -- Added test 'pep257' to check Python code against some of the style conventions in PEP 257
[1.873s] -- Added test 'uncrustify' to check C / C++ code style
[1.873s] -- Configured uncrustify additional arguments: 
[1.874s] -- Added test 'xmllint' to check XML markup files
[1.886s] -- Configuring done
[1.970s] -- Generating done
[1.976s] -- Build files have been written to: /root/researchv2/build/urg_node
[1.987s] Invoked command in '/root/researchv2/build/urg_node' returned '0': AMENT_PREFIX_PATH=/root/researchv2/install/urg_node_msgs:${AMENT_PREFIX_PATH} CMAKE_PREFIX_PATH=/root/researchv2/install/urg_node_msgs:/opt/ros/foxy LD_LIBRARY_PATH=/root/researchv2/install/urg_node_msgs/lib:${LD_LIBRARY_PATH} PYTHONPATH=/root/researchv2/install/urg_node_msgs/lib/python3.8/site-packages:${PYTHONPATH} /usr/bin/cmake /root/researchv2/src/urg_node -DAMENT_CMAKE_SYMLINK_INSTALL=1 -DCMAKE_INSTALL_PREFIX=/root/researchv2/install/urg_node
[1.990s] Invoking command in '/root/researchv2/build/urg_node': AMENT_PREFIX_PATH=/root/researchv2/install/urg_node_msgs:${AMENT_PREFIX_PATH} CMAKE_PREFIX_PATH=/root/researchv2/install/urg_node_msgs:/opt/ros/foxy LD_LIBRARY_PATH=/root/researchv2/install/urg_node_msgs/lib:${LD_LIBRARY_PATH} PYTHONPATH=/root/researchv2/install/urg_node_msgs/lib/python3.8/site-packages:${PYTHONPATH} /usr/bin/cmake --build /root/researchv2/build/urg_node -- -j12 -l12
[2.081s] [ 14%] [32m[1mLinking CXX executable urg_node_driver[0m
[2.083s] [ 28%] [32m[1mLinking CXX shared library liburg_node.so[0m
[2.324s] [ 42%] Built target urg_node_driver
[2.666s] [ 71%] Built target urg_node
[2.715s] [ 85%] [32m[1mLinking CXX executable getID[0m
[2.996s] [100%] Built target getID
[3.014s] Invoked command in '/root/researchv2/build/urg_node' returned '0': AMENT_PREFIX_PATH=/root/researchv2/install/urg_node_msgs:${AMENT_PREFIX_PATH} CMAKE_PREFIX_PATH=/root/researchv2/install/urg_node_msgs:/opt/ros/foxy LD_LIBRARY_PATH=/root/researchv2/install/urg_node_msgs/lib:${LD_LIBRARY_PATH} PYTHONPATH=/root/researchv2/install/urg_node_msgs/lib/python3.8/site-packages:${PYTHONPATH} /usr/bin/cmake --build /root/researchv2/build/urg_node -- -j12 -l12
[3.058s] Invoking command in '/root/researchv2/build/urg_node': AMENT_PREFIX_PATH=/root/researchv2/install/urg_node_msgs:${AMENT_PREFIX_PATH} CMAKE_PREFIX_PATH=/root/researchv2/install/urg_node_msgs:/opt/ros/foxy LD_LIBRARY_PATH=/root/researchv2/install/urg_node_msgs/lib:${LD_LIBRARY_PATH} PYTHONPATH=/root/researchv2/install/urg_node_msgs/lib/python3.8/site-packages:${PYTHONPATH} /usr/bin/cmake --install /root/researchv2/build/urg_node
[3.069s] -- Install configuration: ""
[3.070s] -- Execute custom install script
[3.070s] -- Symlinking: /root/researchv2/install/urg_node/lib/urg_node/urg_node_driver
[3.083s] -- Symlinking: /root/researchv2/install/urg_node/lib/liburg_node.so
[3.096s] -- Symlinking: /root/researchv2/install/urg_node/lib/urg_node/getID
[3.111s] -- Symlinking: /root/researchv2/install/urg_node/include/urg_node/urg_c_wrapper.hpp
[3.125s] -- Symlinking: /root/researchv2/install/urg_node/include/urg_node/urg_node.hpp
[3.137s] -- Symlinking: /root/researchv2/install/urg_node/lib/urg_node/set_urg_ip.py
[3.148s] -- Symlinking: /root/researchv2/install/urg_node/share/urg_node/launch/hokuyo_laser.urdf
[3.160s] -- Symlinking: /root/researchv2/install/urg_node/share/urg_node/launch/urg_lidar.launch.xml
[3.173s] -- Symlinking: /root/researchv2/install/urg_node/share/urg_node/launch/urg_node_ethernet.yaml
[3.184s] -- Symlinking: /root/researchv2/install/urg_node/share/urg_node/launch/urg_node_launch.py
[3.197s] -- Symlinking: /root/researchv2/install/urg_node/share/urg_node/launch/urg_node_serial.yaml
[3.211s] -- Symlinking: /root/researchv2/install/urg_node/share/urg_node/environment/library_path.sh
[3.225s] -- Symlinking: /root/researchv2/install/urg_node/share/urg_node/environment/library_path.dsv
[3.236s] -- Symlinking: /root/researchv2/install/urg_node/share/ament_index/resource_index/package_run_dependencies/urg_node
[3.248s] -- Symlinking: /root/researchv2/install/urg_node/share/ament_index/resource_index/parent_prefix_path/urg_node
[3.259s] -- Symlinking: /root/researchv2/install/urg_node/share/urg_node/environment/ament_prefix_path.sh
[3.269s] -- Symlinking: /root/researchv2/install/urg_node/share/urg_node/environment/ament_prefix_path.dsv
[3.280s] -- Symlinking: /root/researchv2/install/urg_node/share/urg_node/environment/path.sh
[3.293s] -- Symlinking: /root/researchv2/install/urg_node/share/urg_node/environment/path.dsv
[3.306s] -- Symlinking: /root/researchv2/install/urg_node/share/urg_node/local_setup.bash
[3.321s] -- Symlinking: /root/researchv2/install/urg_node/share/urg_node/local_setup.sh
[3.332s] -- Symlinking: /root/researchv2/install/urg_node/share/urg_node/local_setup.zsh
[3.344s] -- Symlinking: /root/researchv2/install/urg_node/share/urg_node/local_setup.dsv
[3.354s] -- Symlinking: /root/researchv2/install/urg_node/share/urg_node/package.dsv
[3.366s] -- Symlinking: /root/researchv2/install/urg_node/share/ament_index/resource_index/packages/urg_node
[3.378s] -- Symlinking: /root/researchv2/install/urg_node/share/ament_index/resource_index/rclcpp_components/urg_node
[3.390s] -- Symlinking: /root/researchv2/install/urg_node/share/urg_node/cmake/ament_cmake_export_dependencies-extras.cmake
[3.404s] -- Symlinking: /root/researchv2/install/urg_node/share/urg_node/cmake/ament_cmake_export_include_directories-extras.cmake
[3.418s] -- Symlinking: /root/researchv2/install/urg_node/share/urg_node/cmake/ament_cmake_export_libraries-extras.cmake
[3.432s] -- Symlinking: /root/researchv2/install/urg_node/share/urg_node/cmake/urg_nodeConfig.cmake
[3.446s] -- Symlinking: /root/researchv2/install/urg_node/share/urg_node/cmake/urg_nodeConfig-version.cmake
[3.461s] -- Symlinking: /root/researchv2/install/urg_node/share/urg_node/package.xml
[3.484s] Invoked command in '/root/researchv2/build/urg_node' returned '0': AMENT_PREFIX_PATH=/root/researchv2/install/urg_node_msgs:${AMENT_PREFIX_PATH} CMAKE_PREFIX_PATH=/root/researchv2/install/urg_node_msgs:/opt/ros/foxy LD_LIBRARY_PATH=/root/researchv2/install/urg_node_msgs/lib:${LD_LIBRARY_PATH} PYTHONPATH=/root/researchv2/install/urg_node_msgs/lib/python3.8/site-packages:${PYTHONPATH} /usr/bin/cmake --install /root/researchv2/build/urg_node
