running egg_info
creating ../../build/chaser_system/chaser_system.egg-info
writing ../../build/chaser_system/chaser_system.egg-info/PKG-INFO
writing dependency_links to ../../build/chaser_system/chaser_system.egg-info/dependency_links.txt
writing entry points to ../../build/chaser_system/chaser_system.egg-info/entry_points.txt
writing requirements to ../../build/chaser_system/chaser_system.egg-info/requires.txt
writing top-level names to ../../build/chaser_system/chaser_system.egg-info/top_level.txt
writing manifest file '../../build/chaser_system/chaser_system.egg-info/SOURCES.txt'
reading manifest file '../../build/chaser_system/chaser_system.egg-info/SOURCES.txt'
writing manifest file '../../build/chaser_system/chaser_system.egg-info/SOURCES.txt'
running build
running build_py
creating /root/researchv2/build/chaser_system/build
creating /root/researchv2/build/chaser_system/build/lib
creating /root/researchv2/build/chaser_system/build/lib/chaser_system
copying chaser_system/__init__.py -> /root/researchv2/build/chaser_system/build/lib/chaser_system
running install
running install_lib
creating /root/researchv2/install/chaser_system/lib/python3.8/site-packages/chaser_system
copying /root/researchv2/build/chaser_system/build/lib/chaser_system/__init__.py -> /root/researchv2/install/chaser_system/lib/python3.8/site-packages/chaser_system
byte-compiling /root/researchv2/install/chaser_system/lib/python3.8/site-packages/chaser_system/__init__.py to __init__.cpython-38.pyc
running install_data
running install_egg_info
Copying ../../build/chaser_system/chaser_system.egg-info to /root/researchv2/install/chaser_system/lib/python3.8/site-packages/chaser_system-0.0.0-py3.8.egg-info
running install_scripts
Installing image_inputer script to /root/researchv2/install/chaser_system/lib/chaser_system
Installing pose_tf2 script to /root/researchv2/install/chaser_system/lib/chaser_system
Installing rgbd_generator script to /root/researchv2/install/chaser_system/lib/chaser_system
Installing three_d_pose_analysis script to /root/researchv2/install/chaser_system/lib/chaser_system
writing list of installed files to '/root/researchv2/build/chaser_system/install.log'
