[0.264s] DEBUG:colcon:Command line arguments: ['/usr/bin/colcon', 'build']
[0.264s] DEBUG:colcon:Parsed command line arguments: Namespace(ament_cmake_args=None, base_paths=['.'], build_base='build', catkin_cmake_args=None, catkin_skip_building_tests=False, cmake_args=None, cmake_clean_cache=False, cmake_clean_first=False, cmake_force_configure=False, cmake_target=None, cmake_target_skip_unavailable=False, continue_on_error=False, event_handlers=None, executor='parallel', ignore_user_meta=False, install_base='install', log_base=None, log_level=None, main=<bound method BuildVerb.main of <colcon_core.verb.build.BuildVerb object at 0x7fa227ef40d0>>, merge_install=False, metas=['./colcon.meta'], packages_above=None, packages_above_and_dependencies=None, packages_above_depth=None, packages_end=None, packages_ignore=None, packages_ignore_regex=None, packages_select=None, packages_select_build_failed=False, packages_select_by_dep=None, packages_select_regex=None, packages_select_test_failures=False, packages_skip=None, packages_skip_build_finished=False, packages_skip_by_dep=None, packages_skip_regex=None, packages_skip_test_passed=False, packages_skip_up_to=None, packages_start=None, packages_up_to=None, packages_up_to_regex=None, parallel_workers=12, paths=None, symlink_install=False, test_result_base=None, verb_extension=<colcon_core.verb.build.BuildVerb object at 0x7fa227ef40d0>, verb_name='build', verb_parser=<colcon_defaults.argument_parser.defaults.DefaultArgumentsDecorator object at 0x7fa227ef4610>)
[0.309s] Level 1:colcon.colcon_core.package_discovery:discover_packages(colcon_meta) check parameters
[0.309s] Level 1:colcon.colcon_core.package_discovery:discover_packages(recursive) check parameters
[0.309s] Level 1:colcon.colcon_core.package_discovery:discover_packages(ignore) check parameters
[0.310s] Level 1:colcon.colcon_core.package_discovery:discover_packages(path) check parameters
[0.310s] Level 1:colcon.colcon_core.package_discovery:discover_packages(colcon_meta) discover
[0.310s] Level 1:colcon.colcon_core.package_discovery:discover_packages(recursive) discover
[0.310s] INFO:colcon.colcon_core.package_discovery:Crawling recursively for packages in '/root/researchv2'
[0.310s] Level 1:colcon.colcon_core.package_identification:_identify(.) by extensions ['ignore', 'ignore_ament_install']
[0.310s] Level 1:colcon.colcon_core.package_identification:_identify(.) by extension 'ignore'
[0.310s] Level 1:colcon.colcon_core.package_identification:_identify(.) by extension 'ignore_ament_install'
[0.310s] Level 1:colcon.colcon_core.package_identification:_identify(.) by extensions ['colcon_pkg']
[0.310s] Level 1:colcon.colcon_core.package_identification:_identify(.) by extension 'colcon_pkg'
[0.311s] Level 1:colcon.colcon_core.package_identification:_identify(.) by extensions ['colcon_meta']
[0.311s] Level 1:colcon.colcon_core.package_identification:_identify(.) by extension 'colcon_meta'
[0.311s] Level 1:colcon.colcon_core.package_identification:_identify(.) by extensions ['ros']
[0.311s] Level 1:colcon.colcon_core.package_identification:_identify(.) by extension 'ros'
[0.331s] Level 1:colcon.colcon_core.package_identification:_identify(.) by extensions ['cmake', 'python']
[0.331s] Level 1:colcon.colcon_core.package_identification:_identify(.) by extension 'cmake'
[0.331s] Level 1:colcon.colcon_core.package_identification:_identify(.) by extension 'python'
[0.331s] Level 1:colcon.colcon_core.package_identification:_identify(.) by extensions ['python_setup_py']
[0.331s] Level 1:colcon.colcon_core.package_identification:_identify(.) by extension 'python_setup_py'
[0.332s] Level 1:colcon.colcon_core.package_identification:_identify(build) by extensions ['ignore', 'ignore_ament_install']
[0.332s] Level 1:colcon.colcon_core.package_identification:_identify(build) by extension 'ignore'
[0.332s] Level 1:colcon.colcon_core.package_identification:_identify(build) ignored
[0.332s] Level 1:colcon.colcon_core.package_identification:_identify(install) by extensions ['ignore', 'ignore_ament_install']
[0.332s] Level 1:colcon.colcon_core.package_identification:_identify(install) by extension 'ignore'
[0.332s] Level 1:colcon.colcon_core.package_identification:_identify(install) ignored
[0.332s] Level 1:colcon.colcon_core.package_identification:_identify(log) by extensions ['ignore', 'ignore_ament_install']
[0.333s] Level 1:colcon.colcon_core.package_identification:_identify(log) by extension 'ignore'
[0.333s] Level 1:colcon.colcon_core.package_identification:_identify(log) ignored
[0.333s] Level 1:colcon.colcon_core.package_identification:_identify(src) by extensions ['ignore', 'ignore_ament_install']
[0.333s] Level 1:colcon.colcon_core.package_identification:_identify(src) by extension 'ignore'
[0.333s] Level 1:colcon.colcon_core.package_identification:_identify(src) by extension 'ignore_ament_install'
[0.333s] Level 1:colcon.colcon_core.package_identification:_identify(src) by extensions ['colcon_pkg']
[0.333s] Level 1:colcon.colcon_core.package_identification:_identify(src) by extension 'colcon_pkg'
[0.333s] Level 1:colcon.colcon_core.package_identification:_identify(src) by extensions ['colcon_meta']
[0.333s] Level 1:colcon.colcon_core.package_identification:_identify(src) by extension 'colcon_meta'
[0.333s] Level 1:colcon.colcon_core.package_identification:_identify(src) by extensions ['ros']
[0.333s] Level 1:colcon.colcon_core.package_identification:_identify(src) by extension 'ros'
[0.334s] Level 1:colcon.colcon_core.package_identification:_identify(src) by extensions ['cmake', 'python']
[0.334s] Level 1:colcon.colcon_core.package_identification:_identify(src) by extension 'cmake'
[0.334s] Level 1:colcon.colcon_core.package_identification:_identify(src) by extension 'python'
[0.334s] Level 1:colcon.colcon_core.package_identification:_identify(src) by extensions ['python_setup_py']
[0.334s] Level 1:colcon.colcon_core.package_identification:_identify(src) by extension 'python_setup_py'
[0.334s] Level 1:colcon.colcon_core.package_identification:_identify(src/chaser_system) by extensions ['ignore', 'ignore_ament_install']
[0.334s] Level 1:colcon.colcon_core.package_identification:_identify(src/chaser_system) by extension 'ignore'
[0.334s] Level 1:colcon.colcon_core.package_identification:_identify(src/chaser_system) by extension 'ignore_ament_install'
[0.334s] Level 1:colcon.colcon_core.package_identification:_identify(src/chaser_system) by extensions ['colcon_pkg']
[0.334s] Level 1:colcon.colcon_core.package_identification:_identify(src/chaser_system) by extension 'colcon_pkg'
[0.335s] Level 1:colcon.colcon_core.package_identification:_identify(src/chaser_system) by extensions ['colcon_meta']
[0.335s] Level 1:colcon.colcon_core.package_identification:_identify(src/chaser_system) by extension 'colcon_meta'
[0.335s] Level 1:colcon.colcon_core.package_identification:_identify(src/chaser_system) by extensions ['ros']
[0.335s] Level 1:colcon.colcon_core.package_identification:_identify(src/chaser_system) by extension 'ros'
[0.339s] DEBUG:colcon.colcon_core.package_identification:Package 'src/chaser_system' with type 'ros.ament_python' and name 'chaser_system'
[0.339s] Level 1:colcon.colcon_core.package_identification:_identify(src/mymsg) by extensions ['ignore', 'ignore_ament_install']
[0.339s] Level 1:colcon.colcon_core.package_identification:_identify(src/mymsg) by extension 'ignore'
[0.339s] Level 1:colcon.colcon_core.package_identification:_identify(src/mymsg) by extension 'ignore_ament_install'
[0.340s] Level 1:colcon.colcon_core.package_identification:_identify(src/mymsg) by extensions ['colcon_pkg']
[0.340s] Level 1:colcon.colcon_core.package_identification:_identify(src/mymsg) by extension 'colcon_pkg'
[0.340s] Level 1:colcon.colcon_core.package_identification:_identify(src/mymsg) by extensions ['colcon_meta']
[0.340s] Level 1:colcon.colcon_core.package_identification:_identify(src/mymsg) by extension 'colcon_meta'
[0.340s] Level 1:colcon.colcon_core.package_identification:_identify(src/mymsg) by extensions ['ros']
[0.340s] Level 1:colcon.colcon_core.package_identification:_identify(src/mymsg) by extension 'ros'
[0.342s] DEBUG:colcon.colcon_core.package_identification:Package 'src/mymsg' with type 'ros.ament_cmake' and name 'mymsg'
[0.342s] Level 1:colcon.colcon_core.package_discovery:discover_packages(recursive) using defaults
[0.342s] Level 1:colcon.colcon_core.package_discovery:discover_packages(ignore) discover
[0.342s] Level 1:colcon.colcon_core.package_discovery:discover_packages(ignore) using defaults
[0.342s] Level 1:colcon.colcon_core.package_discovery:discover_packages(path) discover
[0.342s] Level 1:colcon.colcon_core.package_discovery:discover_packages(path) using defaults
[0.394s] Level 5:colcon.colcon_core.verb:set package 'chaser_system' build argument 'cmake_args' from command line to 'None'
[0.394s] Level 5:colcon.colcon_core.verb:set package 'chaser_system' build argument 'cmake_target' from command line to 'None'
[0.394s] Level 5:colcon.colcon_core.verb:set package 'chaser_system' build argument 'cmake_target_skip_unavailable' from command line to 'False'
[0.394s] Level 5:colcon.colcon_core.verb:set package 'chaser_system' build argument 'cmake_clean_cache' from command line to 'False'
[0.394s] Level 5:colcon.colcon_core.verb:set package 'chaser_system' build argument 'cmake_clean_first' from command line to 'False'
[0.394s] Level 5:colcon.colcon_core.verb:set package 'chaser_system' build argument 'cmake_force_configure' from command line to 'False'
[0.395s] Level 5:colcon.colcon_core.verb:set package 'chaser_system' build argument 'ament_cmake_args' from command line to 'None'
[0.395s] Level 5:colcon.colcon_core.verb:set package 'chaser_system' build argument 'catkin_cmake_args' from command line to 'None'
[0.395s] Level 5:colcon.colcon_core.verb:set package 'chaser_system' build argument 'catkin_skip_building_tests' from command line to 'False'
[0.395s] DEBUG:colcon.colcon_core.verb:Building package 'chaser_system' with the following arguments: {'ament_cmake_args': None, 'build_base': '/root/researchv2/build/chaser_system', 'catkin_cmake_args': None, 'catkin_skip_building_tests': False, 'cmake_args': None, 'cmake_clean_cache': False, 'cmake_clean_first': False, 'cmake_force_configure': False, 'cmake_target': None, 'cmake_target_skip_unavailable': False, 'install_base': '/root/researchv2/install/chaser_system', 'merge_install': False, 'path': '/root/researchv2/src/chaser_system', 'symlink_install': False, 'test_result_base': None}
[0.396s] Level 5:colcon.colcon_core.verb:set package 'mymsg' build argument 'cmake_args' from command line to 'None'
[0.396s] Level 5:colcon.colcon_core.verb:set package 'mymsg' build argument 'cmake_target' from command line to 'None'
[0.396s] Level 5:colcon.colcon_core.verb:set package 'mymsg' build argument 'cmake_target_skip_unavailable' from command line to 'False'
[0.396s] Level 5:colcon.colcon_core.verb:set package 'mymsg' build argument 'cmake_clean_cache' from command line to 'False'
[0.396s] Level 5:colcon.colcon_core.verb:set package 'mymsg' build argument 'cmake_clean_first' from command line to 'False'
[0.396s] Level 5:colcon.colcon_core.verb:set package 'mymsg' build argument 'cmake_force_configure' from command line to 'False'
[0.397s] Level 5:colcon.colcon_core.verb:set package 'mymsg' build argument 'ament_cmake_args' from command line to 'None'
[0.397s] Level 5:colcon.colcon_core.verb:set package 'mymsg' build argument 'catkin_cmake_args' from command line to 'None'
[0.397s] Level 5:colcon.colcon_core.verb:set package 'mymsg' build argument 'catkin_skip_building_tests' from command line to 'False'
[0.397s] DEBUG:colcon.colcon_core.verb:Building package 'mymsg' with the following arguments: {'ament_cmake_args': None, 'build_base': '/root/researchv2/build/mymsg', 'catkin_cmake_args': None, 'catkin_skip_building_tests': False, 'cmake_args': None, 'cmake_clean_cache': False, 'cmake_clean_first': False, 'cmake_force_configure': False, 'cmake_target': None, 'cmake_target_skip_unavailable': False, 'install_base': '/root/researchv2/install/mymsg', 'merge_install': False, 'path': '/root/researchv2/src/mymsg', 'symlink_install': False, 'test_result_base': None}
[0.398s] INFO:colcon.colcon_core.executor:Executing jobs using 'parallel' executor
[0.404s] DEBUG:colcon.colcon_parallel_executor.executor.parallel:run_until_complete
[0.405s] INFO:colcon.colcon_ros.task.ament_python.build:Building ROS package in '/root/researchv2/src/chaser_system' with build type 'ament_python'
[0.405s] Level 1:colcon.colcon_core.shell:create_environment_hook('chaser_system', 'ament_prefix_path')
[0.411s] INFO:colcon.colcon_core.plugin_system:Skipping extension 'colcon_core.shell.bat': Not used on non-Windows systems
[0.411s] INFO:colcon.colcon_core.shell:Creating environment hook '/root/researchv2/install/chaser_system/share/chaser_system/hook/ament_prefix_path.ps1'
[0.412s] INFO:colcon.colcon_core.shell:Creating environment descriptor '/root/researchv2/install/chaser_system/share/chaser_system/hook/ament_prefix_path.dsv'
[0.413s] INFO:colcon.colcon_core.shell:Creating environment hook '/root/researchv2/install/chaser_system/share/chaser_system/hook/ament_prefix_path.sh'
[0.415s] INFO:colcon.colcon_core.shell:Skip shell extension 'powershell' for command environment: Not usable outside of PowerShell
[0.416s] DEBUG:colcon.colcon_core.shell:Skip shell extension 'dsv' for command environment
[0.430s] INFO:colcon.colcon_ros.task.ament_cmake.build:Building ROS package in '/root/researchv2/src/mymsg' with build type 'ament_cmake'
[0.431s] INFO:colcon.colcon_cmake.task.cmake.build:Building CMake package in '/root/researchv2/src/mymsg'
[0.433s] INFO:colcon.colcon_core.shell:Skip shell extension 'powershell' for command environment: Not usable outside of PowerShell
[0.434s] DEBUG:colcon.colcon_core.shell:Skip shell extension 'dsv' for command environment
[0.865s] INFO:colcon.colcon_core.task.python.build:Building Python package in '/root/researchv2/src/chaser_system'
[0.868s] INFO:colcon.colcon_core.shell:Skip shell extension 'powershell' for command environment: Not usable outside of PowerShell
[0.868s] DEBUG:colcon.colcon_core.shell:Skip shell extension 'dsv' for command environment
[0.892s] DEBUG:colcon.colcon_core.event_handler.log_command:Invoking command in '/root/researchv2/build/mymsg': CMAKE_PREFIX_PATH=${CMAKE_PREFIX_PATH}:/root/researchv2/install/chaser_system:/root/openpifpaf_ros2/install/rgbd_openpifpaf_ros2:/root/openpifpaf_ros2/install/pose_checker:/root/openpifpaf_ros2/install/openpifpaf_ros2_node:/opt/ros/foxy _=/usr/bin/env /usr/bin/cmake --build /root/researchv2/build/mymsg -- -j12 -l12
[1.396s] DEBUG:colcon.colcon_core.event_handler.log_command:Invoked command in '/root/researchv2/build/mymsg' returned '0': CMAKE_PREFIX_PATH=${CMAKE_PREFIX_PATH}:/root/researchv2/install/chaser_system:/root/openpifpaf_ros2/install/rgbd_openpifpaf_ros2:/root/openpifpaf_ros2/install/pose_checker:/root/openpifpaf_ros2/install/openpifpaf_ros2_node:/opt/ros/foxy _=/usr/bin/env /usr/bin/cmake --build /root/researchv2/build/mymsg -- -j12 -l12
[1.683s] DEBUG:colcon.colcon_core.event_handler.log_command:Invoking command in '/root/researchv2/src/chaser_system': PYTHONPATH=/root/researchv2/install/chaser_system/lib/python3.8/site-packages:${PYTHONPATH} _=/usr/bin/env /usr/bin/python3 setup.py egg_info --egg-base ../../build/chaser_system build --build-base /root/researchv2/build/chaser_system/build install --prefix /root/researchv2/install/chaser_system --record /root/researchv2/build/chaser_system/install.log --single-version-externally-managed
[1.881s] DEBUG:colcon.colcon_core.event_handler.log_command:Invoking command in '/root/researchv2/build/mymsg': CMAKE_PREFIX_PATH=${CMAKE_PREFIX_PATH}:/root/researchv2/install/chaser_system:/root/openpifpaf_ros2/install/rgbd_openpifpaf_ros2:/root/openpifpaf_ros2/install/pose_checker:/root/openpifpaf_ros2/install/openpifpaf_ros2_node:/opt/ros/foxy _=/usr/bin/env /usr/bin/cmake --install /root/researchv2/build/mymsg
[2.007s] Level 1:colcon.colcon_core.environment:create_environment_scripts_only(mymsg)
[2.017s] Level 1:colcon.colcon_core.environment:checking '/root/researchv2/install/mymsg' for CMake module files
[2.019s] Level 1:colcon.colcon_core.environment:checking '/root/researchv2/install/mymsg' for CMake config files
[2.020s] Level 1:colcon.colcon_core.shell:create_environment_hook('mymsg', 'cmake_prefix_path')
[2.023s] INFO:colcon.colcon_core.shell:Creating environment hook '/root/researchv2/install/mymsg/share/mymsg/hook/cmake_prefix_path.ps1'
[2.024s] INFO:colcon.colcon_core.shell:Creating environment descriptor '/root/researchv2/install/mymsg/share/mymsg/hook/cmake_prefix_path.dsv'
[2.024s] INFO:colcon.colcon_core.shell:Creating environment hook '/root/researchv2/install/mymsg/share/mymsg/hook/cmake_prefix_path.sh'
[2.025s] Level 1:colcon.colcon_core.environment:checking '/root/researchv2/install/mymsg/lib'
[2.026s] Level 1:colcon.colcon_core.shell:create_environment_hook('mymsg', 'ld_library_path_lib')
[2.028s] INFO:colcon.colcon_core.shell:Creating environment hook '/root/researchv2/install/mymsg/share/mymsg/hook/ld_library_path_lib.ps1'
[2.029s] INFO:colcon.colcon_core.shell:Creating environment descriptor '/root/researchv2/install/mymsg/share/mymsg/hook/ld_library_path_lib.dsv'
[2.030s] INFO:colcon.colcon_core.shell:Creating environment hook '/root/researchv2/install/mymsg/share/mymsg/hook/ld_library_path_lib.sh'
[2.018s] DEBUG:colcon.colcon_core.event_handler.log_command:Invoked command in '/root/researchv2/build/mymsg' returned '0': CMAKE_PREFIX_PATH=${CMAKE_PREFIX_PATH}:/root/researchv2/install/chaser_system:/root/openpifpaf_ros2/install/rgbd_openpifpaf_ros2:/root/openpifpaf_ros2/install/pose_checker:/root/openpifpaf_ros2/install/openpifpaf_ros2_node:/opt/ros/foxy _=/usr/bin/env /usr/bin/cmake --install /root/researchv2/build/mymsg
[2.031s] Level 1:colcon.colcon_core.environment:checking '/root/researchv2/install/mymsg/bin'
[2.031s] Level 1:colcon.colcon_core.environment:checking '/root/researchv2/install/mymsg/lib/pkgconfig/mymsg.pc'
[2.031s] Level 1:colcon.colcon_core.environment:checking '/root/researchv2/install/mymsg/lib/python3.8/site-packages'
[2.031s] Level 1:colcon.colcon_core.shell:create_environment_hook('mymsg', 'pythonpath')
[2.034s] INFO:colcon.colcon_core.shell:Creating environment hook '/root/researchv2/install/mymsg/share/mymsg/hook/pythonpath.ps1'
[2.034s] INFO:colcon.colcon_core.shell:Creating environment descriptor '/root/researchv2/install/mymsg/share/mymsg/hook/pythonpath.dsv'
[2.035s] INFO:colcon.colcon_core.shell:Creating environment hook '/root/researchv2/install/mymsg/share/mymsg/hook/pythonpath.sh'
[2.036s] Level 1:colcon.colcon_core.environment:checking '/root/researchv2/install/mymsg/bin'
[2.038s] INFO:colcon.colcon_core.shell:Creating package script '/root/researchv2/install/mymsg/share/mymsg/package.ps1'
[2.040s] INFO:colcon.colcon_core.shell:Creating package descriptor '/root/researchv2/install/mymsg/share/mymsg/package.dsv'
[2.041s] INFO:colcon.colcon_core.shell:Creating package script '/root/researchv2/install/mymsg/share/mymsg/package.sh'
[2.042s] INFO:colcon.colcon_core.shell:Creating package script '/root/researchv2/install/mymsg/share/mymsg/package.bash'
[2.044s] INFO:colcon.colcon_core.shell:Creating package script '/root/researchv2/install/mymsg/share/mymsg/package.zsh'
[2.045s] Level 1:colcon.colcon_core.environment:create_file_with_runtime_dependencies(/root/researchv2/install/mymsg/share/colcon-core/packages/mymsg)
[2.316s] Level 1:colcon.colcon_core.environment:checking '/root/researchv2/install/chaser_system' for CMake module files
[2.317s] DEBUG:colcon.colcon_core.event_handler.log_command:Invoked command in '/root/researchv2/src/chaser_system' returned '0': PYTHONPATH=/root/researchv2/install/chaser_system/lib/python3.8/site-packages:${PYTHONPATH} _=/usr/bin/env /usr/bin/python3 setup.py egg_info --egg-base ../../build/chaser_system build --build-base /root/researchv2/build/chaser_system/build install --prefix /root/researchv2/install/chaser_system --record /root/researchv2/build/chaser_system/install.log --single-version-externally-managed
[2.318s] Level 1:colcon.colcon_core.environment:checking '/root/researchv2/install/chaser_system' for CMake config files
[2.319s] Level 1:colcon.colcon_core.environment:checking '/root/researchv2/install/chaser_system/lib'
[2.319s] Level 1:colcon.colcon_core.environment:checking '/root/researchv2/install/chaser_system/bin'
[2.320s] Level 1:colcon.colcon_core.environment:checking '/root/researchv2/install/chaser_system/lib/pkgconfig/chaser_system.pc'
[2.320s] Level 1:colcon.colcon_core.environment:checking '/root/researchv2/install/chaser_system/lib/python3.8/site-packages'
[2.320s] Level 1:colcon.colcon_core.shell:create_environment_hook('chaser_system', 'pythonpath')
[2.323s] INFO:colcon.colcon_core.shell:Creating environment hook '/root/researchv2/install/chaser_system/share/chaser_system/hook/pythonpath.ps1'
[2.324s] INFO:colcon.colcon_core.shell:Creating environment descriptor '/root/researchv2/install/chaser_system/share/chaser_system/hook/pythonpath.dsv'
[2.324s] INFO:colcon.colcon_core.shell:Creating environment hook '/root/researchv2/install/chaser_system/share/chaser_system/hook/pythonpath.sh'
[2.325s] Level 1:colcon.colcon_core.environment:checking '/root/researchv2/install/chaser_system/bin'
[2.325s] Level 1:colcon.colcon_core.environment:create_environment_scripts_only(chaser_system)
[2.329s] INFO:colcon.colcon_core.shell:Creating package script '/root/researchv2/install/chaser_system/share/chaser_system/package.ps1'
[2.330s] INFO:colcon.colcon_core.shell:Creating package descriptor '/root/researchv2/install/chaser_system/share/chaser_system/package.dsv'
[2.331s] INFO:colcon.colcon_core.shell:Creating package script '/root/researchv2/install/chaser_system/share/chaser_system/package.sh'
[2.332s] INFO:colcon.colcon_core.shell:Creating package script '/root/researchv2/install/chaser_system/share/chaser_system/package.bash'
[2.333s] INFO:colcon.colcon_core.shell:Creating package script '/root/researchv2/install/chaser_system/share/chaser_system/package.zsh'
[2.333s] Level 1:colcon.colcon_core.environment:create_file_with_runtime_dependencies(/root/researchv2/install/chaser_system/share/colcon-core/packages/chaser_system)
[2.454s] Level 1:colcon.colcon_core.environment:create_environment_scripts_only(mymsg)
[2.458s] Level 1:colcon.colcon_core.environment:checking '/root/researchv2/install/mymsg' for CMake module files
[2.460s] Level 1:colcon.colcon_core.environment:checking '/root/researchv2/install/mymsg' for CMake config files
[2.461s] Level 1:colcon.colcon_core.shell:create_environment_hook('mymsg', 'cmake_prefix_path')
[2.463s] INFO:colcon.colcon_core.shell:Creating environment hook '/root/researchv2/install/mymsg/share/mymsg/hook/cmake_prefix_path.ps1'
[2.464s] INFO:colcon.colcon_core.shell:Creating environment descriptor '/root/researchv2/install/mymsg/share/mymsg/hook/cmake_prefix_path.dsv'
[2.465s] INFO:colcon.colcon_core.shell:Creating environment hook '/root/researchv2/install/mymsg/share/mymsg/hook/cmake_prefix_path.sh'
[2.466s] Level 1:colcon.colcon_core.environment:checking '/root/researchv2/install/mymsg/lib'
[2.466s] Level 1:colcon.colcon_core.shell:create_environment_hook('mymsg', 'ld_library_path_lib')
[2.468s] INFO:colcon.colcon_core.shell:Creating environment hook '/root/researchv2/install/mymsg/share/mymsg/hook/ld_library_path_lib.ps1'
[2.469s] INFO:colcon.colcon_core.shell:Creating environment descriptor '/root/researchv2/install/mymsg/share/mymsg/hook/ld_library_path_lib.dsv'
[2.470s] INFO:colcon.colcon_core.shell:Creating environment hook '/root/researchv2/install/mymsg/share/mymsg/hook/ld_library_path_lib.sh'
[2.470s] Level 1:colcon.colcon_core.environment:checking '/root/researchv2/install/mymsg/bin'
[2.470s] Level 1:colcon.colcon_core.environment:checking '/root/researchv2/install/mymsg/lib/pkgconfig/mymsg.pc'
[2.472s] Level 1:colcon.colcon_core.environment:checking '/root/researchv2/install/mymsg/lib/python3.8/site-packages'
[2.472s] Level 1:colcon.colcon_core.shell:create_environment_hook('mymsg', 'pythonpath')
[2.476s] INFO:colcon.colcon_core.shell:Creating environment hook '/root/researchv2/install/mymsg/share/mymsg/hook/pythonpath.ps1'
[2.477s] INFO:colcon.colcon_core.shell:Creating environment descriptor '/root/researchv2/install/mymsg/share/mymsg/hook/pythonpath.dsv'
[2.477s] INFO:colcon.colcon_core.shell:Creating environment hook '/root/researchv2/install/mymsg/share/mymsg/hook/pythonpath.sh'
[2.478s] Level 1:colcon.colcon_core.environment:checking '/root/researchv2/install/mymsg/bin'
[2.481s] INFO:colcon.colcon_core.shell:Creating package script '/root/researchv2/install/mymsg/share/mymsg/package.ps1'
[2.482s] INFO:colcon.colcon_core.shell:Creating package descriptor '/root/researchv2/install/mymsg/share/mymsg/package.dsv'
[2.483s] INFO:colcon.colcon_core.shell:Creating package script '/root/researchv2/install/mymsg/share/mymsg/package.sh'
[2.483s] INFO:colcon.colcon_core.shell:Creating package script '/root/researchv2/install/mymsg/share/mymsg/package.bash'
[2.484s] INFO:colcon.colcon_core.shell:Creating package script '/root/researchv2/install/mymsg/share/mymsg/package.zsh'
[2.485s] Level 1:colcon.colcon_core.environment:create_file_with_runtime_dependencies(/root/researchv2/install/mymsg/share/colcon-core/packages/mymsg)
[2.485s] DEBUG:colcon.colcon_parallel_executor.executor.parallel:closing loop
[2.486s] DEBUG:colcon.colcon_parallel_executor.executor.parallel:loop closed
[2.486s] DEBUG:colcon.colcon_parallel_executor.executor.parallel:run_until_complete finished with '0'
[2.486s] DEBUG:colcon.colcon_core.event_reactor:joining thread
[2.498s] INFO:colcon.colcon_core.plugin_system:Skipping extension 'colcon_notification.desktop_notification.notify_send': Could not find 'notify-send'
[2.498s] INFO:colcon.colcon_core.plugin_system:Skipping extension 'colcon_notification.desktop_notification.terminal_notifier': Not used on non-Darwin systems
[2.498s] INFO:colcon.colcon_core.plugin_system:Skipping extension 'colcon_notification.desktop_notification.win32': Not used on non-Windows systems
[2.498s] INFO:colcon.colcon_notification.desktop_notification:Sending desktop notification using 'notify2'
[2.508s] DEBUG:colcon.colcon_notification.desktop_notification.notify2:Failed to initialize notify2: org.freedesktop.DBus.Error.ServiceUnknown: The name org.freedesktop.Notifications was not provided by any .service files
[2.509s] DEBUG:colcon.colcon_core.event_reactor:joined thread
[2.512s] INFO:colcon.colcon_core.shell:Creating prefix script '/root/researchv2/install/local_setup.ps1'
[2.514s] INFO:colcon.colcon_core.shell:Creating prefix util module '/root/researchv2/install/_local_setup_util_ps1.py'
[2.515s] INFO:colcon.colcon_core.shell:Creating prefix chain script '/root/researchv2/install/setup.ps1'
[2.518s] INFO:colcon.colcon_core.shell:Creating prefix script '/root/researchv2/install/local_setup.sh'
[2.519s] INFO:colcon.colcon_core.shell:Creating prefix util module '/root/researchv2/install/_local_setup_util_sh.py'
[2.520s] INFO:colcon.colcon_core.shell:Creating prefix chain script '/root/researchv2/install/setup.sh'
[2.522s] INFO:colcon.colcon_core.shell:Creating prefix script '/root/researchv2/install/local_setup.bash'
[2.523s] INFO:colcon.colcon_core.shell:Creating prefix chain script '/root/researchv2/install/setup.bash'
[2.525s] INFO:colcon.colcon_core.shell:Creating prefix script '/root/researchv2/install/local_setup.zsh'
[2.526s] INFO:colcon.colcon_core.shell:Creating prefix chain script '/root/researchv2/install/setup.zsh'
