[0.657s] Invoking command in '/root/researchv2/src/chaser_system': CMAKE_PREFIX_PATH=/root/researchv2/install/mymsg:/root/sirius/sirius_ws/install/kobuki_velocity_smoother:/root/sirius/sirius_ws/install/kobuki_ros:/root/sirius/sirius_ws/install/kobuki_safety_controller:/root/sirius/sirius_ws/install/kobuki_random_walker:/root/sirius/sirius_ws/install/kobuki_node:/root/sirius/sirius_ws/install/kobuki_keyop:/root/sirius/sirius_ws/install/kobuki_bumper2pc:/root/sirius/sirius_ws/install/kobuki_auto_docking:/root/sirius/sirius_ws/install/kobuki_ros_interfaces:/root/sirius/sirius_ws/install/kobuki_description:/root/sirius/sirius_ws/install/kobuki_core:/root/openpifpaf_ros2/install/realsense2_description:/root/openpifpaf_ros2/install/realsense2_camera:/root/openpifpaf_ros2/install/realsense2_camera_msgs:/root/openpifpaf_ros2/install/openpifpaf_ros2_msgs:/root/researchv2/install/urg_node:/root/researchv2/install/urg_node_msgs:/root/researchv2/install/urg_c:/root/researchv2/install/laser_proc LD_LIBRARY_PATH=/root/researchv2/install/mymsg/lib:/root/sirius/sirius_ws/install/kobuki_velocity_smoother/lib:/root/sirius/sirius_ws/install/kobuki_safety_controller/lib:/root/sirius/sirius_ws/install/kobuki_node/lib:/root/sirius/sirius_ws/install/kobuki_keyop/lib:/root/sirius/sirius_ws/install/kobuki_ros_interfaces/lib:/root/sirius/sirius_ws/install/kobuki_core/lib:/root/openpifpaf_ros2/install/realsense2_camera/lib:/root/openpifpaf_ros2/install/realsense2_camera_msgs/lib:/root/openpifpaf_ros2/install/openpifpaf_ros2_msgs/lib:/root/researchv2/install/urg_node/lib:/root/researchv2/install/urg_node_msgs/lib:/root/researchv2/install/urg_c/lib:/root/researchv2/install/laser_proc/lib:/usr/lib/x86_64-linux-gnu/gazebo-11/plugins:/opt/ros/galactic/opt/yaml_cpp_vendor/lib:/opt/ros/galactic/opt/rviz_ogre_vendor/lib:/opt/ros/galactic/lib/x86_64-linux-gnu:/opt/ros/galactic/lib:/usr/local/11.6.0/lib64:/usr/local/nvidia/lib:/usr/local/nvidia/lib64 PYTHONPATH=/root/researchv2/build/chaser_system/prefix_override:/root/researchv2/install/chaser_system/lib/python3.8/site-packages:/root/researchv2/install/mymsg/lib/python3.8/site-packages:/root/sirius/sirius_ws/install/kobuki_ros_interfaces/lib/python3.8/site-packages:/root/openpifpaf_ros2/install/rgbd_openpifpaf_ros2/lib/python3.8/site-packages:/root/openpifpaf_ros2/install/realsense2_camera_msgs/lib/python3.8/site-packages:/root/openpifpaf_ros2/install/pose_checker/lib/python3.8/site-packages:/root/openpifpaf_ros2/install/openpifpaf_ros2_node/lib/python3.8/site-packages:/root/openpifpaf_ros2/install/openpifpaf_ros2_msgs/lib/python3.8/site-packages:/root/researchv2/install/urg_node_msgs/lib/python3.8/site-packages:/root/researchv2/install/chaser_system/lib/python3.8/site-packages:/opt/ros/galactic/lib/python3.8/site-packages /usr/bin/python3 setup.py egg_info --egg-base ../../build/chaser_system build --build-base /root/researchv2/build/chaser_system/build install --record /root/researchv2/build/chaser_system/install.log --install-scripts $base/lib/chaser_system --single-version-externally-managed
[0.846s] running egg_info
[0.846s] writing ../../build/chaser_system/chaser_system.egg-info/PKG-INFO
[0.847s] writing dependency_links to ../../build/chaser_system/chaser_system.egg-info/dependency_links.txt
[0.847s] writing entry points to ../../build/chaser_system/chaser_system.egg-info/entry_points.txt
[0.847s] writing requirements to ../../build/chaser_system/chaser_system.egg-info/requires.txt
[0.847s] writing top-level names to ../../build/chaser_system/chaser_system.egg-info/top_level.txt
[0.874s] reading manifest file '../../build/chaser_system/chaser_system.egg-info/SOURCES.txt'
[0.875s] writing manifest file '../../build/chaser_system/chaser_system.egg-info/SOURCES.txt'
[0.875s] running build
[0.875s] running build_py
[0.876s] copying chaser_system/approachv3.py -> /root/researchv2/build/chaser_system/build/lib/chaser_system
[0.876s] running install
[0.877s] running install_lib
[0.877s] copying /root/researchv2/build/chaser_system/build/lib/chaser_system/approachv3.py -> /root/researchv2/install/chaser_system/lib/python3.8/site-packages/chaser_system
[0.878s] byte-compiling /root/researchv2/install/chaser_system/lib/python3.8/site-packages/chaser_system/approachv3.py to approachv3.cpython-38.pyc
[0.879s] running install_data
[0.880s] running install_egg_info
[0.881s] removing '/root/researchv2/install/chaser_system/lib/python3.8/site-packages/chaser_system-0.0.0-py3.8.egg-info' (and everything under it)
[0.881s] Copying ../../build/chaser_system/chaser_system.egg-info to /root/researchv2/install/chaser_system/lib/python3.8/site-packages/chaser_system-0.0.0-py3.8.egg-info
[0.882s] running install_scripts
[0.894s] Installing approach_navi script to /root/researchv2/install/chaser_system/lib/chaser_system
[0.895s] Installing approachv2 script to /root/researchv2/install/chaser_system/lib/chaser_system
[0.895s] Installing approachv3 script to /root/researchv2/install/chaser_system/lib/chaser_system
[0.895s] Installing image_inputer script to /root/researchv2/install/chaser_system/lib/chaser_system
[0.895s] Installing person_check script to /root/researchv2/install/chaser_system/lib/chaser_system
[0.895s] Installing pose_tf2 script to /root/researchv2/install/chaser_system/lib/chaser_system
[0.895s] Installing raise_navi script to /root/researchv2/install/chaser_system/lib/chaser_system
[0.896s] Installing rgbd_generator script to /root/researchv2/install/chaser_system/lib/chaser_system
[0.896s] Installing three_d_pose_analysis script to /root/researchv2/install/chaser_system/lib/chaser_system
[0.896s] Installing xbox script to /root/researchv2/install/chaser_system/lib/chaser_system
[0.896s] writing list of installed files to '/root/researchv2/build/chaser_system/install.log'
[0.918s] Invoked command in '/root/researchv2/src/chaser_system' returned '0': CMAKE_PREFIX_PATH=/root/researchv2/install/mymsg:/root/sirius/sirius_ws/install/kobuki_velocity_smoother:/root/sirius/sirius_ws/install/kobuki_ros:/root/sirius/sirius_ws/install/kobuki_safety_controller:/root/sirius/sirius_ws/install/kobuki_random_walker:/root/sirius/sirius_ws/install/kobuki_node:/root/sirius/sirius_ws/install/kobuki_keyop:/root/sirius/sirius_ws/install/kobuki_bumper2pc:/root/sirius/sirius_ws/install/kobuki_auto_docking:/root/sirius/sirius_ws/install/kobuki_ros_interfaces:/root/sirius/sirius_ws/install/kobuki_description:/root/sirius/sirius_ws/install/kobuki_core:/root/openpifpaf_ros2/install/realsense2_description:/root/openpifpaf_ros2/install/realsense2_camera:/root/openpifpaf_ros2/install/realsense2_camera_msgs:/root/openpifpaf_ros2/install/openpifpaf_ros2_msgs:/root/researchv2/install/urg_node:/root/researchv2/install/urg_node_msgs:/root/researchv2/install/urg_c:/root/researchv2/install/laser_proc LD_LIBRARY_PATH=/root/researchv2/install/mymsg/lib:/root/sirius/sirius_ws/install/kobuki_velocity_smoother/lib:/root/sirius/sirius_ws/install/kobuki_safety_controller/lib:/root/sirius/sirius_ws/install/kobuki_node/lib:/root/sirius/sirius_ws/install/kobuki_keyop/lib:/root/sirius/sirius_ws/install/kobuki_ros_interfaces/lib:/root/sirius/sirius_ws/install/kobuki_core/lib:/root/openpifpaf_ros2/install/realsense2_camera/lib:/root/openpifpaf_ros2/install/realsense2_camera_msgs/lib:/root/openpifpaf_ros2/install/openpifpaf_ros2_msgs/lib:/root/researchv2/install/urg_node/lib:/root/researchv2/install/urg_node_msgs/lib:/root/researchv2/install/urg_c/lib:/root/researchv2/install/laser_proc/lib:/usr/lib/x86_64-linux-gnu/gazebo-11/plugins:/opt/ros/galactic/opt/yaml_cpp_vendor/lib:/opt/ros/galactic/opt/rviz_ogre_vendor/lib:/opt/ros/galactic/lib/x86_64-linux-gnu:/opt/ros/galactic/lib:/usr/local/11.6.0/lib64:/usr/local/nvidia/lib:/usr/local/nvidia/lib64 PYTHONPATH=/root/researchv2/build/chaser_system/prefix_override:/root/researchv2/install/chaser_system/lib/python3.8/site-packages:/root/researchv2/install/mymsg/lib/python3.8/site-packages:/root/sirius/sirius_ws/install/kobuki_ros_interfaces/lib/python3.8/site-packages:/root/openpifpaf_ros2/install/rgbd_openpifpaf_ros2/lib/python3.8/site-packages:/root/openpifpaf_ros2/install/realsense2_camera_msgs/lib/python3.8/site-packages:/root/openpifpaf_ros2/install/pose_checker/lib/python3.8/site-packages:/root/openpifpaf_ros2/install/openpifpaf_ros2_node/lib/python3.8/site-packages:/root/openpifpaf_ros2/install/openpifpaf_ros2_msgs/lib/python3.8/site-packages:/root/researchv2/install/urg_node_msgs/lib/python3.8/site-packages:/root/researchv2/install/chaser_system/lib/python3.8/site-packages:/opt/ros/galactic/lib/python3.8/site-packages /usr/bin/python3 setup.py egg_info --egg-base ../../build/chaser_system build --build-base /root/researchv2/build/chaser_system/build install --record /root/researchv2/build/chaser_system/install.log --install-scripts $base/lib/chaser_system --single-version-externally-managed
