[0.153s] Invoking command in '/root/researchv2/build/urg_c': CMAKE_PREFIX_PATH=${CMAKE_PREFIX_PATH}:/root/openpifpaf_ros2/install/rgbd_openpifpaf_ros2:/root/openpifpaf_ros2/install/pose_checker:/root/openpifpaf_ros2/install/openpifpaf_ros2_node:/root/researchv2/install/chaser_system:/opt/ros/galactic /usr/bin/cmake --build /root/researchv2/build/urg_c -- -j12 -l12
[0.338s] [ 29%] Built target urg_c
[0.418s] [ 35%] Built target open_urg_sensor
[0.541s] [ 41%] Built target timeout_test
[0.547s] [ 47%] Built target sync_time_stamp
[0.563s] [ 52%] Built target get_distance_intensity
[0.570s] [ 58%] Built target sensor_parameter
[0.575s] [ 64%] Built target angle_convert_test
[0.579s] [ 70%] Built target get_distance
[0.587s] [ 76%] Built target calculate_xy
[0.591s] [ 82%] Built target get_multiecho
[0.645s] [ 88%] Built target get_multiecho_intensity
[0.645s] [ 94%] Built target find_port
[0.652s] [100%] Built target reboot_test
[0.724s] Invoked command in '/root/researchv2/build/urg_c' returned '0': CMAKE_PREFIX_PATH=${CMAKE_PREFIX_PATH}:/root/openpifpaf_ros2/install/rgbd_openpifpaf_ros2:/root/openpifpaf_ros2/install/pose_checker:/root/openpifpaf_ros2/install/openpifpaf_ros2_node:/root/researchv2/install/chaser_system:/opt/ros/galactic /usr/bin/cmake --build /root/researchv2/build/urg_c -- -j12 -l12
[1.406s] Invoking command in '/root/researchv2/build/urg_c': CMAKE_PREFIX_PATH=${CMAKE_PREFIX_PATH}:/root/openpifpaf_ros2/install/rgbd_openpifpaf_ros2:/root/openpifpaf_ros2/install/pose_checker:/root/openpifpaf_ros2/install/openpifpaf_ros2_node:/root/researchv2/install/chaser_system:/opt/ros/galactic /usr/bin/cmake --install /root/researchv2/build/urg_c
[1.438s] -- Install configuration: ""
[1.438s] -- Up-to-date: /root/researchv2/install/urg_c/lib/liburg_c.so
[1.438s] -- Up-to-date: /root/researchv2/install/urg_c/lib/libopen_urg_sensor.a
[1.438s] -- Up-to-date: /root/researchv2/install/urg_c/bin/angle_convert_test
[1.439s] -- Up-to-date: /root/researchv2/install/urg_c/bin/calculate_xy
[1.439s] -- Up-to-date: /root/researchv2/install/urg_c/bin/find_port
[1.440s] -- Up-to-date: /root/researchv2/install/urg_c/bin/get_distance
[1.441s] -- Up-to-date: /root/researchv2/install/urg_c/bin/get_distance_intensity
[1.442s] -- Up-to-date: /root/researchv2/install/urg_c/bin/get_multiecho
[1.443s] -- Up-to-date: /root/researchv2/install/urg_c/bin/get_multiecho_intensity
[1.443s] -- Up-to-date: /root/researchv2/install/urg_c/bin/reboot_test
[1.444s] -- Up-to-date: /root/researchv2/install/urg_c/bin/sensor_parameter
[1.445s] -- Up-to-date: /root/researchv2/install/urg_c/bin/sync_time_stamp
[1.448s] -- Up-to-date: /root/researchv2/install/urg_c/bin/timeout_test
[1.448s] -- Up-to-date: /root/researchv2/install/urg_c/include
[1.449s] -- Up-to-date: /root/researchv2/install/urg_c/include/urg_c
[1.449s] -- Up-to-date: /root/researchv2/install/urg_c/include/urg_c/urg_tcpclient.h
[1.449s] -- Up-to-date: /root/researchv2/install/urg_c/include/urg_c/urg_time.h
[1.449s] -- Up-to-date: /root/researchv2/install/urg_c/include/urg_c/urg_sensor.h
[1.450s] -- Up-to-date: /root/researchv2/install/urg_c/include/urg_c/urg_ring_buffer.h
[1.450s] -- Up-to-date: /root/researchv2/install/urg_c/include/urg_c/urg_serial_utils.h
[1.450s] -- Up-to-date: /root/researchv2/install/urg_c/include/urg_c/urg_errno.h
[1.450s] -- Up-to-date: /root/researchv2/install/urg_c/include/urg_c/urg_serial.h
[1.451s] -- Up-to-date: /root/researchv2/install/urg_c/include/urg_c/urg_detect_os.h
[1.451s] -- Up-to-date: /root/researchv2/install/urg_c/include/urg_c/urg_utils.h
[1.451s] -- Up-to-date: /root/researchv2/install/urg_c/include/urg_c/urg_debug.h
[1.451s] -- Up-to-date: /root/researchv2/install/urg_c/include/urg_c/urg_connection.h
[1.452s] -- Up-to-date: /root/researchv2/install/urg_c/share/urg_c/environment/library_path.sh
[1.452s] -- Up-to-date: /root/researchv2/install/urg_c/share/urg_c/environment/library_path.dsv
[1.452s] -- Up-to-date: /root/researchv2/install/urg_c/share/ament_index/resource_index/package_run_dependencies/urg_c
[1.452s] -- Up-to-date: /root/researchv2/install/urg_c/share/ament_index/resource_index/parent_prefix_path/urg_c
[1.453s] -- Up-to-date: /root/researchv2/install/urg_c/share/urg_c/environment/ament_prefix_path.sh
[1.453s] -- Up-to-date: /root/researchv2/install/urg_c/share/urg_c/environment/ament_prefix_path.dsv
[1.453s] -- Up-to-date: /root/researchv2/install/urg_c/share/urg_c/environment/path.sh
[1.453s] -- Up-to-date: /root/researchv2/install/urg_c/share/urg_c/environment/path.dsv
[1.454s] -- Up-to-date: /root/researchv2/install/urg_c/share/urg_c/local_setup.bash
[1.454s] -- Up-to-date: /root/researchv2/install/urg_c/share/urg_c/local_setup.sh
[1.455s] -- Up-to-date: /root/researchv2/install/urg_c/share/urg_c/local_setup.zsh
[1.455s] -- Up-to-date: /root/researchv2/install/urg_c/share/urg_c/local_setup.dsv
[1.455s] -- Installing: /root/researchv2/install/urg_c/share/urg_c/package.dsv
[1.455s] -- Up-to-date: /root/researchv2/install/urg_c/share/ament_index/resource_index/packages/urg_c
[1.455s] -- Up-to-date: /root/researchv2/install/urg_c/share/urg_c/cmake/ament_cmake_export_include_directories-extras.cmake
[1.456s] -- Up-to-date: /root/researchv2/install/urg_c/share/urg_c/cmake/ament_cmake_export_libraries-extras.cmake
[1.456s] -- Up-to-date: /root/researchv2/install/urg_c/share/urg_c/cmake/urg_cConfig.cmake
[1.456s] -- Up-to-date: /root/researchv2/install/urg_c/share/urg_c/cmake/urg_cConfig-version.cmake
[1.456s] -- Up-to-date: /root/researchv2/install/urg_c/share/urg_c/package.xml
[1.469s] Invoked command in '/root/researchv2/build/urg_c' returned '0': CMAKE_PREFIX_PATH=${CMAKE_PREFIX_PATH}:/root/openpifpaf_ros2/install/rgbd_openpifpaf_ros2:/root/openpifpaf_ros2/install/pose_checker:/root/openpifpaf_ros2/install/openpifpaf_ros2_node:/root/researchv2/install/chaser_system:/opt/ros/galactic /usr/bin/cmake --install /root/researchv2/build/urg_c
