[1.277s] Invoking command in '/root/researchv2/src/chaser_system': PYTHONPATH=/root/researchv2/install/chaser_system/lib/python3.8/site-packages:${PYTHONPATH} _=/usr/bin/env /usr/bin/python3 setup.py egg_info --egg-base ../../build/chaser_system build --build-base /root/researchv2/build/chaser_system/build install --prefix /root/researchv2/install/chaser_system --record /root/researchv2/build/chaser_system/install.log --single-version-externally-managed
[1.742s] running egg_info
[1.743s] writing ../../build/chaser_system/chaser_system.egg-info/PKG-INFO
[1.743s] writing dependency_links to ../../build/chaser_system/chaser_system.egg-info/dependency_links.txt
[1.743s] writing entry points to ../../build/chaser_system/chaser_system.egg-info/entry_points.txt
[1.744s] writing requirements to ../../build/chaser_system/chaser_system.egg-info/requires.txt
[1.744s] writing top-level names to ../../build/chaser_system/chaser_system.egg-info/top_level.txt
[1.818s] reading manifest file '../../build/chaser_system/chaser_system.egg-info/SOURCES.txt'
[1.820s] writing manifest file '../../build/chaser_system/chaser_system.egg-info/SOURCES.txt'
[1.820s] running build
[1.820s] running build_py
[1.821s] copying chaser_system/person_check.py -> /root/researchv2/build/chaser_system/build/lib/chaser_system
[1.822s] running install
[1.825s] running install_lib
[1.827s] copying /root/researchv2/build/chaser_system/build/lib/chaser_system/person_check.py -> /root/researchv2/install/chaser_system/lib/python3.8/site-packages/chaser_system
[1.829s] byte-compiling /root/researchv2/install/chaser_system/lib/python3.8/site-packages/chaser_system/person_check.py to person_check.cpython-38.pyc
[1.835s] running install_data
[1.836s] running install_egg_info
[1.839s] removing '/root/researchv2/install/chaser_system/lib/python3.8/site-packages/chaser_system-0.0.0-py3.8.egg-info' (and everything under it)
[1.841s] Copying ../../build/chaser_system/chaser_system.egg-info to /root/researchv2/install/chaser_system/lib/python3.8/site-packages/chaser_system-0.0.0-py3.8.egg-info
[1.842s] running install_scripts
[1.870s] Installing image_inputer script to /root/researchv2/install/chaser_system/lib/chaser_system
[1.870s] Installing person_check script to /root/researchv2/install/chaser_system/lib/chaser_system
[1.871s] Installing pose_tf2 script to /root/researchv2/install/chaser_system/lib/chaser_system
[1.871s] Installing rgbd_generator script to /root/researchv2/install/chaser_system/lib/chaser_system
[1.871s] Installing three_d_pose_analysis script to /root/researchv2/install/chaser_system/lib/chaser_system
[1.872s] writing list of installed files to '/root/researchv2/build/chaser_system/install.log'
[1.912s] Invoked command in '/root/researchv2/src/chaser_system' returned '0': PYTHONPATH=/root/researchv2/install/chaser_system/lib/python3.8/site-packages:${PYTHONPATH} _=/usr/bin/env /usr/bin/python3 setup.py egg_info --egg-base ../../build/chaser_system build --build-base /root/researchv2/build/chaser_system/build install --prefix /root/researchv2/install/chaser_system --record /root/researchv2/build/chaser_system/install.log --single-version-externally-managed
