[  1%] Built target mymsg__cpp
[ 12%] Built target mymsg__rosidl_generator_c
[ 23%] Built target mymsg__rosidl_typesupport_introspection_cpp
[ 35%] Built target mymsg__rosidl_typesupport_cpp
[ 46%] Built target mymsg__rosidl_typesupport_fastrtps_cpp
[ 57%] Built target mymsg__rosidl_typesupport_c
[ 69%] Built target mymsg__rosidl_typesupport_introspection_c
[ 80%] Built target mymsg__rosidl_typesupport_fastrtps_c
[ 80%] Built target mymsg
[ 81%] Built target mymsg__py
[ 91%] Built target mymsg__python
[ 97%] Built target mymsg__rosidl_typesupport_c__pyext
[ 97%] Built target mymsg__rosidl_typesupport_fastrtps_c__pyext
[100%] Built target mymsg__rosidl_typesupport_introspection_c__pyext
-- Install configuration: ""
-- Up-to-date: /root/researchv2/install/mymsg/share/ament_index/resource_index/rosidl_interfaces/mymsg
-- Up-to-date: /root/researchv2/install/mymsg/include/mymsg
-- Up-to-date: /root/researchv2/install/mymsg/include/mymsg/srv
-- Up-to-date: /root/researchv2/install/mymsg/include/mymsg/srv/imagedata.h
-- Up-to-date: /root/researchv2/install/mymsg/include/mymsg/srv/detail
-- Up-to-date: /root/researchv2/install/mymsg/include/mymsg/srv/detail/waypoints__type_support.h
-- Up-to-date: /root/researchv2/install/mymsg/include/mymsg/srv/detail/waypoints__functions.c
-- Up-to-date: /root/researchv2/install/mymsg/include/mymsg/srv/detail/imagedata__functions.c
-- Up-to-date: /root/researchv2/install/mymsg/include/mymsg/srv/detail/imagedata__functions.h
-- Up-to-date: /root/researchv2/install/mymsg/include/mymsg/srv/detail/imagedata__struct.h
-- Up-to-date: /root/researchv2/install/mymsg/include/mymsg/srv/detail/waypoints__struct.h
-- Up-to-date: /root/researchv2/install/mymsg/include/mymsg/srv/detail/imagedata__type_support.h
-- Up-to-date: /root/researchv2/install/mymsg/include/mymsg/srv/detail/waypoints__functions.h
-- Up-to-date: /root/researchv2/install/mymsg/include/mymsg/srv/waypoints.h
-- Up-to-date: /root/researchv2/install/mymsg/include/mymsg/msg
-- Up-to-date: /root/researchv2/install/mymsg/include/mymsg/msg/multi_transform.h
-- Up-to-date: /root/researchv2/install/mymsg/include/mymsg/msg/rosidl_generator_c__visibility_control.h
-- Up-to-date: /root/researchv2/install/mymsg/include/mymsg/msg/poses.h
-- Up-to-date: /root/researchv2/install/mymsg/include/mymsg/msg/detail
-- Up-to-date: /root/researchv2/install/mymsg/include/mymsg/msg/detail/multi_transform__type_support.h
-- Up-to-date: /root/researchv2/install/mymsg/include/mymsg/msg/detail/pose__functions.h
-- Up-to-date: /root/researchv2/install/mymsg/include/mymsg/msg/detail/multi_transform__functions.h
-- Up-to-date: /root/researchv2/install/mymsg/include/mymsg/msg/detail/transform__functions.c
-- Up-to-date: /root/researchv2/install/mymsg/include/mymsg/msg/detail/pose__struct.h
-- Up-to-date: /root/researchv2/install/mymsg/include/mymsg/msg/detail/multi_transform__struct.h
-- Up-to-date: /root/researchv2/install/mymsg/include/mymsg/msg/detail/pose__type_support.h
-- Up-to-date: /root/researchv2/install/mymsg/include/mymsg/msg/detail/poses__type_support.h
-- Up-to-date: /root/researchv2/install/mymsg/include/mymsg/msg/detail/transform__type_support.h
-- Up-to-date: /root/researchv2/install/mymsg/include/mymsg/msg/detail/transform__struct.h
-- Up-to-date: /root/researchv2/install/mymsg/include/mymsg/msg/detail/poses__functions.c
-- Up-to-date: /root/researchv2/install/mymsg/include/mymsg/msg/detail/multi_transform__functions.c
-- Up-to-date: /root/researchv2/install/mymsg/include/mymsg/msg/detail/transform__functions.h
-- Up-to-date: /root/researchv2/install/mymsg/include/mymsg/msg/detail/poses__struct.h
-- Up-to-date: /root/researchv2/install/mymsg/include/mymsg/msg/detail/pose__functions.c
-- Up-to-date: /root/researchv2/install/mymsg/include/mymsg/msg/detail/poses__functions.h
-- Up-to-date: /root/researchv2/install/mymsg/include/mymsg/msg/transform.h
-- Up-to-date: /root/researchv2/install/mymsg/include/mymsg/msg/pose.h
-- Up-to-date: /root/researchv2/install/mymsg/share/mymsg/environment/library_path.sh
-- Up-to-date: /root/researchv2/install/mymsg/share/mymsg/environment/library_path.dsv
-- Up-to-date: /root/researchv2/install/mymsg/lib/libmymsg__rosidl_generator_c.so
-- Up-to-date: /root/researchv2/install/mymsg/include/mymsg
-- Up-to-date: /root/researchv2/install/mymsg/include/mymsg/srv
-- Up-to-date: /root/researchv2/install/mymsg/include/mymsg/srv/detail
-- Up-to-date: /root/researchv2/install/mymsg/include/mymsg/srv/detail/imagedata__rosidl_typesupport_fastrtps_c.h
-- Up-to-date: /root/researchv2/install/mymsg/include/mymsg/srv/detail/waypoints__rosidl_typesupport_fastrtps_c.h
-- Up-to-date: /root/researchv2/install/mymsg/include/mymsg/msg
-- Up-to-date: /root/researchv2/install/mymsg/include/mymsg/msg/detail
-- Up-to-date: /root/researchv2/install/mymsg/include/mymsg/msg/detail/poses__rosidl_typesupport_fastrtps_c.h
-- Up-to-date: /root/researchv2/install/mymsg/include/mymsg/msg/detail/multi_transform__rosidl_typesupport_fastrtps_c.h
-- Up-to-date: /root/researchv2/install/mymsg/include/mymsg/msg/detail/transform__rosidl_typesupport_fastrtps_c.h
-- Up-to-date: /root/researchv2/install/mymsg/include/mymsg/msg/detail/pose__rosidl_typesupport_fastrtps_c.h
-- Up-to-date: /root/researchv2/install/mymsg/include/mymsg/msg/rosidl_typesupport_fastrtps_c__visibility_control.h
-- Up-to-date: /root/researchv2/install/mymsg/lib/libmymsg__rosidl_typesupport_fastrtps_c.so
-- Up-to-date: /root/researchv2/install/mymsg/include/mymsg
-- Up-to-date: /root/researchv2/install/mymsg/include/mymsg/srv
-- Up-to-date: /root/researchv2/install/mymsg/include/mymsg/srv/detail
-- Up-to-date: /root/researchv2/install/mymsg/include/mymsg/srv/detail/imagedata__rosidl_typesupport_fastrtps_cpp.hpp
-- Up-to-date: /root/researchv2/install/mymsg/include/mymsg/srv/detail/waypoints__rosidl_typesupport_fastrtps_cpp.hpp
-- Up-to-date: /root/researchv2/install/mymsg/include/mymsg/srv/detail/dds_fastrtps
-- Up-to-date: /root/researchv2/install/mymsg/include/mymsg/msg
-- Up-to-date: /root/researchv2/install/mymsg/include/mymsg/msg/detail
-- Up-to-date: /root/researchv2/install/mymsg/include/mymsg/msg/detail/multi_transform__rosidl_typesupport_fastrtps_cpp.hpp
-- Up-to-date: /root/researchv2/install/mymsg/include/mymsg/msg/detail/pose__rosidl_typesupport_fastrtps_cpp.hpp
-- Up-to-date: /root/researchv2/install/mymsg/include/mymsg/msg/detail/transform__rosidl_typesupport_fastrtps_cpp.hpp
-- Up-to-date: /root/researchv2/install/mymsg/include/mymsg/msg/detail/poses__rosidl_typesupport_fastrtps_cpp.hpp
-- Up-to-date: /root/researchv2/install/mymsg/include/mymsg/msg/detail/dds_fastrtps
-- Up-to-date: /root/researchv2/install/mymsg/include/mymsg/msg/rosidl_typesupport_fastrtps_cpp__visibility_control.h
-- Up-to-date: /root/researchv2/install/mymsg/lib/libmymsg__rosidl_typesupport_fastrtps_cpp.so
-- Up-to-date: /root/researchv2/install/mymsg/include/mymsg
-- Up-to-date: /root/researchv2/install/mymsg/include/mymsg/srv
-- Up-to-date: /root/researchv2/install/mymsg/include/mymsg/srv/detail
-- Up-to-date: /root/researchv2/install/mymsg/include/mymsg/srv/detail/imagedata__type_support.c
-- Up-to-date: /root/researchv2/install/mymsg/include/mymsg/srv/detail/waypoints__rosidl_typesupport_introspection_c.h
-- Up-to-date: /root/researchv2/install/mymsg/include/mymsg/srv/detail/waypoints__type_support.c
-- Up-to-date: /root/researchv2/install/mymsg/include/mymsg/srv/detail/imagedata__rosidl_typesupport_introspection_c.h
-- Up-to-date: /root/researchv2/install/mymsg/include/mymsg/msg
-- Up-to-date: /root/researchv2/install/mymsg/include/mymsg/msg/detail
-- Up-to-date: /root/researchv2/install/mymsg/include/mymsg/msg/detail/pose__rosidl_typesupport_introspection_c.h
-- Up-to-date: /root/researchv2/install/mymsg/include/mymsg/msg/detail/transform__type_support.c
-- Up-to-date: /root/researchv2/install/mymsg/include/mymsg/msg/detail/multi_transform__rosidl_typesupport_introspection_c.h
-- Up-to-date: /root/researchv2/install/mymsg/include/mymsg/msg/detail/transform__rosidl_typesupport_introspection_c.h
-- Up-to-date: /root/researchv2/install/mymsg/include/mymsg/msg/detail/multi_transform__type_support.c
-- Up-to-date: /root/researchv2/install/mymsg/include/mymsg/msg/detail/poses__type_support.c
-- Up-to-date: /root/researchv2/install/mymsg/include/mymsg/msg/detail/pose__type_support.c
-- Up-to-date: /root/researchv2/install/mymsg/include/mymsg/msg/detail/poses__rosidl_typesupport_introspection_c.h
-- Up-to-date: /root/researchv2/install/mymsg/include/mymsg/msg/rosidl_typesupport_introspection_c__visibility_control.h
-- Up-to-date: /root/researchv2/install/mymsg/lib/libmymsg__rosidl_typesupport_introspection_c.so
-- Up-to-date: /root/researchv2/install/mymsg/lib/libmymsg__rosidl_typesupport_c.so
-- Up-to-date: /root/researchv2/install/mymsg/include/mymsg
-- Up-to-date: /root/researchv2/install/mymsg/include/mymsg/srv
-- Up-to-date: /root/researchv2/install/mymsg/include/mymsg/srv/waypoints.hpp
-- Up-to-date: /root/researchv2/install/mymsg/include/mymsg/srv/detail
-- Up-to-date: /root/researchv2/install/mymsg/include/mymsg/srv/detail/waypoints__struct.hpp
-- Up-to-date: /root/researchv2/install/mymsg/include/mymsg/srv/detail/imagedata__traits.hpp
-- Up-to-date: /root/researchv2/install/mymsg/include/mymsg/srv/detail/waypoints__traits.hpp
-- Up-to-date: /root/researchv2/install/mymsg/include/mymsg/srv/detail/imagedata__builder.hpp
-- Up-to-date: /root/researchv2/install/mymsg/include/mymsg/srv/detail/imagedata__struct.hpp
-- Up-to-date: /root/researchv2/install/mymsg/include/mymsg/srv/detail/waypoints__builder.hpp
-- Up-to-date: /root/researchv2/install/mymsg/include/mymsg/srv/imagedata.hpp
-- Up-to-date: /root/researchv2/install/mymsg/include/mymsg/msg
-- Up-to-date: /root/researchv2/install/mymsg/include/mymsg/msg/multi_transform.hpp
-- Up-to-date: /root/researchv2/install/mymsg/include/mymsg/msg/transform.hpp
-- Up-to-date: /root/researchv2/install/mymsg/include/mymsg/msg/detail
-- Up-to-date: /root/researchv2/install/mymsg/include/mymsg/msg/detail/poses__struct.hpp
-- Up-to-date: /root/researchv2/install/mymsg/include/mymsg/msg/detail/multi_transform__struct.hpp
-- Up-to-date: /root/researchv2/install/mymsg/include/mymsg/msg/detail/multi_transform__traits.hpp
-- Up-to-date: /root/researchv2/install/mymsg/include/mymsg/msg/detail/poses__builder.hpp
-- Up-to-date: /root/researchv2/install/mymsg/include/mymsg/msg/detail/transform__struct.hpp
-- Up-to-date: /root/researchv2/install/mymsg/include/mymsg/msg/detail/pose__struct.hpp
-- Up-to-date: /root/researchv2/install/mymsg/include/mymsg/msg/detail/pose__traits.hpp
-- Up-to-date: /root/researchv2/install/mymsg/include/mymsg/msg/detail/transform__traits.hpp
-- Up-to-date: /root/researchv2/install/mymsg/include/mymsg/msg/detail/poses__traits.hpp
-- Up-to-date: /root/researchv2/install/mymsg/include/mymsg/msg/detail/transform__builder.hpp
-- Up-to-date: /root/researchv2/install/mymsg/include/mymsg/msg/detail/multi_transform__builder.hpp
-- Up-to-date: /root/researchv2/install/mymsg/include/mymsg/msg/detail/pose__builder.hpp
-- Up-to-date: /root/researchv2/install/mymsg/include/mymsg/msg/pose.hpp
-- Up-to-date: /root/researchv2/install/mymsg/include/mymsg/msg/poses.hpp
-- Up-to-date: /root/researchv2/install/mymsg/include/mymsg
-- Up-to-date: /root/researchv2/install/mymsg/include/mymsg/srv
-- Up-to-date: /root/researchv2/install/mymsg/include/mymsg/srv/detail
-- Up-to-date: /root/researchv2/install/mymsg/include/mymsg/srv/detail/imagedata__rosidl_typesupport_introspection_cpp.hpp
-- Up-to-date: /root/researchv2/install/mymsg/include/mymsg/srv/detail/imagedata__type_support.cpp
-- Up-to-date: /root/researchv2/install/mymsg/include/mymsg/srv/detail/waypoints__type_support.cpp
-- Up-to-date: /root/researchv2/install/mymsg/include/mymsg/srv/detail/waypoints__rosidl_typesupport_introspection_cpp.hpp
-- Up-to-date: /root/researchv2/install/mymsg/include/mymsg/msg
-- Up-to-date: /root/researchv2/install/mymsg/include/mymsg/msg/detail
-- Up-to-date: /root/researchv2/install/mymsg/include/mymsg/msg/detail/poses__type_support.cpp
-- Up-to-date: /root/researchv2/install/mymsg/include/mymsg/msg/detail/multi_transform__type_support.cpp
-- Up-to-date: /root/researchv2/install/mymsg/include/mymsg/msg/detail/transform__type_support.cpp
-- Up-to-date: /root/researchv2/install/mymsg/include/mymsg/msg/detail/pose__type_support.cpp
-- Up-to-date: /root/researchv2/install/mymsg/include/mymsg/msg/detail/multi_transform__rosidl_typesupport_introspection_cpp.hpp
-- Up-to-date: /root/researchv2/install/mymsg/include/mymsg/msg/detail/pose__rosidl_typesupport_introspection_cpp.hpp
-- Up-to-date: /root/researchv2/install/mymsg/include/mymsg/msg/detail/transform__rosidl_typesupport_introspection_cpp.hpp
-- Up-to-date: /root/researchv2/install/mymsg/include/mymsg/msg/detail/poses__rosidl_typesupport_introspection_cpp.hpp
-- Up-to-date: /root/researchv2/install/mymsg/lib/libmymsg__rosidl_typesupport_introspection_cpp.so
-- Up-to-date: /root/researchv2/install/mymsg/lib/libmymsg__rosidl_typesupport_cpp.so
-- Up-to-date: /root/researchv2/install/mymsg/share/mymsg/environment/pythonpath.sh
-- Up-to-date: /root/researchv2/install/mymsg/share/mymsg/environment/pythonpath.dsv
-- Up-to-date: /root/researchv2/install/mymsg/lib/python3.8/site-packages/mymsg/__init__.py
-- Up-to-date: /root/researchv2/install/mymsg/lib/python3.8/site-packages/mymsg/msg
-- Up-to-date: /root/researchv2/install/mymsg/lib/python3.8/site-packages/mymsg/msg/_transform_s.c
-- Up-to-date: /root/researchv2/install/mymsg/lib/python3.8/site-packages/mymsg/msg/_multi_transform_s.c
-- Up-to-date: /root/researchv2/install/mymsg/lib/python3.8/site-packages/mymsg/msg/_pose_s.c
-- Up-to-date: /root/researchv2/install/mymsg/lib/python3.8/site-packages/mymsg/msg/_transform.py
-- Up-to-date: /root/researchv2/install/mymsg/lib/python3.8/site-packages/mymsg/msg/_poses_s.c
-- Up-to-date: /root/researchv2/install/mymsg/lib/python3.8/site-packages/mymsg/msg/_poses.py
-- Up-to-date: /root/researchv2/install/mymsg/lib/python3.8/site-packages/mymsg/msg/__init__.py
-- Up-to-date: /root/researchv2/install/mymsg/lib/python3.8/site-packages/mymsg/msg/_pose.py
-- Up-to-date: /root/researchv2/install/mymsg/lib/python3.8/site-packages/mymsg/msg/_multi_transform.py
-- Up-to-date: /root/researchv2/install/mymsg/lib/python3.8/site-packages/mymsg/srv
-- Up-to-date: /root/researchv2/install/mymsg/lib/python3.8/site-packages/mymsg/srv/_waypoints.py
-- Up-to-date: /root/researchv2/install/mymsg/lib/python3.8/site-packages/mymsg/srv/_imagedata_s.c
-- Up-to-date: /root/researchv2/install/mymsg/lib/python3.8/site-packages/mymsg/srv/_waypoints_s.c
-- Up-to-date: /root/researchv2/install/mymsg/lib/python3.8/site-packages/mymsg/srv/_imagedata.py
-- Up-to-date: /root/researchv2/install/mymsg/lib/python3.8/site-packages/mymsg/srv/__init__.py
-- Up-to-date: /root/researchv2/install/mymsg/lib/python3.8/site-packages/mymsg/mymsg_s__rosidl_typesupport_fastrtps_c.cpython-38-x86_64-linux-gnu.so
-- Up-to-date: /root/researchv2/install/mymsg/lib/python3.8/site-packages/mymsg/mymsg_s__rosidl_typesupport_introspection_c.cpython-38-x86_64-linux-gnu.so
-- Up-to-date: /root/researchv2/install/mymsg/lib/python3.8/site-packages/mymsg/mymsg_s__rosidl_typesupport_c.cpython-38-x86_64-linux-gnu.so
-- Up-to-date: /root/researchv2/install/mymsg/lib/libmymsg__python.so
-- Up-to-date: /root/researchv2/install/mymsg/share/mymsg/msg/Pose.idl
-- Up-to-date: /root/researchv2/install/mymsg/share/mymsg/msg/Poses.idl
-- Up-to-date: /root/researchv2/install/mymsg/share/mymsg/msg/Transform.idl
-- Up-to-date: /root/researchv2/install/mymsg/share/mymsg/msg/MultiTransform.idl
-- Up-to-date: /root/researchv2/install/mymsg/share/mymsg/srv/Imagedata.idl
-- Up-to-date: /root/researchv2/install/mymsg/share/mymsg/srv/Waypoints.idl
-- Up-to-date: /root/researchv2/install/mymsg/share/mymsg/msg/Pose.msg
-- Up-to-date: /root/researchv2/install/mymsg/share/mymsg/msg/Poses.msg
-- Up-to-date: /root/researchv2/install/mymsg/share/mymsg/msg/Transform.msg
-- Up-to-date: /root/researchv2/install/mymsg/share/mymsg/msg/MultiTransform.msg
-- Up-to-date: /root/researchv2/install/mymsg/share/mymsg/srv/Imagedata.srv
-- Up-to-date: /root/researchv2/install/mymsg/share/mymsg/srv/Imagedata_Request.msg
-- Up-to-date: /root/researchv2/install/mymsg/share/mymsg/srv/Imagedata_Response.msg
-- Up-to-date: /root/researchv2/install/mymsg/share/mymsg/srv/Waypoints.srv
-- Up-to-date: /root/researchv2/install/mymsg/share/mymsg/srv/Waypoints_Request.msg
-- Up-to-date: /root/researchv2/install/mymsg/share/mymsg/srv/Waypoints_Response.msg
-- Up-to-date: /root/researchv2/install/mymsg/share/ament_index/resource_index/package_run_dependencies/mymsg
-- Up-to-date: /root/researchv2/install/mymsg/share/ament_index/resource_index/parent_prefix_path/mymsg
-- Up-to-date: /root/researchv2/install/mymsg/share/mymsg/environment/ament_prefix_path.sh
-- Up-to-date: /root/researchv2/install/mymsg/share/mymsg/environment/ament_prefix_path.dsv
-- Up-to-date: /root/researchv2/install/mymsg/share/mymsg/environment/path.sh
-- Up-to-date: /root/researchv2/install/mymsg/share/mymsg/environment/path.dsv
-- Up-to-date: /root/researchv2/install/mymsg/share/mymsg/local_setup.bash
-- Up-to-date: /root/researchv2/install/mymsg/share/mymsg/local_setup.sh
-- Up-to-date: /root/researchv2/install/mymsg/share/mymsg/local_setup.zsh
-- Up-to-date: /root/researchv2/install/mymsg/share/mymsg/local_setup.dsv
-- Installing: /root/researchv2/install/mymsg/share/mymsg/package.dsv
-- Up-to-date: /root/researchv2/install/mymsg/share/ament_index/resource_index/packages/mymsg
-- Up-to-date: /root/researchv2/install/mymsg/share/mymsg/cmake/mymsg__rosidl_generator_cExport.cmake
-- Up-to-date: /root/researchv2/install/mymsg/share/mymsg/cmake/mymsg__rosidl_generator_cExport-noconfig.cmake
-- Up-to-date: /root/researchv2/install/mymsg/share/mymsg/cmake/mymsg__rosidl_typesupport_introspection_cExport.cmake
-- Up-to-date: /root/researchv2/install/mymsg/share/mymsg/cmake/mymsg__rosidl_typesupport_introspection_cExport-noconfig.cmake
-- Up-to-date: /root/researchv2/install/mymsg/share/mymsg/cmake/mymsg__rosidl_typesupport_cExport.cmake
-- Up-to-date: /root/researchv2/install/mymsg/share/mymsg/cmake/mymsg__rosidl_typesupport_cExport-noconfig.cmake
-- Up-to-date: /root/researchv2/install/mymsg/share/mymsg/cmake/mymsg__rosidl_generator_cppExport.cmake
-- Up-to-date: /root/researchv2/install/mymsg/share/mymsg/cmake/mymsg__rosidl_typesupport_introspection_cppExport.cmake
-- Up-to-date: /root/researchv2/install/mymsg/share/mymsg/cmake/mymsg__rosidl_typesupport_introspection_cppExport-noconfig.cmake
-- Up-to-date: /root/researchv2/install/mymsg/share/mymsg/cmake/mymsg__rosidl_typesupport_cppExport.cmake
-- Up-to-date: /root/researchv2/install/mymsg/share/mymsg/cmake/mymsg__rosidl_typesupport_cppExport-noconfig.cmake
-- Up-to-date: /root/researchv2/install/mymsg/share/mymsg/cmake/rosidl_cmake-extras.cmake
-- Up-to-date: /root/researchv2/install/mymsg/share/mymsg/cmake/ament_cmake_export_dependencies-extras.cmake
-- Up-to-date: /root/researchv2/install/mymsg/share/mymsg/cmake/ament_cmake_export_libraries-extras.cmake
-- Up-to-date: /root/researchv2/install/mymsg/share/mymsg/cmake/ament_cmake_export_targets-extras.cmake
-- Up-to-date: /root/researchv2/install/mymsg/share/mymsg/cmake/ament_cmake_export_include_directories-extras.cmake
-- Up-to-date: /root/researchv2/install/mymsg/share/mymsg/cmake/rosidl_cmake_export_typesupport_libraries-extras.cmake
-- Up-to-date: /root/researchv2/install/mymsg/share/mymsg/cmake/rosidl_cmake_export_typesupport_targets-extras.cmake
-- Up-to-date: /root/researchv2/install/mymsg/share/mymsg/cmake/mymsgConfig.cmake
-- Up-to-date: /root/researchv2/install/mymsg/share/mymsg/cmake/mymsgConfig-version.cmake
-- Up-to-date: /root/researchv2/install/mymsg/share/mymsg/package.xml
