[0.059s] Invoking command in '/root/researchv2/build/urg_node': AMENT_PREFIX_PATH=/root/researchv2/install/urg_node_msgs:/root/researchv2/install/urg_c:/root/researchv2/install/diagnostic_updater:${AMENT_PREFIX_PATH} CMAKE_PREFIX_PATH=/root/researchv2/install/urg_node_msgs:/root/researchv2/install/urg_c:/root/researchv2/install/diagnostic_updater:/root/openpifpaf_ros2/install/realsense2_description:/root/openpifpaf_ros2/install/realsense2_camera:/root/openpifpaf_ros2/install/realsense2_camera_msgs:/root/openpifpaf_ros2/install/openpifpaf_ros2_msgs:/opt/ros/galactic:/root/openpifpaf_ros2/install/rgbd_openpifpaf_ros2:/root/openpifpaf_ros2/install/pose_checker:/root/openpifpaf_ros2/install/openpifpaf_ros2_node LD_LIBRARY_PATH=/root/researchv2/install/urg_node_msgs/lib:/root/researchv2/install/urg_c/lib:${LD_LIBRARY_PATH} PATH=/root/researchv2/install/urg_c/bin:${PATH} PYTHONPATH=/root/researchv2/install/urg_node_msgs/lib/python3.8/site-packages:/root/researchv2/install/diagnostic_updater/lib/python3.8/site-packages:${PYTHONPATH} /usr/bin/cmake /root/researchv2/src/urg_node -DCMAKE_INSTALL_PREFIX=/root/researchv2/install/urg_node
[0.104s] -- Found ament_cmake: 1.1.6 (/opt/ros/galactic/share/ament_cmake/cmake)
[0.160s] -- Using PYTHON_EXECUTABLE: /usr/bin/python3
[0.328s] -- Found diagnostic_updater: 2.1.3 (/root/researchv2/install/diagnostic_updater/share/diagnostic_updater/cmake)
[0.423s] -- Using all available rosidl_typesupport_c: rosidl_typesupport_fastrtps_c;rosidl_typesupport_introspection_c
[0.443s] -- Found rosidl_adapter: 2.2.3 (/opt/ros/galactic/share/rosidl_adapter/cmake)
[0.683s] -- Found OpenSSL: /usr/lib/x86_64-linux-gnu/libcrypto.so (found version "1.1.1f")  
[0.796s] -- Found FastRTPS: /opt/ros/galactic/include  
[1.068s] -- Using all available rosidl_typesupport_cpp: rosidl_typesupport_fastrtps_cpp;rosidl_typesupport_introspection_cpp
[1.444s] -- Found rmw_implementation_cmake: 3.3.1 (/opt/ros/galactic/share/rmw_implementation_cmake/cmake)
[1.452s] -- Found rmw_cyclonedds_cpp: 0.22.6 (/opt/ros/galactic/share/rmw_cyclonedds_cpp/cmake)
[1.501s] -- Using RMW implementation 'rmw_cyclonedds_cpp' as default
[1.503s] -- Looking for pthread.h
[1.749s] -- Looking for pthread.h - found
[1.750s] -- Performing Test CMAKE_HAVE_LIBC_PTHREAD
[1.955s] -- Performing Test CMAKE_HAVE_LIBC_PTHREAD - Failed
[1.955s] -- Looking for pthread_create in pthreads
[2.093s] -- Looking for pthread_create in pthreads - not found
[2.093s] -- Looking for pthread_create in pthread
[2.238s] -- Looking for pthread_create in pthread - found
[2.241s] -- Found Threads: TRUE  
[2.661s] CMake Error at CMakeLists.txt:23 (find_package):
[2.661s]   By not providing "Findlaser_proc.cmake" in CMAKE_MODULE_PATH this project
[2.662s]   has asked CMake to find a package configuration file provided by
[2.662s]   "laser_proc", but CMake did not find one.
[2.662s] 
[2.662s]   Could not find a package configuration file provided by "laser_proc" with
[2.662s]   any of the following names:
[2.663s] 
[2.663s]     laser_procConfig.cmake
[2.663s]     laser_proc-config.cmake
[2.663s] 
[2.663s]   Add the installation prefix of "laser_proc" to CMAKE_PREFIX_PATH or set
[2.663s]   "laser_proc_DIR" to a directory containing one of the above files.  If
[2.664s]   "laser_proc" provides a separate development package or SDK, be sure it has
[2.664s]   been installed.
[2.664s] 
[2.664s] 
[2.665s] -- Configuring incomplete, errors occurred!
[2.665s] See also "/root/researchv2/build/urg_node/CMakeFiles/CMakeOutput.log".
[2.665s] See also "/root/researchv2/build/urg_node/CMakeFiles/CMakeError.log".
[2.676s] Invoked command in '/root/researchv2/build/urg_node' returned '1': AMENT_PREFIX_PATH=/root/researchv2/install/urg_node_msgs:/root/researchv2/install/urg_c:/root/researchv2/install/diagnostic_updater:${AMENT_PREFIX_PATH} CMAKE_PREFIX_PATH=/root/researchv2/install/urg_node_msgs:/root/researchv2/install/urg_c:/root/researchv2/install/diagnostic_updater:/root/openpifpaf_ros2/install/realsense2_description:/root/openpifpaf_ros2/install/realsense2_camera:/root/openpifpaf_ros2/install/realsense2_camera_msgs:/root/openpifpaf_ros2/install/openpifpaf_ros2_msgs:/opt/ros/galactic:/root/openpifpaf_ros2/install/rgbd_openpifpaf_ros2:/root/openpifpaf_ros2/install/pose_checker:/root/openpifpaf_ros2/install/openpifpaf_ros2_node LD_LIBRARY_PATH=/root/researchv2/install/urg_node_msgs/lib:/root/researchv2/install/urg_c/lib:${LD_LIBRARY_PATH} PATH=/root/researchv2/install/urg_c/bin:${PATH} PYTHONPATH=/root/researchv2/install/urg_node_msgs/lib/python3.8/site-packages:/root/researchv2/install/diagnostic_updater/lib/python3.8/site-packages:${PYTHONPATH} /usr/bin/cmake /root/researchv2/src/urg_node -DCMAKE_INSTALL_PREFIX=/root/researchv2/install/urg_node
