-- The C compiler identification is GNU 9.4.0
-- The CXX compiler identification is GNU 9.4.0
-- Check for working C compiler: /usr/bin/cc
-- Check for working C compiler: /usr/bin/cc -- works
-- Detecting C compiler ABI info
-- Detecting C compiler ABI info - done
-- Detecting C compile features
-- Detecting C compile features - done
-- Check for working CXX compiler: /usr/bin/c++
-- Check for working CXX compiler: /usr/bin/c++ -- works
-- Detecting CXX compiler ABI info
-- Detecting CXX compiler ABI info - done
-- Detecting CXX compile features
-- Detecting CXX compile features - done
-- Found ament_cmake: 1.1.6 (/opt/ros/galactic/share/ament_cmake/cmake)
-- Found PythonInterp: /usr/bin/python3 (found suitable version "3.8.10", minimum required is "3") 
-- Using PYTHON_EXECUTABLE: /usr/bin/python3
-- Found class_loader: 2.1.2 (/opt/ros/galactic/share/class_loader/cmake)
-- Found rclcpp: 9.2.2 (/opt/ros/galactic/share/rclcpp/cmake)
-- Using all available rosidl_typesupport_c: rosidl_typesupport_fastrtps_c;rosidl_typesupport_introspection_c
-- Found rosidl_adapter: 2.2.3 (/opt/ros/galactic/share/rosidl_adapter/cmake)
-- Found OpenSSL: /usr/lib/x86_64-linux-gnu/libcrypto.so (found version "1.1.1f")  
-- Found FastRTPS: /opt/ros/galactic/include  
-- Using all available rosidl_typesupport_cpp: rosidl_typesupport_fastrtps_cpp;rosidl_typesupport_introspection_cpp
-- Found rmw_implementation_cmake: 3.3.1 (/opt/ros/galactic/share/rmw_implementation_cmake/cmake)
-- Found rmw_cyclonedds_cpp: 0.22.6 (/opt/ros/galactic/share/rmw_cyclonedds_cpp/cmake)
-- Using RMW implementation 'rmw_cyclonedds_cpp' as default
-- Looking for pthread.h
-- Looking for pthread.h - found
-- Performing Test CMAKE_HAVE_LIBC_PTHREAD
-- Performing Test CMAKE_HAVE_LIBC_PTHREAD - Failed
-- Looking for pthread_create in pthreads
-- Looking for pthread_create in pthreads - not found
-- Looking for pthread_create in pthread
-- Looking for pthread_create in pthread - found
-- Found Threads: TRUE  
-- Found rclcpp_components: 9.2.2 (/opt/ros/galactic/share/rclcpp_components/cmake)
-- Found sensor_msgs: 2.2.4 (/opt/ros/galactic/share/sensor_msgs/cmake)
-- Found ament_lint_auto: 0.10.7 (/opt/ros/galactic/share/ament_lint_auto/cmake)
-- Added test 'cppcheck' to perform static code analysis on C / C++ code
-- Configured cppcheck include dirs: $<BUILD_INTERFACE:/root/researchv2/src/laser_proc/include>
-- Configured cppcheck exclude dirs and/or files: 
-- Added test 'cpplint' to check C / C++ code against the Google style
-- Configured cpplint exclude dirs and/or files: 
-- Added test 'lint_cmake' to check CMake code style
-- Added test 'uncrustify' to check C / C++ code style
-- Configured uncrustify additional arguments: 
-- Added test 'xmllint' to check XML markup files
-- Configuring done
-- Generating done
-- Build files have been written to: /root/researchv2/build/laser_proc
[35m[1mScanning dependencies of target laser_proc_node[0m
[35m[1mScanning dependencies of target laser_proc[0m
[ 14%] [32mBuilding CXX object CMakeFiles/laser_proc.dir/src/laser_proc.cpp.o[0m
[ 28%] [32mBuilding CXX object CMakeFiles/laser_proc.dir/src/laser_publisher.cpp.o[0m
[ 42%] [32mBuilding CXX object CMakeFiles/laser_proc_node.dir/rclcpp_components/node_main_laser_proc_node.cpp.o[0m
[ 57%] [32m[1mLinking CXX executable laser_proc_node[0m
[ 57%] Built target laser_proc_node
[ 71%] [32m[1mLinking CXX shared library liblaser_proc.so[0m
[ 71%] Built target laser_proc
[35m[1mScanning dependencies of target laser_proc_component[0m
[ 85%] [32mBuilding CXX object CMakeFiles/laser_proc_component.dir/src/laser_proc_component.cpp.o[0m
[100%] [32m[1mLinking CXX shared library liblaser_proc_component.so[0m
[100%] Built target laser_proc_component
-- Install configuration: ""
-- Installing: /root/researchv2/install/laser_proc/lib/laser_proc/laser_proc_node
-- Set runtime path of "/root/researchv2/install/laser_proc/lib/laser_proc/laser_proc_node" to ""
-- Installing: /root/researchv2/install/laser_proc/lib/liblaser_proc.so
-- Set runtime path of "/root/researchv2/install/laser_proc/lib/liblaser_proc.so" to ""
-- Installing: /root/researchv2/install/laser_proc/lib/liblaser_proc_component.so
-- Set runtime path of "/root/researchv2/install/laser_proc/lib/liblaser_proc_component.so" to ""
-- Installing: /root/researchv2/install/laser_proc/include
-- Installing: /root/researchv2/install/laser_proc/include/laser_proc
-- Installing: /root/researchv2/install/laser_proc/include/laser_proc/laser_proc.hpp
-- Installing: /root/researchv2/install/laser_proc/include/laser_proc/laser_publisher.hpp
-- Installing: /root/researchv2/install/laser_proc/include/laser_proc/visibility_control.hpp
-- Installing: /root/researchv2/install/laser_proc/include/laser_proc/laser_proc_component.hpp
-- Installing: /root/researchv2/install/laser_proc/share/laser_proc/environment/library_path.sh
-- Installing: /root/researchv2/install/laser_proc/share/laser_proc/environment/library_path.dsv
-- Installing: /root/researchv2/install/laser_proc/share/ament_index/resource_index/package_run_dependencies/laser_proc
-- Installing: /root/researchv2/install/laser_proc/share/ament_index/resource_index/parent_prefix_path/laser_proc
-- Installing: /root/researchv2/install/laser_proc/share/laser_proc/environment/ament_prefix_path.sh
-- Installing: /root/researchv2/install/laser_proc/share/laser_proc/environment/ament_prefix_path.dsv
-- Installing: /root/researchv2/install/laser_proc/share/laser_proc/environment/path.sh
-- Installing: /root/researchv2/install/laser_proc/share/laser_proc/environment/path.dsv
-- Installing: /root/researchv2/install/laser_proc/share/laser_proc/local_setup.bash
-- Installing: /root/researchv2/install/laser_proc/share/laser_proc/local_setup.sh
-- Installing: /root/researchv2/install/laser_proc/share/laser_proc/local_setup.zsh
-- Installing: /root/researchv2/install/laser_proc/share/laser_proc/local_setup.dsv
-- Installing: /root/researchv2/install/laser_proc/share/laser_proc/package.dsv
-- Installing: /root/researchv2/install/laser_proc/share/ament_index/resource_index/packages/laser_proc
-- Installing: /root/researchv2/install/laser_proc/share/ament_index/resource_index/rclcpp_components/laser_proc
-- Installing: /root/researchv2/install/laser_proc/share/laser_proc/cmake/ament_cmake_export_dependencies-extras.cmake
-- Installing: /root/researchv2/install/laser_proc/share/laser_proc/cmake/ament_cmake_export_include_directories-extras.cmake
-- Installing: /root/researchv2/install/laser_proc/share/laser_proc/cmake/ament_cmake_export_libraries-extras.cmake
-- Installing: /root/researchv2/install/laser_proc/share/laser_proc/cmake/laser_procConfig.cmake
-- Installing: /root/researchv2/install/laser_proc/share/laser_proc/cmake/laser_procConfig-version.cmake
-- Installing: /root/researchv2/install/laser_proc/share/laser_proc/package.xml
