[0.094s] Invoking command in '/root/researchv2/build/laser_proc': CMAKE_PREFIX_PATH=${CMAKE_PREFIX_PATH}:/root/openpifpaf_ros2/install/rgbd_openpifpaf_ros2:/root/openpifpaf_ros2/install/pose_checker:/root/openpifpaf_ros2/install/openpifpaf_ros2_node:/root/researchv2/install/chaser_system:/opt/ros/galactic /usr/bin/cmake /root/researchv2/src/laser_proc -DCMAKE_INSTALL_PREFIX=/root/researchv2/install/laser_proc
[0.198s] -- The C compiler identification is GNU 9.4.0
[0.310s] -- The CXX compiler identification is GNU 9.4.0
[0.322s] -- Check for working C compiler: /usr/bin/cc
[0.447s] -- Check for working C compiler: /usr/bin/cc -- works
[0.449s] -- Detecting C compiler ABI info
[0.580s] -- Detecting C compiler ABI info - done
[0.607s] -- Detecting C compile features
[0.608s] -- Detecting C compile features - done
[0.613s] -- Check for working CXX compiler: /usr/bin/c++
[0.757s] -- Check for working CXX compiler: /usr/bin/c++ -- works
[0.759s] -- Detecting CXX compiler ABI info
[0.903s] -- Detecting CXX compiler ABI info - done
[0.928s] -- Detecting CXX compile features
[0.929s] -- Detecting CXX compile features - done
[0.938s] -- Found ament_cmake: 1.1.6 (/opt/ros/galactic/share/ament_cmake/cmake)
[0.998s] -- Found PythonInterp: /usr/bin/python3 (found suitable version "3.8.10", minimum required is "3") 
[0.998s] -- Using PYTHON_EXECUTABLE: /usr/bin/python3
[1.214s] -- Found class_loader: 2.1.2 (/opt/ros/galactic/share/class_loader/cmake)
[1.285s] -- Found rclcpp: 9.2.2 (/opt/ros/galactic/share/rclcpp/cmake)
[1.414s] -- Using all available rosidl_typesupport_c: rosidl_typesupport_fastrtps_c;rosidl_typesupport_introspection_c
[1.441s] -- Found rosidl_adapter: 2.2.3 (/opt/ros/galactic/share/rosidl_adapter/cmake)
[1.723s] -- Found OpenSSL: /usr/lib/x86_64-linux-gnu/libcrypto.so (found version "1.1.1f")  
[1.810s] -- Found FastRTPS: /opt/ros/galactic/include  
[2.027s] -- Using all available rosidl_typesupport_cpp: rosidl_typesupport_fastrtps_cpp;rosidl_typesupport_introspection_cpp
[2.222s] -- Found rmw_implementation_cmake: 3.3.1 (/opt/ros/galactic/share/rmw_implementation_cmake/cmake)
[2.238s] -- Found rmw_cyclonedds_cpp: 0.22.6 (/opt/ros/galactic/share/rmw_cyclonedds_cpp/cmake)
[2.299s] -- Using RMW implementation 'rmw_cyclonedds_cpp' as default
[2.300s] -- Looking for pthread.h
[2.437s] -- Looking for pthread.h - found
[2.437s] -- Performing Test CMAKE_HAVE_LIBC_PTHREAD
[2.574s] -- Performing Test CMAKE_HAVE_LIBC_PTHREAD - Failed
[2.575s] -- Looking for pthread_create in pthreads
[2.689s] -- Looking for pthread_create in pthreads - not found
[2.690s] -- Looking for pthread_create in pthread
[2.817s] -- Looking for pthread_create in pthread - found
[2.818s] -- Found Threads: TRUE  
[3.162s] -- Found rclcpp_components: 9.2.2 (/opt/ros/galactic/share/rclcpp_components/cmake)
[3.281s] -- Found sensor_msgs: 2.2.4 (/opt/ros/galactic/share/sensor_msgs/cmake)
[3.560s] -- Found ament_lint_auto: 0.10.7 (/opt/ros/galactic/share/ament_lint_auto/cmake)
[3.787s] -- Added test 'cppcheck' to perform static code analysis on C / C++ code
[3.788s] -- Configured cppcheck include dirs: $<BUILD_INTERFACE:/root/researchv2/src/laser_proc/include>
[3.788s] -- Configured cppcheck exclude dirs and/or files: 
[3.797s] -- Added test 'cpplint' to check C / C++ code against the Google style
[3.797s] -- Configured cpplint exclude dirs and/or files: 
[3.801s] -- Added test 'lint_cmake' to check CMake code style
[3.811s] -- Added test 'uncrustify' to check C / C++ code style
[3.811s] -- Configured uncrustify additional arguments: 
[3.814s] -- Added test 'xmllint' to check XML markup files
[3.830s] -- Configuring done
[3.865s] -- Generating done
[3.869s] -- Build files have been written to: /root/researchv2/build/laser_proc
[3.885s] Invoked command in '/root/researchv2/build/laser_proc' returned '0': CMAKE_PREFIX_PATH=${CMAKE_PREFIX_PATH}:/root/openpifpaf_ros2/install/rgbd_openpifpaf_ros2:/root/openpifpaf_ros2/install/pose_checker:/root/openpifpaf_ros2/install/openpifpaf_ros2_node:/root/researchv2/install/chaser_system:/opt/ros/galactic /usr/bin/cmake /root/researchv2/src/laser_proc -DCMAKE_INSTALL_PREFIX=/root/researchv2/install/laser_proc
[3.889s] Invoking command in '/root/researchv2/build/laser_proc': CMAKE_PREFIX_PATH=${CMAKE_PREFIX_PATH}:/root/openpifpaf_ros2/install/rgbd_openpifpaf_ros2:/root/openpifpaf_ros2/install/pose_checker:/root/openpifpaf_ros2/install/openpifpaf_ros2_node:/root/researchv2/install/chaser_system:/opt/ros/galactic /usr/bin/cmake --build /root/researchv2/build/laser_proc -- -j12 -l12
[3.963s] [35m[1mScanning dependencies of target laser_proc_node[0m
[3.963s] [35m[1mScanning dependencies of target laser_proc[0m
[4.061s] [ 14%] [32mBuilding CXX object CMakeFiles/laser_proc.dir/src/laser_proc.cpp.o[0m
[4.063s] [ 28%] [32mBuilding CXX object CMakeFiles/laser_proc.dir/src/laser_publisher.cpp.o[0m
[4.066s] [ 42%] [32mBuilding CXX object CMakeFiles/laser_proc_node.dir/rclcpp_components/node_main_laser_proc_node.cpp.o[0m
[9.672s] [ 57%] [32m[1mLinking CXX executable laser_proc_node[0m
[10.072s] [ 57%] Built target laser_proc_node
[10.994s] [ 71%] [32m[1mLinking CXX shared library liblaser_proc.so[0m
[11.361s] [ 71%] Built target laser_proc
[11.381s] [35m[1mScanning dependencies of target laser_proc_component[0m
[11.471s] [ 85%] [32mBuilding CXX object CMakeFiles/laser_proc_component.dir/src/laser_proc_component.cpp.o[0m
[21.800s] [100%] [32m[1mLinking CXX shared library liblaser_proc_component.so[0m
[22.330s] [100%] Built target laser_proc_component
[22.349s] Invoked command in '/root/researchv2/build/laser_proc' returned '0': CMAKE_PREFIX_PATH=${CMAKE_PREFIX_PATH}:/root/openpifpaf_ros2/install/rgbd_openpifpaf_ros2:/root/openpifpaf_ros2/install/pose_checker:/root/openpifpaf_ros2/install/openpifpaf_ros2_node:/root/researchv2/install/chaser_system:/opt/ros/galactic /usr/bin/cmake --build /root/researchv2/build/laser_proc -- -j12 -l12
[22.418s] Invoking command in '/root/researchv2/build/laser_proc': CMAKE_PREFIX_PATH=${CMAKE_PREFIX_PATH}:/root/openpifpaf_ros2/install/rgbd_openpifpaf_ros2:/root/openpifpaf_ros2/install/pose_checker:/root/openpifpaf_ros2/install/openpifpaf_ros2_node:/root/researchv2/install/chaser_system:/opt/ros/galactic /usr/bin/cmake --install /root/researchv2/build/laser_proc
[22.433s] -- Install configuration: ""
[22.433s] -- Installing: /root/researchv2/install/laser_proc/lib/laser_proc/laser_proc_node
[22.435s] -- Set runtime path of "/root/researchv2/install/laser_proc/lib/laser_proc/laser_proc_node" to ""
[22.435s] -- Installing: /root/researchv2/install/laser_proc/lib/liblaser_proc.so
[22.441s] -- Set runtime path of "/root/researchv2/install/laser_proc/lib/liblaser_proc.so" to ""
[22.441s] -- Installing: /root/researchv2/install/laser_proc/lib/liblaser_proc_component.so
[22.454s] -- Set runtime path of "/root/researchv2/install/laser_proc/lib/liblaser_proc_component.so" to ""
[22.454s] -- Installing: /root/researchv2/install/laser_proc/include
[22.455s] -- Installing: /root/researchv2/install/laser_proc/include/laser_proc
[22.455s] -- Installing: /root/researchv2/install/laser_proc/include/laser_proc/laser_proc.hpp
[22.455s] -- Installing: /root/researchv2/install/laser_proc/include/laser_proc/laser_publisher.hpp
[22.455s] -- Installing: /root/researchv2/install/laser_proc/include/laser_proc/visibility_control.hpp
[22.455s] -- Installing: /root/researchv2/install/laser_proc/include/laser_proc/laser_proc_component.hpp
[22.456s] -- Installing: /root/researchv2/install/laser_proc/share/laser_proc/environment/library_path.sh
[22.456s] -- Installing: /root/researchv2/install/laser_proc/share/laser_proc/environment/library_path.dsv
[22.457s] -- Installing: /root/researchv2/install/laser_proc/share/ament_index/resource_index/package_run_dependencies/laser_proc
[22.457s] -- Installing: /root/researchv2/install/laser_proc/share/ament_index/resource_index/parent_prefix_path/laser_proc
[22.457s] -- Installing: /root/researchv2/install/laser_proc/share/laser_proc/environment/ament_prefix_path.sh
[22.458s] -- Installing: /root/researchv2/install/laser_proc/share/laser_proc/environment/ament_prefix_path.dsv
[22.458s] -- Installing: /root/researchv2/install/laser_proc/share/laser_proc/environment/path.sh
[22.458s] -- Installing: /root/researchv2/install/laser_proc/share/laser_proc/environment/path.dsv
[22.459s] -- Installing: /root/researchv2/install/laser_proc/share/laser_proc/local_setup.bash
[22.459s] -- Installing: /root/researchv2/install/laser_proc/share/laser_proc/local_setup.sh
[22.459s] -- Installing: /root/researchv2/install/laser_proc/share/laser_proc/local_setup.zsh
[22.460s] -- Installing: /root/researchv2/install/laser_proc/share/laser_proc/local_setup.dsv
[22.460s] -- Installing: /root/researchv2/install/laser_proc/share/laser_proc/package.dsv
[22.460s] -- Installing: /root/researchv2/install/laser_proc/share/ament_index/resource_index/packages/laser_proc
[22.461s] -- Installing: /root/researchv2/install/laser_proc/share/ament_index/resource_index/rclcpp_components/laser_proc
[22.461s] -- Installing: /root/researchv2/install/laser_proc/share/laser_proc/cmake/ament_cmake_export_dependencies-extras.cmake
[22.462s] -- Installing: /root/researchv2/install/laser_proc/share/laser_proc/cmake/ament_cmake_export_include_directories-extras.cmake
[22.462s] -- Installing: /root/researchv2/install/laser_proc/share/laser_proc/cmake/ament_cmake_export_libraries-extras.cmake
[22.462s] -- Installing: /root/researchv2/install/laser_proc/share/laser_proc/cmake/laser_procConfig.cmake
[22.463s] -- Installing: /root/researchv2/install/laser_proc/share/laser_proc/cmake/laser_procConfig-version.cmake
[22.463s] -- Installing: /root/researchv2/install/laser_proc/share/laser_proc/package.xml
[22.471s] Invoked command in '/root/researchv2/build/laser_proc' returned '0': CMAKE_PREFIX_PATH=${CMAKE_PREFIX_PATH}:/root/openpifpaf_ros2/install/rgbd_openpifpaf_ros2:/root/openpifpaf_ros2/install/pose_checker:/root/openpifpaf_ros2/install/openpifpaf_ros2_node:/root/researchv2/install/chaser_system:/opt/ros/galactic /usr/bin/cmake --install /root/researchv2/build/laser_proc
