[0.035s] Invoking command in '/root/researchv2/build/chaser_system_c': CMAKE_PREFIX_PATH=${CMAKE_PREFIX_PATH}:/root/openpifpaf_ros2/install/rgbd_openpifpaf_ros2:/root/openpifpaf_ros2/install/pose_checker:/root/openpifpaf_ros2/install/openpifpaf_ros2_node:/root/researchv2/install/chaser_system:/opt/ros/galactic /usr/bin/cmake --build /root/researchv2/build/chaser_system_c -- -j16 -l16
[0.073s] [35m[1mScanning dependencies of target approachv4_c[0m
[0.112s] [ 50%] [32mBuilding CXX object CMakeFiles/approachv4_c.dir/src/approachv4_c.cpp.o[0m
[1.739s] [01m[K/root/researchv2/src/chaser_system_c/src/approachv4_c.cpp:54:5:[m[K [01;31m[Kerror: [m[Knon-static data member declared with placeholder ‘[01m[Kauto[m[K’
[1.739s]    54 |     [01;31m[Kauto[m[K goal_msg = NavigateToPose::Goal();
[1.739s]       |     [01;31m[K^~~~[m[K
[1.740s] [01m[K/root/researchv2/src/chaser_system_c/src/approachv4_c.cpp:55:5:[m[K [01;31m[Kerror: [m[K‘[01m[Kgoal_msg[m[K’ does not name a type
[1.740s]    55 |     [01;31m[Kgoal_msg[m[K.pose.header.stamp = this->now();
[1.740s]       |     [01;31m[K^~~~~~~~[m[K
[1.741s] [01m[K/root/researchv2/src/chaser_system_c/src/approachv4_c.cpp:56:5:[m[K [01;31m[Kerror: [m[K‘[01m[Kgoal_msg[m[K’ does not name a type
[1.741s]    56 |     [01;31m[Kgoal_msg[m[K.pose.header.frame_id = "map";
[1.742s]       |     [01;31m[K^~~~~~~~[m[K
[1.743s] [01m[K/root/researchv2/src/chaser_system_c/src/approachv4_c.cpp:58:5:[m[K [01;31m[Kerror: [m[K‘[01m[Kgoal_msg[m[K’ does not name a type
[1.743s]    58 |     [01;31m[Kgoal_msg[m[K.pose.pose.position.x = x;
[1.743s]       |     [01;31m[K^~~~~~~~[m[K
[1.744s] [01m[K/root/researchv2/src/chaser_system_c/src/approachv4_c.cpp:59:5:[m[K [01;31m[Kerror: [m[K‘[01m[Kgoal_msg[m[K’ does not name a type
[1.744s]    59 |     [01;31m[Kgoal_msg[m[K.pose.pose.position.y = y;
[1.744s]       |     [01;31m[K^~~~~~~~[m[K
[1.745s] [01m[K/root/researchv2/src/chaser_system_c/src/approachv4_c.cpp:60:5:[m[K [01;31m[Kerror: [m[K‘[01m[Kgoal_msg[m[K’ does not name a type
[1.745s]    60 |     [01;31m[Kgoal_msg[m[K.pose.pose.orientation.x = r_x;
[1.745s]       |     [01;31m[K^~~~~~~~[m[K
[1.746s] [01m[K/root/researchv2/src/chaser_system_c/src/approachv4_c.cpp:61:5:[m[K [01;31m[Kerror: [m[K‘[01m[Kgoal_msg[m[K’ does not name a type
[1.746s]    61 |     [01;31m[Kgoal_msg[m[K.pose.pose.orientation.y = r_y;
[1.746s]       |     [01;31m[K^~~~~~~~[m[K
[1.747s] [01m[K/root/researchv2/src/chaser_system_c/src/approachv4_c.cpp:62:5:[m[K [01;31m[Kerror: [m[K‘[01m[Kgoal_msg[m[K’ does not name a type
[1.747s]    62 |     [01;31m[Kgoal_msg[m[K.pose.pose.orientation.w = r_z;
[1.747s]       |     [01;31m[K^~~~~~~~[m[K
[1.748s] [01m[K/root/researchv2/src/chaser_system_c/src/approachv4_c.cpp:63:5:[m[K [01;31m[Kerror: [m[K‘[01m[Kgoal_msg[m[K’ does not name a type
[1.748s]    63 |     [01;31m[Kgoal_msg[m[K.pose.pose.orientation.z = r_w;
[1.748s]       |     [01;31m[K^~~~~~~~[m[K
[1.804s] [01m[K/root/researchv2/src/chaser_system_c/src/approachv4_c.cpp:[m[K In member function ‘[01m[Kvoid approach_v4_c::send_goal(float, float, float, float, float, float)[m[K’:
[1.804s] [01m[K/root/researchv2/src/chaser_system_c/src/approachv4_c.cpp:33:26:[m[K [01;35m[Kwarning: [m[Kunused parameter ‘[01m[Kx[m[K’ [[01;35m[K-Wunused-parameter[m[K]
[1.804s]    33 |     void send_goal([01;35m[Kfloat x[m[K, float y, float r_x,float r_y,float r_z,float r_w){
[1.804s]       |                    [01;35m[K~~~~~~^[m[K
[1.804s] [01m[K/root/researchv2/src/chaser_system_c/src/approachv4_c.cpp:33:35:[m[K [01;35m[Kwarning: [m[Kunused parameter ‘[01m[Ky[m[K’ [[01;35m[K-Wunused-parameter[m[K]
[1.804s]    33 |     void send_goal(float x, [01;35m[Kfloat y[m[K, float r_x,float r_y,float r_z,float r_w){
[1.804s]       |                             [01;35m[K~~~~~~^[m[K
[1.805s] [01m[K/root/researchv2/src/chaser_system_c/src/approachv4_c.cpp:33:44:[m[K [01;35m[Kwarning: [m[Kunused parameter ‘[01m[Kr_x[m[K’ [[01;35m[K-Wunused-parameter[m[K]
[1.805s]    33 |     void send_goal(float x, float y, [01;35m[Kfloat r_x[m[K,float r_y,float r_z,float r_w){
[1.805s]       |                                      [01;35m[K~~~~~~^~~[m[K
[1.805s] [01m[K/root/researchv2/src/chaser_system_c/src/approachv4_c.cpp:33:54:[m[K [01;35m[Kwarning: [m[Kunused parameter ‘[01m[Kr_y[m[K’ [[01;35m[K-Wunused-parameter[m[K]
[1.805s]    33 |     void send_goal(float x, float y, float r_x,[01;35m[Kfloat r_y[m[K,float r_z,float r_w){
[1.805s]       |                                                [01;35m[K~~~~~~^~~[m[K
[1.805s] [01m[K/root/researchv2/src/chaser_system_c/src/approachv4_c.cpp:33:64:[m[K [01;35m[Kwarning: [m[Kunused parameter ‘[01m[Kr_z[m[K’ [[01;35m[K-Wunused-parameter[m[K]
[1.805s]    33 |     void send_goal(float x, float y, float r_x,float r_y,[01;35m[Kfloat r_z[m[K,float r_w){
[1.805s]       |                                                          [01;35m[K~~~~~~^~~[m[K
[1.805s] [01m[K/root/researchv2/src/chaser_system_c/src/approachv4_c.cpp:33:74:[m[K [01;35m[Kwarning: [m[Kunused parameter ‘[01m[Kr_w[m[K’ [[01;35m[K-Wunused-parameter[m[K]
[1.805s]    33 |     void send_goal(float x, float y, float r_x,float r_y,float r_z,[01;35m[Kfloat r_w[m[K){
[1.805s]       |                                                                    [01;35m[K~~~~~~^~~[m[K
[1.805s] [01m[K/root/researchv2/src/chaser_system_c/src/approachv4_c.cpp:[m[K In member function ‘[01m[Kvoid approach_v4_c::topic_callback(geometry_msgs::msg::PoseStamped_<std::allocator<void> >::SharedPtr) const[m[K’:
[1.806s] [01m[K/root/researchv2/src/chaser_system_c/src/approachv4_c.cpp:67:15:[m[K [01;35m[Kwarning: [m[Kunused variable ‘[01m[Kx_pos[m[K’ [[01;35m[K-Wunused-variable[m[K]
[1.806s]    67 |         float [01;35m[Kx_pos[m[K = msg -> pose.position.x;
[1.806s]       |               [01;35m[K^~~~~[m[K
[1.806s] [01m[K/root/researchv2/src/chaser_system_c/src/approachv4_c.cpp:68:15:[m[K [01;35m[Kwarning: [m[Kunused variable ‘[01m[Ky_pos[m[K’ [[01;35m[K-Wunused-variable[m[K]
[1.806s]    68 |         float [01;35m[Ky_pos[m[K = msg -> pose.position.y;
[1.806s]       |               [01;35m[K^~~~~[m[K
[1.806s] [01m[K/root/researchv2/src/chaser_system_c/src/approachv4_c.cpp:69:15:[m[K [01;35m[Kwarning: [m[Kunused variable ‘[01m[Kz_pos[m[K’ [[01;35m[K-Wunused-variable[m[K]
[1.806s]    69 |         float [01;35m[Kz_pos[m[K = 0.00;
[1.806s]       |               [01;35m[K^~~~~[m[K
[1.806s] [01m[K/root/researchv2/src/chaser_system_c/src/approachv4_c.cpp:70:15:[m[K [01;35m[Kwarning: [m[Kunused variable ‘[01m[Kx_ori[m[K’ [[01;35m[K-Wunused-variable[m[K]
[1.806s]    70 |         float [01;35m[Kx_ori[m[K = msg -> pose.orientation.x;
[1.806s]       |               [01;35m[K^~~~~[m[K
[1.806s] [01m[K/root/researchv2/src/chaser_system_c/src/approachv4_c.cpp:71:15:[m[K [01;35m[Kwarning: [m[Kunused variable ‘[01m[Ky_ori[m[K’ [[01;35m[K-Wunused-variable[m[K]
[1.806s]    71 |         float [01;35m[Ky_ori[m[K = msg -> pose.orientation.y;
[1.806s]       |               [01;35m[K^~~~~[m[K
[1.806s] [01m[K/root/researchv2/src/chaser_system_c/src/approachv4_c.cpp:72:15:[m[K [01;35m[Kwarning: [m[Kunused variable ‘[01m[Kz_ori[m[K’ [[01;35m[K-Wunused-variable[m[K]
[1.806s]    72 |         float [01;35m[Kz_ori[m[K = msg -> pose.orientation.z;
[1.806s]       |               [01;35m[K^~~~~[m[K
[1.807s] [01m[K/root/researchv2/src/chaser_system_c/src/approachv4_c.cpp:73:15:[m[K [01;35m[Kwarning: [m[Kunused variable ‘[01m[Kw_ori[m[K’ [[01;35m[K-Wunused-variable[m[K]
[1.807s]    73 |         float [01;35m[Kw_ori[m[K = msg -> pose.orientation.w;
[1.807s]       |               [01;35m[K^~~~~[m[K
[3.557s] make[2]: *** [CMakeFiles/approachv4_c.dir/build.make:63: CMakeFiles/approachv4_c.dir/src/approachv4_c.cpp.o] Error 1
[3.557s] make[1]: *** [CMakeFiles/Makefile2:78: CMakeFiles/approachv4_c.dir/all] Error 2
[3.558s] make: *** [Makefile:141: all] Error 2
[3.560s] Invoked command in '/root/researchv2/build/chaser_system_c' returned '2': CMAKE_PREFIX_PATH=${CMAKE_PREFIX_PATH}:/root/openpifpaf_ros2/install/rgbd_openpifpaf_ros2:/root/openpifpaf_ros2/install/pose_checker:/root/openpifpaf_ros2/install/openpifpaf_ros2_node:/root/researchv2/install/chaser_system:/opt/ros/galactic /usr/bin/cmake --build /root/researchv2/build/chaser_system_c -- -j16 -l16
