[1.536s] Invoking command in '/root/researchv2/src/chaser_system': CMAKE_PREFIX_PATH=/root/researchv2/install/mymsg:/root/sirius/sirius_ws/install/kobuki_velocity_smoother:/root/sirius/sirius_ws/install/kobuki_ros:/root/sirius/sirius_ws/install/kobuki_safety_controller:/root/sirius/sirius_ws/install/kobuki_random_walker:/root/sirius/sirius_ws/install/kobuki_node:/root/sirius/sirius_ws/install/kobuki_keyop:/root/sirius/sirius_ws/install/kobuki_bumper2pc:/root/sirius/sirius_ws/install/kobuki_auto_docking:/root/sirius/sirius_ws/install/kobuki_ros_interfaces:/root/sirius/sirius_ws/install/kobuki_description:/root/sirius/sirius_ws/install/kobuki_core:/root/openpifpaf_ros2/install/realsense2_description:/root/openpifpaf_ros2/install/realsense2_camera:/root/openpifpaf_ros2/install/realsense2_camera_msgs:/root/openpifpaf_ros2/install/openpifpaf_ros2_msgs:/root/researchv2/install/urg_node:/root/researchv2/install/urg_node_msgs:/root/researchv2/install/urg_c:/root/researchv2/install/turtlebot3_simulations:/root/researchv2/install/turtlebot3_gazebo:/root/researchv2/install/turtlebot3_fake_node:/root/researchv2/install/slam_toolbox:/root/researchv2/install/laser_proc LD_LIBRARY_PATH=/root/researchv2/install/mymsg/lib:/root/sirius/sirius_ws/install/kobuki_velocity_smoother/lib:/root/sirius/sirius_ws/install/kobuki_safety_controller/lib:/root/sirius/sirius_ws/install/kobuki_node/lib:/root/sirius/sirius_ws/install/kobuki_keyop/lib:/root/sirius/sirius_ws/install/kobuki_ros_interfaces/lib:/root/sirius/sirius_ws/install/kobuki_core/lib:/root/openpifpaf_ros2/install/realsense2_camera/lib:/root/openpifpaf_ros2/install/realsense2_camera_msgs/lib:/root/openpifpaf_ros2/install/openpifpaf_ros2_msgs/lib:/root/researchv2/install/urg_node/lib:/root/researchv2/install/urg_node_msgs/lib:/root/researchv2/install/urg_c/lib:/root/researchv2/install/slam_toolbox/lib:/root/researchv2/install/laser_proc/lib:/usr/lib/x86_64-linux-gnu/gazebo-11/plugins:/opt/ros/galactic/opt/yaml_cpp_vendor/lib:/opt/ros/galactic/opt/rviz_ogre_vendor/lib:/opt/ros/galactic/lib/x86_64-linux-gnu:/opt/ros/galactic/lib:/usr/local/11.6.0/lib64:/usr/local/nvidia/lib:/usr/local/nvidia/lib64 PYTHONPATH=/root/researchv2/build/chaser_system/prefix_override:/root/researchv2/install/chaser_system/lib/python3.8/site-packages:/root/researchv2/install/mymsg/lib/python3.8/site-packages:/root/sirius/sirius_ws/install/kobuki_ros_interfaces/lib/python3.8/site-packages:/root/openpifpaf_ros2/install/rgbd_openpifpaf_ros2/lib/python3.8/site-packages:/root/openpifpaf_ros2/install/realsense2_camera_msgs/lib/python3.8/site-packages:/root/openpifpaf_ros2/install/pose_checker/lib/python3.8/site-packages:/root/openpifpaf_ros2/install/openpifpaf_ros2_node/lib/python3.8/site-packages:/root/openpifpaf_ros2/install/openpifpaf_ros2_msgs/lib/python3.8/site-packages:/root/researchv2/install/urg_node_msgs/lib/python3.8/site-packages:/root/researchv2/install/slam_toolbox/lib/python3.8/site-packages:/root/researchv2/install/chaser_system/lib/python3.8/site-packages:/opt/ros/galactic/lib/python3.8/site-packages /usr/bin/python3 setup.py egg_info --egg-base ../../build/chaser_system build --build-base /root/researchv2/build/chaser_system/build install --record /root/researchv2/build/chaser_system/install.log --install-scripts $base/lib/chaser_system --single-version-externally-managed
[2.063s] running egg_info
[2.064s] creating ../../build/chaser_system/chaser_system.egg-info
[2.064s] writing ../../build/chaser_system/chaser_system.egg-info/PKG-INFO
[2.065s] writing dependency_links to ../../build/chaser_system/chaser_system.egg-info/dependency_links.txt
[2.065s] writing entry points to ../../build/chaser_system/chaser_system.egg-info/entry_points.txt
[2.065s] writing requirements to ../../build/chaser_system/chaser_system.egg-info/requires.txt
[2.065s] writing top-level names to ../../build/chaser_system/chaser_system.egg-info/top_level.txt
[2.069s] writing manifest file '../../build/chaser_system/chaser_system.egg-info/SOURCES.txt'
[2.147s] reading manifest file '../../build/chaser_system/chaser_system.egg-info/SOURCES.txt'
[2.148s] writing manifest file '../../build/chaser_system/chaser_system.egg-info/SOURCES.txt'
[2.148s] running build
[2.149s] running build_py
[2.149s] creating /root/researchv2/build/chaser_system/build
[2.149s] creating /root/researchv2/build/chaser_system/build/lib
[2.149s] creating /root/researchv2/build/chaser_system/build/lib/chaser_system
[2.150s] copying chaser_system/approach_navi.py -> /root/researchv2/build/chaser_system/build/lib/chaser_system
[2.150s] copying chaser_system/rgbd_generator.py -> /root/researchv2/build/chaser_system/build/lib/chaser_system
[2.150s] copying chaser_system/person_check.py -> /root/researchv2/build/chaser_system/build/lib/chaser_system
[2.150s] copying chaser_system/raise_navi.py -> /root/researchv2/build/chaser_system/build/lib/chaser_system
[2.150s] copying chaser_system/image_cutter.py -> /root/researchv2/build/chaser_system/build/lib/chaser_system
[2.151s] copying chaser_system/xbox.py -> /root/researchv2/build/chaser_system/build/lib/chaser_system
[2.151s] copying chaser_system/image_inputer.py -> /root/researchv2/build/chaser_system/build/lib/chaser_system
[2.151s] copying chaser_system/three_d_pose_analysis.py -> /root/researchv2/build/chaser_system/build/lib/chaser_system
[2.151s] copying chaser_system/pose_tf2.py -> /root/researchv2/build/chaser_system/build/lib/chaser_system
[2.151s] copying chaser_system/__init__.py -> /root/researchv2/build/chaser_system/build/lib/chaser_system
[2.152s] running install
[2.153s] running install_lib
[2.155s] creating /root/researchv2/install/chaser_system/lib/python3.8/site-packages/chaser_system
[2.155s] copying /root/researchv2/build/chaser_system/build/lib/chaser_system/approach_navi.py -> /root/researchv2/install/chaser_system/lib/python3.8/site-packages/chaser_system
[2.156s] copying /root/researchv2/build/chaser_system/build/lib/chaser_system/rgbd_generator.py -> /root/researchv2/install/chaser_system/lib/python3.8/site-packages/chaser_system
[2.156s] copying /root/researchv2/build/chaser_system/build/lib/chaser_system/person_check.py -> /root/researchv2/install/chaser_system/lib/python3.8/site-packages/chaser_system
[2.156s] copying /root/researchv2/build/chaser_system/build/lib/chaser_system/raise_navi.py -> /root/researchv2/install/chaser_system/lib/python3.8/site-packages/chaser_system
[2.156s] copying /root/researchv2/build/chaser_system/build/lib/chaser_system/image_cutter.py -> /root/researchv2/install/chaser_system/lib/python3.8/site-packages/chaser_system
[2.157s] copying /root/researchv2/build/chaser_system/build/lib/chaser_system/xbox.py -> /root/researchv2/install/chaser_system/lib/python3.8/site-packages/chaser_system
[2.157s] copying /root/researchv2/build/chaser_system/build/lib/chaser_system/image_inputer.py -> /root/researchv2/install/chaser_system/lib/python3.8/site-packages/chaser_system
[2.157s] copying /root/researchv2/build/chaser_system/build/lib/chaser_system/three_d_pose_analysis.py -> /root/researchv2/install/chaser_system/lib/python3.8/site-packages/chaser_system
[2.157s] copying /root/researchv2/build/chaser_system/build/lib/chaser_system/pose_tf2.py -> /root/researchv2/install/chaser_system/lib/python3.8/site-packages/chaser_system
[2.158s] copying /root/researchv2/build/chaser_system/build/lib/chaser_system/__init__.py -> /root/researchv2/install/chaser_system/lib/python3.8/site-packages/chaser_system
[2.159s] byte-compiling /root/researchv2/install/chaser_system/lib/python3.8/site-packages/chaser_system/approach_navi.py to approach_navi.cpython-38.pyc
[2.162s] byte-compiling /root/researchv2/install/chaser_system/lib/python3.8/site-packages/chaser_system/rgbd_generator.py to rgbd_generator.cpython-38.pyc
[2.163s] byte-compiling /root/researchv2/install/chaser_system/lib/python3.8/site-packages/chaser_system/person_check.py to person_check.cpython-38.pyc
[2.165s] byte-compiling /root/researchv2/install/chaser_system/lib/python3.8/site-packages/chaser_system/raise_navi.py to raise_navi.cpython-38.pyc
[2.166s] byte-compiling /root/researchv2/install/chaser_system/lib/python3.8/site-packages/chaser_system/image_cutter.py to image_cutter.cpython-38.pyc
[2.166s] byte-compiling /root/researchv2/install/chaser_system/lib/python3.8/site-packages/chaser_system/xbox.py to xbox.cpython-38.pyc
[2.167s] byte-compiling /root/researchv2/install/chaser_system/lib/python3.8/site-packages/chaser_system/image_inputer.py to image_inputer.cpython-38.pyc
[2.169s] byte-compiling /root/researchv2/install/chaser_system/lib/python3.8/site-packages/chaser_system/three_d_pose_analysis.py to three_d_pose_analysis.cpython-38.pyc
[2.172s] byte-compiling /root/researchv2/install/chaser_system/lib/python3.8/site-packages/chaser_system/pose_tf2.py to pose_tf2.cpython-38.pyc
[2.174s] byte-compiling /root/researchv2/install/chaser_system/lib/python3.8/site-packages/chaser_system/__init__.py to __init__.cpython-38.pyc
[2.174s] running install_data
[2.175s] creating /root/researchv2/install/chaser_system/share/ament_index
[2.175s] creating /root/researchv2/install/chaser_system/share/ament_index/resource_index
[2.175s] creating /root/researchv2/install/chaser_system/share/ament_index/resource_index/packages
[2.176s] copying resource/chaser_system -> /root/researchv2/install/chaser_system/share/ament_index/resource_index/packages
[2.176s] copying package.xml -> /root/researchv2/install/chaser_system/share/chaser_system
[2.176s] copying launch/first_navigation.launch.py -> /root/researchv2/install/chaser_system/share/chaser_system
[2.176s] creating /root/researchv2/install/chaser_system/share/chaser_system/urdf
[2.176s] creating /root/researchv2/install/chaser_system/share/chaser_system/rviz
[2.177s] copying rviz/nav2_view.rviz -> /root/researchv2/install/chaser_system/share/chaser_system/rviz
[2.177s] creating /root/researchv2/install/chaser_system/share/chaser_system/config
[2.177s] copying config/first_navigation.yaml -> /root/researchv2/install/chaser_system/share/chaser_system/config
[2.177s] creating /root/researchv2/install/chaser_system/share/chaser_system/world
[2.177s] creating /root/researchv2/install/chaser_system/share/chaser_system/map
[2.178s] copying map/hayashi_15_com.yaml -> /root/researchv2/install/chaser_system/share/chaser_system/map
[2.178s] copying map/hayashi_15_com.pgm -> /root/researchv2/install/chaser_system/share/chaser_system/map
[2.270s] running install_egg_info
[2.274s] Copying ../../build/chaser_system/chaser_system.egg-info to /root/researchv2/install/chaser_system/lib/python3.8/site-packages/chaser_system-0.0.0-py3.8.egg-info
[2.276s] running install_scripts
[2.309s] Installing image_inputer script to /root/researchv2/install/chaser_system/lib/chaser_system
[2.309s] Installing person_check script to /root/researchv2/install/chaser_system/lib/chaser_system
[2.309s] Installing pose_tf2 script to /root/researchv2/install/chaser_system/lib/chaser_system
[2.309s] Installing raise_navi = chaser_system.raise_navi:mainapproach_navi script to /root/researchv2/install/chaser_system/lib/chaser_system
[2.310s] Installing rgbd_generator script to /root/researchv2/install/chaser_system/lib/chaser_system
[2.310s] Installing three_d_pose_analysis script to /root/researchv2/install/chaser_system/lib/chaser_system
[2.310s] Installing xbox script to /root/researchv2/install/chaser_system/lib/chaser_system
[2.311s] writing list of installed files to '/root/researchv2/build/chaser_system/install.log'
[2.359s] Invoked command in '/root/researchv2/src/chaser_system' returned '0': CMAKE_PREFIX_PATH=/root/researchv2/install/mymsg:/root/sirius/sirius_ws/install/kobuki_velocity_smoother:/root/sirius/sirius_ws/install/kobuki_ros:/root/sirius/sirius_ws/install/kobuki_safety_controller:/root/sirius/sirius_ws/install/kobuki_random_walker:/root/sirius/sirius_ws/install/kobuki_node:/root/sirius/sirius_ws/install/kobuki_keyop:/root/sirius/sirius_ws/install/kobuki_bumper2pc:/root/sirius/sirius_ws/install/kobuki_auto_docking:/root/sirius/sirius_ws/install/kobuki_ros_interfaces:/root/sirius/sirius_ws/install/kobuki_description:/root/sirius/sirius_ws/install/kobuki_core:/root/openpifpaf_ros2/install/realsense2_description:/root/openpifpaf_ros2/install/realsense2_camera:/root/openpifpaf_ros2/install/realsense2_camera_msgs:/root/openpifpaf_ros2/install/openpifpaf_ros2_msgs:/root/researchv2/install/urg_node:/root/researchv2/install/urg_node_msgs:/root/researchv2/install/urg_c:/root/researchv2/install/turtlebot3_simulations:/root/researchv2/install/turtlebot3_gazebo:/root/researchv2/install/turtlebot3_fake_node:/root/researchv2/install/slam_toolbox:/root/researchv2/install/laser_proc LD_LIBRARY_PATH=/root/researchv2/install/mymsg/lib:/root/sirius/sirius_ws/install/kobuki_velocity_smoother/lib:/root/sirius/sirius_ws/install/kobuki_safety_controller/lib:/root/sirius/sirius_ws/install/kobuki_node/lib:/root/sirius/sirius_ws/install/kobuki_keyop/lib:/root/sirius/sirius_ws/install/kobuki_ros_interfaces/lib:/root/sirius/sirius_ws/install/kobuki_core/lib:/root/openpifpaf_ros2/install/realsense2_camera/lib:/root/openpifpaf_ros2/install/realsense2_camera_msgs/lib:/root/openpifpaf_ros2/install/openpifpaf_ros2_msgs/lib:/root/researchv2/install/urg_node/lib:/root/researchv2/install/urg_node_msgs/lib:/root/researchv2/install/urg_c/lib:/root/researchv2/install/slam_toolbox/lib:/root/researchv2/install/laser_proc/lib:/usr/lib/x86_64-linux-gnu/gazebo-11/plugins:/opt/ros/galactic/opt/yaml_cpp_vendor/lib:/opt/ros/galactic/opt/rviz_ogre_vendor/lib:/opt/ros/galactic/lib/x86_64-linux-gnu:/opt/ros/galactic/lib:/usr/local/11.6.0/lib64:/usr/local/nvidia/lib:/usr/local/nvidia/lib64 PYTHONPATH=/root/researchv2/build/chaser_system/prefix_override:/root/researchv2/install/chaser_system/lib/python3.8/site-packages:/root/researchv2/install/mymsg/lib/python3.8/site-packages:/root/sirius/sirius_ws/install/kobuki_ros_interfaces/lib/python3.8/site-packages:/root/openpifpaf_ros2/install/rgbd_openpifpaf_ros2/lib/python3.8/site-packages:/root/openpifpaf_ros2/install/realsense2_camera_msgs/lib/python3.8/site-packages:/root/openpifpaf_ros2/install/pose_checker/lib/python3.8/site-packages:/root/openpifpaf_ros2/install/openpifpaf_ros2_node/lib/python3.8/site-packages:/root/openpifpaf_ros2/install/openpifpaf_ros2_msgs/lib/python3.8/site-packages:/root/researchv2/install/urg_node_msgs/lib/python3.8/site-packages:/root/researchv2/install/slam_toolbox/lib/python3.8/site-packages:/root/researchv2/install/chaser_system/lib/python3.8/site-packages:/opt/ros/galactic/lib/python3.8/site-packages /usr/bin/python3 setup.py egg_info --egg-base ../../build/chaser_system build --build-base /root/researchv2/build/chaser_system/build install --record /root/researchv2/build/chaser_system/install.log --install-scripts $base/lib/chaser_system --single-version-externally-managed
