-- The C compiler identification is GNU 9.4.0
-- The CXX compiler identification is GNU 9.4.0
-- Check for working C compiler: /usr/bin/cc
-- Check for working C compiler: /usr/bin/cc -- works
-- Detecting C compiler ABI info
-- Detecting C compiler ABI info - done
-- Detecting C compile features
-- Detecting C compile features - done
-- Check for working CXX compiler: /usr/bin/c++
-- Check for working CXX compiler: /usr/bin/c++ -- works
-- Detecting CXX compiler ABI info
-- Detecting CXX compiler ABI info - done
-- Detecting CXX compile features
-- Detecting CXX compile features - done
-- Found ament_cmake: 1.1.6 (/opt/ros/galactic/share/ament_cmake/cmake)
-- Found PythonInterp: /usr/bin/python3 (found suitable version "3.8.10", minimum required is "3") 
-- Using PYTHON_EXECUTABLE: /usr/bin/python3
-- Found diagnostic_msgs: 2.2.4 (/opt/ros/galactic/share/diagnostic_msgs/cmake)
-- Using all available rosidl_typesupport_c: rosidl_typesupport_fastrtps_c;rosidl_typesupport_introspection_c
-- Found rosidl_adapter: 2.2.3 (/opt/ros/galactic/share/rosidl_adapter/cmake)
-- Found OpenSSL: /usr/lib/x86_64-linux-gnu/libcrypto.so (found version "1.1.1f")  
-- Found FastRTPS: /opt/ros/galactic/include  
-- Using all available rosidl_typesupport_cpp: rosidl_typesupport_fastrtps_cpp;rosidl_typesupport_introspection_cpp
-- Found pluginlib: 5.0.1 (/opt/ros/galactic/share/pluginlib/cmake)
-- Found rclcpp: 9.2.2 (/opt/ros/galactic/share/rclcpp/cmake)
-- Found rmw_implementation_cmake: 3.3.1 (/opt/ros/galactic/share/rmw_implementation_cmake/cmake)
-- Found rmw_cyclonedds_cpp: 0.22.6 (/opt/ros/galactic/share/rmw_cyclonedds_cpp/cmake)
-- Using RMW implementation 'rmw_cyclonedds_cpp' as default
-- Looking for pthread.h
-- Looking for pthread.h - found
-- Performing Test CMAKE_HAVE_LIBC_PTHREAD
-- Performing Test CMAKE_HAVE_LIBC_PTHREAD - Failed
-- Looking for pthread_create in pthreads
-- Looking for pthread_create in pthreads - not found
-- Looking for pthread_create in pthread
-- Looking for pthread_create in pthread - found
-- Found Threads: TRUE  
-- Found ament_lint_auto: 0.10.7 (/opt/ros/galactic/share/ament_lint_auto/cmake)
-- Found python_cmake_module: 0.8.1 (/opt/ros/galactic/share/python_cmake_module/cmake)
-- Found PythonInterp: /usr/bin/python3 (found suitable version "3.8.10", minimum required is "3.5") 
-- Found PythonLibs: /usr/lib/x86_64-linux-gnu/libpython3.8.so (found suitable version "3.8.10", minimum required is "3.5") 
-- Using PYTHON_EXECUTABLE: /usr/bin/python3
-- Using PYTHON_INCLUDE_DIRS: /usr/include/python3.8
-- Using PYTHON_LIBRARIES: /usr/lib/x86_64-linux-gnu/libpython3.8.so
-- Found PythonExtra: .so  
-- Added test 'cppcheck' to perform static code analysis on C / C++ code
-- Configured cppcheck include dirs: $<BUILD_INTERFACE:/root/researchv2/src/diagnostics/diagnostic_aggregator/include>
-- Configured cppcheck exclude dirs and/or files: 
-- Added test 'cpplint' to check C / C++ code against the Google style
-- Configured cpplint exclude dirs and/or files: 
-- Added test 'flake8' to check Python code syntax and style conventions
-- Added test 'lint_cmake' to check CMake code style
-- Added test 'pep257' to check Python code against some of the style conventions in PEP 257
-- Added test 'uncrustify' to check C / C++ code style
-- Configured uncrustify additional arguments: 
-- Added test 'xmllint' to check XML markup files
-- Configuring done
-- Generating done
-- Build files have been written to: /root/researchv2/build/diagnostic_aggregator
[35m[1mScanning dependencies of target ament_cmake_python_copy_diagnostic_aggregator[0m
[35m[1mScanning dependencies of target diagnostic_aggregator[0m
[  0%] Built target ament_cmake_python_copy_diagnostic_aggregator
[35m[1mScanning dependencies of target ament_cmake_python_build_diagnostic_aggregator_egg[0m
[ 10%] [32mBuilding CXX object CMakeFiles/diagnostic_aggregator.dir/src/status_item.cpp.o[0m
[ 20%] [32mBuilding CXX object CMakeFiles/diagnostic_aggregator.dir/src/analyzer_group.cpp.o[0m
[ 30%] [32mBuilding CXX object CMakeFiles/diagnostic_aggregator.dir/src/aggregator.cpp.o[0m
running egg_info
creating diagnostic_aggregator.egg-info
writing diagnostic_aggregator.egg-info/PKG-INFO
writing dependency_links to diagnostic_aggregator.egg-info/dependency_links.txt
writing top-level names to diagnostic_aggregator.egg-info/top_level.txt
writing manifest file 'diagnostic_aggregator.egg-info/SOURCES.txt'
reading manifest file 'diagnostic_aggregator.egg-info/SOURCES.txt'
writing manifest file 'diagnostic_aggregator.egg-info/SOURCES.txt'
[ 30%] Built target ament_cmake_python_build_diagnostic_aggregator_egg
[ 40%] [32m[1mLinking CXX shared library libdiagnostic_aggregator.so[0m
[ 40%] Built target diagnostic_aggregator
[35m[1mScanning dependencies of target aggregator_node[0m
[35m[1mScanning dependencies of target diagnostic_aggregator_analyzers[0m
[ 50%] [32mBuilding CXX object CMakeFiles/aggregator_node.dir/src/aggregator_node.cpp.o[0m
[ 60%] [32mBuilding CXX object CMakeFiles/diagnostic_aggregator_analyzers.dir/src/ignore_analyzer.cpp.o[0m
[ 70%] [32mBuilding CXX object CMakeFiles/diagnostic_aggregator_analyzers.dir/src/discard_analyzer.cpp.o[0m
[ 80%] [32mBuilding CXX object CMakeFiles/diagnostic_aggregator_analyzers.dir/src/generic_analyzer.cpp.o[0m
[ 90%] [32m[1mLinking CXX executable aggregator_node[0m
[ 90%] Built target aggregator_node
[100%] [32m[1mLinking CXX shared library libdiagnostic_aggregator_analyzers.so[0m
[100%] Built target diagnostic_aggregator_analyzers
