[0.070s] Invoking command in '/root/researchv2/build/diagnostic_aggregator': CMAKE_PREFIX_PATH=${CMAKE_PREFIX_PATH}:/opt/ros/galactic:/root/openpifpaf_ros2/install/rgbd_openpifpaf_ros2:/root/openpifpaf_ros2/install/pose_checker:/root/openpifpaf_ros2/install/openpifpaf_ros2_node /usr/bin/cmake /root/researchv2/src/diagnostics/diagnostic_aggregator -DCMAKE_INSTALL_PREFIX=/root/researchv2/install/diagnostic_aggregator
[0.197s] -- The C compiler identification is GNU 9.4.0
[0.315s] -- The CXX compiler identification is GNU 9.4.0
[0.324s] -- Check for working C compiler: /usr/bin/cc
[0.428s] -- Check for working C compiler: /usr/bin/cc -- works
[0.429s] -- Detecting C compiler ABI info
[0.549s] -- Detecting C compiler ABI info - done
[0.570s] -- Detecting C compile features
[0.570s] -- Detecting C compile features - done
[0.576s] -- Check for working CXX compiler: /usr/bin/c++
[0.701s] -- Check for working CXX compiler: /usr/bin/c++ -- works
[0.703s] -- Detecting CXX compiler ABI info
[0.829s] -- Detecting CXX compiler ABI info - done
[0.864s] -- Detecting CXX compile features
[0.865s] -- Detecting CXX compile features - done
[0.874s] -- Found ament_cmake: 1.1.6 (/opt/ros/galactic/share/ament_cmake/cmake)
[0.909s] -- Found PythonInterp: /usr/bin/python3 (found suitable version "3.8.10", minimum required is "3") 
[0.909s] -- Using PYTHON_EXECUTABLE: /usr/bin/python3
[1.056s] -- Found diagnostic_msgs: 2.2.4 (/opt/ros/galactic/share/diagnostic_msgs/cmake)
[1.126s] -- Using all available rosidl_typesupport_c: rosidl_typesupport_fastrtps_c;rosidl_typesupport_introspection_c
[1.140s] -- Found rosidl_adapter: 2.2.3 (/opt/ros/galactic/share/rosidl_adapter/cmake)
[1.304s] -- Found OpenSSL: /usr/lib/x86_64-linux-gnu/libcrypto.so (found version "1.1.1f")  
[1.389s] -- Found FastRTPS: /opt/ros/galactic/include  
[1.571s] -- Using all available rosidl_typesupport_cpp: rosidl_typesupport_fastrtps_cpp;rosidl_typesupport_introspection_cpp
[1.748s] -- Found pluginlib: 5.0.1 (/opt/ros/galactic/share/pluginlib/cmake)
[1.845s] -- Found rclcpp: 9.2.2 (/opt/ros/galactic/share/rclcpp/cmake)
[1.928s] -- Found rmw_implementation_cmake: 3.3.1 (/opt/ros/galactic/share/rmw_implementation_cmake/cmake)
[1.934s] -- Found rmw_cyclonedds_cpp: 0.22.6 (/opt/ros/galactic/share/rmw_cyclonedds_cpp/cmake)
[1.969s] -- Using RMW implementation 'rmw_cyclonedds_cpp' as default
[1.970s] -- Looking for pthread.h
[2.078s] -- Looking for pthread.h - found
[2.079s] -- Performing Test CMAKE_HAVE_LIBC_PTHREAD
[2.192s] -- Performing Test CMAKE_HAVE_LIBC_PTHREAD - Failed
[2.192s] -- Looking for pthread_create in pthreads
[2.281s] -- Looking for pthread_create in pthreads - not found
[2.281s] -- Looking for pthread_create in pthread
[2.381s] -- Looking for pthread_create in pthread - found
[2.383s] -- Found Threads: TRUE  
[2.645s] -- Found ament_lint_auto: 0.10.7 (/opt/ros/galactic/share/ament_lint_auto/cmake)
[2.809s] -- Found python_cmake_module: 0.8.1 (/opt/ros/galactic/share/python_cmake_module/cmake)
[2.850s] -- Found PythonInterp: /usr/bin/python3 (found suitable version "3.8.10", minimum required is "3.5") 
[2.862s] -- Found PythonLibs: /usr/lib/x86_64-linux-gnu/libpython3.8.so (found suitable version "3.8.10", minimum required is "3.5") 
[2.862s] -- Using PYTHON_EXECUTABLE: /usr/bin/python3
[2.863s] -- Using PYTHON_INCLUDE_DIRS: /usr/include/python3.8
[2.863s] -- Using PYTHON_LIBRARIES: /usr/lib/x86_64-linux-gnu/libpython3.8.so
[2.904s] -- Found PythonExtra: .so  
[3.012s] -- Added test 'cppcheck' to perform static code analysis on C / C++ code
[3.013s] -- Configured cppcheck include dirs: $<BUILD_INTERFACE:/root/researchv2/src/diagnostics/diagnostic_aggregator/include>
[3.013s] -- Configured cppcheck exclude dirs and/or files: 
[3.018s] -- Added test 'cpplint' to check C / C++ code against the Google style
[3.018s] -- Configured cpplint exclude dirs and/or files: 
[3.019s] -- Added test 'flake8' to check Python code syntax and style conventions
[3.021s] -- Added test 'lint_cmake' to check CMake code style
[3.023s] -- Added test 'pep257' to check Python code against some of the style conventions in PEP 257
[3.027s] -- Added test 'uncrustify' to check C / C++ code style
[3.027s] -- Configured uncrustify additional arguments: 
[3.028s] -- Added test 'xmllint' to check XML markup files
[3.036s] -- Configuring done
[3.072s] -- Generating done
[3.076s] -- Build files have been written to: /root/researchv2/build/diagnostic_aggregator
[3.088s] Invoked command in '/root/researchv2/build/diagnostic_aggregator' returned '0': CMAKE_PREFIX_PATH=${CMAKE_PREFIX_PATH}:/opt/ros/galactic:/root/openpifpaf_ros2/install/rgbd_openpifpaf_ros2:/root/openpifpaf_ros2/install/pose_checker:/root/openpifpaf_ros2/install/openpifpaf_ros2_node /usr/bin/cmake /root/researchv2/src/diagnostics/diagnostic_aggregator -DCMAKE_INSTALL_PREFIX=/root/researchv2/install/diagnostic_aggregator
[3.092s] Invoking command in '/root/researchv2/build/diagnostic_aggregator': CMAKE_PREFIX_PATH=${CMAKE_PREFIX_PATH}:/opt/ros/galactic:/root/openpifpaf_ros2/install/rgbd_openpifpaf_ros2:/root/openpifpaf_ros2/install/pose_checker:/root/openpifpaf_ros2/install/openpifpaf_ros2_node /usr/bin/cmake --build /root/researchv2/build/diagnostic_aggregator -- -j12 -l12
[3.174s] [35m[1mScanning dependencies of target ament_cmake_python_copy_diagnostic_aggregator[0m
[3.174s] [35m[1mScanning dependencies of target diagnostic_aggregator[0m
[3.204s] [  0%] Built target ament_cmake_python_copy_diagnostic_aggregator
[3.220s] [35m[1mScanning dependencies of target ament_cmake_python_build_diagnostic_aggregator_egg[0m
[3.286s] [ 10%] [32mBuilding CXX object CMakeFiles/diagnostic_aggregator.dir/src/status_item.cpp.o[0m
[3.287s] [ 20%] [32mBuilding CXX object CMakeFiles/diagnostic_aggregator.dir/src/analyzer_group.cpp.o[0m
[3.288s] [ 30%] [32mBuilding CXX object CMakeFiles/diagnostic_aggregator.dir/src/aggregator.cpp.o[0m
[3.727s] running egg_info
[3.728s] creating diagnostic_aggregator.egg-info
[3.728s] writing diagnostic_aggregator.egg-info/PKG-INFO
[3.728s] writing dependency_links to diagnostic_aggregator.egg-info/dependency_links.txt
[3.729s] writing top-level names to diagnostic_aggregator.egg-info/top_level.txt
[3.731s] writing manifest file 'diagnostic_aggregator.egg-info/SOURCES.txt'
[3.799s] reading manifest file 'diagnostic_aggregator.egg-info/SOURCES.txt'
[3.800s] writing manifest file 'diagnostic_aggregator.egg-info/SOURCES.txt'
[3.843s] [ 30%] Built target ament_cmake_python_build_diagnostic_aggregator_egg
[16.574s] [ 40%] [32m[1mLinking CXX shared library libdiagnostic_aggregator.so[0m
[17.388s] [ 40%] Built target diagnostic_aggregator
[17.403s] [35m[1mScanning dependencies of target aggregator_node[0m
[17.403s] [35m[1mScanning dependencies of target diagnostic_aggregator_analyzers[0m
[17.504s] [ 50%] [32mBuilding CXX object CMakeFiles/aggregator_node.dir/src/aggregator_node.cpp.o[0m
[17.516s] [ 60%] [32mBuilding CXX object CMakeFiles/diagnostic_aggregator_analyzers.dir/src/ignore_analyzer.cpp.o[0m
[17.516s] [ 70%] [32mBuilding CXX object CMakeFiles/diagnostic_aggregator_analyzers.dir/src/discard_analyzer.cpp.o[0m
[17.517s] [ 80%] [32mBuilding CXX object CMakeFiles/diagnostic_aggregator_analyzers.dir/src/generic_analyzer.cpp.o[0m
[23.389s] [ 90%] [32m[1mLinking CXX executable aggregator_node[0m
[23.705s] [ 90%] Built target aggregator_node
[25.618s] [100%] [32m[1mLinking CXX shared library libdiagnostic_aggregator_analyzers.so[0m
[25.951s] [100%] Built target diagnostic_aggregator_analyzers
