-- Found ament_cmake: 1.1.6 (/opt/ros/galactic/share/ament_cmake/cmake)
-- Using PYTHON_EXECUTABLE: /usr/bin/python3
-- Configuring done
-- Generating done
-- Build files have been written to: /root/researchv2/build/urg_c
[  2%] [32mBuilding C object CMakeFiles/urg_c.dir/current/src/urg_utils.c.o[0m
[  5%] [32mBuilding C object CMakeFiles/urg_c.dir/current/src/urg_sensor.c.o[0m
[  8%] [32mBuilding C object CMakeFiles/urg_c.dir/current/src/urg_debug.c.o[0m
[ 11%] [32mBuilding C object CMakeFiles/urg_c.dir/current/src/urg_connection.c.o[0m
[ 14%] [32mBuilding C object CMakeFiles/urg_c.dir/current/src/urg_tcpclient.c.o[0m
[ 17%] [32mBuilding C object CMakeFiles/urg_c.dir/current/src/urg_ring_buffer.c.o[0m
[ 20%] [32mBuilding C object CMakeFiles/urg_c.dir/current/src/urg_time.c.o[0m
[ 23%] [32mBuilding C object CMakeFiles/urg_c.dir/current/src/urg_serial_utils.c.o[0m
[ 26%] [32mBuilding C object CMakeFiles/urg_c.dir/current/src/urg_serial.c.o[0m
[ 29%] [32m[1mLinking C shared library liburg_c.so[0m
[ 29%] Built target urg_c
[ 35%] Built target open_urg_sensor
[ 38%] [32m[1mLinking C executable get_distance_intensity[0m
[ 41%] [32m[1mLinking C executable calculate_xy[0m
[ 44%] [32m[1mLinking C executable get_multiecho[0m
[ 47%] [32m[1mLinking C executable angle_convert_test[0m
[ 50%] [32m[1mLinking C executable sync_time_stamp[0m
[ 52%] [32m[1mLinking C executable timeout_test[0m
[ 55%] [32mBuilding C object CMakeFiles/sensor_parameter.dir/current/samples/sensor_parameter.c.o[0m
[ 58%] [32m[1mLinking C executable get_multiecho_intensity[0m
[ 61%] [32mBuilding C object CMakeFiles/reboot_test.dir/current/samples/reboot_test.c.o[0m
[ 64%] [32mBuilding C object CMakeFiles/find_port.dir/current/samples/find_port.c.o[0m
[ 67%] [32m[1mLinking C executable get_distance[0m
[ 70%] Built target calculate_xy
[ 73%] [32m[1mLinking C executable reboot_test[0m
[ 76%] Built target sync_time_stamp
[ 79%] [32m[1mLinking C executable sensor_parameter[0m
[ 82%] Built target get_distance_intensity
[ 85%] [32m[1mLinking C executable find_port[0m
[ 88%] Built target timeout_test
[ 91%] Built target get_multiecho
[ 94%] Built target get_multiecho_intensity
[ 97%] Built target angle_convert_test
[100%] Built target get_distance
[100%] Built target reboot_test
[100%] Built target sensor_parameter
[100%] Built target find_port
-- Install configuration: ""
-- Installing: /root/researchv2/install/urg_c/lib/liburg_c.so
-- Up-to-date: /root/researchv2/install/urg_c/lib/libopen_urg_sensor.a
-- Installing: /root/researchv2/install/urg_c/bin/angle_convert_test
-- Set runtime path of "/root/researchv2/install/urg_c/bin/angle_convert_test" to ""
-- Installing: /root/researchv2/install/urg_c/bin/calculate_xy
-- Set runtime path of "/root/researchv2/install/urg_c/bin/calculate_xy" to ""
-- Installing: /root/researchv2/install/urg_c/bin/find_port
-- Set runtime path of "/root/researchv2/install/urg_c/bin/find_port" to ""
-- Installing: /root/researchv2/install/urg_c/bin/get_distance
-- Set runtime path of "/root/researchv2/install/urg_c/bin/get_distance" to ""
-- Installing: /root/researchv2/install/urg_c/bin/get_distance_intensity
-- Set runtime path of "/root/researchv2/install/urg_c/bin/get_distance_intensity" to ""
-- Installing: /root/researchv2/install/urg_c/bin/get_multiecho
-- Set runtime path of "/root/researchv2/install/urg_c/bin/get_multiecho" to ""
-- Installing: /root/researchv2/install/urg_c/bin/get_multiecho_intensity
-- Set runtime path of "/root/researchv2/install/urg_c/bin/get_multiecho_intensity" to ""
-- Installing: /root/researchv2/install/urg_c/bin/reboot_test
-- Set runtime path of "/root/researchv2/install/urg_c/bin/reboot_test" to ""
-- Installing: /root/researchv2/install/urg_c/bin/sensor_parameter
-- Set runtime path of "/root/researchv2/install/urg_c/bin/sensor_parameter" to ""
-- Installing: /root/researchv2/install/urg_c/bin/sync_time_stamp
-- Set runtime path of "/root/researchv2/install/urg_c/bin/sync_time_stamp" to ""
-- Installing: /root/researchv2/install/urg_c/bin/timeout_test
-- Set runtime path of "/root/researchv2/install/urg_c/bin/timeout_test" to ""
-- Up-to-date: /root/researchv2/install/urg_c/include
-- Up-to-date: /root/researchv2/install/urg_c/include/urg_c
-- Installing: /root/researchv2/install/urg_c/include/urg_c/urg_tcpclient.h
-- Installing: /root/researchv2/install/urg_c/include/urg_c/urg_time.h
-- Installing: /root/researchv2/install/urg_c/include/urg_c/urg_sensor.h
-- Installing: /root/researchv2/install/urg_c/include/urg_c/urg_ring_buffer.h
-- Installing: /root/researchv2/install/urg_c/include/urg_c/urg_serial_utils.h
-- Installing: /root/researchv2/install/urg_c/include/urg_c/urg_errno.h
-- Installing: /root/researchv2/install/urg_c/include/urg_c/urg_serial.h
-- Installing: /root/researchv2/install/urg_c/include/urg_c/urg_detect_os.h
-- Installing: /root/researchv2/install/urg_c/include/urg_c/urg_utils.h
-- Installing: /root/researchv2/install/urg_c/include/urg_c/urg_debug.h
-- Installing: /root/researchv2/install/urg_c/include/urg_c/urg_connection.h
-- Installing: /root/researchv2/install/urg_c/share/urg_c/environment/library_path.sh
-- Installing: /root/researchv2/install/urg_c/share/urg_c/environment/library_path.dsv
-- Up-to-date: /root/researchv2/install/urg_c/share/ament_index/resource_index/package_run_dependencies/urg_c
-- Up-to-date: /root/researchv2/install/urg_c/share/ament_index/resource_index/parent_prefix_path/urg_c
-- Installing: /root/researchv2/install/urg_c/share/urg_c/environment/ament_prefix_path.sh
-- Installing: /root/researchv2/install/urg_c/share/urg_c/environment/ament_prefix_path.dsv
-- Installing: /root/researchv2/install/urg_c/share/urg_c/environment/path.sh
-- Installing: /root/researchv2/install/urg_c/share/urg_c/environment/path.dsv
-- Up-to-date: /root/researchv2/install/urg_c/share/urg_c/local_setup.bash
-- Up-to-date: /root/researchv2/install/urg_c/share/urg_c/local_setup.sh
-- Up-to-date: /root/researchv2/install/urg_c/share/urg_c/local_setup.zsh
-- Installing: /root/researchv2/install/urg_c/share/urg_c/local_setup.dsv
-- Installing: /root/researchv2/install/urg_c/share/urg_c/package.dsv
-- Up-to-date: /root/researchv2/install/urg_c/share/ament_index/resource_index/packages/urg_c
-- Up-to-date: /root/researchv2/install/urg_c/share/urg_c/cmake/ament_cmake_export_include_directories-extras.cmake
-- Up-to-date: /root/researchv2/install/urg_c/share/urg_c/cmake/ament_cmake_export_libraries-extras.cmake
-- Up-to-date: /root/researchv2/install/urg_c/share/urg_c/cmake/urg_cConfig.cmake
-- Up-to-date: /root/researchv2/install/urg_c/share/urg_c/cmake/urg_cConfig-version.cmake
-- Installing: /root/researchv2/install/urg_c/share/urg_c/package.xml
