[0.061s] Invoking command in '/root/researchv2/build/urg_c': CMAKE_PREFIX_PATH=${CMAKE_PREFIX_PATH}:/root/openpifpaf_ros2/install/rgbd_openpifpaf_ros2:/root/openpifpaf_ros2/install/pose_checker:/root/openpifpaf_ros2/install/openpifpaf_ros2_node:/root/researchv2/install/chaser_system:/opt/ros/galactic /usr/bin/cmake --build /root/researchv2/build/urg_c -- -j12 -l12
[0.106s] -- Found ament_cmake: 1.1.6 (/opt/ros/galactic/share/ament_cmake/cmake)
[0.148s] -- Using PYTHON_EXECUTABLE: /usr/bin/python3
[0.430s] -- Configuring done
[0.480s] -- Generating done
[0.485s] -- Build files have been written to: /root/researchv2/build/urg_c
[0.549s] [  2%] [32mBuilding C object CMakeFiles/urg_c.dir/current/src/urg_utils.c.o[0m
[0.550s] [  5%] [32mBuilding C object CMakeFiles/urg_c.dir/current/src/urg_sensor.c.o[0m
[0.551s] [  8%] [32mBuilding C object CMakeFiles/urg_c.dir/current/src/urg_debug.c.o[0m
[0.552s] [ 11%] [32mBuilding C object CMakeFiles/urg_c.dir/current/src/urg_connection.c.o[0m
[0.557s] [ 14%] [32mBuilding C object CMakeFiles/urg_c.dir/current/src/urg_tcpclient.c.o[0m
[0.557s] [ 17%] [32mBuilding C object CMakeFiles/urg_c.dir/current/src/urg_ring_buffer.c.o[0m
[0.569s] [ 20%] [32mBuilding C object CMakeFiles/urg_c.dir/current/src/urg_time.c.o[0m
[0.572s] [ 23%] [32mBuilding C object CMakeFiles/urg_c.dir/current/src/urg_serial_utils.c.o[0m
[0.577s] [ 26%] [32mBuilding C object CMakeFiles/urg_c.dir/current/src/urg_serial.c.o[0m
[0.888s] [ 29%] [32m[1mLinking C shared library liburg_c.so[0m
[0.968s] [ 29%] Built target urg_c
[1.000s] [ 35%] Built target open_urg_sensor
[1.048s] [ 38%] [32m[1mLinking C executable get_distance_intensity[0m
[1.064s] [ 41%] [32m[1mLinking C executable calculate_xy[0m
[1.071s] [ 44%] [32m[1mLinking C executable get_multiecho[0m
[1.090s] [ 47%] [32m[1mLinking C executable angle_convert_test[0m
[1.091s] [ 50%] [32m[1mLinking C executable sync_time_stamp[0m
[1.092s] [ 52%] [32m[1mLinking C executable timeout_test[0m
[1.107s] [ 55%] [32mBuilding C object CMakeFiles/sensor_parameter.dir/current/samples/sensor_parameter.c.o[0m
[1.112s] [ 58%] [32m[1mLinking C executable get_multiecho_intensity[0m
[1.114s] [ 61%] [32mBuilding C object CMakeFiles/reboot_test.dir/current/samples/reboot_test.c.o[0m
[1.124s] [ 64%] [32mBuilding C object CMakeFiles/find_port.dir/current/samples/find_port.c.o[0m
[1.168s] [ 67%] [32m[1mLinking C executable get_distance[0m
[1.183s] [ 70%] Built target calculate_xy
[1.211s] [ 73%] [32m[1mLinking C executable reboot_test[0m
[1.228s] [ 76%] Built target sync_time_stamp
[1.232s] [ 79%] [32m[1mLinking C executable sensor_parameter[0m
[1.246s] [ 82%] Built target get_distance_intensity
[1.248s] [ 85%] [32m[1mLinking C executable find_port[0m
[1.262s] [ 88%] Built target timeout_test
[1.266s] [ 91%] Built target get_multiecho
[1.279s] [ 94%] Built target get_multiecho_intensity
[1.289s] [ 97%] Built target angle_convert_test
[1.293s] [100%] Built target get_distance
[1.299s] [100%] Built target reboot_test
[1.328s] [100%] Built target sensor_parameter
[1.359s] [100%] Built target find_port
[1.397s] Invoked command in '/root/researchv2/build/urg_c' returned '0': CMAKE_PREFIX_PATH=${CMAKE_PREFIX_PATH}:/root/openpifpaf_ros2/install/rgbd_openpifpaf_ros2:/root/openpifpaf_ros2/install/pose_checker:/root/openpifpaf_ros2/install/openpifpaf_ros2_node:/root/researchv2/install/chaser_system:/opt/ros/galactic /usr/bin/cmake --build /root/researchv2/build/urg_c -- -j12 -l12
[1.628s] Invoking command in '/root/researchv2/build/urg_c': CMAKE_PREFIX_PATH=${CMAKE_PREFIX_PATH}:/root/openpifpaf_ros2/install/rgbd_openpifpaf_ros2:/root/openpifpaf_ros2/install/pose_checker:/root/openpifpaf_ros2/install/openpifpaf_ros2_node:/root/researchv2/install/chaser_system:/opt/ros/galactic /usr/bin/cmake --install /root/researchv2/build/urg_c
[1.641s] -- Install configuration: ""
[1.642s] -- Installing: /root/researchv2/install/urg_c/lib/liburg_c.so
[1.643s] -- Up-to-date: /root/researchv2/install/urg_c/lib/libopen_urg_sensor.a
[1.644s] -- Installing: /root/researchv2/install/urg_c/bin/angle_convert_test
[1.645s] -- Set runtime path of "/root/researchv2/install/urg_c/bin/angle_convert_test" to ""
[1.646s] -- Installing: /root/researchv2/install/urg_c/bin/calculate_xy
[1.647s] -- Set runtime path of "/root/researchv2/install/urg_c/bin/calculate_xy" to ""
[1.648s] -- Installing: /root/researchv2/install/urg_c/bin/find_port
[1.649s] -- Set runtime path of "/root/researchv2/install/urg_c/bin/find_port" to ""
[1.651s] -- Installing: /root/researchv2/install/urg_c/bin/get_distance
[1.653s] -- Set runtime path of "/root/researchv2/install/urg_c/bin/get_distance" to ""
[1.653s] -- Installing: /root/researchv2/install/urg_c/bin/get_distance_intensity
[1.654s] -- Set runtime path of "/root/researchv2/install/urg_c/bin/get_distance_intensity" to ""
[1.654s] -- Installing: /root/researchv2/install/urg_c/bin/get_multiecho
[1.655s] -- Set runtime path of "/root/researchv2/install/urg_c/bin/get_multiecho" to ""
[1.655s] -- Installing: /root/researchv2/install/urg_c/bin/get_multiecho_intensity
[1.656s] -- Set runtime path of "/root/researchv2/install/urg_c/bin/get_multiecho_intensity" to ""
[1.656s] -- Installing: /root/researchv2/install/urg_c/bin/reboot_test
[1.657s] -- Set runtime path of "/root/researchv2/install/urg_c/bin/reboot_test" to ""
[1.658s] -- Installing: /root/researchv2/install/urg_c/bin/sensor_parameter
[1.658s] -- Set runtime path of "/root/researchv2/install/urg_c/bin/sensor_parameter" to ""
[1.659s] -- Installing: /root/researchv2/install/urg_c/bin/sync_time_stamp
[1.660s] -- Set runtime path of "/root/researchv2/install/urg_c/bin/sync_time_stamp" to ""
[1.660s] -- Installing: /root/researchv2/install/urg_c/bin/timeout_test
[1.661s] -- Set runtime path of "/root/researchv2/install/urg_c/bin/timeout_test" to ""
[1.661s] -- Up-to-date: /root/researchv2/install/urg_c/include
[1.661s] -- Up-to-date: /root/researchv2/install/urg_c/include/urg_c
[1.662s] -- Installing: /root/researchv2/install/urg_c/include/urg_c/urg_tcpclient.h
[1.662s] -- Installing: /root/researchv2/install/urg_c/include/urg_c/urg_time.h
[1.662s] -- Installing: /root/researchv2/install/urg_c/include/urg_c/urg_sensor.h
[1.662s] -- Installing: /root/researchv2/install/urg_c/include/urg_c/urg_ring_buffer.h
[1.663s] -- Installing: /root/researchv2/install/urg_c/include/urg_c/urg_serial_utils.h
[1.663s] -- Installing: /root/researchv2/install/urg_c/include/urg_c/urg_errno.h
[1.663s] -- Installing: /root/researchv2/install/urg_c/include/urg_c/urg_serial.h
[1.663s] -- Installing: /root/researchv2/install/urg_c/include/urg_c/urg_detect_os.h
[1.664s] -- Installing: /root/researchv2/install/urg_c/include/urg_c/urg_utils.h
[1.664s] -- Installing: /root/researchv2/install/urg_c/include/urg_c/urg_debug.h
[1.664s] -- Installing: /root/researchv2/install/urg_c/include/urg_c/urg_connection.h
[1.664s] -- Installing: /root/researchv2/install/urg_c/share/urg_c/environment/library_path.sh
[1.665s] -- Installing: /root/researchv2/install/urg_c/share/urg_c/environment/library_path.dsv
[1.665s] -- Up-to-date: /root/researchv2/install/urg_c/share/ament_index/resource_index/package_run_dependencies/urg_c
[1.665s] -- Up-to-date: /root/researchv2/install/urg_c/share/ament_index/resource_index/parent_prefix_path/urg_c
[1.666s] -- Installing: /root/researchv2/install/urg_c/share/urg_c/environment/ament_prefix_path.sh
[1.666s] -- Installing: /root/researchv2/install/urg_c/share/urg_c/environment/ament_prefix_path.dsv
[1.667s] -- Installing: /root/researchv2/install/urg_c/share/urg_c/environment/path.sh
[1.667s] -- Installing: /root/researchv2/install/urg_c/share/urg_c/environment/path.dsv
[1.667s] -- Up-to-date: /root/researchv2/install/urg_c/share/urg_c/local_setup.bash
[1.667s] -- Up-to-date: /root/researchv2/install/urg_c/share/urg_c/local_setup.sh
[1.668s] -- Up-to-date: /root/researchv2/install/urg_c/share/urg_c/local_setup.zsh
[1.668s] -- Installing: /root/researchv2/install/urg_c/share/urg_c/local_setup.dsv
[1.668s] -- Installing: /root/researchv2/install/urg_c/share/urg_c/package.dsv
[1.668s] -- Up-to-date: /root/researchv2/install/urg_c/share/ament_index/resource_index/packages/urg_c
[1.668s] -- Up-to-date: /root/researchv2/install/urg_c/share/urg_c/cmake/ament_cmake_export_include_directories-extras.cmake
[1.668s] -- Up-to-date: /root/researchv2/install/urg_c/share/urg_c/cmake/ament_cmake_export_libraries-extras.cmake
[1.668s] -- Up-to-date: /root/researchv2/install/urg_c/share/urg_c/cmake/urg_cConfig.cmake
[1.669s] -- Up-to-date: /root/researchv2/install/urg_c/share/urg_c/cmake/urg_cConfig-version.cmake
[1.669s] -- Installing: /root/researchv2/install/urg_c/share/urg_c/package.xml
[1.715s] Invoked command in '/root/researchv2/build/urg_c' returned '0': CMAKE_PREFIX_PATH=${CMAKE_PREFIX_PATH}:/root/openpifpaf_ros2/install/rgbd_openpifpaf_ros2:/root/openpifpaf_ros2/install/pose_checker:/root/openpifpaf_ros2/install/openpifpaf_ros2_node:/root/researchv2/install/chaser_system:/opt/ros/galactic /usr/bin/cmake --install /root/researchv2/build/urg_c
