running egg_info
writing ../../build/chaser_system/chaser_system.egg-info/PKG-INFO
writing dependency_links to ../../build/chaser_system/chaser_system.egg-info/dependency_links.txt
writing entry points to ../../build/chaser_system/chaser_system.egg-info/entry_points.txt
writing requirements to ../../build/chaser_system/chaser_system.egg-info/requires.txt
writing top-level names to ../../build/chaser_system/chaser_system.egg-info/top_level.txt
reading manifest file '../../build/chaser_system/chaser_system.egg-info/SOURCES.txt'
writing manifest file '../../build/chaser_system/chaser_system.egg-info/SOURCES.txt'
running build
running build_py
running install
running install_lib
running install_data
copying map/hayashi_15_com.yaml -> /root/researchv2/install/chaser_system/share/chaser_system/map
running install_egg_info
removing '/root/researchv2/install/chaser_system/lib/python3.8/site-packages/chaser_system-0.0.0-py3.8.egg-info' (and everything under it)
Copying ../../build/chaser_system/chaser_system.egg-info to /root/researchv2/install/chaser_system/lib/python3.8/site-packages/chaser_system-0.0.0-py3.8.egg-info
running install_scripts
Installing image_inputer script to /root/researchv2/install/chaser_system/lib/chaser_system
Installing person_check script to /root/researchv2/install/chaser_system/lib/chaser_system
Installing pose_tf2 script to /root/researchv2/install/chaser_system/lib/chaser_system
Installing raise_navi script to /root/researchv2/install/chaser_system/lib/chaser_system
Installing rgbd_generator script to /root/researchv2/install/chaser_system/lib/chaser_system
Installing three_d_pose_analysis script to /root/researchv2/install/chaser_system/lib/chaser_system
Installing xbox script to /root/researchv2/install/chaser_system/lib/chaser_system
writing list of installed files to '/root/researchv2/build/chaser_system/install.log'
