[0.137s] Invoking command in '/root/researchv2/build/urg_c': CMAKE_PREFIX_PATH=${CMAKE_PREFIX_PATH}:/root/openpifpaf_ros2/install/rgbd_openpifpaf_ros2:/root/openpifpaf_ros2/install/pose_checker:/root/openpifpaf_ros2/install/openpifpaf_ros2_node:/root/researchv2/install/chaser_system:/opt/ros/galactic /usr/bin/cmake --build /root/researchv2/build/urg_c -- -j12 -l12
[0.347s] [ 29%] Built target urg_c
[0.439s] [ 35%] Built target open_urg_sensor
[0.571s] [ 41%] Built target sync_time_stamp
[0.607s] [ 47%] Built target get_distance_intensity
[0.616s] [ 52%] Built target get_distance
[0.619s] [ 58%] Built target timeout_test
[0.625s] [ 64%] Built target sensor_parameter
[0.634s] [ 70%] Built target angle_convert_test
[0.634s] [ 76%] Built target get_multiecho
[0.647s] [ 82%] Built target get_multiecho_intensity
[0.648s] [ 88%] Built target calculate_xy
[0.667s] [ 94%] Built target find_port
[0.684s] [100%] Built target reboot_test
[0.748s] Invoked command in '/root/researchv2/build/urg_c' returned '0': CMAKE_PREFIX_PATH=${CMAKE_PREFIX_PATH}:/root/openpifpaf_ros2/install/rgbd_openpifpaf_ros2:/root/openpifpaf_ros2/install/pose_checker:/root/openpifpaf_ros2/install/openpifpaf_ros2_node:/root/researchv2/install/chaser_system:/opt/ros/galactic /usr/bin/cmake --build /root/researchv2/build/urg_c -- -j12 -l12
[1.099s] Invoking command in '/root/researchv2/build/urg_c': CMAKE_PREFIX_PATH=${CMAKE_PREFIX_PATH}:/root/openpifpaf_ros2/install/rgbd_openpifpaf_ros2:/root/openpifpaf_ros2/install/pose_checker:/root/openpifpaf_ros2/install/openpifpaf_ros2_node:/root/researchv2/install/chaser_system:/opt/ros/galactic /usr/bin/cmake --install /root/researchv2/build/urg_c
[1.145s] -- Install configuration: ""
[1.145s] -- Up-to-date: /root/researchv2/install/urg_c/lib/liburg_c.so
[1.145s] -- Up-to-date: /root/researchv2/install/urg_c/lib/libopen_urg_sensor.a
[1.146s] -- Up-to-date: /root/researchv2/install/urg_c/bin/angle_convert_test
[1.147s] -- Up-to-date: /root/researchv2/install/urg_c/bin/calculate_xy
[1.148s] -- Up-to-date: /root/researchv2/install/urg_c/bin/find_port
[1.150s] -- Up-to-date: /root/researchv2/install/urg_c/bin/get_distance
[1.151s] -- Up-to-date: /root/researchv2/install/urg_c/bin/get_distance_intensity
[1.152s] -- Up-to-date: /root/researchv2/install/urg_c/bin/get_multiecho
[1.153s] -- Up-to-date: /root/researchv2/install/urg_c/bin/get_multiecho_intensity
[1.154s] -- Up-to-date: /root/researchv2/install/urg_c/bin/reboot_test
[1.155s] -- Up-to-date: /root/researchv2/install/urg_c/bin/sensor_parameter
[1.159s] -- Up-to-date: /root/researchv2/install/urg_c/bin/sync_time_stamp
[1.159s] -- Up-to-date: /root/researchv2/install/urg_c/bin/timeout_test
[1.160s] -- Up-to-date: /root/researchv2/install/urg_c/include
[1.163s] -- Up-to-date: /root/researchv2/install/urg_c/include/urg_c
[1.164s] -- Up-to-date: /root/researchv2/install/urg_c/include/urg_c/urg_tcpclient.h
[1.166s] -- Up-to-date: /root/researchv2/install/urg_c/include/urg_c/urg_time.h
[1.168s] -- Up-to-date: /root/researchv2/install/urg_c/include/urg_c/urg_sensor.h
[1.168s] -- Up-to-date: /root/researchv2/install/urg_c/include/urg_c/urg_ring_buffer.h
[1.168s] -- Up-to-date: /root/researchv2/install/urg_c/include/urg_c/urg_serial_utils.h
[1.169s] -- Up-to-date: /root/researchv2/install/urg_c/include/urg_c/urg_errno.h
[1.169s] -- Up-to-date: /root/researchv2/install/urg_c/include/urg_c/urg_serial.h
[1.170s] -- Up-to-date: /root/researchv2/install/urg_c/include/urg_c/urg_detect_os.h
[1.170s] -- Up-to-date: /root/researchv2/install/urg_c/include/urg_c/urg_utils.h
[1.171s] -- Up-to-date: /root/researchv2/install/urg_c/include/urg_c/urg_debug.h
[1.171s] -- Up-to-date: /root/researchv2/install/urg_c/include/urg_c/urg_connection.h
[1.172s] -- Up-to-date: /root/researchv2/install/urg_c/share/urg_c/environment/library_path.sh
[1.172s] -- Up-to-date: /root/researchv2/install/urg_c/share/urg_c/environment/library_path.dsv
[1.173s] -- Up-to-date: /root/researchv2/install/urg_c/share/ament_index/resource_index/package_run_dependencies/urg_c
[1.173s] -- Up-to-date: /root/researchv2/install/urg_c/share/ament_index/resource_index/parent_prefix_path/urg_c
[1.174s] -- Up-to-date: /root/researchv2/install/urg_c/share/urg_c/environment/ament_prefix_path.sh
[1.174s] -- Up-to-date: /root/researchv2/install/urg_c/share/urg_c/environment/ament_prefix_path.dsv
[1.174s] -- Up-to-date: /root/researchv2/install/urg_c/share/urg_c/environment/path.sh
[1.175s] -- Up-to-date: /root/researchv2/install/urg_c/share/urg_c/environment/path.dsv
[1.175s] -- Up-to-date: /root/researchv2/install/urg_c/share/urg_c/local_setup.bash
[1.175s] -- Up-to-date: /root/researchv2/install/urg_c/share/urg_c/local_setup.sh
[1.176s] -- Up-to-date: /root/researchv2/install/urg_c/share/urg_c/local_setup.zsh
[1.176s] -- Up-to-date: /root/researchv2/install/urg_c/share/urg_c/local_setup.dsv
[1.176s] -- Installing: /root/researchv2/install/urg_c/share/urg_c/package.dsv
[1.176s] -- Up-to-date: /root/researchv2/install/urg_c/share/ament_index/resource_index/packages/urg_c
[1.176s] -- Up-to-date: /root/researchv2/install/urg_c/share/urg_c/cmake/ament_cmake_export_include_directories-extras.cmake
[1.177s] -- Up-to-date: /root/researchv2/install/urg_c/share/urg_c/cmake/ament_cmake_export_libraries-extras.cmake
[1.177s] -- Up-to-date: /root/researchv2/install/urg_c/share/urg_c/cmake/urg_cConfig.cmake
[1.177s] -- Up-to-date: /root/researchv2/install/urg_c/share/urg_c/cmake/urg_cConfig-version.cmake
[1.178s] -- Up-to-date: /root/researchv2/install/urg_c/share/urg_c/package.xml
[1.181s] Invoked command in '/root/researchv2/build/urg_c' returned '0': CMAKE_PREFIX_PATH=${CMAKE_PREFIX_PATH}:/root/openpifpaf_ros2/install/rgbd_openpifpaf_ros2:/root/openpifpaf_ros2/install/pose_checker:/root/openpifpaf_ros2/install/openpifpaf_ros2_node:/root/researchv2/install/chaser_system:/opt/ros/galactic /usr/bin/cmake --install /root/researchv2/build/urg_c
