[0.059s] Invoking command in '/root/researchv2/build/laser_proc': CMAKE_PREFIX_PATH=${CMAKE_PREFIX_PATH}:/root/openpifpaf_ros2/install/rgbd_openpifpaf_ros2:/root/openpifpaf_ros2/install/pose_checker:/root/openpifpaf_ros2/install/openpifpaf_ros2_node:/root/researchv2/install/chaser_system:/opt/ros/galactic /usr/bin/cmake --build /root/researchv2/build/laser_proc -- -j12 -l12
[0.359s] [ 42%] Built target laser_proc
[0.361s] [ 71%] Built target laser_proc_node
[0.447s] [100%] Built target laser_proc_component
[0.465s] Invoked command in '/root/researchv2/build/laser_proc' returned '0': CMAKE_PREFIX_PATH=${CMAKE_PREFIX_PATH}:/root/openpifpaf_ros2/install/rgbd_openpifpaf_ros2:/root/openpifpaf_ros2/install/pose_checker:/root/openpifpaf_ros2/install/openpifpaf_ros2_node:/root/researchv2/install/chaser_system:/opt/ros/galactic /usr/bin/cmake --build /root/researchv2/build/laser_proc -- -j12 -l12
[0.549s] Invoking command in '/root/researchv2/build/laser_proc': CMAKE_PREFIX_PATH=${CMAKE_PREFIX_PATH}:/root/openpifpaf_ros2/install/rgbd_openpifpaf_ros2:/root/openpifpaf_ros2/install/pose_checker:/root/openpifpaf_ros2/install/openpifpaf_ros2_node:/root/researchv2/install/chaser_system:/opt/ros/galactic /usr/bin/cmake --install /root/researchv2/build/laser_proc
[0.563s] -- Install configuration: ""
[0.563s] -- Up-to-date: /root/researchv2/install/laser_proc/lib/laser_proc/laser_proc_node
[0.564s] -- Up-to-date: /root/researchv2/install/laser_proc/lib/liblaser_proc.so
[0.565s] -- Up-to-date: /root/researchv2/install/laser_proc/lib/liblaser_proc_component.so
[0.565s] -- Up-to-date: /root/researchv2/install/laser_proc/include
[0.565s] -- Up-to-date: /root/researchv2/install/laser_proc/include/laser_proc
[0.565s] -- Up-to-date: /root/researchv2/install/laser_proc/include/laser_proc/laser_proc.hpp
[0.566s] -- Up-to-date: /root/researchv2/install/laser_proc/include/laser_proc/laser_publisher.hpp
[0.566s] -- Up-to-date: /root/researchv2/install/laser_proc/include/laser_proc/visibility_control.hpp
[0.566s] -- Up-to-date: /root/researchv2/install/laser_proc/include/laser_proc/laser_proc_component.hpp
[0.567s] -- Up-to-date: /root/researchv2/install/laser_proc/share/laser_proc/environment/library_path.sh
[0.567s] -- Up-to-date: /root/researchv2/install/laser_proc/share/laser_proc/environment/library_path.dsv
[0.567s] -- Up-to-date: /root/researchv2/install/laser_proc/share/ament_index/resource_index/package_run_dependencies/laser_proc
[0.567s] -- Up-to-date: /root/researchv2/install/laser_proc/share/ament_index/resource_index/parent_prefix_path/laser_proc
[0.567s] -- Up-to-date: /root/researchv2/install/laser_proc/share/laser_proc/environment/ament_prefix_path.sh
[0.567s] -- Up-to-date: /root/researchv2/install/laser_proc/share/laser_proc/environment/ament_prefix_path.dsv
[0.568s] -- Up-to-date: /root/researchv2/install/laser_proc/share/laser_proc/environment/path.sh
[0.568s] -- Up-to-date: /root/researchv2/install/laser_proc/share/laser_proc/environment/path.dsv
[0.568s] -- Up-to-date: /root/researchv2/install/laser_proc/share/laser_proc/local_setup.bash
[0.568s] -- Up-to-date: /root/researchv2/install/laser_proc/share/laser_proc/local_setup.sh
[0.569s] -- Up-to-date: /root/researchv2/install/laser_proc/share/laser_proc/local_setup.zsh
[0.569s] -- Up-to-date: /root/researchv2/install/laser_proc/share/laser_proc/local_setup.dsv
[0.569s] -- Installing: /root/researchv2/install/laser_proc/share/laser_proc/package.dsv
[0.569s] -- Up-to-date: /root/researchv2/install/laser_proc/share/ament_index/resource_index/packages/laser_proc
[0.569s] -- Up-to-date: /root/researchv2/install/laser_proc/share/ament_index/resource_index/rclcpp_components/laser_proc
[0.570s] -- Up-to-date: /root/researchv2/install/laser_proc/share/laser_proc/cmake/ament_cmake_export_dependencies-extras.cmake
[0.570s] -- Up-to-date: /root/researchv2/install/laser_proc/share/laser_proc/cmake/ament_cmake_export_include_directories-extras.cmake
[0.570s] -- Up-to-date: /root/researchv2/install/laser_proc/share/laser_proc/cmake/ament_cmake_export_libraries-extras.cmake
[0.570s] -- Up-to-date: /root/researchv2/install/laser_proc/share/laser_proc/cmake/laser_procConfig.cmake
[0.571s] -- Up-to-date: /root/researchv2/install/laser_proc/share/laser_proc/cmake/laser_procConfig-version.cmake
[0.572s] -- Up-to-date: /root/researchv2/install/laser_proc/share/laser_proc/package.xml
[0.573s] Invoked command in '/root/researchv2/build/laser_proc' returned '0': CMAKE_PREFIX_PATH=${CMAKE_PREFIX_PATH}:/root/openpifpaf_ros2/install/rgbd_openpifpaf_ros2:/root/openpifpaf_ros2/install/pose_checker:/root/openpifpaf_ros2/install/openpifpaf_ros2_node:/root/researchv2/install/chaser_system:/opt/ros/galactic /usr/bin/cmake --install /root/researchv2/build/laser_proc
