[1.466s] Invoking command in '/root/researchv2/src/chaser_system': PYTHONPATH=/root/researchv2/install/chaser_system/lib/python3.8/site-packages:${PYTHONPATH} _=/usr/bin/env /usr/bin/python3 setup.py egg_info --egg-base ../../build/chaser_system build --build-base /root/researchv2/build/chaser_system/build install --prefix /root/researchv2/install/chaser_system --record /root/researchv2/build/chaser_system/install.log --single-version-externally-managed
[2.029s] running egg_info
[2.030s] writing ../../build/chaser_system/chaser_system.egg-info/PKG-INFO
[2.030s] writing dependency_links to ../../build/chaser_system/chaser_system.egg-info/dependency_links.txt
[2.031s] writing entry points to ../../build/chaser_system/chaser_system.egg-info/entry_points.txt
[2.031s] writing requirements to ../../build/chaser_system/chaser_system.egg-info/requires.txt
[2.032s] writing top-level names to ../../build/chaser_system/chaser_system.egg-info/top_level.txt
[2.104s] reading manifest file '../../build/chaser_system/chaser_system.egg-info/SOURCES.txt'
[2.105s] writing manifest file '../../build/chaser_system/chaser_system.egg-info/SOURCES.txt'
[2.105s] running build
[2.106s] running build_py
[2.106s] copying chaser_system/person_check.py -> /root/researchv2/build/chaser_system/build/lib/chaser_system
[2.107s] running install
[2.109s] running install_lib
[2.110s] copying /root/researchv2/build/chaser_system/build/lib/chaser_system/person_check.py -> /root/researchv2/install/chaser_system/lib/python3.8/site-packages/chaser_system
[2.112s] byte-compiling /root/researchv2/install/chaser_system/lib/python3.8/site-packages/chaser_system/person_check.py to person_check.cpython-38.pyc
[2.117s] running install_data
[2.118s] running install_egg_info
[2.121s] removing '/root/researchv2/install/chaser_system/lib/python3.8/site-packages/chaser_system-0.0.0-py3.8.egg-info' (and everything under it)
[2.121s] Copying ../../build/chaser_system/chaser_system.egg-info to /root/researchv2/install/chaser_system/lib/python3.8/site-packages/chaser_system-0.0.0-py3.8.egg-info
[2.123s] running install_scripts
[2.158s] Installing image_inputer script to /root/researchv2/install/chaser_system/lib/chaser_system
[2.158s] Installing person_check script to /root/researchv2/install/chaser_system/lib/chaser_system
[2.159s] Installing pose_tf2 script to /root/researchv2/install/chaser_system/lib/chaser_system
[2.159s] Installing rgbd_generator script to /root/researchv2/install/chaser_system/lib/chaser_system
[2.160s] Installing three_d_pose_analysis script to /root/researchv2/install/chaser_system/lib/chaser_system
[2.165s] writing list of installed files to '/root/researchv2/build/chaser_system/install.log'
[2.202s] Invoked command in '/root/researchv2/src/chaser_system' returned '0': PYTHONPATH=/root/researchv2/install/chaser_system/lib/python3.8/site-packages:${PYTHONPATH} _=/usr/bin/env /usr/bin/python3 setup.py egg_info --egg-base ../../build/chaser_system build --build-base /root/researchv2/build/chaser_system/build install --prefix /root/researchv2/install/chaser_system --record /root/researchv2/build/chaser_system/install.log --single-version-externally-managed
