[0.041s] Invoking command in '/root/researchv2/build/urg_c': CMAKE_PREFIX_PATH=${CMAKE_PREFIX_PATH}:/opt/ros/galactic:/root/openpifpaf_ros2/install/rgbd_openpifpaf_ros2:/root/openpifpaf_ros2/install/pose_checker:/root/openpifpaf_ros2/install/openpifpaf_ros2_node /usr/bin/cmake /root/researchv2/src/urg_c -DCMAKE_INSTALL_PREFIX=/root/researchv2/install/urg_c
[0.121s] -- The C compiler identification is GNU 9.4.0
[0.205s] -- The CXX compiler identification is GNU 9.4.0
[0.213s] -- Check for working C compiler: /usr/bin/cc
[0.305s] -- Check for working C compiler: /usr/bin/cc -- works
[0.306s] -- Detecting C compiler ABI info
[0.401s] -- Detecting C compiler ABI info - done
[0.423s] -- Detecting C compile features
[0.424s] -- Detecting C compile features - done
[0.428s] -- Check for working CXX compiler: /usr/bin/c++
[0.539s] -- Check for working CXX compiler: /usr/bin/c++ -- works
[0.542s] -- Detecting CXX compiler ABI info
[0.653s] -- Detecting CXX compiler ABI info - done
[0.678s] -- Detecting CXX compile features
[0.678s] -- Detecting CXX compile features - done
[0.683s] -- Found ament_cmake: 1.1.6 (/opt/ros/galactic/share/ament_cmake/cmake)
[0.725s] -- Found PythonInterp: /usr/bin/python3 (found suitable version "3.8.10", minimum required is "3") 
[0.725s] -- Using PYTHON_EXECUTABLE: /usr/bin/python3
[0.991s] -- Configuring done
[1.025s] -- Generating done
[1.029s] -- Build files have been written to: /root/researchv2/build/urg_c
[1.408s] Invoked command in '/root/researchv2/build/urg_c' returned '0': CMAKE_PREFIX_PATH=${CMAKE_PREFIX_PATH}:/opt/ros/galactic:/root/openpifpaf_ros2/install/rgbd_openpifpaf_ros2:/root/openpifpaf_ros2/install/pose_checker:/root/openpifpaf_ros2/install/openpifpaf_ros2_node /usr/bin/cmake /root/researchv2/src/urg_c -DCMAKE_INSTALL_PREFIX=/root/researchv2/install/urg_c
[1.412s] Invoking command in '/root/researchv2/build/urg_c': CMAKE_PREFIX_PATH=${CMAKE_PREFIX_PATH}:/opt/ros/galactic:/root/openpifpaf_ros2/install/rgbd_openpifpaf_ros2:/root/openpifpaf_ros2/install/pose_checker:/root/openpifpaf_ros2/install/openpifpaf_ros2_node /usr/bin/cmake --build /root/researchv2/build/urg_c -- -j12 -l12
[1.469s] [35m[1mScanning dependencies of target urg_c[0m
[1.491s] [  2%] [32mBuilding C object CMakeFiles/urg_c.dir/current/src/urg_sensor.c.o[0m
[1.492s] [  5%] [32mBuilding C object CMakeFiles/urg_c.dir/current/src/urg_utils.c.o[0m
[1.496s] [  8%] [32mBuilding C object CMakeFiles/urg_c.dir/current/src/urg_serial.c.o[0m
[1.498s] [ 11%] [32mBuilding C object CMakeFiles/urg_c.dir/current/src/urg_connection.c.o[0m
[1.500s] [ 14%] [32mBuilding C object CMakeFiles/urg_c.dir/current/src/urg_tcpclient.c.o[0m
[1.504s] [ 17%] [32mBuilding C object CMakeFiles/urg_c.dir/current/src/urg_serial_utils.c.o[0m
[1.507s] [ 20%] [32mBuilding C object CMakeFiles/urg_c.dir/current/src/urg_ring_buffer.c.o[0m
[1.515s] [ 23%] [32mBuilding C object CMakeFiles/urg_c.dir/current/src/urg_debug.c.o[0m
[1.528s] [ 26%] [32mBuilding C object CMakeFiles/urg_c.dir/current/src/urg_time.c.o[0m
[1.671s] [ 29%] [32m[1mLinking C shared library liburg_c.so[0m
[1.728s] [ 29%] Built target urg_c
[1.742s] [35m[1mScanning dependencies of target open_urg_sensor[0m
[1.758s] [ 32%] [32mBuilding C object CMakeFiles/open_urg_sensor.dir/current/samples/open_urg_sensor.c.o[0m
[1.813s] [ 35%] [32m[1mLinking C static library libopen_urg_sensor.a[0m
[1.854s] [ 35%] Built target open_urg_sensor
[1.872s] [35m[1mScanning dependencies of target timeout_test[0m
[1.872s] [35m[1mScanning dependencies of target get_distance_intensity[0m
[1.872s] [35m[1mScanning dependencies of target get_distance[0m
[1.872s] [35m[1mScanning dependencies of target angle_convert_test[0m
[1.872s] [35m[1mScanning dependencies of target sensor_parameter[0m
[1.875s] [35m[1mScanning dependencies of target calculate_xy[0m
[1.888s] [35m[1mScanning dependencies of target get_multiecho[0m
[1.889s] [35m[1mScanning dependencies of target sync_time_stamp[0m
[1.890s] [35m[1mScanning dependencies of target get_multiecho_intensity[0m
[1.893s] [ 38%] [32mBuilding C object CMakeFiles/timeout_test.dir/current/samples/timeout_test.c.o[0m
[1.900s] [ 41%] [32mBuilding C object CMakeFiles/get_distance_intensity.dir/current/samples/get_distance_intensity.c.o[0m
[1.900s] [35m[1mScanning dependencies of target find_port[0m
[1.900s] [ 44%] [32mBuilding C object CMakeFiles/sensor_parameter.dir/current/samples/sensor_parameter.c.o[0m
[1.912s] [ 47%] [32mBuilding C object CMakeFiles/get_distance.dir/current/samples/get_distance.c.o[0m
[1.918s] [ 50%] [32mBuilding C object CMakeFiles/sync_time_stamp.dir/current/samples/sync_time_stamp.c.o[0m
[1.921s] [ 52%] [32mBuilding C object CMakeFiles/get_multiecho.dir/current/samples/get_multiecho.c.o[0m
[1.924s] [ 55%] [32mBuilding C object CMakeFiles/get_multiecho_intensity.dir/current/samples/get_multiecho_intensity.c.o[0m
[1.927s] [35m[1mScanning dependencies of target reboot_test[0m
[1.938s] [ 58%] [32mBuilding C object CMakeFiles/angle_convert_test.dir/current/samples/angle_convert_test.c.o[0m
[1.939s] [ 61%] [32mBuilding C object CMakeFiles/calculate_xy.dir/current/samples/calculate_xy.c.o[0m
[1.951s] [ 64%] [32mBuilding C object CMakeFiles/reboot_test.dir/current/samples/reboot_test.c.o[0m
[1.957s] [ 67%] [32mBuilding C object CMakeFiles/find_port.dir/current/samples/find_port.c.o[0m
[1.991s] [ 70%] [32m[1mLinking C executable get_distance_intensity[0m
[1.998s] [ 73%] [32m[1mLinking C executable timeout_test[0m
[2.006s] [ 76%] [32m[1mLinking C executable sensor_parameter[0m
[2.012s] [ 79%] [32m[1mLinking C executable find_port[0m
[2.020s] [ 82%] [32m[1mLinking C executable get_distance[0m
[2.024s] [ 85%] [32m[1mLinking C executable angle_convert_test[0m
[2.025s] [ 88%] [32m[1mLinking C executable get_multiecho_intensity[0m
[2.037s] [ 91%] [32m[1mLinking C executable reboot_test[0m
[2.042s] [ 94%] [32m[1mLinking C executable get_multiecho[0m
[2.049s] [ 97%] [32m[1mLinking C executable sync_time_stamp[0m
[2.053s] [100%] [32m[1mLinking C executable calculate_xy[0m
[2.080s] [100%] Built target get_distance_intensity
[2.102s] [100%] Built target find_port
[2.115s] [100%] Built target get_distance
[2.125s] [100%] Built target sensor_parameter
[2.134s] [100%] Built target timeout_test
[2.135s] [100%] Built target angle_convert_test
[2.138s] [100%] Built target get_multiecho_intensity
[2.150s] [100%] Built target get_multiecho
[2.150s] [100%] Built target reboot_test
[2.154s] [100%] Built target sync_time_stamp
[2.161s] [100%] Built target calculate_xy
[2.179s] Invoked command in '/root/researchv2/build/urg_c' returned '0': CMAKE_PREFIX_PATH=${CMAKE_PREFIX_PATH}:/opt/ros/galactic:/root/openpifpaf_ros2/install/rgbd_openpifpaf_ros2:/root/openpifpaf_ros2/install/pose_checker:/root/openpifpaf_ros2/install/openpifpaf_ros2_node /usr/bin/cmake --build /root/researchv2/build/urg_c -- -j12 -l12
[2.293s] Invoking command in '/root/researchv2/build/urg_c': CMAKE_PREFIX_PATH=${CMAKE_PREFIX_PATH}:/opt/ros/galactic:/root/openpifpaf_ros2/install/rgbd_openpifpaf_ros2:/root/openpifpaf_ros2/install/pose_checker:/root/openpifpaf_ros2/install/openpifpaf_ros2_node /usr/bin/cmake --install /root/researchv2/build/urg_c
[2.309s] -- Install configuration: ""
[2.309s] -- Installing: /root/researchv2/install/urg_c/lib/liburg_c.so
[2.309s] -- Installing: /root/researchv2/install/urg_c/lib/libopen_urg_sensor.a
[2.310s] -- Installing: /root/researchv2/install/urg_c/bin/angle_convert_test
[2.310s] -- Set runtime path of "/root/researchv2/install/urg_c/bin/angle_convert_test" to ""
[2.310s] -- Installing: /root/researchv2/install/urg_c/bin/calculate_xy
[2.311s] -- Set runtime path of "/root/researchv2/install/urg_c/bin/calculate_xy" to ""
[2.311s] -- Installing: /root/researchv2/install/urg_c/bin/find_port
[2.312s] -- Set runtime path of "/root/researchv2/install/urg_c/bin/find_port" to ""
[2.312s] -- Installing: /root/researchv2/install/urg_c/bin/get_distance
[2.313s] -- Set runtime path of "/root/researchv2/install/urg_c/bin/get_distance" to ""
[2.313s] -- Installing: /root/researchv2/install/urg_c/bin/get_distance_intensity
[2.314s] -- Set runtime path of "/root/researchv2/install/urg_c/bin/get_distance_intensity" to ""
[2.314s] -- Installing: /root/researchv2/install/urg_c/bin/get_multiecho
[2.315s] -- Set runtime path of "/root/researchv2/install/urg_c/bin/get_multiecho" to ""
[2.315s] -- Installing: /root/researchv2/install/urg_c/bin/get_multiecho_intensity
[2.316s] -- Set runtime path of "/root/researchv2/install/urg_c/bin/get_multiecho_intensity" to ""
[2.316s] -- Installing: /root/researchv2/install/urg_c/bin/reboot_test
[2.317s] -- Set runtime path of "/root/researchv2/install/urg_c/bin/reboot_test" to ""
[2.317s] -- Installing: /root/researchv2/install/urg_c/bin/sensor_parameter
[2.318s] -- Set runtime path of "/root/researchv2/install/urg_c/bin/sensor_parameter" to ""
[2.318s] -- Installing: /root/researchv2/install/urg_c/bin/sync_time_stamp
[2.319s] -- Set runtime path of "/root/researchv2/install/urg_c/bin/sync_time_stamp" to ""
[2.319s] -- Installing: /root/researchv2/install/urg_c/bin/timeout_test
[2.320s] -- Set runtime path of "/root/researchv2/install/urg_c/bin/timeout_test" to ""
[2.320s] -- Installing: /root/researchv2/install/urg_c/include
[2.320s] -- Installing: /root/researchv2/install/urg_c/include/urg_c
[2.320s] -- Installing: /root/researchv2/install/urg_c/include/urg_c/urg_detect_os.h
[2.321s] -- Installing: /root/researchv2/install/urg_c/include/urg_c/urg_debug.h
[2.321s] -- Installing: /root/researchv2/install/urg_c/include/urg_c/urg_serial.h
[2.321s] -- Installing: /root/researchv2/install/urg_c/include/urg_c/urg_time.h
[2.321s] -- Installing: /root/researchv2/install/urg_c/include/urg_c/urg_sensor.h
[2.321s] -- Installing: /root/researchv2/install/urg_c/include/urg_c/urg_utils.h
[2.322s] -- Installing: /root/researchv2/install/urg_c/include/urg_c/urg_errno.h
[2.322s] -- Installing: /root/researchv2/install/urg_c/include/urg_c/urg_serial_utils.h
[2.322s] -- Installing: /root/researchv2/install/urg_c/include/urg_c/urg_tcpclient.h
[2.322s] -- Installing: /root/researchv2/install/urg_c/include/urg_c/urg_connection.h
[2.322s] -- Installing: /root/researchv2/install/urg_c/include/urg_c/urg_ring_buffer.h
[2.323s] -- Installing: /root/researchv2/install/urg_c/share/urg_c/environment/library_path.sh
[2.323s] -- Installing: /root/researchv2/install/urg_c/share/urg_c/environment/library_path.dsv
[2.324s] -- Installing: /root/researchv2/install/urg_c/share/ament_index/resource_index/package_run_dependencies/urg_c
[2.324s] -- Installing: /root/researchv2/install/urg_c/share/ament_index/resource_index/parent_prefix_path/urg_c
[2.324s] -- Installing: /root/researchv2/install/urg_c/share/urg_c/environment/ament_prefix_path.sh
[2.325s] -- Installing: /root/researchv2/install/urg_c/share/urg_c/environment/ament_prefix_path.dsv
[2.325s] -- Installing: /root/researchv2/install/urg_c/share/urg_c/environment/path.sh
[2.325s] -- Installing: /root/researchv2/install/urg_c/share/urg_c/environment/path.dsv
[2.326s] -- Installing: /root/researchv2/install/urg_c/share/urg_c/local_setup.bash
[2.326s] -- Installing: /root/researchv2/install/urg_c/share/urg_c/local_setup.sh
[2.326s] -- Installing: /root/researchv2/install/urg_c/share/urg_c/local_setup.zsh
[2.327s] -- Installing: /root/researchv2/install/urg_c/share/urg_c/local_setup.dsv
[2.327s] -- Installing: /root/researchv2/install/urg_c/share/urg_c/package.dsv
[2.327s] -- Installing: /root/researchv2/install/urg_c/share/ament_index/resource_index/packages/urg_c
[2.328s] -- Installing: /root/researchv2/install/urg_c/share/urg_c/cmake/ament_cmake_export_include_directories-extras.cmake
[2.328s] -- Installing: /root/researchv2/install/urg_c/share/urg_c/cmake/ament_cmake_export_libraries-extras.cmake
[2.328s] -- Installing: /root/researchv2/install/urg_c/share/urg_c/cmake/urg_cConfig.cmake
[2.328s] -- Installing: /root/researchv2/install/urg_c/share/urg_c/cmake/urg_cConfig-version.cmake
[2.329s] -- Installing: /root/researchv2/install/urg_c/share/urg_c/package.xml
[2.336s] Invoked command in '/root/researchv2/build/urg_c' returned '0': CMAKE_PREFIX_PATH=${CMAKE_PREFIX_PATH}:/opt/ros/galactic:/root/openpifpaf_ros2/install/rgbd_openpifpaf_ros2:/root/openpifpaf_ros2/install/pose_checker:/root/openpifpaf_ros2/install/openpifpaf_ros2_node /usr/bin/cmake --install /root/researchv2/build/urg_c
