-- Found ament_cmake: 1.1.6 (/opt/ros/galactic/share/ament_cmake/cmake)
-- Using PYTHON_EXECUTABLE: /usr/bin/python3
-- Found rclpy: 1.9.3 (/opt/ros/galactic/share/rclpy/cmake)
-- Found ament_lint_auto: 0.10.7 (/opt/ros/galactic/share/ament_lint_auto/cmake)
-- Added test 'xmllint' to check XML markup files
-- Added test 'lint_cmake' to check CMake code style
-- Configuring done
-- Generating done
-- Build files have been written to: /root/researchv2/build/diagnostic_common_diagnostics
Built target ament_cmake_python_copy_diagnostic_common_diagnostics
running egg_info
writing diagnostic_common_diagnostics.egg-info/PKG-INFO
writing dependency_links to diagnostic_common_diagnostics.egg-info/dependency_links.txt
writing top-level names to diagnostic_common_diagnostics.egg-info/top_level.txt
reading manifest file 'diagnostic_common_diagnostics.egg-info/SOURCES.txt'
writing manifest file 'diagnostic_common_diagnostics.egg-info/SOURCES.txt'
Built target ament_cmake_python_build_diagnostic_common_diagnostics_egg
-- Install configuration: ""
-- Up-to-date: /root/researchv2/install/diagnostic_common_diagnostics/share/diagnostic_common_diagnostics/environment/pythonpath.sh
-- Installing: /root/researchv2/install/diagnostic_common_diagnostics/share/diagnostic_common_diagnostics/environment/pythonpath.dsv
-- Up-to-date: /root/researchv2/install/diagnostic_common_diagnostics/lib/python3.8/site-packages//diagnostic_common_diagnostics.egg-info
-- Installing: /root/researchv2/install/diagnostic_common_diagnostics/lib/python3.8/site-packages//diagnostic_common_diagnostics.egg-info/PKG-INFO
-- Installing: /root/researchv2/install/diagnostic_common_diagnostics/lib/python3.8/site-packages//diagnostic_common_diagnostics.egg-info/top_level.txt
-- Installing: /root/researchv2/install/diagnostic_common_diagnostics/lib/python3.8/site-packages//diagnostic_common_diagnostics.egg-info/SOURCES.txt
-- Installing: /root/researchv2/install/diagnostic_common_diagnostics/lib/python3.8/site-packages//diagnostic_common_diagnostics.egg-info/dependency_links.txt
-- Up-to-date: /root/researchv2/install/diagnostic_common_diagnostics/lib/python3.8/site-packages/diagnostic_common_diagnostics
-- Installing: /root/researchv2/install/diagnostic_common_diagnostics/lib/python3.8/site-packages/diagnostic_common_diagnostics/__init__.py
-- Installing: /root/researchv2/install/diagnostic_common_diagnostics/lib/python3.8/site-packages/diagnostic_common_diagnostics/ntp_monitor.py
Listing '/root/researchv2/install/diagnostic_common_diagnostics/lib/python3.8/site-packages/diagnostic_common_diagnostics'...
Compiling '/root/researchv2/install/diagnostic_common_diagnostics/lib/python3.8/site-packages/diagnostic_common_diagnostics/__init__.py'...
Compiling '/root/researchv2/install/diagnostic_common_diagnostics/lib/python3.8/site-packages/diagnostic_common_diagnostics/ntp_monitor.py'...
-- Installing: /root/researchv2/install/diagnostic_common_diagnostics/lib/diagnostic_common_diagnostics/ntp_monitor.py
-- Up-to-date: /root/researchv2/install/diagnostic_common_diagnostics/share/ament_index/resource_index/package_run_dependencies/diagnostic_common_diagnostics
-- Up-to-date: /root/researchv2/install/diagnostic_common_diagnostics/share/ament_index/resource_index/parent_prefix_path/diagnostic_common_diagnostics
-- Up-to-date: /root/researchv2/install/diagnostic_common_diagnostics/share/diagnostic_common_diagnostics/environment/ament_prefix_path.sh
-- Installing: /root/researchv2/install/diagnostic_common_diagnostics/share/diagnostic_common_diagnostics/environment/ament_prefix_path.dsv
-- Up-to-date: /root/researchv2/install/diagnostic_common_diagnostics/share/diagnostic_common_diagnostics/environment/path.sh
-- Installing: /root/researchv2/install/diagnostic_common_diagnostics/share/diagnostic_common_diagnostics/environment/path.dsv
-- Up-to-date: /root/researchv2/install/diagnostic_common_diagnostics/share/diagnostic_common_diagnostics/local_setup.bash
-- Up-to-date: /root/researchv2/install/diagnostic_common_diagnostics/share/diagnostic_common_diagnostics/local_setup.sh
-- Up-to-date: /root/researchv2/install/diagnostic_common_diagnostics/share/diagnostic_common_diagnostics/local_setup.zsh
-- Installing: /root/researchv2/install/diagnostic_common_diagnostics/share/diagnostic_common_diagnostics/local_setup.dsv
-- Installing: /root/researchv2/install/diagnostic_common_diagnostics/share/diagnostic_common_diagnostics/package.dsv
-- Up-to-date: /root/researchv2/install/diagnostic_common_diagnostics/share/ament_index/resource_index/packages/diagnostic_common_diagnostics
-- Up-to-date: /root/researchv2/install/diagnostic_common_diagnostics/share/diagnostic_common_diagnostics/cmake/diagnostic_common_diagnosticsConfig.cmake
-- Up-to-date: /root/researchv2/install/diagnostic_common_diagnostics/share/diagnostic_common_diagnostics/cmake/diagnostic_common_diagnosticsConfig-version.cmake
-- Installing: /root/researchv2/install/diagnostic_common_diagnostics/share/diagnostic_common_diagnostics/package.xml
