[0.058s] Invoking command in '/root/researchv2/build/laser_proc': CMAKE_PREFIX_PATH=${CMAKE_PREFIX_PATH}:/opt/ros/galactic:/root/openpifpaf_ros2/install/rgbd_openpifpaf_ros2:/root/openpifpaf_ros2/install/pose_checker:/root/openpifpaf_ros2/install/openpifpaf_ros2_node /usr/bin/cmake /root/researchv2/src/laser_proc -DCMAKE_INSTALL_PREFIX=/root/researchv2/install/laser_proc
[0.125s] -- The C compiler identification is GNU 9.4.0
[0.248s] -- The CXX compiler identification is GNU 9.4.0
[0.257s] -- Check for working C compiler: /usr/bin/cc
[0.335s] -- Check for working C compiler: /usr/bin/cc -- works
[0.336s] -- Detecting C compiler ABI info
[0.436s] -- Detecting C compiler ABI info - done
[0.463s] -- Detecting C compile features
[0.464s] -- Detecting C compile features - done
[0.467s] -- Check for working CXX compiler: /usr/bin/c++
[0.580s] -- Check for working CXX compiler: /usr/bin/c++ -- works
[0.580s] -- Detecting CXX compiler ABI info
[0.685s] -- Detecting CXX compiler ABI info - done
[0.721s] -- Detecting CXX compile features
[0.722s] -- Detecting CXX compile features - done
[0.733s] -- Found ament_cmake: 1.1.6 (/opt/ros/galactic/share/ament_cmake/cmake)
[0.760s] -- Found PythonInterp: /usr/bin/python3 (found suitable version "3.8.10", minimum required is "3") 
[0.761s] -- Using PYTHON_EXECUTABLE: /usr/bin/python3
[0.865s] -- Found class_loader: 2.1.2 (/opt/ros/galactic/share/class_loader/cmake)
[0.897s] -- Found rclcpp: 9.2.2 (/opt/ros/galactic/share/rclcpp/cmake)
[0.946s] -- Using all available rosidl_typesupport_c: rosidl_typesupport_fastrtps_c;rosidl_typesupport_introspection_c
[0.957s] -- Found rosidl_adapter: 2.2.3 (/opt/ros/galactic/share/rosidl_adapter/cmake)
[1.102s] -- Found OpenSSL: /usr/lib/x86_64-linux-gnu/libcrypto.so (found version "1.1.1f")  
[1.169s] -- Found FastRTPS: /opt/ros/galactic/include  
[1.330s] -- Using all available rosidl_typesupport_cpp: rosidl_typesupport_fastrtps_cpp;rosidl_typesupport_introspection_cpp
[1.461s] -- Found rmw_implementation_cmake: 3.3.1 (/opt/ros/galactic/share/rmw_implementation_cmake/cmake)
[1.469s] -- Found rmw_cyclonedds_cpp: 0.22.6 (/opt/ros/galactic/share/rmw_cyclonedds_cpp/cmake)
[1.508s] -- Using RMW implementation 'rmw_cyclonedds_cpp' as default
[1.510s] -- Looking for pthread.h
[1.611s] -- Looking for pthread.h - found
[1.611s] -- Performing Test CMAKE_HAVE_LIBC_PTHREAD
[1.715s] -- Performing Test CMAKE_HAVE_LIBC_PTHREAD - Failed
[1.715s] -- Looking for pthread_create in pthreads
[1.796s] -- Looking for pthread_create in pthreads - not found
[1.797s] -- Looking for pthread_create in pthread
[1.895s] -- Looking for pthread_create in pthread - found
[1.896s] -- Found Threads: TRUE  
[2.203s] -- Found rclcpp_components: 9.2.2 (/opt/ros/galactic/share/rclcpp_components/cmake)
[2.315s] -- Found sensor_msgs: 2.2.4 (/opt/ros/galactic/share/sensor_msgs/cmake)
[2.512s] -- Found ament_lint_auto: 0.10.7 (/opt/ros/galactic/share/ament_lint_auto/cmake)
[2.642s] -- Added test 'cppcheck' to perform static code analysis on C / C++ code
[2.643s] -- Configured cppcheck include dirs: $<BUILD_INTERFACE:/root/researchv2/src/laser_proc/include>
[2.643s] -- Configured cppcheck exclude dirs and/or files: 
[2.649s] -- Added test 'cpplint' to check C / C++ code against the Google style
[2.649s] -- Configured cpplint exclude dirs and/or files: 
[2.651s] -- Added test 'lint_cmake' to check CMake code style
[2.658s] -- Added test 'uncrustify' to check C / C++ code style
[2.658s] -- Configured uncrustify additional arguments: 
[2.660s] -- Added test 'xmllint' to check XML markup files
[2.671s] -- Configuring done
[2.702s] -- Generating done
[2.706s] -- Build files have been written to: /root/researchv2/build/laser_proc
[2.716s] Invoked command in '/root/researchv2/build/laser_proc' returned '0': CMAKE_PREFIX_PATH=${CMAKE_PREFIX_PATH}:/opt/ros/galactic:/root/openpifpaf_ros2/install/rgbd_openpifpaf_ros2:/root/openpifpaf_ros2/install/pose_checker:/root/openpifpaf_ros2/install/openpifpaf_ros2_node /usr/bin/cmake /root/researchv2/src/laser_proc -DCMAKE_INSTALL_PREFIX=/root/researchv2/install/laser_proc
[2.719s] Invoking command in '/root/researchv2/build/laser_proc': CMAKE_PREFIX_PATH=${CMAKE_PREFIX_PATH}:/opt/ros/galactic:/root/openpifpaf_ros2/install/rgbd_openpifpaf_ros2:/root/openpifpaf_ros2/install/pose_checker:/root/openpifpaf_ros2/install/openpifpaf_ros2_node /usr/bin/cmake --build /root/researchv2/build/laser_proc -- -j12 -l12
[2.786s] [35m[1mScanning dependencies of target laser_proc_node[0m
[2.787s] [35m[1mScanning dependencies of target laser_proc[0m
[2.866s] [ 14%] [32mBuilding CXX object CMakeFiles/laser_proc.dir/src/laser_proc.cpp.o[0m
[2.867s] [ 28%] [32mBuilding CXX object CMakeFiles/laser_proc_node.dir/rclcpp_components/node_main_laser_proc_node.cpp.o[0m
[2.872s] [ 42%] [32mBuilding CXX object CMakeFiles/laser_proc.dir/src/laser_publisher.cpp.o[0m
[6.550s] [ 57%] [32m[1mLinking CXX executable laser_proc_node[0m
[6.774s] [ 57%] Built target laser_proc_node
[7.345s] [ 71%] [32m[1mLinking CXX shared library liblaser_proc.so[0m
[7.613s] [ 71%] Built target laser_proc
[7.632s] [35m[1mScanning dependencies of target laser_proc_component[0m
[7.701s] [ 85%] [32mBuilding CXX object CMakeFiles/laser_proc_component.dir/src/laser_proc_component.cpp.o[0m
[15.036s] [100%] [32m[1mLinking CXX shared library liblaser_proc_component.so[0m
[15.582s] [100%] Built target laser_proc_component
[15.635s] Invoked command in '/root/researchv2/build/laser_proc' returned '0': CMAKE_PREFIX_PATH=${CMAKE_PREFIX_PATH}:/opt/ros/galactic:/root/openpifpaf_ros2/install/rgbd_openpifpaf_ros2:/root/openpifpaf_ros2/install/pose_checker:/root/openpifpaf_ros2/install/openpifpaf_ros2_node /usr/bin/cmake --build /root/researchv2/build/laser_proc -- -j12 -l12
[15.736s] Invoking command in '/root/researchv2/build/laser_proc': CMAKE_PREFIX_PATH=${CMAKE_PREFIX_PATH}:/opt/ros/galactic:/root/openpifpaf_ros2/install/rgbd_openpifpaf_ros2:/root/openpifpaf_ros2/install/pose_checker:/root/openpifpaf_ros2/install/openpifpaf_ros2_node /usr/bin/cmake --install /root/researchv2/build/laser_proc
[15.754s] -- Install configuration: ""
[15.755s] -- Installing: /root/researchv2/install/laser_proc/lib/laser_proc/laser_proc_node
[15.757s] -- Set runtime path of "/root/researchv2/install/laser_proc/lib/laser_proc/laser_proc_node" to ""
[15.757s] -- Installing: /root/researchv2/install/laser_proc/lib/liblaser_proc.so
[15.772s] -- Set runtime path of "/root/researchv2/install/laser_proc/lib/liblaser_proc.so" to ""
[15.773s] -- Installing: /root/researchv2/install/laser_proc/lib/liblaser_proc_component.so
[15.785s] -- Set runtime path of "/root/researchv2/install/laser_proc/lib/liblaser_proc_component.so" to ""
[15.786s] -- Installing: /root/researchv2/install/laser_proc/include
[15.786s] -- Installing: /root/researchv2/install/laser_proc/include/laser_proc
[15.787s] -- Installing: /root/researchv2/install/laser_proc/include/laser_proc/visibility_control.hpp
[15.787s] -- Installing: /root/researchv2/install/laser_proc/include/laser_proc/laser_proc.hpp
[15.788s] -- Installing: /root/researchv2/install/laser_proc/include/laser_proc/laser_proc_component.hpp
[15.788s] -- Installing: /root/researchv2/install/laser_proc/include/laser_proc/laser_publisher.hpp
[15.789s] -- Installing: /root/researchv2/install/laser_proc/share/laser_proc/environment/library_path.sh
[15.790s] -- Installing: /root/researchv2/install/laser_proc/share/laser_proc/environment/library_path.dsv
[15.791s] -- Installing: /root/researchv2/install/laser_proc/share/ament_index/resource_index/package_run_dependencies/laser_proc
[15.792s] -- Installing: /root/researchv2/install/laser_proc/share/ament_index/resource_index/parent_prefix_path/laser_proc
[15.793s] -- Installing: /root/researchv2/install/laser_proc/share/laser_proc/environment/ament_prefix_path.sh
[15.793s] -- Installing: /root/researchv2/install/laser_proc/share/laser_proc/environment/ament_prefix_path.dsv
[15.794s] -- Installing: /root/researchv2/install/laser_proc/share/laser_proc/environment/path.sh
[15.795s] -- Installing: /root/researchv2/install/laser_proc/share/laser_proc/environment/path.dsv
[15.796s] -- Installing: /root/researchv2/install/laser_proc/share/laser_proc/local_setup.bash
[15.797s] -- Installing: /root/researchv2/install/laser_proc/share/laser_proc/local_setup.sh
[15.798s] -- Installing: /root/researchv2/install/laser_proc/share/laser_proc/local_setup.zsh
[15.799s] -- Installing: /root/researchv2/install/laser_proc/share/laser_proc/local_setup.dsv
[15.799s] -- Installing: /root/researchv2/install/laser_proc/share/laser_proc/package.dsv
[15.800s] -- Installing: /root/researchv2/install/laser_proc/share/ament_index/resource_index/packages/laser_proc
[15.801s] -- Installing: /root/researchv2/install/laser_proc/share/ament_index/resource_index/rclcpp_components/laser_proc
[15.802s] -- Installing: /root/researchv2/install/laser_proc/share/laser_proc/cmake/ament_cmake_export_dependencies-extras.cmake
[15.803s] -- Installing: /root/researchv2/install/laser_proc/share/laser_proc/cmake/ament_cmake_export_include_directories-extras.cmake
[15.804s] -- Installing: /root/researchv2/install/laser_proc/share/laser_proc/cmake/ament_cmake_export_libraries-extras.cmake
[15.805s] -- Installing: /root/researchv2/install/laser_proc/share/laser_proc/cmake/laser_procConfig.cmake
[15.806s] -- Installing: /root/researchv2/install/laser_proc/share/laser_proc/cmake/laser_procConfig-version.cmake
[15.807s] -- Installing: /root/researchv2/install/laser_proc/share/laser_proc/package.xml
[15.817s] Invoked command in '/root/researchv2/build/laser_proc' returned '0': CMAKE_PREFIX_PATH=${CMAKE_PREFIX_PATH}:/opt/ros/galactic:/root/openpifpaf_ros2/install/rgbd_openpifpaf_ros2:/root/openpifpaf_ros2/install/pose_checker:/root/openpifpaf_ros2/install/openpifpaf_ros2_node /usr/bin/cmake --install /root/researchv2/build/laser_proc
