Performing C SOURCE FILE Test CMAKE_HAVE_LIBC_PTHREAD failed with the following output:
Change Dir: /root/researchv2/build/slam_toolbox/CMakeFiles/CMakeTmp

Run Build Command(s):/usr/bin/make cmTC_b8f27/fast && /usr/bin/make -f CMakeFiles/cmTC_b8f27.dir/build.make CMakeFiles/cmTC_b8f27.dir/build
make[1]: Entering directory '/root/researchv2/build/slam_toolbox/CMakeFiles/CMakeTmp'
Building C object CMakeFiles/cmTC_b8f27.dir/src.c.o
/usr/bin/cc   -DCMAKE_HAVE_LIBC_PTHREAD   -o CMakeFiles/cmTC_b8f27.dir/src.c.o   -c /root/researchv2/build/slam_toolbox/CMakeFiles/CMakeTmp/src.c
Linking C executable cmTC_b8f27
/usr/bin/cmake -E cmake_link_script CMakeFiles/cmTC_b8f27.dir/link.txt --verbose=1
/usr/bin/cc  -DCMAKE_HAVE_LIBC_PTHREAD    CMakeFiles/cmTC_b8f27.dir/src.c.o  -o cmTC_b8f27 
/usr/bin/ld: CMakeFiles/cmTC_b8f27.dir/src.c.o: in function `main':
src.c:(.text+0x46): undefined reference to `pthread_create'
/usr/bin/ld: src.c:(.text+0x52): undefined reference to `pthread_detach'
/usr/bin/ld: src.c:(.text+0x63): undefined reference to `pthread_join'
collect2: error: ld returned 1 exit status
make[1]: *** [CMakeFiles/cmTC_b8f27.dir/build.make:87: cmTC_b8f27] Error 1
make[1]: Leaving directory '/root/researchv2/build/slam_toolbox/CMakeFiles/CMakeTmp'
make: *** [Makefile:121: cmTC_b8f27/fast] Error 2


Source file was:
#include <pthread.h>

void* test_func(void* data)
{
  return data;
}

int main(void)
{
  pthread_t thread;
  pthread_create(&thread, NULL, test_func, NULL);
  pthread_detach(thread);
  pthread_join(thread, NULL);
  pthread_atfork(NULL, NULL, NULL);
  pthread_exit(NULL);

  return 0;
}

Determining if the function pthread_create exists in the pthreads failed with the following output:
Change Dir: /root/researchv2/build/slam_toolbox/CMakeFiles/CMakeTmp

Run Build Command(s):/usr/bin/make cmTC_7a889/fast && /usr/bin/make -f CMakeFiles/cmTC_7a889.dir/build.make CMakeFiles/cmTC_7a889.dir/build
make[1]: Entering directory '/root/researchv2/build/slam_toolbox/CMakeFiles/CMakeTmp'
Building C object CMakeFiles/cmTC_7a889.dir/CheckFunctionExists.c.o
/usr/bin/cc   -DCHECK_FUNCTION_EXISTS=pthread_create   -o CMakeFiles/cmTC_7a889.dir/CheckFunctionExists.c.o   -c /usr/share/cmake-3.16/Modules/CheckFunctionExists.c
Linking C executable cmTC_7a889
/usr/bin/cmake -E cmake_link_script CMakeFiles/cmTC_7a889.dir/link.txt --verbose=1
/usr/bin/cc  -DCHECK_FUNCTION_EXISTS=pthread_create    CMakeFiles/cmTC_7a889.dir/CheckFunctionExists.c.o  -o cmTC_7a889  -lpthreads 
/usr/bin/ld: cannot find -lpthreads
collect2: error: ld returned 1 exit status
make[1]: *** [CMakeFiles/cmTC_7a889.dir/build.make:87: cmTC_7a889] Error 1
make[1]: Leaving directory '/root/researchv2/build/slam_toolbox/CMakeFiles/CMakeTmp'
make: *** [Makefile:121: cmTC_7a889/fast] Error 2



Determining if the function sgemm_ exists failed with the following output:
Change Dir: /root/researchv2/build/slam_toolbox/CMakeFiles/CMakeTmp

Run Build Command(s):/usr/bin/make cmTC_fd258/fast && /usr/bin/make -f CMakeFiles/cmTC_fd258.dir/build.make CMakeFiles/cmTC_fd258.dir/build
make[1]: Entering directory '/root/researchv2/build/slam_toolbox/CMakeFiles/CMakeTmp'
Building C object CMakeFiles/cmTC_fd258.dir/CheckFunctionExists.c.o
/usr/bin/cc   -DCHECK_FUNCTION_EXISTS=sgemm_   -o CMakeFiles/cmTC_fd258.dir/CheckFunctionExists.c.o   -c /usr/share/cmake-3.16/Modules/CheckFunctionExists.c
Linking C executable cmTC_fd258
/usr/bin/cmake -E cmake_link_script CMakeFiles/cmTC_fd258.dir/link.txt --verbose=1
/usr/bin/cc  -DCHECK_FUNCTION_EXISTS=sgemm_    CMakeFiles/cmTC_fd258.dir/CheckFunctionExists.c.o  -o cmTC_fd258 
/usr/bin/ld: CMakeFiles/cmTC_fd258.dir/CheckFunctionExists.c.o: in function `main':
CheckFunctionExists.c:(.text+0x14): undefined reference to `sgemm_'
collect2: error: ld returned 1 exit status
make[1]: *** [CMakeFiles/cmTC_fd258.dir/build.make:87: cmTC_fd258] Error 1
make[1]: Leaving directory '/root/researchv2/build/slam_toolbox/CMakeFiles/CMakeTmp'
make: *** [Makefile:121: cmTC_fd258/fast] Error 2



Determining if the function cheev_ exists failed with the following output:
Change Dir: /root/researchv2/build/slam_toolbox/CMakeFiles/CMakeTmp

Run Build Command(s):/usr/bin/make cmTC_e7335/fast && /usr/bin/make -f CMakeFiles/cmTC_e7335.dir/build.make CMakeFiles/cmTC_e7335.dir/build
make[1]: Entering directory '/root/researchv2/build/slam_toolbox/CMakeFiles/CMakeTmp'
Building C object CMakeFiles/cmTC_e7335.dir/CheckFunctionExists.c.o
/usr/bin/cc   -DCHECK_FUNCTION_EXISTS=cheev_   -o CMakeFiles/cmTC_e7335.dir/CheckFunctionExists.c.o   -c /usr/share/cmake-3.16/Modules/CheckFunctionExists.c
Linking C executable cmTC_e7335
/usr/bin/cmake -E cmake_link_script CMakeFiles/cmTC_e7335.dir/link.txt --verbose=1
/usr/bin/cc  -DCHECK_FUNCTION_EXISTS=cheev_    CMakeFiles/cmTC_e7335.dir/CheckFunctionExists.c.o  -o cmTC_e7335  /usr/lib/x86_64-linux-gnu/libblas.so 
/usr/bin/ld: CMakeFiles/cmTC_e7335.dir/CheckFunctionExists.c.o: in function `main':
CheckFunctionExists.c:(.text+0x14): undefined reference to `cheev_'
collect2: error: ld returned 1 exit status
make[1]: *** [CMakeFiles/cmTC_e7335.dir/build.make:88: cmTC_e7335] Error 1
make[1]: Leaving directory '/root/researchv2/build/slam_toolbox/CMakeFiles/CMakeTmp'
make: *** [Makefile:121: cmTC_e7335/fast] Error 2



