[0.112s] Invoking command in '/root/researchv2/build/urg_c': CMAKE_PREFIX_PATH=${CMAKE_PREFIX_PATH}:/root/openpifpaf_ros2/install/rgbd_openpifpaf_ros2:/root/openpifpaf_ros2/install/pose_checker:/root/openpifpaf_ros2/install/openpifpaf_ros2_node:/root/researchv2/install/chaser_system:/opt/ros/galactic /usr/bin/cmake --build /root/researchv2/build/urg_c -- -j12 -l12
[0.276s] [ 29%] Built target urg_c
[0.361s] [ 35%] Built target open_urg_sensor
[0.491s] [ 41%] Built target timeout_test
[0.521s] [ 47%] Built target sync_time_stamp
[0.561s] [ 52%] Built target get_distance_intensity
[0.565s] [ 61%] Built target get_multiecho
[0.567s] [ 64%] Built target get_distance
[0.568s] [ 70%] Built target angle_convert_test
[0.581s] [ 76%] Built target find_port
[0.582s] [ 82%] Built target get_multiecho_intensity
[0.618s] [ 88%] Built target calculate_xy
[0.620s] [ 94%] Built target sensor_parameter
[0.642s] [100%] Built target reboot_test
[0.681s] Invoked command in '/root/researchv2/build/urg_c' returned '0': CMAKE_PREFIX_PATH=${CMAKE_PREFIX_PATH}:/root/openpifpaf_ros2/install/rgbd_openpifpaf_ros2:/root/openpifpaf_ros2/install/pose_checker:/root/openpifpaf_ros2/install/openpifpaf_ros2_node:/root/researchv2/install/chaser_system:/opt/ros/galactic /usr/bin/cmake --build /root/researchv2/build/urg_c -- -j12 -l12
[0.992s] Invoking command in '/root/researchv2/build/urg_c': CMAKE_PREFIX_PATH=${CMAKE_PREFIX_PATH}:/root/openpifpaf_ros2/install/rgbd_openpifpaf_ros2:/root/openpifpaf_ros2/install/pose_checker:/root/openpifpaf_ros2/install/openpifpaf_ros2_node:/root/researchv2/install/chaser_system:/opt/ros/galactic /usr/bin/cmake --install /root/researchv2/build/urg_c
[1.052s] -- Install configuration: ""
[1.052s] -- Up-to-date: /root/researchv2/install/urg_c/lib/liburg_c.so
[1.053s] -- Up-to-date: /root/researchv2/install/urg_c/lib/libopen_urg_sensor.a
[1.053s] -- Up-to-date: /root/researchv2/install/urg_c/bin/angle_convert_test
[1.054s] -- Up-to-date: /root/researchv2/install/urg_c/bin/calculate_xy
[1.055s] -- Up-to-date: /root/researchv2/install/urg_c/bin/find_port
[1.056s] -- Up-to-date: /root/researchv2/install/urg_c/bin/get_distance
[1.058s] -- Up-to-date: /root/researchv2/install/urg_c/bin/get_distance_intensity
[1.060s] -- Up-to-date: /root/researchv2/install/urg_c/bin/get_multiecho
[1.060s] -- Up-to-date: /root/researchv2/install/urg_c/bin/get_multiecho_intensity
[1.062s] -- Up-to-date: /root/researchv2/install/urg_c/bin/reboot_test
[1.063s] -- Up-to-date: /root/researchv2/install/urg_c/bin/sensor_parameter
[1.069s] -- Up-to-date: /root/researchv2/install/urg_c/bin/sync_time_stamp
[1.070s] -- Up-to-date: /root/researchv2/install/urg_c/bin/timeout_test
[1.071s] -- Up-to-date: /root/researchv2/install/urg_c/include
[1.071s] -- Up-to-date: /root/researchv2/install/urg_c/include/urg_c
[1.072s] -- Up-to-date: /root/researchv2/install/urg_c/include/urg_c/urg_tcpclient.h
[1.072s] -- Up-to-date: /root/researchv2/install/urg_c/include/urg_c/urg_time.h
[1.072s] -- Up-to-date: /root/researchv2/install/urg_c/include/urg_c/urg_sensor.h
[1.072s] -- Up-to-date: /root/researchv2/install/urg_c/include/urg_c/urg_ring_buffer.h
[1.072s] -- Up-to-date: /root/researchv2/install/urg_c/include/urg_c/urg_serial_utils.h
[1.073s] -- Up-to-date: /root/researchv2/install/urg_c/include/urg_c/urg_errno.h
[1.073s] -- Up-to-date: /root/researchv2/install/urg_c/include/urg_c/urg_serial.h
[1.073s] -- Up-to-date: /root/researchv2/install/urg_c/include/urg_c/urg_detect_os.h
[1.073s] -- Up-to-date: /root/researchv2/install/urg_c/include/urg_c/urg_utils.h
[1.073s] -- Up-to-date: /root/researchv2/install/urg_c/include/urg_c/urg_debug.h
[1.073s] -- Up-to-date: /root/researchv2/install/urg_c/include/urg_c/urg_connection.h
[1.073s] -- Up-to-date: /root/researchv2/install/urg_c/share/urg_c/environment/library_path.sh
[1.073s] -- Up-to-date: /root/researchv2/install/urg_c/share/urg_c/environment/library_path.dsv
[1.073s] -- Up-to-date: /root/researchv2/install/urg_c/share/ament_index/resource_index/package_run_dependencies/urg_c
[1.074s] -- Up-to-date: /root/researchv2/install/urg_c/share/ament_index/resource_index/parent_prefix_path/urg_c
[1.074s] -- Up-to-date: /root/researchv2/install/urg_c/share/urg_c/environment/ament_prefix_path.sh
[1.074s] -- Up-to-date: /root/researchv2/install/urg_c/share/urg_c/environment/ament_prefix_path.dsv
[1.074s] -- Up-to-date: /root/researchv2/install/urg_c/share/urg_c/environment/path.sh
[1.074s] -- Up-to-date: /root/researchv2/install/urg_c/share/urg_c/environment/path.dsv
[1.074s] -- Up-to-date: /root/researchv2/install/urg_c/share/urg_c/local_setup.bash
[1.074s] -- Up-to-date: /root/researchv2/install/urg_c/share/urg_c/local_setup.sh
[1.074s] -- Up-to-date: /root/researchv2/install/urg_c/share/urg_c/local_setup.zsh
[1.074s] -- Up-to-date: /root/researchv2/install/urg_c/share/urg_c/local_setup.dsv
[1.074s] -- Installing: /root/researchv2/install/urg_c/share/urg_c/package.dsv
[1.075s] -- Up-to-date: /root/researchv2/install/urg_c/share/ament_index/resource_index/packages/urg_c
[1.076s] -- Up-to-date: /root/researchv2/install/urg_c/share/urg_c/cmake/ament_cmake_export_include_directories-extras.cmake
[1.076s] -- Up-to-date: /root/researchv2/install/urg_c/share/urg_c/cmake/ament_cmake_export_libraries-extras.cmake
[1.076s] -- Up-to-date: /root/researchv2/install/urg_c/share/urg_c/cmake/urg_cConfig.cmake
[1.076s] -- Up-to-date: /root/researchv2/install/urg_c/share/urg_c/cmake/urg_cConfig-version.cmake
[1.076s] -- Up-to-date: /root/researchv2/install/urg_c/share/urg_c/package.xml
[1.089s] Invoked command in '/root/researchv2/build/urg_c' returned '0': CMAKE_PREFIX_PATH=${CMAKE_PREFIX_PATH}:/root/openpifpaf_ros2/install/rgbd_openpifpaf_ros2:/root/openpifpaf_ros2/install/pose_checker:/root/openpifpaf_ros2/install/openpifpaf_ros2_node:/root/researchv2/install/chaser_system:/opt/ros/galactic /usr/bin/cmake --install /root/researchv2/build/urg_c
