[0.107s] Invoking command in '/root/researchv2/build/turtlebot3_gazebo': CMAKE_PREFIX_PATH=${CMAKE_PREFIX_PATH}:/root/researchv2/install/chaser_system:/opt/ros/foxy /usr/bin/cmake /root/researchv2/src/turtlebot3_simulations/turtlebot3_gazebo -DCMAKE_INSTALL_PREFIX=/root/researchv2/install/turtlebot3_gazebo
[0.144s] -- Found ament_cmake: 0.9.11 (/opt/ros/foxy/share/ament_cmake/cmake)
[0.226s] -- Using PYTHON_EXECUTABLE: /usr/bin/python3
[0.721s] -- Override CMake install command with custom implementation using symlinks instead of copying resources
[0.966s] -- Found DART: /usr/include (Required is at least version "6.6") found components: dart 
[1.082s] -- Found Protobuf: /usr/lib/x86_64-linux-gnu/libprotobuf.so;-lpthread (found version "3.6.1") 
[1.088s] -- Looking for ignition-math6 -- found version 6.13.0
[1.104s] -- Searching for dependencies of ignition-math6
[1.109s] -- Looking for OGRE...
[1.121s] -- Found Ogre Ghadamon (1.9.0)
[1.122s] -- Found OGRE: optimized;/usr/lib/x86_64-linux-gnu/libOgreMain.so;debug;/usr/lib/x86_64-linux-gnu/libOgreMain.so
[1.143s] -- Looking for OGRE_Paging...
[1.144s] -- Found OGRE_Paging: optimized;/usr/lib/x86_64-linux-gnu/libOgrePaging.so;debug;/usr/lib/x86_64-linux-gnu/libOgrePaging.so
[1.145s] -- Looking for OGRE_Terrain...
[1.145s] -- Found OGRE_Terrain: optimized;/usr/lib/x86_64-linux-gnu/libOgreTerrain.so;debug;/usr/lib/x86_64-linux-gnu/libOgreTerrain.so
[1.145s] -- Looking for OGRE_Property...
[1.145s] -- Found OGRE_Property: optimized;/usr/lib/x86_64-linux-gnu/libOgreProperty.so;debug;/usr/lib/x86_64-linux-gnu/libOgreProperty.so
[1.145s] -- Looking for OGRE_RTShaderSystem...
[1.146s] -- Found OGRE_RTShaderSystem: optimized;/usr/lib/x86_64-linux-gnu/libOgreRTShaderSystem.so;debug;/usr/lib/x86_64-linux-gnu/libOgreRTShaderSystem.so
[1.146s] -- Looking for OGRE_Volume...
[1.146s] -- Found OGRE_Volume: optimized;/usr/lib/x86_64-linux-gnu/libOgreVolume.so;debug;/usr/lib/x86_64-linux-gnu/libOgreVolume.so
[1.146s] -- Looking for OGRE_Overlay...
[1.146s] -- Found OGRE_Overlay: optimized;/usr/lib/x86_64-linux-gnu/libOgreOverlay.so;debug;/usr/lib/x86_64-linux-gnu/libOgreOverlay.so
[1.542s] -- Looking for ignition-math6 -- found version 6.13.0
[1.546s] -- Looking for ignition-transport8 -- found version 8.3.0
[1.547s] -- Searching for dependencies of ignition-transport8
[1.617s] -- Found Protobuf: /usr/lib/x86_64-linux-gnu/libprotobuf.so;-lpthread (found suitable version "3.6.1", minimum required is "3") 
[1.663s] -- Config-file not installed for ZeroMQ -- checking for pkg-config
[1.670s] -- Checking for module 'libzmq >= 4'
[1.713s] --   Found libzmq , version 4.3.2
[1.819s] -- Checking for module 'uuid'
[1.857s] --   Found uuid, version 2.34.0
[1.995s] -- Looking for ignition-msgs5 -- found version 5.10.0
[1.996s] -- Searching for dependencies of ignition-msgs5
[2.052s] -- Looking for ignition-math6 -- found version 6.13.0
[2.064s] -- Checking for module 'tinyxml2'
[2.108s] --   Found tinyxml2, version 6.2.0
[2.255s] -- Looking for ignition-msgs5 -- found version 5.10.0
[2.257s] -- Looking for ignition-common3 -- found version 3.14.2
[2.257s] -- Searching for dependencies of ignition-common3
[2.258s] -- Looking for dlfcn.h - found
[2.258s] -- Looking for libdl - found
[2.279s] -- Searching for <ignition-common3> component [graphics]
[2.282s] -- Looking for ignition-common3-graphics -- found version 3.14.2
[2.283s] -- Searching for dependencies of ignition-common3-graphics
[2.284s] -- Looking for ignition-math6 -- found version 6.13.0
[2.288s] -- Looking for ignition-fuel_tools4 -- found version 4.6.0
[2.289s] -- Searching for dependencies of ignition-fuel_tools4
[2.354s] -- Checking for module 'jsoncpp'
[2.398s] --   Found jsoncpp, version 1.7.4
[2.505s] -- Checking for module 'libzip'
[2.552s] --   Found libzip, version 1.5.1
[2.660s] -- Looking for ignition-common3 -- found version 3.14.2
[2.661s] -- Looking for ignition-math6 -- found version 6.13.0
[2.661s] -- Looking for ignition-msgs5 -- found version 5.10.0
[2.673s] -- Found gazebo_ros_pkgs: 3.5.3 (/opt/ros/foxy/share/gazebo_ros_pkgs/cmake)
[2.673s] -- Found geometry_msgs: 2.0.5 (/opt/ros/foxy/share/geometry_msgs/cmake)
[2.707s] -- Using all available rosidl_typesupport_c: rosidl_typesupport_fastrtps_c;rosidl_typesupport_introspection_c
[2.714s] -- Found rosidl_adapter: 1.3.0 (/opt/ros/foxy/share/rosidl_adapter/cmake)
[3.057s] -- Using all available rosidl_typesupport_cpp: rosidl_typesupport_fastrtps_cpp;rosidl_typesupport_introspection_cpp
[3.258s] -- Found nav_msgs: 2.0.5 (/opt/ros/foxy/share/nav_msgs/cmake)
[3.448s] -- Found rclcpp: 2.4.2 (/opt/ros/foxy/share/rclcpp/cmake)
[3.548s] -- Found rmw_implementation_cmake: 1.0.3 (/opt/ros/foxy/share/rmw_implementation_cmake/cmake)
[3.554s] -- Using RMW implementation 'rmw_fastrtps_cpp' as default
[3.890s] -- Found sensor_msgs: 2.0.5 (/opt/ros/foxy/share/sensor_msgs/cmake)
[4.077s] -- Found tf2: 0.13.13 (/opt/ros/foxy/share/tf2/cmake)
[4.306s] -- Configuring done
[4.442s] -- Generating done
[4.448s] -- Build files have been written to: /root/researchv2/build/turtlebot3_gazebo
[4.466s] Invoked command in '/root/researchv2/build/turtlebot3_gazebo' returned '0': CMAKE_PREFIX_PATH=${CMAKE_PREFIX_PATH}:/root/researchv2/install/chaser_system:/opt/ros/foxy /usr/bin/cmake /root/researchv2/src/turtlebot3_simulations/turtlebot3_gazebo -DCMAKE_INSTALL_PREFIX=/root/researchv2/install/turtlebot3_gazebo
[4.471s] Invoking command in '/root/researchv2/build/turtlebot3_gazebo': CMAKE_PREFIX_PATH=${CMAKE_PREFIX_PATH}:/root/researchv2/install/chaser_system:/opt/ros/foxy /usr/bin/cmake --build /root/researchv2/build/turtlebot3_gazebo -- -j12 -l12
[4.626s] [ 25%] Built target turtlebot3_drive
[4.664s] [ 50%] Built target obstacles
[4.667s] [ 75%] Built target obstacle2
[4.668s] [100%] Built target obstacle1
[4.692s] Invoked command in '/root/researchv2/build/turtlebot3_gazebo' returned '0': CMAKE_PREFIX_PATH=${CMAKE_PREFIX_PATH}:/root/researchv2/install/chaser_system:/opt/ros/foxy /usr/bin/cmake --build /root/researchv2/build/turtlebot3_gazebo -- -j12 -l12
[4.765s] Invoking command in '/root/researchv2/build/turtlebot3_gazebo': CMAKE_PREFIX_PATH=${CMAKE_PREFIX_PATH}:/root/researchv2/install/chaser_system:/opt/ros/foxy /usr/bin/cmake --install /root/researchv2/build/turtlebot3_gazebo
[4.782s] -- Install configuration: ""
[4.783s] -- Execute custom install script
[4.783s] -- Up-to-date symlink: /root/researchv2/install/turtlebot3_gazebo/lib/turtlebot3_gazebo/turtlebot3_drive
[4.785s] -- Up-to-date symlink: /root/researchv2/install/turtlebot3_gazebo/share/turtlebot3_gazebo//launch/empty_world.launch.py
[4.785s] -- Up-to-date symlink: /root/researchv2/install/turtlebot3_gazebo/share/turtlebot3_gazebo//launch/robot_state_publisher.launch.py
[4.785s] -- Up-to-date symlink: /root/researchv2/install/turtlebot3_gazebo/share/turtlebot3_gazebo//launch/turtlebot3_autorace.launch.py
[4.786s] -- Up-to-date symlink: /root/researchv2/install/turtlebot3_gazebo/share/turtlebot3_gazebo//launch/turtlebot3_dqn_stage1.launch.py
[4.786s] -- Up-to-date symlink: /root/researchv2/install/turtlebot3_gazebo/share/turtlebot3_gazebo//launch/turtlebot3_dqn_stage2.launch.py
[4.786s] -- Up-to-date symlink: /root/researchv2/install/turtlebot3_gazebo/share/turtlebot3_gazebo//launch/turtlebot3_dqn_stage3.launch.py
[4.787s] -- Up-to-date symlink: /root/researchv2/install/turtlebot3_gazebo/share/turtlebot3_gazebo//launch/turtlebot3_dqn_stage4.launch.py
[4.787s] -- Up-to-date symlink: /root/researchv2/install/turtlebot3_gazebo/share/turtlebot3_gazebo//launch/turtlebot3_house.launch.py
[4.787s] -- Up-to-date symlink: /root/researchv2/install/turtlebot3_gazebo/share/turtlebot3_gazebo//launch/turtlebot3_world.launch.py
[4.791s] -- Up-to-date symlink: /root/researchv2/install/turtlebot3_gazebo/share/turtlebot3_gazebo//models/turtlebot3_autorace/course/materials/scripts/course.material
[4.792s] -- Up-to-date symlink: /root/researchv2/install/turtlebot3_gazebo/share/turtlebot3_gazebo//models/turtlebot3_autorace/course/materials/textures/course.png
[4.792s] -- Up-to-date symlink: /root/researchv2/install/turtlebot3_gazebo/share/turtlebot3_gazebo//models/turtlebot3_autorace/course/model.config
[4.792s] -- Up-to-date symlink: /root/researchv2/install/turtlebot3_gazebo/share/turtlebot3_gazebo//models/turtlebot3_autorace/course/model.sdf
[4.793s] -- Up-to-date symlink: /root/researchv2/install/turtlebot3_gazebo/share/turtlebot3_gazebo//models/turtlebot3_autorace/ground/model.config
[4.793s] -- Up-to-date symlink: /root/researchv2/install/turtlebot3_gazebo/share/turtlebot3_gazebo//models/turtlebot3_autorace/ground/model.sdf
[4.794s] -- Up-to-date symlink: /root/researchv2/install/turtlebot3_gazebo/share/turtlebot3_gazebo//models/turtlebot3_autorace/lights/model.config
[4.795s] -- Up-to-date symlink: /root/researchv2/install/turtlebot3_gazebo/share/turtlebot3_gazebo//models/turtlebot3_autorace/lights/model.sdf
[4.795s] -- Up-to-date symlink: /root/researchv2/install/turtlebot3_gazebo/share/turtlebot3_gazebo//models/turtlebot3_autorace/model.config
[4.795s] -- Up-to-date symlink: /root/researchv2/install/turtlebot3_gazebo/share/turtlebot3_gazebo//models/turtlebot3_autorace/traffic_bar_down/materials/scripts/traffic_bar.material
[4.796s] -- Up-to-date symlink: /root/researchv2/install/turtlebot3_gazebo/share/turtlebot3_gazebo//models/turtlebot3_autorace/traffic_bar_down/materials/textures/traffic_bar.png
[4.796s] -- Up-to-date symlink: /root/researchv2/install/turtlebot3_gazebo/share/turtlebot3_gazebo//models/turtlebot3_autorace/traffic_bar_down/model.config
[4.797s] -- Up-to-date symlink: /root/researchv2/install/turtlebot3_gazebo/share/turtlebot3_gazebo//models/turtlebot3_autorace/traffic_bar_down/model.sdf
[4.797s] -- Up-to-date symlink: /root/researchv2/install/turtlebot3_gazebo/share/turtlebot3_gazebo//models/turtlebot3_autorace/traffic_bar_up/materials/scripts/traffic_bar.material
[4.797s] -- Up-to-date symlink: /root/researchv2/install/turtlebot3_gazebo/share/turtlebot3_gazebo//models/turtlebot3_autorace/traffic_bar_up/materials/textures/traffic_bar.png
[4.797s] -- Up-to-date symlink: /root/researchv2/install/turtlebot3_gazebo/share/turtlebot3_gazebo//models/turtlebot3_autorace/traffic_bar_up/model.config
[4.798s] -- Up-to-date symlink: /root/researchv2/install/turtlebot3_gazebo/share/turtlebot3_gazebo//models/turtlebot3_autorace/traffic_bar_up/model.sdf
[4.798s] -- Up-to-date symlink: /root/researchv2/install/turtlebot3_gazebo/share/turtlebot3_gazebo//models/turtlebot3_autorace/traffic_light_green/model.config
[4.799s] -- Up-to-date symlink: /root/researchv2/install/turtlebot3_gazebo/share/turtlebot3_gazebo//models/turtlebot3_autorace/traffic_light_green/model.sdf
[4.799s] -- Up-to-date symlink: /root/researchv2/install/turtlebot3_gazebo/share/turtlebot3_gazebo//models/turtlebot3_autorace/traffic_light_red/model.config
[4.799s] -- Up-to-date symlink: /root/researchv2/install/turtlebot3_gazebo/share/turtlebot3_gazebo//models/turtlebot3_autorace/traffic_light_red/model.sdf
[4.800s] -- Up-to-date symlink: /root/researchv2/install/turtlebot3_gazebo/share/turtlebot3_gazebo//models/turtlebot3_autorace/traffic_light_yellow/model.config
[4.800s] -- Up-to-date symlink: /root/researchv2/install/turtlebot3_gazebo/share/turtlebot3_gazebo//models/turtlebot3_autorace/traffic_light_yellow/model.sdf
[4.801s] -- Up-to-date symlink: /root/researchv2/install/turtlebot3_gazebo/share/turtlebot3_gazebo//models/turtlebot3_autorace/traffic_parking/materials/scripts/traffic_parking.material
[4.801s] -- Up-to-date symlink: /root/researchv2/install/turtlebot3_gazebo/share/turtlebot3_gazebo//models/turtlebot3_autorace/traffic_parking/materials/textures/traffic_parking.png
[4.801s] -- Up-to-date symlink: /root/researchv2/install/turtlebot3_gazebo/share/turtlebot3_gazebo//models/turtlebot3_autorace/traffic_parking/model.config
[4.802s] -- Up-to-date symlink: /root/researchv2/install/turtlebot3_gazebo/share/turtlebot3_gazebo//models/turtlebot3_autorace/traffic_parking/model.sdf
[4.802s] -- Up-to-date symlink: /root/researchv2/install/turtlebot3_gazebo/share/turtlebot3_gazebo//models/turtlebot3_autorace/traffic_stop/materials/scripts/traffic_stop.material
[4.803s] -- Up-to-date symlink: /root/researchv2/install/turtlebot3_gazebo/share/turtlebot3_gazebo//models/turtlebot3_autorace/traffic_stop/materials/textures/traffic_stop.png
[4.803s] -- Up-to-date symlink: /root/researchv2/install/turtlebot3_gazebo/share/turtlebot3_gazebo//models/turtlebot3_autorace/traffic_stop/model.config
[4.803s] -- Up-to-date symlink: /root/researchv2/install/turtlebot3_gazebo/share/turtlebot3_gazebo//models/turtlebot3_autorace/traffic_stop/model.sdf
[4.804s] -- Up-to-date symlink: /root/researchv2/install/turtlebot3_gazebo/share/turtlebot3_gazebo//models/turtlebot3_autorace/traffic_tunnel/materials/scripts/tunnel.material
[4.804s] -- Up-to-date symlink: /root/researchv2/install/turtlebot3_gazebo/share/turtlebot3_gazebo//models/turtlebot3_autorace/traffic_tunnel/materials/textures/tunnel.png
[4.805s] -- Up-to-date symlink: /root/researchv2/install/turtlebot3_gazebo/share/turtlebot3_gazebo//models/turtlebot3_autorace/traffic_tunnel/model.config
[4.805s] -- Up-to-date symlink: /root/researchv2/install/turtlebot3_gazebo/share/turtlebot3_gazebo//models/turtlebot3_autorace/traffic_tunnel/model.sdf
[4.805s] -- Up-to-date symlink: /root/researchv2/install/turtlebot3_gazebo/share/turtlebot3_gazebo//models/turtlebot3_autorace/tunnel_obstacles/model.config
[4.806s] -- Up-to-date symlink: /root/researchv2/install/turtlebot3_gazebo/share/turtlebot3_gazebo//models/turtlebot3_autorace/tunnel_obstacles/model.sdf
[4.806s] -- Up-to-date symlink: /root/researchv2/install/turtlebot3_gazebo/share/turtlebot3_gazebo//models/turtlebot3_autorace/tunnel_wall/model.config
[4.807s] -- Up-to-date symlink: /root/researchv2/install/turtlebot3_gazebo/share/turtlebot3_gazebo//models/turtlebot3_autorace/tunnel_wall/model.sdf
[4.807s] -- Up-to-date symlink: /root/researchv2/install/turtlebot3_gazebo/share/turtlebot3_gazebo//models/turtlebot3_burger/meshes/burger_base.dae
[4.808s] -- Up-to-date symlink: /root/researchv2/install/turtlebot3_gazebo/share/turtlebot3_gazebo//models/turtlebot3_burger/meshes/lds.dae
[4.808s] -- Up-to-date symlink: /root/researchv2/install/turtlebot3_gazebo/share/turtlebot3_gazebo//models/turtlebot3_burger/meshes/tire.dae
[4.808s] -- Up-to-date symlink: /root/researchv2/install/turtlebot3_gazebo/share/turtlebot3_gazebo//models/turtlebot3_burger/model-1_4.sdf
[4.809s] -- Up-to-date symlink: /root/researchv2/install/turtlebot3_gazebo/share/turtlebot3_gazebo//models/turtlebot3_burger/model.config
[4.809s] -- Up-to-date symlink: /root/researchv2/install/turtlebot3_gazebo/share/turtlebot3_gazebo//models/turtlebot3_burger/model.sdf
[4.810s] -- Up-to-date symlink: /root/researchv2/install/turtlebot3_gazebo/share/turtlebot3_gazebo//models/turtlebot3_dqn_world/goal_box/model.config
[4.810s] -- Up-to-date symlink: /root/researchv2/install/turtlebot3_gazebo/share/turtlebot3_gazebo//models/turtlebot3_dqn_world/goal_box/model.sdf
[4.810s] -- Up-to-date symlink: /root/researchv2/install/turtlebot3_gazebo/share/turtlebot3_gazebo//models/turtlebot3_dqn_world/inner_walls/model.config
[4.811s] -- Up-to-date symlink: /root/researchv2/install/turtlebot3_gazebo/share/turtlebot3_gazebo//models/turtlebot3_dqn_world/inner_walls/model.sdf
[4.811s] -- Up-to-date symlink: /root/researchv2/install/turtlebot3_gazebo/share/turtlebot3_gazebo//models/turtlebot3_dqn_world/model.config
[4.812s] -- Up-to-date symlink: /root/researchv2/install/turtlebot3_gazebo/share/turtlebot3_gazebo//models/turtlebot3_dqn_world/model.sdf
[4.812s] -- Up-to-date symlink: /root/researchv2/install/turtlebot3_gazebo/share/turtlebot3_gazebo//models/turtlebot3_dqn_world/obstacle1/model.config
[4.812s] -- Up-to-date symlink: /root/researchv2/install/turtlebot3_gazebo/share/turtlebot3_gazebo//models/turtlebot3_dqn_world/obstacle1/model.sdf
[4.813s] -- Up-to-date symlink: /root/researchv2/install/turtlebot3_gazebo/share/turtlebot3_gazebo//models/turtlebot3_dqn_world/obstacle2/model.config
[4.813s] -- Up-to-date symlink: /root/researchv2/install/turtlebot3_gazebo/share/turtlebot3_gazebo//models/turtlebot3_dqn_world/obstacle2/model.sdf
[4.814s] -- Up-to-date symlink: /root/researchv2/install/turtlebot3_gazebo/share/turtlebot3_gazebo//models/turtlebot3_dqn_world/obstacle_plugin/CMakeLists.txt
[4.814s] -- Up-to-date symlink: /root/researchv2/install/turtlebot3_gazebo/share/turtlebot3_gazebo//models/turtlebot3_dqn_world/obstacle_plugin/obstacle1.cc
[4.814s] -- Up-to-date symlink: /root/researchv2/install/turtlebot3_gazebo/share/turtlebot3_gazebo//models/turtlebot3_dqn_world/obstacle_plugin/obstacle2.cc
[4.815s] -- Up-to-date symlink: /root/researchv2/install/turtlebot3_gazebo/share/turtlebot3_gazebo//models/turtlebot3_dqn_world/obstacle_plugin/obstacles.cc
[4.815s] -- Up-to-date symlink: /root/researchv2/install/turtlebot3_gazebo/share/turtlebot3_gazebo//models/turtlebot3_dqn_world/obstacles/model.config
[4.816s] -- Up-to-date symlink: /root/researchv2/install/turtlebot3_gazebo/share/turtlebot3_gazebo//models/turtlebot3_dqn_world/obstacles/model.sdf
[4.816s] -- Up-to-date symlink: /root/researchv2/install/turtlebot3_gazebo/share/turtlebot3_gazebo//models/turtlebot3_house/model.config
[4.816s] -- Up-to-date symlink: /root/researchv2/install/turtlebot3_gazebo/share/turtlebot3_gazebo//models/turtlebot3_house/model.sdf
[4.817s] -- Up-to-date symlink: /root/researchv2/install/turtlebot3_gazebo/share/turtlebot3_gazebo//models/turtlebot3_waffle/meshes/lds.dae
[4.817s] -- Up-to-date symlink: /root/researchv2/install/turtlebot3_gazebo/share/turtlebot3_gazebo//models/turtlebot3_waffle/meshes/r200.dae
[4.817s] -- Up-to-date symlink: /root/researchv2/install/turtlebot3_gazebo/share/turtlebot3_gazebo//models/turtlebot3_waffle/meshes/tire.dae
[4.818s] -- Up-to-date symlink: /root/researchv2/install/turtlebot3_gazebo/share/turtlebot3_gazebo//models/turtlebot3_waffle/meshes/waffle_base.dae
[4.818s] -- Up-to-date symlink: /root/researchv2/install/turtlebot3_gazebo/share/turtlebot3_gazebo//models/turtlebot3_waffle/model-1_4.sdf
[4.819s] -- Up-to-date symlink: /root/researchv2/install/turtlebot3_gazebo/share/turtlebot3_gazebo//models/turtlebot3_waffle/model.config
[4.819s] -- Up-to-date symlink: /root/researchv2/install/turtlebot3_gazebo/share/turtlebot3_gazebo//models/turtlebot3_waffle/model.sdf
[4.819s] -- Up-to-date symlink: /root/researchv2/install/turtlebot3_gazebo/share/turtlebot3_gazebo//models/turtlebot3_waffle_pi/meshes/lds.dae
[4.820s] -- Up-to-date symlink: /root/researchv2/install/turtlebot3_gazebo/share/turtlebot3_gazebo//models/turtlebot3_waffle_pi/meshes/tire.dae
[4.820s] -- Up-to-date symlink: /root/researchv2/install/turtlebot3_gazebo/share/turtlebot3_gazebo//models/turtlebot3_waffle_pi/meshes/waffle_pi_base.dae
[4.821s] -- Up-to-date symlink: /root/researchv2/install/turtlebot3_gazebo/share/turtlebot3_gazebo//models/turtlebot3_waffle_pi/model-1_4_.sdf
[4.821s] -- Up-to-date symlink: /root/researchv2/install/turtlebot3_gazebo/share/turtlebot3_gazebo//models/turtlebot3_waffle_pi/model.config
[4.821s] -- Up-to-date symlink: /root/researchv2/install/turtlebot3_gazebo/share/turtlebot3_gazebo//models/turtlebot3_waffle_pi/model.sdf
[4.822s] -- Up-to-date symlink: /root/researchv2/install/turtlebot3_gazebo/share/turtlebot3_gazebo//models/turtlebot3_world/meshes/hexagon.dae
[4.822s] -- Up-to-date symlink: /root/researchv2/install/turtlebot3_gazebo/share/turtlebot3_gazebo//models/turtlebot3_world/meshes/wall.dae
[4.822s] -- Up-to-date symlink: /root/researchv2/install/turtlebot3_gazebo/share/turtlebot3_gazebo//models/turtlebot3_world/model-1_4.sdf
[4.823s] -- Up-to-date symlink: /root/researchv2/install/turtlebot3_gazebo/share/turtlebot3_gazebo//models/turtlebot3_world/model.config
[4.823s] -- Up-to-date symlink: /root/researchv2/install/turtlebot3_gazebo/share/turtlebot3_gazebo//models/turtlebot3_world/model.sdf
[4.824s] -- Up-to-date symlink: /root/researchv2/install/turtlebot3_gazebo/share/turtlebot3_gazebo//rviz/tb3_gazebo.rviz
[4.825s] -- Up-to-date symlink: /root/researchv2/install/turtlebot3_gazebo/share/turtlebot3_gazebo//worlds/empty_worlds/burger.model
[4.826s] -- Up-to-date symlink: /root/researchv2/install/turtlebot3_gazebo/share/turtlebot3_gazebo//worlds/empty_worlds/waffle.model
[4.826s] -- Up-to-date symlink: /root/researchv2/install/turtlebot3_gazebo/share/turtlebot3_gazebo//worlds/empty_worlds/waffle_pi.model
[4.826s] -- Up-to-date symlink: /root/researchv2/install/turtlebot3_gazebo/share/turtlebot3_gazebo//worlds/turtlebot3_autoraces/burger.model
[4.827s] -- Up-to-date symlink: /root/researchv2/install/turtlebot3_gazebo/share/turtlebot3_gazebo//worlds/turtlebot3_autoraces/waffle.model
[4.827s] -- Up-to-date symlink: /root/researchv2/install/turtlebot3_gazebo/share/turtlebot3_gazebo//worlds/turtlebot3_autoraces/waffle_pi.model
[4.827s] -- Up-to-date symlink: /root/researchv2/install/turtlebot3_gazebo/share/turtlebot3_gazebo//worlds/turtlebot3_dqn_stage1/burger.model
[4.828s] -- Up-to-date symlink: /root/researchv2/install/turtlebot3_gazebo/share/turtlebot3_gazebo//worlds/turtlebot3_dqn_stage1/waffle.model
[4.828s] -- Up-to-date symlink: /root/researchv2/install/turtlebot3_gazebo/share/turtlebot3_gazebo//worlds/turtlebot3_dqn_stage1/waffle_pi.model
[4.829s] -- Up-to-date symlink: /root/researchv2/install/turtlebot3_gazebo/share/turtlebot3_gazebo//worlds/turtlebot3_dqn_stage2/burger.model
[4.829s] -- Up-to-date symlink: /root/researchv2/install/turtlebot3_gazebo/share/turtlebot3_gazebo//worlds/turtlebot3_dqn_stage2/waffle.model
[4.829s] -- Up-to-date symlink: /root/researchv2/install/turtlebot3_gazebo/share/turtlebot3_gazebo//worlds/turtlebot3_dqn_stage2/waffle_pi.model
[4.830s] -- Up-to-date symlink: /root/researchv2/install/turtlebot3_gazebo/share/turtlebot3_gazebo//worlds/turtlebot3_dqn_stage3/burger.model
[4.830s] -- Up-to-date symlink: /root/researchv2/install/turtlebot3_gazebo/share/turtlebot3_gazebo//worlds/turtlebot3_dqn_stage3/waffle.model
[4.830s] -- Up-to-date symlink: /root/researchv2/install/turtlebot3_gazebo/share/turtlebot3_gazebo//worlds/turtlebot3_dqn_stage3/waffle_pi.model
[4.831s] -- Up-to-date symlink: /root/researchv2/install/turtlebot3_gazebo/share/turtlebot3_gazebo//worlds/turtlebot3_dqn_stage4/burger.model
[4.831s] -- Up-to-date symlink: /root/researchv2/install/turtlebot3_gazebo/share/turtlebot3_gazebo//worlds/turtlebot3_dqn_stage4/waffle.model
[4.831s] -- Up-to-date symlink: /root/researchv2/install/turtlebot3_gazebo/share/turtlebot3_gazebo//worlds/turtlebot3_dqn_stage4/waffle_pi.model
[4.832s] -- Up-to-date symlink: /root/researchv2/install/turtlebot3_gazebo/share/turtlebot3_gazebo//worlds/turtlebot3_houses/burger.model
[4.832s] -- Up-to-date symlink: /root/researchv2/install/turtlebot3_gazebo/share/turtlebot3_gazebo//worlds/turtlebot3_houses/waffle.model
[4.833s] -- Up-to-date symlink: /root/researchv2/install/turtlebot3_gazebo/share/turtlebot3_gazebo//worlds/turtlebot3_houses/waffle_pi.model
[4.833s] -- Up-to-date symlink: /root/researchv2/install/turtlebot3_gazebo/share/turtlebot3_gazebo//worlds/turtlebot3_worlds/burger.model
[4.833s] -- Up-to-date symlink: /root/researchv2/install/turtlebot3_gazebo/share/turtlebot3_gazebo//worlds/turtlebot3_worlds/waffle.model
[4.834s] -- Up-to-date symlink: /root/researchv2/install/turtlebot3_gazebo/share/turtlebot3_gazebo//worlds/turtlebot3_worlds/waffle_pi.model
[4.835s] -- Up-to-date symlink: /root/researchv2/install/turtlebot3_gazebo/include//turtlebot3_gazebo/turtlebot3_drive.hpp
[4.835s] -- Up-to-date symlink: /root/researchv2/install/turtlebot3_gazebo/share/ament_index/resource_index/package_run_dependencies/turtlebot3_gazebo
[4.836s] -- Up-to-date symlink: /root/researchv2/install/turtlebot3_gazebo/share/ament_index/resource_index/parent_prefix_path/turtlebot3_gazebo
[4.837s] -- Up-to-date symlink: /root/researchv2/install/turtlebot3_gazebo/share/turtlebot3_gazebo/environment/ament_prefix_path.sh
[4.837s] -- Up-to-date symlink: /root/researchv2/install/turtlebot3_gazebo/share/turtlebot3_gazebo/environment/ament_prefix_path.dsv
[4.838s] -- Up-to-date symlink: /root/researchv2/install/turtlebot3_gazebo/share/turtlebot3_gazebo/environment/path.sh
[4.838s] -- Up-to-date symlink: /root/researchv2/install/turtlebot3_gazebo/share/turtlebot3_gazebo/environment/path.dsv
[4.839s] -- Up-to-date symlink: /root/researchv2/install/turtlebot3_gazebo/share/turtlebot3_gazebo/local_setup.bash
[4.839s] -- Up-to-date symlink: /root/researchv2/install/turtlebot3_gazebo/share/turtlebot3_gazebo/local_setup.sh
[4.840s] -- Up-to-date symlink: /root/researchv2/install/turtlebot3_gazebo/share/turtlebot3_gazebo/local_setup.zsh
[4.840s] -- Up-to-date symlink: /root/researchv2/install/turtlebot3_gazebo/share/turtlebot3_gazebo/local_setup.dsv
[4.841s] -- Symlinking: /root/researchv2/install/turtlebot3_gazebo/share/turtlebot3_gazebo/package.dsv
[4.859s] -- Up-to-date symlink: /root/researchv2/install/turtlebot3_gazebo/share/ament_index/resource_index/packages/turtlebot3_gazebo
[4.859s] -- Up-to-date symlink: /root/researchv2/install/turtlebot3_gazebo/share/turtlebot3_gazebo/cmake/ament_cmake_export_include_directories-extras.cmake
[4.860s] -- Up-to-date symlink: /root/researchv2/install/turtlebot3_gazebo/share/turtlebot3_gazebo/cmake/ament_cmake_export_dependencies-extras.cmake
[4.861s] -- Up-to-date symlink: /root/researchv2/install/turtlebot3_gazebo/share/turtlebot3_gazebo/cmake/turtlebot3_gazeboConfig.cmake
[4.861s] -- Up-to-date symlink: /root/researchv2/install/turtlebot3_gazebo/share/turtlebot3_gazebo/cmake/turtlebot3_gazeboConfig-version.cmake
[4.862s] -- Up-to-date symlink: /root/researchv2/install/turtlebot3_gazebo/share/turtlebot3_gazebo/package.xml
[4.870s] Invoked command in '/root/researchv2/build/turtlebot3_gazebo' returned '0': CMAKE_PREFIX_PATH=${CMAKE_PREFIX_PATH}:/root/researchv2/install/chaser_system:/opt/ros/foxy /usr/bin/cmake --install /root/researchv2/build/turtlebot3_gazebo
