-- Found ament_cmake: 1.1.6 (/opt/ros/galactic/share/ament_cmake/cmake)
-- Found PythonInterp: /usr/bin/python3 (found suitable version "3.8.10", minimum required is "3") 
-- Using PYTHON_EXECUTABLE: /usr/bin/python3
-- Found diagnostic_msgs: 2.2.4 (/opt/ros/galactic/share/diagnostic_msgs/cmake)
-- Using all available rosidl_typesupport_c: rosidl_typesupport_fastrtps_c;rosidl_typesupport_introspection_c
-- Found rosidl_adapter: 2.2.3 (/opt/ros/galactic/share/rosidl_adapter/cmake)
-- Using all available rosidl_typesupport_cpp: rosidl_typesupport_fastrtps_cpp;rosidl_typesupport_introspection_cpp
-- Found pluginlib: 5.0.1 (/opt/ros/galactic/share/pluginlib/cmake)
-- Found rclcpp: 9.2.2 (/opt/ros/galactic/share/rclcpp/cmake)
-- Found rmw_implementation_cmake: 3.3.1 (/opt/ros/galactic/share/rmw_implementation_cmake/cmake)
-- Found rmw_cyclonedds_cpp: 0.22.6 (/opt/ros/galactic/share/rmw_cyclonedds_cpp/cmake)
-- Using RMW implementation 'rmw_cyclonedds_cpp' as default
-- Found ament_lint_auto: 0.10.7 (/opt/ros/galactic/share/ament_lint_auto/cmake)
-- Found python_cmake_module: 0.8.1 (/opt/ros/galactic/share/python_cmake_module/cmake)
-- Found PythonInterp: /usr/bin/python3 (found suitable version "3.8.10", minimum required is "3.5") 
-- Using PYTHON_EXECUTABLE: /usr/bin/python3
-- Using PYTHON_INCLUDE_DIRS: /usr/include/python3.8
-- Using PYTHON_LIBRARIES: /usr/lib/x86_64-linux-gnu/libpython3.8.so
-- Added test 'cppcheck' to perform static code analysis on C / C++ code
-- Configured cppcheck include dirs: $<BUILD_INTERFACE:/root/researchv2/src/diagnostics/diagnostic_aggregator/include>
-- Configured cppcheck exclude dirs and/or files: 
-- Added test 'cpplint' to check C / C++ code against the Google style
-- Configured cpplint exclude dirs and/or files: 
-- Added test 'flake8' to check Python code syntax and style conventions
-- Added test 'lint_cmake' to check CMake code style
-- Added test 'pep257' to check Python code against some of the style conventions in PEP 257
-- Added test 'uncrustify' to check C / C++ code style
-- Configured uncrustify additional arguments: 
-- Added test 'xmllint' to check XML markup files
-- Configuring done
-- Generating done
-- Build files have been written to: /root/researchv2/build/diagnostic_aggregator
[35m[1mScanning dependencies of target diagnostic_aggregator[0m
[  0%] Built target ament_cmake_python_copy_diagnostic_aggregator
[ 10%] [32mBuilding CXX object CMakeFiles/diagnostic_aggregator.dir/src/analyzer_group.cpp.o[0m
[ 20%] [32mBuilding CXX object CMakeFiles/diagnostic_aggregator.dir/src/status_item.cpp.o[0m
[ 30%] [32mBuilding CXX object CMakeFiles/diagnostic_aggregator.dir/src/aggregator.cpp.o[0m
running egg_info
writing diagnostic_aggregator.egg-info/PKG-INFO
writing dependency_links to diagnostic_aggregator.egg-info/dependency_links.txt
writing top-level names to diagnostic_aggregator.egg-info/top_level.txt
reading manifest file 'diagnostic_aggregator.egg-info/SOURCES.txt'
writing manifest file 'diagnostic_aggregator.egg-info/SOURCES.txt'
[ 30%] Built target ament_cmake_python_build_diagnostic_aggregator_egg
[ 40%] [32m[1mLinking CXX shared library libdiagnostic_aggregator.so[0m
[ 40%] Built target diagnostic_aggregator
[35m[1mScanning dependencies of target aggregator_node[0m
[35m[1mScanning dependencies of target diagnostic_aggregator_analyzers[0m
[ 50%] [32mBuilding CXX object CMakeFiles/aggregator_node.dir/src/aggregator_node.cpp.o[0m
[ 60%] [32mBuilding CXX object CMakeFiles/diagnostic_aggregator_analyzers.dir/src/generic_analyzer.cpp.o[0m
[ 70%] [32mBuilding CXX object CMakeFiles/diagnostic_aggregator_analyzers.dir/src/discard_analyzer.cpp.o[0m
[ 80%] [32mBuilding CXX object CMakeFiles/diagnostic_aggregator_analyzers.dir/src/ignore_analyzer.cpp.o[0m
[ 90%] [32m[1mLinking CXX executable aggregator_node[0m
[ 90%] Built target aggregator_node
[100%] [32m[1mLinking CXX shared library libdiagnostic_aggregator_analyzers.so[0m
[100%] Built target diagnostic_aggregator_analyzers
-- Install configuration: ""
-- Installing: /root/researchv2/install/diagnostic_aggregator/lib/diagnostic_aggregator/aggregator_node
-- Set runtime path of "/root/researchv2/install/diagnostic_aggregator/lib/diagnostic_aggregator/aggregator_node" to ""
-- Installing: /root/researchv2/install/diagnostic_aggregator/lib/libdiagnostic_aggregator.so
-- Set runtime path of "/root/researchv2/install/diagnostic_aggregator/lib/libdiagnostic_aggregator.so" to ""
-- Installing: /root/researchv2/install/diagnostic_aggregator/lib/libdiagnostic_aggregator_analyzers.so
-- Set runtime path of "/root/researchv2/install/diagnostic_aggregator/lib/libdiagnostic_aggregator_analyzers.so" to ""
-- Installing: /root/researchv2/install/diagnostic_aggregator/include
-- Installing: /root/researchv2/install/diagnostic_aggregator/include/diagnostic_aggregator
-- Installing: /root/researchv2/install/diagnostic_aggregator/include/diagnostic_aggregator/discard_analyzer.hpp
-- Installing: /root/researchv2/install/diagnostic_aggregator/include/diagnostic_aggregator/generic_analyzer.hpp
-- Installing: /root/researchv2/install/diagnostic_aggregator/include/diagnostic_aggregator/visibility_control.hpp
-- Installing: /root/researchv2/install/diagnostic_aggregator/include/diagnostic_aggregator/analyzer.hpp
-- Installing: /root/researchv2/install/diagnostic_aggregator/include/diagnostic_aggregator/aggregator.hpp
-- Installing: /root/researchv2/install/diagnostic_aggregator/include/diagnostic_aggregator/status_item.hpp
-- Installing: /root/researchv2/install/diagnostic_aggregator/include/diagnostic_aggregator/other_analyzer.hpp
-- Installing: /root/researchv2/install/diagnostic_aggregator/include/diagnostic_aggregator/ignore_analyzer.hpp
-- Installing: /root/researchv2/install/diagnostic_aggregator/include/diagnostic_aggregator/analyzer_group.hpp
-- Installing: /root/researchv2/install/diagnostic_aggregator/include/diagnostic_aggregator/generic_analyzer_base.hpp
-- Installing: /root/researchv2/install/diagnostic_aggregator/share/diagnostic_aggregator/environment/pythonpath.sh
-- Installing: /root/researchv2/install/diagnostic_aggregator/share/diagnostic_aggregator/environment/pythonpath.dsv
-- Installing: /root/researchv2/install/diagnostic_aggregator/lib/python3.8/site-packages//diagnostic_aggregator.egg-info
-- Installing: /root/researchv2/install/diagnostic_aggregator/lib/python3.8/site-packages//diagnostic_aggregator.egg-info/PKG-INFO
-- Installing: /root/researchv2/install/diagnostic_aggregator/lib/python3.8/site-packages//diagnostic_aggregator.egg-info/top_level.txt
-- Installing: /root/researchv2/install/diagnostic_aggregator/lib/python3.8/site-packages//diagnostic_aggregator.egg-info/SOURCES.txt
-- Installing: /root/researchv2/install/diagnostic_aggregator/lib/python3.8/site-packages//diagnostic_aggregator.egg-info/dependency_links.txt
-- Installing: /root/researchv2/install/diagnostic_aggregator/lib/python3.8/site-packages/diagnostic_aggregator
-- Installing: /root/researchv2/install/diagnostic_aggregator/lib/python3.8/site-packages/diagnostic_aggregator/__init__.py
Listing '/root/researchv2/install/diagnostic_aggregator/lib/python3.8/site-packages/diagnostic_aggregator'...
Compiling '/root/researchv2/install/diagnostic_aggregator/lib/python3.8/site-packages/diagnostic_aggregator/__init__.py'...
-- Installing: /root/researchv2/install/diagnostic_aggregator/share/diagnostic_aggregator/example.launch.py
-- Installing: /root/researchv2/install/diagnostic_aggregator/lib/diagnostic_aggregator/example_pub.py
-- Installing: /root/researchv2/install/diagnostic_aggregator/share/diagnostic_aggregator/example_analyzers.yaml
-- Installing: /root/researchv2/install/diagnostic_aggregator/share/diagnostic_aggregator/plugin_description.xml
-- Installing: /root/researchv2/install/diagnostic_aggregator/share/ament_index/resource_index/package_run_dependencies/diagnostic_aggregator
-- Installing: /root/researchv2/install/diagnostic_aggregator/share/ament_index/resource_index/parent_prefix_path/diagnostic_aggregator
-- Installing: /root/researchv2/install/diagnostic_aggregator/share/diagnostic_aggregator/environment/ament_prefix_path.sh
-- Installing: /root/researchv2/install/diagnostic_aggregator/share/diagnostic_aggregator/environment/ament_prefix_path.dsv
-- Installing: /root/researchv2/install/diagnostic_aggregator/share/diagnostic_aggregator/environment/path.sh
-- Installing: /root/researchv2/install/diagnostic_aggregator/share/diagnostic_aggregator/environment/path.dsv
-- Installing: /root/researchv2/install/diagnostic_aggregator/share/diagnostic_aggregator/local_setup.bash
-- Installing: /root/researchv2/install/diagnostic_aggregator/share/diagnostic_aggregator/local_setup.sh
-- Installing: /root/researchv2/install/diagnostic_aggregator/share/diagnostic_aggregator/local_setup.zsh
-- Installing: /root/researchv2/install/diagnostic_aggregator/share/diagnostic_aggregator/local_setup.dsv
-- Installing: /root/researchv2/install/diagnostic_aggregator/share/diagnostic_aggregator/package.dsv
-- Installing: /root/researchv2/install/diagnostic_aggregator/share/ament_index/resource_index/packages/diagnostic_aggregator
-- Installing: /root/researchv2/install/diagnostic_aggregator/share/ament_index/resource_index/diagnostic_aggregator__pluginlib__plugin/diagnostic_aggregator
-- Installing: /root/researchv2/install/diagnostic_aggregator/share/diagnostic_aggregator/cmake/ament_cmake_export_include_directories-extras.cmake
-- Installing: /root/researchv2/install/diagnostic_aggregator/share/diagnostic_aggregator/cmake/ament_cmake_export_dependencies-extras.cmake
-- Installing: /root/researchv2/install/diagnostic_aggregator/share/diagnostic_aggregator/cmake/diagnostic_aggregatorConfig.cmake
-- Installing: /root/researchv2/install/diagnostic_aggregator/share/diagnostic_aggregator/cmake/diagnostic_aggregatorConfig-version.cmake
-- Installing: /root/researchv2/install/diagnostic_aggregator/share/diagnostic_aggregator/package.xml
