[0.084s] Invoking command in '/root/researchv2/build/urg_c': CMAKE_PREFIX_PATH=${CMAKE_PREFIX_PATH}:/root/researchv2/install/chaser_system:/opt/ros/galactic /usr/bin/cmake --build /root/researchv2/build/urg_c -- -j12 -l12
[0.212s] [ 29%] Built target urg_c
[0.274s] [ 35%] Built target open_urg_sensor
[0.437s] [ 41%] Built target angle_convert_test
[0.451s] [ 47%] Built target get_distance_intensity
[0.451s] [ 52%] Built target sensor_parameter
[0.452s] [ 58%] Built target timeout_test
[0.455s] [ 64%] Built target sync_time_stamp
[0.459s] [ 70%] Built target get_distance
[0.460s] [ 76%] Built target get_multiecho
[0.470s] [ 82%] Built target get_multiecho_intensity
[0.471s] [ 88%] Built target calculate_xy
[0.493s] [ 94%] Built target find_port
[0.510s] [100%] Built target reboot_test
[0.556s] Invoked command in '/root/researchv2/build/urg_c' returned '0': CMAKE_PREFIX_PATH=${CMAKE_PREFIX_PATH}:/root/researchv2/install/chaser_system:/opt/ros/galactic /usr/bin/cmake --build /root/researchv2/build/urg_c -- -j12 -l12
[0.741s] Invoking command in '/root/researchv2/build/urg_c': CMAKE_PREFIX_PATH=${CMAKE_PREFIX_PATH}:/root/researchv2/install/chaser_system:/opt/ros/galactic /usr/bin/cmake --install /root/researchv2/build/urg_c
[0.760s] -- Install configuration: ""
[0.761s] -- Up-to-date: /root/researchv2/install/urg_c/lib/liburg_c.so
[0.761s] -- Up-to-date: /root/researchv2/install/urg_c/lib/libopen_urg_sensor.a
[0.761s] -- Up-to-date: /root/researchv2/install/urg_c/bin/angle_convert_test
[0.762s] -- Up-to-date: /root/researchv2/install/urg_c/bin/calculate_xy
[0.763s] -- Up-to-date: /root/researchv2/install/urg_c/bin/find_port
[0.764s] -- Up-to-date: /root/researchv2/install/urg_c/bin/get_distance
[0.765s] -- Up-to-date: /root/researchv2/install/urg_c/bin/get_distance_intensity
[0.765s] -- Up-to-date: /root/researchv2/install/urg_c/bin/get_multiecho
[0.766s] -- Up-to-date: /root/researchv2/install/urg_c/bin/get_multiecho_intensity
[0.767s] -- Up-to-date: /root/researchv2/install/urg_c/bin/reboot_test
[0.768s] -- Up-to-date: /root/researchv2/install/urg_c/bin/sensor_parameter
[0.769s] -- Up-to-date: /root/researchv2/install/urg_c/bin/sync_time_stamp
[0.770s] -- Up-to-date: /root/researchv2/install/urg_c/bin/timeout_test
[0.770s] -- Up-to-date: /root/researchv2/install/urg_c/include
[0.771s] -- Up-to-date: /root/researchv2/install/urg_c/include/urg_c
[0.771s] -- Up-to-date: /root/researchv2/install/urg_c/include/urg_c/urg_detect_os.h
[0.771s] -- Up-to-date: /root/researchv2/install/urg_c/include/urg_c/urg_debug.h
[0.772s] -- Up-to-date: /root/researchv2/install/urg_c/include/urg_c/urg_serial.h
[0.772s] -- Up-to-date: /root/researchv2/install/urg_c/include/urg_c/urg_time.h
[0.772s] -- Up-to-date: /root/researchv2/install/urg_c/include/urg_c/urg_sensor.h
[0.773s] -- Up-to-date: /root/researchv2/install/urg_c/include/urg_c/urg_utils.h
[0.773s] -- Up-to-date: /root/researchv2/install/urg_c/include/urg_c/urg_errno.h
[0.773s] -- Up-to-date: /root/researchv2/install/urg_c/include/urg_c/urg_serial_utils.h
[0.773s] -- Up-to-date: /root/researchv2/install/urg_c/include/urg_c/urg_tcpclient.h
[0.773s] -- Up-to-date: /root/researchv2/install/urg_c/include/urg_c/urg_connection.h
[0.774s] -- Up-to-date: /root/researchv2/install/urg_c/include/urg_c/urg_ring_buffer.h
[0.775s] -- Up-to-date: /root/researchv2/install/urg_c/share/urg_c/environment/library_path.sh
[0.775s] -- Up-to-date: /root/researchv2/install/urg_c/share/urg_c/environment/library_path.dsv
[0.775s] -- Up-to-date: /root/researchv2/install/urg_c/share/ament_index/resource_index/package_run_dependencies/urg_c
[0.776s] -- Up-to-date: /root/researchv2/install/urg_c/share/ament_index/resource_index/parent_prefix_path/urg_c
[0.776s] -- Up-to-date: /root/researchv2/install/urg_c/share/urg_c/environment/ament_prefix_path.sh
[0.776s] -- Up-to-date: /root/researchv2/install/urg_c/share/urg_c/environment/ament_prefix_path.dsv
[0.777s] -- Up-to-date: /root/researchv2/install/urg_c/share/urg_c/environment/path.sh
[0.778s] -- Up-to-date: /root/researchv2/install/urg_c/share/urg_c/environment/path.dsv
[0.786s] -- Up-to-date: /root/researchv2/install/urg_c/share/urg_c/local_setup.bash
[0.786s] -- Up-to-date: /root/researchv2/install/urg_c/share/urg_c/local_setup.sh
[0.787s] -- Up-to-date: /root/researchv2/install/urg_c/share/urg_c/local_setup.zsh
[0.787s] -- Up-to-date: /root/researchv2/install/urg_c/share/urg_c/local_setup.dsv
[0.787s] -- Installing: /root/researchv2/install/urg_c/share/urg_c/package.dsv
[0.788s] -- Up-to-date: /root/researchv2/install/urg_c/share/ament_index/resource_index/packages/urg_c
[0.788s] -- Up-to-date: /root/researchv2/install/urg_c/share/urg_c/cmake/ament_cmake_export_include_directories-extras.cmake
[0.789s] -- Up-to-date: /root/researchv2/install/urg_c/share/urg_c/cmake/ament_cmake_export_libraries-extras.cmake
[0.789s] -- Up-to-date: /root/researchv2/install/urg_c/share/urg_c/cmake/urg_cConfig.cmake
[0.789s] -- Up-to-date: /root/researchv2/install/urg_c/share/urg_c/cmake/urg_cConfig-version.cmake
[0.789s] -- Up-to-date: /root/researchv2/install/urg_c/share/urg_c/package.xml
[0.790s] Invoked command in '/root/researchv2/build/urg_c' returned '0': CMAKE_PREFIX_PATH=${CMAKE_PREFIX_PATH}:/root/researchv2/install/chaser_system:/opt/ros/galactic /usr/bin/cmake --install /root/researchv2/build/urg_c
