[0.133s] Invoking command in '/root/researchv2/build/diagnostic_updater': CMAKE_PREFIX_PATH=${CMAKE_PREFIX_PATH}:/root/researchv2/install/chaser_system:/opt/ros/galactic /usr/bin/cmake --build /root/researchv2/build/diagnostic_updater -- -j12 -l12
[0.252s] [ 25%] Built target gtest
[0.256s] [ 50%] Built target gtest_main
[0.276s] [ 50%] Built target ament_cmake_python_copy_diagnostic_updater
[0.296s] [ 75%] Built target example
[0.366s] [100%] Built target diagnostic_updater_test
[0.980s] running egg_info
[0.982s] writing diagnostic_updater.egg-info/PKG-INFO
[0.983s] writing dependency_links to diagnostic_updater.egg-info/dependency_links.txt
[0.983s] writing top-level names to diagnostic_updater.egg-info/top_level.txt
[1.059s] reading manifest file 'diagnostic_updater.egg-info/SOURCES.txt'
[1.061s] writing manifest file 'diagnostic_updater.egg-info/SOURCES.txt'
[1.126s] [100%] Built target ament_cmake_python_build_diagnostic_updater_egg
[1.147s] Invoked command in '/root/researchv2/build/diagnostic_updater' returned '0': CMAKE_PREFIX_PATH=${CMAKE_PREFIX_PATH}:/root/researchv2/install/chaser_system:/opt/ros/galactic /usr/bin/cmake --build /root/researchv2/build/diagnostic_updater -- -j12 -l12
[1.221s] Invoking command in '/root/researchv2/build/diagnostic_updater': CMAKE_PREFIX_PATH=${CMAKE_PREFIX_PATH}:/root/researchv2/install/chaser_system:/opt/ros/galactic /usr/bin/cmake --install /root/researchv2/build/diagnostic_updater
[1.239s] -- Install configuration: ""
[1.239s] -- Up-to-date: /root/researchv2/install/diagnostic_updater/share/diagnostic_updater/environment/pythonpath.sh
[1.239s] -- Up-to-date: /root/researchv2/install/diagnostic_updater/share/diagnostic_updater/environment/pythonpath.dsv
[1.239s] -- Up-to-date: /root/researchv2/install/diagnostic_updater/lib/python3.8/site-packages//diagnostic_updater.egg-info
[1.240s] -- Installing: /root/researchv2/install/diagnostic_updater/lib/python3.8/site-packages//diagnostic_updater.egg-info/PKG-INFO
[1.240s] -- Installing: /root/researchv2/install/diagnostic_updater/lib/python3.8/site-packages//diagnostic_updater.egg-info/top_level.txt
[1.240s] -- Installing: /root/researchv2/install/diagnostic_updater/lib/python3.8/site-packages//diagnostic_updater.egg-info/SOURCES.txt
[1.240s] -- Installing: /root/researchv2/install/diagnostic_updater/lib/python3.8/site-packages//diagnostic_updater.egg-info/dependency_links.txt
[1.241s] -- Up-to-date: /root/researchv2/install/diagnostic_updater/lib/python3.8/site-packages/diagnostic_updater
[1.241s] -- Up-to-date: /root/researchv2/install/diagnostic_updater/lib/python3.8/site-packages/diagnostic_updater/_update_functions.py
[1.241s] -- Up-to-date: /root/researchv2/install/diagnostic_updater/lib/python3.8/site-packages/diagnostic_updater/_diagnostic_status_wrapper.py
[1.242s] -- Up-to-date: /root/researchv2/install/diagnostic_updater/lib/python3.8/site-packages/diagnostic_updater/_publisher.py
[1.242s] -- Up-to-date: /root/researchv2/install/diagnostic_updater/lib/python3.8/site-packages/diagnostic_updater/example.py
[1.242s] -- Up-to-date: /root/researchv2/install/diagnostic_updater/lib/python3.8/site-packages/diagnostic_updater/_diagnostic_updater.py
[1.242s] -- Up-to-date: /root/researchv2/install/diagnostic_updater/lib/python3.8/site-packages/diagnostic_updater/__init__.py
[1.348s] Listing '/root/researchv2/install/diagnostic_updater/lib/python3.8/site-packages/diagnostic_updater'...
[1.349s] -- Up-to-date: /root/researchv2/install/diagnostic_updater/lib/diagnostic_updater/example.py
[1.349s] -- Up-to-date: /root/researchv2/install/diagnostic_updater/lib/diagnostic_updater/example
[1.350s] -- Up-to-date: /root/researchv2/install/diagnostic_updater/include
[1.350s] -- Up-to-date: /root/researchv2/install/diagnostic_updater/include/diagnostic_updater
[1.350s] -- Up-to-date: /root/researchv2/install/diagnostic_updater/include/diagnostic_updater/diagnostic_status_wrapper.hpp
[1.350s] -- Up-to-date: /root/researchv2/install/diagnostic_updater/include/diagnostic_updater/diagnostic_updater.hpp
[1.351s] -- Up-to-date: /root/researchv2/install/diagnostic_updater/include/diagnostic_updater/publisher.hpp
[1.351s] -- Up-to-date: /root/researchv2/install/diagnostic_updater/include/diagnostic_updater/update_functions.hpp
[1.352s] -- Up-to-date: /root/researchv2/install/diagnostic_updater/share/ament_index/resource_index/package_run_dependencies/diagnostic_updater
[1.352s] -- Up-to-date: /root/researchv2/install/diagnostic_updater/share/ament_index/resource_index/parent_prefix_path/diagnostic_updater
[1.352s] -- Up-to-date: /root/researchv2/install/diagnostic_updater/share/diagnostic_updater/environment/ament_prefix_path.sh
[1.353s] -- Up-to-date: /root/researchv2/install/diagnostic_updater/share/diagnostic_updater/environment/ament_prefix_path.dsv
[1.353s] -- Up-to-date: /root/researchv2/install/diagnostic_updater/share/diagnostic_updater/environment/path.sh
[1.354s] -- Up-to-date: /root/researchv2/install/diagnostic_updater/share/diagnostic_updater/environment/path.dsv
[1.354s] -- Up-to-date: /root/researchv2/install/diagnostic_updater/share/diagnostic_updater/local_setup.bash
[1.355s] -- Up-to-date: /root/researchv2/install/diagnostic_updater/share/diagnostic_updater/local_setup.sh
[1.355s] -- Up-to-date: /root/researchv2/install/diagnostic_updater/share/diagnostic_updater/local_setup.zsh
[1.355s] -- Up-to-date: /root/researchv2/install/diagnostic_updater/share/diagnostic_updater/local_setup.dsv
[1.356s] -- Installing: /root/researchv2/install/diagnostic_updater/share/diagnostic_updater/package.dsv
[1.357s] -- Up-to-date: /root/researchv2/install/diagnostic_updater/share/ament_index/resource_index/packages/diagnostic_updater
[1.362s] -- Up-to-date: /root/researchv2/install/diagnostic_updater/share/diagnostic_updater/cmake/ament_cmake_export_include_directories-extras.cmake
[1.363s] -- Up-to-date: /root/researchv2/install/diagnostic_updater/share/diagnostic_updater/cmake/ament_cmake_export_dependencies-extras.cmake
[1.364s] -- Up-to-date: /root/researchv2/install/diagnostic_updater/share/diagnostic_updater/cmake/diagnostic_updaterConfig.cmake
[1.365s] -- Up-to-date: /root/researchv2/install/diagnostic_updater/share/diagnostic_updater/cmake/diagnostic_updaterConfig-version.cmake
[1.365s] -- Up-to-date: /root/researchv2/install/diagnostic_updater/share/diagnostic_updater/package.xml
[1.366s] Invoked command in '/root/researchv2/build/diagnostic_updater' returned '0': CMAKE_PREFIX_PATH=${CMAKE_PREFIX_PATH}:/root/researchv2/install/chaser_system:/opt/ros/galactic /usr/bin/cmake --install /root/researchv2/build/diagnostic_updater
