[1.192s] Invoking command in '/root/researchv2/src/chaser_system': CMAKE_PREFIX_PATH=/root/researchv2/install/mymsg:/root/sirius/sirius_ws/install/kobuki_velocity_smoother:/root/sirius/sirius_ws/install/kobuki_ros:/root/sirius/sirius_ws/install/kobuki_safety_controller:/root/sirius/sirius_ws/install/kobuki_random_walker:/root/sirius/sirius_ws/install/kobuki_node:/root/sirius/sirius_ws/install/kobuki_keyop:/root/sirius/sirius_ws/install/kobuki_bumper2pc:/root/sirius/sirius_ws/install/kobuki_auto_docking:/root/sirius/sirius_ws/install/kobuki_ros_interfaces:/root/sirius/sirius_ws/install/kobuki_description:/root/sirius/sirius_ws/install/kobuki_core:/root/openpifpaf_ros2/install/realsense2_description:/root/openpifpaf_ros2/install/realsense2_camera:/root/openpifpaf_ros2/install/realsense2_camera_msgs:/root/openpifpaf_ros2/install/openpifpaf_ros2_msgs:/root/researchv2/install/urg_node:/root/researchv2/install/urg_node_msgs:/root/researchv2/install/urg_c:/root/researchv2/install/diagnostics:/root/researchv2/install/self_test:/root/researchv2/install/laser_proc:/root/researchv2/install/diagnostic_common_diagnostics:/root/researchv2/install/diagnostic_updater:/root/researchv2/install/diagnostic_aggregator:/root/researchv2/install/chaser_system_c LD_LIBRARY_PATH=/root/researchv2/install/mymsg/lib:/root/sirius/sirius_ws/install/kobuki_velocity_smoother/lib:/root/sirius/sirius_ws/install/kobuki_safety_controller/lib:/root/sirius/sirius_ws/install/kobuki_node/lib:/root/sirius/sirius_ws/install/kobuki_keyop/lib:/root/sirius/sirius_ws/install/kobuki_ros_interfaces/lib:/root/sirius/sirius_ws/install/kobuki_core/lib:/root/openpifpaf_ros2/install/realsense2_camera/lib:/root/openpifpaf_ros2/install/realsense2_camera_msgs/lib:/root/openpifpaf_ros2/install/openpifpaf_ros2_msgs/lib:/root/researchv2/install/urg_node/lib:/root/researchv2/install/urg_node_msgs/lib:/root/researchv2/install/urg_c/lib:/root/researchv2/install/laser_proc/lib:/root/researchv2/install/diagnostic_aggregator/lib:/usr/lib/x86_64-linux-gnu/gazebo-11/plugins:/opt/ros/galactic/opt/yaml_cpp_vendor/lib:/opt/ros/galactic/opt/rviz_ogre_vendor/lib:/opt/ros/galactic/lib/x86_64-linux-gnu:/opt/ros/galactic/lib:/usr/local/11.6.0/lib64:/usr/local/nvidia/lib:/usr/local/nvidia/lib64 PYTHONPATH=/root/researchv2/build/chaser_system/prefix_override:/root/researchv2/install/chaser_system/lib/python3.8/site-packages:/root/researchv2/install/mymsg/lib/python3.8/site-packages:/root/sirius/sirius_ws/install/kobuki_ros_interfaces/lib/python3.8/site-packages:/root/openpifpaf_ros2/install/rgbd_openpifpaf_ros2/lib/python3.8/site-packages:/root/openpifpaf_ros2/install/realsense2_camera_msgs/lib/python3.8/site-packages:/root/openpifpaf_ros2/install/pose_checker/lib/python3.8/site-packages:/root/openpifpaf_ros2/install/openpifpaf_ros2_node/lib/python3.8/site-packages:/root/openpifpaf_ros2/install/openpifpaf_ros2_msgs/lib/python3.8/site-packages:/root/researchv2/install/urg_node_msgs/lib/python3.8/site-packages:/root/researchv2/install/chaser_system/lib/python3.8/site-packages:/root/researchv2/install/diagnostic_common_diagnostics/lib/python3.8/site-packages:/root/researchv2/install/diagnostic_updater/lib/python3.8/site-packages:/root/researchv2/install/diagnostic_aggregator/lib/python3.8/site-packages:/opt/ros/galactic/lib/python3.8/site-packages /usr/bin/python3 setup.py egg_info --egg-base ../../build/chaser_system build --build-base /root/researchv2/build/chaser_system/build install --record /root/researchv2/build/chaser_system/install.log --install-scripts $base/lib/chaser_system --single-version-externally-managed
[1.634s] running egg_info
[1.635s] writing ../../build/chaser_system/chaser_system.egg-info/PKG-INFO
[1.635s] writing dependency_links to ../../build/chaser_system/chaser_system.egg-info/dependency_links.txt
[1.636s] writing entry points to ../../build/chaser_system/chaser_system.egg-info/entry_points.txt
[1.636s] writing requirements to ../../build/chaser_system/chaser_system.egg-info/requires.txt
[1.636s] writing top-level names to ../../build/chaser_system/chaser_system.egg-info/top_level.txt
[1.706s] reading manifest file '../../build/chaser_system/chaser_system.egg-info/SOURCES.txt'
[1.708s] writing manifest file '../../build/chaser_system/chaser_system.egg-info/SOURCES.txt'
[1.708s] running build
[1.708s] running build_py
[1.709s] copying chaser_system/approachv5.py -> /root/researchv2/build/chaser_system/build/lib/chaser_system
[1.710s] running install
[1.712s] running install_lib
[1.713s] copying /root/researchv2/build/chaser_system/build/lib/chaser_system/approachv5.py -> /root/researchv2/install/chaser_system/lib/python3.8/site-packages/chaser_system
[1.715s] byte-compiling /root/researchv2/install/chaser_system/lib/python3.8/site-packages/chaser_system/approachv5.py to approachv5.cpython-38.pyc
[1.718s] running install_data
[1.719s] running install_egg_info
[1.722s] removing '/root/researchv2/install/chaser_system/lib/python3.8/site-packages/chaser_system-0.0.0-py3.8.egg-info' (and everything under it)
[1.723s] Copying ../../build/chaser_system/chaser_system.egg-info to /root/researchv2/install/chaser_system/lib/python3.8/site-packages/chaser_system-0.0.0-py3.8.egg-info
[1.725s] running install_scripts
[1.753s] Installing approach_navi script to /root/researchv2/install/chaser_system/lib/chaser_system
[1.753s] Installing approachv2 script to /root/researchv2/install/chaser_system/lib/chaser_system
[1.753s] Installing approachv3 script to /root/researchv2/install/chaser_system/lib/chaser_system
[1.753s] Installing approachv4 script to /root/researchv2/install/chaser_system/lib/chaser_system
[1.754s] Installing approachv5 script to /root/researchv2/install/chaser_system/lib/chaser_system
[1.754s] Installing image_inputer script to /root/researchv2/install/chaser_system/lib/chaser_system
[1.754s] Installing person_check script to /root/researchv2/install/chaser_system/lib/chaser_system
[1.754s] Installing pose_tf2 script to /root/researchv2/install/chaser_system/lib/chaser_system
[1.754s] Installing raise_navi script to /root/researchv2/install/chaser_system/lib/chaser_system
[1.755s] Installing rgbd_generator script to /root/researchv2/install/chaser_system/lib/chaser_system
[1.755s] Installing three_d_pose_analysis script to /root/researchv2/install/chaser_system/lib/chaser_system
[1.755s] Installing waypoints_csv script to /root/researchv2/install/chaser_system/lib/chaser_system
[1.755s] Installing xbox script to /root/researchv2/install/chaser_system/lib/chaser_system
[1.756s] writing list of installed files to '/root/researchv2/build/chaser_system/install.log'
[1.788s] Invoked command in '/root/researchv2/src/chaser_system' returned '0': CMAKE_PREFIX_PATH=/root/researchv2/install/mymsg:/root/sirius/sirius_ws/install/kobuki_velocity_smoother:/root/sirius/sirius_ws/install/kobuki_ros:/root/sirius/sirius_ws/install/kobuki_safety_controller:/root/sirius/sirius_ws/install/kobuki_random_walker:/root/sirius/sirius_ws/install/kobuki_node:/root/sirius/sirius_ws/install/kobuki_keyop:/root/sirius/sirius_ws/install/kobuki_bumper2pc:/root/sirius/sirius_ws/install/kobuki_auto_docking:/root/sirius/sirius_ws/install/kobuki_ros_interfaces:/root/sirius/sirius_ws/install/kobuki_description:/root/sirius/sirius_ws/install/kobuki_core:/root/openpifpaf_ros2/install/realsense2_description:/root/openpifpaf_ros2/install/realsense2_camera:/root/openpifpaf_ros2/install/realsense2_camera_msgs:/root/openpifpaf_ros2/install/openpifpaf_ros2_msgs:/root/researchv2/install/urg_node:/root/researchv2/install/urg_node_msgs:/root/researchv2/install/urg_c:/root/researchv2/install/diagnostics:/root/researchv2/install/self_test:/root/researchv2/install/laser_proc:/root/researchv2/install/diagnostic_common_diagnostics:/root/researchv2/install/diagnostic_updater:/root/researchv2/install/diagnostic_aggregator:/root/researchv2/install/chaser_system_c LD_LIBRARY_PATH=/root/researchv2/install/mymsg/lib:/root/sirius/sirius_ws/install/kobuki_velocity_smoother/lib:/root/sirius/sirius_ws/install/kobuki_safety_controller/lib:/root/sirius/sirius_ws/install/kobuki_node/lib:/root/sirius/sirius_ws/install/kobuki_keyop/lib:/root/sirius/sirius_ws/install/kobuki_ros_interfaces/lib:/root/sirius/sirius_ws/install/kobuki_core/lib:/root/openpifpaf_ros2/install/realsense2_camera/lib:/root/openpifpaf_ros2/install/realsense2_camera_msgs/lib:/root/openpifpaf_ros2/install/openpifpaf_ros2_msgs/lib:/root/researchv2/install/urg_node/lib:/root/researchv2/install/urg_node_msgs/lib:/root/researchv2/install/urg_c/lib:/root/researchv2/install/laser_proc/lib:/root/researchv2/install/diagnostic_aggregator/lib:/usr/lib/x86_64-linux-gnu/gazebo-11/plugins:/opt/ros/galactic/opt/yaml_cpp_vendor/lib:/opt/ros/galactic/opt/rviz_ogre_vendor/lib:/opt/ros/galactic/lib/x86_64-linux-gnu:/opt/ros/galactic/lib:/usr/local/11.6.0/lib64:/usr/local/nvidia/lib:/usr/local/nvidia/lib64 PYTHONPATH=/root/researchv2/build/chaser_system/prefix_override:/root/researchv2/install/chaser_system/lib/python3.8/site-packages:/root/researchv2/install/mymsg/lib/python3.8/site-packages:/root/sirius/sirius_ws/install/kobuki_ros_interfaces/lib/python3.8/site-packages:/root/openpifpaf_ros2/install/rgbd_openpifpaf_ros2/lib/python3.8/site-packages:/root/openpifpaf_ros2/install/realsense2_camera_msgs/lib/python3.8/site-packages:/root/openpifpaf_ros2/install/pose_checker/lib/python3.8/site-packages:/root/openpifpaf_ros2/install/openpifpaf_ros2_node/lib/python3.8/site-packages:/root/openpifpaf_ros2/install/openpifpaf_ros2_msgs/lib/python3.8/site-packages:/root/researchv2/install/urg_node_msgs/lib/python3.8/site-packages:/root/researchv2/install/chaser_system/lib/python3.8/site-packages:/root/researchv2/install/diagnostic_common_diagnostics/lib/python3.8/site-packages:/root/researchv2/install/diagnostic_updater/lib/python3.8/site-packages:/root/researchv2/install/diagnostic_aggregator/lib/python3.8/site-packages:/opt/ros/galactic/lib/python3.8/site-packages /usr/bin/python3 setup.py egg_info --egg-base ../../build/chaser_system build --build-base /root/researchv2/build/chaser_system/build install --record /root/researchv2/build/chaser_system/install.log --install-scripts $base/lib/chaser_system --single-version-externally-managed
