[0.063s] Invoking command in '/root/researchv2/build/urg_c': CMAKE_PREFIX_PATH=${CMAKE_PREFIX_PATH}:/root/openpifpaf_ros2/install/rgbd_openpifpaf_ros2:/root/openpifpaf_ros2/install/pose_checker:/root/openpifpaf_ros2/install/openpifpaf_ros2_node:/root/researchv2/install/chaser_system:/opt/ros/galactic /usr/bin/cmake --build /root/researchv2/build/urg_c -- -j12 -l12
[0.142s] [ 29%] Built target urg_c
[0.197s] [ 35%] Built target open_urg_sensor
[0.254s] [ 41%] Built target timeout_test
[0.271s] [ 47%] Built target get_multiecho
[0.271s] [ 52%] Built target calculate_xy
[0.273s] [ 58%] Built target get_distance_intensity
[0.277s] [ 64%] Built target angle_convert_test
[0.279s] [ 70%] Built target get_multiecho_intensity
[0.280s] [ 76%] Built target sync_time_stamp
[0.291s] [ 88%] Built target get_distance
[0.293s] [ 88%] Built target sensor_parameter
[0.296s] [ 94%] Built target find_port
[0.297s] [100%] Built target reboot_test
[0.318s] Invoked command in '/root/researchv2/build/urg_c' returned '0': CMAKE_PREFIX_PATH=${CMAKE_PREFIX_PATH}:/root/openpifpaf_ros2/install/rgbd_openpifpaf_ros2:/root/openpifpaf_ros2/install/pose_checker:/root/openpifpaf_ros2/install/openpifpaf_ros2_node:/root/researchv2/install/chaser_system:/opt/ros/galactic /usr/bin/cmake --build /root/researchv2/build/urg_c -- -j12 -l12
[0.463s] Invoking command in '/root/researchv2/build/urg_c': CMAKE_PREFIX_PATH=${CMAKE_PREFIX_PATH}:/root/openpifpaf_ros2/install/rgbd_openpifpaf_ros2:/root/openpifpaf_ros2/install/pose_checker:/root/openpifpaf_ros2/install/openpifpaf_ros2_node:/root/researchv2/install/chaser_system:/opt/ros/galactic /usr/bin/cmake --install /root/researchv2/build/urg_c
[0.485s] -- Install configuration: ""
[0.486s] -- Up-to-date: /root/researchv2/install/urg_c/lib/liburg_c.so
[0.486s] -- Up-to-date: /root/researchv2/install/urg_c/lib/libopen_urg_sensor.a
[0.486s] -- Up-to-date: /root/researchv2/install/urg_c/bin/angle_convert_test
[0.487s] -- Up-to-date: /root/researchv2/install/urg_c/bin/calculate_xy
[0.487s] -- Up-to-date: /root/researchv2/install/urg_c/bin/find_port
[0.487s] -- Up-to-date: /root/researchv2/install/urg_c/bin/get_distance
[0.488s] -- Up-to-date: /root/researchv2/install/urg_c/bin/get_distance_intensity
[0.488s] -- Up-to-date: /root/researchv2/install/urg_c/bin/get_multiecho
[0.489s] -- Up-to-date: /root/researchv2/install/urg_c/bin/get_multiecho_intensity
[0.490s] -- Up-to-date: /root/researchv2/install/urg_c/bin/reboot_test
[0.491s] -- Up-to-date: /root/researchv2/install/urg_c/bin/sensor_parameter
[0.491s] -- Up-to-date: /root/researchv2/install/urg_c/bin/sync_time_stamp
[0.496s] -- Up-to-date: /root/researchv2/install/urg_c/bin/timeout_test
[0.496s] -- Up-to-date: /root/researchv2/install/urg_c/include
[0.497s] -- Up-to-date: /root/researchv2/install/urg_c/include/urg_c
[0.497s] -- Up-to-date: /root/researchv2/install/urg_c/include/urg_c/urg_tcpclient.h
[0.498s] -- Up-to-date: /root/researchv2/install/urg_c/include/urg_c/urg_time.h
[0.498s] -- Up-to-date: /root/researchv2/install/urg_c/include/urg_c/urg_sensor.h
[0.498s] -- Up-to-date: /root/researchv2/install/urg_c/include/urg_c/urg_ring_buffer.h
[0.498s] -- Up-to-date: /root/researchv2/install/urg_c/include/urg_c/urg_serial_utils.h
[0.498s] -- Up-to-date: /root/researchv2/install/urg_c/include/urg_c/urg_errno.h
[0.498s] -- Up-to-date: /root/researchv2/install/urg_c/include/urg_c/urg_serial.h
[0.498s] -- Up-to-date: /root/researchv2/install/urg_c/include/urg_c/urg_detect_os.h
[0.498s] -- Up-to-date: /root/researchv2/install/urg_c/include/urg_c/urg_utils.h
[0.498s] -- Up-to-date: /root/researchv2/install/urg_c/include/urg_c/urg_debug.h
[0.499s] -- Up-to-date: /root/researchv2/install/urg_c/include/urg_c/urg_connection.h
[0.499s] -- Up-to-date: /root/researchv2/install/urg_c/share/urg_c/environment/library_path.sh
[0.500s] -- Up-to-date: /root/researchv2/install/urg_c/share/urg_c/environment/library_path.dsv
[0.500s] -- Up-to-date: /root/researchv2/install/urg_c/share/ament_index/resource_index/package_run_dependencies/urg_c
[0.500s] -- Up-to-date: /root/researchv2/install/urg_c/share/ament_index/resource_index/parent_prefix_path/urg_c
[0.502s] -- Up-to-date: /root/researchv2/install/urg_c/share/urg_c/environment/ament_prefix_path.sh
[0.506s] -- Up-to-date: /root/researchv2/install/urg_c/share/urg_c/environment/ament_prefix_path.dsv
[0.506s] -- Up-to-date: /root/researchv2/install/urg_c/share/urg_c/environment/path.sh
[0.507s] -- Up-to-date: /root/researchv2/install/urg_c/share/urg_c/environment/path.dsv
[0.508s] -- Up-to-date: /root/researchv2/install/urg_c/share/urg_c/local_setup.bash
[0.508s] -- Up-to-date: /root/researchv2/install/urg_c/share/urg_c/local_setup.sh
[0.508s] -- Up-to-date: /root/researchv2/install/urg_c/share/urg_c/local_setup.zsh
[0.509s] -- Up-to-date: /root/researchv2/install/urg_c/share/urg_c/local_setup.dsv
[0.509s] -- Installing: /root/researchv2/install/urg_c/share/urg_c/package.dsv
[0.510s] -- Up-to-date: /root/researchv2/install/urg_c/share/ament_index/resource_index/packages/urg_c
[0.510s] -- Up-to-date: /root/researchv2/install/urg_c/share/urg_c/cmake/ament_cmake_export_include_directories-extras.cmake
[0.510s] -- Up-to-date: /root/researchv2/install/urg_c/share/urg_c/cmake/ament_cmake_export_libraries-extras.cmake
[0.511s] -- Up-to-date: /root/researchv2/install/urg_c/share/urg_c/cmake/urg_cConfig.cmake
[0.511s] -- Up-to-date: /root/researchv2/install/urg_c/share/urg_c/cmake/urg_cConfig-version.cmake
[0.511s] -- Up-to-date: /root/researchv2/install/urg_c/share/urg_c/package.xml
[0.518s] Invoked command in '/root/researchv2/build/urg_c' returned '0': CMAKE_PREFIX_PATH=${CMAKE_PREFIX_PATH}:/root/openpifpaf_ros2/install/rgbd_openpifpaf_ros2:/root/openpifpaf_ros2/install/pose_checker:/root/openpifpaf_ros2/install/openpifpaf_ros2_node:/root/researchv2/install/chaser_system:/opt/ros/galactic /usr/bin/cmake --install /root/researchv2/build/urg_c
