[0.065s] Invoking command in '/root/researchv2/build/urg_node_msgs': CMAKE_PREFIX_PATH=${CMAKE_PREFIX_PATH}:/root/openpifpaf_ros2/install/rgbd_openpifpaf_ros2:/root/openpifpaf_ros2/install/pose_checker:/root/openpifpaf_ros2/install/openpifpaf_ros2_node:/root/researchv2/install/chaser_system:/opt/ros/galactic /usr/bin/cmake --build /root/researchv2/build/urg_node_msgs -- -j12 -l12
[0.146s] [  9%] Built target urg_node_msgs__cpp
[0.147s] [ 12%] Built target urg_node_msgs__rosidl_generator_c
[0.201s] [ 22%] Built target urg_node_msgs__rosidl_typesupport_cpp
[0.211s] [ 32%] Built target urg_node_msgs__rosidl_typesupport_introspection_cpp
[0.212s] [ 41%] Built target urg_node_msgs__rosidl_typesupport_c
[0.214s] [ 51%] Built target urg_node_msgs__rosidl_typesupport_introspection_c
[0.214s] [ 61%] Built target urg_node_msgs__rosidl_typesupport_fastrtps_cpp
[0.278s] [ 70%] Built target urg_node_msgs__rosidl_typesupport_fastrtps_c
[0.312s] [ 70%] Built target urg_node_msgs
[0.353s] [ 74%] Built target urg_node_msgs__py
[0.397s] [ 80%] Built target urg_node_msgs__python
[0.451s] [ 87%] Built target urg_node_msgs__rosidl_typesupport_c__pyext
[0.455s] [ 93%] Built target urg_node_msgs__rosidl_typesupport_introspection_c__pyext
[0.457s] [100%] Built target urg_node_msgs__rosidl_typesupport_fastrtps_c__pyext
[0.473s] Invoked command in '/root/researchv2/build/urg_node_msgs' returned '0': CMAKE_PREFIX_PATH=${CMAKE_PREFIX_PATH}:/root/openpifpaf_ros2/install/rgbd_openpifpaf_ros2:/root/openpifpaf_ros2/install/pose_checker:/root/openpifpaf_ros2/install/openpifpaf_ros2_node:/root/researchv2/install/chaser_system:/opt/ros/galactic /usr/bin/cmake --build /root/researchv2/build/urg_node_msgs -- -j12 -l12
[0.590s] Invoking command in '/root/researchv2/build/urg_node_msgs': CMAKE_PREFIX_PATH=${CMAKE_PREFIX_PATH}:/root/openpifpaf_ros2/install/rgbd_openpifpaf_ros2:/root/openpifpaf_ros2/install/pose_checker:/root/openpifpaf_ros2/install/openpifpaf_ros2_node:/root/researchv2/install/chaser_system:/opt/ros/galactic /usr/bin/cmake --install /root/researchv2/build/urg_node_msgs
[0.606s] -- Install configuration: ""
[0.606s] -- Up-to-date: /root/researchv2/install/urg_node_msgs/share/ament_index/resource_index/rosidl_interfaces/urg_node_msgs
[0.606s] -- Up-to-date: /root/researchv2/install/urg_node_msgs/include/urg_node_msgs
[0.606s] -- Up-to-date: /root/researchv2/install/urg_node_msgs/include/urg_node_msgs/msg
[0.606s] -- Up-to-date: /root/researchv2/install/urg_node_msgs/include/urg_node_msgs/msg/rosidl_generator_c__visibility_control.h
[0.607s] -- Up-to-date: /root/researchv2/install/urg_node_msgs/include/urg_node_msgs/msg/status.h
[0.607s] -- Up-to-date: /root/researchv2/install/urg_node_msgs/include/urg_node_msgs/msg/detail
[0.607s] -- Up-to-date: /root/researchv2/install/urg_node_msgs/include/urg_node_msgs/msg/detail/status__struct.h
[0.608s] -- Up-to-date: /root/researchv2/install/urg_node_msgs/include/urg_node_msgs/msg/detail/status__functions.h
[0.608s] -- Up-to-date: /root/researchv2/install/urg_node_msgs/include/urg_node_msgs/msg/detail/status__functions.c
[0.608s] -- Up-to-date: /root/researchv2/install/urg_node_msgs/include/urg_node_msgs/msg/detail/status__type_support.h
[0.608s] -- Up-to-date: /root/researchv2/install/urg_node_msgs/share/urg_node_msgs/environment/library_path.sh
[0.608s] -- Up-to-date: /root/researchv2/install/urg_node_msgs/share/urg_node_msgs/environment/library_path.dsv
[0.608s] -- Up-to-date: /root/researchv2/install/urg_node_msgs/lib/liburg_node_msgs__rosidl_generator_c.so
[0.608s] -- Up-to-date: /root/researchv2/install/urg_node_msgs/include/urg_node_msgs
[0.609s] -- Up-to-date: /root/researchv2/install/urg_node_msgs/include/urg_node_msgs/msg
[0.609s] -- Up-to-date: /root/researchv2/install/urg_node_msgs/include/urg_node_msgs/msg/detail
[0.609s] -- Up-to-date: /root/researchv2/install/urg_node_msgs/include/urg_node_msgs/msg/detail/status__rosidl_typesupport_fastrtps_c.h
[0.609s] -- Up-to-date: /root/researchv2/install/urg_node_msgs/include/urg_node_msgs/msg/rosidl_typesupport_fastrtps_c__visibility_control.h
[0.610s] -- Up-to-date: /root/researchv2/install/urg_node_msgs/lib/liburg_node_msgs__rosidl_typesupport_fastrtps_c.so
[0.610s] -- Up-to-date: /root/researchv2/install/urg_node_msgs/include/urg_node_msgs
[0.610s] -- Up-to-date: /root/researchv2/install/urg_node_msgs/include/urg_node_msgs/msg
[0.610s] -- Up-to-date: /root/researchv2/install/urg_node_msgs/include/urg_node_msgs/msg/detail
[0.610s] -- Up-to-date: /root/researchv2/install/urg_node_msgs/include/urg_node_msgs/msg/detail/status__rosidl_typesupport_fastrtps_cpp.hpp
[0.610s] -- Up-to-date: /root/researchv2/install/urg_node_msgs/include/urg_node_msgs/msg/detail/dds_fastrtps
[0.611s] -- Up-to-date: /root/researchv2/install/urg_node_msgs/include/urg_node_msgs/msg/rosidl_typesupport_fastrtps_cpp__visibility_control.h
[0.611s] -- Up-to-date: /root/researchv2/install/urg_node_msgs/lib/liburg_node_msgs__rosidl_typesupport_fastrtps_cpp.so
[0.611s] -- Up-to-date: /root/researchv2/install/urg_node_msgs/include/urg_node_msgs
[0.611s] -- Up-to-date: /root/researchv2/install/urg_node_msgs/include/urg_node_msgs/msg
[0.612s] -- Up-to-date: /root/researchv2/install/urg_node_msgs/include/urg_node_msgs/msg/detail
[0.612s] -- Up-to-date: /root/researchv2/install/urg_node_msgs/include/urg_node_msgs/msg/detail/status__rosidl_typesupport_introspection_c.h
[0.612s] -- Up-to-date: /root/researchv2/install/urg_node_msgs/include/urg_node_msgs/msg/detail/status__type_support.c
[0.612s] -- Up-to-date: /root/researchv2/install/urg_node_msgs/include/urg_node_msgs/msg/rosidl_typesupport_introspection_c__visibility_control.h
[0.613s] -- Up-to-date: /root/researchv2/install/urg_node_msgs/lib/liburg_node_msgs__rosidl_typesupport_introspection_c.so
[0.613s] -- Up-to-date: /root/researchv2/install/urg_node_msgs/lib/liburg_node_msgs__rosidl_typesupport_c.so
[0.613s] -- Up-to-date: /root/researchv2/install/urg_node_msgs/include/urg_node_msgs
[0.613s] -- Up-to-date: /root/researchv2/install/urg_node_msgs/include/urg_node_msgs/msg
[0.613s] -- Up-to-date: /root/researchv2/install/urg_node_msgs/include/urg_node_msgs/msg/status.hpp
[0.613s] -- Up-to-date: /root/researchv2/install/urg_node_msgs/include/urg_node_msgs/msg/detail
[0.614s] -- Up-to-date: /root/researchv2/install/urg_node_msgs/include/urg_node_msgs/msg/detail/status__builder.hpp
[0.614s] -- Up-to-date: /root/researchv2/install/urg_node_msgs/include/urg_node_msgs/msg/detail/status__traits.hpp
[0.614s] -- Up-to-date: /root/researchv2/install/urg_node_msgs/include/urg_node_msgs/msg/detail/status__struct.hpp
[0.614s] -- Up-to-date: /root/researchv2/install/urg_node_msgs/include/urg_node_msgs
[0.614s] -- Up-to-date: /root/researchv2/install/urg_node_msgs/include/urg_node_msgs/msg
[0.614s] -- Up-to-date: /root/researchv2/install/urg_node_msgs/include/urg_node_msgs/msg/detail
[0.615s] -- Up-to-date: /root/researchv2/install/urg_node_msgs/include/urg_node_msgs/msg/detail/status__type_support.cpp
[0.615s] -- Up-to-date: /root/researchv2/install/urg_node_msgs/include/urg_node_msgs/msg/detail/status__rosidl_typesupport_introspection_cpp.hpp
[0.615s] -- Up-to-date: /root/researchv2/install/urg_node_msgs/lib/liburg_node_msgs__rosidl_typesupport_introspection_cpp.so
[0.615s] -- Up-to-date: /root/researchv2/install/urg_node_msgs/lib/liburg_node_msgs__rosidl_typesupport_cpp.so
[0.615s] -- Up-to-date: /root/researchv2/install/urg_node_msgs/share/urg_node_msgs/environment/pythonpath.sh
[0.615s] -- Up-to-date: /root/researchv2/install/urg_node_msgs/share/urg_node_msgs/environment/pythonpath.dsv
[0.615s] -- Up-to-date: /root/researchv2/install/urg_node_msgs/lib/python3.8/site-packages/urg_node_msgs/__init__.py
[0.685s] -- Up-to-date: /root/researchv2/install/urg_node_msgs/lib/python3.8/site-packages/urg_node_msgs/msg
[0.685s] -- Up-to-date: /root/researchv2/install/urg_node_msgs/lib/python3.8/site-packages/urg_node_msgs/msg/_status_s.c
[0.685s] -- Up-to-date: /root/researchv2/install/urg_node_msgs/lib/python3.8/site-packages/urg_node_msgs/msg/_status.py
[0.685s] -- Up-to-date: /root/researchv2/install/urg_node_msgs/lib/python3.8/site-packages/urg_node_msgs/msg/__init__.py
[0.686s] -- Up-to-date: /root/researchv2/install/urg_node_msgs/lib/python3.8/site-packages/urg_node_msgs/urg_node_msgs_s__rosidl_typesupport_fastrtps_c.cpython-38-x86_64-linux-gnu.so
[0.686s] -- Up-to-date: /root/researchv2/install/urg_node_msgs/lib/python3.8/site-packages/urg_node_msgs/urg_node_msgs_s__rosidl_typesupport_introspection_c.cpython-38-x86_64-linux-gnu.so
[0.686s] -- Up-to-date: /root/researchv2/install/urg_node_msgs/lib/python3.8/site-packages/urg_node_msgs/urg_node_msgs_s__rosidl_typesupport_c.cpython-38-x86_64-linux-gnu.so
[0.687s] -- Up-to-date: /root/researchv2/install/urg_node_msgs/lib/liburg_node_msgs__python.so
[0.687s] -- Up-to-date: /root/researchv2/install/urg_node_msgs/share/urg_node_msgs/msg/Status.idl
[0.687s] -- Up-to-date: /root/researchv2/install/urg_node_msgs/share/urg_node_msgs/msg/Status.msg
[0.687s] -- Up-to-date: /root/researchv2/install/urg_node_msgs/share/urg_node_msgs/mapping_rules.yaml
[0.688s] -- Up-to-date: /root/researchv2/install/urg_node_msgs/share/ament_index/resource_index/package_run_dependencies/urg_node_msgs
[0.689s] -- Up-to-date: /root/researchv2/install/urg_node_msgs/share/ament_index/resource_index/parent_prefix_path/urg_node_msgs
[0.691s] -- Up-to-date: /root/researchv2/install/urg_node_msgs/share/urg_node_msgs/environment/ament_prefix_path.sh
[0.692s] -- Up-to-date: /root/researchv2/install/urg_node_msgs/share/urg_node_msgs/environment/ament_prefix_path.dsv
[0.692s] -- Up-to-date: /root/researchv2/install/urg_node_msgs/share/urg_node_msgs/environment/path.sh
[0.693s] -- Up-to-date: /root/researchv2/install/urg_node_msgs/share/urg_node_msgs/environment/path.dsv
[0.693s] -- Up-to-date: /root/researchv2/install/urg_node_msgs/share/urg_node_msgs/local_setup.bash
[0.693s] -- Up-to-date: /root/researchv2/install/urg_node_msgs/share/urg_node_msgs/local_setup.sh
[0.693s] -- Up-to-date: /root/researchv2/install/urg_node_msgs/share/urg_node_msgs/local_setup.zsh
[0.694s] -- Up-to-date: /root/researchv2/install/urg_node_msgs/share/urg_node_msgs/local_setup.dsv
[0.694s] -- Installing: /root/researchv2/install/urg_node_msgs/share/urg_node_msgs/package.dsv
[0.697s] -- Up-to-date: /root/researchv2/install/urg_node_msgs/share/ament_index/resource_index/packages/urg_node_msgs
[0.697s] -- Up-to-date: /root/researchv2/install/urg_node_msgs/share/urg_node_msgs/cmake/urg_node_msgs__rosidl_generator_cExport.cmake
[0.698s] -- Up-to-date: /root/researchv2/install/urg_node_msgs/share/urg_node_msgs/cmake/urg_node_msgs__rosidl_generator_cExport-noconfig.cmake
[0.698s] -- Up-to-date: /root/researchv2/install/urg_node_msgs/share/urg_node_msgs/cmake/urg_node_msgs__rosidl_typesupport_introspection_cExport.cmake
[0.698s] -- Up-to-date: /root/researchv2/install/urg_node_msgs/share/urg_node_msgs/cmake/urg_node_msgs__rosidl_typesupport_introspection_cExport-noconfig.cmake
[0.698s] -- Up-to-date: /root/researchv2/install/urg_node_msgs/share/urg_node_msgs/cmake/urg_node_msgs__rosidl_typesupport_cExport.cmake
[0.699s] -- Up-to-date: /root/researchv2/install/urg_node_msgs/share/urg_node_msgs/cmake/urg_node_msgs__rosidl_typesupport_cExport-noconfig.cmake
[0.699s] -- Up-to-date: /root/researchv2/install/urg_node_msgs/share/urg_node_msgs/cmake/urg_node_msgs__rosidl_generator_cppExport.cmake
[0.700s] -- Up-to-date: /root/researchv2/install/urg_node_msgs/share/urg_node_msgs/cmake/urg_node_msgs__rosidl_typesupport_introspection_cppExport.cmake
[0.700s] -- Up-to-date: /root/researchv2/install/urg_node_msgs/share/urg_node_msgs/cmake/urg_node_msgs__rosidl_typesupport_introspection_cppExport-noconfig.cmake
[0.700s] -- Up-to-date: /root/researchv2/install/urg_node_msgs/share/urg_node_msgs/cmake/urg_node_msgs__rosidl_typesupport_cppExport.cmake
[0.701s] -- Up-to-date: /root/researchv2/install/urg_node_msgs/share/urg_node_msgs/cmake/urg_node_msgs__rosidl_typesupport_cppExport-noconfig.cmake
[0.701s] -- Up-to-date: /root/researchv2/install/urg_node_msgs/share/urg_node_msgs/cmake/rosidl_cmake-extras.cmake
[0.701s] -- Up-to-date: /root/researchv2/install/urg_node_msgs/share/urg_node_msgs/cmake/ament_cmake_export_dependencies-extras.cmake
[0.702s] -- Up-to-date: /root/researchv2/install/urg_node_msgs/share/urg_node_msgs/cmake/ament_cmake_export_libraries-extras.cmake
[0.702s] -- Up-to-date: /root/researchv2/install/urg_node_msgs/share/urg_node_msgs/cmake/ament_cmake_export_targets-extras.cmake
[0.702s] -- Up-to-date: /root/researchv2/install/urg_node_msgs/share/urg_node_msgs/cmake/ament_cmake_export_include_directories-extras.cmake
[0.703s] -- Up-to-date: /root/researchv2/install/urg_node_msgs/share/urg_node_msgs/cmake/rosidl_cmake_export_typesupport_libraries-extras.cmake
[0.703s] -- Up-to-date: /root/researchv2/install/urg_node_msgs/share/urg_node_msgs/cmake/rosidl_cmake_export_typesupport_targets-extras.cmake
[0.703s] -- Up-to-date: /root/researchv2/install/urg_node_msgs/share/urg_node_msgs/cmake/urg_node_msgsConfig.cmake
[0.704s] -- Up-to-date: /root/researchv2/install/urg_node_msgs/share/urg_node_msgs/cmake/urg_node_msgsConfig-version.cmake
[0.709s] -- Up-to-date: /root/researchv2/install/urg_node_msgs/share/urg_node_msgs/package.xml
[0.710s] Invoked command in '/root/researchv2/build/urg_node_msgs' returned '0': CMAKE_PREFIX_PATH=${CMAKE_PREFIX_PATH}:/root/openpifpaf_ros2/install/rgbd_openpifpaf_ros2:/root/openpifpaf_ros2/install/pose_checker:/root/openpifpaf_ros2/install/openpifpaf_ros2_node:/root/researchv2/install/chaser_system:/opt/ros/galactic /usr/bin/cmake --install /root/researchv2/build/urg_node_msgs
