-- The C compiler identification is GNU 9.4.0
-- The CXX compiler identification is GNU 9.4.0
-- Check for working C compiler: /usr/bin/cc
-- Check for working C compiler: /usr/bin/cc -- works
-- Detecting C compiler ABI info
-- Detecting C compiler ABI info - done
-- Detecting C compile features
-- Detecting C compile features - done
-- Check for working CXX compiler: /usr/bin/c++
-- Check for working CXX compiler: /usr/bin/c++ -- works
-- Detecting CXX compiler ABI info
-- Detecting CXX compiler ABI info - done
-- Detecting CXX compile features
-- Detecting CXX compile features - done
-- Found ament_cmake: 0.9.11 (/opt/ros/foxy/share/ament_cmake/cmake)
-- Found PythonInterp: /usr/bin/python3 (found suitable version "3.8.10", minimum required is "3") 
-- Using PYTHON_EXECUTABLE: /usr/bin/python3
-- Override CMake install command with custom implementation using symlinks instead of copying resources
-- Configuring done
-- Generating done
-- Build files have been written to: /root/researchv2/build/turtlebot3_simulations
-- Install configuration: ""
-- Execute custom install script
-- Symlinking: /root/researchv2/install/turtlebot3_simulations/share/ament_index/resource_index/package_run_dependencies/turtlebot3_simulations
-- Symlinking: /root/researchv2/install/turtlebot3_simulations/share/ament_index/resource_index/parent_prefix_path/turtlebot3_simulations
-- Symlinking: /root/researchv2/install/turtlebot3_simulations/share/turtlebot3_simulations/environment/ament_prefix_path.sh
-- Symlinking: /root/researchv2/install/turtlebot3_simulations/share/turtlebot3_simulations/environment/ament_prefix_path.dsv
-- Symlinking: /root/researchv2/install/turtlebot3_simulations/share/turtlebot3_simulations/environment/path.sh
-- Symlinking: /root/researchv2/install/turtlebot3_simulations/share/turtlebot3_simulations/environment/path.dsv
-- Symlinking: /root/researchv2/install/turtlebot3_simulations/share/turtlebot3_simulations/local_setup.bash
-- Symlinking: /root/researchv2/install/turtlebot3_simulations/share/turtlebot3_simulations/local_setup.sh
-- Symlinking: /root/researchv2/install/turtlebot3_simulations/share/turtlebot3_simulations/local_setup.zsh
-- Symlinking: /root/researchv2/install/turtlebot3_simulations/share/turtlebot3_simulations/local_setup.dsv
-- Symlinking: /root/researchv2/install/turtlebot3_simulations/share/turtlebot3_simulations/package.dsv
-- Symlinking: /root/researchv2/install/turtlebot3_simulations/share/ament_index/resource_index/packages/turtlebot3_simulations
-- Symlinking: /root/researchv2/install/turtlebot3_simulations/share/turtlebot3_simulations/cmake/turtlebot3_simulationsConfig.cmake
-- Symlinking: /root/researchv2/install/turtlebot3_simulations/share/turtlebot3_simulations/cmake/turtlebot3_simulationsConfig-version.cmake
-- Symlinking: /root/researchv2/install/turtlebot3_simulations/share/turtlebot3_simulations/package.xml
