[0.020s] Invoking command in '/root/researchv2/build/turtlebot3_simulations': AMENT_PREFIX_PATH=/root/researchv2/install/turtlebot3_gazebo:/root/researchv2/install/turtlebot3_fake_node:${AMENT_PREFIX_PATH} CMAKE_PREFIX_PATH=/root/researchv2/install/turtlebot3_gazebo:/root/researchv2/install/turtlebot3_fake_node:/opt/ros/foxy /usr/bin/cmake /root/researchv2/src/turtlebot3_simulations/turtlebot3_simulations -DAMENT_CMAKE_SYMLINK_INSTALL=1 -DCMAKE_INSTALL_PREFIX=/root/researchv2/install/turtlebot3_simulations
[0.115s] -- The C compiler identification is GNU 9.4.0
[0.207s] -- The CXX compiler identification is GNU 9.4.0
[0.215s] -- Check for working C compiler: /usr/bin/cc
[0.326s] -- Check for working C compiler: /usr/bin/cc -- works
[0.327s] -- Detecting C compiler ABI info
[0.450s] -- Detecting C compiler ABI info - done
[0.478s] -- Detecting C compile features
[0.479s] -- Detecting C compile features - done
[0.484s] -- Check for working CXX compiler: /usr/bin/c++
[0.615s] -- Check for working CXX compiler: /usr/bin/c++ -- works
[0.617s] -- Detecting CXX compiler ABI info
[0.740s] -- Detecting CXX compiler ABI info - done
[0.767s] -- Detecting CXX compile features
[0.768s] -- Detecting CXX compile features - done
[0.772s] -- Found ament_cmake: 0.9.11 (/opt/ros/foxy/share/ament_cmake/cmake)
[0.812s] -- Found PythonInterp: /usr/bin/python3 (found suitable version "3.8.10", minimum required is "3") 
[0.812s] -- Using PYTHON_EXECUTABLE: /usr/bin/python3
[1.193s] -- Override CMake install command with custom implementation using symlinks instead of copying resources
[1.366s] -- Configuring done
[1.370s] -- Generating done
[1.372s] -- Build files have been written to: /root/researchv2/build/turtlebot3_simulations
[1.377s] Invoked command in '/root/researchv2/build/turtlebot3_simulations' returned '0': AMENT_PREFIX_PATH=/root/researchv2/install/turtlebot3_gazebo:/root/researchv2/install/turtlebot3_fake_node:${AMENT_PREFIX_PATH} CMAKE_PREFIX_PATH=/root/researchv2/install/turtlebot3_gazebo:/root/researchv2/install/turtlebot3_fake_node:/opt/ros/foxy /usr/bin/cmake /root/researchv2/src/turtlebot3_simulations/turtlebot3_simulations -DAMENT_CMAKE_SYMLINK_INSTALL=1 -DCMAKE_INSTALL_PREFIX=/root/researchv2/install/turtlebot3_simulations
[1.381s] Invoking command in '/root/researchv2/build/turtlebot3_simulations': AMENT_PREFIX_PATH=/root/researchv2/install/turtlebot3_gazebo:/root/researchv2/install/turtlebot3_fake_node:${AMENT_PREFIX_PATH} CMAKE_PREFIX_PATH=/root/researchv2/install/turtlebot3_gazebo:/root/researchv2/install/turtlebot3_fake_node:/opt/ros/foxy /usr/bin/cmake --build /root/researchv2/build/turtlebot3_simulations -- -j12 -l12
[1.459s] Invoked command in '/root/researchv2/build/turtlebot3_simulations' returned '0': AMENT_PREFIX_PATH=/root/researchv2/install/turtlebot3_gazebo:/root/researchv2/install/turtlebot3_fake_node:${AMENT_PREFIX_PATH} CMAKE_PREFIX_PATH=/root/researchv2/install/turtlebot3_gazebo:/root/researchv2/install/turtlebot3_fake_node:/opt/ros/foxy /usr/bin/cmake --build /root/researchv2/build/turtlebot3_simulations -- -j12 -l12
[1.500s] Invoking command in '/root/researchv2/build/turtlebot3_simulations': AMENT_PREFIX_PATH=/root/researchv2/install/turtlebot3_gazebo:/root/researchv2/install/turtlebot3_fake_node:${AMENT_PREFIX_PATH} CMAKE_PREFIX_PATH=/root/researchv2/install/turtlebot3_gazebo:/root/researchv2/install/turtlebot3_fake_node:/opt/ros/foxy /usr/bin/cmake --install /root/researchv2/build/turtlebot3_simulations
[1.512s] -- Install configuration: ""
[1.513s] -- Execute custom install script
[1.514s] -- Symlinking: /root/researchv2/install/turtlebot3_simulations/share/ament_index/resource_index/package_run_dependencies/turtlebot3_simulations
[1.528s] -- Symlinking: /root/researchv2/install/turtlebot3_simulations/share/ament_index/resource_index/parent_prefix_path/turtlebot3_simulations
[1.543s] -- Symlinking: /root/researchv2/install/turtlebot3_simulations/share/turtlebot3_simulations/environment/ament_prefix_path.sh
[1.555s] -- Symlinking: /root/researchv2/install/turtlebot3_simulations/share/turtlebot3_simulations/environment/ament_prefix_path.dsv
[1.568s] -- Symlinking: /root/researchv2/install/turtlebot3_simulations/share/turtlebot3_simulations/environment/path.sh
[1.581s] -- Symlinking: /root/researchv2/install/turtlebot3_simulations/share/turtlebot3_simulations/environment/path.dsv
[1.593s] -- Symlinking: /root/researchv2/install/turtlebot3_simulations/share/turtlebot3_simulations/local_setup.bash
[1.606s] -- Symlinking: /root/researchv2/install/turtlebot3_simulations/share/turtlebot3_simulations/local_setup.sh
[1.620s] -- Symlinking: /root/researchv2/install/turtlebot3_simulations/share/turtlebot3_simulations/local_setup.zsh
[1.635s] -- Symlinking: /root/researchv2/install/turtlebot3_simulations/share/turtlebot3_simulations/local_setup.dsv
[1.648s] -- Symlinking: /root/researchv2/install/turtlebot3_simulations/share/turtlebot3_simulations/package.dsv
[1.660s] -- Symlinking: /root/researchv2/install/turtlebot3_simulations/share/ament_index/resource_index/packages/turtlebot3_simulations
[1.674s] -- Symlinking: /root/researchv2/install/turtlebot3_simulations/share/turtlebot3_simulations/cmake/turtlebot3_simulationsConfig.cmake
[1.685s] -- Symlinking: /root/researchv2/install/turtlebot3_simulations/share/turtlebot3_simulations/cmake/turtlebot3_simulationsConfig-version.cmake
[1.700s] -- Symlinking: /root/researchv2/install/turtlebot3_simulations/share/turtlebot3_simulations/package.xml
[1.724s] Invoked command in '/root/researchv2/build/turtlebot3_simulations' returned '0': AMENT_PREFIX_PATH=/root/researchv2/install/turtlebot3_gazebo:/root/researchv2/install/turtlebot3_fake_node:${AMENT_PREFIX_PATH} CMAKE_PREFIX_PATH=/root/researchv2/install/turtlebot3_gazebo:/root/researchv2/install/turtlebot3_fake_node:/opt/ros/foxy /usr/bin/cmake --install /root/researchv2/build/turtlebot3_simulations
