[0.076s] Invoking command in '/root/researchv2/build/mymsg': CMAKE_PREFIX_PATH=${CMAKE_PREFIX_PATH}:/root/openpifpaf_ros2/install/rgbd_openpifpaf_ros2:/root/openpifpaf_ros2/install/pose_checker:/root/openpifpaf_ros2/install/openpifpaf_ros2_node:/root/researchv2/install/chaser_system:/opt/ros/galactic /usr/bin/cmake --build /root/researchv2/build/mymsg -- -j12 -l12
[0.164s] [  1%] Built target mymsg__cpp
[0.168s] [ 12%] Built target mymsg__rosidl_generator_c
[0.218s] [ 23%] Built target mymsg__rosidl_typesupport_cpp
[0.230s] [ 35%] Built target mymsg__rosidl_typesupport_c
[0.235s] [ 46%] Built target mymsg__rosidl_typesupport_introspection_cpp
[0.248s] [ 64%] Built target mymsg__rosidl_typesupport_introspection_c
[0.250s] [ 69%] Built target mymsg__rosidl_typesupport_fastrtps_cpp
[0.336s] [ 80%] Built target mymsg__rosidl_typesupport_fastrtps_c
[0.371s] [ 80%] Built target mymsg
[0.407s] [ 81%] Built target mymsg__py
[0.470s] [ 91%] Built target mymsg__python
[0.531s] [ 97%] Built target mymsg__rosidl_typesupport_introspection_c__pyext
[0.531s] [ 97%] Built target mymsg__rosidl_typesupport_fastrtps_c__pyext
[0.532s] [100%] Built target mymsg__rosidl_typesupport_c__pyext
[0.570s] Invoked command in '/root/researchv2/build/mymsg' returned '0': CMAKE_PREFIX_PATH=${CMAKE_PREFIX_PATH}:/root/openpifpaf_ros2/install/rgbd_openpifpaf_ros2:/root/openpifpaf_ros2/install/pose_checker:/root/openpifpaf_ros2/install/openpifpaf_ros2_node:/root/researchv2/install/chaser_system:/opt/ros/galactic /usr/bin/cmake --build /root/researchv2/build/mymsg -- -j12 -l12
[0.826s] Invoking command in '/root/researchv2/build/mymsg': CMAKE_PREFIX_PATH=${CMAKE_PREFIX_PATH}:/root/openpifpaf_ros2/install/rgbd_openpifpaf_ros2:/root/openpifpaf_ros2/install/pose_checker:/root/openpifpaf_ros2/install/openpifpaf_ros2_node:/root/researchv2/install/chaser_system:/opt/ros/galactic /usr/bin/cmake --install /root/researchv2/build/mymsg
[0.841s] -- Install configuration: ""
[0.842s] -- Up-to-date: /root/researchv2/install/mymsg/share/ament_index/resource_index/rosidl_interfaces/mymsg
[0.842s] -- Up-to-date: /root/researchv2/install/mymsg/include/mymsg
[0.842s] -- Up-to-date: /root/researchv2/install/mymsg/include/mymsg/srv
[0.843s] -- Up-to-date: /root/researchv2/install/mymsg/include/mymsg/srv/imagedata.h
[0.843s] -- Up-to-date: /root/researchv2/install/mymsg/include/mymsg/srv/detail
[0.843s] -- Up-to-date: /root/researchv2/install/mymsg/include/mymsg/srv/detail/waypoints__type_support.h
[0.843s] -- Up-to-date: /root/researchv2/install/mymsg/include/mymsg/srv/detail/waypoints__functions.c
[0.843s] -- Up-to-date: /root/researchv2/install/mymsg/include/mymsg/srv/detail/imagedata__functions.c
[0.843s] -- Up-to-date: /root/researchv2/install/mymsg/include/mymsg/srv/detail/imagedata__functions.h
[0.843s] -- Up-to-date: /root/researchv2/install/mymsg/include/mymsg/srv/detail/imagedata__struct.h
[0.844s] -- Up-to-date: /root/researchv2/install/mymsg/include/mymsg/srv/detail/waypoints__struct.h
[0.844s] -- Up-to-date: /root/researchv2/install/mymsg/include/mymsg/srv/detail/imagedata__type_support.h
[0.844s] -- Up-to-date: /root/researchv2/install/mymsg/include/mymsg/srv/detail/waypoints__functions.h
[0.844s] -- Up-to-date: /root/researchv2/install/mymsg/include/mymsg/srv/waypoints.h
[0.844s] -- Up-to-date: /root/researchv2/install/mymsg/include/mymsg/msg
[0.845s] -- Up-to-date: /root/researchv2/install/mymsg/include/mymsg/msg/multi_transform.h
[0.845s] -- Up-to-date: /root/researchv2/install/mymsg/include/mymsg/msg/rosidl_generator_c__visibility_control.h
[0.845s] -- Up-to-date: /root/researchv2/install/mymsg/include/mymsg/msg/poses.h
[0.845s] -- Up-to-date: /root/researchv2/install/mymsg/include/mymsg/msg/detail
[0.846s] -- Up-to-date: /root/researchv2/install/mymsg/include/mymsg/msg/detail/multi_transform__type_support.h
[0.846s] -- Up-to-date: /root/researchv2/install/mymsg/include/mymsg/msg/detail/pose__functions.h
[0.846s] -- Up-to-date: /root/researchv2/install/mymsg/include/mymsg/msg/detail/multi_transform__functions.h
[0.846s] -- Up-to-date: /root/researchv2/install/mymsg/include/mymsg/msg/detail/transform__functions.c
[0.846s] -- Up-to-date: /root/researchv2/install/mymsg/include/mymsg/msg/detail/pose__struct.h
[0.847s] -- Up-to-date: /root/researchv2/install/mymsg/include/mymsg/msg/detail/multi_transform__struct.h
[0.847s] -- Up-to-date: /root/researchv2/install/mymsg/include/mymsg/msg/detail/pose__type_support.h
[0.847s] -- Up-to-date: /root/researchv2/install/mymsg/include/mymsg/msg/detail/poses__type_support.h
[0.847s] -- Up-to-date: /root/researchv2/install/mymsg/include/mymsg/msg/detail/transform__type_support.h
[0.847s] -- Up-to-date: /root/researchv2/install/mymsg/include/mymsg/msg/detail/transform__struct.h
[0.848s] -- Up-to-date: /root/researchv2/install/mymsg/include/mymsg/msg/detail/poses__functions.c
[0.848s] -- Up-to-date: /root/researchv2/install/mymsg/include/mymsg/msg/detail/multi_transform__functions.c
[0.848s] -- Up-to-date: /root/researchv2/install/mymsg/include/mymsg/msg/detail/transform__functions.h
[0.848s] -- Up-to-date: /root/researchv2/install/mymsg/include/mymsg/msg/detail/poses__struct.h
[0.848s] -- Up-to-date: /root/researchv2/install/mymsg/include/mymsg/msg/detail/pose__functions.c
[0.848s] -- Up-to-date: /root/researchv2/install/mymsg/include/mymsg/msg/detail/poses__functions.h
[0.848s] -- Up-to-date: /root/researchv2/install/mymsg/include/mymsg/msg/transform.h
[0.849s] -- Up-to-date: /root/researchv2/install/mymsg/include/mymsg/msg/pose.h
[0.849s] -- Up-to-date: /root/researchv2/install/mymsg/share/mymsg/environment/library_path.sh
[0.849s] -- Up-to-date: /root/researchv2/install/mymsg/share/mymsg/environment/library_path.dsv
[0.849s] -- Up-to-date: /root/researchv2/install/mymsg/lib/libmymsg__rosidl_generator_c.so
[0.850s] -- Up-to-date: /root/researchv2/install/mymsg/include/mymsg
[0.850s] -- Up-to-date: /root/researchv2/install/mymsg/include/mymsg/srv
[0.850s] -- Up-to-date: /root/researchv2/install/mymsg/include/mymsg/srv/detail
[0.850s] -- Up-to-date: /root/researchv2/install/mymsg/include/mymsg/srv/detail/imagedata__rosidl_typesupport_fastrtps_c.h
[0.851s] -- Up-to-date: /root/researchv2/install/mymsg/include/mymsg/srv/detail/waypoints__rosidl_typesupport_fastrtps_c.h
[0.851s] -- Up-to-date: /root/researchv2/install/mymsg/include/mymsg/msg
[0.851s] -- Up-to-date: /root/researchv2/install/mymsg/include/mymsg/msg/detail
[0.851s] -- Up-to-date: /root/researchv2/install/mymsg/include/mymsg/msg/detail/poses__rosidl_typesupport_fastrtps_c.h
[0.851s] -- Up-to-date: /root/researchv2/install/mymsg/include/mymsg/msg/detail/multi_transform__rosidl_typesupport_fastrtps_c.h
[0.852s] -- Up-to-date: /root/researchv2/install/mymsg/include/mymsg/msg/detail/transform__rosidl_typesupport_fastrtps_c.h
[0.852s] -- Up-to-date: /root/researchv2/install/mymsg/include/mymsg/msg/detail/pose__rosidl_typesupport_fastrtps_c.h
[0.852s] -- Up-to-date: /root/researchv2/install/mymsg/include/mymsg/msg/rosidl_typesupport_fastrtps_c__visibility_control.h
[0.852s] -- Up-to-date: /root/researchv2/install/mymsg/lib/libmymsg__rosidl_typesupport_fastrtps_c.so
[0.852s] -- Up-to-date: /root/researchv2/install/mymsg/include/mymsg
[0.852s] -- Up-to-date: /root/researchv2/install/mymsg/include/mymsg/srv
[0.852s] -- Up-to-date: /root/researchv2/install/mymsg/include/mymsg/srv/detail
[0.853s] -- Up-to-date: /root/researchv2/install/mymsg/include/mymsg/srv/detail/imagedata__rosidl_typesupport_fastrtps_cpp.hpp
[0.853s] -- Up-to-date: /root/researchv2/install/mymsg/include/mymsg/srv/detail/waypoints__rosidl_typesupport_fastrtps_cpp.hpp
[0.853s] -- Up-to-date: /root/researchv2/install/mymsg/include/mymsg/srv/detail/dds_fastrtps
[0.853s] -- Up-to-date: /root/researchv2/install/mymsg/include/mymsg/msg
[0.853s] -- Up-to-date: /root/researchv2/install/mymsg/include/mymsg/msg/detail
[0.853s] -- Up-to-date: /root/researchv2/install/mymsg/include/mymsg/msg/detail/multi_transform__rosidl_typesupport_fastrtps_cpp.hpp
[0.853s] -- Up-to-date: /root/researchv2/install/mymsg/include/mymsg/msg/detail/pose__rosidl_typesupport_fastrtps_cpp.hpp
[0.854s] -- Up-to-date: /root/researchv2/install/mymsg/include/mymsg/msg/detail/transform__rosidl_typesupport_fastrtps_cpp.hpp
[0.854s] -- Up-to-date: /root/researchv2/install/mymsg/include/mymsg/msg/detail/poses__rosidl_typesupport_fastrtps_cpp.hpp
[0.854s] -- Up-to-date: /root/researchv2/install/mymsg/include/mymsg/msg/detail/dds_fastrtps
[0.854s] -- Up-to-date: /root/researchv2/install/mymsg/include/mymsg/msg/rosidl_typesupport_fastrtps_cpp__visibility_control.h
[0.854s] -- Up-to-date: /root/researchv2/install/mymsg/lib/libmymsg__rosidl_typesupport_fastrtps_cpp.so
[0.854s] -- Up-to-date: /root/researchv2/install/mymsg/include/mymsg
[0.855s] -- Up-to-date: /root/researchv2/install/mymsg/include/mymsg/srv
[0.855s] -- Up-to-date: /root/researchv2/install/mymsg/include/mymsg/srv/detail
[0.855s] -- Up-to-date: /root/researchv2/install/mymsg/include/mymsg/srv/detail/imagedata__type_support.c
[0.855s] -- Up-to-date: /root/researchv2/install/mymsg/include/mymsg/srv/detail/waypoints__rosidl_typesupport_introspection_c.h
[0.855s] -- Up-to-date: /root/researchv2/install/mymsg/include/mymsg/srv/detail/waypoints__type_support.c
[0.855s] -- Up-to-date: /root/researchv2/install/mymsg/include/mymsg/srv/detail/imagedata__rosidl_typesupport_introspection_c.h
[0.856s] -- Up-to-date: /root/researchv2/install/mymsg/include/mymsg/msg
[0.856s] -- Up-to-date: /root/researchv2/install/mymsg/include/mymsg/msg/detail
[0.856s] -- Up-to-date: /root/researchv2/install/mymsg/include/mymsg/msg/detail/pose__rosidl_typesupport_introspection_c.h
[0.856s] -- Up-to-date: /root/researchv2/install/mymsg/include/mymsg/msg/detail/transform__type_support.c
[0.856s] -- Up-to-date: /root/researchv2/install/mymsg/include/mymsg/msg/detail/multi_transform__rosidl_typesupport_introspection_c.h
[0.856s] -- Up-to-date: /root/researchv2/install/mymsg/include/mymsg/msg/detail/transform__rosidl_typesupport_introspection_c.h
[0.857s] -- Up-to-date: /root/researchv2/install/mymsg/include/mymsg/msg/detail/multi_transform__type_support.c
[0.857s] -- Up-to-date: /root/researchv2/install/mymsg/include/mymsg/msg/detail/poses__type_support.c
[0.857s] -- Up-to-date: /root/researchv2/install/mymsg/include/mymsg/msg/detail/pose__type_support.c
[0.857s] -- Up-to-date: /root/researchv2/install/mymsg/include/mymsg/msg/detail/poses__rosidl_typesupport_introspection_c.h
[0.857s] -- Up-to-date: /root/researchv2/install/mymsg/include/mymsg/msg/rosidl_typesupport_introspection_c__visibility_control.h
[0.858s] -- Up-to-date: /root/researchv2/install/mymsg/lib/libmymsg__rosidl_typesupport_introspection_c.so
[0.858s] -- Up-to-date: /root/researchv2/install/mymsg/lib/libmymsg__rosidl_typesupport_c.so
[0.858s] -- Up-to-date: /root/researchv2/install/mymsg/include/mymsg
[0.858s] -- Up-to-date: /root/researchv2/install/mymsg/include/mymsg/srv
[0.858s] -- Up-to-date: /root/researchv2/install/mymsg/include/mymsg/srv/waypoints.hpp
[0.858s] -- Up-to-date: /root/researchv2/install/mymsg/include/mymsg/srv/detail
[0.858s] -- Up-to-date: /root/researchv2/install/mymsg/include/mymsg/srv/detail/waypoints__struct.hpp
[0.858s] -- Up-to-date: /root/researchv2/install/mymsg/include/mymsg/srv/detail/imagedata__traits.hpp
[0.859s] -- Up-to-date: /root/researchv2/install/mymsg/include/mymsg/srv/detail/waypoints__traits.hpp
[0.859s] -- Up-to-date: /root/researchv2/install/mymsg/include/mymsg/srv/detail/imagedata__builder.hpp
[0.859s] -- Up-to-date: /root/researchv2/install/mymsg/include/mymsg/srv/detail/imagedata__struct.hpp
[0.859s] -- Up-to-date: /root/researchv2/install/mymsg/include/mymsg/srv/detail/waypoints__builder.hpp
[0.859s] -- Up-to-date: /root/researchv2/install/mymsg/include/mymsg/srv/imagedata.hpp
[0.859s] -- Up-to-date: /root/researchv2/install/mymsg/include/mymsg/msg
[0.859s] -- Up-to-date: /root/researchv2/install/mymsg/include/mymsg/msg/multi_transform.hpp
[0.860s] -- Up-to-date: /root/researchv2/install/mymsg/include/mymsg/msg/transform.hpp
[0.860s] -- Up-to-date: /root/researchv2/install/mymsg/include/mymsg/msg/detail
[0.860s] -- Up-to-date: /root/researchv2/install/mymsg/include/mymsg/msg/detail/poses__struct.hpp
[0.860s] -- Up-to-date: /root/researchv2/install/mymsg/include/mymsg/msg/detail/multi_transform__struct.hpp
[0.860s] -- Up-to-date: /root/researchv2/install/mymsg/include/mymsg/msg/detail/multi_transform__traits.hpp
[0.861s] -- Up-to-date: /root/researchv2/install/mymsg/include/mymsg/msg/detail/poses__builder.hpp
[0.861s] -- Up-to-date: /root/researchv2/install/mymsg/include/mymsg/msg/detail/transform__struct.hpp
[0.861s] -- Up-to-date: /root/researchv2/install/mymsg/include/mymsg/msg/detail/pose__struct.hpp
[0.861s] -- Up-to-date: /root/researchv2/install/mymsg/include/mymsg/msg/detail/pose__traits.hpp
[0.861s] -- Up-to-date: /root/researchv2/install/mymsg/include/mymsg/msg/detail/transform__traits.hpp
[0.861s] -- Up-to-date: /root/researchv2/install/mymsg/include/mymsg/msg/detail/poses__traits.hpp
[0.861s] -- Up-to-date: /root/researchv2/install/mymsg/include/mymsg/msg/detail/transform__builder.hpp
[0.861s] -- Up-to-date: /root/researchv2/install/mymsg/include/mymsg/msg/detail/multi_transform__builder.hpp
[0.862s] -- Up-to-date: /root/researchv2/install/mymsg/include/mymsg/msg/detail/pose__builder.hpp
[0.862s] -- Up-to-date: /root/researchv2/install/mymsg/include/mymsg/msg/pose.hpp
[0.862s] -- Up-to-date: /root/researchv2/install/mymsg/include/mymsg/msg/poses.hpp
[0.862s] -- Up-to-date: /root/researchv2/install/mymsg/include/mymsg
[0.862s] -- Up-to-date: /root/researchv2/install/mymsg/include/mymsg/srv
[0.862s] -- Up-to-date: /root/researchv2/install/mymsg/include/mymsg/srv/detail
[0.862s] -- Up-to-date: /root/researchv2/install/mymsg/include/mymsg/srv/detail/imagedata__rosidl_typesupport_introspection_cpp.hpp
[0.863s] -- Up-to-date: /root/researchv2/install/mymsg/include/mymsg/srv/detail/imagedata__type_support.cpp
[0.863s] -- Up-to-date: /root/researchv2/install/mymsg/include/mymsg/srv/detail/waypoints__type_support.cpp
[0.863s] -- Up-to-date: /root/researchv2/install/mymsg/include/mymsg/srv/detail/waypoints__rosidl_typesupport_introspection_cpp.hpp
[0.863s] -- Up-to-date: /root/researchv2/install/mymsg/include/mymsg/msg
[0.863s] -- Up-to-date: /root/researchv2/install/mymsg/include/mymsg/msg/detail
[0.863s] -- Up-to-date: /root/researchv2/install/mymsg/include/mymsg/msg/detail/poses__type_support.cpp
[0.863s] -- Up-to-date: /root/researchv2/install/mymsg/include/mymsg/msg/detail/multi_transform__type_support.cpp
[0.863s] -- Up-to-date: /root/researchv2/install/mymsg/include/mymsg/msg/detail/transform__type_support.cpp
[0.863s] -- Up-to-date: /root/researchv2/install/mymsg/include/mymsg/msg/detail/pose__type_support.cpp
[0.864s] -- Up-to-date: /root/researchv2/install/mymsg/include/mymsg/msg/detail/multi_transform__rosidl_typesupport_introspection_cpp.hpp
[0.864s] -- Up-to-date: /root/researchv2/install/mymsg/include/mymsg/msg/detail/pose__rosidl_typesupport_introspection_cpp.hpp
[0.864s] -- Up-to-date: /root/researchv2/install/mymsg/include/mymsg/msg/detail/transform__rosidl_typesupport_introspection_cpp.hpp
[0.864s] -- Up-to-date: /root/researchv2/install/mymsg/include/mymsg/msg/detail/poses__rosidl_typesupport_introspection_cpp.hpp
[0.864s] -- Up-to-date: /root/researchv2/install/mymsg/lib/libmymsg__rosidl_typesupport_introspection_cpp.so
[0.864s] -- Up-to-date: /root/researchv2/install/mymsg/lib/libmymsg__rosidl_typesupport_cpp.so
[0.864s] -- Up-to-date: /root/researchv2/install/mymsg/share/mymsg/environment/pythonpath.sh
[0.864s] -- Up-to-date: /root/researchv2/install/mymsg/share/mymsg/environment/pythonpath.dsv
[0.865s] -- Up-to-date: /root/researchv2/install/mymsg/lib/python3.8/site-packages/mymsg/__init__.py
[0.914s] -- Up-to-date: /root/researchv2/install/mymsg/lib/python3.8/site-packages/mymsg/msg
[0.914s] -- Up-to-date: /root/researchv2/install/mymsg/lib/python3.8/site-packages/mymsg/msg/_transform_s.c
[0.914s] -- Up-to-date: /root/researchv2/install/mymsg/lib/python3.8/site-packages/mymsg/msg/_multi_transform_s.c
[0.914s] -- Up-to-date: /root/researchv2/install/mymsg/lib/python3.8/site-packages/mymsg/msg/_pose_s.c
[0.914s] -- Up-to-date: /root/researchv2/install/mymsg/lib/python3.8/site-packages/mymsg/msg/_transform.py
[0.915s] -- Up-to-date: /root/researchv2/install/mymsg/lib/python3.8/site-packages/mymsg/msg/_poses_s.c
[0.915s] -- Up-to-date: /root/researchv2/install/mymsg/lib/python3.8/site-packages/mymsg/msg/_poses.py
[0.915s] -- Up-to-date: /root/researchv2/install/mymsg/lib/python3.8/site-packages/mymsg/msg/__init__.py
[0.915s] -- Up-to-date: /root/researchv2/install/mymsg/lib/python3.8/site-packages/mymsg/msg/_pose.py
[0.915s] -- Up-to-date: /root/researchv2/install/mymsg/lib/python3.8/site-packages/mymsg/msg/_multi_transform.py
[0.916s] -- Up-to-date: /root/researchv2/install/mymsg/lib/python3.8/site-packages/mymsg/srv
[0.916s] -- Up-to-date: /root/researchv2/install/mymsg/lib/python3.8/site-packages/mymsg/srv/_waypoints.py
[0.916s] -- Up-to-date: /root/researchv2/install/mymsg/lib/python3.8/site-packages/mymsg/srv/_imagedata_s.c
[0.916s] -- Up-to-date: /root/researchv2/install/mymsg/lib/python3.8/site-packages/mymsg/srv/_waypoints_s.c
[0.916s] -- Up-to-date: /root/researchv2/install/mymsg/lib/python3.8/site-packages/mymsg/srv/_imagedata.py
[0.917s] -- Up-to-date: /root/researchv2/install/mymsg/lib/python3.8/site-packages/mymsg/srv/__init__.py
[0.917s] -- Up-to-date: /root/researchv2/install/mymsg/lib/python3.8/site-packages/mymsg/mymsg_s__rosidl_typesupport_fastrtps_c.cpython-38-x86_64-linux-gnu.so
[0.917s] -- Up-to-date: /root/researchv2/install/mymsg/lib/python3.8/site-packages/mymsg/mymsg_s__rosidl_typesupport_introspection_c.cpython-38-x86_64-linux-gnu.so
[0.917s] -- Up-to-date: /root/researchv2/install/mymsg/lib/python3.8/site-packages/mymsg/mymsg_s__rosidl_typesupport_c.cpython-38-x86_64-linux-gnu.so
[0.917s] -- Up-to-date: /root/researchv2/install/mymsg/lib/libmymsg__python.so
[0.918s] -- Up-to-date: /root/researchv2/install/mymsg/share/mymsg/msg/Pose.idl
[0.918s] -- Up-to-date: /root/researchv2/install/mymsg/share/mymsg/msg/Poses.idl
[0.918s] -- Up-to-date: /root/researchv2/install/mymsg/share/mymsg/msg/Transform.idl
[0.918s] -- Up-to-date: /root/researchv2/install/mymsg/share/mymsg/msg/MultiTransform.idl
[0.919s] -- Up-to-date: /root/researchv2/install/mymsg/share/mymsg/srv/Imagedata.idl
[0.919s] -- Up-to-date: /root/researchv2/install/mymsg/share/mymsg/srv/Waypoints.idl
[0.919s] -- Up-to-date: /root/researchv2/install/mymsg/share/mymsg/msg/Pose.msg
[0.919s] -- Up-to-date: /root/researchv2/install/mymsg/share/mymsg/msg/Poses.msg
[0.920s] -- Up-to-date: /root/researchv2/install/mymsg/share/mymsg/msg/Transform.msg
[0.920s] -- Up-to-date: /root/researchv2/install/mymsg/share/mymsg/msg/MultiTransform.msg
[0.920s] -- Up-to-date: /root/researchv2/install/mymsg/share/mymsg/srv/Imagedata.srv
[0.920s] -- Up-to-date: /root/researchv2/install/mymsg/share/mymsg/srv/Imagedata_Request.msg
[0.920s] -- Up-to-date: /root/researchv2/install/mymsg/share/mymsg/srv/Imagedata_Response.msg
[0.921s] -- Up-to-date: /root/researchv2/install/mymsg/share/mymsg/srv/Waypoints.srv
[0.921s] -- Up-to-date: /root/researchv2/install/mymsg/share/mymsg/srv/Waypoints_Request.msg
[0.921s] -- Up-to-date: /root/researchv2/install/mymsg/share/mymsg/srv/Waypoints_Response.msg
[0.921s] -- Up-to-date: /root/researchv2/install/mymsg/share/ament_index/resource_index/package_run_dependencies/mymsg
[0.921s] -- Up-to-date: /root/researchv2/install/mymsg/share/ament_index/resource_index/parent_prefix_path/mymsg
[0.922s] -- Up-to-date: /root/researchv2/install/mymsg/share/mymsg/environment/ament_prefix_path.sh
[0.922s] -- Up-to-date: /root/researchv2/install/mymsg/share/mymsg/environment/ament_prefix_path.dsv
[0.922s] -- Up-to-date: /root/researchv2/install/mymsg/share/mymsg/environment/path.sh
[0.922s] -- Up-to-date: /root/researchv2/install/mymsg/share/mymsg/environment/path.dsv
[0.922s] -- Up-to-date: /root/researchv2/install/mymsg/share/mymsg/local_setup.bash
[0.923s] -- Up-to-date: /root/researchv2/install/mymsg/share/mymsg/local_setup.sh
[0.923s] -- Up-to-date: /root/researchv2/install/mymsg/share/mymsg/local_setup.zsh
[0.923s] -- Up-to-date: /root/researchv2/install/mymsg/share/mymsg/local_setup.dsv
[0.923s] -- Installing: /root/researchv2/install/mymsg/share/mymsg/package.dsv
[0.924s] -- Up-to-date: /root/researchv2/install/mymsg/share/ament_index/resource_index/packages/mymsg
[0.924s] -- Up-to-date: /root/researchv2/install/mymsg/share/mymsg/cmake/mymsg__rosidl_generator_cExport.cmake
[0.924s] -- Up-to-date: /root/researchv2/install/mymsg/share/mymsg/cmake/mymsg__rosidl_generator_cExport-noconfig.cmake
[0.924s] -- Up-to-date: /root/researchv2/install/mymsg/share/mymsg/cmake/mymsg__rosidl_typesupport_introspection_cExport.cmake
[0.924s] -- Up-to-date: /root/researchv2/install/mymsg/share/mymsg/cmake/mymsg__rosidl_typesupport_introspection_cExport-noconfig.cmake
[0.925s] -- Up-to-date: /root/researchv2/install/mymsg/share/mymsg/cmake/mymsg__rosidl_typesupport_cExport.cmake
[0.925s] -- Up-to-date: /root/researchv2/install/mymsg/share/mymsg/cmake/mymsg__rosidl_typesupport_cExport-noconfig.cmake
[0.925s] -- Up-to-date: /root/researchv2/install/mymsg/share/mymsg/cmake/mymsg__rosidl_generator_cppExport.cmake
[0.925s] -- Up-to-date: /root/researchv2/install/mymsg/share/mymsg/cmake/mymsg__rosidl_typesupport_introspection_cppExport.cmake
[0.925s] -- Up-to-date: /root/researchv2/install/mymsg/share/mymsg/cmake/mymsg__rosidl_typesupport_introspection_cppExport-noconfig.cmake
[0.925s] -- Up-to-date: /root/researchv2/install/mymsg/share/mymsg/cmake/mymsg__rosidl_typesupport_cppExport.cmake
[0.925s] -- Up-to-date: /root/researchv2/install/mymsg/share/mymsg/cmake/mymsg__rosidl_typesupport_cppExport-noconfig.cmake
[0.926s] -- Up-to-date: /root/researchv2/install/mymsg/share/mymsg/cmake/rosidl_cmake-extras.cmake
[0.926s] -- Up-to-date: /root/researchv2/install/mymsg/share/mymsg/cmake/ament_cmake_export_dependencies-extras.cmake
[0.926s] -- Up-to-date: /root/researchv2/install/mymsg/share/mymsg/cmake/ament_cmake_export_libraries-extras.cmake
[0.926s] -- Up-to-date: /root/researchv2/install/mymsg/share/mymsg/cmake/ament_cmake_export_targets-extras.cmake
[0.926s] -- Up-to-date: /root/researchv2/install/mymsg/share/mymsg/cmake/ament_cmake_export_include_directories-extras.cmake
[0.926s] -- Up-to-date: /root/researchv2/install/mymsg/share/mymsg/cmake/rosidl_cmake_export_typesupport_libraries-extras.cmake
[0.926s] -- Up-to-date: /root/researchv2/install/mymsg/share/mymsg/cmake/rosidl_cmake_export_typesupport_targets-extras.cmake
[0.926s] -- Up-to-date: /root/researchv2/install/mymsg/share/mymsg/cmake/mymsgConfig.cmake
[0.927s] -- Up-to-date: /root/researchv2/install/mymsg/share/mymsg/cmake/mymsgConfig-version.cmake
[0.927s] -- Up-to-date: /root/researchv2/install/mymsg/share/mymsg/package.xml
[0.946s] Invoked command in '/root/researchv2/build/mymsg' returned '0': CMAKE_PREFIX_PATH=${CMAKE_PREFIX_PATH}:/root/openpifpaf_ros2/install/rgbd_openpifpaf_ros2:/root/openpifpaf_ros2/install/pose_checker:/root/openpifpaf_ros2/install/openpifpaf_ros2_node:/root/researchv2/install/chaser_system:/opt/ros/galactic /usr/bin/cmake --install /root/researchv2/build/mymsg
