[1.543s] Invoking command in '/root/researchv2/src/chaser_system': CMAKE_PREFIX_PATH=/root/researchv2/install/mymsg:/root/researchv2/install/urg_node:/root/researchv2/install/urg_node_msgs:/root/researchv2/install/urg_c:/root/researchv2/install/diagnostics:/root/researchv2/install/self_test:/root/researchv2/install/laser_proc:/root/researchv2/install/diagnostic_common_diagnostics:/root/researchv2/install/diagnostic_updater:/root/researchv2/install/diagnostic_aggregator LD_LIBRARY_PATH=/root/researchv2/install/mymsg/lib:/root/researchv2/install/urg_node/lib:/root/researchv2/install/urg_node_msgs/lib:/root/researchv2/install/urg_c/lib:/root/researchv2/install/laser_proc/lib:/root/researchv2/install/diagnostic_aggregator/lib:/usr/lib/x86_64-linux-gnu/gazebo-11/plugins:/opt/ros/galactic/opt/yaml_cpp_vendor/lib:/opt/ros/galactic/opt/rviz_ogre_vendor/lib:/opt/ros/galactic/lib/x86_64-linux-gnu:/opt/ros/galactic/lib:/usr/local/11.6.0/lib64:/usr/local/nvidia/lib:/usr/local/nvidia/lib64 PYTHONPATH=/root/researchv2/build/chaser_system/prefix_override:/root/researchv2/install/chaser_system/lib/python3.8/site-packages:/root/researchv2/install/mymsg/lib/python3.8/site-packages:/root/researchv2/install/urg_node_msgs/lib/python3.8/site-packages:/root/researchv2/install/chaser_system/lib/python3.8/site-packages:/root/researchv2/install/diagnostic_common_diagnostics/lib/python3.8/site-packages:/root/researchv2/install/diagnostic_updater/lib/python3.8/site-packages:/root/researchv2/install/diagnostic_aggregator/lib/python3.8/site-packages:/opt/ros/galactic/lib/python3.8/site-packages /usr/bin/python3 setup.py egg_info --egg-base ../../build/chaser_system build --build-base /root/researchv2/build/chaser_system/build install --record /root/researchv2/build/chaser_system/install.log --install-scripts $base/lib/chaser_system --single-version-externally-managed
[2.000s] running egg_info
[2.001s] writing ../../build/chaser_system/chaser_system.egg-info/PKG-INFO
[2.001s] writing dependency_links to ../../build/chaser_system/chaser_system.egg-info/dependency_links.txt
[2.001s] writing entry points to ../../build/chaser_system/chaser_system.egg-info/entry_points.txt
[2.002s] writing requirements to ../../build/chaser_system/chaser_system.egg-info/requires.txt
[2.002s] writing top-level names to ../../build/chaser_system/chaser_system.egg-info/top_level.txt
[2.083s] reading manifest file '../../build/chaser_system/chaser_system.egg-info/SOURCES.txt'
[2.085s] writing manifest file '../../build/chaser_system/chaser_system.egg-info/SOURCES.txt'
[2.085s] running build
[2.086s] running build_py
[2.087s] running install
[2.088s] running install_lib
[2.092s] running install_data
[2.093s] copying launch/my_scripts.launch.py -> /root/researchv2/install/chaser_system/share/chaser_system
[2.094s] running install_egg_info
[2.098s] removing '/root/researchv2/install/chaser_system/lib/python3.8/site-packages/chaser_system-0.0.0-py3.8.egg-info' (and everything under it)
[2.098s] Copying ../../build/chaser_system/chaser_system.egg-info to /root/researchv2/install/chaser_system/lib/python3.8/site-packages/chaser_system-0.0.0-py3.8.egg-info
[2.100s] running install_scripts
[2.135s] Installing approach_navi script to /root/researchv2/install/chaser_system/lib/chaser_system
[2.135s] Installing approachv2 script to /root/researchv2/install/chaser_system/lib/chaser_system
[2.135s] Installing approachv3 script to /root/researchv2/install/chaser_system/lib/chaser_system
[2.135s] Installing image_inputer script to /root/researchv2/install/chaser_system/lib/chaser_system
[2.136s] Installing person_check script to /root/researchv2/install/chaser_system/lib/chaser_system
[2.136s] Installing pose_tf2 script to /root/researchv2/install/chaser_system/lib/chaser_system
[2.136s] Installing raise_navi script to /root/researchv2/install/chaser_system/lib/chaser_system
[2.136s] Installing rgbd_generator script to /root/researchv2/install/chaser_system/lib/chaser_system
[2.137s] Installing three_d_pose_analysis script to /root/researchv2/install/chaser_system/lib/chaser_system
[2.137s] Installing xbox script to /root/researchv2/install/chaser_system/lib/chaser_system
[2.138s] writing list of installed files to '/root/researchv2/build/chaser_system/install.log'
[2.186s] Invoked command in '/root/researchv2/src/chaser_system' returned '0': CMAKE_PREFIX_PATH=/root/researchv2/install/mymsg:/root/researchv2/install/urg_node:/root/researchv2/install/urg_node_msgs:/root/researchv2/install/urg_c:/root/researchv2/install/diagnostics:/root/researchv2/install/self_test:/root/researchv2/install/laser_proc:/root/researchv2/install/diagnostic_common_diagnostics:/root/researchv2/install/diagnostic_updater:/root/researchv2/install/diagnostic_aggregator LD_LIBRARY_PATH=/root/researchv2/install/mymsg/lib:/root/researchv2/install/urg_node/lib:/root/researchv2/install/urg_node_msgs/lib:/root/researchv2/install/urg_c/lib:/root/researchv2/install/laser_proc/lib:/root/researchv2/install/diagnostic_aggregator/lib:/usr/lib/x86_64-linux-gnu/gazebo-11/plugins:/opt/ros/galactic/opt/yaml_cpp_vendor/lib:/opt/ros/galactic/opt/rviz_ogre_vendor/lib:/opt/ros/galactic/lib/x86_64-linux-gnu:/opt/ros/galactic/lib:/usr/local/11.6.0/lib64:/usr/local/nvidia/lib:/usr/local/nvidia/lib64 PYTHONPATH=/root/researchv2/build/chaser_system/prefix_override:/root/researchv2/install/chaser_system/lib/python3.8/site-packages:/root/researchv2/install/mymsg/lib/python3.8/site-packages:/root/researchv2/install/urg_node_msgs/lib/python3.8/site-packages:/root/researchv2/install/chaser_system/lib/python3.8/site-packages:/root/researchv2/install/diagnostic_common_diagnostics/lib/python3.8/site-packages:/root/researchv2/install/diagnostic_updater/lib/python3.8/site-packages:/root/researchv2/install/diagnostic_aggregator/lib/python3.8/site-packages:/opt/ros/galactic/lib/python3.8/site-packages /usr/bin/python3 setup.py egg_info --egg-base ../../build/chaser_system build --build-base /root/researchv2/build/chaser_system/build install --record /root/researchv2/build/chaser_system/install.log --install-scripts $base/lib/chaser_system --single-version-externally-managed
