[01m[K/root/researchv2/src/chaser_system_c/src/approachv4_c.cpp:[m[K In member function ‘[01m[Kvoid approach_v4_c::topic_callback(geometry_msgs::msg::PoseStamped_<std::allocator<void> >::SharedPtr) const[m[K’:
[01m[K/root/researchv2/src/chaser_system_c/src/approachv4_c.cpp:21:15:[m[K [01;35m[Kwarning: [m[Kunused variable ‘[01m[Kx_pos[m[K’ [[01;35m[K-Wunused-variable[m[K]
   21 |         float [01;35m[Kx_pos[m[K = msg -> pose.position.x;
      |               [01;35m[K^~~~~[m[K
[01m[K/root/researchv2/src/chaser_system_c/src/approachv4_c.cpp:22:15:[m[K [01;35m[Kwarning: [m[Kunused variable ‘[01m[Ky_pos[m[K’ [[01;35m[K-Wunused-variable[m[K]
   22 |         float [01;35m[Ky_pos[m[K = msg -> pose.position.y;
      |               [01;35m[K^~~~~[m[K
[01m[K/root/researchv2/src/chaser_system_c/src/approachv4_c.cpp:23:15:[m[K [01;35m[Kwarning: [m[Kunused variable ‘[01m[Kz_pos[m[K’ [[01;35m[K-Wunused-variable[m[K]
   23 |         float [01;35m[Kz_pos[m[K = 0.00;
      |               [01;35m[K^~~~~[m[K
[01m[K/root/researchv2/src/chaser_system_c/src/approachv4_c.cpp:24:15:[m[K [01;35m[Kwarning: [m[Kunused variable ‘[01m[Kx_ori[m[K’ [[01;35m[K-Wunused-variable[m[K]
   24 |         float [01;35m[Kx_ori[m[K = msg -> pose.orientation.x;
      |               [01;35m[K^~~~~[m[K
[01m[K/root/researchv2/src/chaser_system_c/src/approachv4_c.cpp:25:15:[m[K [01;35m[Kwarning: [m[Kunused variable ‘[01m[Ky_ori[m[K’ [[01;35m[K-Wunused-variable[m[K]
   25 |         float [01;35m[Ky_ori[m[K = msg -> pose.orientation.y;
      |               [01;35m[K^~~~~[m[K
[01m[K/root/researchv2/src/chaser_system_c/src/approachv4_c.cpp:26:15:[m[K [01;35m[Kwarning: [m[Kunused variable ‘[01m[Kz_ori[m[K’ [[01;35m[K-Wunused-variable[m[K]
   26 |         float [01;35m[Kz_ori[m[K = msg -> pose.orientation.z;
      |               [01;35m[K^~~~~[m[K
[01m[K/root/researchv2/src/chaser_system_c/src/approachv4_c.cpp:27:15:[m[K [01;35m[Kwarning: [m[Kunused variable ‘[01m[Kw_ori[m[K’ [[01;35m[K-Wunused-variable[m[K]
   27 |         float [01;35m[Kw_ori[m[K = msg -> pose.orientation.w;
      |               [01;35m[K^~~~~[m[K
