[0.053s] Invoking command in '/root/researchv2/build/urg_node_msgs': CMAKE_PREFIX_PATH=${CMAKE_PREFIX_PATH}:/root/openpifpaf_ros2/install/rgbd_openpifpaf_ros2:/root/openpifpaf_ros2/install/pose_checker:/root/openpifpaf_ros2/install/openpifpaf_ros2_node:/root/researchv2/install/chaser_system:/opt/ros/galactic /usr/bin/cmake /root/researchv2/src/urg_node_msgs -DCMAKE_INSTALL_PREFIX=/root/researchv2/install/urg_node_msgs
[0.153s] -- The C compiler identification is GNU 9.4.0
[0.264s] -- The CXX compiler identification is GNU 9.4.0
[0.276s] -- Check for working C compiler: /usr/bin/cc
[0.403s] -- Check for working C compiler: /usr/bin/cc -- works
[0.405s] -- Detecting C compiler ABI info
[0.535s] -- Detecting C compiler ABI info - done
[0.563s] -- Detecting C compile features
[0.564s] -- Detecting C compile features - done
[0.570s] -- Check for working CXX compiler: /usr/bin/c++
[0.715s] -- Check for working CXX compiler: /usr/bin/c++ -- works
[0.717s] -- Detecting CXX compiler ABI info
[0.865s] -- Detecting CXX compiler ABI info - done
[0.895s] -- Detecting CXX compile features
[0.896s] -- Detecting CXX compile features - done
[0.904s] -- Found ament_cmake: 1.1.6 (/opt/ros/galactic/share/ament_cmake/cmake)
[0.964s] -- Found PythonInterp: /usr/bin/python3 (found suitable version "3.8.10", minimum required is "3") 
[0.964s] -- Using PYTHON_EXECUTABLE: /usr/bin/python3
[1.181s] -- Found builtin_interfaces: 1.0.3 (/opt/ros/galactic/share/builtin_interfaces/cmake)
[1.270s] -- Using all available rosidl_typesupport_c: rosidl_typesupport_fastrtps_c;rosidl_typesupport_introspection_c
[1.298s] -- Found rosidl_adapter: 2.2.3 (/opt/ros/galactic/share/rosidl_adapter/cmake)
[1.614s] -- Found OpenSSL: /usr/lib/x86_64-linux-gnu/libcrypto.so (found version "1.1.1f")  
[1.710s] -- Found FastRTPS: /opt/ros/galactic/include  
[1.937s] -- Using all available rosidl_typesupport_cpp: rosidl_typesupport_fastrtps_cpp;rosidl_typesupport_introspection_cpp
[2.024s] -- Found rosidl_default_generators: 1.1.1 (/opt/ros/galactic/share/rosidl_default_generators/cmake)
[2.075s] -- Found std_msgs: 2.2.4 (/opt/ros/galactic/share/std_msgs/cmake)
[2.177s] -- Found PythonInterp: /usr/bin/python3 (found version "3.8.10") 
[2.571s] -- Found ament_cmake_cppcheck: 0.10.7 (/opt/ros/galactic/share/ament_cmake_cppcheck/cmake)
[2.581s] -- Found ament_cmake_cpplint: 0.10.7 (/opt/ros/galactic/share/ament_cmake_cpplint/cmake)
[2.590s] -- Found ament_cmake_uncrustify: 0.10.7 (/opt/ros/galactic/share/ament_cmake_uncrustify/cmake)
[2.600s] -- Found ament_cmake_ros: 0.9.2 (/opt/ros/galactic/share/ament_cmake_ros/cmake)
[3.135s] -- Using all available rosidl_typesupport_c: rosidl_typesupport_fastrtps_c;rosidl_typesupport_introspection_c
[3.299s] -- Using all available rosidl_typesupport_cpp: rosidl_typesupport_fastrtps_cpp;rosidl_typesupport_introspection_cpp
[3.357s] -- Found PythonInterp: /usr/bin/python3 (found suitable version "3.8.10", minimum required is "3.5") 
[3.365s] -- Found python_cmake_module: 0.8.1 (/opt/ros/galactic/share/python_cmake_module/cmake)
[3.423s] -- Found PythonLibs: /usr/lib/x86_64-linux-gnu/libpython3.8.so (found suitable version "3.8.10", minimum required is "3.5") 
[3.424s] -- Using PYTHON_EXECUTABLE: /usr/bin/python3
[3.424s] -- Using PYTHON_INCLUDE_DIRS: /usr/include/python3.8
[3.424s] -- Using PYTHON_LIBRARIES: /usr/lib/x86_64-linux-gnu/libpython3.8.so
[3.471s] -- Found PythonExtra: .so  
[3.646s] -- Found ament_cmake_flake8: 0.10.7 (/opt/ros/galactic/share/ament_cmake_flake8/cmake)
[3.656s] -- Found ament_cmake_pep257: 0.10.7 (/opt/ros/galactic/share/ament_cmake_pep257/cmake)
[3.679s] -- Configuring done
[3.789s] -- Generating done
[3.796s] -- Build files have been written to: /root/researchv2/build/urg_node_msgs
[3.809s] Invoked command in '/root/researchv2/build/urg_node_msgs' returned '0': CMAKE_PREFIX_PATH=${CMAKE_PREFIX_PATH}:/root/openpifpaf_ros2/install/rgbd_openpifpaf_ros2:/root/openpifpaf_ros2/install/pose_checker:/root/openpifpaf_ros2/install/openpifpaf_ros2_node:/root/researchv2/install/chaser_system:/opt/ros/galactic /usr/bin/cmake /root/researchv2/src/urg_node_msgs -DCMAKE_INSTALL_PREFIX=/root/researchv2/install/urg_node_msgs
[3.812s] Invoking command in '/root/researchv2/build/urg_node_msgs': CMAKE_PREFIX_PATH=${CMAKE_PREFIX_PATH}:/root/openpifpaf_ros2/install/rgbd_openpifpaf_ros2:/root/openpifpaf_ros2/install/pose_checker:/root/openpifpaf_ros2/install/openpifpaf_ros2_node:/root/researchv2/install/chaser_system:/opt/ros/galactic /usr/bin/cmake --build /root/researchv2/build/urg_node_msgs -- -j12 -l12
[3.884s] [35m[1mScanning dependencies of target urg_node_msgs__cpp[0m
[3.884s] [  3%] [34m[1mGenerating C code for ROS interfaces[0m
[3.905s] [  6%] [34m[1mGenerating C++ code for ROS interfaces[0m
[4.492s] [  6%] Built target urg_node_msgs__cpp
[4.516s] [ 12%] [34m[1mGenerating C++ type support dispatch for ROS interfaces[0m
[4.516s] [ 12%] [34m[1mGenerating C++ type support for eProsima Fast-RTPS[0m
[4.522s] [ 16%] [34m[1mGenerating C++ introspection for ROS interfaces[0m
[4.542s] [35m[1mScanning dependencies of target urg_node_msgs__rosidl_generator_c[0m
[4.569s] [ 19%] [32mBuilding C object CMakeFiles/urg_node_msgs__rosidl_generator_c.dir/rosidl_generator_c/urg_node_msgs/msg/detail/status__functions.c.o[0m
[4.649s] [ 22%] [32m[1mLinking C shared library liburg_node_msgs__rosidl_generator_c.so[0m
[4.715s] [ 22%] Built target urg_node_msgs__rosidl_generator_c
[4.737s] [ 25%] [34m[1mGenerating C type support dispatch for ROS interfaces[0m
[4.739s] [ 29%] [34m[1mGenerating C introspection for ROS interfaces[0m
[5.115s] [35m[1mScanning dependencies of target urg_node_msgs__rosidl_typesupport_cpp[0m
[5.151s] [ 32%] [32mBuilding CXX object CMakeFiles/urg_node_msgs__rosidl_typesupport_cpp.dir/rosidl_typesupport_cpp/urg_node_msgs/msg/status__type_support.cpp.o[0m
[5.190s] [35m[1mScanning dependencies of target urg_node_msgs__rosidl_typesupport_introspection_cpp[0m
[5.190s] [35m[1mScanning dependencies of target urg_node_msgs__rosidl_typesupport_fastrtps_cpp[0m
[5.233s] [ 35%] [32mBuilding CXX object CMakeFiles/urg_node_msgs__rosidl_typesupport_introspection_cpp.dir/rosidl_typesupport_introspection_cpp/urg_node_msgs/msg/detail/status__type_support.cpp.o[0m
[5.261s] [ 38%] [32mBuilding CXX object CMakeFiles/urg_node_msgs__rosidl_typesupport_fastrtps_cpp.dir/rosidl_typesupport_fastrtps_cpp/urg_node_msgs/msg/detail/dds_fastrtps/status__type_support.cpp.o[0m
[5.372s] [35m[1mScanning dependencies of target urg_node_msgs__rosidl_typesupport_introspection_c[0m
[5.395s] [35m[1mScanning dependencies of target urg_node_msgs__rosidl_typesupport_c[0m
[5.408s] [ 41%] [32mBuilding C object CMakeFiles/urg_node_msgs__rosidl_typesupport_introspection_c.dir/rosidl_typesupport_introspection_c/urg_node_msgs/msg/detail/status__type_support.c.o[0m
[5.430s] [ 45%] [32mBuilding CXX object CMakeFiles/urg_node_msgs__rosidl_typesupport_c.dir/rosidl_typesupport_c/urg_node_msgs/msg/status__type_support.cpp.o[0m
[5.487s] [ 48%] [32m[1mLinking C shared library liburg_node_msgs__rosidl_typesupport_introspection_c.so[0m
[5.500s] [ 51%] [32m[1mLinking CXX shared library liburg_node_msgs__rosidl_typesupport_c.so[0m
[5.567s] [ 51%] Built target urg_node_msgs__rosidl_typesupport_introspection_c
[5.597s] [ 51%] Built target urg_node_msgs__rosidl_typesupport_c
[5.693s] [ 54%] [32m[1mLinking CXX shared library liburg_node_msgs__rosidl_typesupport_cpp.so[0m
[5.782s] [ 54%] Built target urg_node_msgs__rosidl_typesupport_cpp
[5.820s] [ 58%] [32m[1mLinking CXX shared library liburg_node_msgs__rosidl_typesupport_introspection_cpp.so[0m
[5.893s] [ 58%] Built target urg_node_msgs__rosidl_typesupport_introspection_cpp
[6.111s] [ 61%] [32m[1mLinking CXX shared library liburg_node_msgs__rosidl_typesupport_fastrtps_cpp.so[0m
[6.280s] [ 61%] Built target urg_node_msgs__rosidl_typesupport_fastrtps_cpp
[6.304s] [ 64%] [34m[1mGenerating C type support for eProsima Fast-RTPS[0m
[6.927s] [35m[1mScanning dependencies of target urg_node_msgs__rosidl_typesupport_fastrtps_c[0m
[6.988s] [ 67%] [32mBuilding CXX object CMakeFiles/urg_node_msgs__rosidl_typesupport_fastrtps_c.dir/rosidl_typesupport_fastrtps_c/urg_node_msgs/msg/detail/status__type_support_c.cpp.o[0m
[7.825s] [ 70%] [32m[1mLinking CXX shared library liburg_node_msgs__rosidl_typesupport_fastrtps_c.so[0m
[8.093s] [ 70%] Built target urg_node_msgs__rosidl_typesupport_fastrtps_c
[8.164s] [35m[1mScanning dependencies of target urg_node_msgs[0m
[8.215s] [ 70%] Built target urg_node_msgs
[8.299s] [35m[1mScanning dependencies of target urg_node_msgs__py[0m
[8.348s] [ 74%] [34m[1mGenerating Python code for ROS interfaces[0m
[9.981s] [ 74%] Built target urg_node_msgs__py
[10.010s] [35m[1mScanning dependencies of target urg_node_msgs__python[0m
[10.075s] [ 77%] [32mBuilding C object CMakeFiles/urg_node_msgs__python.dir/rosidl_generator_py/urg_node_msgs/msg/_status_s.c.o[0m
[10.274s] [ 80%] [32m[1mLinking C shared library rosidl_generator_py/urg_node_msgs/liburg_node_msgs__python.so[0m
[10.357s] [ 80%] Built target urg_node_msgs__python
[10.379s] [35m[1mScanning dependencies of target urg_node_msgs__rosidl_typesupport_c__pyext[0m
[10.381s] [35m[1mScanning dependencies of target urg_node_msgs__rosidl_typesupport_fastrtps_c__pyext[0m
[10.382s] [35m[1mScanning dependencies of target urg_node_msgs__rosidl_typesupport_introspection_c__pyext[0m
[10.419s] [ 83%] [32mBuilding C object CMakeFiles/urg_node_msgs__rosidl_typesupport_c__pyext.dir/rosidl_generator_py/urg_node_msgs/_urg_node_msgs_s.ep.rosidl_typesupport_c.c.o[0m
[10.423s] [ 87%] [32mBuilding C object CMakeFiles/urg_node_msgs__rosidl_typesupport_introspection_c__pyext.dir/rosidl_generator_py/urg_node_msgs/_urg_node_msgs_s.ep.rosidl_typesupport_introspection_c.c.o[0m
[10.427s] [ 90%] [32mBuilding C object CMakeFiles/urg_node_msgs__rosidl_typesupport_fastrtps_c__pyext.dir/rosidl_generator_py/urg_node_msgs/_urg_node_msgs_s.ep.rosidl_typesupport_fastrtps_c.c.o[0m
[10.576s] [ 93%] [32m[1mLinking C shared library rosidl_generator_py/urg_node_msgs/urg_node_msgs_s__rosidl_typesupport_c.cpython-38-x86_64-linux-gnu.so[0m
[10.579s] [ 96%] [32m[1mLinking CXX shared library rosidl_generator_py/urg_node_msgs/urg_node_msgs_s__rosidl_typesupport_fastrtps_c.cpython-38-x86_64-linux-gnu.so[0m
[10.582s] [100%] [32m[1mLinking C shared library rosidl_generator_py/urg_node_msgs/urg_node_msgs_s__rosidl_typesupport_introspection_c.cpython-38-x86_64-linux-gnu.so[0m
[10.655s] [100%] Built target urg_node_msgs__rosidl_typesupport_introspection_c__pyext
[10.658s] [100%] Built target urg_node_msgs__rosidl_typesupport_c__pyext
[10.721s] [100%] Built target urg_node_msgs__rosidl_typesupport_fastrtps_c__pyext
[10.748s] Invoked command in '/root/researchv2/build/urg_node_msgs' returned '0': CMAKE_PREFIX_PATH=${CMAKE_PREFIX_PATH}:/root/openpifpaf_ros2/install/rgbd_openpifpaf_ros2:/root/openpifpaf_ros2/install/pose_checker:/root/openpifpaf_ros2/install/openpifpaf_ros2_node:/root/researchv2/install/chaser_system:/opt/ros/galactic /usr/bin/cmake --build /root/researchv2/build/urg_node_msgs -- -j12 -l12
[10.892s] Invoking command in '/root/researchv2/build/urg_node_msgs': CMAKE_PREFIX_PATH=${CMAKE_PREFIX_PATH}:/root/openpifpaf_ros2/install/rgbd_openpifpaf_ros2:/root/openpifpaf_ros2/install/pose_checker:/root/openpifpaf_ros2/install/openpifpaf_ros2_node:/root/researchv2/install/chaser_system:/opt/ros/galactic /usr/bin/cmake --install /root/researchv2/build/urg_node_msgs
[10.910s] -- Install configuration: ""
[10.910s] -- Installing: /root/researchv2/install/urg_node_msgs/share/ament_index/resource_index/rosidl_interfaces/urg_node_msgs
[10.910s] -- Installing: /root/researchv2/install/urg_node_msgs/include/urg_node_msgs
[10.911s] -- Installing: /root/researchv2/install/urg_node_msgs/include/urg_node_msgs/msg
[10.911s] -- Installing: /root/researchv2/install/urg_node_msgs/include/urg_node_msgs/msg/rosidl_generator_c__visibility_control.h
[10.911s] -- Installing: /root/researchv2/install/urg_node_msgs/include/urg_node_msgs/msg/status.h
[10.911s] -- Installing: /root/researchv2/install/urg_node_msgs/include/urg_node_msgs/msg/detail
[10.912s] -- Installing: /root/researchv2/install/urg_node_msgs/include/urg_node_msgs/msg/detail/status__struct.h
[10.912s] -- Installing: /root/researchv2/install/urg_node_msgs/include/urg_node_msgs/msg/detail/status__functions.h
[10.912s] -- Installing: /root/researchv2/install/urg_node_msgs/include/urg_node_msgs/msg/detail/status__functions.c
[10.913s] -- Installing: /root/researchv2/install/urg_node_msgs/include/urg_node_msgs/msg/detail/status__type_support.h
[10.913s] -- Installing: /root/researchv2/install/urg_node_msgs/share/urg_node_msgs/environment/library_path.sh
[10.914s] -- Installing: /root/researchv2/install/urg_node_msgs/share/urg_node_msgs/environment/library_path.dsv
[10.914s] -- Installing: /root/researchv2/install/urg_node_msgs/lib/liburg_node_msgs__rosidl_generator_c.so
[10.915s] -- Set runtime path of "/root/researchv2/install/urg_node_msgs/lib/liburg_node_msgs__rosidl_generator_c.so" to ""
[10.916s] -- Up-to-date: /root/researchv2/install/urg_node_msgs/include/urg_node_msgs
[10.916s] -- Up-to-date: /root/researchv2/install/urg_node_msgs/include/urg_node_msgs/msg
[10.916s] -- Up-to-date: /root/researchv2/install/urg_node_msgs/include/urg_node_msgs/msg/detail
[10.916s] -- Installing: /root/researchv2/install/urg_node_msgs/include/urg_node_msgs/msg/detail/status__rosidl_typesupport_fastrtps_c.h
[10.917s] -- Installing: /root/researchv2/install/urg_node_msgs/include/urg_node_msgs/msg/rosidl_typesupport_fastrtps_c__visibility_control.h
[10.917s] -- Installing: /root/researchv2/install/urg_node_msgs/lib/liburg_node_msgs__rosidl_typesupport_fastrtps_c.so
[10.918s] -- Set runtime path of "/root/researchv2/install/urg_node_msgs/lib/liburg_node_msgs__rosidl_typesupport_fastrtps_c.so" to ""
[10.918s] -- Up-to-date: /root/researchv2/install/urg_node_msgs/include/urg_node_msgs
[10.918s] -- Up-to-date: /root/researchv2/install/urg_node_msgs/include/urg_node_msgs/msg
[10.919s] -- Up-to-date: /root/researchv2/install/urg_node_msgs/include/urg_node_msgs/msg/detail
[10.919s] -- Installing: /root/researchv2/install/urg_node_msgs/include/urg_node_msgs/msg/detail/status__rosidl_typesupport_fastrtps_cpp.hpp
[10.919s] -- Installing: /root/researchv2/install/urg_node_msgs/include/urg_node_msgs/msg/detail/dds_fastrtps
[10.919s] -- Installing: /root/researchv2/install/urg_node_msgs/include/urg_node_msgs/msg/rosidl_typesupport_fastrtps_cpp__visibility_control.h
[10.919s] -- Installing: /root/researchv2/install/urg_node_msgs/lib/liburg_node_msgs__rosidl_typesupport_fastrtps_cpp.so
[10.920s] -- Set runtime path of "/root/researchv2/install/urg_node_msgs/lib/liburg_node_msgs__rosidl_typesupport_fastrtps_cpp.so" to ""
[10.921s] -- Up-to-date: /root/researchv2/install/urg_node_msgs/include/urg_node_msgs
[10.921s] -- Up-to-date: /root/researchv2/install/urg_node_msgs/include/urg_node_msgs/msg
[10.921s] -- Up-to-date: /root/researchv2/install/urg_node_msgs/include/urg_node_msgs/msg/detail
[10.921s] -- Installing: /root/researchv2/install/urg_node_msgs/include/urg_node_msgs/msg/detail/status__rosidl_typesupport_introspection_c.h
[10.922s] -- Installing: /root/researchv2/install/urg_node_msgs/include/urg_node_msgs/msg/detail/status__type_support.c
[10.922s] -- Installing: /root/researchv2/install/urg_node_msgs/include/urg_node_msgs/msg/rosidl_typesupport_introspection_c__visibility_control.h
[10.922s] -- Installing: /root/researchv2/install/urg_node_msgs/lib/liburg_node_msgs__rosidl_typesupport_introspection_c.so
[10.923s] -- Set runtime path of "/root/researchv2/install/urg_node_msgs/lib/liburg_node_msgs__rosidl_typesupport_introspection_c.so" to ""
[10.923s] -- Installing: /root/researchv2/install/urg_node_msgs/lib/liburg_node_msgs__rosidl_typesupport_c.so
[10.924s] -- Set runtime path of "/root/researchv2/install/urg_node_msgs/lib/liburg_node_msgs__rosidl_typesupport_c.so" to ""
[10.925s] -- Up-to-date: /root/researchv2/install/urg_node_msgs/include/urg_node_msgs
[10.925s] -- Up-to-date: /root/researchv2/install/urg_node_msgs/include/urg_node_msgs/msg
[10.925s] -- Installing: /root/researchv2/install/urg_node_msgs/include/urg_node_msgs/msg/status.hpp
[10.925s] -- Up-to-date: /root/researchv2/install/urg_node_msgs/include/urg_node_msgs/msg/detail
[10.926s] -- Installing: /root/researchv2/install/urg_node_msgs/include/urg_node_msgs/msg/detail/status__builder.hpp
[10.926s] -- Installing: /root/researchv2/install/urg_node_msgs/include/urg_node_msgs/msg/detail/status__traits.hpp
[10.926s] -- Installing: /root/researchv2/install/urg_node_msgs/include/urg_node_msgs/msg/detail/status__struct.hpp
[10.927s] -- Up-to-date: /root/researchv2/install/urg_node_msgs/include/urg_node_msgs
[10.927s] -- Up-to-date: /root/researchv2/install/urg_node_msgs/include/urg_node_msgs/msg
[10.927s] -- Up-to-date: /root/researchv2/install/urg_node_msgs/include/urg_node_msgs/msg/detail
[10.927s] -- Installing: /root/researchv2/install/urg_node_msgs/include/urg_node_msgs/msg/detail/status__type_support.cpp
[10.927s] -- Installing: /root/researchv2/install/urg_node_msgs/include/urg_node_msgs/msg/detail/status__rosidl_typesupport_introspection_cpp.hpp
[10.927s] -- Installing: /root/researchv2/install/urg_node_msgs/lib/liburg_node_msgs__rosidl_typesupport_introspection_cpp.so
[10.928s] -- Set runtime path of "/root/researchv2/install/urg_node_msgs/lib/liburg_node_msgs__rosidl_typesupport_introspection_cpp.so" to ""
[10.928s] -- Installing: /root/researchv2/install/urg_node_msgs/lib/liburg_node_msgs__rosidl_typesupport_cpp.so
[10.930s] -- Set runtime path of "/root/researchv2/install/urg_node_msgs/lib/liburg_node_msgs__rosidl_typesupport_cpp.so" to ""
[10.930s] -- Installing: /root/researchv2/install/urg_node_msgs/share/urg_node_msgs/environment/pythonpath.sh
[10.930s] -- Installing: /root/researchv2/install/urg_node_msgs/share/urg_node_msgs/environment/pythonpath.dsv
[10.931s] -- Installing: /root/researchv2/install/urg_node_msgs/lib/python3.8/site-packages/urg_node_msgs/__init__.py
[11.003s] Compiling '/root/researchv2/install/urg_node_msgs/lib/python3.8/site-packages/urg_node_msgs/__init__.py'...
[11.011s] -- Installing: /root/researchv2/install/urg_node_msgs/lib/python3.8/site-packages/urg_node_msgs/msg
[11.012s] -- Installing: /root/researchv2/install/urg_node_msgs/lib/python3.8/site-packages/urg_node_msgs/msg/_status_s.c
[11.012s] -- Installing: /root/researchv2/install/urg_node_msgs/lib/python3.8/site-packages/urg_node_msgs/msg/_status.py
[11.012s] -- Installing: /root/researchv2/install/urg_node_msgs/lib/python3.8/site-packages/urg_node_msgs/msg/__init__.py
[11.013s] -- Installing: /root/researchv2/install/urg_node_msgs/lib/python3.8/site-packages/urg_node_msgs/urg_node_msgs_s__rosidl_typesupport_fastrtps_c.cpython-38-x86_64-linux-gnu.so
[11.014s] -- Set runtime path of "/root/researchv2/install/urg_node_msgs/lib/python3.8/site-packages/urg_node_msgs/urg_node_msgs_s__rosidl_typesupport_fastrtps_c.cpython-38-x86_64-linux-gnu.so" to ""
[11.014s] -- Installing: /root/researchv2/install/urg_node_msgs/lib/python3.8/site-packages/urg_node_msgs/urg_node_msgs_s__rosidl_typesupport_introspection_c.cpython-38-x86_64-linux-gnu.so
[11.015s] -- Set runtime path of "/root/researchv2/install/urg_node_msgs/lib/python3.8/site-packages/urg_node_msgs/urg_node_msgs_s__rosidl_typesupport_introspection_c.cpython-38-x86_64-linux-gnu.so" to ""
[11.016s] -- Installing: /root/researchv2/install/urg_node_msgs/lib/python3.8/site-packages/urg_node_msgs/urg_node_msgs_s__rosidl_typesupport_c.cpython-38-x86_64-linux-gnu.so
[11.017s] -- Set runtime path of "/root/researchv2/install/urg_node_msgs/lib/python3.8/site-packages/urg_node_msgs/urg_node_msgs_s__rosidl_typesupport_c.cpython-38-x86_64-linux-gnu.so" to ""
[11.017s] -- Installing: /root/researchv2/install/urg_node_msgs/lib/liburg_node_msgs__python.so
[11.018s] -- Set runtime path of "/root/researchv2/install/urg_node_msgs/lib/liburg_node_msgs__python.so" to ""
[11.018s] -- Installing: /root/researchv2/install/urg_node_msgs/share/urg_node_msgs/msg/Status.idl
[11.019s] -- Installing: /root/researchv2/install/urg_node_msgs/share/urg_node_msgs/msg/Status.msg
[11.019s] -- Installing: /root/researchv2/install/urg_node_msgs/share/urg_node_msgs/mapping_rules.yaml
[11.019s] -- Installing: /root/researchv2/install/urg_node_msgs/share/ament_index/resource_index/package_run_dependencies/urg_node_msgs
[11.020s] -- Installing: /root/researchv2/install/urg_node_msgs/share/ament_index/resource_index/parent_prefix_path/urg_node_msgs
[11.020s] -- Installing: /root/researchv2/install/urg_node_msgs/share/urg_node_msgs/environment/ament_prefix_path.sh
[11.021s] -- Installing: /root/researchv2/install/urg_node_msgs/share/urg_node_msgs/environment/ament_prefix_path.dsv
[11.021s] -- Installing: /root/researchv2/install/urg_node_msgs/share/urg_node_msgs/environment/path.sh
[11.021s] -- Installing: /root/researchv2/install/urg_node_msgs/share/urg_node_msgs/environment/path.dsv
[11.022s] -- Installing: /root/researchv2/install/urg_node_msgs/share/urg_node_msgs/local_setup.bash
[11.022s] -- Installing: /root/researchv2/install/urg_node_msgs/share/urg_node_msgs/local_setup.sh
[11.022s] -- Installing: /root/researchv2/install/urg_node_msgs/share/urg_node_msgs/local_setup.zsh
[11.023s] -- Installing: /root/researchv2/install/urg_node_msgs/share/urg_node_msgs/local_setup.dsv
[11.023s] -- Installing: /root/researchv2/install/urg_node_msgs/share/urg_node_msgs/package.dsv
[11.023s] -- Installing: /root/researchv2/install/urg_node_msgs/share/ament_index/resource_index/packages/urg_node_msgs
[11.024s] -- Installing: /root/researchv2/install/urg_node_msgs/share/urg_node_msgs/cmake/urg_node_msgs__rosidl_generator_cExport.cmake
[11.025s] -- Installing: /root/researchv2/install/urg_node_msgs/share/urg_node_msgs/cmake/urg_node_msgs__rosidl_generator_cExport-noconfig.cmake
[11.025s] -- Installing: /root/researchv2/install/urg_node_msgs/share/urg_node_msgs/cmake/urg_node_msgs__rosidl_typesupport_introspection_cExport.cmake
[11.025s] -- Installing: /root/researchv2/install/urg_node_msgs/share/urg_node_msgs/cmake/urg_node_msgs__rosidl_typesupport_introspection_cExport-noconfig.cmake
[11.026s] -- Installing: /root/researchv2/install/urg_node_msgs/share/urg_node_msgs/cmake/urg_node_msgs__rosidl_typesupport_cExport.cmake
[11.026s] -- Installing: /root/researchv2/install/urg_node_msgs/share/urg_node_msgs/cmake/urg_node_msgs__rosidl_typesupport_cExport-noconfig.cmake
[11.027s] -- Installing: /root/researchv2/install/urg_node_msgs/share/urg_node_msgs/cmake/urg_node_msgs__rosidl_generator_cppExport.cmake
[11.027s] -- Installing: /root/researchv2/install/urg_node_msgs/share/urg_node_msgs/cmake/urg_node_msgs__rosidl_typesupport_introspection_cppExport.cmake
[11.028s] -- Installing: /root/researchv2/install/urg_node_msgs/share/urg_node_msgs/cmake/urg_node_msgs__rosidl_typesupport_introspection_cppExport-noconfig.cmake
[11.028s] -- Installing: /root/researchv2/install/urg_node_msgs/share/urg_node_msgs/cmake/urg_node_msgs__rosidl_typesupport_cppExport.cmake
[11.029s] -- Installing: /root/researchv2/install/urg_node_msgs/share/urg_node_msgs/cmake/urg_node_msgs__rosidl_typesupport_cppExport-noconfig.cmake
[11.029s] -- Installing: /root/researchv2/install/urg_node_msgs/share/urg_node_msgs/cmake/rosidl_cmake-extras.cmake
[11.029s] -- Installing: /root/researchv2/install/urg_node_msgs/share/urg_node_msgs/cmake/ament_cmake_export_dependencies-extras.cmake
[11.030s] -- Installing: /root/researchv2/install/urg_node_msgs/share/urg_node_msgs/cmake/ament_cmake_export_libraries-extras.cmake
[11.030s] -- Installing: /root/researchv2/install/urg_node_msgs/share/urg_node_msgs/cmake/ament_cmake_export_targets-extras.cmake
[11.030s] -- Installing: /root/researchv2/install/urg_node_msgs/share/urg_node_msgs/cmake/ament_cmake_export_include_directories-extras.cmake
[11.031s] -- Installing: /root/researchv2/install/urg_node_msgs/share/urg_node_msgs/cmake/rosidl_cmake_export_typesupport_libraries-extras.cmake
[11.031s] -- Installing: /root/researchv2/install/urg_node_msgs/share/urg_node_msgs/cmake/rosidl_cmake_export_typesupport_targets-extras.cmake
[11.031s] -- Installing: /root/researchv2/install/urg_node_msgs/share/urg_node_msgs/cmake/urg_node_msgsConfig.cmake
[11.032s] -- Installing: /root/researchv2/install/urg_node_msgs/share/urg_node_msgs/cmake/urg_node_msgsConfig-version.cmake
[11.032s] -- Installing: /root/researchv2/install/urg_node_msgs/share/urg_node_msgs/package.xml
[11.041s] Invoked command in '/root/researchv2/build/urg_node_msgs' returned '0': CMAKE_PREFIX_PATH=${CMAKE_PREFIX_PATH}:/root/openpifpaf_ros2/install/rgbd_openpifpaf_ros2:/root/openpifpaf_ros2/install/pose_checker:/root/openpifpaf_ros2/install/openpifpaf_ros2_node:/root/researchv2/install/chaser_system:/opt/ros/galactic /usr/bin/cmake --install /root/researchv2/build/urg_node_msgs
