[0.033s] Invoking command in '/root/researchv2/build/urg_node_msgs': CMAKE_PREFIX_PATH=${CMAKE_PREFIX_PATH}:/root/researchv2/install/chaser_system:/opt/ros/foxy /usr/bin/cmake --build /root/researchv2/build/urg_node_msgs -- -j12 -l12
[0.091s] [  3%] Built target urg_node_msgs__cpp
[0.094s] [ 12%] Built target urg_node_msgs__rosidl_generator_c
[0.130s] [ 22%] Built target urg_node_msgs__rosidl_typesupport_introspection_cpp
[0.134s] [ 32%] Built target urg_node_msgs__rosidl_typesupport_cpp
[0.148s] [ 41%] Built target urg_node_msgs__rosidl_typesupport_introspection_c
[0.157s] [ 51%] Built target urg_node_msgs__rosidl_typesupport_c
[0.164s] [ 61%] Built target urg_node_msgs__rosidl_typesupport_fastrtps_cpp
[0.208s] [ 70%] Built target urg_node_msgs__rosidl_typesupport_fastrtps_c
[0.233s] [ 70%] Built target urg_node_msgs
[0.260s] [ 74%] Built target urg_node_msgs__py
[0.298s] [ 80%] Built target urg_node_msgs__python
[0.346s] [ 87%] Built target urg_node_msgs__rosidl_typesupport_fastrtps_c__pyext
[0.348s] [ 96%] Built target urg_node_msgs__rosidl_typesupport_introspection_c__pyext
[0.348s] [100%] Built target urg_node_msgs__rosidl_typesupport_c__pyext
[0.362s] Invoked command in '/root/researchv2/build/urg_node_msgs' returned '0': CMAKE_PREFIX_PATH=${CMAKE_PREFIX_PATH}:/root/researchv2/install/chaser_system:/opt/ros/foxy /usr/bin/cmake --build /root/researchv2/build/urg_node_msgs -- -j12 -l12
[0.485s] Invoking command in '/root/researchv2/build/urg_node_msgs': CMAKE_PREFIX_PATH=${CMAKE_PREFIX_PATH}:/root/researchv2/install/chaser_system:/opt/ros/foxy /usr/bin/cmake --install /root/researchv2/build/urg_node_msgs
[0.501s] -- Install configuration: ""
[0.501s] -- Up-to-date: /root/researchv2/install/urg_node_msgs/share/ament_index/resource_index/rosidl_interfaces/urg_node_msgs
[0.501s] -- Up-to-date: /root/researchv2/install/urg_node_msgs/include/urg_node_msgs
[0.502s] -- Up-to-date: /root/researchv2/install/urg_node_msgs/include/urg_node_msgs/msg
[0.502s] -- Up-to-date: /root/researchv2/install/urg_node_msgs/include/urg_node_msgs/msg/rosidl_generator_c__visibility_control.h
[0.502s] -- Up-to-date: /root/researchv2/install/urg_node_msgs/include/urg_node_msgs/msg/status.h
[0.502s] -- Up-to-date: /root/researchv2/install/urg_node_msgs/include/urg_node_msgs/msg/detail
[0.502s] -- Up-to-date: /root/researchv2/install/urg_node_msgs/include/urg_node_msgs/msg/detail/status__struct.h
[0.503s] -- Up-to-date: /root/researchv2/install/urg_node_msgs/include/urg_node_msgs/msg/detail/status__functions.h
[0.503s] -- Up-to-date: /root/researchv2/install/urg_node_msgs/include/urg_node_msgs/msg/detail/status__functions.c
[0.503s] -- Up-to-date: /root/researchv2/install/urg_node_msgs/include/urg_node_msgs/msg/detail/status__type_support.h
[0.503s] -- Up-to-date: /root/researchv2/install/urg_node_msgs/share/urg_node_msgs/environment/library_path.sh
[0.504s] -- Up-to-date: /root/researchv2/install/urg_node_msgs/share/urg_node_msgs/environment/library_path.dsv
[0.504s] -- Up-to-date: /root/researchv2/install/urg_node_msgs/lib/liburg_node_msgs__rosidl_generator_c.so
[0.504s] -- Up-to-date: /root/researchv2/install/urg_node_msgs/include/urg_node_msgs
[0.504s] -- Up-to-date: /root/researchv2/install/urg_node_msgs/include/urg_node_msgs/msg
[0.505s] -- Up-to-date: /root/researchv2/install/urg_node_msgs/include/urg_node_msgs/msg/detail
[0.505s] -- Up-to-date: /root/researchv2/install/urg_node_msgs/include/urg_node_msgs/msg/detail/status__rosidl_typesupport_fastrtps_c.h
[0.505s] -- Up-to-date: /root/researchv2/install/urg_node_msgs/include/urg_node_msgs/msg/rosidl_typesupport_fastrtps_c__visibility_control.h
[0.506s] -- Up-to-date: /root/researchv2/install/urg_node_msgs/lib/liburg_node_msgs__rosidl_typesupport_fastrtps_c.so
[0.506s] -- Up-to-date: /root/researchv2/install/urg_node_msgs/include/urg_node_msgs
[0.507s] -- Up-to-date: /root/researchv2/install/urg_node_msgs/include/urg_node_msgs/msg
[0.507s] -- Up-to-date: /root/researchv2/install/urg_node_msgs/include/urg_node_msgs/msg/detail
[0.507s] -- Up-to-date: /root/researchv2/install/urg_node_msgs/include/urg_node_msgs/msg/detail/status__rosidl_typesupport_fastrtps_cpp.hpp
[0.507s] -- Up-to-date: /root/researchv2/install/urg_node_msgs/include/urg_node_msgs/msg/detail/dds_fastrtps
[0.507s] -- Up-to-date: /root/researchv2/install/urg_node_msgs/include/urg_node_msgs/msg/rosidl_typesupport_fastrtps_cpp__visibility_control.h
[0.508s] -- Up-to-date: /root/researchv2/install/urg_node_msgs/lib/liburg_node_msgs__rosidl_typesupport_fastrtps_cpp.so
[0.508s] -- Up-to-date: /root/researchv2/install/urg_node_msgs/include/urg_node_msgs
[0.509s] -- Up-to-date: /root/researchv2/install/urg_node_msgs/include/urg_node_msgs/msg
[0.509s] -- Up-to-date: /root/researchv2/install/urg_node_msgs/include/urg_node_msgs/msg/detail
[0.509s] -- Up-to-date: /root/researchv2/install/urg_node_msgs/include/urg_node_msgs/msg/detail/status__rosidl_typesupport_introspection_c.h
[0.510s] -- Up-to-date: /root/researchv2/install/urg_node_msgs/include/urg_node_msgs/msg/detail/status__type_support.c
[0.510s] -- Up-to-date: /root/researchv2/install/urg_node_msgs/include/urg_node_msgs/msg/rosidl_typesupport_introspection_c__visibility_control.h
[0.510s] -- Up-to-date: /root/researchv2/install/urg_node_msgs/lib/liburg_node_msgs__rosidl_typesupport_introspection_c.so
[0.510s] -- Up-to-date: /root/researchv2/install/urg_node_msgs/lib/liburg_node_msgs__rosidl_typesupport_c.so
[0.511s] -- Up-to-date: /root/researchv2/install/urg_node_msgs/include/urg_node_msgs
[0.511s] -- Up-to-date: /root/researchv2/install/urg_node_msgs/include/urg_node_msgs/msg
[0.511s] -- Up-to-date: /root/researchv2/install/urg_node_msgs/include/urg_node_msgs/msg/status.hpp
[0.511s] -- Up-to-date: /root/researchv2/install/urg_node_msgs/include/urg_node_msgs/msg/detail
[0.511s] -- Up-to-date: /root/researchv2/install/urg_node_msgs/include/urg_node_msgs/msg/detail/status__builder.hpp
[0.512s] -- Up-to-date: /root/researchv2/install/urg_node_msgs/include/urg_node_msgs/msg/detail/status__traits.hpp
[0.512s] -- Up-to-date: /root/researchv2/install/urg_node_msgs/include/urg_node_msgs/msg/detail/status__struct.hpp
[0.512s] -- Up-to-date: /root/researchv2/install/urg_node_msgs/include/urg_node_msgs
[0.512s] -- Up-to-date: /root/researchv2/install/urg_node_msgs/include/urg_node_msgs/msg
[0.512s] -- Up-to-date: /root/researchv2/install/urg_node_msgs/include/urg_node_msgs/msg/detail
[0.512s] -- Up-to-date: /root/researchv2/install/urg_node_msgs/include/urg_node_msgs/msg/detail/status__type_support.cpp
[0.512s] -- Up-to-date: /root/researchv2/install/urg_node_msgs/include/urg_node_msgs/msg/detail/status__rosidl_typesupport_introspection_cpp.hpp
[0.513s] -- Up-to-date: /root/researchv2/install/urg_node_msgs/lib/liburg_node_msgs__rosidl_typesupport_introspection_cpp.so
[0.513s] -- Up-to-date: /root/researchv2/install/urg_node_msgs/lib/liburg_node_msgs__rosidl_typesupport_cpp.so
[0.513s] -- Up-to-date: /root/researchv2/install/urg_node_msgs/share/urg_node_msgs/environment/pythonpath.sh
[0.513s] -- Up-to-date: /root/researchv2/install/urg_node_msgs/share/urg_node_msgs/environment/pythonpath.dsv
[0.513s] -- Up-to-date: /root/researchv2/install/urg_node_msgs/lib/python3.8/site-packages/urg_node_msgs/__init__.py
[0.572s] -- Up-to-date: /root/researchv2/install/urg_node_msgs/lib/python3.8/site-packages/urg_node_msgs/msg
[0.572s] -- Up-to-date: /root/researchv2/install/urg_node_msgs/lib/python3.8/site-packages/urg_node_msgs/msg/_status_s.c
[0.573s] -- Up-to-date: /root/researchv2/install/urg_node_msgs/lib/python3.8/site-packages/urg_node_msgs/msg/_status.py
[0.574s] -- Up-to-date: /root/researchv2/install/urg_node_msgs/lib/python3.8/site-packages/urg_node_msgs/msg/__init__.py
[0.575s] -- Up-to-date: /root/researchv2/install/urg_node_msgs/lib/python3.8/site-packages/urg_node_msgs/urg_node_msgs_s__rosidl_typesupport_fastrtps_c.cpython-38-x86_64-linux-gnu.so
[0.576s] -- Up-to-date: /root/researchv2/install/urg_node_msgs/lib/python3.8/site-packages/urg_node_msgs/urg_node_msgs_s__rosidl_typesupport_introspection_c.cpython-38-x86_64-linux-gnu.so
[0.579s] -- Up-to-date: /root/researchv2/install/urg_node_msgs/lib/python3.8/site-packages/urg_node_msgs/urg_node_msgs_s__rosidl_typesupport_c.cpython-38-x86_64-linux-gnu.so
[0.580s] -- Up-to-date: /root/researchv2/install/urg_node_msgs/lib/liburg_node_msgs__python.so
[0.589s] -- Up-to-date: /root/researchv2/install/urg_node_msgs/share/urg_node_msgs/msg/Status.idl
[0.589s] -- Up-to-date: /root/researchv2/install/urg_node_msgs/share/urg_node_msgs/msg/Status.msg
[0.590s] -- Up-to-date: /root/researchv2/install/urg_node_msgs/share/urg_node_msgs/mapping_rules.yaml
[0.590s] -- Up-to-date: /root/researchv2/install/urg_node_msgs/share/ament_index/resource_index/package_run_dependencies/urg_node_msgs
[0.590s] -- Up-to-date: /root/researchv2/install/urg_node_msgs/share/ament_index/resource_index/parent_prefix_path/urg_node_msgs
[0.590s] -- Up-to-date: /root/researchv2/install/urg_node_msgs/share/urg_node_msgs/environment/ament_prefix_path.sh
[0.590s] -- Up-to-date: /root/researchv2/install/urg_node_msgs/share/urg_node_msgs/environment/ament_prefix_path.dsv
[0.590s] -- Up-to-date: /root/researchv2/install/urg_node_msgs/share/urg_node_msgs/environment/path.sh
[0.591s] -- Up-to-date: /root/researchv2/install/urg_node_msgs/share/urg_node_msgs/environment/path.dsv
[0.592s] -- Up-to-date: /root/researchv2/install/urg_node_msgs/share/urg_node_msgs/local_setup.bash
[0.592s] -- Up-to-date: /root/researchv2/install/urg_node_msgs/share/urg_node_msgs/local_setup.sh
[0.592s] -- Up-to-date: /root/researchv2/install/urg_node_msgs/share/urg_node_msgs/local_setup.zsh
[0.592s] -- Up-to-date: /root/researchv2/install/urg_node_msgs/share/urg_node_msgs/local_setup.dsv
[0.592s] -- Installing: /root/researchv2/install/urg_node_msgs/share/urg_node_msgs/package.dsv
[0.592s] -- Up-to-date: /root/researchv2/install/urg_node_msgs/share/ament_index/resource_index/packages/urg_node_msgs
[0.592s] -- Up-to-date: /root/researchv2/install/urg_node_msgs/share/urg_node_msgs/cmake/urg_node_msgs__rosidl_generator_cExport.cmake
[0.593s] -- Up-to-date: /root/researchv2/install/urg_node_msgs/share/urg_node_msgs/cmake/urg_node_msgs__rosidl_generator_cExport-noconfig.cmake
[0.593s] -- Up-to-date: /root/researchv2/install/urg_node_msgs/share/urg_node_msgs/cmake/urg_node_msgs__rosidl_typesupport_introspection_cExport.cmake
[0.593s] -- Up-to-date: /root/researchv2/install/urg_node_msgs/share/urg_node_msgs/cmake/urg_node_msgs__rosidl_typesupport_introspection_cExport-noconfig.cmake
[0.593s] -- Up-to-date: /root/researchv2/install/urg_node_msgs/share/urg_node_msgs/cmake/urg_node_msgs__rosidl_typesupport_cExport.cmake
[0.593s] -- Up-to-date: /root/researchv2/install/urg_node_msgs/share/urg_node_msgs/cmake/urg_node_msgs__rosidl_typesupport_cExport-noconfig.cmake
[0.593s] -- Up-to-date: /root/researchv2/install/urg_node_msgs/share/urg_node_msgs/cmake/urg_node_msgs__rosidl_generator_cppExport.cmake
[0.593s] -- Up-to-date: /root/researchv2/install/urg_node_msgs/share/urg_node_msgs/cmake/urg_node_msgs__rosidl_typesupport_introspection_cppExport.cmake
[0.593s] -- Up-to-date: /root/researchv2/install/urg_node_msgs/share/urg_node_msgs/cmake/urg_node_msgs__rosidl_typesupport_introspection_cppExport-noconfig.cmake
[0.593s] -- Up-to-date: /root/researchv2/install/urg_node_msgs/share/urg_node_msgs/cmake/urg_node_msgs__rosidl_typesupport_cppExport.cmake
[0.593s] -- Up-to-date: /root/researchv2/install/urg_node_msgs/share/urg_node_msgs/cmake/urg_node_msgs__rosidl_typesupport_cppExport-noconfig.cmake
[0.594s] -- Up-to-date: /root/researchv2/install/urg_node_msgs/share/urg_node_msgs/cmake/rosidl_cmake-extras.cmake
[0.594s] -- Up-to-date: /root/researchv2/install/urg_node_msgs/share/urg_node_msgs/cmake/ament_cmake_export_dependencies-extras.cmake
[0.594s] -- Up-to-date: /root/researchv2/install/urg_node_msgs/share/urg_node_msgs/cmake/ament_cmake_export_libraries-extras.cmake
[0.596s] -- Up-to-date: /root/researchv2/install/urg_node_msgs/share/urg_node_msgs/cmake/ament_cmake_export_targets-extras.cmake
[0.596s] -- Up-to-date: /root/researchv2/install/urg_node_msgs/share/urg_node_msgs/cmake/ament_cmake_export_include_directories-extras.cmake
[0.597s] -- Up-to-date: /root/researchv2/install/urg_node_msgs/share/urg_node_msgs/cmake/rosidl_cmake_export_typesupport_libraries-extras.cmake
[0.597s] -- Up-to-date: /root/researchv2/install/urg_node_msgs/share/urg_node_msgs/cmake/rosidl_cmake_export_typesupport_targets-extras.cmake
[0.597s] -- Up-to-date: /root/researchv2/install/urg_node_msgs/share/urg_node_msgs/cmake/urg_node_msgsConfig.cmake
[0.597s] -- Up-to-date: /root/researchv2/install/urg_node_msgs/share/urg_node_msgs/cmake/urg_node_msgsConfig-version.cmake
[0.598s] -- Up-to-date: /root/researchv2/install/urg_node_msgs/share/urg_node_msgs/package.xml
[0.609s] Invoked command in '/root/researchv2/build/urg_node_msgs' returned '0': CMAKE_PREFIX_PATH=${CMAKE_PREFIX_PATH}:/root/researchv2/install/chaser_system:/opt/ros/foxy /usr/bin/cmake --install /root/researchv2/build/urg_node_msgs
