[35m[1mScanning dependencies of target mymsg__cpp[0m
[  1%] [34m[1mGenerating C code for ROS interfaces[0m
[  3%] [34m[1mGenerating C++ code for ROS interfaces[0m
[  3%] Built target mymsg__cpp
[  6%] [34m[1mGenerating C++ introspection for ROS interfaces[0m
[  6%] [34m[1mGenerating C++ type support for eProsima Fast-RTPS[0m
[  7%] [34m[1mGenerating C++ type support dispatch for ROS interfaces[0m
[35m[1mScanning dependencies of target mymsg__rosidl_generator_c[0m
[  9%] [32mBuilding C object CMakeFiles/mymsg__rosidl_generator_c.dir/rosidl_generator_c/mymsg/msg/detail/poses__functions.c.o[0m
[ 11%] [32mBuilding C object CMakeFiles/mymsg__rosidl_generator_c.dir/rosidl_generator_c/mymsg/msg/detail/pose__functions.c.o[0m
[ 12%] [32mBuilding C object CMakeFiles/mymsg__rosidl_generator_c.dir/rosidl_generator_c/mymsg/msg/detail/transform__functions.c.o[0m
[ 14%] [32mBuilding C object CMakeFiles/mymsg__rosidl_generator_c.dir/rosidl_generator_c/mymsg/msg/detail/multi_transform__functions.c.o[0m
[ 15%] [32mBuilding C object CMakeFiles/mymsg__rosidl_generator_c.dir/rosidl_generator_c/mymsg/srv/detail/imagedata__functions.c.o[0m
[ 17%] [32m[1mLinking C shared library libmymsg__rosidl_generator_c.so[0m
[ 17%] Built target mymsg__rosidl_generator_c
[ 19%] [34m[1mGenerating C introspection for ROS interfaces[0m
[ 20%] [34m[1mGenerating C type support dispatch for ROS interfaces[0m
[35m[1mScanning dependencies of target mymsg__rosidl_typesupport_cpp[0m
[ 22%] [32mBuilding CXX object CMakeFiles/mymsg__rosidl_typesupport_cpp.dir/rosidl_typesupport_cpp/mymsg/msg/pose__type_support.cpp.o[0m
[ 25%] [32mBuilding CXX object CMakeFiles/mymsg__rosidl_typesupport_cpp.dir/rosidl_typesupport_cpp/mymsg/msg/transform__type_support.cpp.o[0m
[ 25%] [32mBuilding CXX object CMakeFiles/mymsg__rosidl_typesupport_cpp.dir/rosidl_typesupport_cpp/mymsg/msg/poses__type_support.cpp.o[0m
[ 26%] [32mBuilding CXX object CMakeFiles/mymsg__rosidl_typesupport_cpp.dir/rosidl_typesupport_cpp/mymsg/msg/multi_transform__type_support.cpp.o[0m
[ 28%] [32mBuilding CXX object CMakeFiles/mymsg__rosidl_typesupport_cpp.dir/rosidl_typesupport_cpp/mymsg/srv/imagedata__type_support.cpp.o[0m
[35m[1mScanning dependencies of target mymsg__rosidl_typesupport_introspection_cpp[0m
[ 30%] [32mBuilding CXX object CMakeFiles/mymsg__rosidl_typesupport_introspection_cpp.dir/rosidl_typesupport_introspection_cpp/mymsg/msg/detail/poses__type_support.cpp.o[0m
[ 31%] [32mBuilding CXX object CMakeFiles/mymsg__rosidl_typesupport_introspection_cpp.dir/rosidl_typesupport_introspection_cpp/mymsg/msg/detail/pose__type_support.cpp.o[0m
[ 33%] [32mBuilding CXX object CMakeFiles/mymsg__rosidl_typesupport_introspection_cpp.dir/rosidl_typesupport_introspection_cpp/mymsg/msg/detail/transform__type_support.cpp.o[0m
[ 34%] [32mBuilding CXX object CMakeFiles/mymsg__rosidl_typesupport_introspection_cpp.dir/rosidl_typesupport_introspection_cpp/mymsg/msg/detail/multi_transform__type_support.cpp.o[0m
[35m[1mScanning dependencies of target mymsg__rosidl_typesupport_fastrtps_cpp[0m
[ 36%] [32mBuilding CXX object CMakeFiles/mymsg__rosidl_typesupport_fastrtps_cpp.dir/rosidl_typesupport_fastrtps_cpp/mymsg/msg/detail/dds_fastrtps/pose__type_support.cpp.o[0m
[35m[1mScanning dependencies of target mymsg__rosidl_typesupport_c[0m
[ 38%] [32mBuilding CXX object CMakeFiles/mymsg__rosidl_typesupport_c.dir/rosidl_typesupport_c/mymsg/msg/pose__type_support.cpp.o[0m
[ 42%] [32mBuilding CXX object CMakeFiles/mymsg__rosidl_typesupport_c.dir/rosidl_typesupport_c/mymsg/msg/poses__type_support.cpp.o[0m
[ 42%] [32mBuilding CXX object CMakeFiles/mymsg__rosidl_typesupport_c.dir/rosidl_typesupport_c/mymsg/msg/transform__type_support.cpp.o[0m
[ 42%] [32mBuilding CXX object CMakeFiles/mymsg__rosidl_typesupport_fastrtps_cpp.dir/rosidl_typesupport_fastrtps_cpp/mymsg/msg/detail/dds_fastrtps/poses__type_support.cpp.o[0m
[ 44%] [32m[1mLinking CXX shared library libmymsg__rosidl_typesupport_cpp.so[0m
[ 46%] [32mBuilding CXX object CMakeFiles/mymsg__rosidl_typesupport_introspection_cpp.dir/rosidl_typesupport_introspection_cpp/mymsg/srv/detail/imagedata__type_support.cpp.o[0m
[ 47%] [32mBuilding CXX object CMakeFiles/mymsg__rosidl_typesupport_fastrtps_cpp.dir/rosidl_typesupport_fastrtps_cpp/mymsg/msg/detail/dds_fastrtps/transform__type_support.cpp.o[0m
[ 49%] [32mBuilding CXX object CMakeFiles/mymsg__rosidl_typesupport_c.dir/rosidl_typesupport_c/mymsg/msg/multi_transform__type_support.cpp.o[0m
[ 50%] [32mBuilding CXX object CMakeFiles/mymsg__rosidl_typesupport_c.dir/rosidl_typesupport_c/mymsg/srv/imagedata__type_support.cpp.o[0m
[ 50%] Built target mymsg__rosidl_typesupport_cpp
[ 52%] [32mBuilding CXX object CMakeFiles/mymsg__rosidl_typesupport_fastrtps_cpp.dir/rosidl_typesupport_fastrtps_cpp/mymsg/msg/detail/dds_fastrtps/multi_transform__type_support.cpp.o[0m
[ 53%] [32m[1mLinking CXX shared library libmymsg__rosidl_typesupport_c.so[0m
[ 55%] [32mBuilding CXX object CMakeFiles/mymsg__rosidl_typesupport_fastrtps_cpp.dir/rosidl_typesupport_fastrtps_cpp/mymsg/srv/detail/dds_fastrtps/imagedata__type_support.cpp.o[0m
[35m[1mScanning dependencies of target mymsg__rosidl_typesupport_introspection_c[0m
[ 55%] Built target mymsg__rosidl_typesupport_c
[ 57%] [32mBuilding C object CMakeFiles/mymsg__rosidl_typesupport_introspection_c.dir/rosidl_typesupport_introspection_c/mymsg/msg/detail/pose__type_support.c.o[0m
[ 58%] [32mBuilding C object CMakeFiles/mymsg__rosidl_typesupport_introspection_c.dir/rosidl_typesupport_introspection_c/mymsg/msg/detail/poses__type_support.c.o[0m
[ 60%] [32mBuilding C object CMakeFiles/mymsg__rosidl_typesupport_introspection_c.dir/rosidl_typesupport_introspection_c/mymsg/msg/detail/transform__type_support.c.o[0m
[ 61%] [32mBuilding C object CMakeFiles/mymsg__rosidl_typesupport_introspection_c.dir/rosidl_typesupport_introspection_c/mymsg/msg/detail/multi_transform__type_support.c.o[0m
[ 63%] [32mBuilding C object CMakeFiles/mymsg__rosidl_typesupport_introspection_c.dir/rosidl_typesupport_introspection_c/mymsg/srv/detail/imagedata__type_support.c.o[0m
[ 65%] [32m[1mLinking C shared library libmymsg__rosidl_typesupport_introspection_c.so[0m
[ 65%] Built target mymsg__rosidl_typesupport_introspection_c
[ 66%] [32m[1mLinking CXX shared library libmymsg__rosidl_typesupport_introspection_cpp.so[0m
[ 66%] Built target mymsg__rosidl_typesupport_introspection_cpp
[ 68%] [32m[1mLinking CXX shared library libmymsg__rosidl_typesupport_fastrtps_cpp.so[0m
[ 68%] Built target mymsg__rosidl_typesupport_fastrtps_cpp
[ 69%] [34m[1mGenerating C type support for eProsima Fast-RTPS[0m
[35m[1mScanning dependencies of target mymsg__rosidl_typesupport_fastrtps_c[0m
[ 71%] [32mBuilding CXX object CMakeFiles/mymsg__rosidl_typesupport_fastrtps_c.dir/rosidl_typesupport_fastrtps_c/mymsg/msg/detail/pose__type_support_c.cpp.o[0m
[ 73%] [32mBuilding CXX object CMakeFiles/mymsg__rosidl_typesupport_fastrtps_c.dir/rosidl_typesupport_fastrtps_c/mymsg/msg/detail/poses__type_support_c.cpp.o[0m
[ 74%] [32mBuilding CXX object CMakeFiles/mymsg__rosidl_typesupport_fastrtps_c.dir/rosidl_typesupport_fastrtps_c/mymsg/msg/detail/transform__type_support_c.cpp.o[0m
[ 76%] [32mBuilding CXX object CMakeFiles/mymsg__rosidl_typesupport_fastrtps_c.dir/rosidl_typesupport_fastrtps_c/mymsg/msg/detail/multi_transform__type_support_c.cpp.o[0m
[ 77%] [32mBuilding CXX object CMakeFiles/mymsg__rosidl_typesupport_fastrtps_c.dir/rosidl_typesupport_fastrtps_c/mymsg/srv/detail/imagedata__type_support_c.cpp.o[0m
[ 79%] [32m[1mLinking CXX shared library libmymsg__rosidl_typesupport_fastrtps_c.so[0m
[ 79%] Built target mymsg__rosidl_typesupport_fastrtps_c
[35m[1mScanning dependencies of target mymsg[0m
[ 79%] Built target mymsg
[35m[1mScanning dependencies of target mymsg__py[0m
[ 80%] [34m[1mGenerating Python code for ROS interfaces[0m
[ 80%] Built target mymsg__py
[35m[1mScanning dependencies of target mymsg__python[0m
[ 82%] [32mBuilding C object CMakeFiles/mymsg__python.dir/rosidl_generator_py/mymsg/msg/_pose_s.c.o[0m
[ 84%] [32mBuilding C object CMakeFiles/mymsg__python.dir/rosidl_generator_py/mymsg/msg/_poses_s.c.o[0m
[ 85%] [32mBuilding C object CMakeFiles/mymsg__python.dir/rosidl_generator_py/mymsg/msg/_transform_s.c.o[0m
[ 87%] [32mBuilding C object CMakeFiles/mymsg__python.dir/rosidl_generator_py/mymsg/msg/_multi_transform_s.c.o[0m
[ 88%] [32mBuilding C object CMakeFiles/mymsg__python.dir/rosidl_generator_py/mymsg/srv/_imagedata_s.c.o[0m
[ 90%] [32m[1mLinking C shared library rosidl_generator_py/mymsg/libmymsg__python.so[0m
[ 90%] Built target mymsg__python
[35m[1mScanning dependencies of target mymsg__rosidl_typesupport_c__pyext[0m
[35m[1mScanning dependencies of target mymsg__rosidl_typesupport_introspection_c__pyext[0m
[35m[1mScanning dependencies of target mymsg__rosidl_typesupport_fastrtps_c__pyext[0m
[ 93%] [32mBuilding C object CMakeFiles/mymsg__rosidl_typesupport_c__pyext.dir/rosidl_generator_py/mymsg/_mymsg_s.ep.rosidl_typesupport_c.c.o[0m
[ 93%] [32mBuilding C object CMakeFiles/mymsg__rosidl_typesupport_introspection_c__pyext.dir/rosidl_generator_py/mymsg/_mymsg_s.ep.rosidl_typesupport_introspection_c.c.o[0m
[ 95%] [32mBuilding C object CMakeFiles/mymsg__rosidl_typesupport_fastrtps_c__pyext.dir/rosidl_generator_py/mymsg/_mymsg_s.ep.rosidl_typesupport_fastrtps_c.c.o[0m
[ 98%] [32m[1mLinking C shared library rosidl_generator_py/mymsg/mymsg_s__rosidl_typesupport_c.cpython-38-x86_64-linux-gnu.so[0m
[ 98%] [32m[1mLinking C shared library rosidl_generator_py/mymsg/mymsg_s__rosidl_typesupport_introspection_c.cpython-38-x86_64-linux-gnu.so[0m
[100%] [32m[1mLinking CXX shared library rosidl_generator_py/mymsg/mymsg_s__rosidl_typesupport_fastrtps_c.cpython-38-x86_64-linux-gnu.so[0m
[100%] Built target mymsg__rosidl_typesupport_c__pyext
[100%] Built target mymsg__rosidl_typesupport_introspection_c__pyext
[100%] Built target mymsg__rosidl_typesupport_fastrtps_c__pyext
-- Install configuration: ""
-- Installing: /root/researchv2/install/mymsg/share/ament_index/resource_index/rosidl_interfaces/mymsg
-- Installing: /root/researchv2/install/mymsg/include/mymsg
-- Installing: /root/researchv2/install/mymsg/include/mymsg/srv
-- Installing: /root/researchv2/install/mymsg/include/mymsg/srv/imagedata.h
-- Installing: /root/researchv2/install/mymsg/include/mymsg/srv/detail
-- Installing: /root/researchv2/install/mymsg/include/mymsg/srv/detail/imagedata__functions.c
-- Installing: /root/researchv2/install/mymsg/include/mymsg/srv/detail/imagedata__functions.h
-- Installing: /root/researchv2/install/mymsg/include/mymsg/srv/detail/imagedata__struct.h
-- Installing: /root/researchv2/install/mymsg/include/mymsg/srv/detail/imagedata__type_support.h
-- Installing: /root/researchv2/install/mymsg/include/mymsg/msg
-- Installing: /root/researchv2/install/mymsg/include/mymsg/msg/multi_transform.h
-- Installing: /root/researchv2/install/mymsg/include/mymsg/msg/rosidl_generator_c__visibility_control.h
-- Installing: /root/researchv2/install/mymsg/include/mymsg/msg/poses.h
-- Installing: /root/researchv2/install/mymsg/include/mymsg/msg/detail
-- Installing: /root/researchv2/install/mymsg/include/mymsg/msg/detail/multi_transform__type_support.h
-- Installing: /root/researchv2/install/mymsg/include/mymsg/msg/detail/pose__functions.h
-- Installing: /root/researchv2/install/mymsg/include/mymsg/msg/detail/multi_transform__functions.h
-- Installing: /root/researchv2/install/mymsg/include/mymsg/msg/detail/transform__functions.c
-- Installing: /root/researchv2/install/mymsg/include/mymsg/msg/detail/pose__struct.h
-- Installing: /root/researchv2/install/mymsg/include/mymsg/msg/detail/multi_transform__struct.h
-- Installing: /root/researchv2/install/mymsg/include/mymsg/msg/detail/pose__type_support.h
-- Installing: /root/researchv2/install/mymsg/include/mymsg/msg/detail/poses__type_support.h
-- Installing: /root/researchv2/install/mymsg/include/mymsg/msg/detail/transform__type_support.h
-- Installing: /root/researchv2/install/mymsg/include/mymsg/msg/detail/transform__struct.h
-- Installing: /root/researchv2/install/mymsg/include/mymsg/msg/detail/poses__functions.c
-- Installing: /root/researchv2/install/mymsg/include/mymsg/msg/detail/multi_transform__functions.c
-- Installing: /root/researchv2/install/mymsg/include/mymsg/msg/detail/transform__functions.h
-- Installing: /root/researchv2/install/mymsg/include/mymsg/msg/detail/poses__struct.h
-- Installing: /root/researchv2/install/mymsg/include/mymsg/msg/detail/pose__functions.c
-- Installing: /root/researchv2/install/mymsg/include/mymsg/msg/detail/poses__functions.h
-- Installing: /root/researchv2/install/mymsg/include/mymsg/msg/transform.h
-- Installing: /root/researchv2/install/mymsg/include/mymsg/msg/pose.h
-- Installing: /root/researchv2/install/mymsg/share/mymsg/environment/library_path.sh
-- Installing: /root/researchv2/install/mymsg/share/mymsg/environment/library_path.dsv
-- Installing: /root/researchv2/install/mymsg/lib/libmymsg__rosidl_generator_c.so
-- Set runtime path of "/root/researchv2/install/mymsg/lib/libmymsg__rosidl_generator_c.so" to ""
-- Up-to-date: /root/researchv2/install/mymsg/include/mymsg
-- Up-to-date: /root/researchv2/install/mymsg/include/mymsg/srv
-- Up-to-date: /root/researchv2/install/mymsg/include/mymsg/srv/detail
-- Installing: /root/researchv2/install/mymsg/include/mymsg/srv/detail/imagedata__rosidl_typesupport_fastrtps_c.h
-- Up-to-date: /root/researchv2/install/mymsg/include/mymsg/msg
-- Up-to-date: /root/researchv2/install/mymsg/include/mymsg/msg/detail
-- Installing: /root/researchv2/install/mymsg/include/mymsg/msg/detail/poses__rosidl_typesupport_fastrtps_c.h
-- Installing: /root/researchv2/install/mymsg/include/mymsg/msg/detail/multi_transform__rosidl_typesupport_fastrtps_c.h
-- Installing: /root/researchv2/install/mymsg/include/mymsg/msg/detail/transform__rosidl_typesupport_fastrtps_c.h
-- Installing: /root/researchv2/install/mymsg/include/mymsg/msg/detail/pose__rosidl_typesupport_fastrtps_c.h
-- Installing: /root/researchv2/install/mymsg/include/mymsg/msg/rosidl_typesupport_fastrtps_c__visibility_control.h
-- Installing: /root/researchv2/install/mymsg/lib/libmymsg__rosidl_typesupport_fastrtps_c.so
-- Set runtime path of "/root/researchv2/install/mymsg/lib/libmymsg__rosidl_typesupport_fastrtps_c.so" to ""
-- Up-to-date: /root/researchv2/install/mymsg/include/mymsg
-- Up-to-date: /root/researchv2/install/mymsg/include/mymsg/srv
-- Up-to-date: /root/researchv2/install/mymsg/include/mymsg/srv/detail
-- Installing: /root/researchv2/install/mymsg/include/mymsg/srv/detail/imagedata__rosidl_typesupport_fastrtps_cpp.hpp
-- Installing: /root/researchv2/install/mymsg/include/mymsg/srv/detail/dds_fastrtps
-- Up-to-date: /root/researchv2/install/mymsg/include/mymsg/msg
-- Up-to-date: /root/researchv2/install/mymsg/include/mymsg/msg/detail
-- Installing: /root/researchv2/install/mymsg/include/mymsg/msg/detail/multi_transform__rosidl_typesupport_fastrtps_cpp.hpp
-- Installing: /root/researchv2/install/mymsg/include/mymsg/msg/detail/pose__rosidl_typesupport_fastrtps_cpp.hpp
-- Installing: /root/researchv2/install/mymsg/include/mymsg/msg/detail/transform__rosidl_typesupport_fastrtps_cpp.hpp
-- Installing: /root/researchv2/install/mymsg/include/mymsg/msg/detail/poses__rosidl_typesupport_fastrtps_cpp.hpp
-- Installing: /root/researchv2/install/mymsg/include/mymsg/msg/detail/dds_fastrtps
-- Installing: /root/researchv2/install/mymsg/include/mymsg/msg/rosidl_typesupport_fastrtps_cpp__visibility_control.h
-- Installing: /root/researchv2/install/mymsg/lib/libmymsg__rosidl_typesupport_fastrtps_cpp.so
-- Set runtime path of "/root/researchv2/install/mymsg/lib/libmymsg__rosidl_typesupport_fastrtps_cpp.so" to ""
-- Up-to-date: /root/researchv2/install/mymsg/include/mymsg
-- Up-to-date: /root/researchv2/install/mymsg/include/mymsg/srv
-- Up-to-date: /root/researchv2/install/mymsg/include/mymsg/srv/detail
-- Installing: /root/researchv2/install/mymsg/include/mymsg/srv/detail/imagedata__type_support.c
-- Installing: /root/researchv2/install/mymsg/include/mymsg/srv/detail/imagedata__rosidl_typesupport_introspection_c.h
-- Up-to-date: /root/researchv2/install/mymsg/include/mymsg/msg
-- Up-to-date: /root/researchv2/install/mymsg/include/mymsg/msg/detail
-- Installing: /root/researchv2/install/mymsg/include/mymsg/msg/detail/pose__rosidl_typesupport_introspection_c.h
-- Installing: /root/researchv2/install/mymsg/include/mymsg/msg/detail/transform__type_support.c
-- Installing: /root/researchv2/install/mymsg/include/mymsg/msg/detail/multi_transform__rosidl_typesupport_introspection_c.h
-- Installing: /root/researchv2/install/mymsg/include/mymsg/msg/detail/transform__rosidl_typesupport_introspection_c.h
-- Installing: /root/researchv2/install/mymsg/include/mymsg/msg/detail/multi_transform__type_support.c
-- Installing: /root/researchv2/install/mymsg/include/mymsg/msg/detail/poses__type_support.c
-- Installing: /root/researchv2/install/mymsg/include/mymsg/msg/detail/pose__type_support.c
-- Installing: /root/researchv2/install/mymsg/include/mymsg/msg/detail/poses__rosidl_typesupport_introspection_c.h
-- Installing: /root/researchv2/install/mymsg/include/mymsg/msg/rosidl_typesupport_introspection_c__visibility_control.h
-- Installing: /root/researchv2/install/mymsg/lib/libmymsg__rosidl_typesupport_introspection_c.so
-- Set runtime path of "/root/researchv2/install/mymsg/lib/libmymsg__rosidl_typesupport_introspection_c.so" to ""
-- Installing: /root/researchv2/install/mymsg/lib/libmymsg__rosidl_typesupport_c.so
-- Set runtime path of "/root/researchv2/install/mymsg/lib/libmymsg__rosidl_typesupport_c.so" to ""
-- Up-to-date: /root/researchv2/install/mymsg/include/mymsg
-- Up-to-date: /root/researchv2/install/mymsg/include/mymsg/srv
-- Up-to-date: /root/researchv2/install/mymsg/include/mymsg/srv/detail
-- Installing: /root/researchv2/install/mymsg/include/mymsg/srv/detail/imagedata__traits.hpp
-- Installing: /root/researchv2/install/mymsg/include/mymsg/srv/detail/imagedata__builder.hpp
-- Installing: /root/researchv2/install/mymsg/include/mymsg/srv/detail/imagedata__struct.hpp
-- Installing: /root/researchv2/install/mymsg/include/mymsg/srv/imagedata.hpp
-- Up-to-date: /root/researchv2/install/mymsg/include/mymsg/msg
-- Installing: /root/researchv2/install/mymsg/include/mymsg/msg/multi_transform.hpp
-- Installing: /root/researchv2/install/mymsg/include/mymsg/msg/transform.hpp
-- Up-to-date: /root/researchv2/install/mymsg/include/mymsg/msg/detail
-- Installing: /root/researchv2/install/mymsg/include/mymsg/msg/detail/poses__struct.hpp
-- Installing: /root/researchv2/install/mymsg/include/mymsg/msg/detail/multi_transform__struct.hpp
-- Installing: /root/researchv2/install/mymsg/include/mymsg/msg/detail/multi_transform__traits.hpp
-- Installing: /root/researchv2/install/mymsg/include/mymsg/msg/detail/poses__builder.hpp
-- Installing: /root/researchv2/install/mymsg/include/mymsg/msg/detail/transform__struct.hpp
-- Installing: /root/researchv2/install/mymsg/include/mymsg/msg/detail/pose__struct.hpp
-- Installing: /root/researchv2/install/mymsg/include/mymsg/msg/detail/pose__traits.hpp
-- Installing: /root/researchv2/install/mymsg/include/mymsg/msg/detail/transform__traits.hpp
-- Installing: /root/researchv2/install/mymsg/include/mymsg/msg/detail/poses__traits.hpp
-- Installing: /root/researchv2/install/mymsg/include/mymsg/msg/detail/transform__builder.hpp
-- Installing: /root/researchv2/install/mymsg/include/mymsg/msg/detail/multi_transform__builder.hpp
-- Installing: /root/researchv2/install/mymsg/include/mymsg/msg/detail/pose__builder.hpp
-- Installing: /root/researchv2/install/mymsg/include/mymsg/msg/pose.hpp
-- Installing: /root/researchv2/install/mymsg/include/mymsg/msg/poses.hpp
-- Up-to-date: /root/researchv2/install/mymsg/include/mymsg
-- Up-to-date: /root/researchv2/install/mymsg/include/mymsg/srv
-- Up-to-date: /root/researchv2/install/mymsg/include/mymsg/srv/detail
-- Installing: /root/researchv2/install/mymsg/include/mymsg/srv/detail/imagedata__rosidl_typesupport_introspection_cpp.hpp
-- Installing: /root/researchv2/install/mymsg/include/mymsg/srv/detail/imagedata__type_support.cpp
-- Up-to-date: /root/researchv2/install/mymsg/include/mymsg/msg
-- Up-to-date: /root/researchv2/install/mymsg/include/mymsg/msg/detail
-- Installing: /root/researchv2/install/mymsg/include/mymsg/msg/detail/poses__type_support.cpp
-- Installing: /root/researchv2/install/mymsg/include/mymsg/msg/detail/multi_transform__type_support.cpp
-- Installing: /root/researchv2/install/mymsg/include/mymsg/msg/detail/transform__type_support.cpp
-- Installing: /root/researchv2/install/mymsg/include/mymsg/msg/detail/pose__type_support.cpp
-- Installing: /root/researchv2/install/mymsg/include/mymsg/msg/detail/multi_transform__rosidl_typesupport_introspection_cpp.hpp
-- Installing: /root/researchv2/install/mymsg/include/mymsg/msg/detail/pose__rosidl_typesupport_introspection_cpp.hpp
-- Installing: /root/researchv2/install/mymsg/include/mymsg/msg/detail/transform__rosidl_typesupport_introspection_cpp.hpp
-- Installing: /root/researchv2/install/mymsg/include/mymsg/msg/detail/poses__rosidl_typesupport_introspection_cpp.hpp
-- Installing: /root/researchv2/install/mymsg/lib/libmymsg__rosidl_typesupport_introspection_cpp.so
-- Set runtime path of "/root/researchv2/install/mymsg/lib/libmymsg__rosidl_typesupport_introspection_cpp.so" to ""
-- Installing: /root/researchv2/install/mymsg/lib/libmymsg__rosidl_typesupport_cpp.so
-- Set runtime path of "/root/researchv2/install/mymsg/lib/libmymsg__rosidl_typesupport_cpp.so" to ""
-- Installing: /root/researchv2/install/mymsg/share/mymsg/environment/pythonpath.sh
-- Installing: /root/researchv2/install/mymsg/share/mymsg/environment/pythonpath.dsv
-- Installing: /root/researchv2/install/mymsg/lib/python3.8/site-packages/mymsg/__init__.py
Compiling '/root/researchv2/install/mymsg/lib/python3.8/site-packages/mymsg/__init__.py'...
-- Installing: /root/researchv2/install/mymsg/lib/python3.8/site-packages/mymsg/msg
-- Installing: /root/researchv2/install/mymsg/lib/python3.8/site-packages/mymsg/msg/_transform_s.c
-- Installing: /root/researchv2/install/mymsg/lib/python3.8/site-packages/mymsg/msg/_multi_transform_s.c
-- Installing: /root/researchv2/install/mymsg/lib/python3.8/site-packages/mymsg/msg/_pose_s.c
-- Installing: /root/researchv2/install/mymsg/lib/python3.8/site-packages/mymsg/msg/_transform.py
-- Installing: /root/researchv2/install/mymsg/lib/python3.8/site-packages/mymsg/msg/_poses_s.c
-- Installing: /root/researchv2/install/mymsg/lib/python3.8/site-packages/mymsg/msg/_poses.py
-- Installing: /root/researchv2/install/mymsg/lib/python3.8/site-packages/mymsg/msg/__init__.py
-- Installing: /root/researchv2/install/mymsg/lib/python3.8/site-packages/mymsg/msg/_pose.py
-- Installing: /root/researchv2/install/mymsg/lib/python3.8/site-packages/mymsg/msg/_multi_transform.py
-- Installing: /root/researchv2/install/mymsg/lib/python3.8/site-packages/mymsg/srv
-- Installing: /root/researchv2/install/mymsg/lib/python3.8/site-packages/mymsg/srv/_imagedata_s.c
-- Installing: /root/researchv2/install/mymsg/lib/python3.8/site-packages/mymsg/srv/_imagedata.py
-- Installing: /root/researchv2/install/mymsg/lib/python3.8/site-packages/mymsg/srv/__init__.py
-- Installing: /root/researchv2/install/mymsg/lib/python3.8/site-packages/mymsg/mymsg_s__rosidl_typesupport_fastrtps_c.cpython-38-x86_64-linux-gnu.so
-- Set runtime path of "/root/researchv2/install/mymsg/lib/python3.8/site-packages/mymsg/mymsg_s__rosidl_typesupport_fastrtps_c.cpython-38-x86_64-linux-gnu.so" to ""
-- Installing: /root/researchv2/install/mymsg/lib/python3.8/site-packages/mymsg/mymsg_s__rosidl_typesupport_introspection_c.cpython-38-x86_64-linux-gnu.so
-- Set runtime path of "/root/researchv2/install/mymsg/lib/python3.8/site-packages/mymsg/mymsg_s__rosidl_typesupport_introspection_c.cpython-38-x86_64-linux-gnu.so" to ""
-- Installing: /root/researchv2/install/mymsg/lib/python3.8/site-packages/mymsg/mymsg_s__rosidl_typesupport_c.cpython-38-x86_64-linux-gnu.so
-- Set runtime path of "/root/researchv2/install/mymsg/lib/python3.8/site-packages/mymsg/mymsg_s__rosidl_typesupport_c.cpython-38-x86_64-linux-gnu.so" to ""
-- Installing: /root/researchv2/install/mymsg/lib/libmymsg__python.so
-- Set runtime path of "/root/researchv2/install/mymsg/lib/libmymsg__python.so" to ""
-- Installing: /root/researchv2/install/mymsg/share/mymsg/msg/Pose.idl
-- Installing: /root/researchv2/install/mymsg/share/mymsg/msg/Poses.idl
-- Installing: /root/researchv2/install/mymsg/share/mymsg/msg/Transform.idl
-- Installing: /root/researchv2/install/mymsg/share/mymsg/msg/MultiTransform.idl
-- Installing: /root/researchv2/install/mymsg/share/mymsg/srv/Imagedata.idl
-- Installing: /root/researchv2/install/mymsg/share/mymsg/msg/Pose.msg
-- Installing: /root/researchv2/install/mymsg/share/mymsg/msg/Poses.msg
-- Installing: /root/researchv2/install/mymsg/share/mymsg/msg/Transform.msg
-- Installing: /root/researchv2/install/mymsg/share/mymsg/msg/MultiTransform.msg
-- Installing: /root/researchv2/install/mymsg/share/mymsg/srv/Imagedata.srv
-- Installing: /root/researchv2/install/mymsg/share/mymsg/srv/Imagedata_Request.msg
-- Installing: /root/researchv2/install/mymsg/share/mymsg/srv/Imagedata_Response.msg
-- Installing: /root/researchv2/install/mymsg/share/ament_index/resource_index/package_run_dependencies/mymsg
-- Installing: /root/researchv2/install/mymsg/share/ament_index/resource_index/parent_prefix_path/mymsg
-- Installing: /root/researchv2/install/mymsg/share/mymsg/environment/ament_prefix_path.sh
-- Installing: /root/researchv2/install/mymsg/share/mymsg/environment/ament_prefix_path.dsv
-- Installing: /root/researchv2/install/mymsg/share/mymsg/environment/path.sh
-- Installing: /root/researchv2/install/mymsg/share/mymsg/environment/path.dsv
-- Installing: /root/researchv2/install/mymsg/share/mymsg/local_setup.bash
-- Installing: /root/researchv2/install/mymsg/share/mymsg/local_setup.sh
-- Installing: /root/researchv2/install/mymsg/share/mymsg/local_setup.zsh
-- Installing: /root/researchv2/install/mymsg/share/mymsg/local_setup.dsv
-- Installing: /root/researchv2/install/mymsg/share/mymsg/package.dsv
-- Installing: /root/researchv2/install/mymsg/share/ament_index/resource_index/packages/mymsg
-- Installing: /root/researchv2/install/mymsg/share/mymsg/cmake/mymsg__rosidl_generator_cExport.cmake
-- Installing: /root/researchv2/install/mymsg/share/mymsg/cmake/mymsg__rosidl_generator_cExport-noconfig.cmake
-- Installing: /root/researchv2/install/mymsg/share/mymsg/cmake/mymsg__rosidl_typesupport_introspection_cExport.cmake
-- Installing: /root/researchv2/install/mymsg/share/mymsg/cmake/mymsg__rosidl_typesupport_introspection_cExport-noconfig.cmake
-- Installing: /root/researchv2/install/mymsg/share/mymsg/cmake/mymsg__rosidl_typesupport_cExport.cmake
-- Installing: /root/researchv2/install/mymsg/share/mymsg/cmake/mymsg__rosidl_typesupport_cExport-noconfig.cmake
-- Installing: /root/researchv2/install/mymsg/share/mymsg/cmake/mymsg__rosidl_generator_cppExport.cmake
-- Installing: /root/researchv2/install/mymsg/share/mymsg/cmake/mymsg__rosidl_typesupport_introspection_cppExport.cmake
-- Installing: /root/researchv2/install/mymsg/share/mymsg/cmake/mymsg__rosidl_typesupport_introspection_cppExport-noconfig.cmake
-- Installing: /root/researchv2/install/mymsg/share/mymsg/cmake/mymsg__rosidl_typesupport_cppExport.cmake
-- Installing: /root/researchv2/install/mymsg/share/mymsg/cmake/mymsg__rosidl_typesupport_cppExport-noconfig.cmake
-- Installing: /root/researchv2/install/mymsg/share/mymsg/cmake/rosidl_cmake-extras.cmake
-- Installing: /root/researchv2/install/mymsg/share/mymsg/cmake/ament_cmake_export_dependencies-extras.cmake
-- Installing: /root/researchv2/install/mymsg/share/mymsg/cmake/ament_cmake_export_libraries-extras.cmake
-- Installing: /root/researchv2/install/mymsg/share/mymsg/cmake/ament_cmake_export_targets-extras.cmake
-- Installing: /root/researchv2/install/mymsg/share/mymsg/cmake/ament_cmake_export_include_directories-extras.cmake
-- Installing: /root/researchv2/install/mymsg/share/mymsg/cmake/rosidl_cmake_export_typesupport_libraries-extras.cmake
-- Installing: /root/researchv2/install/mymsg/share/mymsg/cmake/rosidl_cmake_export_typesupport_targets-extras.cmake
-- Installing: /root/researchv2/install/mymsg/share/mymsg/cmake/mymsgConfig.cmake
-- Installing: /root/researchv2/install/mymsg/share/mymsg/cmake/mymsgConfig-version.cmake
-- Installing: /root/researchv2/install/mymsg/share/mymsg/package.xml
