[0.528s] Invoking command in '/root/researchv2/src/chaser_system': PYTHONPATH=/root/researchv2/install/chaser_system/lib/python3.8/site-packages:${PYTHONPATH} _=/usr/bin/env /usr/bin/python3 setup.py egg_info --egg-base ../../build/chaser_system build --build-base /root/researchv2/build/chaser_system/build install --prefix /root/researchv2/install/chaser_system --record /root/researchv2/build/chaser_system/install.log --single-version-externally-managed
[0.715s] running egg_info
[0.715s] writing ../../build/chaser_system/chaser_system.egg-info/PKG-INFO
[0.715s] writing dependency_links to ../../build/chaser_system/chaser_system.egg-info/dependency_links.txt
[0.715s] writing entry points to ../../build/chaser_system/chaser_system.egg-info/entry_points.txt
[0.715s] writing requirements to ../../build/chaser_system/chaser_system.egg-info/requires.txt
[0.716s] writing top-level names to ../../build/chaser_system/chaser_system.egg-info/top_level.txt
[0.742s] reading manifest file '../../build/chaser_system/chaser_system.egg-info/SOURCES.txt'
[0.742s] writing manifest file '../../build/chaser_system/chaser_system.egg-info/SOURCES.txt'
[0.742s] running build
[0.742s] running build_py
[0.743s] copying chaser_system/person_check.py -> /root/researchv2/build/chaser_system/build/lib/chaser_system
[0.743s] running install
[0.744s] running install_lib
[0.745s] copying /root/researchv2/build/chaser_system/build/lib/chaser_system/person_check.py -> /root/researchv2/install/chaser_system/lib/python3.8/site-packages/chaser_system
[0.746s] byte-compiling /root/researchv2/install/chaser_system/lib/python3.8/site-packages/chaser_system/person_check.py to person_check.cpython-38.pyc
[0.748s] running install_data
[0.748s] running install_egg_info
[0.750s] removing '/root/researchv2/install/chaser_system/lib/python3.8/site-packages/chaser_system-0.0.0-py3.8.egg-info' (and everything under it)
[0.750s] Copying ../../build/chaser_system/chaser_system.egg-info to /root/researchv2/install/chaser_system/lib/python3.8/site-packages/chaser_system-0.0.0-py3.8.egg-info
[0.750s] running install_scripts
[0.764s] Installing image_inputer script to /root/researchv2/install/chaser_system/lib/chaser_system
[0.764s] Installing person_check script to /root/researchv2/install/chaser_system/lib/chaser_system
[0.765s] Installing pose_tf2 script to /root/researchv2/install/chaser_system/lib/chaser_system
[0.765s] Installing rgbd_generator script to /root/researchv2/install/chaser_system/lib/chaser_system
[0.765s] Installing three_d_pose_analysis script to /root/researchv2/install/chaser_system/lib/chaser_system
[0.765s] writing list of installed files to '/root/researchv2/build/chaser_system/install.log'
[0.783s] Invoked command in '/root/researchv2/src/chaser_system' returned '0': PYTHONPATH=/root/researchv2/install/chaser_system/lib/python3.8/site-packages:${PYTHONPATH} _=/usr/bin/env /usr/bin/python3 setup.py egg_info --egg-base ../../build/chaser_system build --build-base /root/researchv2/build/chaser_system/build install --prefix /root/researchv2/install/chaser_system --record /root/researchv2/build/chaser_system/install.log --single-version-externally-managed
