[0.022s] Invoking command in '/root/researchv2/build/mymsg': CMAKE_PREFIX_PATH=${CMAKE_PREFIX_PATH}:/opt/ros/galactic:/root/openpifpaf_ros2/install/rgbd_openpifpaf_ros2:/root/openpifpaf_ros2/install/pose_checker:/root/openpifpaf_ros2/install/openpifpaf_ros2_node /usr/bin/cmake /root/researchv2/src/mymsg -DCMAKE_INSTALL_PREFIX=/root/researchv2/install/mymsg
[0.048s] -- Found ament_cmake: 1.1.6 (/opt/ros/galactic/share/ament_cmake/cmake)
[0.085s] -- Found PythonInterp: /usr/bin/python3 (found suitable version "3.8.10", minimum required is "3") 
[0.085s] -- Using PYTHON_EXECUTABLE: /usr/bin/python3
[0.199s] -- Found geometry_msgs: 2.2.4 (/opt/ros/galactic/share/geometry_msgs/cmake)
[0.245s] -- Using all available rosidl_typesupport_c: rosidl_typesupport_fastrtps_c;rosidl_typesupport_introspection_c
[0.253s] -- Found rosidl_adapter: 2.2.3 (/opt/ros/galactic/share/rosidl_adapter/cmake)
[0.388s] -- Found OpenSSL: /usr/lib/x86_64-linux-gnu/libcrypto.so (found version "1.1.1f")  
[0.448s] -- Found FastRTPS: /opt/ros/galactic/include  
[0.604s] -- Using all available rosidl_typesupport_cpp: rosidl_typesupport_fastrtps_cpp;rosidl_typesupport_introspection_cpp
[0.763s] -- Found rosidl_default_generators: 1.1.1 (/opt/ros/galactic/share/rosidl_default_generators/cmake)
[0.784s] -- Found sensor_msgs: 2.2.4 (/opt/ros/galactic/share/sensor_msgs/cmake)
[0.903s] -- Found visualization_msgs: 2.2.4 (/opt/ros/galactic/share/visualization_msgs/cmake)
[1.026s] -- Found nav_msgs: 2.2.4 (/opt/ros/galactic/share/nav_msgs/cmake)
[1.142s] -- Found PythonInterp: /usr/bin/python3 (found version "3.8.10") 
[1.600s] -- Found ament_cmake_ros: 0.9.2 (/opt/ros/galactic/share/ament_cmake_ros/cmake)
[2.218s] -- Using all available rosidl_typesupport_c: rosidl_typesupport_fastrtps_c;rosidl_typesupport_introspection_c
[2.583s] -- Using all available rosidl_typesupport_cpp: rosidl_typesupport_fastrtps_cpp;rosidl_typesupport_introspection_cpp
[2.624s] -- Found PythonInterp: /usr/bin/python3 (found suitable version "3.8.10", minimum required is "3.5") 
[2.627s] -- Found python_cmake_module: 0.8.1 (/opt/ros/galactic/share/python_cmake_module/cmake)
[2.671s] -- Found PythonLibs: /usr/lib/x86_64-linux-gnu/libpython3.8.so (found suitable version "3.8.10", minimum required is "3.5") 
[2.671s] -- Using PYTHON_EXECUTABLE: /usr/bin/python3
[2.671s] -- Using PYTHON_INCLUDE_DIRS: /usr/include/python3.8
[2.671s] -- Using PYTHON_LIBRARIES: /usr/lib/x86_64-linux-gnu/libpython3.8.so
[2.706s] -- Found PythonExtra: .so  
[2.863s] -- Found ament_lint_auto: 0.10.7 (/opt/ros/galactic/share/ament_lint_auto/cmake)
[2.900s] -- Added test 'copyright' to check source files copyright and LICENSE
[2.902s] -- Added test 'flake8' to check Python code syntax and style conventions
[2.903s] -- Added test 'lint_cmake' to check CMake code style
[2.904s] -- Added test 'pep257' to check Python code against some of the style conventions in PEP 257
[2.906s] -- Added test 'xmllint' to check XML markup files
[2.916s] -- Configuring done
[3.071s] -- Generating done
[3.077s] -- Build files have been written to: /root/researchv2/build/mymsg
[3.084s] Invoked command in '/root/researchv2/build/mymsg' returned '0': CMAKE_PREFIX_PATH=${CMAKE_PREFIX_PATH}:/opt/ros/galactic:/root/openpifpaf_ros2/install/rgbd_openpifpaf_ros2:/root/openpifpaf_ros2/install/pose_checker:/root/openpifpaf_ros2/install/openpifpaf_ros2_node /usr/bin/cmake /root/researchv2/src/mymsg -DCMAKE_INSTALL_PREFIX=/root/researchv2/install/mymsg
[3.088s] Invoking command in '/root/researchv2/build/mymsg': CMAKE_PREFIX_PATH=${CMAKE_PREFIX_PATH}:/opt/ros/galactic:/root/openpifpaf_ros2/install/rgbd_openpifpaf_ros2:/root/openpifpaf_ros2/install/pose_checker:/root/openpifpaf_ros2/install/openpifpaf_ros2_node /usr/bin/cmake --build /root/researchv2/build/mymsg -- -j12 -l12
[3.145s] [35m[1mScanning dependencies of target mymsg__cpp[0m
[3.146s] [  1%] [34m[1mGenerating C code for ROS interfaces[0m
[3.160s] [  2%] [34m[1mGenerating C++ code for ROS interfaces[0m
[3.957s] [35m[1mScanning dependencies of target mymsg__rosidl_generator_c[0m
[3.983s] [  4%] [32mBuilding C object CMakeFiles/mymsg__rosidl_generator_c.dir/rosidl_generator_c/mymsg/msg/detail/pose__functions.c.o[0m
[3.984s] [  7%] [32mBuilding C object CMakeFiles/mymsg__rosidl_generator_c.dir/rosidl_generator_c/mymsg/msg/detail/poses__functions.c.o[0m
[3.984s] [  7%] [32mBuilding C object CMakeFiles/mymsg__rosidl_generator_c.dir/rosidl_generator_c/mymsg/msg/detail/multi_transform__functions.c.o[0m
[3.985s] [  8%] [32mBuilding C object CMakeFiles/mymsg__rosidl_generator_c.dir/rosidl_generator_c/mymsg/srv/detail/waypoints__functions.c.o[0m
[3.986s] [  9%] [32mBuilding C object CMakeFiles/mymsg__rosidl_generator_c.dir/rosidl_generator_c/mymsg/msg/detail/transform__functions.c.o[0m
[3.987s] [ 11%] [32mBuilding C object CMakeFiles/mymsg__rosidl_generator_c.dir/rosidl_generator_c/mymsg/srv/detail/imagedata__functions.c.o[0m
[4.078s] [ 12%] [32m[1mLinking C shared library libmymsg__rosidl_generator_c.so[0m
[4.151s] [ 12%] Built target mymsg__rosidl_generator_c
[4.164s] [ 12%] Built target mymsg__cpp
[4.168s] [ 15%] [34m[1mGenerating C type support dispatch for ROS interfaces[0m
[4.168s] [ 15%] [34m[1mGenerating C introspection for ROS interfaces[0m
[4.182s] [ 19%] [34m[1mGenerating C++ type support dispatch for ROS interfaces[0m
[4.182s] [ 19%] [34m[1mGenerating C++ type support for eProsima Fast-RTPS[0m
[4.182s] [ 19%] [34m[1mGenerating C++ introspection for ROS interfaces[0m
[4.829s] [35m[1mScanning dependencies of target mymsg__rosidl_typesupport_c[0m
[4.861s] [35m[1mScanning dependencies of target mymsg__rosidl_typesupport_cpp[0m
[4.866s] [ 21%] [32mBuilding CXX object CMakeFiles/mymsg__rosidl_typesupport_c.dir/rosidl_typesupport_c/mymsg/msg/multi_transform__type_support.cpp.o[0m
[4.867s] [ 22%] [32mBuilding CXX object CMakeFiles/mymsg__rosidl_typesupport_c.dir/rosidl_typesupport_c/mymsg/msg/pose__type_support.cpp.o[0m
[4.867s] [ 23%] [32mBuilding CXX object CMakeFiles/mymsg__rosidl_typesupport_c.dir/rosidl_typesupport_c/mymsg/msg/poses__type_support.cpp.o[0m
[4.868s] [ 25%] [32mBuilding CXX object CMakeFiles/mymsg__rosidl_typesupport_c.dir/rosidl_typesupport_c/mymsg/msg/transform__type_support.cpp.o[0m
[4.869s] [ 26%] [32mBuilding CXX object CMakeFiles/mymsg__rosidl_typesupport_c.dir/rosidl_typesupport_c/mymsg/srv/imagedata__type_support.cpp.o[0m
[4.888s] [ 28%] [32mBuilding CXX object CMakeFiles/mymsg__rosidl_typesupport_c.dir/rosidl_typesupport_c/mymsg/srv/waypoints__type_support.cpp.o[0m
[4.901s] [ 29%] [32mBuilding CXX object CMakeFiles/mymsg__rosidl_typesupport_cpp.dir/rosidl_typesupport_cpp/mymsg/msg/pose__type_support.cpp.o[0m
[4.905s] [ 30%] [32mBuilding CXX object CMakeFiles/mymsg__rosidl_typesupport_cpp.dir/rosidl_typesupport_cpp/mymsg/msg/transform__type_support.cpp.o[0m
[4.906s] [ 32%] [32mBuilding CXX object CMakeFiles/mymsg__rosidl_typesupport_cpp.dir/rosidl_typesupport_cpp/mymsg/msg/poses__type_support.cpp.o[0m
[4.928s] [ 33%] [32mBuilding CXX object CMakeFiles/mymsg__rosidl_typesupport_cpp.dir/rosidl_typesupport_cpp/mymsg/msg/multi_transform__type_support.cpp.o[0m
[4.939s] [ 35%] [32mBuilding CXX object CMakeFiles/mymsg__rosidl_typesupport_cpp.dir/rosidl_typesupport_cpp/mymsg/srv/imagedata__type_support.cpp.o[0m
[4.940s] [ 36%] [32mBuilding CXX object CMakeFiles/mymsg__rosidl_typesupport_cpp.dir/rosidl_typesupport_cpp/mymsg/srv/waypoints__type_support.cpp.o[0m
[4.964s] [ 38%] [32m[1mLinking CXX shared library libmymsg__rosidl_typesupport_c.so[0m
[5.073s] [ 38%] Built target mymsg__rosidl_typesupport_c
[5.109s] [35m[1mScanning dependencies of target mymsg__rosidl_typesupport_introspection_cpp[0m
[5.120s] [35m[1mScanning dependencies of target mymsg__rosidl_typesupport_introspection_c[0m
[5.182s] [ 39%] [32mBuilding C object CMakeFiles/mymsg__rosidl_typesupport_introspection_c.dir/rosidl_typesupport_introspection_c/mymsg/msg/detail/poses__type_support.c.o[0m
[5.182s] [ 40%] [32mBuilding C object CMakeFiles/mymsg__rosidl_typesupport_introspection_c.dir/rosidl_typesupport_introspection_c/mymsg/msg/detail/transform__type_support.c.o[0m
[5.182s] [ 42%] [32mBuilding C object CMakeFiles/mymsg__rosidl_typesupport_introspection_c.dir/rosidl_typesupport_introspection_c/mymsg/msg/detail/pose__type_support.c.o[0m
[5.194s] [ 43%] [32mBuilding CXX object CMakeFiles/mymsg__rosidl_typesupport_introspection_cpp.dir/rosidl_typesupport_introspection_cpp/mymsg/msg/detail/pose__type_support.cpp.o[0m
[5.195s] [ 45%] [32mBuilding C object CMakeFiles/mymsg__rosidl_typesupport_introspection_c.dir/rosidl_typesupport_introspection_c/mymsg/msg/detail/multi_transform__type_support.c.o[0m
[5.195s] [35m[1mScanning dependencies of target mymsg__rosidl_typesupport_fastrtps_cpp[0m
[5.258s] [ 46%] [32mBuilding C object CMakeFiles/mymsg__rosidl_typesupport_introspection_c.dir/rosidl_typesupport_introspection_c/mymsg/srv/detail/imagedata__type_support.c.o[0m
[5.290s] [ 47%] [32mBuilding C object CMakeFiles/mymsg__rosidl_typesupport_introspection_c.dir/rosidl_typesupport_introspection_c/mymsg/srv/detail/waypoints__type_support.c.o[0m
[5.306s] [ 49%] [32mBuilding CXX object CMakeFiles/mymsg__rosidl_typesupport_introspection_cpp.dir/rosidl_typesupport_introspection_cpp/mymsg/msg/detail/poses__type_support.cpp.o[0m
[5.342s] [ 50%] [32mBuilding CXX object CMakeFiles/mymsg__rosidl_typesupport_fastrtps_cpp.dir/rosidl_typesupport_fastrtps_cpp/mymsg/msg/detail/dds_fastrtps/pose__type_support.cpp.o[0m
[5.366s] [ 52%] [32mBuilding CXX object CMakeFiles/mymsg__rosidl_typesupport_fastrtps_cpp.dir/rosidl_typesupport_fastrtps_cpp/mymsg/msg/detail/dds_fastrtps/poses__type_support.cpp.o[0m
[5.382s] [ 53%] [32mBuilding CXX object CMakeFiles/mymsg__rosidl_typesupport_introspection_cpp.dir/rosidl_typesupport_introspection_cpp/mymsg/msg/detail/transform__type_support.cpp.o[0m
[5.413s] [ 54%] [32m[1mLinking C shared library libmymsg__rosidl_typesupport_introspection_c.so[0m
[5.502s] [ 56%] [32mBuilding CXX object CMakeFiles/mymsg__rosidl_typesupport_introspection_cpp.dir/rosidl_typesupport_introspection_cpp/mymsg/srv/detail/imagedata__type_support.cpp.o[0m
[5.515s] [ 57%] [32mBuilding CXX object CMakeFiles/mymsg__rosidl_typesupport_introspection_cpp.dir/rosidl_typesupport_introspection_cpp/mymsg/srv/detail/waypoints__type_support.cpp.o[0m
[5.516s] [ 59%] [32mBuilding CXX object CMakeFiles/mymsg__rosidl_typesupport_fastrtps_cpp.dir/rosidl_typesupport_fastrtps_cpp/mymsg/msg/detail/dds_fastrtps/transform__type_support.cpp.o[0m
[5.518s] [ 60%] [32mBuilding CXX object CMakeFiles/mymsg__rosidl_typesupport_introspection_cpp.dir/rosidl_typesupport_introspection_cpp/mymsg/msg/detail/multi_transform__type_support.cpp.o[0m
[5.530s] [ 61%] [32mBuilding CXX object CMakeFiles/mymsg__rosidl_typesupport_fastrtps_cpp.dir/rosidl_typesupport_fastrtps_cpp/mymsg/msg/detail/dds_fastrtps/multi_transform__type_support.cpp.o[0m
[5.546s] [ 61%] Built target mymsg__rosidl_typesupport_introspection_c
[5.571s] [ 63%] [32m[1mLinking CXX shared library libmymsg__rosidl_typesupport_cpp.so[0m
[5.597s] [ 64%] [32mBuilding CXX object CMakeFiles/mymsg__rosidl_typesupport_fastrtps_cpp.dir/rosidl_typesupport_fastrtps_cpp/mymsg/srv/detail/dds_fastrtps/imagedata__type_support.cpp.o[0m
[5.724s] [ 64%] Built target mymsg__rosidl_typesupport_cpp
[5.757s] [ 66%] [32mBuilding CXX object CMakeFiles/mymsg__rosidl_typesupport_fastrtps_cpp.dir/rosidl_typesupport_fastrtps_cpp/mymsg/srv/detail/dds_fastrtps/waypoints__type_support.cpp.o[0m
[6.399s] [ 67%] [32m[1mLinking CXX shared library libmymsg__rosidl_typesupport_introspection_cpp.so[0m
[6.536s] [ 67%] Built target mymsg__rosidl_typesupport_introspection_cpp
[6.583s] [ 69%] [32m[1mLinking CXX shared library libmymsg__rosidl_typesupport_fastrtps_cpp.so[0m
[6.727s] [ 69%] Built target mymsg__rosidl_typesupport_fastrtps_cpp
[6.743s] [ 70%] [34m[1mGenerating C type support for eProsima Fast-RTPS[0m
[7.354s] [35m[1mScanning dependencies of target mymsg__rosidl_typesupport_fastrtps_c[0m
[7.406s] [ 71%] [32mBuilding CXX object CMakeFiles/mymsg__rosidl_typesupport_fastrtps_c.dir/rosidl_typesupport_fastrtps_c/mymsg/msg/detail/poses__type_support_c.cpp.o[0m
[7.407s] [ 74%] [32mBuilding CXX object CMakeFiles/mymsg__rosidl_typesupport_fastrtps_c.dir/rosidl_typesupport_fastrtps_c/mymsg/msg/detail/multi_transform__type_support_c.cpp.o[0m
[7.408s] [ 74%] [32mBuilding CXX object CMakeFiles/mymsg__rosidl_typesupport_fastrtps_c.dir/rosidl_typesupport_fastrtps_c/mymsg/msg/detail/pose__type_support_c.cpp.o[0m
[7.409s] [ 76%] [32mBuilding CXX object CMakeFiles/mymsg__rosidl_typesupport_fastrtps_c.dir/rosidl_typesupport_fastrtps_c/mymsg/msg/detail/transform__type_support_c.cpp.o[0m
[7.411s] [ 77%] [32mBuilding CXX object CMakeFiles/mymsg__rosidl_typesupport_fastrtps_c.dir/rosidl_typesupport_fastrtps_c/mymsg/srv/detail/imagedata__type_support_c.cpp.o[0m
[7.411s] [ 78%] [32mBuilding CXX object CMakeFiles/mymsg__rosidl_typesupport_fastrtps_c.dir/rosidl_typesupport_fastrtps_c/mymsg/srv/detail/waypoints__type_support_c.cpp.o[0m
[8.050s] [ 80%] [32m[1mLinking CXX shared library libmymsg__rosidl_typesupport_fastrtps_c.so[0m
[8.194s] [ 80%] Built target mymsg__rosidl_typesupport_fastrtps_c
[8.206s] [35m[1mScanning dependencies of target mymsg[0m
[8.221s] [ 80%] Built target mymsg
[8.236s] [35m[1mScanning dependencies of target mymsg__py[0m
[8.251s] [ 81%] [34m[1mGenerating Python code for ROS interfaces[0m
[9.906s] [ 81%] Built target mymsg__py
[9.919s] [35m[1mScanning dependencies of target mymsg__python[0m
[9.991s] [ 84%] [32mBuilding C object CMakeFiles/mymsg__python.dir/rosidl_generator_py/mymsg/msg/_poses_s.c.o[0m
[9.991s] [ 84%] [32mBuilding C object CMakeFiles/mymsg__python.dir/rosidl_generator_py/mymsg/msg/_transform_s.c.o[0m
[9.991s] [ 85%] [32mBuilding C object CMakeFiles/mymsg__python.dir/rosidl_generator_py/mymsg/msg/_pose_s.c.o[0m
[9.992s] [ 87%] [32mBuilding C object CMakeFiles/mymsg__python.dir/rosidl_generator_py/mymsg/srv/_imagedata_s.c.o[0m
[9.992s] [ 88%] [32mBuilding C object CMakeFiles/mymsg__python.dir/rosidl_generator_py/mymsg/srv/_waypoints_s.c.o[0m
[9.993s] [ 90%] [32mBuilding C object CMakeFiles/mymsg__python.dir/rosidl_generator_py/mymsg/msg/_multi_transform_s.c.o[0m
[10.171s] [ 91%] [32m[1mLinking C shared library rosidl_generator_py/mymsg/libmymsg__python.so[0m
[10.250s] [ 91%] Built target mymsg__python
[10.264s] [35m[1mScanning dependencies of target mymsg__rosidl_typesupport_c__pyext[0m
[10.264s] [35m[1mScanning dependencies of target mymsg__rosidl_typesupport_fastrtps_c__pyext[0m
[10.264s] [35m[1mScanning dependencies of target mymsg__rosidl_typesupport_introspection_c__pyext[0m
[10.304s] [ 94%] [32mBuilding C object CMakeFiles/mymsg__rosidl_typesupport_c__pyext.dir/rosidl_generator_py/mymsg/_mymsg_s.ep.rosidl_typesupport_c.c.o[0m
[10.304s] [ 94%] [32mBuilding C object CMakeFiles/mymsg__rosidl_typesupport_introspection_c__pyext.dir/rosidl_generator_py/mymsg/_mymsg_s.ep.rosidl_typesupport_introspection_c.c.o[0m
[10.310s] [ 95%] [32mBuilding C object CMakeFiles/mymsg__rosidl_typesupport_fastrtps_c__pyext.dir/rosidl_generator_py/mymsg/_mymsg_s.ep.rosidl_typesupport_fastrtps_c.c.o[0m
[10.484s] [ 98%] [32m[1mLinking C shared library rosidl_generator_py/mymsg/mymsg_s__rosidl_typesupport_introspection_c.cpython-38-x86_64-linux-gnu.so[0m
[10.484s] [ 98%] [32m[1mLinking C shared library rosidl_generator_py/mymsg/mymsg_s__rosidl_typesupport_c.cpython-38-x86_64-linux-gnu.so[0m
[10.495s] [100%] [32m[1mLinking CXX shared library rosidl_generator_py/mymsg/mymsg_s__rosidl_typesupport_fastrtps_c.cpython-38-x86_64-linux-gnu.so[0m
[10.554s] [100%] Built target mymsg__rosidl_typesupport_introspection_c__pyext
[10.555s] [100%] Built target mymsg__rosidl_typesupport_c__pyext
[10.621s] [100%] Built target mymsg__rosidl_typesupport_fastrtps_c__pyext
[10.638s] Invoked command in '/root/researchv2/build/mymsg' returned '0': CMAKE_PREFIX_PATH=${CMAKE_PREFIX_PATH}:/opt/ros/galactic:/root/openpifpaf_ros2/install/rgbd_openpifpaf_ros2:/root/openpifpaf_ros2/install/pose_checker:/root/openpifpaf_ros2/install/openpifpaf_ros2_node /usr/bin/cmake --build /root/researchv2/build/mymsg -- -j12 -l12
[10.824s] Invoking command in '/root/researchv2/build/mymsg': CMAKE_PREFIX_PATH=${CMAKE_PREFIX_PATH}:/opt/ros/galactic:/root/openpifpaf_ros2/install/rgbd_openpifpaf_ros2:/root/openpifpaf_ros2/install/pose_checker:/root/openpifpaf_ros2/install/openpifpaf_ros2_node /usr/bin/cmake --install /root/researchv2/build/mymsg
[10.834s] -- Install configuration: ""
[10.835s] -- Installing: /root/researchv2/install/mymsg/share/ament_index/resource_index/rosidl_interfaces/mymsg
[10.835s] -- Installing: /root/researchv2/install/mymsg/include/mymsg
[10.835s] -- Installing: /root/researchv2/install/mymsg/include/mymsg/srv
[10.835s] -- Installing: /root/researchv2/install/mymsg/include/mymsg/srv/imagedata.h
[10.835s] -- Installing: /root/researchv2/install/mymsg/include/mymsg/srv/detail
[10.836s] -- Installing: /root/researchv2/install/mymsg/include/mymsg/srv/detail/imagedata__type_support.h
[10.836s] -- Installing: /root/researchv2/install/mymsg/include/mymsg/srv/detail/waypoints__struct.h
[10.836s] -- Installing: /root/researchv2/install/mymsg/include/mymsg/srv/detail/imagedata__struct.h
[10.836s] -- Installing: /root/researchv2/install/mymsg/include/mymsg/srv/detail/waypoints__type_support.h
[10.836s] -- Installing: /root/researchv2/install/mymsg/include/mymsg/srv/detail/waypoints__functions.c
[10.837s] -- Installing: /root/researchv2/install/mymsg/include/mymsg/srv/detail/imagedata__functions.c
[10.837s] -- Installing: /root/researchv2/install/mymsg/include/mymsg/srv/detail/imagedata__functions.h
[10.837s] -- Installing: /root/researchv2/install/mymsg/include/mymsg/srv/detail/waypoints__functions.h
[10.837s] -- Installing: /root/researchv2/install/mymsg/include/mymsg/srv/waypoints.h
[10.838s] -- Installing: /root/researchv2/install/mymsg/include/mymsg/msg
[10.838s] -- Installing: /root/researchv2/install/mymsg/include/mymsg/msg/pose.h
[10.838s] -- Installing: /root/researchv2/install/mymsg/include/mymsg/msg/poses.h
[10.838s] -- Installing: /root/researchv2/install/mymsg/include/mymsg/msg/multi_transform.h
[10.839s] -- Installing: /root/researchv2/install/mymsg/include/mymsg/msg/rosidl_generator_c__visibility_control.h
[10.839s] -- Installing: /root/researchv2/install/mymsg/include/mymsg/msg/transform.h
[10.839s] -- Installing: /root/researchv2/install/mymsg/include/mymsg/msg/detail
[10.839s] -- Installing: /root/researchv2/install/mymsg/include/mymsg/msg/detail/pose__struct.h
[10.839s] -- Installing: /root/researchv2/install/mymsg/include/mymsg/msg/detail/pose__functions.h
[10.839s] -- Installing: /root/researchv2/install/mymsg/include/mymsg/msg/detail/multi_transform__type_support.h
[10.840s] -- Installing: /root/researchv2/install/mymsg/include/mymsg/msg/detail/transform__functions.c
[10.840s] -- Installing: /root/researchv2/install/mymsg/include/mymsg/msg/detail/multi_transform__struct.h
[10.840s] -- Installing: /root/researchv2/install/mymsg/include/mymsg/msg/detail/transform__type_support.h
[10.840s] -- Installing: /root/researchv2/install/mymsg/include/mymsg/msg/detail/poses__functions.h
[10.841s] -- Installing: /root/researchv2/install/mymsg/include/mymsg/msg/detail/poses__type_support.h
[10.841s] -- Installing: /root/researchv2/install/mymsg/include/mymsg/msg/detail/transform__functions.h
[10.841s] -- Installing: /root/researchv2/install/mymsg/include/mymsg/msg/detail/multi_transform__functions.h
[10.841s] -- Installing: /root/researchv2/install/mymsg/include/mymsg/msg/detail/poses__functions.c
[10.841s] -- Installing: /root/researchv2/install/mymsg/include/mymsg/msg/detail/transform__struct.h
[10.842s] -- Installing: /root/researchv2/install/mymsg/include/mymsg/msg/detail/pose__functions.c
[10.842s] -- Installing: /root/researchv2/install/mymsg/include/mymsg/msg/detail/poses__struct.h
[10.842s] -- Installing: /root/researchv2/install/mymsg/include/mymsg/msg/detail/multi_transform__functions.c
[10.842s] -- Installing: /root/researchv2/install/mymsg/include/mymsg/msg/detail/pose__type_support.h
[10.843s] -- Installing: /root/researchv2/install/mymsg/share/mymsg/environment/library_path.sh
[10.843s] -- Installing: /root/researchv2/install/mymsg/share/mymsg/environment/library_path.dsv
[10.843s] -- Installing: /root/researchv2/install/mymsg/lib/libmymsg__rosidl_generator_c.so
[10.844s] -- Set runtime path of "/root/researchv2/install/mymsg/lib/libmymsg__rosidl_generator_c.so" to ""
[10.844s] -- Up-to-date: /root/researchv2/install/mymsg/include/mymsg
[10.845s] -- Up-to-date: /root/researchv2/install/mymsg/include/mymsg/srv
[10.845s] -- Up-to-date: /root/researchv2/install/mymsg/include/mymsg/srv/detail
[10.845s] -- Installing: /root/researchv2/install/mymsg/include/mymsg/srv/detail/imagedata__rosidl_typesupport_fastrtps_c.h
[10.845s] -- Installing: /root/researchv2/install/mymsg/include/mymsg/srv/detail/waypoints__rosidl_typesupport_fastrtps_c.h
[10.845s] -- Up-to-date: /root/researchv2/install/mymsg/include/mymsg/msg
[10.846s] -- Installing: /root/researchv2/install/mymsg/include/mymsg/msg/rosidl_typesupport_fastrtps_c__visibility_control.h
[10.846s] -- Up-to-date: /root/researchv2/install/mymsg/include/mymsg/msg/detail
[10.846s] -- Installing: /root/researchv2/install/mymsg/include/mymsg/msg/detail/transform__rosidl_typesupport_fastrtps_c.h
[10.846s] -- Installing: /root/researchv2/install/mymsg/include/mymsg/msg/detail/multi_transform__rosidl_typesupport_fastrtps_c.h
[10.846s] -- Installing: /root/researchv2/install/mymsg/include/mymsg/msg/detail/poses__rosidl_typesupport_fastrtps_c.h
[10.847s] -- Installing: /root/researchv2/install/mymsg/include/mymsg/msg/detail/pose__rosidl_typesupport_fastrtps_c.h
[10.847s] -- Installing: /root/researchv2/install/mymsg/lib/libmymsg__rosidl_typesupport_fastrtps_c.so
[10.847s] -- Set runtime path of "/root/researchv2/install/mymsg/lib/libmymsg__rosidl_typesupport_fastrtps_c.so" to ""
[10.848s] -- Up-to-date: /root/researchv2/install/mymsg/include/mymsg
[10.848s] -- Up-to-date: /root/researchv2/install/mymsg/include/mymsg/srv
[10.848s] -- Up-to-date: /root/researchv2/install/mymsg/include/mymsg/srv/detail
[10.849s] -- Installing: /root/researchv2/install/mymsg/include/mymsg/srv/detail/imagedata__rosidl_typesupport_fastrtps_cpp.hpp
[10.849s] -- Installing: /root/researchv2/install/mymsg/include/mymsg/srv/detail/waypoints__rosidl_typesupport_fastrtps_cpp.hpp
[10.849s] -- Installing: /root/researchv2/install/mymsg/include/mymsg/srv/detail/dds_fastrtps
[10.849s] -- Up-to-date: /root/researchv2/install/mymsg/include/mymsg/msg
[10.849s] -- Up-to-date: /root/researchv2/install/mymsg/include/mymsg/msg/detail
[10.850s] -- Installing: /root/researchv2/install/mymsg/include/mymsg/msg/detail/poses__rosidl_typesupport_fastrtps_cpp.hpp
[10.850s] -- Installing: /root/researchv2/install/mymsg/include/mymsg/msg/detail/multi_transform__rosidl_typesupport_fastrtps_cpp.hpp
[10.850s] -- Installing: /root/researchv2/install/mymsg/include/mymsg/msg/detail/pose__rosidl_typesupport_fastrtps_cpp.hpp
[10.850s] -- Installing: /root/researchv2/install/mymsg/include/mymsg/msg/detail/dds_fastrtps
[10.850s] -- Installing: /root/researchv2/install/mymsg/include/mymsg/msg/detail/transform__rosidl_typesupport_fastrtps_cpp.hpp
[10.850s] -- Installing: /root/researchv2/install/mymsg/include/mymsg/msg/rosidl_typesupport_fastrtps_cpp__visibility_control.h
[10.851s] -- Installing: /root/researchv2/install/mymsg/lib/libmymsg__rosidl_typesupport_fastrtps_cpp.so
[10.851s] -- Set runtime path of "/root/researchv2/install/mymsg/lib/libmymsg__rosidl_typesupport_fastrtps_cpp.so" to ""
[10.851s] -- Up-to-date: /root/researchv2/install/mymsg/include/mymsg
[10.851s] -- Up-to-date: /root/researchv2/install/mymsg/include/mymsg/srv
[10.852s] -- Up-to-date: /root/researchv2/install/mymsg/include/mymsg/srv/detail
[10.852s] -- Installing: /root/researchv2/install/mymsg/include/mymsg/srv/detail/waypoints__rosidl_typesupport_introspection_c.h
[10.852s] -- Installing: /root/researchv2/install/mymsg/include/mymsg/srv/detail/waypoints__type_support.c
[10.852s] -- Installing: /root/researchv2/install/mymsg/include/mymsg/srv/detail/imagedata__type_support.c
[10.852s] -- Installing: /root/researchv2/install/mymsg/include/mymsg/srv/detail/imagedata__rosidl_typesupport_introspection_c.h
[10.852s] -- Up-to-date: /root/researchv2/install/mymsg/include/mymsg/msg
[10.853s] -- Installing: /root/researchv2/install/mymsg/include/mymsg/msg/rosidl_typesupport_introspection_c__visibility_control.h
[10.853s] -- Up-to-date: /root/researchv2/install/mymsg/include/mymsg/msg/detail
[10.853s] -- Installing: /root/researchv2/install/mymsg/include/mymsg/msg/detail/transform__type_support.c
[10.853s] -- Installing: /root/researchv2/install/mymsg/include/mymsg/msg/detail/transform__rosidl_typesupport_introspection_c.h
[10.853s] -- Installing: /root/researchv2/install/mymsg/include/mymsg/msg/detail/multi_transform__rosidl_typesupport_introspection_c.h
[10.853s] -- Installing: /root/researchv2/install/mymsg/include/mymsg/msg/detail/multi_transform__type_support.c
[10.854s] -- Installing: /root/researchv2/install/mymsg/include/mymsg/msg/detail/poses__rosidl_typesupport_introspection_c.h
[10.854s] -- Installing: /root/researchv2/install/mymsg/include/mymsg/msg/detail/pose__rosidl_typesupport_introspection_c.h
[10.854s] -- Installing: /root/researchv2/install/mymsg/include/mymsg/msg/detail/poses__type_support.c
[10.854s] -- Installing: /root/researchv2/install/mymsg/include/mymsg/msg/detail/pose__type_support.c
[10.854s] -- Installing: /root/researchv2/install/mymsg/lib/libmymsg__rosidl_typesupport_introspection_c.so
[10.855s] -- Set runtime path of "/root/researchv2/install/mymsg/lib/libmymsg__rosidl_typesupport_introspection_c.so" to ""
[10.855s] -- Installing: /root/researchv2/install/mymsg/lib/libmymsg__rosidl_typesupport_c.so
[10.856s] -- Set runtime path of "/root/researchv2/install/mymsg/lib/libmymsg__rosidl_typesupport_c.so" to ""
[10.856s] -- Up-to-date: /root/researchv2/install/mymsg/include/mymsg
[10.856s] -- Up-to-date: /root/researchv2/install/mymsg/include/mymsg/srv
[10.856s] -- Installing: /root/researchv2/install/mymsg/include/mymsg/srv/imagedata.hpp
[10.857s] -- Up-to-date: /root/researchv2/install/mymsg/include/mymsg/srv/detail
[10.857s] -- Installing: /root/researchv2/install/mymsg/include/mymsg/srv/detail/imagedata__traits.hpp
[10.857s] -- Installing: /root/researchv2/install/mymsg/include/mymsg/srv/detail/waypoints__builder.hpp
[10.857s] -- Installing: /root/researchv2/install/mymsg/include/mymsg/srv/detail/imagedata__builder.hpp
[10.857s] -- Installing: /root/researchv2/install/mymsg/include/mymsg/srv/detail/waypoints__struct.hpp
[10.858s] -- Installing: /root/researchv2/install/mymsg/include/mymsg/srv/detail/imagedata__struct.hpp
[10.858s] -- Installing: /root/researchv2/install/mymsg/include/mymsg/srv/detail/waypoints__traits.hpp
[10.858s] -- Installing: /root/researchv2/install/mymsg/include/mymsg/srv/waypoints.hpp
[10.858s] -- Up-to-date: /root/researchv2/install/mymsg/include/mymsg/msg
[10.858s] -- Installing: /root/researchv2/install/mymsg/include/mymsg/msg/pose.hpp
[10.859s] -- Installing: /root/researchv2/install/mymsg/include/mymsg/msg/multi_transform.hpp
[10.859s] -- Installing: /root/researchv2/install/mymsg/include/mymsg/msg/poses.hpp
[10.859s] -- Installing: /root/researchv2/install/mymsg/include/mymsg/msg/transform.hpp
[10.859s] -- Up-to-date: /root/researchv2/install/mymsg/include/mymsg/msg/detail
[10.859s] -- Installing: /root/researchv2/install/mymsg/include/mymsg/msg/detail/transform__builder.hpp
[10.859s] -- Installing: /root/researchv2/install/mymsg/include/mymsg/msg/detail/multi_transform__builder.hpp
[10.860s] -- Installing: /root/researchv2/install/mymsg/include/mymsg/msg/detail/pose__traits.hpp
[10.860s] -- Installing: /root/researchv2/install/mymsg/include/mymsg/msg/detail/poses__struct.hpp
[10.860s] -- Installing: /root/researchv2/install/mymsg/include/mymsg/msg/detail/transform__traits.hpp
[10.860s] -- Installing: /root/researchv2/install/mymsg/include/mymsg/msg/detail/transform__struct.hpp
[10.860s] -- Installing: /root/researchv2/install/mymsg/include/mymsg/msg/detail/pose__struct.hpp
[10.861s] -- Installing: /root/researchv2/install/mymsg/include/mymsg/msg/detail/pose__builder.hpp
[10.861s] -- Installing: /root/researchv2/install/mymsg/include/mymsg/msg/detail/multi_transform__traits.hpp
[10.861s] -- Installing: /root/researchv2/install/mymsg/include/mymsg/msg/detail/poses__traits.hpp
[10.861s] -- Installing: /root/researchv2/install/mymsg/include/mymsg/msg/detail/multi_transform__struct.hpp
[10.861s] -- Installing: /root/researchv2/install/mymsg/include/mymsg/msg/detail/poses__builder.hpp
[10.862s] -- Up-to-date: /root/researchv2/install/mymsg/include/mymsg
[10.862s] -- Up-to-date: /root/researchv2/install/mymsg/include/mymsg/srv
[10.862s] -- Up-to-date: /root/researchv2/install/mymsg/include/mymsg/srv/detail
[10.862s] -- Installing: /root/researchv2/install/mymsg/include/mymsg/srv/detail/imagedata__rosidl_typesupport_introspection_cpp.hpp
[10.862s] -- Installing: /root/researchv2/install/mymsg/include/mymsg/srv/detail/waypoints__rosidl_typesupport_introspection_cpp.hpp
[10.863s] -- Installing: /root/researchv2/install/mymsg/include/mymsg/srv/detail/waypoints__type_support.cpp
[10.863s] -- Installing: /root/researchv2/install/mymsg/include/mymsg/srv/detail/imagedata__type_support.cpp
[10.863s] -- Up-to-date: /root/researchv2/install/mymsg/include/mymsg/msg
[10.863s] -- Up-to-date: /root/researchv2/install/mymsg/include/mymsg/msg/detail
[10.863s] -- Installing: /root/researchv2/install/mymsg/include/mymsg/msg/detail/pose__type_support.cpp
[10.864s] -- Installing: /root/researchv2/install/mymsg/include/mymsg/msg/detail/pose__rosidl_typesupport_introspection_cpp.hpp
[10.864s] -- Installing: /root/researchv2/install/mymsg/include/mymsg/msg/detail/multi_transform__rosidl_typesupport_introspection_cpp.hpp
[10.864s] -- Installing: /root/researchv2/install/mymsg/include/mymsg/msg/detail/poses__type_support.cpp
[10.864s] -- Installing: /root/researchv2/install/mymsg/include/mymsg/msg/detail/multi_transform__type_support.cpp
[10.864s] -- Installing: /root/researchv2/install/mymsg/include/mymsg/msg/detail/transform__type_support.cpp
[10.864s] -- Installing: /root/researchv2/install/mymsg/include/mymsg/msg/detail/transform__rosidl_typesupport_introspection_cpp.hpp
[10.865s] -- Installing: /root/researchv2/install/mymsg/include/mymsg/msg/detail/poses__rosidl_typesupport_introspection_cpp.hpp
[10.865s] -- Installing: /root/researchv2/install/mymsg/lib/libmymsg__rosidl_typesupport_introspection_cpp.so
[10.866s] -- Set runtime path of "/root/researchv2/install/mymsg/lib/libmymsg__rosidl_typesupport_introspection_cpp.so" to ""
[10.866s] -- Installing: /root/researchv2/install/mymsg/lib/libmymsg__rosidl_typesupport_cpp.so
[10.867s] -- Set runtime path of "/root/researchv2/install/mymsg/lib/libmymsg__rosidl_typesupport_cpp.so" to ""
[10.867s] -- Installing: /root/researchv2/install/mymsg/share/mymsg/environment/pythonpath.sh
[10.867s] -- Installing: /root/researchv2/install/mymsg/share/mymsg/environment/pythonpath.dsv
[10.867s] -- Installing: /root/researchv2/install/mymsg/lib/python3.8/site-packages/mymsg/__init__.py
[10.911s] Compiling '/root/researchv2/install/mymsg/lib/python3.8/site-packages/mymsg/__init__.py'...
[10.915s] -- Installing: /root/researchv2/install/mymsg/lib/python3.8/site-packages/mymsg/msg
[10.915s] -- Installing: /root/researchv2/install/mymsg/lib/python3.8/site-packages/mymsg/msg/_transform.py
[10.915s] -- Installing: /root/researchv2/install/mymsg/lib/python3.8/site-packages/mymsg/msg/_pose.py
[10.915s] -- Installing: /root/researchv2/install/mymsg/lib/python3.8/site-packages/mymsg/msg/_poses_s.c
[10.915s] -- Installing: /root/researchv2/install/mymsg/lib/python3.8/site-packages/mymsg/msg/_transform_s.c
[10.916s] -- Installing: /root/researchv2/install/mymsg/lib/python3.8/site-packages/mymsg/msg/_multi_transform_s.c
[10.916s] -- Installing: /root/researchv2/install/mymsg/lib/python3.8/site-packages/mymsg/msg/_poses.py
[10.916s] -- Installing: /root/researchv2/install/mymsg/lib/python3.8/site-packages/mymsg/msg/_pose_s.c
[10.916s] -- Installing: /root/researchv2/install/mymsg/lib/python3.8/site-packages/mymsg/msg/_multi_transform.py
[10.917s] -- Installing: /root/researchv2/install/mymsg/lib/python3.8/site-packages/mymsg/msg/__init__.py
[10.917s] -- Installing: /root/researchv2/install/mymsg/lib/python3.8/site-packages/mymsg/srv
[10.917s] -- Installing: /root/researchv2/install/mymsg/lib/python3.8/site-packages/mymsg/srv/_imagedata.py
[10.917s] -- Installing: /root/researchv2/install/mymsg/lib/python3.8/site-packages/mymsg/srv/_waypoints.py
[10.918s] -- Installing: /root/researchv2/install/mymsg/lib/python3.8/site-packages/mymsg/srv/_waypoints_s.c
[10.918s] -- Installing: /root/researchv2/install/mymsg/lib/python3.8/site-packages/mymsg/srv/_imagedata_s.c
[10.918s] -- Installing: /root/researchv2/install/mymsg/lib/python3.8/site-packages/mymsg/srv/__init__.py
[10.918s] -- Installing: /root/researchv2/install/mymsg/lib/python3.8/site-packages/mymsg/mymsg_s__rosidl_typesupport_fastrtps_c.cpython-38-x86_64-linux-gnu.so
[10.919s] -- Set runtime path of "/root/researchv2/install/mymsg/lib/python3.8/site-packages/mymsg/mymsg_s__rosidl_typesupport_fastrtps_c.cpython-38-x86_64-linux-gnu.so" to ""
[10.920s] -- Installing: /root/researchv2/install/mymsg/lib/python3.8/site-packages/mymsg/mymsg_s__rosidl_typesupport_introspection_c.cpython-38-x86_64-linux-gnu.so
[10.921s] -- Set runtime path of "/root/researchv2/install/mymsg/lib/python3.8/site-packages/mymsg/mymsg_s__rosidl_typesupport_introspection_c.cpython-38-x86_64-linux-gnu.so" to ""
[10.921s] -- Installing: /root/researchv2/install/mymsg/lib/python3.8/site-packages/mymsg/mymsg_s__rosidl_typesupport_c.cpython-38-x86_64-linux-gnu.so
[10.922s] -- Set runtime path of "/root/researchv2/install/mymsg/lib/python3.8/site-packages/mymsg/mymsg_s__rosidl_typesupport_c.cpython-38-x86_64-linux-gnu.so" to ""
[10.922s] -- Installing: /root/researchv2/install/mymsg/lib/libmymsg__python.so
[10.923s] -- Set runtime path of "/root/researchv2/install/mymsg/lib/libmymsg__python.so" to ""
[10.923s] -- Installing: /root/researchv2/install/mymsg/share/mymsg/msg/Pose.idl
[10.923s] -- Installing: /root/researchv2/install/mymsg/share/mymsg/msg/Poses.idl
[10.923s] -- Installing: /root/researchv2/install/mymsg/share/mymsg/msg/Transform.idl
[10.924s] -- Installing: /root/researchv2/install/mymsg/share/mymsg/msg/MultiTransform.idl
[10.924s] -- Installing: /root/researchv2/install/mymsg/share/mymsg/srv/Imagedata.idl
[10.924s] -- Installing: /root/researchv2/install/mymsg/share/mymsg/srv/Waypoints.idl
[10.925s] -- Installing: /root/researchv2/install/mymsg/share/mymsg/msg/Pose.msg
[10.925s] -- Installing: /root/researchv2/install/mymsg/share/mymsg/msg/Poses.msg
[10.925s] -- Installing: /root/researchv2/install/mymsg/share/mymsg/msg/Transform.msg
[10.925s] -- Installing: /root/researchv2/install/mymsg/share/mymsg/msg/MultiTransform.msg
[10.926s] -- Installing: /root/researchv2/install/mymsg/share/mymsg/srv/Imagedata.srv
[10.926s] -- Installing: /root/researchv2/install/mymsg/share/mymsg/srv/Imagedata_Request.msg
[10.926s] -- Installing: /root/researchv2/install/mymsg/share/mymsg/srv/Imagedata_Response.msg
[10.927s] -- Installing: /root/researchv2/install/mymsg/share/mymsg/srv/Waypoints.srv
[10.927s] -- Installing: /root/researchv2/install/mymsg/share/mymsg/srv/Waypoints_Request.msg
[10.927s] -- Installing: /root/researchv2/install/mymsg/share/mymsg/srv/Waypoints_Response.msg
[10.928s] -- Installing: /root/researchv2/install/mymsg/share/ament_index/resource_index/package_run_dependencies/mymsg
[10.928s] -- Installing: /root/researchv2/install/mymsg/share/ament_index/resource_index/parent_prefix_path/mymsg
[10.928s] -- Installing: /root/researchv2/install/mymsg/share/mymsg/environment/ament_prefix_path.sh
[10.929s] -- Installing: /root/researchv2/install/mymsg/share/mymsg/environment/ament_prefix_path.dsv
[10.929s] -- Installing: /root/researchv2/install/mymsg/share/mymsg/environment/path.sh
[10.929s] -- Installing: /root/researchv2/install/mymsg/share/mymsg/environment/path.dsv
[10.929s] -- Installing: /root/researchv2/install/mymsg/share/mymsg/local_setup.bash
[10.930s] -- Installing: /root/researchv2/install/mymsg/share/mymsg/local_setup.sh
[10.930s] -- Installing: /root/researchv2/install/mymsg/share/mymsg/local_setup.zsh
[10.930s] -- Installing: /root/researchv2/install/mymsg/share/mymsg/local_setup.dsv
[10.930s] -- Installing: /root/researchv2/install/mymsg/share/mymsg/package.dsv
[10.931s] -- Installing: /root/researchv2/install/mymsg/share/ament_index/resource_index/packages/mymsg
[10.931s] -- Installing: /root/researchv2/install/mymsg/share/mymsg/cmake/mymsg__rosidl_generator_cExport.cmake
[10.932s] -- Installing: /root/researchv2/install/mymsg/share/mymsg/cmake/mymsg__rosidl_generator_cExport-noconfig.cmake
[10.932s] -- Installing: /root/researchv2/install/mymsg/share/mymsg/cmake/mymsg__rosidl_typesupport_introspection_cExport.cmake
[10.932s] -- Installing: /root/researchv2/install/mymsg/share/mymsg/cmake/mymsg__rosidl_typesupport_introspection_cExport-noconfig.cmake
[10.933s] -- Installing: /root/researchv2/install/mymsg/share/mymsg/cmake/mymsg__rosidl_typesupport_cExport.cmake
[10.933s] -- Installing: /root/researchv2/install/mymsg/share/mymsg/cmake/mymsg__rosidl_typesupport_cExport-noconfig.cmake
[10.933s] -- Installing: /root/researchv2/install/mymsg/share/mymsg/cmake/mymsg__rosidl_generator_cppExport.cmake
[10.934s] -- Installing: /root/researchv2/install/mymsg/share/mymsg/cmake/mymsg__rosidl_typesupport_introspection_cppExport.cmake
[10.934s] -- Installing: /root/researchv2/install/mymsg/share/mymsg/cmake/mymsg__rosidl_typesupport_introspection_cppExport-noconfig.cmake
[10.934s] -- Installing: /root/researchv2/install/mymsg/share/mymsg/cmake/mymsg__rosidl_typesupport_cppExport.cmake
[10.934s] -- Installing: /root/researchv2/install/mymsg/share/mymsg/cmake/mymsg__rosidl_typesupport_cppExport-noconfig.cmake
[10.935s] -- Installing: /root/researchv2/install/mymsg/share/mymsg/cmake/rosidl_cmake-extras.cmake
[10.935s] -- Installing: /root/researchv2/install/mymsg/share/mymsg/cmake/ament_cmake_export_dependencies-extras.cmake
[10.935s] -- Installing: /root/researchv2/install/mymsg/share/mymsg/cmake/ament_cmake_export_libraries-extras.cmake
[10.935s] -- Installing: /root/researchv2/install/mymsg/share/mymsg/cmake/ament_cmake_export_targets-extras.cmake
[10.936s] -- Installing: /root/researchv2/install/mymsg/share/mymsg/cmake/ament_cmake_export_include_directories-extras.cmake
[10.936s] -- Installing: /root/researchv2/install/mymsg/share/mymsg/cmake/rosidl_cmake_export_typesupport_libraries-extras.cmake
[10.936s] -- Installing: /root/researchv2/install/mymsg/share/mymsg/cmake/rosidl_cmake_export_typesupport_targets-extras.cmake
[10.937s] -- Installing: /root/researchv2/install/mymsg/share/mymsg/cmake/mymsgConfig.cmake
[10.937s] -- Installing: /root/researchv2/install/mymsg/share/mymsg/cmake/mymsgConfig-version.cmake
[10.937s] -- Installing: /root/researchv2/install/mymsg/share/mymsg/package.xml
[10.941s] Invoked command in '/root/researchv2/build/mymsg' returned '0': CMAKE_PREFIX_PATH=${CMAKE_PREFIX_PATH}:/opt/ros/galactic:/root/openpifpaf_ros2/install/rgbd_openpifpaf_ros2:/root/openpifpaf_ros2/install/pose_checker:/root/openpifpaf_ros2/install/openpifpaf_ros2_node /usr/bin/cmake --install /root/researchv2/build/mymsg
