running egg_info
writing ../../build/chaser_system/chaser_system.egg-info/PKG-INFO
writing dependency_links to ../../build/chaser_system/chaser_system.egg-info/dependency_links.txt
writing entry points to ../../build/chaser_system/chaser_system.egg-info/entry_points.txt
writing requirements to ../../build/chaser_system/chaser_system.egg-info/requires.txt
writing top-level names to ../../build/chaser_system/chaser_system.egg-info/top_level.txt
reading manifest file '../../build/chaser_system/chaser_system.egg-info/SOURCES.txt'
writing manifest file '../../build/chaser_system/chaser_system.egg-info/SOURCES.txt'
running build
running build_py
copying chaser_system/pose_tf2.py -> /root/researchv2/build/chaser_system/build/lib/chaser_system
copying chaser_system/waypoints_csv.py -> /root/researchv2/build/chaser_system/build/lib/chaser_system
copying chaser_system/approachv5.py -> /root/researchv2/build/chaser_system/build/lib/chaser_system
copying chaser_system/approachv2.py -> /root/researchv2/build/chaser_system/build/lib/chaser_system
running install
running install_lib
copying /root/researchv2/build/chaser_system/build/lib/chaser_system/waypoints_csv.py -> /root/researchv2/install/chaser_system/lib/python3.8/site-packages/chaser_system
copying /root/researchv2/build/chaser_system/build/lib/chaser_system/approachv5.py -> /root/researchv2/install/chaser_system/lib/python3.8/site-packages/chaser_system
copying /root/researchv2/build/chaser_system/build/lib/chaser_system/approachv2.py -> /root/researchv2/install/chaser_system/lib/python3.8/site-packages/chaser_system
copying /root/researchv2/build/chaser_system/build/lib/chaser_system/pose_tf2.py -> /root/researchv2/install/chaser_system/lib/python3.8/site-packages/chaser_system
byte-compiling /root/researchv2/install/chaser_system/lib/python3.8/site-packages/chaser_system/waypoints_csv.py to waypoints_csv.cpython-38.pyc
byte-compiling /root/researchv2/install/chaser_system/lib/python3.8/site-packages/chaser_system/approachv5.py to approachv5.cpython-38.pyc
byte-compiling /root/researchv2/install/chaser_system/lib/python3.8/site-packages/chaser_system/approachv2.py to approachv2.cpython-38.pyc
byte-compiling /root/researchv2/install/chaser_system/lib/python3.8/site-packages/chaser_system/pose_tf2.py to pose_tf2.cpython-38.pyc
running install_data
copying launch/my_scripts.launch.py -> /root/researchv2/install/chaser_system/share/chaser_system
running install_egg_info
removing '/root/researchv2/install/chaser_system/lib/python3.8/site-packages/chaser_system-0.0.0-py3.8.egg-info' (and everything under it)
Copying ../../build/chaser_system/chaser_system.egg-info to /root/researchv2/install/chaser_system/lib/python3.8/site-packages/chaser_system-0.0.0-py3.8.egg-info
running install_scripts
Installing approach_navi script to /root/researchv2/install/chaser_system/lib/chaser_system
Installing approachv2 script to /root/researchv2/install/chaser_system/lib/chaser_system
Installing approachv3 script to /root/researchv2/install/chaser_system/lib/chaser_system
Installing approachv4 script to /root/researchv2/install/chaser_system/lib/chaser_system
Installing approachv5 script to /root/researchv2/install/chaser_system/lib/chaser_system
Installing image_inputer script to /root/researchv2/install/chaser_system/lib/chaser_system
Installing person_check script to /root/researchv2/install/chaser_system/lib/chaser_system
Installing pose_tf2 script to /root/researchv2/install/chaser_system/lib/chaser_system
Installing raise_navi script to /root/researchv2/install/chaser_system/lib/chaser_system
Installing rgbd_generator script to /root/researchv2/install/chaser_system/lib/chaser_system
Installing three_d_pose_analysis script to /root/researchv2/install/chaser_system/lib/chaser_system
Installing waypoints_csv script to /root/researchv2/install/chaser_system/lib/chaser_system
Installing xbox script to /root/researchv2/install/chaser_system/lib/chaser_system
writing list of installed files to '/root/researchv2/build/chaser_system/install.log'
