[0.023s] Invoking command in '/root/researchv2/build/mymsg': CMAKE_PREFIX_PATH=${CMAKE_PREFIX_PATH}:/root/researchv2/install/chaser_system:/opt/ros/foxy /usr/bin/cmake --build /root/researchv2/build/mymsg -- -j12 -l12
[0.084s] [  1%] Built target mymsg__cpp
[0.088s] [ 12%] Built target mymsg__rosidl_generator_c
[0.118s] [ 23%] Built target mymsg__rosidl_typesupport_introspection_cpp
[0.123s] [ 35%] Built target mymsg__rosidl_typesupport_cpp
[0.124s] [ 46%] Built target mymsg__rosidl_typesupport_c
[0.131s] [ 57%] Built target mymsg__rosidl_typesupport_fastrtps_cpp
[0.133s] [ 69%] Built target mymsg__rosidl_typesupport_introspection_c
[0.165s] [ 80%] Built target mymsg__rosidl_typesupport_fastrtps_c
[0.187s] [ 80%] Built target mymsg
[0.210s] [ 81%] Built target mymsg__py
[0.243s] [ 91%] Built target mymsg__python
[0.277s] [100%] Built target mymsg__rosidl_typesupport_c__pyext
[0.277s] [100%] Built target mymsg__rosidl_typesupport_introspection_c__pyext
[0.277s] [100%] Built target mymsg__rosidl_typesupport_fastrtps_c__pyext
[0.289s] Invoked command in '/root/researchv2/build/mymsg' returned '0': CMAKE_PREFIX_PATH=${CMAKE_PREFIX_PATH}:/root/researchv2/install/chaser_system:/opt/ros/foxy /usr/bin/cmake --build /root/researchv2/build/mymsg -- -j12 -l12
[0.446s] Invoking command in '/root/researchv2/build/mymsg': CMAKE_PREFIX_PATH=${CMAKE_PREFIX_PATH}:/root/researchv2/install/chaser_system:/opt/ros/foxy /usr/bin/cmake --install /root/researchv2/build/mymsg
[0.455s] -- Install configuration: ""
[0.456s] -- Up-to-date: /root/researchv2/install/mymsg/share/ament_index/resource_index/rosidl_interfaces/mymsg
[0.456s] -- Up-to-date: /root/researchv2/install/mymsg/include/mymsg
[0.456s] -- Up-to-date: /root/researchv2/install/mymsg/include/mymsg/srv
[0.456s] -- Up-to-date: /root/researchv2/install/mymsg/include/mymsg/srv/imagedata.h
[0.456s] -- Up-to-date: /root/researchv2/install/mymsg/include/mymsg/srv/detail
[0.457s] -- Up-to-date: /root/researchv2/install/mymsg/include/mymsg/srv/detail/waypoints__type_support.h
[0.457s] -- Up-to-date: /root/researchv2/install/mymsg/include/mymsg/srv/detail/waypoints__functions.c
[0.457s] -- Up-to-date: /root/researchv2/install/mymsg/include/mymsg/srv/detail/imagedata__functions.c
[0.457s] -- Up-to-date: /root/researchv2/install/mymsg/include/mymsg/srv/detail/imagedata__functions.h
[0.457s] -- Up-to-date: /root/researchv2/install/mymsg/include/mymsg/srv/detail/imagedata__struct.h
[0.457s] -- Up-to-date: /root/researchv2/install/mymsg/include/mymsg/srv/detail/waypoints__struct.h
[0.457s] -- Up-to-date: /root/researchv2/install/mymsg/include/mymsg/srv/detail/imagedata__type_support.h
[0.457s] -- Up-to-date: /root/researchv2/install/mymsg/include/mymsg/srv/detail/waypoints__functions.h
[0.458s] -- Up-to-date: /root/researchv2/install/mymsg/include/mymsg/srv/waypoints.h
[0.458s] -- Up-to-date: /root/researchv2/install/mymsg/include/mymsg/msg
[0.458s] -- Up-to-date: /root/researchv2/install/mymsg/include/mymsg/msg/multi_transform.h
[0.458s] -- Up-to-date: /root/researchv2/install/mymsg/include/mymsg/msg/rosidl_generator_c__visibility_control.h
[0.458s] -- Up-to-date: /root/researchv2/install/mymsg/include/mymsg/msg/poses.h
[0.458s] -- Up-to-date: /root/researchv2/install/mymsg/include/mymsg/msg/detail
[0.458s] -- Up-to-date: /root/researchv2/install/mymsg/include/mymsg/msg/detail/multi_transform__type_support.h
[0.458s] -- Up-to-date: /root/researchv2/install/mymsg/include/mymsg/msg/detail/pose__functions.h
[0.458s] -- Up-to-date: /root/researchv2/install/mymsg/include/mymsg/msg/detail/multi_transform__functions.h
[0.458s] -- Up-to-date: /root/researchv2/install/mymsg/include/mymsg/msg/detail/transform__functions.c
[0.458s] -- Up-to-date: /root/researchv2/install/mymsg/include/mymsg/msg/detail/pose__struct.h
[0.458s] -- Up-to-date: /root/researchv2/install/mymsg/include/mymsg/msg/detail/multi_transform__struct.h
[0.459s] -- Up-to-date: /root/researchv2/install/mymsg/include/mymsg/msg/detail/pose__type_support.h
[0.459s] -- Up-to-date: /root/researchv2/install/mymsg/include/mymsg/msg/detail/poses__type_support.h
[0.459s] -- Up-to-date: /root/researchv2/install/mymsg/include/mymsg/msg/detail/transform__type_support.h
[0.459s] -- Up-to-date: /root/researchv2/install/mymsg/include/mymsg/msg/detail/transform__struct.h
[0.459s] -- Up-to-date: /root/researchv2/install/mymsg/include/mymsg/msg/detail/poses__functions.c
[0.459s] -- Up-to-date: /root/researchv2/install/mymsg/include/mymsg/msg/detail/multi_transform__functions.c
[0.459s] -- Up-to-date: /root/researchv2/install/mymsg/include/mymsg/msg/detail/transform__functions.h
[0.459s] -- Up-to-date: /root/researchv2/install/mymsg/include/mymsg/msg/detail/poses__struct.h
[0.460s] -- Up-to-date: /root/researchv2/install/mymsg/include/mymsg/msg/detail/pose__functions.c
[0.460s] -- Up-to-date: /root/researchv2/install/mymsg/include/mymsg/msg/detail/poses__functions.h
[0.460s] -- Up-to-date: /root/researchv2/install/mymsg/include/mymsg/msg/transform.h
[0.460s] -- Up-to-date: /root/researchv2/install/mymsg/include/mymsg/msg/pose.h
[0.460s] -- Up-to-date: /root/researchv2/install/mymsg/share/mymsg/environment/library_path.sh
[0.460s] -- Up-to-date: /root/researchv2/install/mymsg/share/mymsg/environment/library_path.dsv
[0.460s] -- Up-to-date: /root/researchv2/install/mymsg/lib/libmymsg__rosidl_generator_c.so
[0.461s] -- Up-to-date: /root/researchv2/install/mymsg/include/mymsg
[0.461s] -- Up-to-date: /root/researchv2/install/mymsg/include/mymsg/srv
[0.461s] -- Up-to-date: /root/researchv2/install/mymsg/include/mymsg/srv/detail
[0.461s] -- Up-to-date: /root/researchv2/install/mymsg/include/mymsg/srv/detail/imagedata__rosidl_typesupport_fastrtps_c.h
[0.461s] -- Up-to-date: /root/researchv2/install/mymsg/include/mymsg/srv/detail/waypoints__rosidl_typesupport_fastrtps_c.h
[0.461s] -- Up-to-date: /root/researchv2/install/mymsg/include/mymsg/msg
[0.461s] -- Up-to-date: /root/researchv2/install/mymsg/include/mymsg/msg/detail
[0.461s] -- Up-to-date: /root/researchv2/install/mymsg/include/mymsg/msg/detail/poses__rosidl_typesupport_fastrtps_c.h
[0.462s] -- Up-to-date: /root/researchv2/install/mymsg/include/mymsg/msg/detail/multi_transform__rosidl_typesupport_fastrtps_c.h
[0.462s] -- Up-to-date: /root/researchv2/install/mymsg/include/mymsg/msg/detail/transform__rosidl_typesupport_fastrtps_c.h
[0.462s] -- Up-to-date: /root/researchv2/install/mymsg/include/mymsg/msg/detail/pose__rosidl_typesupport_fastrtps_c.h
[0.462s] -- Up-to-date: /root/researchv2/install/mymsg/include/mymsg/msg/rosidl_typesupport_fastrtps_c__visibility_control.h
[0.462s] -- Up-to-date: /root/researchv2/install/mymsg/lib/libmymsg__rosidl_typesupport_fastrtps_c.so
[0.462s] -- Up-to-date: /root/researchv2/install/mymsg/include/mymsg
[0.462s] -- Up-to-date: /root/researchv2/install/mymsg/include/mymsg/srv
[0.462s] -- Up-to-date: /root/researchv2/install/mymsg/include/mymsg/srv/detail
[0.462s] -- Up-to-date: /root/researchv2/install/mymsg/include/mymsg/srv/detail/imagedata__rosidl_typesupport_fastrtps_cpp.hpp
[0.462s] -- Up-to-date: /root/researchv2/install/mymsg/include/mymsg/srv/detail/waypoints__rosidl_typesupport_fastrtps_cpp.hpp
[0.462s] -- Up-to-date: /root/researchv2/install/mymsg/include/mymsg/srv/detail/dds_fastrtps
[0.462s] -- Up-to-date: /root/researchv2/install/mymsg/include/mymsg/msg
[0.463s] -- Up-to-date: /root/researchv2/install/mymsg/include/mymsg/msg/detail
[0.463s] -- Up-to-date: /root/researchv2/install/mymsg/include/mymsg/msg/detail/multi_transform__rosidl_typesupport_fastrtps_cpp.hpp
[0.463s] -- Up-to-date: /root/researchv2/install/mymsg/include/mymsg/msg/detail/pose__rosidl_typesupport_fastrtps_cpp.hpp
[0.463s] -- Up-to-date: /root/researchv2/install/mymsg/include/mymsg/msg/detail/transform__rosidl_typesupport_fastrtps_cpp.hpp
[0.463s] -- Up-to-date: /root/researchv2/install/mymsg/include/mymsg/msg/detail/poses__rosidl_typesupport_fastrtps_cpp.hpp
[0.463s] -- Up-to-date: /root/researchv2/install/mymsg/include/mymsg/msg/detail/dds_fastrtps
[0.463s] -- Up-to-date: /root/researchv2/install/mymsg/include/mymsg/msg/rosidl_typesupport_fastrtps_cpp__visibility_control.h
[0.463s] -- Up-to-date: /root/researchv2/install/mymsg/lib/libmymsg__rosidl_typesupport_fastrtps_cpp.so
[0.463s] -- Up-to-date: /root/researchv2/install/mymsg/include/mymsg
[0.463s] -- Up-to-date: /root/researchv2/install/mymsg/include/mymsg/srv
[0.463s] -- Up-to-date: /root/researchv2/install/mymsg/include/mymsg/srv/detail
[0.463s] -- Up-to-date: /root/researchv2/install/mymsg/include/mymsg/srv/detail/imagedata__type_support.c
[0.464s] -- Up-to-date: /root/researchv2/install/mymsg/include/mymsg/srv/detail/waypoints__rosidl_typesupport_introspection_c.h
[0.464s] -- Up-to-date: /root/researchv2/install/mymsg/include/mymsg/srv/detail/waypoints__type_support.c
[0.464s] -- Up-to-date: /root/researchv2/install/mymsg/include/mymsg/srv/detail/imagedata__rosidl_typesupport_introspection_c.h
[0.464s] -- Up-to-date: /root/researchv2/install/mymsg/include/mymsg/msg
[0.464s] -- Up-to-date: /root/researchv2/install/mymsg/include/mymsg/msg/detail
[0.464s] -- Up-to-date: /root/researchv2/install/mymsg/include/mymsg/msg/detail/pose__rosidl_typesupport_introspection_c.h
[0.464s] -- Up-to-date: /root/researchv2/install/mymsg/include/mymsg/msg/detail/transform__type_support.c
[0.464s] -- Up-to-date: /root/researchv2/install/mymsg/include/mymsg/msg/detail/multi_transform__rosidl_typesupport_introspection_c.h
[0.465s] -- Up-to-date: /root/researchv2/install/mymsg/include/mymsg/msg/detail/transform__rosidl_typesupport_introspection_c.h
[0.465s] -- Up-to-date: /root/researchv2/install/mymsg/include/mymsg/msg/detail/multi_transform__type_support.c
[0.465s] -- Up-to-date: /root/researchv2/install/mymsg/include/mymsg/msg/detail/poses__type_support.c
[0.465s] -- Up-to-date: /root/researchv2/install/mymsg/include/mymsg/msg/detail/pose__type_support.c
[0.465s] -- Up-to-date: /root/researchv2/install/mymsg/include/mymsg/msg/detail/poses__rosidl_typesupport_introspection_c.h
[0.465s] -- Up-to-date: /root/researchv2/install/mymsg/include/mymsg/msg/rosidl_typesupport_introspection_c__visibility_control.h
[0.465s] -- Up-to-date: /root/researchv2/install/mymsg/lib/libmymsg__rosidl_typesupport_introspection_c.so
[0.465s] -- Up-to-date: /root/researchv2/install/mymsg/lib/libmymsg__rosidl_typesupport_c.so
[0.465s] -- Up-to-date: /root/researchv2/install/mymsg/include/mymsg
[0.466s] -- Up-to-date: /root/researchv2/install/mymsg/include/mymsg/srv
[0.466s] -- Up-to-date: /root/researchv2/install/mymsg/include/mymsg/srv/waypoints.hpp
[0.466s] -- Up-to-date: /root/researchv2/install/mymsg/include/mymsg/srv/detail
[0.466s] -- Up-to-date: /root/researchv2/install/mymsg/include/mymsg/srv/detail/waypoints__struct.hpp
[0.466s] -- Up-to-date: /root/researchv2/install/mymsg/include/mymsg/srv/detail/imagedata__traits.hpp
[0.466s] -- Up-to-date: /root/researchv2/install/mymsg/include/mymsg/srv/detail/waypoints__traits.hpp
[0.466s] -- Up-to-date: /root/researchv2/install/mymsg/include/mymsg/srv/detail/imagedata__builder.hpp
[0.466s] -- Up-to-date: /root/researchv2/install/mymsg/include/mymsg/srv/detail/imagedata__struct.hpp
[0.466s] -- Up-to-date: /root/researchv2/install/mymsg/include/mymsg/srv/detail/waypoints__builder.hpp
[0.466s] -- Up-to-date: /root/researchv2/install/mymsg/include/mymsg/srv/imagedata.hpp
[0.466s] -- Up-to-date: /root/researchv2/install/mymsg/include/mymsg/msg
[0.466s] -- Up-to-date: /root/researchv2/install/mymsg/include/mymsg/msg/multi_transform.hpp
[0.466s] -- Up-to-date: /root/researchv2/install/mymsg/include/mymsg/msg/transform.hpp
[0.466s] -- Up-to-date: /root/researchv2/install/mymsg/include/mymsg/msg/detail
[0.467s] -- Up-to-date: /root/researchv2/install/mymsg/include/mymsg/msg/detail/poses__struct.hpp
[0.467s] -- Up-to-date: /root/researchv2/install/mymsg/include/mymsg/msg/detail/multi_transform__struct.hpp
[0.467s] -- Up-to-date: /root/researchv2/install/mymsg/include/mymsg/msg/detail/multi_transform__traits.hpp
[0.467s] -- Up-to-date: /root/researchv2/install/mymsg/include/mymsg/msg/detail/poses__builder.hpp
[0.467s] -- Up-to-date: /root/researchv2/install/mymsg/include/mymsg/msg/detail/transform__struct.hpp
[0.467s] -- Up-to-date: /root/researchv2/install/mymsg/include/mymsg/msg/detail/pose__struct.hpp
[0.467s] -- Up-to-date: /root/researchv2/install/mymsg/include/mymsg/msg/detail/pose__traits.hpp
[0.467s] -- Up-to-date: /root/researchv2/install/mymsg/include/mymsg/msg/detail/transform__traits.hpp
[0.467s] -- Up-to-date: /root/researchv2/install/mymsg/include/mymsg/msg/detail/poses__traits.hpp
[0.467s] -- Up-to-date: /root/researchv2/install/mymsg/include/mymsg/msg/detail/transform__builder.hpp
[0.467s] -- Up-to-date: /root/researchv2/install/mymsg/include/mymsg/msg/detail/multi_transform__builder.hpp
[0.467s] -- Up-to-date: /root/researchv2/install/mymsg/include/mymsg/msg/detail/pose__builder.hpp
[0.468s] -- Up-to-date: /root/researchv2/install/mymsg/include/mymsg/msg/pose.hpp
[0.468s] -- Up-to-date: /root/researchv2/install/mymsg/include/mymsg/msg/poses.hpp
[0.468s] -- Up-to-date: /root/researchv2/install/mymsg/include/mymsg
[0.468s] -- Up-to-date: /root/researchv2/install/mymsg/include/mymsg/srv
[0.468s] -- Up-to-date: /root/researchv2/install/mymsg/include/mymsg/srv/detail
[0.468s] -- Up-to-date: /root/researchv2/install/mymsg/include/mymsg/srv/detail/imagedata__rosidl_typesupport_introspection_cpp.hpp
[0.468s] -- Up-to-date: /root/researchv2/install/mymsg/include/mymsg/srv/detail/imagedata__type_support.cpp
[0.468s] -- Up-to-date: /root/researchv2/install/mymsg/include/mymsg/srv/detail/waypoints__type_support.cpp
[0.468s] -- Up-to-date: /root/researchv2/install/mymsg/include/mymsg/srv/detail/waypoints__rosidl_typesupport_introspection_cpp.hpp
[0.468s] -- Up-to-date: /root/researchv2/install/mymsg/include/mymsg/msg
[0.469s] -- Up-to-date: /root/researchv2/install/mymsg/include/mymsg/msg/detail
[0.469s] -- Up-to-date: /root/researchv2/install/mymsg/include/mymsg/msg/detail/poses__type_support.cpp
[0.469s] -- Up-to-date: /root/researchv2/install/mymsg/include/mymsg/msg/detail/multi_transform__type_support.cpp
[0.469s] -- Up-to-date: /root/researchv2/install/mymsg/include/mymsg/msg/detail/transform__type_support.cpp
[0.469s] -- Up-to-date: /root/researchv2/install/mymsg/include/mymsg/msg/detail/pose__type_support.cpp
[0.469s] -- Up-to-date: /root/researchv2/install/mymsg/include/mymsg/msg/detail/multi_transform__rosidl_typesupport_introspection_cpp.hpp
[0.469s] -- Up-to-date: /root/researchv2/install/mymsg/include/mymsg/msg/detail/pose__rosidl_typesupport_introspection_cpp.hpp
[0.469s] -- Up-to-date: /root/researchv2/install/mymsg/include/mymsg/msg/detail/transform__rosidl_typesupport_introspection_cpp.hpp
[0.469s] -- Up-to-date: /root/researchv2/install/mymsg/include/mymsg/msg/detail/poses__rosidl_typesupport_introspection_cpp.hpp
[0.469s] -- Up-to-date: /root/researchv2/install/mymsg/lib/libmymsg__rosidl_typesupport_introspection_cpp.so
[0.469s] -- Up-to-date: /root/researchv2/install/mymsg/lib/libmymsg__rosidl_typesupport_cpp.so
[0.469s] -- Up-to-date: /root/researchv2/install/mymsg/share/mymsg/environment/pythonpath.sh
[0.469s] -- Up-to-date: /root/researchv2/install/mymsg/share/mymsg/environment/pythonpath.dsv
[0.470s] -- Up-to-date: /root/researchv2/install/mymsg/lib/python3.8/site-packages/mymsg/__init__.py
[0.499s] -- Up-to-date: /root/researchv2/install/mymsg/lib/python3.8/site-packages/mymsg/msg
[0.499s] -- Up-to-date: /root/researchv2/install/mymsg/lib/python3.8/site-packages/mymsg/msg/_transform_s.c
[0.499s] -- Up-to-date: /root/researchv2/install/mymsg/lib/python3.8/site-packages/mymsg/msg/_multi_transform_s.c
[0.499s] -- Up-to-date: /root/researchv2/install/mymsg/lib/python3.8/site-packages/mymsg/msg/_pose_s.c
[0.499s] -- Up-to-date: /root/researchv2/install/mymsg/lib/python3.8/site-packages/mymsg/msg/_transform.py
[0.499s] -- Up-to-date: /root/researchv2/install/mymsg/lib/python3.8/site-packages/mymsg/msg/_poses_s.c
[0.500s] -- Up-to-date: /root/researchv2/install/mymsg/lib/python3.8/site-packages/mymsg/msg/_poses.py
[0.500s] -- Up-to-date: /root/researchv2/install/mymsg/lib/python3.8/site-packages/mymsg/msg/__init__.py
[0.500s] -- Up-to-date: /root/researchv2/install/mymsg/lib/python3.8/site-packages/mymsg/msg/_pose.py
[0.501s] -- Up-to-date: /root/researchv2/install/mymsg/lib/python3.8/site-packages/mymsg/msg/_multi_transform.py
[0.502s] -- Up-to-date: /root/researchv2/install/mymsg/lib/python3.8/site-packages/mymsg/srv
[0.502s] -- Up-to-date: /root/researchv2/install/mymsg/lib/python3.8/site-packages/mymsg/srv/_waypoints.py
[0.502s] -- Up-to-date: /root/researchv2/install/mymsg/lib/python3.8/site-packages/mymsg/srv/_imagedata_s.c
[0.502s] -- Up-to-date: /root/researchv2/install/mymsg/lib/python3.8/site-packages/mymsg/srv/_waypoints_s.c
[0.502s] -- Up-to-date: /root/researchv2/install/mymsg/lib/python3.8/site-packages/mymsg/srv/_imagedata.py
[0.503s] -- Up-to-date: /root/researchv2/install/mymsg/lib/python3.8/site-packages/mymsg/srv/__init__.py
[0.503s] -- Up-to-date: /root/researchv2/install/mymsg/lib/python3.8/site-packages/mymsg/mymsg_s__rosidl_typesupport_fastrtps_c.cpython-38-x86_64-linux-gnu.so
[0.503s] -- Up-to-date: /root/researchv2/install/mymsg/lib/python3.8/site-packages/mymsg/mymsg_s__rosidl_typesupport_introspection_c.cpython-38-x86_64-linux-gnu.so
[0.503s] -- Up-to-date: /root/researchv2/install/mymsg/lib/python3.8/site-packages/mymsg/mymsg_s__rosidl_typesupport_c.cpython-38-x86_64-linux-gnu.so
[0.504s] -- Up-to-date: /root/researchv2/install/mymsg/lib/libmymsg__python.so
[0.505s] -- Up-to-date: /root/researchv2/install/mymsg/share/mymsg/msg/Pose.idl
[0.505s] -- Up-to-date: /root/researchv2/install/mymsg/share/mymsg/msg/Poses.idl
[0.505s] -- Up-to-date: /root/researchv2/install/mymsg/share/mymsg/msg/Transform.idl
[0.505s] -- Up-to-date: /root/researchv2/install/mymsg/share/mymsg/msg/MultiTransform.idl
[0.505s] -- Up-to-date: /root/researchv2/install/mymsg/share/mymsg/srv/Imagedata.idl
[0.505s] -- Up-to-date: /root/researchv2/install/mymsg/share/mymsg/srv/Waypoints.idl
[0.506s] -- Up-to-date: /root/researchv2/install/mymsg/share/mymsg/msg/Pose.msg
[0.506s] -- Up-to-date: /root/researchv2/install/mymsg/share/mymsg/msg/Poses.msg
[0.506s] -- Up-to-date: /root/researchv2/install/mymsg/share/mymsg/msg/Transform.msg
[0.506s] -- Up-to-date: /root/researchv2/install/mymsg/share/mymsg/msg/MultiTransform.msg
[0.506s] -- Up-to-date: /root/researchv2/install/mymsg/share/mymsg/srv/Imagedata.srv
[0.506s] -- Up-to-date: /root/researchv2/install/mymsg/share/mymsg/srv/Imagedata_Request.msg
[0.506s] -- Up-to-date: /root/researchv2/install/mymsg/share/mymsg/srv/Imagedata_Response.msg
[0.507s] -- Up-to-date: /root/researchv2/install/mymsg/share/mymsg/srv/Waypoints.srv
[0.507s] -- Up-to-date: /root/researchv2/install/mymsg/share/mymsg/srv/Waypoints_Request.msg
[0.507s] -- Up-to-date: /root/researchv2/install/mymsg/share/mymsg/srv/Waypoints_Response.msg
[0.507s] -- Up-to-date: /root/researchv2/install/mymsg/share/ament_index/resource_index/package_run_dependencies/mymsg
[0.507s] -- Up-to-date: /root/researchv2/install/mymsg/share/ament_index/resource_index/parent_prefix_path/mymsg
[0.507s] -- Up-to-date: /root/researchv2/install/mymsg/share/mymsg/environment/ament_prefix_path.sh
[0.507s] -- Up-to-date: /root/researchv2/install/mymsg/share/mymsg/environment/ament_prefix_path.dsv
[0.507s] -- Up-to-date: /root/researchv2/install/mymsg/share/mymsg/environment/path.sh
[0.508s] -- Up-to-date: /root/researchv2/install/mymsg/share/mymsg/environment/path.dsv
[0.508s] -- Up-to-date: /root/researchv2/install/mymsg/share/mymsg/local_setup.bash
[0.508s] -- Up-to-date: /root/researchv2/install/mymsg/share/mymsg/local_setup.sh
[0.508s] -- Up-to-date: /root/researchv2/install/mymsg/share/mymsg/local_setup.zsh
[0.508s] -- Up-to-date: /root/researchv2/install/mymsg/share/mymsg/local_setup.dsv
[0.509s] -- Installing: /root/researchv2/install/mymsg/share/mymsg/package.dsv
[0.509s] -- Up-to-date: /root/researchv2/install/mymsg/share/ament_index/resource_index/packages/mymsg
[0.509s] -- Up-to-date: /root/researchv2/install/mymsg/share/mymsg/cmake/mymsg__rosidl_generator_cExport.cmake
[0.510s] -- Up-to-date: /root/researchv2/install/mymsg/share/mymsg/cmake/mymsg__rosidl_generator_cExport-noconfig.cmake
[0.510s] -- Up-to-date: /root/researchv2/install/mymsg/share/mymsg/cmake/mymsg__rosidl_typesupport_introspection_cExport.cmake
[0.510s] -- Up-to-date: /root/researchv2/install/mymsg/share/mymsg/cmake/mymsg__rosidl_typesupport_introspection_cExport-noconfig.cmake
[0.510s] -- Up-to-date: /root/researchv2/install/mymsg/share/mymsg/cmake/mymsg__rosidl_typesupport_cExport.cmake
[0.510s] -- Up-to-date: /root/researchv2/install/mymsg/share/mymsg/cmake/mymsg__rosidl_typesupport_cExport-noconfig.cmake
[0.510s] -- Up-to-date: /root/researchv2/install/mymsg/share/mymsg/cmake/mymsg__rosidl_generator_cppExport.cmake
[0.511s] -- Up-to-date: /root/researchv2/install/mymsg/share/mymsg/cmake/mymsg__rosidl_typesupport_introspection_cppExport.cmake
[0.511s] -- Up-to-date: /root/researchv2/install/mymsg/share/mymsg/cmake/mymsg__rosidl_typesupport_introspection_cppExport-noconfig.cmake
[0.511s] -- Up-to-date: /root/researchv2/install/mymsg/share/mymsg/cmake/mymsg__rosidl_typesupport_cppExport.cmake
[0.511s] -- Up-to-date: /root/researchv2/install/mymsg/share/mymsg/cmake/mymsg__rosidl_typesupport_cppExport-noconfig.cmake
[0.511s] -- Up-to-date: /root/researchv2/install/mymsg/share/mymsg/cmake/rosidl_cmake-extras.cmake
[0.511s] -- Up-to-date: /root/researchv2/install/mymsg/share/mymsg/cmake/ament_cmake_export_dependencies-extras.cmake
[0.511s] -- Up-to-date: /root/researchv2/install/mymsg/share/mymsg/cmake/ament_cmake_export_libraries-extras.cmake
[0.512s] -- Up-to-date: /root/researchv2/install/mymsg/share/mymsg/cmake/ament_cmake_export_targets-extras.cmake
[0.512s] -- Up-to-date: /root/researchv2/install/mymsg/share/mymsg/cmake/ament_cmake_export_include_directories-extras.cmake
[0.512s] -- Up-to-date: /root/researchv2/install/mymsg/share/mymsg/cmake/rosidl_cmake_export_typesupport_libraries-extras.cmake
[0.512s] -- Up-to-date: /root/researchv2/install/mymsg/share/mymsg/cmake/rosidl_cmake_export_typesupport_targets-extras.cmake
[0.512s] -- Up-to-date: /root/researchv2/install/mymsg/share/mymsg/cmake/mymsgConfig.cmake
[0.512s] -- Up-to-date: /root/researchv2/install/mymsg/share/mymsg/cmake/mymsgConfig-version.cmake
[0.513s] -- Up-to-date: /root/researchv2/install/mymsg/share/mymsg/package.xml
[0.520s] Invoked command in '/root/researchv2/build/mymsg' returned '0': CMAKE_PREFIX_PATH=${CMAKE_PREFIX_PATH}:/root/researchv2/install/chaser_system:/opt/ros/foxy /usr/bin/cmake --install /root/researchv2/build/mymsg
