[0.057s] Invoking command in '/root/researchv2/build/urg_c': CMAKE_PREFIX_PATH=${CMAKE_PREFIX_PATH}:/root/researchv2/install/chaser_system:/opt/ros/galactic /usr/bin/cmake --build /root/researchv2/build/urg_c -- -j12 -l12
[0.132s] [ 29%] Built target urg_c
[0.175s] [ 35%] Built target open_urg_sensor
[0.291s] [ 41%] Built target sync_time_stamp
[0.300s] [ 47%] Built target get_distance_intensity
[0.307s] [ 52%] Built target timeout_test
[0.318s] [ 58%] Built target angle_convert_test
[0.320s] [ 64%] Built target get_distance
[0.323s] [ 70%] Built target sensor_parameter
[0.357s] [ 76%] Built target find_port
[0.357s] [ 82%] Built target get_multiecho_intensity
[0.360s] [ 94%] Built target reboot_test
[0.361s] [ 94%] Built target calculate_xy
[0.367s] [100%] Built target get_multiecho
[0.393s] Invoked command in '/root/researchv2/build/urg_c' returned '0': CMAKE_PREFIX_PATH=${CMAKE_PREFIX_PATH}:/root/researchv2/install/chaser_system:/opt/ros/galactic /usr/bin/cmake --build /root/researchv2/build/urg_c -- -j12 -l12
[0.508s] Invoking command in '/root/researchv2/build/urg_c': CMAKE_PREFIX_PATH=${CMAKE_PREFIX_PATH}:/root/researchv2/install/chaser_system:/opt/ros/galactic /usr/bin/cmake --install /root/researchv2/build/urg_c
[0.518s] -- Install configuration: ""
[0.518s] -- Up-to-date: /root/researchv2/install/urg_c/lib/liburg_c.so
[0.520s] -- Up-to-date: /root/researchv2/install/urg_c/lib/libopen_urg_sensor.a
[0.521s] -- Up-to-date: /root/researchv2/install/urg_c/bin/angle_convert_test
[0.523s] -- Up-to-date: /root/researchv2/install/urg_c/bin/calculate_xy
[0.525s] -- Up-to-date: /root/researchv2/install/urg_c/bin/find_port
[0.526s] -- Up-to-date: /root/researchv2/install/urg_c/bin/get_distance
[0.528s] -- Up-to-date: /root/researchv2/install/urg_c/bin/get_distance_intensity
[0.530s] -- Up-to-date: /root/researchv2/install/urg_c/bin/get_multiecho
[0.535s] -- Up-to-date: /root/researchv2/install/urg_c/bin/get_multiecho_intensity
[0.538s] -- Up-to-date: /root/researchv2/install/urg_c/bin/reboot_test
[0.538s] -- Up-to-date: /root/researchv2/install/urg_c/bin/sensor_parameter
[0.538s] -- Up-to-date: /root/researchv2/install/urg_c/bin/sync_time_stamp
[0.539s] -- Up-to-date: /root/researchv2/install/urg_c/bin/timeout_test
[0.539s] -- Up-to-date: /root/researchv2/install/urg_c/include
[0.539s] -- Up-to-date: /root/researchv2/install/urg_c/include/urg_c
[0.539s] -- Up-to-date: /root/researchv2/install/urg_c/include/urg_c/urg_detect_os.h
[0.540s] -- Up-to-date: /root/researchv2/install/urg_c/include/urg_c/urg_debug.h
[0.540s] -- Up-to-date: /root/researchv2/install/urg_c/include/urg_c/urg_serial.h
[0.543s] -- Up-to-date: /root/researchv2/install/urg_c/include/urg_c/urg_time.h
[0.543s] -- Up-to-date: /root/researchv2/install/urg_c/include/urg_c/urg_sensor.h
[0.544s] -- Up-to-date: /root/researchv2/install/urg_c/include/urg_c/urg_utils.h
[0.544s] -- Up-to-date: /root/researchv2/install/urg_c/include/urg_c/urg_errno.h
[0.545s] -- Up-to-date: /root/researchv2/install/urg_c/include/urg_c/urg_serial_utils.h
[0.549s] -- Up-to-date: /root/researchv2/install/urg_c/include/urg_c/urg_tcpclient.h
[0.550s] -- Up-to-date: /root/researchv2/install/urg_c/include/urg_c/urg_connection.h
[0.550s] -- Up-to-date: /root/researchv2/install/urg_c/include/urg_c/urg_ring_buffer.h
[0.550s] -- Up-to-date: /root/researchv2/install/urg_c/share/urg_c/environment/library_path.sh
[0.551s] -- Up-to-date: /root/researchv2/install/urg_c/share/urg_c/environment/library_path.dsv
[0.551s] -- Up-to-date: /root/researchv2/install/urg_c/share/ament_index/resource_index/package_run_dependencies/urg_c
[0.551s] -- Up-to-date: /root/researchv2/install/urg_c/share/ament_index/resource_index/parent_prefix_path/urg_c
[0.557s] -- Up-to-date: /root/researchv2/install/urg_c/share/urg_c/environment/ament_prefix_path.sh
[0.557s] -- Up-to-date: /root/researchv2/install/urg_c/share/urg_c/environment/ament_prefix_path.dsv
[0.557s] -- Up-to-date: /root/researchv2/install/urg_c/share/urg_c/environment/path.sh
[0.558s] -- Up-to-date: /root/researchv2/install/urg_c/share/urg_c/environment/path.dsv
[0.558s] -- Up-to-date: /root/researchv2/install/urg_c/share/urg_c/local_setup.bash
[0.559s] -- Up-to-date: /root/researchv2/install/urg_c/share/urg_c/local_setup.sh
[0.560s] -- Up-to-date: /root/researchv2/install/urg_c/share/urg_c/local_setup.zsh
[0.562s] -- Up-to-date: /root/researchv2/install/urg_c/share/urg_c/local_setup.dsv
[0.563s] -- Installing: /root/researchv2/install/urg_c/share/urg_c/package.dsv
[0.563s] -- Up-to-date: /root/researchv2/install/urg_c/share/ament_index/resource_index/packages/urg_c
[0.563s] -- Up-to-date: /root/researchv2/install/urg_c/share/urg_c/cmake/ament_cmake_export_include_directories-extras.cmake
[0.568s] -- Up-to-date: /root/researchv2/install/urg_c/share/urg_c/cmake/ament_cmake_export_libraries-extras.cmake
[0.571s] -- Up-to-date: /root/researchv2/install/urg_c/share/urg_c/cmake/urg_cConfig.cmake
[0.572s] -- Up-to-date: /root/researchv2/install/urg_c/share/urg_c/cmake/urg_cConfig-version.cmake
[0.572s] -- Up-to-date: /root/researchv2/install/urg_c/share/urg_c/package.xml
[0.581s] Invoked command in '/root/researchv2/build/urg_c' returned '0': CMAKE_PREFIX_PATH=${CMAKE_PREFIX_PATH}:/root/researchv2/install/chaser_system:/opt/ros/galactic /usr/bin/cmake --install /root/researchv2/build/urg_c
