[1.757s] Invoking command in '/root/researchv2/build/chaser_system': CMAKE_PREFIX_PATH=/root/researchv2/install/mymsg:/root/researchv2/install/urg_node:/root/researchv2/install/urg_node_msgs:/root/researchv2/install/turtlebot3_simulations:/root/researchv2/install/turtlebot3_gazebo:/root/researchv2/install/turtlebot3_fake_node:/root/researchv2/install/slam_toolbox LD_LIBRARY_PATH=/root/researchv2/install/mymsg/lib:/root/researchv2/install/urg_node/lib:/root/researchv2/install/urg_node_msgs/lib:/root/researchv2/install/slam_toolbox/lib:/usr/lib/x86_64-linux-gnu/gazebo-11/plugins:/opt/ros/foxy/opt/yaml_cpp_vendor/lib:/opt/ros/foxy/opt/rviz_ogre_vendor/lib:/opt/ros/foxy/lib/x86_64-linux-gnu:/opt/ros/foxy/lib:/usr/local/11.6.0/lib64:/usr/local/nvidia/lib:/usr/local/nvidia/lib64 PYTHONPATH=/root/researchv2/build/chaser_system/prefix_override:/root/researchv2/install/chaser_system/lib/python3.8/site-packages:/root/researchv2/install/mymsg/lib/python3.8/site-packages:/root/researchv2/install/urg_node_msgs/lib/python3.8/site-packages:/root/researchv2/install/slam_toolbox/lib/python3.8/site-packages:/root/researchv2/build/chaser_system:/root/researchv2/install/chaser_system/lib/python3.8/site-packages:/opt/ros/foxy/lib/python3.8/site-packages /usr/bin/python3 setup.py develop --uninstall --editable --build-directory /root/researchv2/build/chaser_system/build
[2.274s] running develop
[2.604s] Removing /root/researchv2/install/chaser_system/lib/python3.8/site-packages/chaser-system.egg-link (link to .)
[2.663s] Invoked command in '/root/researchv2/build/chaser_system' returned '0': CMAKE_PREFIX_PATH=/root/researchv2/install/mymsg:/root/researchv2/install/urg_node:/root/researchv2/install/urg_node_msgs:/root/researchv2/install/turtlebot3_simulations:/root/researchv2/install/turtlebot3_gazebo:/root/researchv2/install/turtlebot3_fake_node:/root/researchv2/install/slam_toolbox LD_LIBRARY_PATH=/root/researchv2/install/mymsg/lib:/root/researchv2/install/urg_node/lib:/root/researchv2/install/urg_node_msgs/lib:/root/researchv2/install/slam_toolbox/lib:/usr/lib/x86_64-linux-gnu/gazebo-11/plugins:/opt/ros/foxy/opt/yaml_cpp_vendor/lib:/opt/ros/foxy/opt/rviz_ogre_vendor/lib:/opt/ros/foxy/lib/x86_64-linux-gnu:/opt/ros/foxy/lib:/usr/local/11.6.0/lib64:/usr/local/nvidia/lib:/usr/local/nvidia/lib64 PYTHONPATH=/root/researchv2/build/chaser_system/prefix_override:/root/researchv2/install/chaser_system/lib/python3.8/site-packages:/root/researchv2/install/mymsg/lib/python3.8/site-packages:/root/researchv2/install/urg_node_msgs/lib/python3.8/site-packages:/root/researchv2/install/slam_toolbox/lib/python3.8/site-packages:/root/researchv2/build/chaser_system:/root/researchv2/install/chaser_system/lib/python3.8/site-packages:/opt/ros/foxy/lib/python3.8/site-packages /usr/bin/python3 setup.py develop --uninstall --editable --build-directory /root/researchv2/build/chaser_system/build
[2.669s] Invoking command in '/root/researchv2/src/chaser_system': CMAKE_PREFIX_PATH=/root/researchv2/install/mymsg:/root/researchv2/install/urg_node:/root/researchv2/install/urg_node_msgs:/root/researchv2/install/turtlebot3_simulations:/root/researchv2/install/turtlebot3_gazebo:/root/researchv2/install/turtlebot3_fake_node:/root/researchv2/install/slam_toolbox LD_LIBRARY_PATH=/root/researchv2/install/mymsg/lib:/root/researchv2/install/urg_node/lib:/root/researchv2/install/urg_node_msgs/lib:/root/researchv2/install/slam_toolbox/lib:/usr/lib/x86_64-linux-gnu/gazebo-11/plugins:/opt/ros/foxy/opt/yaml_cpp_vendor/lib:/opt/ros/foxy/opt/rviz_ogre_vendor/lib:/opt/ros/foxy/lib/x86_64-linux-gnu:/opt/ros/foxy/lib:/usr/local/11.6.0/lib64:/usr/local/nvidia/lib:/usr/local/nvidia/lib64 PYTHONPATH=/root/researchv2/build/chaser_system/prefix_override:/root/researchv2/install/chaser_system/lib/python3.8/site-packages:/root/researchv2/install/mymsg/lib/python3.8/site-packages:/root/researchv2/install/urg_node_msgs/lib/python3.8/site-packages:/root/researchv2/install/slam_toolbox/lib/python3.8/site-packages:/root/researchv2/build/chaser_system:/root/researchv2/install/chaser_system/lib/python3.8/site-packages:/opt/ros/foxy/lib/python3.8/site-packages /usr/bin/python3 setup.py egg_info --egg-base ../../build/chaser_system build --build-base /root/researchv2/build/chaser_system/build install --record /root/researchv2/build/chaser_system/install.log --install-scripts $base/lib/chaser_system --single-version-externally-managed
[3.190s] running egg_info
[3.192s] writing ../../build/chaser_system/chaser_system.egg-info/PKG-INFO
[3.192s] writing dependency_links to ../../build/chaser_system/chaser_system.egg-info/dependency_links.txt
[3.192s] writing entry points to ../../build/chaser_system/chaser_system.egg-info/entry_points.txt
[3.192s] writing requirements to ../../build/chaser_system/chaser_system.egg-info/requires.txt
[3.193s] writing top-level names to ../../build/chaser_system/chaser_system.egg-info/top_level.txt
[3.275s] reading manifest file '../../build/chaser_system/chaser_system.egg-info/SOURCES.txt'
[3.278s] writing manifest file '../../build/chaser_system/chaser_system.egg-info/SOURCES.txt'
[3.278s] running build
[3.279s] running build_py
[3.279s] copying chaser_system/pose_tf2.py -> /root/researchv2/build/chaser_system/build/lib/chaser_system
[3.280s] running install
[3.281s] running install_lib
[3.284s] creating /root/researchv2/install/chaser_system/lib/python3.8/site-packages/chaser_system
[3.284s] copying /root/researchv2/build/chaser_system/build/lib/chaser_system/rgbd_generator.py -> /root/researchv2/install/chaser_system/lib/python3.8/site-packages/chaser_system
[3.285s] copying /root/researchv2/build/chaser_system/build/lib/chaser_system/person_check.py -> /root/researchv2/install/chaser_system/lib/python3.8/site-packages/chaser_system
[3.288s] copying /root/researchv2/build/chaser_system/build/lib/chaser_system/raise_navi.py -> /root/researchv2/install/chaser_system/lib/python3.8/site-packages/chaser_system
[3.289s] copying /root/researchv2/build/chaser_system/build/lib/chaser_system/image_cutter.py -> /root/researchv2/install/chaser_system/lib/python3.8/site-packages/chaser_system
[3.290s] copying /root/researchv2/build/chaser_system/build/lib/chaser_system/xbox.py -> /root/researchv2/install/chaser_system/lib/python3.8/site-packages/chaser_system
[3.290s] copying /root/researchv2/build/chaser_system/build/lib/chaser_system/image_inputer.py -> /root/researchv2/install/chaser_system/lib/python3.8/site-packages/chaser_system
[3.291s] copying /root/researchv2/build/chaser_system/build/lib/chaser_system/three_d_pose_analysis.py -> /root/researchv2/install/chaser_system/lib/python3.8/site-packages/chaser_system
[3.292s] copying /root/researchv2/build/chaser_system/build/lib/chaser_system/pose_tf2.py -> /root/researchv2/install/chaser_system/lib/python3.8/site-packages/chaser_system
[3.292s] copying /root/researchv2/build/chaser_system/build/lib/chaser_system/__init__.py -> /root/researchv2/install/chaser_system/lib/python3.8/site-packages/chaser_system
[3.293s] byte-compiling /root/researchv2/install/chaser_system/lib/python3.8/site-packages/chaser_system/rgbd_generator.py to rgbd_generator.cpython-38.pyc
[3.296s] byte-compiling /root/researchv2/install/chaser_system/lib/python3.8/site-packages/chaser_system/person_check.py to person_check.cpython-38.pyc
[3.298s] byte-compiling /root/researchv2/install/chaser_system/lib/python3.8/site-packages/chaser_system/raise_navi.py to raise_navi.cpython-38.pyc
[3.300s] byte-compiling /root/researchv2/install/chaser_system/lib/python3.8/site-packages/chaser_system/image_cutter.py to image_cutter.cpython-38.pyc
[3.301s] byte-compiling /root/researchv2/install/chaser_system/lib/python3.8/site-packages/chaser_system/xbox.py to xbox.cpython-38.pyc
[3.302s] byte-compiling /root/researchv2/install/chaser_system/lib/python3.8/site-packages/chaser_system/image_inputer.py to image_inputer.cpython-38.pyc
[3.305s] byte-compiling /root/researchv2/install/chaser_system/lib/python3.8/site-packages/chaser_system/three_d_pose_analysis.py to three_d_pose_analysis.cpython-38.pyc
[3.308s] byte-compiling /root/researchv2/install/chaser_system/lib/python3.8/site-packages/chaser_system/pose_tf2.py to pose_tf2.cpython-38.pyc
[3.310s] byte-compiling /root/researchv2/install/chaser_system/lib/python3.8/site-packages/chaser_system/__init__.py to __init__.cpython-38.pyc
[3.310s] running install_data
[3.312s] running install_egg_info
[3.317s] Copying ../../build/chaser_system/chaser_system.egg-info to /root/researchv2/install/chaser_system/lib/python3.8/site-packages/chaser_system-0.0.0-py3.8.egg-info
[3.320s] running install_scripts
[3.358s] Installing image_inputer script to /root/researchv2/install/chaser_system/lib/chaser_system
[3.358s] Installing person_check script to /root/researchv2/install/chaser_system/lib/chaser_system
[3.358s] Installing pose_tf2 script to /root/researchv2/install/chaser_system/lib/chaser_system
[3.358s] Installing raise_navi script to /root/researchv2/install/chaser_system/lib/chaser_system
[3.359s] Installing rgbd_generator script to /root/researchv2/install/chaser_system/lib/chaser_system
[3.359s] Installing three_d_pose_analysis script to /root/researchv2/install/chaser_system/lib/chaser_system
[3.359s] Installing xbox script to /root/researchv2/install/chaser_system/lib/chaser_system
[3.360s] writing list of installed files to '/root/researchv2/build/chaser_system/install.log'
[3.403s] Invoked command in '/root/researchv2/src/chaser_system' returned '0': CMAKE_PREFIX_PATH=/root/researchv2/install/mymsg:/root/researchv2/install/urg_node:/root/researchv2/install/urg_node_msgs:/root/researchv2/install/turtlebot3_simulations:/root/researchv2/install/turtlebot3_gazebo:/root/researchv2/install/turtlebot3_fake_node:/root/researchv2/install/slam_toolbox LD_LIBRARY_PATH=/root/researchv2/install/mymsg/lib:/root/researchv2/install/urg_node/lib:/root/researchv2/install/urg_node_msgs/lib:/root/researchv2/install/slam_toolbox/lib:/usr/lib/x86_64-linux-gnu/gazebo-11/plugins:/opt/ros/foxy/opt/yaml_cpp_vendor/lib:/opt/ros/foxy/opt/rviz_ogre_vendor/lib:/opt/ros/foxy/lib/x86_64-linux-gnu:/opt/ros/foxy/lib:/usr/local/11.6.0/lib64:/usr/local/nvidia/lib:/usr/local/nvidia/lib64 PYTHONPATH=/root/researchv2/build/chaser_system/prefix_override:/root/researchv2/install/chaser_system/lib/python3.8/site-packages:/root/researchv2/install/mymsg/lib/python3.8/site-packages:/root/researchv2/install/urg_node_msgs/lib/python3.8/site-packages:/root/researchv2/install/slam_toolbox/lib/python3.8/site-packages:/root/researchv2/build/chaser_system:/root/researchv2/install/chaser_system/lib/python3.8/site-packages:/opt/ros/foxy/lib/python3.8/site-packages /usr/bin/python3 setup.py egg_info --egg-base ../../build/chaser_system build --build-base /root/researchv2/build/chaser_system/build install --record /root/researchv2/build/chaser_system/install.log --install-scripts $base/lib/chaser_system --single-version-externally-managed
