[0.091s] Invoking command in '/root/researchv2/build/slam_toolbox': CMAKE_PREFIX_PATH=${CMAKE_PREFIX_PATH}:/root/researchv2/install/chaser_system:/opt/ros/foxy /usr/bin/cmake /root/researchv2/src/slam_toolbox -DCMAKE_INSTALL_PREFIX=/root/researchv2/install/slam_toolbox
[0.122s] -- Found ament_cmake: 0.9.11 (/opt/ros/foxy/share/ament_cmake/cmake)
[0.221s] -- Found PythonInterp: /usr/bin/python3 (found suitable version "3.8.10", minimum required is "3") 
[0.221s] -- Using PYTHON_EXECUTABLE: /usr/bin/python3
[0.733s] -- Override CMake install command with custom implementation using symlinks instead of copying resources
[0.749s] -- Found message_filters: 3.2.5 (/opt/ros/foxy/share/message_filters/cmake)
[0.762s] -- Found nav_msgs: 2.0.5 (/opt/ros/foxy/share/nav_msgs/cmake)
[0.822s] -- Using all available rosidl_typesupport_c: rosidl_typesupport_fastrtps_c;rosidl_typesupport_introspection_c
[0.834s] -- Found rosidl_adapter: 1.3.0 (/opt/ros/foxy/share/rosidl_adapter/cmake)
[1.198s] -- Using all available rosidl_typesupport_cpp: rosidl_typesupport_fastrtps_cpp;rosidl_typesupport_introspection_cpp
[1.654s] -- Found rclcpp: 2.4.2 (/opt/ros/foxy/share/rclcpp/cmake)
[1.768s] -- Found rmw_implementation_cmake: 1.0.3 (/opt/ros/foxy/share/rmw_implementation_cmake/cmake)
[1.774s] -- Using RMW implementation 'rmw_fastrtps_cpp' as default
[2.105s] -- Found sensor_msgs: 2.0.5 (/opt/ros/foxy/share/sensor_msgs/cmake)
[2.293s] -- Found tf2: 0.13.13 (/opt/ros/foxy/share/tf2/cmake)
[2.318s] -- Found tf2_ros: 0.13.13 (/opt/ros/foxy/share/tf2_ros/cmake)
[3.134s] -- Found visualization_msgs: 2.0.5 (/opt/ros/foxy/share/visualization_msgs/cmake)
[3.330s] -- Found pluginlib: 2.5.4 (/opt/ros/foxy/share/pluginlib/cmake)
[3.395s] -- Found tf2_geometry_msgs: 0.13.13 (/opt/ros/foxy/share/tf2_geometry_msgs/cmake)
[3.414s] -- Found eigen3_cmake_module: 0.1.1 (/opt/ros/foxy/share/eigen3_cmake_module/cmake)
[3.482s] -- Found tf2_sensor_msgs: 0.13.13 (/opt/ros/foxy/share/tf2_sensor_msgs/cmake)
[3.522s] -- Found std_srvs: 2.0.5 (/opt/ros/foxy/share/std_srvs/cmake)
[3.552s] -- Found rosidl_default_generators: 1.0.1 (/opt/ros/foxy/share/rosidl_default_generators/cmake)
[3.583s] -- Found nav2_map_server: 0.4.7 (/opt/ros/foxy/share/nav2_map_server/cmake)
[3.583s] -- Found rviz_common: 8.2.7 (/opt/ros/foxy/share/rviz_common/cmake)
[3.634s] -- Setting OGRE_DIR to: '/opt/ros/foxy/share/rviz_ogre_vendor/cmake/../../../opt/rviz_ogre_vendor/lib/OGRE/cmake'
[3.640s] -- Found OGRE
[3.641s] --   static     : OFF
[3.641s] --   components : HLMS;MeshLodGenerator;Overlay;Paging;Property;RTShaderSystem;Terrain;Volume
[3.641s] --   plugins    : Plugin_BSPSceneManager;Plugin_OctreeSceneManager;Plugin_PCZSceneManager;Plugin_ParticleFX;RenderSystem_GL;RenderSystem_GL3Plus;Codec_STBI
[3.641s] --   media      : /opt/ros/foxy/opt/rviz_ogre_vendor/share/OGRE/Media
[3.642s] -- OGRE_LIBRARIES: OgreHLMS;OgreMeshLodGenerator;OgreOverlay;OgrePaging;OgreProperty;OgreRTShaderSystem;OgreTerrain;OgreVolume;OgreMain
[3.642s] -- OGRE_LIBRARY_DIRS: /opt/ros/foxy/opt/rviz_ogre_vendor/lib
[3.642s] -- OGRE_PLUGINS: Plugin_BSPSceneManager;Plugin_OctreeSceneManager;Plugin_PCZSceneManager;Plugin_ParticleFX;RenderSystem_GL;RenderSystem_GL3Plus;Codec_STBI
[3.642s] -- OGRE_PLUGIN_DIR: /opt/ros/foxy/opt/rviz_ogre_vendor/lib/OGRE
[3.643s] -- rviz_ogre_vendor::OgreOverlay for IMPORTED_LOCATION_RELEASE: /opt/ros/foxy/opt/rviz_ogre_vendor/lib/libOgreOverlay.so
[3.643s] -- rviz_ogre_vendor::OgreOverlay for IMPORTED_LOCATION_DEBUG: /opt/ros/foxy/opt/rviz_ogre_vendor/lib/libOgreOverlay.so
[3.643s] -- rviz_ogre_vendor::OgreMain for IMPORTED_LOCATION_RELEASE: /opt/ros/foxy/opt/rviz_ogre_vendor/lib/libOgreMain.so
[3.643s] -- rviz_ogre_vendor::OgreMain for IMPORTED_LOCATION_DEBUG: /opt/ros/foxy/opt/rviz_ogre_vendor/lib/libOgreMain.so
[3.748s] -- rviz_ogre_vendor::RenderSystem_GL for IMPORTED_LOCATION_RELEASE: _render_system_gl_static_library_abs-NOTFOUND
[3.749s] -- rviz_ogre_vendor::RenderSystem_GL for IMPORTED_LOCATION_DEBUG: _render_system_gl_static_library_abs-NOTFOUND
[3.758s] -- library: libassimp.so.5
[3.803s] -- library: /usr/lib/x86_64-linux-gnu/libcurl.so
[4.018s] -- Setting yaml-cpp_DIR to: '/opt/ros/foxy/share/yaml_cpp_vendor/cmake/../../../opt/yaml_cpp_vendor/lib/cmake/yaml-cpp'
[4.036s] -- Found rviz_default_plugins: 8.2.7 (/opt/ros/foxy/share/rviz_default_plugins/cmake)
[5.379s] -- A library with LAPACK API found.
[5.383s] -- Found installed version of Eigen: /usr/lib/cmake/eigen3
[5.388s] -- Found required Ceres dependency: Eigen version 3.3.7 in /usr/include/eigen3
[5.395s] -- Found required Ceres dependency: glog
[5.414s] -- Found installed version of gflags: /usr/lib/x86_64-linux-gnu/cmake/gflags
[5.414s] -- Detected gflags version: 2.2.2
[5.423s] -- Found required Ceres dependency: gflags
[5.426s] -- Found Ceres version: 1.14.0 installed in: /usr with components: [EigenSparse, SparseLinearAlgebraLibrary, LAPACK, SuiteSparse, CXSparse, SchurSpecializations, OpenMP, Multithreading]
[5.521s] -- Found PythonInterp: /usr/bin/python3 (found version "3.8.10") 
[6.207s] -- Found ament_cmake_ros: 0.9.2 (/opt/ros/foxy/share/ament_cmake_ros/cmake)
[7.014s] -- Using all available rosidl_typesupport_c: rosidl_typesupport_fastrtps_c;rosidl_typesupport_introspection_c
[7.363s] -- Using all available rosidl_typesupport_cpp: rosidl_typesupport_fastrtps_cpp;rosidl_typesupport_introspection_cpp
[7.435s] -- Found PythonInterp: /usr/bin/python3 (found suitable version "3.8.10", minimum required is "3.5") 
[7.436s] -- Found python_cmake_module: 0.8.1 (/opt/ros/foxy/share/python_cmake_module/cmake)
[7.500s] -- Using PYTHON_EXECUTABLE: /usr/bin/python3
[7.500s] -- Using PYTHON_INCLUDE_DIRS: /usr/include/python3.8
[7.501s] -- Using PYTHON_LIBRARIES: /usr/lib/x86_64-linux-gnu/libpython3.8.so
[7.859s] -- Configuring done
[8.757s] -- Generating done
[8.774s] -- Build files have been written to: /root/researchv2/build/slam_toolbox
[8.804s] Invoked command in '/root/researchv2/build/slam_toolbox' returned '0': CMAKE_PREFIX_PATH=${CMAKE_PREFIX_PATH}:/root/researchv2/install/chaser_system:/opt/ros/foxy /usr/bin/cmake /root/researchv2/src/slam_toolbox -DCMAKE_INSTALL_PREFIX=/root/researchv2/install/slam_toolbox
[8.809s] Invoking command in '/root/researchv2/build/slam_toolbox': CMAKE_PREFIX_PATH=${CMAKE_PREFIX_PATH}:/root/researchv2/install/chaser_system:/opt/ros/foxy /usr/bin/cmake --build /root/researchv2/build/slam_toolbox -- -j12 -l12
[8.916s] [  1%] Built target slam_toolbox__cpp
[8.926s] [ 10%] Built target slam_toolbox__rosidl_generator_c
[8.946s] [ 12%] Built target kartoSlamToolbox
[8.969s] [ 21%] Built target slam_toolbox__rosidl_typesupport_cpp
[8.972s] [ 30%] Built target slam_toolbox__rosidl_typesupport_introspection_cpp
[8.980s] [ 41%] Built target slam_toolbox__rosidl_typesupport_c
[8.980s] [ 48%] Built target slam_toolbox__rosidl_typesupport_introspection_c
[8.989s] [ 57%] Built target slam_toolbox__rosidl_typesupport_fastrtps_cpp
[9.059s] [ 66%] Built target slam_toolbox__rosidl_typesupport_fastrtps_c
[9.103s] [ 66%] Built target slam_toolbox
[9.148s] [ 67%] Built target slam_toolbox__py
[9.191s] [ 69%] Built target ceres_solver_plugin
[9.217s] [ 77%] Built target slam_toolbox__python
[9.220s] [ 79%] Built target SlamToolboxPlugin
[9.231s] [ 84%] Built target toolbox_common
[9.285s] [ 85%] Built target slam_toolbox__rosidl_typesupport_introspection_c__pyext
[9.286s] [ 86%] Built target slam_toolbox__rosidl_typesupport_c__pyext
[9.288s] [ 87%] Built target slam_toolbox__rosidl_typesupport_fastrtps_c__pyext
[9.338s] [ 88%] Built target merge_maps_kinematic
[9.339s] [ 90%] Built target async_slam_toolbox
[9.339s] [ 92%] Built target sync_slam_toolbox
[9.342s] [ 94%] Built target lifelong_slam_toolbox
[9.354s] [ 95%] Built target localization_slam_toolbox
[9.438s] [ 96%] Built target async_slam_toolbox_node
[9.443s] [ 97%] Built target sync_slam_toolbox_node
[9.444s] [ 98%] Built target lifelong_slam_toolbox_node
[9.457s] [100%] Built target localization_slam_toolbox_node
[9.486s] Invoked command in '/root/researchv2/build/slam_toolbox' returned '0': CMAKE_PREFIX_PATH=${CMAKE_PREFIX_PATH}:/root/researchv2/install/chaser_system:/opt/ros/foxy /usr/bin/cmake --build /root/researchv2/build/slam_toolbox -- -j12 -l12
[9.938s] Invoking command in '/root/researchv2/build/slam_toolbox': CMAKE_PREFIX_PATH=${CMAKE_PREFIX_PATH}:/root/researchv2/install/chaser_system:/opt/ros/foxy /usr/bin/cmake --install /root/researchv2/build/slam_toolbox
[9.953s] -- Install configuration: "Release"
[9.953s] -- Execute custom install script
[9.954s] -- Up-to-date symlink: /root/researchv2/install/slam_toolbox/include//karto_sdk/Karto.h
[9.954s] -- Up-to-date symlink: /root/researchv2/install/slam_toolbox/include//karto_sdk/Macros.h
[9.955s] -- Up-to-date symlink: /root/researchv2/install/slam_toolbox/include//karto_sdk/Mapper.h
[9.955s] -- Up-to-date symlink: /root/researchv2/install/slam_toolbox/include//karto_sdk/Math.h
[9.955s] -- Up-to-date symlink: /root/researchv2/install/slam_toolbox/include//karto_sdk/Types.h
[9.956s] -- Up-to-date symlink: /root/researchv2/install/slam_toolbox/include//karto_sdk/nanoflann.hpp
[9.956s] -- Up-to-date symlink: /root/researchv2/install/slam_toolbox/include//karto_sdk/nanoflann_adaptors.h
[9.957s] -- Up-to-date symlink: /root/researchv2/install/slam_toolbox/lib/libkartoSlamToolbox.so
[9.957s] -- Up-to-date symlink: /root/researchv2/install/slam_toolbox/share/karto_sdk/environment/library_path.sh
[9.958s] -- Up-to-date symlink: /root/researchv2/install/slam_toolbox/share/karto_sdk/environment/library_path.dsv
[9.958s] -- Up-to-date symlink: /root/researchv2/install/slam_toolbox/share/ament_index/resource_index/package_run_dependencies/karto_sdk
[9.959s] -- Up-to-date symlink: /root/researchv2/install/slam_toolbox/share/ament_index/resource_index/parent_prefix_path/karto_sdk
[9.959s] -- Up-to-date symlink: /root/researchv2/install/slam_toolbox/share/karto_sdk/environment/ament_prefix_path.sh
[9.960s] -- Up-to-date symlink: /root/researchv2/install/slam_toolbox/share/karto_sdk/environment/ament_prefix_path.dsv
[9.960s] -- Up-to-date symlink: /root/researchv2/install/slam_toolbox/share/karto_sdk/environment/path.sh
[9.961s] -- Up-to-date symlink: /root/researchv2/install/slam_toolbox/share/karto_sdk/environment/path.dsv
[9.962s] -- Up-to-date symlink: /root/researchv2/install/slam_toolbox/share/karto_sdk/local_setup.bash
[9.962s] -- Up-to-date symlink: /root/researchv2/install/slam_toolbox/share/karto_sdk/local_setup.sh
[9.963s] -- Up-to-date symlink: /root/researchv2/install/slam_toolbox/share/karto_sdk/local_setup.zsh
[9.963s] -- Up-to-date symlink: /root/researchv2/install/slam_toolbox/share/karto_sdk/local_setup.dsv
[9.964s] -- Up-to-date symlink: /root/researchv2/install/slam_toolbox/share/karto_sdk/package.dsv
[9.964s] -- Up-to-date symlink: /root/researchv2/install/slam_toolbox/share/ament_index/resource_index/packages/karto_sdk
[9.965s] -- Up-to-date symlink: /root/researchv2/install/slam_toolbox/share/karto_sdk/cmake/ament_cmake_export_libraries-extras.cmake
[9.965s] -- Up-to-date symlink: /root/researchv2/install/slam_toolbox/share/karto_sdk/cmake/ament_cmake_export_include_directories-extras.cmake
[9.966s] -- Up-to-date symlink: /root/researchv2/install/slam_toolbox/share/karto_sdk/cmake/ament_cmake_export_dependencies-extras.cmake
[9.966s] -- Up-to-date symlink: /root/researchv2/install/slam_toolbox/share/karto_sdk/cmake/karto_sdkConfig.cmake
[9.967s] -- Up-to-date symlink: /root/researchv2/install/slam_toolbox/share/karto_sdk/cmake/karto_sdkConfig-version.cmake
[9.967s] -- Up-to-date symlink: /root/researchv2/install/slam_toolbox/share/karto_sdk/package.xml
[9.968s] -- Up-to-date symlink: /root/researchv2/install/slam_toolbox/share/ament_index/resource_index/rosidl_interfaces/slam_toolbox
[9.971s] -- Up-to-date symlink: /root/researchv2/install/slam_toolbox/include/slam_toolbox/msg/rosidl_generator_c__visibility_control.h
[9.971s] -- Up-to-date symlink: /root/researchv2/install/slam_toolbox/include/slam_toolbox/srv/add_submap.h
[9.971s] -- Up-to-date symlink: /root/researchv2/install/slam_toolbox/include/slam_toolbox/srv/clear.h
[9.971s] -- Up-to-date symlink: /root/researchv2/install/slam_toolbox/include/slam_toolbox/srv/clear_queue.h
[9.972s] -- Up-to-date symlink: /root/researchv2/install/slam_toolbox/include/slam_toolbox/srv/deserialize_pose_graph.h
[9.972s] -- Up-to-date symlink: /root/researchv2/install/slam_toolbox/include/slam_toolbox/srv/detail/add_submap__functions.h
[9.973s] -- Up-to-date symlink: /root/researchv2/install/slam_toolbox/include/slam_toolbox/srv/detail/add_submap__struct.h
[9.973s] -- Up-to-date symlink: /root/researchv2/install/slam_toolbox/include/slam_toolbox/srv/detail/add_submap__type_support.h
[9.973s] -- Up-to-date symlink: /root/researchv2/install/slam_toolbox/include/slam_toolbox/srv/detail/clear__functions.h
[9.973s] -- Up-to-date symlink: /root/researchv2/install/slam_toolbox/include/slam_toolbox/srv/detail/clear__struct.h
[9.974s] -- Up-to-date symlink: /root/researchv2/install/slam_toolbox/include/slam_toolbox/srv/detail/clear__type_support.h
[9.974s] -- Up-to-date symlink: /root/researchv2/install/slam_toolbox/include/slam_toolbox/srv/detail/clear_queue__functions.h
[9.975s] -- Up-to-date symlink: /root/researchv2/install/slam_toolbox/include/slam_toolbox/srv/detail/clear_queue__struct.h
[9.975s] -- Up-to-date symlink: /root/researchv2/install/slam_toolbox/include/slam_toolbox/srv/detail/clear_queue__type_support.h
[9.975s] -- Up-to-date symlink: /root/researchv2/install/slam_toolbox/include/slam_toolbox/srv/detail/deserialize_pose_graph__functions.h
[9.976s] -- Up-to-date symlink: /root/researchv2/install/slam_toolbox/include/slam_toolbox/srv/detail/deserialize_pose_graph__struct.h
[9.976s] -- Up-to-date symlink: /root/researchv2/install/slam_toolbox/include/slam_toolbox/srv/detail/deserialize_pose_graph__type_support.h
[9.976s] -- Up-to-date symlink: /root/researchv2/install/slam_toolbox/include/slam_toolbox/srv/detail/loop_closure__functions.h
[9.977s] -- Up-to-date symlink: /root/researchv2/install/slam_toolbox/include/slam_toolbox/srv/detail/loop_closure__struct.h
[9.977s] -- Up-to-date symlink: /root/researchv2/install/slam_toolbox/include/slam_toolbox/srv/detail/loop_closure__type_support.h
[9.977s] -- Up-to-date symlink: /root/researchv2/install/slam_toolbox/include/slam_toolbox/srv/detail/merge_maps__functions.h
[9.978s] -- Up-to-date symlink: /root/researchv2/install/slam_toolbox/include/slam_toolbox/srv/detail/merge_maps__struct.h
[9.978s] -- Up-to-date symlink: /root/researchv2/install/slam_toolbox/include/slam_toolbox/srv/detail/merge_maps__type_support.h
[9.979s] -- Up-to-date symlink: /root/researchv2/install/slam_toolbox/include/slam_toolbox/srv/detail/pause__functions.h
[9.979s] -- Up-to-date symlink: /root/researchv2/install/slam_toolbox/include/slam_toolbox/srv/detail/pause__struct.h
[9.979s] -- Up-to-date symlink: /root/researchv2/install/slam_toolbox/include/slam_toolbox/srv/detail/pause__type_support.h
[9.980s] -- Up-to-date symlink: /root/researchv2/install/slam_toolbox/include/slam_toolbox/srv/detail/save_map__functions.h
[9.980s] -- Up-to-date symlink: /root/researchv2/install/slam_toolbox/include/slam_toolbox/srv/detail/save_map__struct.h
[9.980s] -- Up-to-date symlink: /root/researchv2/install/slam_toolbox/include/slam_toolbox/srv/detail/save_map__type_support.h
[9.981s] -- Up-to-date symlink: /root/researchv2/install/slam_toolbox/include/slam_toolbox/srv/detail/serialize_pose_graph__functions.h
[9.982s] -- Up-to-date symlink: /root/researchv2/install/slam_toolbox/include/slam_toolbox/srv/detail/serialize_pose_graph__struct.h
[9.982s] -- Up-to-date symlink: /root/researchv2/install/slam_toolbox/include/slam_toolbox/srv/detail/serialize_pose_graph__type_support.h
[9.982s] -- Up-to-date symlink: /root/researchv2/install/slam_toolbox/include/slam_toolbox/srv/detail/toggle_interactive__functions.h
[9.982s] -- Up-to-date symlink: /root/researchv2/install/slam_toolbox/include/slam_toolbox/srv/detail/toggle_interactive__struct.h
[9.983s] -- Up-to-date symlink: /root/researchv2/install/slam_toolbox/include/slam_toolbox/srv/detail/toggle_interactive__type_support.h
[9.983s] -- Up-to-date symlink: /root/researchv2/install/slam_toolbox/include/slam_toolbox/srv/loop_closure.h
[9.983s] -- Up-to-date symlink: /root/researchv2/install/slam_toolbox/include/slam_toolbox/srv/merge_maps.h
[9.983s] -- Up-to-date symlink: /root/researchv2/install/slam_toolbox/include/slam_toolbox/srv/pause.h
[9.984s] -- Up-to-date symlink: /root/researchv2/install/slam_toolbox/include/slam_toolbox/srv/save_map.h
[9.984s] -- Up-to-date symlink: /root/researchv2/install/slam_toolbox/include/slam_toolbox/srv/serialize_pose_graph.h
[9.985s] -- Up-to-date symlink: /root/researchv2/install/slam_toolbox/include/slam_toolbox/srv/toggle_interactive.h
[9.985s] -- Up-to-date symlink: /root/researchv2/install/slam_toolbox/share/slam_toolbox/environment/library_path.sh
[9.986s] -- Up-to-date symlink: /root/researchv2/install/slam_toolbox/share/slam_toolbox/environment/library_path.dsv
[9.987s] -- Up-to-date symlink: /root/researchv2/install/slam_toolbox/include/slam_toolbox/msg/rosidl_typesupport_fastrtps_c__visibility_control.h
[9.988s] -- Up-to-date symlink: /root/researchv2/install/slam_toolbox/include/slam_toolbox/srv/detail/add_submap__rosidl_typesupport_fastrtps_c.h
[9.988s] -- Up-to-date symlink: /root/researchv2/install/slam_toolbox/include/slam_toolbox/srv/detail/clear__rosidl_typesupport_fastrtps_c.h
[9.989s] -- Up-to-date symlink: /root/researchv2/install/slam_toolbox/include/slam_toolbox/srv/detail/clear_queue__rosidl_typesupport_fastrtps_c.h
[9.989s] -- Up-to-date symlink: /root/researchv2/install/slam_toolbox/include/slam_toolbox/srv/detail/deserialize_pose_graph__rosidl_typesupport_fastrtps_c.h
[9.989s] -- Up-to-date symlink: /root/researchv2/install/slam_toolbox/include/slam_toolbox/srv/detail/loop_closure__rosidl_typesupport_fastrtps_c.h
[9.990s] -- Up-to-date symlink: /root/researchv2/install/slam_toolbox/include/slam_toolbox/srv/detail/merge_maps__rosidl_typesupport_fastrtps_c.h
[9.990s] -- Up-to-date symlink: /root/researchv2/install/slam_toolbox/include/slam_toolbox/srv/detail/pause__rosidl_typesupport_fastrtps_c.h
[9.990s] -- Up-to-date symlink: /root/researchv2/install/slam_toolbox/include/slam_toolbox/srv/detail/save_map__rosidl_typesupport_fastrtps_c.h
[9.991s] -- Up-to-date symlink: /root/researchv2/install/slam_toolbox/include/slam_toolbox/srv/detail/serialize_pose_graph__rosidl_typesupport_fastrtps_c.h
[9.991s] -- Up-to-date symlink: /root/researchv2/install/slam_toolbox/include/slam_toolbox/srv/detail/toggle_interactive__rosidl_typesupport_fastrtps_c.h
[9.994s] -- Up-to-date symlink: /root/researchv2/install/slam_toolbox/lib/libslam_toolbox__rosidl_typesupport_fastrtps_c.so
[9.996s] -- Up-to-date symlink: /root/researchv2/install/slam_toolbox/include/slam_toolbox/msg/rosidl_typesupport_fastrtps_cpp__visibility_control.h
[9.996s] -- Up-to-date symlink: /root/researchv2/install/slam_toolbox/include/slam_toolbox/srv/detail/add_submap__rosidl_typesupport_fastrtps_cpp.hpp
[9.997s] -- Up-to-date symlink: /root/researchv2/install/slam_toolbox/include/slam_toolbox/srv/detail/clear__rosidl_typesupport_fastrtps_cpp.hpp
[9.997s] -- Up-to-date symlink: /root/researchv2/install/slam_toolbox/include/slam_toolbox/srv/detail/clear_queue__rosidl_typesupport_fastrtps_cpp.hpp
[9.997s] -- Up-to-date symlink: /root/researchv2/install/slam_toolbox/include/slam_toolbox/srv/detail/deserialize_pose_graph__rosidl_typesupport_fastrtps_cpp.hpp
[9.998s] -- Up-to-date symlink: /root/researchv2/install/slam_toolbox/include/slam_toolbox/srv/detail/loop_closure__rosidl_typesupport_fastrtps_cpp.hpp
[9.998s] -- Up-to-date symlink: /root/researchv2/install/slam_toolbox/include/slam_toolbox/srv/detail/merge_maps__rosidl_typesupport_fastrtps_cpp.hpp
[9.998s] -- Up-to-date symlink: /root/researchv2/install/slam_toolbox/include/slam_toolbox/srv/detail/pause__rosidl_typesupport_fastrtps_cpp.hpp
[9.999s] -- Up-to-date symlink: /root/researchv2/install/slam_toolbox/include/slam_toolbox/srv/detail/save_map__rosidl_typesupport_fastrtps_cpp.hpp
[9.999s] -- Up-to-date symlink: /root/researchv2/install/slam_toolbox/include/slam_toolbox/srv/detail/serialize_pose_graph__rosidl_typesupport_fastrtps_cpp.hpp
[10.000s] -- Up-to-date symlink: /root/researchv2/install/slam_toolbox/include/slam_toolbox/srv/detail/toggle_interactive__rosidl_typesupport_fastrtps_cpp.hpp
[10.000s] -- Up-to-date symlink: /root/researchv2/install/slam_toolbox/lib/libslam_toolbox__rosidl_typesupport_fastrtps_cpp.so
[10.001s] -- Up-to-date symlink: /root/researchv2/install/slam_toolbox/include/slam_toolbox/msg/rosidl_typesupport_introspection_c__visibility_control.h
[10.002s] -- Up-to-date symlink: /root/researchv2/install/slam_toolbox/include/slam_toolbox/srv/detail/add_submap__rosidl_typesupport_introspection_c.h
[10.002s] -- Up-to-date symlink: /root/researchv2/install/slam_toolbox/include/slam_toolbox/srv/detail/clear__rosidl_typesupport_introspection_c.h
[10.003s] -- Up-to-date symlink: /root/researchv2/install/slam_toolbox/include/slam_toolbox/srv/detail/clear_queue__rosidl_typesupport_introspection_c.h
[10.003s] -- Up-to-date symlink: /root/researchv2/install/slam_toolbox/include/slam_toolbox/srv/detail/deserialize_pose_graph__rosidl_typesupport_introspection_c.h
[10.003s] -- Up-to-date symlink: /root/researchv2/install/slam_toolbox/include/slam_toolbox/srv/detail/loop_closure__rosidl_typesupport_introspection_c.h
[10.004s] -- Up-to-date symlink: /root/researchv2/install/slam_toolbox/include/slam_toolbox/srv/detail/merge_maps__rosidl_typesupport_introspection_c.h
[10.004s] -- Up-to-date symlink: /root/researchv2/install/slam_toolbox/include/slam_toolbox/srv/detail/pause__rosidl_typesupport_introspection_c.h
[10.004s] -- Up-to-date symlink: /root/researchv2/install/slam_toolbox/include/slam_toolbox/srv/detail/save_map__rosidl_typesupport_introspection_c.h
[10.005s] -- Up-to-date symlink: /root/researchv2/install/slam_toolbox/include/slam_toolbox/srv/detail/serialize_pose_graph__rosidl_typesupport_introspection_c.h
[10.005s] -- Up-to-date symlink: /root/researchv2/install/slam_toolbox/include/slam_toolbox/srv/detail/toggle_interactive__rosidl_typesupport_introspection_c.h
[10.007s] -- Up-to-date symlink: /root/researchv2/install/slam_toolbox/include/slam_toolbox/srv/add_submap.hpp
[10.007s] -- Up-to-date symlink: /root/researchv2/install/slam_toolbox/include/slam_toolbox/srv/clear.hpp
[10.007s] -- Up-to-date symlink: /root/researchv2/install/slam_toolbox/include/slam_toolbox/srv/clear_queue.hpp
[10.008s] -- Up-to-date symlink: /root/researchv2/install/slam_toolbox/include/slam_toolbox/srv/deserialize_pose_graph.hpp
[10.008s] -- Up-to-date symlink: /root/researchv2/install/slam_toolbox/include/slam_toolbox/srv/detail/add_submap__builder.hpp
[10.008s] -- Up-to-date symlink: /root/researchv2/install/slam_toolbox/include/slam_toolbox/srv/detail/add_submap__struct.hpp
[10.009s] -- Up-to-date symlink: /root/researchv2/install/slam_toolbox/include/slam_toolbox/srv/detail/add_submap__traits.hpp
[10.009s] -- Up-to-date symlink: /root/researchv2/install/slam_toolbox/include/slam_toolbox/srv/detail/clear__builder.hpp
[10.009s] -- Up-to-date symlink: /root/researchv2/install/slam_toolbox/include/slam_toolbox/srv/detail/clear__struct.hpp
[10.010s] -- Up-to-date symlink: /root/researchv2/install/slam_toolbox/include/slam_toolbox/srv/detail/clear__traits.hpp
[10.010s] -- Up-to-date symlink: /root/researchv2/install/slam_toolbox/include/slam_toolbox/srv/detail/clear_queue__builder.hpp
[10.010s] -- Up-to-date symlink: /root/researchv2/install/slam_toolbox/include/slam_toolbox/srv/detail/clear_queue__struct.hpp
[10.011s] -- Up-to-date symlink: /root/researchv2/install/slam_toolbox/include/slam_toolbox/srv/detail/clear_queue__traits.hpp
[10.011s] -- Up-to-date symlink: /root/researchv2/install/slam_toolbox/include/slam_toolbox/srv/detail/deserialize_pose_graph__builder.hpp
[10.011s] -- Up-to-date symlink: /root/researchv2/install/slam_toolbox/include/slam_toolbox/srv/detail/deserialize_pose_graph__struct.hpp
[10.012s] -- Up-to-date symlink: /root/researchv2/install/slam_toolbox/include/slam_toolbox/srv/detail/deserialize_pose_graph__traits.hpp
[10.012s] -- Up-to-date symlink: /root/researchv2/install/slam_toolbox/include/slam_toolbox/srv/detail/loop_closure__builder.hpp
[10.013s] -- Up-to-date symlink: /root/researchv2/install/slam_toolbox/include/slam_toolbox/srv/detail/loop_closure__struct.hpp
[10.013s] -- Up-to-date symlink: /root/researchv2/install/slam_toolbox/include/slam_toolbox/srv/detail/loop_closure__traits.hpp
[10.013s] -- Up-to-date symlink: /root/researchv2/install/slam_toolbox/include/slam_toolbox/srv/detail/merge_maps__builder.hpp
[10.014s] -- Up-to-date symlink: /root/researchv2/install/slam_toolbox/include/slam_toolbox/srv/detail/merge_maps__struct.hpp
[10.014s] -- Up-to-date symlink: /root/researchv2/install/slam_toolbox/include/slam_toolbox/srv/detail/merge_maps__traits.hpp
[10.014s] -- Up-to-date symlink: /root/researchv2/install/slam_toolbox/include/slam_toolbox/srv/detail/pause__builder.hpp
[10.015s] -- Up-to-date symlink: /root/researchv2/install/slam_toolbox/include/slam_toolbox/srv/detail/pause__struct.hpp
[10.015s] -- Up-to-date symlink: /root/researchv2/install/slam_toolbox/include/slam_toolbox/srv/detail/pause__traits.hpp
[10.016s] -- Up-to-date symlink: /root/researchv2/install/slam_toolbox/include/slam_toolbox/srv/detail/save_map__builder.hpp
[10.016s] -- Up-to-date symlink: /root/researchv2/install/slam_toolbox/include/slam_toolbox/srv/detail/save_map__struct.hpp
[10.016s] -- Up-to-date symlink: /root/researchv2/install/slam_toolbox/include/slam_toolbox/srv/detail/save_map__traits.hpp
[10.017s] -- Up-to-date symlink: /root/researchv2/install/slam_toolbox/include/slam_toolbox/srv/detail/serialize_pose_graph__builder.hpp
[10.017s] -- Up-to-date symlink: /root/researchv2/install/slam_toolbox/include/slam_toolbox/srv/detail/serialize_pose_graph__struct.hpp
[10.017s] -- Up-to-date symlink: /root/researchv2/install/slam_toolbox/include/slam_toolbox/srv/detail/serialize_pose_graph__traits.hpp
[10.018s] -- Up-to-date symlink: /root/researchv2/install/slam_toolbox/include/slam_toolbox/srv/detail/toggle_interactive__builder.hpp
[10.018s] -- Up-to-date symlink: /root/researchv2/install/slam_toolbox/include/slam_toolbox/srv/detail/toggle_interactive__struct.hpp
[10.018s] -- Up-to-date symlink: /root/researchv2/install/slam_toolbox/include/slam_toolbox/srv/detail/toggle_interactive__traits.hpp
[10.019s] -- Up-to-date symlink: /root/researchv2/install/slam_toolbox/include/slam_toolbox/srv/loop_closure.hpp
[10.019s] -- Up-to-date symlink: /root/researchv2/install/slam_toolbox/include/slam_toolbox/srv/merge_maps.hpp
[10.019s] -- Up-to-date symlink: /root/researchv2/install/slam_toolbox/include/slam_toolbox/srv/pause.hpp
[10.020s] -- Up-to-date symlink: /root/researchv2/install/slam_toolbox/include/slam_toolbox/srv/save_map.hpp
[10.020s] -- Up-to-date symlink: /root/researchv2/install/slam_toolbox/include/slam_toolbox/srv/serialize_pose_graph.hpp
[10.020s] -- Up-to-date symlink: /root/researchv2/install/slam_toolbox/include/slam_toolbox/srv/toggle_interactive.hpp
[10.022s] -- Up-to-date symlink: /root/researchv2/install/slam_toolbox/include/slam_toolbox/srv/detail/add_submap__rosidl_typesupport_introspection_cpp.hpp
[10.022s] -- Up-to-date symlink: /root/researchv2/install/slam_toolbox/include/slam_toolbox/srv/detail/clear__rosidl_typesupport_introspection_cpp.hpp
[10.022s] -- Up-to-date symlink: /root/researchv2/install/slam_toolbox/include/slam_toolbox/srv/detail/clear_queue__rosidl_typesupport_introspection_cpp.hpp
[10.023s] -- Up-to-date symlink: /root/researchv2/install/slam_toolbox/include/slam_toolbox/srv/detail/deserialize_pose_graph__rosidl_typesupport_introspection_cpp.hpp
[10.023s] -- Up-to-date symlink: /root/researchv2/install/slam_toolbox/include/slam_toolbox/srv/detail/loop_closure__rosidl_typesupport_introspection_cpp.hpp
[10.023s] -- Up-to-date symlink: /root/researchv2/install/slam_toolbox/include/slam_toolbox/srv/detail/merge_maps__rosidl_typesupport_introspection_cpp.hpp
[10.024s] -- Up-to-date symlink: /root/researchv2/install/slam_toolbox/include/slam_toolbox/srv/detail/pause__rosidl_typesupport_introspection_cpp.hpp
[10.024s] -- Up-to-date symlink: /root/researchv2/install/slam_toolbox/include/slam_toolbox/srv/detail/save_map__rosidl_typesupport_introspection_cpp.hpp
[10.025s] -- Up-to-date symlink: /root/researchv2/install/slam_toolbox/include/slam_toolbox/srv/detail/serialize_pose_graph__rosidl_typesupport_introspection_cpp.hpp
[10.025s] -- Up-to-date symlink: /root/researchv2/install/slam_toolbox/include/slam_toolbox/srv/detail/toggle_interactive__rosidl_typesupport_introspection_cpp.hpp
[10.025s] -- Up-to-date symlink: /root/researchv2/install/slam_toolbox/share/slam_toolbox/environment/pythonpath.sh
[10.026s] -- Up-to-date symlink: /root/researchv2/install/slam_toolbox/share/slam_toolbox/environment/pythonpath.dsv
[10.026s] -- Up-to-date symlink: /root/researchv2/install/slam_toolbox/lib/python3.8/site-packages/slam_toolbox/__init__.py
[10.028s] -- Up-to-date symlink: /root/researchv2/install/slam_toolbox/lib/python3.8/site-packages/slam_toolbox/srv/__init__.py
[10.028s] -- Up-to-date symlink: /root/researchv2/install/slam_toolbox/lib/python3.8/site-packages/slam_toolbox/srv/_add_submap.py
[10.028s] -- Up-to-date symlink: /root/researchv2/install/slam_toolbox/lib/python3.8/site-packages/slam_toolbox/srv/_clear.py
[10.029s] -- Up-to-date symlink: /root/researchv2/install/slam_toolbox/lib/python3.8/site-packages/slam_toolbox/srv/_clear_queue.py
[10.029s] -- Up-to-date symlink: /root/researchv2/install/slam_toolbox/lib/python3.8/site-packages/slam_toolbox/srv/_deserialize_pose_graph.py
[10.030s] -- Up-to-date symlink: /root/researchv2/install/slam_toolbox/lib/python3.8/site-packages/slam_toolbox/srv/_loop_closure.py
[10.030s] -- Up-to-date symlink: /root/researchv2/install/slam_toolbox/lib/python3.8/site-packages/slam_toolbox/srv/_merge_maps.py
[10.031s] -- Up-to-date symlink: /root/researchv2/install/slam_toolbox/lib/python3.8/site-packages/slam_toolbox/srv/_pause.py
[10.031s] -- Up-to-date symlink: /root/researchv2/install/slam_toolbox/lib/python3.8/site-packages/slam_toolbox/srv/_save_map.py
[10.032s] -- Up-to-date symlink: /root/researchv2/install/slam_toolbox/lib/python3.8/site-packages/slam_toolbox/srv/_serialize_pose_graph.py
[10.032s] -- Up-to-date symlink: /root/researchv2/install/slam_toolbox/lib/python3.8/site-packages/slam_toolbox/srv/_toggle_interactive.py
[10.033s] -- Up-to-date symlink: /root/researchv2/install/slam_toolbox/lib/python3.8/site-packages/slam_toolbox/slam_toolbox_s__rosidl_typesupport_fastrtps_c.cpython-38-x86_64-linux-gnu.so
[10.033s] -- Up-to-date symlink: /root/researchv2/install/slam_toolbox/lib/python3.8/site-packages/slam_toolbox/slam_toolbox_s__rosidl_typesupport_introspection_c.cpython-38-x86_64-linux-gnu.so
[10.034s] -- Up-to-date symlink: /root/researchv2/install/slam_toolbox/lib/python3.8/site-packages/slam_toolbox/slam_toolbox_s__rosidl_typesupport_c.cpython-38-x86_64-linux-gnu.so
[10.035s] -- Up-to-date symlink: /root/researchv2/install/slam_toolbox/lib/libslam_toolbox__python.so
[10.035s] -- Up-to-date symlink: /root/researchv2/install/slam_toolbox/share/slam_toolbox/srv/Pause.idl
[10.036s] -- Up-to-date symlink: /root/researchv2/install/slam_toolbox/share/slam_toolbox/srv/ClearQueue.idl
[10.036s] -- Up-to-date symlink: /root/researchv2/install/slam_toolbox/share/slam_toolbox/srv/ToggleInteractive.idl
[10.037s] -- Up-to-date symlink: /root/researchv2/install/slam_toolbox/share/slam_toolbox/srv/Clear.idl
[10.037s] -- Up-to-date symlink: /root/researchv2/install/slam_toolbox/share/slam_toolbox/srv/SaveMap.idl
[10.038s] -- Up-to-date symlink: /root/researchv2/install/slam_toolbox/share/slam_toolbox/srv/LoopClosure.idl
[10.038s] -- Up-to-date symlink: /root/researchv2/install/slam_toolbox/share/slam_toolbox/srv/MergeMaps.idl
[10.039s] -- Up-to-date symlink: /root/researchv2/install/slam_toolbox/share/slam_toolbox/srv/AddSubmap.idl
[10.039s] -- Up-to-date symlink: /root/researchv2/install/slam_toolbox/share/slam_toolbox/srv/DeserializePoseGraph.idl
[10.040s] -- Up-to-date symlink: /root/researchv2/install/slam_toolbox/share/slam_toolbox/srv/SerializePoseGraph.idl
[10.040s] -- Up-to-date symlink: /root/researchv2/install/slam_toolbox/share/slam_toolbox/srvs/Pause.srv
[10.041s] -- Up-to-date symlink: /root/researchv2/install/slam_toolbox/share/slam_toolbox/srvs/Pause_Request.msg
[10.042s] -- Up-to-date symlink: /root/researchv2/install/slam_toolbox/share/slam_toolbox/srvs/Pause_Response.msg
[10.042s] -- Up-to-date symlink: /root/researchv2/install/slam_toolbox/share/slam_toolbox/srvs/ClearQueue.srv
[10.043s] -- Up-to-date symlink: /root/researchv2/install/slam_toolbox/share/slam_toolbox/srvs/ClearQueue_Request.msg
[10.043s] -- Up-to-date symlink: /root/researchv2/install/slam_toolbox/share/slam_toolbox/srvs/ClearQueue_Response.msg
[10.044s] -- Up-to-date symlink: /root/researchv2/install/slam_toolbox/share/slam_toolbox/srvs/ToggleInteractive.srv
[10.044s] -- Up-to-date symlink: /root/researchv2/install/slam_toolbox/share/slam_toolbox/srvs/ToggleInteractive_Request.msg
[10.045s] -- Up-to-date symlink: /root/researchv2/install/slam_toolbox/share/slam_toolbox/srvs/ToggleInteractive_Response.msg
[10.045s] -- Up-to-date symlink: /root/researchv2/install/slam_toolbox/share/slam_toolbox/srvs/Clear.srv
[10.046s] -- Up-to-date symlink: /root/researchv2/install/slam_toolbox/share/slam_toolbox/srvs/Clear_Request.msg
[10.046s] -- Up-to-date symlink: /root/researchv2/install/slam_toolbox/share/slam_toolbox/srvs/Clear_Response.msg
[10.047s] -- Up-to-date symlink: /root/researchv2/install/slam_toolbox/share/slam_toolbox/srvs/SaveMap.srv
[10.047s] -- Up-to-date symlink: /root/researchv2/install/slam_toolbox/share/slam_toolbox/srvs/SaveMap_Request.msg
[10.048s] -- Up-to-date symlink: /root/researchv2/install/slam_toolbox/share/slam_toolbox/srvs/SaveMap_Response.msg
[10.048s] -- Up-to-date symlink: /root/researchv2/install/slam_toolbox/share/slam_toolbox/srvs/LoopClosure.srv
[10.049s] -- Up-to-date symlink: /root/researchv2/install/slam_toolbox/share/slam_toolbox/srvs/LoopClosure_Request.msg
[10.049s] -- Up-to-date symlink: /root/researchv2/install/slam_toolbox/share/slam_toolbox/srvs/LoopClosure_Response.msg
[10.050s] -- Up-to-date symlink: /root/researchv2/install/slam_toolbox/share/slam_toolbox/srvs/MergeMaps.srv
[10.050s] -- Up-to-date symlink: /root/researchv2/install/slam_toolbox/share/slam_toolbox/srvs/MergeMaps_Request.msg
[10.051s] -- Up-to-date symlink: /root/researchv2/install/slam_toolbox/share/slam_toolbox/srvs/MergeMaps_Response.msg
[10.051s] -- Up-to-date symlink: /root/researchv2/install/slam_toolbox/share/slam_toolbox/srvs/AddSubmap.srv
[10.052s] -- Up-to-date symlink: /root/researchv2/install/slam_toolbox/share/slam_toolbox/srvs/AddSubmap_Request.msg
[10.052s] -- Up-to-date symlink: /root/researchv2/install/slam_toolbox/share/slam_toolbox/srvs/AddSubmap_Response.msg
[10.053s] -- Up-to-date symlink: /root/researchv2/install/slam_toolbox/share/slam_toolbox/srvs/DeserializePoseGraph.srv
[10.053s] -- Up-to-date symlink: /root/researchv2/install/slam_toolbox/share/slam_toolbox/srvs/DeserializePoseGraph_Request.msg
[10.054s] -- Up-to-date symlink: /root/researchv2/install/slam_toolbox/share/slam_toolbox/srvs/DeserializePoseGraph_Response.msg
[10.054s] -- Up-to-date symlink: /root/researchv2/install/slam_toolbox/share/slam_toolbox/srvs/SerializePoseGraph.srv
[10.055s] -- Up-to-date symlink: /root/researchv2/install/slam_toolbox/share/slam_toolbox/srvs/SerializePoseGraph_Request.msg
[10.055s] -- Up-to-date symlink: /root/researchv2/install/slam_toolbox/share/slam_toolbox/srvs/SerializePoseGraph_Response.msg
[10.056s] -- Up-to-date symlink: /root/researchv2/install/slam_toolbox/share/slam_toolbox//rviz_plugins.xml
[10.056s] -- Up-to-date symlink: /root/researchv2/install/slam_toolbox/share/slam_toolbox//solver_plugins.xml
[10.057s] -- Up-to-date symlink: /root/researchv2/install/slam_toolbox/lib/slam_toolbox/async_slam_toolbox_node
[10.058s] -- Up-to-date symlink: /root/researchv2/install/slam_toolbox/lib/slam_toolbox/sync_slam_toolbox_node
[10.058s] -- Up-to-date symlink: /root/researchv2/install/slam_toolbox/lib/slam_toolbox/localization_slam_toolbox_node
[10.059s] -- Up-to-date symlink: /root/researchv2/install/slam_toolbox/lib/slam_toolbox/lifelong_slam_toolbox_node
[10.059s] -- Up-to-date symlink: /root/researchv2/install/slam_toolbox/lib/slam_toolbox/merge_maps_kinematic
[10.060s] -- Up-to-date symlink: /root/researchv2/install/slam_toolbox/lib/libtoolbox_common.so
[10.060s] -- Up-to-date symlink: /root/researchv2/install/slam_toolbox/lib/libSlamToolboxPlugin.so
[10.061s] -- Up-to-date symlink: /root/researchv2/install/slam_toolbox/lib/libceres_solver_plugin.so
[10.061s] -- Up-to-date symlink: /root/researchv2/install/slam_toolbox/lib/libasync_slam_toolbox.so
[10.062s] -- Up-to-date symlink: /root/researchv2/install/slam_toolbox/lib/libsync_slam_toolbox.so
[10.062s] -- Up-to-date symlink: /root/researchv2/install/slam_toolbox/lib/liblocalization_slam_toolbox.so
[10.063s] -- Up-to-date symlink: /root/researchv2/install/slam_toolbox/lib/liblifelong_slam_toolbox.so
[10.064s] -- Up-to-date symlink: /root/researchv2/install/slam_toolbox/include/slam_toolbox/experimental/slam_toolbox_lifelong.hpp
[10.065s] -- Up-to-date symlink: /root/researchv2/install/slam_toolbox/include/slam_toolbox/get_pose_helper.hpp
[10.065s] -- Up-to-date symlink: /root/researchv2/install/slam_toolbox/include/slam_toolbox/laser_utils.hpp
[10.065s] -- Up-to-date symlink: /root/researchv2/install/slam_toolbox/include/slam_toolbox/loop_closure_assistant.hpp
[10.066s] -- Up-to-date symlink: /root/researchv2/install/slam_toolbox/include/slam_toolbox/map_saver.hpp
[10.066s] -- Up-to-date symlink: /root/researchv2/install/slam_toolbox/include/slam_toolbox/merge_maps_kinematic.hpp
[10.066s] -- Up-to-date symlink: /root/researchv2/install/slam_toolbox/include/slam_toolbox/serialization.hpp
[10.067s] -- Up-to-date symlink: /root/researchv2/install/slam_toolbox/include/slam_toolbox/slam_mapper.hpp
[10.067s] -- Up-to-date symlink: /root/researchv2/install/slam_toolbox/include/slam_toolbox/slam_toolbox_async.hpp
[10.067s] -- Up-to-date symlink: /root/researchv2/install/slam_toolbox/include/slam_toolbox/slam_toolbox_common.hpp
[10.068s] -- Up-to-date symlink: /root/researchv2/install/slam_toolbox/include/slam_toolbox/slam_toolbox_localization.hpp
[10.068s] -- Up-to-date symlink: /root/researchv2/install/slam_toolbox/include/slam_toolbox/slam_toolbox_sync.hpp
[10.068s] -- Up-to-date symlink: /root/researchv2/install/slam_toolbox/include/slam_toolbox/snap_utils.hpp
[10.069s] -- Up-to-date symlink: /root/researchv2/install/slam_toolbox/include/slam_toolbox/toolbox_msgs.hpp
[10.069s] -- Up-to-date symlink: /root/researchv2/install/slam_toolbox/include/slam_toolbox/toolbox_types.hpp
[10.069s] -- Up-to-date symlink: /root/researchv2/install/slam_toolbox/include/slam_toolbox/visualization_utils.hpp
[10.070s] -- Up-to-date symlink: /root/researchv2/install/slam_toolbox/share/slam_toolbox/launch/lifelong_launch.py
[10.071s] -- Up-to-date symlink: /root/researchv2/install/slam_toolbox/share/slam_toolbox/launch/localization_launch.py
[10.071s] -- Up-to-date symlink: /root/researchv2/install/slam_toolbox/share/slam_toolbox/launch/merge_maps_kinematic_launch.py
[10.071s] -- Up-to-date symlink: /root/researchv2/install/slam_toolbox/share/slam_toolbox/launch/offline_launch.py
[10.072s] -- Up-to-date symlink: /root/researchv2/install/slam_toolbox/share/slam_toolbox/launch/online_async_launch.py
[10.072s] -- Up-to-date symlink: /root/researchv2/install/slam_toolbox/share/slam_toolbox/launch/online_sync_launch.py
[10.073s] -- Up-to-date symlink: /root/researchv2/install/slam_toolbox/share/slam_toolbox/config/mapper_params_lifelong.yaml
[10.073s] -- Up-to-date symlink: /root/researchv2/install/slam_toolbox/share/slam_toolbox/config/mapper_params_localization.yaml
[10.073s] -- Up-to-date symlink: /root/researchv2/install/slam_toolbox/share/slam_toolbox/config/mapper_params_offline.yaml
[10.074s] -- Up-to-date symlink: /root/researchv2/install/slam_toolbox/share/slam_toolbox/config/mapper_params_online_async.yaml
[10.074s] -- Up-to-date symlink: /root/researchv2/install/slam_toolbox/share/slam_toolbox/config/mapper_params_online_sync.yaml
[10.075s] -- Up-to-date symlink: /root/researchv2/install/slam_toolbox/share/solver_plugins.xml
[10.075s] -- Up-to-date symlink: /root/researchv2/install/slam_toolbox/share/rviz_plugins.xml
[10.076s] -- Up-to-date symlink: /root/researchv2/install/slam_toolbox/share/ament_index/resource_index/package_run_dependencies/slam_toolbox
[10.076s] -- Up-to-date symlink: /root/researchv2/install/slam_toolbox/share/ament_index/resource_index/parent_prefix_path/slam_toolbox
[10.077s] -- Up-to-date symlink: /root/researchv2/install/slam_toolbox/share/slam_toolbox/environment/ament_prefix_path.sh
[10.077s] -- Up-to-date symlink: /root/researchv2/install/slam_toolbox/share/slam_toolbox/environment/ament_prefix_path.dsv
[10.078s] -- Up-to-date symlink: /root/researchv2/install/slam_toolbox/share/slam_toolbox/environment/path.sh
[10.078s] -- Up-to-date symlink: /root/researchv2/install/slam_toolbox/share/slam_toolbox/environment/path.dsv
[10.079s] -- Up-to-date symlink: /root/researchv2/install/slam_toolbox/share/slam_toolbox/local_setup.bash
[10.079s] -- Up-to-date symlink: /root/researchv2/install/slam_toolbox/share/slam_toolbox/local_setup.sh
[10.080s] -- Up-to-date symlink: /root/researchv2/install/slam_toolbox/share/slam_toolbox/local_setup.zsh
[10.081s] -- Up-to-date symlink: /root/researchv2/install/slam_toolbox/share/slam_toolbox/local_setup.dsv
[10.081s] -- Symlinking: /root/researchv2/install/slam_toolbox/share/slam_toolbox/package.dsv
[10.099s] -- Up-to-date symlink: /root/researchv2/install/slam_toolbox/share/ament_index/resource_index/packages/slam_toolbox
[10.099s] -- Up-to-date symlink: /root/researchv2/install/slam_toolbox/share/ament_index/resource_index/rviz_common__pluginlib__plugin/slam_toolbox
[10.100s] -- Up-to-date symlink: /root/researchv2/install/slam_toolbox/share/ament_index/resource_index/slam_toolbox__pluginlib__plugin/slam_toolbox
[10.101s] -- Up-to-date symlink: /root/researchv2/install/slam_toolbox/share/slam_toolbox/cmake/rosidl_cmake-extras.cmake
[10.101s] -- Up-to-date symlink: /root/researchv2/install/slam_toolbox/share/slam_toolbox/cmake/ament_cmake_export_dependencies-extras.cmake
[10.102s] -- Up-to-date symlink: /root/researchv2/install/slam_toolbox/share/slam_toolbox/cmake/ament_cmake_export_libraries-extras.cmake
[10.102s] -- Up-to-date symlink: /root/researchv2/install/slam_toolbox/share/slam_toolbox/cmake/ament_cmake_export_targets-extras.cmake
[10.103s] -- Up-to-date symlink: /root/researchv2/install/slam_toolbox/share/slam_toolbox/cmake/ament_cmake_export_include_directories-extras.cmake
[10.103s] -- Up-to-date symlink: /root/researchv2/install/slam_toolbox/share/slam_toolbox/cmake/rosidl_cmake_export_typesupport_libraries-extras.cmake
[10.104s] -- Up-to-date symlink: /root/researchv2/install/slam_toolbox/share/slam_toolbox/cmake/rosidl_cmake_export_typesupport_targets-extras.cmake
[10.104s] -- Up-to-date symlink: /root/researchv2/install/slam_toolbox/share/slam_toolbox/cmake/slam_toolboxConfig.cmake
[10.105s] -- Up-to-date symlink: /root/researchv2/install/slam_toolbox/share/slam_toolbox/cmake/slam_toolboxConfig-version.cmake
[10.105s] -- Up-to-date symlink: /root/researchv2/install/slam_toolbox/share/slam_toolbox/package.xml
[10.106s] -- Up-to-date: /root/researchv2/install/slam_toolbox/lib/libslam_toolbox__rosidl_generator_c.so
[10.107s] -- Up-to-date: /root/researchv2/install/slam_toolbox/lib/libslam_toolbox__rosidl_typesupport_introspection_c.so
[10.107s] -- Up-to-date: /root/researchv2/install/slam_toolbox/lib/libslam_toolbox__rosidl_typesupport_c.so
[10.108s] -- Up-to-date: /root/researchv2/install/slam_toolbox/lib/libslam_toolbox__rosidl_typesupport_introspection_cpp.so
[10.109s] -- Up-to-date: /root/researchv2/install/slam_toolbox/lib/libslam_toolbox__rosidl_typesupport_cpp.so
[10.180s] Compiling '/root/researchv2/install/slam_toolbox/lib/python3.8/site-packages/slam_toolbox/__init__.py'...
[10.187s] -- Up-to-date: /root/researchv2/install/slam_toolbox/share/slam_toolbox/cmake/slam_toolbox__rosidl_generator_cExport.cmake
[10.187s] -- Installing: /root/researchv2/install/slam_toolbox/share/slam_toolbox/cmake/slam_toolbox__rosidl_generator_cExport-release.cmake
[10.188s] -- Up-to-date: /root/researchv2/install/slam_toolbox/share/slam_toolbox/cmake/slam_toolbox__rosidl_typesupport_introspection_cExport.cmake
[10.189s] -- Installing: /root/researchv2/install/slam_toolbox/share/slam_toolbox/cmake/slam_toolbox__rosidl_typesupport_introspection_cExport-release.cmake
[10.189s] -- Up-to-date: /root/researchv2/install/slam_toolbox/share/slam_toolbox/cmake/slam_toolbox__rosidl_typesupport_cExport.cmake
[10.189s] -- Installing: /root/researchv2/install/slam_toolbox/share/slam_toolbox/cmake/slam_toolbox__rosidl_typesupport_cExport-release.cmake
[10.190s] -- Up-to-date: /root/researchv2/install/slam_toolbox/share/slam_toolbox/cmake/slam_toolbox__rosidl_generator_cppExport.cmake
[10.190s] -- Up-to-date: /root/researchv2/install/slam_toolbox/share/slam_toolbox/cmake/slam_toolbox__rosidl_typesupport_introspection_cppExport.cmake
[10.190s] -- Installing: /root/researchv2/install/slam_toolbox/share/slam_toolbox/cmake/slam_toolbox__rosidl_typesupport_introspection_cppExport-release.cmake
[10.191s] -- Up-to-date: /root/researchv2/install/slam_toolbox/share/slam_toolbox/cmake/slam_toolbox__rosidl_typesupport_cppExport.cmake
[10.191s] -- Installing: /root/researchv2/install/slam_toolbox/share/slam_toolbox/cmake/slam_toolbox__rosidl_typesupport_cppExport-release.cmake
[10.191s] -- Up-to-date: /root/researchv2/install/slam_toolbox/share/slam_toolbox/cmake/SlamToolboxPluginExport.cmake
[10.192s] -- Installing: /root/researchv2/install/slam_toolbox/share/slam_toolbox/cmake/SlamToolboxPluginExport-release.cmake
[10.201s] Invoked command in '/root/researchv2/build/slam_toolbox' returned '0': CMAKE_PREFIX_PATH=${CMAKE_PREFIX_PATH}:/root/researchv2/install/chaser_system:/opt/ros/foxy /usr/bin/cmake --install /root/researchv2/build/slam_toolbox
