[0.069s] Invoking command in '/root/researchv2/build/urg_node_msgs': CMAKE_PREFIX_PATH=${CMAKE_PREFIX_PATH}:/root/openpifpaf_ros2/install/rgbd_openpifpaf_ros2:/root/openpifpaf_ros2/install/pose_checker:/root/openpifpaf_ros2/install/openpifpaf_ros2_node:/root/researchv2/install/chaser_system:/opt/ros/galactic /usr/bin/cmake --build /root/researchv2/build/urg_node_msgs -- -j12 -l12
[0.186s] [  3%] Built target urg_node_msgs__cpp
[0.188s] [ 12%] Built target urg_node_msgs__rosidl_generator_c
[0.244s] [ 22%] Built target urg_node_msgs__rosidl_typesupport_introspection_c
[0.253s] [ 32%] Built target urg_node_msgs__rosidl_typesupport_cpp
[0.258s] [ 41%] Built target urg_node_msgs__rosidl_typesupport_introspection_cpp
[0.296s] [ 51%] Built target urg_node_msgs__rosidl_typesupport_c
[0.327s] [ 61%] Built target urg_node_msgs__rosidl_typesupport_fastrtps_cpp
[0.393s] [ 70%] Built target urg_node_msgs__rosidl_typesupport_fastrtps_c
[0.429s] [ 70%] Built target urg_node_msgs
[0.463s] [ 74%] Built target urg_node_msgs__py
[0.515s] [ 80%] Built target urg_node_msgs__python
[0.569s] [ 87%] Built target urg_node_msgs__rosidl_typesupport_introspection_c__pyext
[0.575s] [ 93%] Built target urg_node_msgs__rosidl_typesupport_c__pyext
[0.575s] [100%] Built target urg_node_msgs__rosidl_typesupport_fastrtps_c__pyext
[0.632s] Invoked command in '/root/researchv2/build/urg_node_msgs' returned '0': CMAKE_PREFIX_PATH=${CMAKE_PREFIX_PATH}:/root/openpifpaf_ros2/install/rgbd_openpifpaf_ros2:/root/openpifpaf_ros2/install/pose_checker:/root/openpifpaf_ros2/install/openpifpaf_ros2_node:/root/researchv2/install/chaser_system:/opt/ros/galactic /usr/bin/cmake --build /root/researchv2/build/urg_node_msgs -- -j12 -l12
[0.727s] Invoking command in '/root/researchv2/build/urg_node_msgs': CMAKE_PREFIX_PATH=${CMAKE_PREFIX_PATH}:/root/openpifpaf_ros2/install/rgbd_openpifpaf_ros2:/root/openpifpaf_ros2/install/pose_checker:/root/openpifpaf_ros2/install/openpifpaf_ros2_node:/root/researchv2/install/chaser_system:/opt/ros/galactic /usr/bin/cmake --install /root/researchv2/build/urg_node_msgs
[0.740s] -- Install configuration: ""
[0.740s] -- Up-to-date: /root/researchv2/install/urg_node_msgs/share/ament_index/resource_index/rosidl_interfaces/urg_node_msgs
[0.741s] -- Up-to-date: /root/researchv2/install/urg_node_msgs/include/urg_node_msgs
[0.741s] -- Up-to-date: /root/researchv2/install/urg_node_msgs/include/urg_node_msgs/msg
[0.741s] -- Up-to-date: /root/researchv2/install/urg_node_msgs/include/urg_node_msgs/msg/rosidl_generator_c__visibility_control.h
[0.741s] -- Up-to-date: /root/researchv2/install/urg_node_msgs/include/urg_node_msgs/msg/status.h
[0.742s] -- Up-to-date: /root/researchv2/install/urg_node_msgs/include/urg_node_msgs/msg/detail
[0.742s] -- Up-to-date: /root/researchv2/install/urg_node_msgs/include/urg_node_msgs/msg/detail/status__struct.h
[0.742s] -- Up-to-date: /root/researchv2/install/urg_node_msgs/include/urg_node_msgs/msg/detail/status__functions.h
[0.743s] -- Up-to-date: /root/researchv2/install/urg_node_msgs/include/urg_node_msgs/msg/detail/status__functions.c
[0.743s] -- Up-to-date: /root/researchv2/install/urg_node_msgs/include/urg_node_msgs/msg/detail/status__type_support.h
[0.743s] -- Up-to-date: /root/researchv2/install/urg_node_msgs/share/urg_node_msgs/environment/library_path.sh
[0.747s] -- Up-to-date: /root/researchv2/install/urg_node_msgs/share/urg_node_msgs/environment/library_path.dsv
[0.747s] -- Up-to-date: /root/researchv2/install/urg_node_msgs/lib/liburg_node_msgs__rosidl_generator_c.so
[0.747s] -- Up-to-date: /root/researchv2/install/urg_node_msgs/include/urg_node_msgs
[0.748s] -- Up-to-date: /root/researchv2/install/urg_node_msgs/include/urg_node_msgs/msg
[0.748s] -- Up-to-date: /root/researchv2/install/urg_node_msgs/include/urg_node_msgs/msg/detail
[0.748s] -- Up-to-date: /root/researchv2/install/urg_node_msgs/include/urg_node_msgs/msg/detail/status__rosidl_typesupport_fastrtps_c.h
[0.748s] -- Up-to-date: /root/researchv2/install/urg_node_msgs/include/urg_node_msgs/msg/rosidl_typesupport_fastrtps_c__visibility_control.h
[0.749s] -- Up-to-date: /root/researchv2/install/urg_node_msgs/lib/liburg_node_msgs__rosidl_typesupport_fastrtps_c.so
[0.749s] -- Up-to-date: /root/researchv2/install/urg_node_msgs/include/urg_node_msgs
[0.749s] -- Up-to-date: /root/researchv2/install/urg_node_msgs/include/urg_node_msgs/msg
[0.750s] -- Up-to-date: /root/researchv2/install/urg_node_msgs/include/urg_node_msgs/msg/detail
[0.750s] -- Up-to-date: /root/researchv2/install/urg_node_msgs/include/urg_node_msgs/msg/detail/status__rosidl_typesupport_fastrtps_cpp.hpp
[0.752s] -- Up-to-date: /root/researchv2/install/urg_node_msgs/include/urg_node_msgs/msg/detail/dds_fastrtps
[0.753s] -- Up-to-date: /root/researchv2/install/urg_node_msgs/include/urg_node_msgs/msg/rosidl_typesupport_fastrtps_cpp__visibility_control.h
[0.753s] -- Up-to-date: /root/researchv2/install/urg_node_msgs/lib/liburg_node_msgs__rosidl_typesupport_fastrtps_cpp.so
[0.753s] -- Up-to-date: /root/researchv2/install/urg_node_msgs/include/urg_node_msgs
[0.753s] -- Up-to-date: /root/researchv2/install/urg_node_msgs/include/urg_node_msgs/msg
[0.754s] -- Up-to-date: /root/researchv2/install/urg_node_msgs/include/urg_node_msgs/msg/detail
[0.754s] -- Up-to-date: /root/researchv2/install/urg_node_msgs/include/urg_node_msgs/msg/detail/status__rosidl_typesupport_introspection_c.h
[0.754s] -- Up-to-date: /root/researchv2/install/urg_node_msgs/include/urg_node_msgs/msg/detail/status__type_support.c
[0.754s] -- Up-to-date: /root/researchv2/install/urg_node_msgs/include/urg_node_msgs/msg/rosidl_typesupport_introspection_c__visibility_control.h
[0.754s] -- Up-to-date: /root/researchv2/install/urg_node_msgs/lib/liburg_node_msgs__rosidl_typesupport_introspection_c.so
[0.755s] -- Up-to-date: /root/researchv2/install/urg_node_msgs/lib/liburg_node_msgs__rosidl_typesupport_c.so
[0.755s] -- Up-to-date: /root/researchv2/install/urg_node_msgs/include/urg_node_msgs
[0.755s] -- Up-to-date: /root/researchv2/install/urg_node_msgs/include/urg_node_msgs/msg
[0.756s] -- Up-to-date: /root/researchv2/install/urg_node_msgs/include/urg_node_msgs/msg/status.hpp
[0.756s] -- Up-to-date: /root/researchv2/install/urg_node_msgs/include/urg_node_msgs/msg/detail
[0.756s] -- Up-to-date: /root/researchv2/install/urg_node_msgs/include/urg_node_msgs/msg/detail/status__builder.hpp
[0.759s] -- Up-to-date: /root/researchv2/install/urg_node_msgs/include/urg_node_msgs/msg/detail/status__traits.hpp
[0.759s] -- Up-to-date: /root/researchv2/install/urg_node_msgs/include/urg_node_msgs/msg/detail/status__struct.hpp
[0.760s] -- Up-to-date: /root/researchv2/install/urg_node_msgs/include/urg_node_msgs
[0.760s] -- Up-to-date: /root/researchv2/install/urg_node_msgs/include/urg_node_msgs/msg
[0.760s] -- Up-to-date: /root/researchv2/install/urg_node_msgs/include/urg_node_msgs/msg/detail
[0.760s] -- Up-to-date: /root/researchv2/install/urg_node_msgs/include/urg_node_msgs/msg/detail/status__type_support.cpp
[0.761s] -- Up-to-date: /root/researchv2/install/urg_node_msgs/include/urg_node_msgs/msg/detail/status__rosidl_typesupport_introspection_cpp.hpp
[0.761s] -- Up-to-date: /root/researchv2/install/urg_node_msgs/lib/liburg_node_msgs__rosidl_typesupport_introspection_cpp.so
[0.764s] -- Up-to-date: /root/researchv2/install/urg_node_msgs/lib/liburg_node_msgs__rosidl_typesupport_cpp.so
[0.765s] -- Up-to-date: /root/researchv2/install/urg_node_msgs/share/urg_node_msgs/environment/pythonpath.sh
[0.765s] -- Up-to-date: /root/researchv2/install/urg_node_msgs/share/urg_node_msgs/environment/pythonpath.dsv
[0.765s] -- Up-to-date: /root/researchv2/install/urg_node_msgs/lib/python3.8/site-packages/urg_node_msgs/__init__.py
[0.800s] -- Up-to-date: /root/researchv2/install/urg_node_msgs/lib/python3.8/site-packages/urg_node_msgs/msg
[0.800s] -- Up-to-date: /root/researchv2/install/urg_node_msgs/lib/python3.8/site-packages/urg_node_msgs/msg/_status_s.c
[0.800s] -- Up-to-date: /root/researchv2/install/urg_node_msgs/lib/python3.8/site-packages/urg_node_msgs/msg/_status.py
[0.801s] -- Up-to-date: /root/researchv2/install/urg_node_msgs/lib/python3.8/site-packages/urg_node_msgs/msg/__init__.py
[0.801s] -- Up-to-date: /root/researchv2/install/urg_node_msgs/lib/python3.8/site-packages/urg_node_msgs/urg_node_msgs_s__rosidl_typesupport_fastrtps_c.cpython-38-x86_64-linux-gnu.so
[0.802s] -- Up-to-date: /root/researchv2/install/urg_node_msgs/lib/python3.8/site-packages/urg_node_msgs/urg_node_msgs_s__rosidl_typesupport_introspection_c.cpython-38-x86_64-linux-gnu.so
[0.803s] -- Up-to-date: /root/researchv2/install/urg_node_msgs/lib/python3.8/site-packages/urg_node_msgs/urg_node_msgs_s__rosidl_typesupport_c.cpython-38-x86_64-linux-gnu.so
[0.804s] -- Up-to-date: /root/researchv2/install/urg_node_msgs/lib/liburg_node_msgs__python.so
[0.805s] -- Up-to-date: /root/researchv2/install/urg_node_msgs/share/urg_node_msgs/msg/Status.idl
[0.805s] -- Up-to-date: /root/researchv2/install/urg_node_msgs/share/urg_node_msgs/msg/Status.msg
[0.805s] -- Up-to-date: /root/researchv2/install/urg_node_msgs/share/urg_node_msgs/mapping_rules.yaml
[0.805s] -- Up-to-date: /root/researchv2/install/urg_node_msgs/share/ament_index/resource_index/package_run_dependencies/urg_node_msgs
[0.805s] -- Up-to-date: /root/researchv2/install/urg_node_msgs/share/ament_index/resource_index/parent_prefix_path/urg_node_msgs
[0.805s] -- Up-to-date: /root/researchv2/install/urg_node_msgs/share/urg_node_msgs/environment/ament_prefix_path.sh
[0.805s] -- Up-to-date: /root/researchv2/install/urg_node_msgs/share/urg_node_msgs/environment/ament_prefix_path.dsv
[0.805s] -- Up-to-date: /root/researchv2/install/urg_node_msgs/share/urg_node_msgs/environment/path.sh
[0.806s] -- Up-to-date: /root/researchv2/install/urg_node_msgs/share/urg_node_msgs/environment/path.dsv
[0.806s] -- Up-to-date: /root/researchv2/install/urg_node_msgs/share/urg_node_msgs/local_setup.bash
[0.806s] -- Up-to-date: /root/researchv2/install/urg_node_msgs/share/urg_node_msgs/local_setup.sh
[0.806s] -- Up-to-date: /root/researchv2/install/urg_node_msgs/share/urg_node_msgs/local_setup.zsh
[0.806s] -- Up-to-date: /root/researchv2/install/urg_node_msgs/share/urg_node_msgs/local_setup.dsv
[0.806s] -- Installing: /root/researchv2/install/urg_node_msgs/share/urg_node_msgs/package.dsv
[0.806s] -- Up-to-date: /root/researchv2/install/urg_node_msgs/share/ament_index/resource_index/packages/urg_node_msgs
[0.807s] -- Up-to-date: /root/researchv2/install/urg_node_msgs/share/urg_node_msgs/cmake/urg_node_msgs__rosidl_generator_cExport.cmake
[0.807s] -- Up-to-date: /root/researchv2/install/urg_node_msgs/share/urg_node_msgs/cmake/urg_node_msgs__rosidl_generator_cExport-noconfig.cmake
[0.807s] -- Up-to-date: /root/researchv2/install/urg_node_msgs/share/urg_node_msgs/cmake/urg_node_msgs__rosidl_typesupport_introspection_cExport.cmake
[0.808s] -- Up-to-date: /root/researchv2/install/urg_node_msgs/share/urg_node_msgs/cmake/urg_node_msgs__rosidl_typesupport_introspection_cExport-noconfig.cmake
[0.808s] -- Up-to-date: /root/researchv2/install/urg_node_msgs/share/urg_node_msgs/cmake/urg_node_msgs__rosidl_typesupport_cExport.cmake
[0.808s] -- Up-to-date: /root/researchv2/install/urg_node_msgs/share/urg_node_msgs/cmake/urg_node_msgs__rosidl_typesupport_cExport-noconfig.cmake
[0.809s] -- Up-to-date: /root/researchv2/install/urg_node_msgs/share/urg_node_msgs/cmake/urg_node_msgs__rosidl_generator_cppExport.cmake
[0.809s] -- Up-to-date: /root/researchv2/install/urg_node_msgs/share/urg_node_msgs/cmake/urg_node_msgs__rosidl_typesupport_introspection_cppExport.cmake
[0.809s] -- Up-to-date: /root/researchv2/install/urg_node_msgs/share/urg_node_msgs/cmake/urg_node_msgs__rosidl_typesupport_introspection_cppExport-noconfig.cmake
[0.810s] -- Up-to-date: /root/researchv2/install/urg_node_msgs/share/urg_node_msgs/cmake/urg_node_msgs__rosidl_typesupport_cppExport.cmake
[0.810s] -- Up-to-date: /root/researchv2/install/urg_node_msgs/share/urg_node_msgs/cmake/urg_node_msgs__rosidl_typesupport_cppExport-noconfig.cmake
[0.810s] -- Up-to-date: /root/researchv2/install/urg_node_msgs/share/urg_node_msgs/cmake/rosidl_cmake-extras.cmake
[0.811s] -- Up-to-date: /root/researchv2/install/urg_node_msgs/share/urg_node_msgs/cmake/ament_cmake_export_dependencies-extras.cmake
[0.811s] -- Up-to-date: /root/researchv2/install/urg_node_msgs/share/urg_node_msgs/cmake/ament_cmake_export_libraries-extras.cmake
[0.811s] -- Up-to-date: /root/researchv2/install/urg_node_msgs/share/urg_node_msgs/cmake/ament_cmake_export_targets-extras.cmake
[0.811s] -- Up-to-date: /root/researchv2/install/urg_node_msgs/share/urg_node_msgs/cmake/ament_cmake_export_include_directories-extras.cmake
[0.811s] -- Up-to-date: /root/researchv2/install/urg_node_msgs/share/urg_node_msgs/cmake/rosidl_cmake_export_typesupport_libraries-extras.cmake
[0.811s] -- Up-to-date: /root/researchv2/install/urg_node_msgs/share/urg_node_msgs/cmake/rosidl_cmake_export_typesupport_targets-extras.cmake
[0.811s] -- Up-to-date: /root/researchv2/install/urg_node_msgs/share/urg_node_msgs/cmake/urg_node_msgsConfig.cmake
[0.811s] -- Up-to-date: /root/researchv2/install/urg_node_msgs/share/urg_node_msgs/cmake/urg_node_msgsConfig-version.cmake
[0.811s] -- Up-to-date: /root/researchv2/install/urg_node_msgs/share/urg_node_msgs/package.xml
[0.816s] Invoked command in '/root/researchv2/build/urg_node_msgs' returned '0': CMAKE_PREFIX_PATH=${CMAKE_PREFIX_PATH}:/root/openpifpaf_ros2/install/rgbd_openpifpaf_ros2:/root/openpifpaf_ros2/install/pose_checker:/root/openpifpaf_ros2/install/openpifpaf_ros2_node:/root/researchv2/install/chaser_system:/opt/ros/galactic /usr/bin/cmake --install /root/researchv2/build/urg_node_msgs
