[0.123s] Invoking command in '/root/researchv2/build/diagnostic_aggregator': CMAKE_PREFIX_PATH=${CMAKE_PREFIX_PATH}:/root/researchv2/install/chaser_system:/opt/ros/galactic /usr/bin/cmake --build /root/researchv2/build/diagnostic_aggregator -- -j12 -l12
[0.270s] [  0%] Built target ament_cmake_python_copy_diagnostic_aggregator
[0.301s] [ 40%] Built target diagnostic_aggregator
[0.449s] [ 80%] Built target diagnostic_aggregator_analyzers
[0.453s] [100%] Built target aggregator_node
[0.969s] running egg_info
[0.970s] writing diagnostic_aggregator.egg-info/PKG-INFO
[0.970s] writing dependency_links to diagnostic_aggregator.egg-info/dependency_links.txt
[0.970s] writing top-level names to diagnostic_aggregator.egg-info/top_level.txt
[1.051s] reading manifest file 'diagnostic_aggregator.egg-info/SOURCES.txt'
[1.053s] writing manifest file 'diagnostic_aggregator.egg-info/SOURCES.txt'
[1.105s] [100%] Built target ament_cmake_python_build_diagnostic_aggregator_egg
[1.133s] Invoked command in '/root/researchv2/build/diagnostic_aggregator' returned '0': CMAKE_PREFIX_PATH=${CMAKE_PREFIX_PATH}:/root/researchv2/install/chaser_system:/opt/ros/galactic /usr/bin/cmake --build /root/researchv2/build/diagnostic_aggregator -- -j12 -l12
[1.231s] Invoking command in '/root/researchv2/build/diagnostic_aggregator': CMAKE_PREFIX_PATH=${CMAKE_PREFIX_PATH}:/root/researchv2/install/chaser_system:/opt/ros/galactic /usr/bin/cmake --install /root/researchv2/build/diagnostic_aggregator
[1.311s] -- Install configuration: ""
[1.311s] -- Up-to-date: /root/researchv2/install/diagnostic_aggregator/lib/diagnostic_aggregator/aggregator_node
[1.311s] -- Up-to-date: /root/researchv2/install/diagnostic_aggregator/lib/libdiagnostic_aggregator.so
[1.311s] -- Up-to-date: /root/researchv2/install/diagnostic_aggregator/lib/libdiagnostic_aggregator_analyzers.so
[1.311s] -- Up-to-date: /root/researchv2/install/diagnostic_aggregator/include
[1.312s] -- Up-to-date: /root/researchv2/install/diagnostic_aggregator/include/diagnostic_aggregator
[1.312s] -- Up-to-date: /root/researchv2/install/diagnostic_aggregator/include/diagnostic_aggregator/discard_analyzer.hpp
[1.312s] -- Up-to-date: /root/researchv2/install/diagnostic_aggregator/include/diagnostic_aggregator/generic_analyzer.hpp
[1.312s] -- Up-to-date: /root/researchv2/install/diagnostic_aggregator/include/diagnostic_aggregator/visibility_control.hpp
[1.312s] -- Up-to-date: /root/researchv2/install/diagnostic_aggregator/include/diagnostic_aggregator/analyzer.hpp
[1.313s] -- Up-to-date: /root/researchv2/install/diagnostic_aggregator/include/diagnostic_aggregator/aggregator.hpp
[1.313s] -- Up-to-date: /root/researchv2/install/diagnostic_aggregator/include/diagnostic_aggregator/status_item.hpp
[1.313s] -- Up-to-date: /root/researchv2/install/diagnostic_aggregator/include/diagnostic_aggregator/other_analyzer.hpp
[1.313s] -- Up-to-date: /root/researchv2/install/diagnostic_aggregator/include/diagnostic_aggregator/ignore_analyzer.hpp
[1.313s] -- Up-to-date: /root/researchv2/install/diagnostic_aggregator/include/diagnostic_aggregator/analyzer_group.hpp
[1.313s] -- Up-to-date: /root/researchv2/install/diagnostic_aggregator/include/diagnostic_aggregator/generic_analyzer_base.hpp
[1.314s] -- Up-to-date: /root/researchv2/install/diagnostic_aggregator/share/diagnostic_aggregator/environment/pythonpath.sh
[1.314s] -- Up-to-date: /root/researchv2/install/diagnostic_aggregator/share/diagnostic_aggregator/environment/pythonpath.dsv
[1.321s] -- Up-to-date: /root/researchv2/install/diagnostic_aggregator/lib/python3.8/site-packages//diagnostic_aggregator.egg-info
[1.321s] -- Installing: /root/researchv2/install/diagnostic_aggregator/lib/python3.8/site-packages//diagnostic_aggregator.egg-info/PKG-INFO
[1.321s] -- Installing: /root/researchv2/install/diagnostic_aggregator/lib/python3.8/site-packages//diagnostic_aggregator.egg-info/top_level.txt
[1.322s] -- Installing: /root/researchv2/install/diagnostic_aggregator/lib/python3.8/site-packages//diagnostic_aggregator.egg-info/SOURCES.txt
[1.322s] -- Installing: /root/researchv2/install/diagnostic_aggregator/lib/python3.8/site-packages//diagnostic_aggregator.egg-info/dependency_links.txt
[1.322s] -- Up-to-date: /root/researchv2/install/diagnostic_aggregator/lib/python3.8/site-packages/diagnostic_aggregator
[1.323s] -- Up-to-date: /root/researchv2/install/diagnostic_aggregator/lib/python3.8/site-packages/diagnostic_aggregator/__init__.py
[1.358s] Listing '/root/researchv2/install/diagnostic_aggregator/lib/python3.8/site-packages/diagnostic_aggregator'...
[1.381s] -- Up-to-date: /root/researchv2/install/diagnostic_aggregator/share/diagnostic_aggregator/example.launch.py
[1.384s] -- Up-to-date: /root/researchv2/install/diagnostic_aggregator/lib/diagnostic_aggregator/example_pub.py
[1.385s] -- Up-to-date: /root/researchv2/install/diagnostic_aggregator/share/diagnostic_aggregator/example_analyzers.yaml
[1.385s] -- Up-to-date: /root/researchv2/install/diagnostic_aggregator/share/diagnostic_aggregator/plugin_description.xml
[1.385s] -- Up-to-date: /root/researchv2/install/diagnostic_aggregator/share/ament_index/resource_index/package_run_dependencies/diagnostic_aggregator
[1.385s] -- Up-to-date: /root/researchv2/install/diagnostic_aggregator/share/ament_index/resource_index/parent_prefix_path/diagnostic_aggregator
[1.385s] -- Up-to-date: /root/researchv2/install/diagnostic_aggregator/share/diagnostic_aggregator/environment/ament_prefix_path.sh
[1.386s] -- Up-to-date: /root/researchv2/install/diagnostic_aggregator/share/diagnostic_aggregator/environment/ament_prefix_path.dsv
[1.386s] -- Up-to-date: /root/researchv2/install/diagnostic_aggregator/share/diagnostic_aggregator/environment/path.sh
[1.386s] -- Up-to-date: /root/researchv2/install/diagnostic_aggregator/share/diagnostic_aggregator/environment/path.dsv
[1.386s] -- Up-to-date: /root/researchv2/install/diagnostic_aggregator/share/diagnostic_aggregator/local_setup.bash
[1.386s] -- Up-to-date: /root/researchv2/install/diagnostic_aggregator/share/diagnostic_aggregator/local_setup.sh
[1.386s] -- Up-to-date: /root/researchv2/install/diagnostic_aggregator/share/diagnostic_aggregator/local_setup.zsh
[1.387s] -- Up-to-date: /root/researchv2/install/diagnostic_aggregator/share/diagnostic_aggregator/local_setup.dsv
[1.387s] -- Installing: /root/researchv2/install/diagnostic_aggregator/share/diagnostic_aggregator/package.dsv
[1.387s] -- Up-to-date: /root/researchv2/install/diagnostic_aggregator/share/ament_index/resource_index/packages/diagnostic_aggregator
[1.387s] -- Up-to-date: /root/researchv2/install/diagnostic_aggregator/share/ament_index/resource_index/diagnostic_aggregator__pluginlib__plugin/diagnostic_aggregator
[1.387s] -- Up-to-date: /root/researchv2/install/diagnostic_aggregator/share/diagnostic_aggregator/cmake/ament_cmake_export_include_directories-extras.cmake
[1.387s] -- Up-to-date: /root/researchv2/install/diagnostic_aggregator/share/diagnostic_aggregator/cmake/ament_cmake_export_dependencies-extras.cmake
[1.388s] -- Up-to-date: /root/researchv2/install/diagnostic_aggregator/share/diagnostic_aggregator/cmake/diagnostic_aggregatorConfig.cmake
[1.388s] -- Up-to-date: /root/researchv2/install/diagnostic_aggregator/share/diagnostic_aggregator/cmake/diagnostic_aggregatorConfig-version.cmake
[1.388s] -- Up-to-date: /root/researchv2/install/diagnostic_aggregator/share/diagnostic_aggregator/package.xml
[1.429s] Invoked command in '/root/researchv2/build/diagnostic_aggregator' returned '0': CMAKE_PREFIX_PATH=${CMAKE_PREFIX_PATH}:/root/researchv2/install/chaser_system:/opt/ros/galactic /usr/bin/cmake --install /root/researchv2/build/diagnostic_aggregator
