[0.046s] Invoking command in '/root/researchv2/build/urg_node': CMAKE_PREFIX_PATH=/root/researchv2/install/urg_node_msgs:/root/researchv2/install/urg_c:/root/researchv2/install/laser_proc:/root/sirius/sirius_ws/install/kobuki_velocity_smoother:/root/sirius/sirius_ws/install/kobuki_ros:/root/sirius/sirius_ws/install/kobuki_safety_controller:/root/sirius/sirius_ws/install/kobuki_random_walker:/root/sirius/sirius_ws/install/kobuki_node:/root/sirius/sirius_ws/install/kobuki_keyop:/root/sirius/sirius_ws/install/kobuki_bumper2pc:/root/sirius/sirius_ws/install/kobuki_auto_docking:/root/sirius/sirius_ws/install/kobuki_ros_interfaces:/root/sirius/sirius_ws/install/kobuki_description:/root/sirius/sirius_ws/install/kobuki_core:/root/openpifpaf_ros2/install/realsense2_description:/root/openpifpaf_ros2/install/realsense2_camera:/root/openpifpaf_ros2/install/realsense2_camera_msgs:/root/openpifpaf_ros2/install/openpifpaf_ros2_msgs:/root/researchv2/install/urg_node:/root/researchv2/install/turtlebot3_simulations:/root/researchv2/install/turtlebot3_gazebo:/root/researchv2/install/turtlebot3_fake_node:/root/researchv2/install/slam_toolbox:/root/researchv2/install/mymsg:/root/openpifpaf_ros2/install/rgbd_openpifpaf_ros2:/root/openpifpaf_ros2/install/pose_checker:/root/openpifpaf_ros2/install/openpifpaf_ros2_node:/root/researchv2/install/chaser_system:/opt/ros/galactic LD_LIBRARY_PATH=/root/researchv2/install/urg_node_msgs/lib:/root/researchv2/install/urg_c/lib:/root/researchv2/install/laser_proc/lib:/root/sirius/sirius_ws/install/kobuki_velocity_smoother/lib:/root/sirius/sirius_ws/install/kobuki_safety_controller/lib:/root/sirius/sirius_ws/install/kobuki_node/lib:/root/sirius/sirius_ws/install/kobuki_keyop/lib:/root/sirius/sirius_ws/install/kobuki_ros_interfaces/lib:/root/sirius/sirius_ws/install/kobuki_core/lib:/root/openpifpaf_ros2/install/realsense2_camera/lib:/root/openpifpaf_ros2/install/realsense2_camera_msgs/lib:/root/openpifpaf_ros2/install/openpifpaf_ros2_msgs/lib:/root/researchv2/install/urg_node/lib:/root/researchv2/install/slam_toolbox/lib:/root/researchv2/install/mymsg/lib:/usr/lib/x86_64-linux-gnu/gazebo-11/plugins:/opt/ros/galactic/opt/yaml_cpp_vendor/lib:/opt/ros/galactic/opt/rviz_ogre_vendor/lib:/opt/ros/galactic/lib/x86_64-linux-gnu:/opt/ros/galactic/lib:/usr/local/11.6.0/lib64:/usr/local/nvidia/lib:/usr/local/nvidia/lib64 PATH=/root/researchv2/install/urg_c/bin:/root/sirius/sirius_ws/install/kobuki_core/bin:/root/.vscode-server/bin/97dec172d3256f8ca4bfb2143f3f76b503ca0534/bin/remote-cli:/opt/ros/galactic/bin:= /usr/local/11.6.0/bin:/usr/local/nvidia/bin:/usr/local/cuda/bin:/usr/local/sbin:/usr/local/bin:/usr/sbin:/usr/bin:/sbin:/bin PYTHONPATH=/root/researchv2/install/urg_node_msgs/lib/python3.8/site-packages:/root/sirius/sirius_ws/install/kobuki_ros_interfaces/lib/python3.8/site-packages:/root/openpifpaf_ros2/install/rgbd_openpifpaf_ros2/lib/python3.8/site-packages:/root/openpifpaf_ros2/install/realsense2_camera_msgs/lib/python3.8/site-packages:/root/openpifpaf_ros2/install/pose_checker/lib/python3.8/site-packages:/root/openpifpaf_ros2/install/openpifpaf_ros2_node/lib/python3.8/site-packages:/root/openpifpaf_ros2/install/openpifpaf_ros2_msgs/lib/python3.8/site-packages:/root/researchv2/install/slam_toolbox/lib/python3.8/site-packages:/root/researchv2/install/chaser_system/lib/python3.8/site-packages:/root/researchv2/install/mymsg/lib/python3.8/site-packages:/opt/ros/galactic/lib/python3.8/site-packages /usr/bin/cmake /root/researchv2/src/urg_node -DCMAKE_INSTALL_PREFIX=/root/researchv2/install/urg_node
[0.153s] -- The C compiler identification is GNU 9.4.0
[0.253s] -- The CXX compiler identification is GNU 9.4.0
[0.265s] -- Check for working C compiler: /usr/bin/cc
[0.386s] -- Check for working C compiler: /usr/bin/cc -- works
[0.388s] -- Detecting C compiler ABI info
[0.506s] -- Detecting C compiler ABI info - done
[0.533s] -- Detecting C compile features
[0.534s] -- Detecting C compile features - done
[0.539s] -- Check for working CXX compiler: /usr/bin/c++
[0.674s] -- Check for working CXX compiler: /usr/bin/c++ -- works
[0.676s] -- Detecting CXX compiler ABI info
[0.824s] -- Detecting CXX compiler ABI info - done
[0.853s] -- Detecting CXX compile features
[0.854s] -- Detecting CXX compile features - done
[0.862s] -- Found ament_cmake: 1.1.6 (/opt/ros/galactic/share/ament_cmake/cmake)
[0.922s] -- Found PythonInterp: /usr/bin/python3 (found suitable version "3.8.10", minimum required is "3") 
[0.922s] -- Using PYTHON_EXECUTABLE: /usr/bin/python3
[1.156s] -- Found Boost: /usr/lib/x86_64-linux-gnu/cmake/Boost-1.71.0/BoostConfig.cmake (found version "1.71.0")  
[1.165s] -- Found diagnostic_updater: 2.1.3 (/opt/ros/galactic/share/diagnostic_updater/cmake)
[1.282s] -- Using all available rosidl_typesupport_c: rosidl_typesupport_fastrtps_c;rosidl_typesupport_introspection_c
[1.310s] -- Found rosidl_adapter: 2.2.3 (/opt/ros/galactic/share/rosidl_adapter/cmake)
[1.545s] -- Found OpenSSL: /usr/lib/x86_64-linux-gnu/libcrypto.so (found version "1.1.1f")  
[1.643s] -- Found FastRTPS: /opt/ros/galactic/include  
[1.891s] -- Using all available rosidl_typesupport_cpp: rosidl_typesupport_fastrtps_cpp;rosidl_typesupport_introspection_cpp
[2.275s] -- Found rmw_implementation_cmake: 3.3.1 (/opt/ros/galactic/share/rmw_implementation_cmake/cmake)
[2.288s] -- Found rmw_cyclonedds_cpp: 0.22.6 (/opt/ros/galactic/share/rmw_cyclonedds_cpp/cmake)
[2.327s] -- Using RMW implementation 'rmw_cyclonedds_cpp' as default
[2.329s] -- Looking for pthread.h
[2.462s] -- Looking for pthread.h - found
[2.462s] -- Performing Test CMAKE_HAVE_LIBC_PTHREAD
[2.597s] -- Performing Test CMAKE_HAVE_LIBC_PTHREAD - Failed
[2.597s] -- Looking for pthread_create in pthreads
[2.715s] -- Looking for pthread_create in pthreads - not found
[2.715s] -- Looking for pthread_create in pthread
[2.871s] -- Looking for pthread_create in pthread - found
[2.873s] -- Found Threads: TRUE  
[3.246s] -- Found laser_proc: 1.0.2 (/root/researchv2/install/laser_proc/share/laser_proc/cmake)
[3.468s] -- Found rclcpp_components: 9.2.2 (/opt/ros/galactic/share/rclcpp_components/cmake)
[3.583s] -- Found std_srvs: 2.2.4 (/opt/ros/galactic/share/std_srvs/cmake)
[3.609s] -- Found urg_c: 1.0.4001 (/root/researchv2/install/urg_c/share/urg_c/cmake)
[3.613s] -- Found urg_node_msgs: 1.0.1 (/root/researchv2/install/urg_node_msgs/share/urg_node_msgs/cmake)
[3.789s] -- Found ament_lint_auto: 0.10.7 (/opt/ros/galactic/share/ament_lint_auto/cmake)
[3.964s] -- Added test 'cppcheck' to perform static code analysis on C / C++ code
[3.965s] -- Configured cppcheck include dirs: $<BUILD_INTERFACE:/root/researchv2/src/urg_node/include>
[3.965s] -- Configured cppcheck exclude dirs and/or files: 
[3.972s] -- Added test 'cpplint' to check C / C++ code against the Google style
[3.972s] -- Configured cpplint exclude dirs and/or files: 
[3.975s] -- Added test 'flake8' to check Python code syntax and style conventions
[3.977s] -- Added test 'lint_cmake' to check CMake code style
[3.980s] -- Added test 'pep257' to check Python code against some of the style conventions in PEP 257
[3.987s] -- Added test 'uncrustify' to check C / C++ code style
[3.987s] -- Configured uncrustify additional arguments: 
[3.990s] -- Added test 'xmllint' to check XML markup files
[4.002s] -- Configuring done
[4.086s] -- Generating done
[4.090s] -- Build files have been written to: /root/researchv2/build/urg_node
[4.102s] Invoked command in '/root/researchv2/build/urg_node' returned '0': CMAKE_PREFIX_PATH=/root/researchv2/install/urg_node_msgs:/root/researchv2/install/urg_c:/root/researchv2/install/laser_proc:/root/sirius/sirius_ws/install/kobuki_velocity_smoother:/root/sirius/sirius_ws/install/kobuki_ros:/root/sirius/sirius_ws/install/kobuki_safety_controller:/root/sirius/sirius_ws/install/kobuki_random_walker:/root/sirius/sirius_ws/install/kobuki_node:/root/sirius/sirius_ws/install/kobuki_keyop:/root/sirius/sirius_ws/install/kobuki_bumper2pc:/root/sirius/sirius_ws/install/kobuki_auto_docking:/root/sirius/sirius_ws/install/kobuki_ros_interfaces:/root/sirius/sirius_ws/install/kobuki_description:/root/sirius/sirius_ws/install/kobuki_core:/root/openpifpaf_ros2/install/realsense2_description:/root/openpifpaf_ros2/install/realsense2_camera:/root/openpifpaf_ros2/install/realsense2_camera_msgs:/root/openpifpaf_ros2/install/openpifpaf_ros2_msgs:/root/researchv2/install/urg_node:/root/researchv2/install/turtlebot3_simulations:/root/researchv2/install/turtlebot3_gazebo:/root/researchv2/install/turtlebot3_fake_node:/root/researchv2/install/slam_toolbox:/root/researchv2/install/mymsg:/root/openpifpaf_ros2/install/rgbd_openpifpaf_ros2:/root/openpifpaf_ros2/install/pose_checker:/root/openpifpaf_ros2/install/openpifpaf_ros2_node:/root/researchv2/install/chaser_system:/opt/ros/galactic LD_LIBRARY_PATH=/root/researchv2/install/urg_node_msgs/lib:/root/researchv2/install/urg_c/lib:/root/researchv2/install/laser_proc/lib:/root/sirius/sirius_ws/install/kobuki_velocity_smoother/lib:/root/sirius/sirius_ws/install/kobuki_safety_controller/lib:/root/sirius/sirius_ws/install/kobuki_node/lib:/root/sirius/sirius_ws/install/kobuki_keyop/lib:/root/sirius/sirius_ws/install/kobuki_ros_interfaces/lib:/root/sirius/sirius_ws/install/kobuki_core/lib:/root/openpifpaf_ros2/install/realsense2_camera/lib:/root/openpifpaf_ros2/install/realsense2_camera_msgs/lib:/root/openpifpaf_ros2/install/openpifpaf_ros2_msgs/lib:/root/researchv2/install/urg_node/lib:/root/researchv2/install/slam_toolbox/lib:/root/researchv2/install/mymsg/lib:/usr/lib/x86_64-linux-gnu/gazebo-11/plugins:/opt/ros/galactic/opt/yaml_cpp_vendor/lib:/opt/ros/galactic/opt/rviz_ogre_vendor/lib:/opt/ros/galactic/lib/x86_64-linux-gnu:/opt/ros/galactic/lib:/usr/local/11.6.0/lib64:/usr/local/nvidia/lib:/usr/local/nvidia/lib64 PATH=/root/researchv2/install/urg_c/bin:/root/sirius/sirius_ws/install/kobuki_core/bin:/root/.vscode-server/bin/97dec172d3256f8ca4bfb2143f3f76b503ca0534/bin/remote-cli:/opt/ros/galactic/bin:= /usr/local/11.6.0/bin:/usr/local/nvidia/bin:/usr/local/cuda/bin:/usr/local/sbin:/usr/local/bin:/usr/sbin:/usr/bin:/sbin:/bin PYTHONPATH=/root/researchv2/install/urg_node_msgs/lib/python3.8/site-packages:/root/sirius/sirius_ws/install/kobuki_ros_interfaces/lib/python3.8/site-packages:/root/openpifpaf_ros2/install/rgbd_openpifpaf_ros2/lib/python3.8/site-packages:/root/openpifpaf_ros2/install/realsense2_camera_msgs/lib/python3.8/site-packages:/root/openpifpaf_ros2/install/pose_checker/lib/python3.8/site-packages:/root/openpifpaf_ros2/install/openpifpaf_ros2_node/lib/python3.8/site-packages:/root/openpifpaf_ros2/install/openpifpaf_ros2_msgs/lib/python3.8/site-packages:/root/researchv2/install/slam_toolbox/lib/python3.8/site-packages:/root/researchv2/install/chaser_system/lib/python3.8/site-packages:/root/researchv2/install/mymsg/lib/python3.8/site-packages:/opt/ros/galactic/lib/python3.8/site-packages /usr/bin/cmake /root/researchv2/src/urg_node -DCMAKE_INSTALL_PREFIX=/root/researchv2/install/urg_node
[4.106s] Invoking command in '/root/researchv2/build/urg_node': CMAKE_PREFIX_PATH=/root/researchv2/install/urg_node_msgs:/root/researchv2/install/urg_c:/root/researchv2/install/laser_proc:/root/sirius/sirius_ws/install/kobuki_velocity_smoother:/root/sirius/sirius_ws/install/kobuki_ros:/root/sirius/sirius_ws/install/kobuki_safety_controller:/root/sirius/sirius_ws/install/kobuki_random_walker:/root/sirius/sirius_ws/install/kobuki_node:/root/sirius/sirius_ws/install/kobuki_keyop:/root/sirius/sirius_ws/install/kobuki_bumper2pc:/root/sirius/sirius_ws/install/kobuki_auto_docking:/root/sirius/sirius_ws/install/kobuki_ros_interfaces:/root/sirius/sirius_ws/install/kobuki_description:/root/sirius/sirius_ws/install/kobuki_core:/root/openpifpaf_ros2/install/realsense2_description:/root/openpifpaf_ros2/install/realsense2_camera:/root/openpifpaf_ros2/install/realsense2_camera_msgs:/root/openpifpaf_ros2/install/openpifpaf_ros2_msgs:/root/researchv2/install/urg_node:/root/researchv2/install/turtlebot3_simulations:/root/researchv2/install/turtlebot3_gazebo:/root/researchv2/install/turtlebot3_fake_node:/root/researchv2/install/slam_toolbox:/root/researchv2/install/mymsg:/root/openpifpaf_ros2/install/rgbd_openpifpaf_ros2:/root/openpifpaf_ros2/install/pose_checker:/root/openpifpaf_ros2/install/openpifpaf_ros2_node:/root/researchv2/install/chaser_system:/opt/ros/galactic LD_LIBRARY_PATH=/root/researchv2/install/urg_node_msgs/lib:/root/researchv2/install/urg_c/lib:/root/researchv2/install/laser_proc/lib:/root/sirius/sirius_ws/install/kobuki_velocity_smoother/lib:/root/sirius/sirius_ws/install/kobuki_safety_controller/lib:/root/sirius/sirius_ws/install/kobuki_node/lib:/root/sirius/sirius_ws/install/kobuki_keyop/lib:/root/sirius/sirius_ws/install/kobuki_ros_interfaces/lib:/root/sirius/sirius_ws/install/kobuki_core/lib:/root/openpifpaf_ros2/install/realsense2_camera/lib:/root/openpifpaf_ros2/install/realsense2_camera_msgs/lib:/root/openpifpaf_ros2/install/openpifpaf_ros2_msgs/lib:/root/researchv2/install/urg_node/lib:/root/researchv2/install/slam_toolbox/lib:/root/researchv2/install/mymsg/lib:/usr/lib/x86_64-linux-gnu/gazebo-11/plugins:/opt/ros/galactic/opt/yaml_cpp_vendor/lib:/opt/ros/galactic/opt/rviz_ogre_vendor/lib:/opt/ros/galactic/lib/x86_64-linux-gnu:/opt/ros/galactic/lib:/usr/local/11.6.0/lib64:/usr/local/nvidia/lib:/usr/local/nvidia/lib64 PATH=/root/researchv2/install/urg_c/bin:/root/sirius/sirius_ws/install/kobuki_core/bin:/root/.vscode-server/bin/97dec172d3256f8ca4bfb2143f3f76b503ca0534/bin/remote-cli:/opt/ros/galactic/bin:= /usr/local/11.6.0/bin:/usr/local/nvidia/bin:/usr/local/cuda/bin:/usr/local/sbin:/usr/local/bin:/usr/sbin:/usr/bin:/sbin:/bin PYTHONPATH=/root/researchv2/install/urg_node_msgs/lib/python3.8/site-packages:/root/sirius/sirius_ws/install/kobuki_ros_interfaces/lib/python3.8/site-packages:/root/openpifpaf_ros2/install/rgbd_openpifpaf_ros2/lib/python3.8/site-packages:/root/openpifpaf_ros2/install/realsense2_camera_msgs/lib/python3.8/site-packages:/root/openpifpaf_ros2/install/pose_checker/lib/python3.8/site-packages:/root/openpifpaf_ros2/install/openpifpaf_ros2_node/lib/python3.8/site-packages:/root/openpifpaf_ros2/install/openpifpaf_ros2_msgs/lib/python3.8/site-packages:/root/researchv2/install/slam_toolbox/lib/python3.8/site-packages:/root/researchv2/install/chaser_system/lib/python3.8/site-packages:/root/researchv2/install/mymsg/lib/python3.8/site-packages:/opt/ros/galactic/lib/python3.8/site-packages /usr/bin/cmake --build /root/researchv2/build/urg_node -- -j12 -l12
[4.178s] [35m[1mScanning dependencies of target urg_node_driver[0m
[4.178s] [35m[1mScanning dependencies of target urg_node[0m
[4.281s] [ 14%] [32mBuilding CXX object CMakeFiles/urg_node_driver.dir/rclcpp_components/node_main_urg_node_driver.cpp.o[0m
[4.321s] [ 28%] [32mBuilding CXX object CMakeFiles/urg_node.dir/src/urg_c_wrapper.cpp.o[0m
[4.322s] [ 42%] [32mBuilding CXX object CMakeFiles/urg_node.dir/src/urg_node.cpp.o[0m
[7.341s] [01m[K/root/researchv2/src/urg_node/src/urg_c_wrapper.cpp:[m[K In constructor ‘[01m[Kurg_node::URGCWrapper::URGCWrapper(const urg_node::EthernetConnection&, bool&, bool&, const rclcpp::Logger&)[m[K’:
[7.341s] [01m[K/root/researchv2/src/urg_node/src/urg_c_wrapper.cpp:57:17:[m[K [01;35m[Kwarning: [m[K‘[01m[Krclcpp::Duration::Duration(rcl_duration_value_t)[m[K’ is deprecated: Use Duration::from_nanoseconds instead or std::chrono_literals. For example:rclcpp::Duration::from_nanoseconds(int64_variable);rclcpp::Duration(0ns); [[01;35m[K-Wdeprecated-declarations[m[K]
[7.342s]    57 |   logger_(logger[01;35m[K)[m[K
[7.342s]       |                 [01;35m[K^[m[K
[7.342s] In file included from [01m[K/opt/ros/galactic/include/rclcpp/qos.hpp:20[m[K,
[7.342s]                  from [01m[K/opt/ros/galactic/include/rclcpp/node_interfaces/node_graph_interface.hpp:31[m[K,
[7.342s]                  from [01m[K/opt/ros/galactic/include/rclcpp/client.hpp:34[m[K,
[7.343s]                  from [01m[K/opt/ros/galactic/include/rclcpp/callback_group.hpp:23[m[K,
[7.343s]                  from [01m[K/opt/ros/galactic/include/rclcpp/any_executable.hpp:20[m[K,
[7.343s]                  from [01m[K/opt/ros/galactic/include/rclcpp/memory_strategy.hpp:25[m[K,
[7.343s]                  from [01m[K/opt/ros/galactic/include/rclcpp/memory_strategies.hpp:18[m[K,
[7.343s]                  from [01m[K/opt/ros/galactic/include/rclcpp/executor_options.hpp:20[m[K,
[7.344s]                  from [01m[K/opt/ros/galactic/include/rclcpp/executor.hpp:36[m[K,
[7.344s]                  from [01m[K/opt/ros/galactic/include/rclcpp/executors/multi_threaded_executor.hpp:26[m[K,
[7.344s]                  from [01m[K/opt/ros/galactic/include/rclcpp/executors.hpp:21[m[K,
[7.344s]                  from [01m[K/opt/ros/galactic/include/rclcpp/rclcpp.hpp:156[m[K,
[7.344s]                  from [01m[K/root/researchv2/src/urg_node/include/urg_node/urg_c_wrapper.hpp:44[m[K,
[7.344s]                  from [01m[K/root/researchv2/src/urg_node/src/urg_c_wrapper.cpp:34[m[K:
[7.345s] [01m[K/opt/ros/galactic/include/rclcpp/duration.hpp:46:12:[m[K [01;36m[Knote: [m[Kdeclared here
[7.345s]    46 |   explicit [01;36m[KDuration[m[K(rcl_duration_value_t nanoseconds);
[7.345s]       |            [01;36m[K^~~~~~~~[m[K
[7.345s] [01m[K/root/researchv2/src/urg_node/src/urg_c_wrapper.cpp:57:17:[m[K [01;35m[Kwarning: [m[K‘[01m[Krclcpp::Duration::Duration(rcl_duration_value_t)[m[K’ is deprecated: Use Duration::from_nanoseconds instead or std::chrono_literals. For example:rclcpp::Duration::from_nanoseconds(int64_variable);rclcpp::Duration(0ns); [[01;35m[K-Wdeprecated-declarations[m[K]
[7.346s]    57 |   logger_(logger[01;35m[K)[m[K
[7.346s]       |                 [01;35m[K^[m[K
[7.346s] In file included from [01m[K/opt/ros/galactic/include/rclcpp/qos.hpp:20[m[K,
[7.346s]                  from [01m[K/opt/ros/galactic/include/rclcpp/node_interfaces/node_graph_interface.hpp:31[m[K,
[7.346s]                  from [01m[K/opt/ros/galactic/include/rclcpp/client.hpp:34[m[K,
[7.346s]                  from [01m[K/opt/ros/galactic/include/rclcpp/callback_group.hpp:23[m[K,
[7.347s]                  from [01m[K/opt/ros/galactic/include/rclcpp/any_executable.hpp:20[m[K,
[7.347s]                  from [01m[K/opt/ros/galactic/include/rclcpp/memory_strategy.hpp:25[m[K,
[7.347s]                  from [01m[K/opt/ros/galactic/include/rclcpp/memory_strategies.hpp:18[m[K,
[7.347s]                  from [01m[K/opt/ros/galactic/include/rclcpp/executor_options.hpp:20[m[K,
[7.347s]                  from [01m[K/opt/ros/galactic/include/rclcpp/executor.hpp:36[m[K,
[7.347s]                  from [01m[K/opt/ros/galactic/include/rclcpp/executors/multi_threaded_executor.hpp:26[m[K,
[7.348s]                  from [01m[K/opt/ros/galactic/include/rclcpp/executors.hpp:21[m[K,
[7.348s]                  from [01m[K/opt/ros/galactic/include/rclcpp/rclcpp.hpp:156[m[K,
[7.348s]                  from [01m[K/root/researchv2/src/urg_node/include/urg_node/urg_c_wrapper.hpp:44[m[K,
[7.348s]                  from [01m[K/root/researchv2/src/urg_node/src/urg_c_wrapper.cpp:34[m[K:
[7.348s] [01m[K/opt/ros/galactic/include/rclcpp/duration.hpp:46:12:[m[K [01;36m[Knote: [m[Kdeclared here
[7.348s]    46 |   explicit [01;36m[KDuration[m[K(rcl_duration_value_t nanoseconds);
[7.349s]       |            [01;36m[K^~~~~~~~[m[K
[7.349s] [01m[K/root/researchv2/src/urg_node/src/urg_c_wrapper.cpp:[m[K In constructor ‘[01m[Kurg_node::URGCWrapper::URGCWrapper(const urg_node::SerialConnection&, bool&, bool&, const rclcpp::Logger&)[m[K’:
[7.349s] [01m[K/root/researchv2/src/urg_node/src/urg_c_wrapper.cpp:87:17:[m[K [01;35m[Kwarning: [m[K‘[01m[Krclcpp::Duration::Duration(rcl_duration_value_t)[m[K’ is deprecated: Use Duration::from_nanoseconds instead or std::chrono_literals. For example:rclcpp::Duration::from_nanoseconds(int64_variable);rclcpp::Duration(0ns); [[01;35m[K-Wdeprecated-declarations[m[K]
[7.349s]    87 |   logger_(logger[01;35m[K)[m[K
[7.349s]       |                 [01;35m[K^[m[K
[7.349s] In file included from [01m[K/opt/ros/galactic/include/rclcpp/qos.hpp:20[m[K,
[7.350s]                  from [01m[K/opt/ros/galactic/include/rclcpp/node_interfaces/node_graph_interface.hpp:31[m[K,
[7.350s]                  from [01m[K/opt/ros/galactic/include/rclcpp/client.hpp:34[m[K,
[7.350s]                  from [01m[K/opt/ros/galactic/include/rclcpp/callback_group.hpp:23[m[K,
[7.350s]                  from [01m[K/opt/ros/galactic/include/rclcpp/any_executable.hpp:20[m[K,
[7.350s]                  from [01m[K/opt/ros/galactic/include/rclcpp/memory_strategy.hpp:25[m[K,
[7.351s]                  from [01m[K/opt/ros/galactic/include/rclcpp/memory_strategies.hpp:18[m[K,
[7.351s]                  from [01m[K/opt/ros/galactic/include/rclcpp/executor_options.hpp:20[m[K,
[7.351s]                  from [01m[K/opt/ros/galactic/include/rclcpp/executor.hpp:36[m[K,
[7.351s]                  from [01m[K/opt/ros/galactic/include/rclcpp/executors/multi_threaded_executor.hpp:26[m[K,
[7.351s]                  from [01m[K/opt/ros/galactic/include/rclcpp/executors.hpp:21[m[K,
[7.351s]                  from [01m[K/opt/ros/galactic/include/rclcpp/rclcpp.hpp:156[m[K,
[7.352s]                  from [01m[K/root/researchv2/src/urg_node/include/urg_node/urg_c_wrapper.hpp:44[m[K,
[7.352s]                  from [01m[K/root/researchv2/src/urg_node/src/urg_c_wrapper.cpp:34[m[K:
[7.352s] [01m[K/opt/ros/galactic/include/rclcpp/duration.hpp:46:12:[m[K [01;36m[Knote: [m[Kdeclared here
[7.352s]    46 |   explicit [01;36m[KDuration[m[K(rcl_duration_value_t nanoseconds);
[7.352s]       |            [01;36m[K^~~~~~~~[m[K
[7.352s] [01m[K/root/researchv2/src/urg_node/src/urg_c_wrapper.cpp:87:17:[m[K [01;35m[Kwarning: [m[K‘[01m[Krclcpp::Duration::Duration(rcl_duration_value_t)[m[K’ is deprecated: Use Duration::from_nanoseconds instead or std::chrono_literals. For example:rclcpp::Duration::from_nanoseconds(int64_variable);rclcpp::Duration(0ns); [[01;35m[K-Wdeprecated-declarations[m[K]
[7.353s]    87 |   logger_(logger[01;35m[K)[m[K
[7.353s]       |                 [01;35m[K^[m[K
[7.353s] In file included from [01m[K/opt/ros/galactic/include/rclcpp/qos.hpp:20[m[K,
[7.353s]                  from [01m[K/opt/ros/galactic/include/rclcpp/node_interfaces/node_graph_interface.hpp:31[m[K,
[7.353s]                  from [01m[K/opt/ros/galactic/include/rclcpp/client.hpp:34[m[K,
[7.353s]                  from [01m[K/opt/ros/galactic/include/rclcpp/callback_group.hpp:23[m[K,
[7.354s]                  from [01m[K/opt/ros/galactic/include/rclcpp/any_executable.hpp:20[m[K,
[7.354s]                  from [01m[K/opt/ros/galactic/include/rclcpp/memory_strategy.hpp:25[m[K,
[7.354s]                  from [01m[K/opt/ros/galactic/include/rclcpp/memory_strategies.hpp:18[m[K,
[7.354s]                  from [01m[K/opt/ros/galactic/include/rclcpp/executor_options.hpp:20[m[K,
[7.354s]                  from [01m[K/opt/ros/galactic/include/rclcpp/executor.hpp:36[m[K,
[7.354s]                  from [01m[K/opt/ros/galactic/include/rclcpp/executors/multi_threaded_executor.hpp:26[m[K,
[7.355s]                  from [01m[K/opt/ros/galactic/include/rclcpp/executors.hpp:21[m[K,
[7.355s]                  from [01m[K/opt/ros/galactic/include/rclcpp/rclcpp.hpp:156[m[K,
[7.355s]                  from [01m[K/root/researchv2/src/urg_node/include/urg_node/urg_c_wrapper.hpp:44[m[K,
[7.355s]                  from [01m[K/root/researchv2/src/urg_node/src/urg_c_wrapper.cpp:34[m[K:
[7.355s] [01m[K/opt/ros/galactic/include/rclcpp/duration.hpp:46:12:[m[K [01;36m[Knote: [m[Kdeclared here
[7.355s]    46 |   explicit [01;36m[KDuration[m[K(rcl_duration_value_t nanoseconds);
[7.356s]       |            [01;36m[K^~~~~~~~[m[K
[7.668s] In file included from [01m[K/opt/ros/galactic/include/rclcpp/client.hpp:40[m[K,
[7.668s]                  from [01m[K/opt/ros/galactic/include/rclcpp/callback_group.hpp:23[m[K,
[7.669s]                  from [01m[K/opt/ros/galactic/include/rclcpp/any_executable.hpp:20[m[K,
[7.669s]                  from [01m[K/opt/ros/galactic/include/rclcpp/memory_strategy.hpp:25[m[K,
[7.669s]                  from [01m[K/opt/ros/galactic/include/rclcpp/memory_strategies.hpp:18[m[K,
[7.669s]                  from [01m[K/opt/ros/galactic/include/rclcpp/executor_options.hpp:20[m[K,
[7.669s]                  from [01m[K/opt/ros/galactic/include/rclcpp/executor.hpp:36[m[K,
[7.669s]                  from [01m[K/opt/ros/galactic/include/rclcpp/executors/multi_threaded_executor.hpp:26[m[K,
[7.670s]                  from [01m[K/opt/ros/galactic/include/rclcpp/executors.hpp:21[m[K,
[7.670s]                  from [01m[K/opt/ros/galactic/include/rclcpp/rclcpp.hpp:156[m[K,
[7.670s]                  from [01m[K/root/researchv2/src/urg_node/include/urg_node/urg_c_wrapper.hpp:44[m[K,
[7.670s]                  from [01m[K/root/researchv2/src/urg_node/src/urg_c_wrapper.cpp:34[m[K:
[7.670s] [01m[K/root/researchv2/src/urg_node/src/urg_c_wrapper.cpp:[m[K In member function ‘[01m[Kstd::string urg_node::URGCWrapper::sendCommand(std::string)[m[K’:
[7.670s] [01m[K/root/researchv2/src/urg_node/src/urg_c_wrapper.cpp:588:16:[m[K [01;35m[Kwarning: [m[Kformat ‘[01m[K%lu[m[K’ expects argument of type ‘[01m[Klong unsigned int[m[K’, but argument 5 has type ‘[01m[Kuint32_t[m[K’ {aka ‘[01m[Kunsigned int[m[K’} [[01;35m[K-Wformat=[m[K]
[7.670s]   588 |       logger_, [01;35m[K"Buffer creation bounds exceeded, shouldn't allocate: %lu bytes"[m[K,
[7.671s]       |                [01;35m[K^~~~~~~~~~~~~~~~~~~~~~~~~~~~~~~~~~~~~~~~~~~~~~~~~~~~~~~~~~~~~~~~[m[K
[7.671s]   589 |       [32m[Karr_size[m[K);
[7.671s]       |       [32m[K~~~~~~~~[m[K  
[7.671s]       |       [32m[K|[m[K
[7.671s]       |       [32m[Kuint32_t {aka unsigned int}[m[K
[7.671s] [01m[K/root/researchv2/src/urg_node/src/urg_c_wrapper.cpp:588:72:[m[K [01;36m[Knote: [m[Kformat string is defined here
[7.671s]   588 |       logger_, "Buffer creation bounds exceeded, shouldn't allocate: [01;36m[K%lu[m[K bytes",
[7.671s]       |                                                                      [01;36m[K~~^[m[K
[7.672s]       |                                                                        [01;36m[K|[m[K
[7.672s]       |                                                                        [01;36m[Klong unsigned int[m[K
[7.672s]       |                                                                      [32m[K%u[m[K
[7.672s] In file included from [01m[K/opt/ros/galactic/include/rclcpp/client.hpp:40[m[K,
[7.672s]                  from [01m[K/opt/ros/galactic/include/rclcpp/callback_group.hpp:23[m[K,
[7.672s]                  from [01m[K/opt/ros/galactic/include/rclcpp/any_executable.hpp:20[m[K,
[7.672s]                  from [01m[K/opt/ros/galactic/include/rclcpp/memory_strategy.hpp:25[m[K,
[7.673s]                  from [01m[K/opt/ros/galactic/include/rclcpp/memory_strategies.hpp:18[m[K,
[7.673s]                  from [01m[K/opt/ros/galactic/include/rclcpp/executor_options.hpp:20[m[K,
[7.673s]                  from [01m[K/opt/ros/galactic/include/rclcpp/executor.hpp:36[m[K,
[7.673s]                  from [01m[K/opt/ros/galactic/include/rclcpp/executors/multi_threaded_executor.hpp:26[m[K,
[7.673s]                  from [01m[K/opt/ros/galactic/include/rclcpp/executors.hpp:21[m[K,
[7.673s]                  from [01m[K/opt/ros/galactic/include/rclcpp/rclcpp.hpp:156[m[K,
[7.674s]                  from [01m[K/root/researchv2/src/urg_node/include/urg_node/urg_c_wrapper.hpp:44[m[K,
[7.674s]                  from [01m[K/root/researchv2/src/urg_node/src/urg_c_wrapper.cpp:34[m[K:
[7.674s] [01m[K/root/researchv2/src/urg_node/src/urg_c_wrapper.cpp:594:25:[m[K [01;35m[Kwarning: [m[Kformat ‘[01m[K%lu[m[K’ expects argument of type ‘[01m[Klong unsigned int[m[K’, but argument 5 has type ‘[01m[Kuint32_t[m[K’ {aka ‘[01m[Kunsigned int[m[K’} [[01;35m[K-Wformat=[m[K]
[7.674s]   594 |   RCLCPP_DEBUG(logger_, [01;35m[K"Creating buffer read of arr_Size: %lu bytes"[m[K, [32m[Karr_size[m[K);
[7.674s]       |                         [01;35m[K^~~~~~~~~~~~~~~~~~~~~~~~~~~~~~~~~~~~~~~~~~~~~[m[K  [32m[K~~~~~~~~[m[K
[7.674s]       |                                                                        [32m[K|[m[K
[7.674s]       |                                                                        [32m[Kuint32_t {aka unsigned int}[m[K
[7.674s] [01m[K/root/researchv2/src/urg_node/src/urg_c_wrapper.cpp:594:62:[m[K [01;36m[Knote: [m[Kformat string is defined here
[7.675s]   594 |   RCLCPP_DEBUG(logger_, "Creating buffer read of arr_Size: [01;36m[K%lu[m[K bytes", arr_size);
[7.675s]       |                                                            [01;36m[K~~^[m[K
[7.675s]       |                                                              [01;36m[K|[m[K
[7.675s]       |                                                              [01;36m[Klong unsigned int[m[K
[7.675s]       |                                                            [32m[K%u[m[K
[7.688s] [01m[K/root/researchv2/src/urg_node/src/urg_c_wrapper.cpp:[m[K In member function ‘[01m[Kvoid urg_node::URGCWrapper::setUserLatency(double)[m[K’:
[7.689s] [01m[K/root/researchv2/src/urg_node/src/urg_c_wrapper.cpp:775:49:[m[K [01;35m[Kwarning: [m[K‘[01m[Krclcpp::Duration::Duration(rcl_duration_value_t)[m[K’ is deprecated: Use Duration::from_nanoseconds instead or std::chrono_literals. For example:rclcpp::Duration::from_nanoseconds(int64_variable);rclcpp::Duration(0ns); [[01;35m[K-Wdeprecated-declarations[m[K]
[7.689s]   775 |   user_latency_ = rclcpp::Duration(1e9 * latency[01;35m[K)[m[K;
[7.689s]       |                                                 [01;35m[K^[m[K
[7.689s] In file included from [01m[K/opt/ros/galactic/include/rclcpp/qos.hpp:20[m[K,
[7.689s]                  from [01m[K/opt/ros/galactic/include/rclcpp/node_interfaces/node_graph_interface.hpp:31[m[K,
[7.689s]                  from [01m[K/opt/ros/galactic/include/rclcpp/client.hpp:34[m[K,
[7.689s]                  from [01m[K/opt/ros/galactic/include/rclcpp/callback_group.hpp:23[m[K,
[7.690s]                  from [01m[K/opt/ros/galactic/include/rclcpp/any_executable.hpp:20[m[K,
[7.690s]                  from [01m[K/opt/ros/galactic/include/rclcpp/memory_strategy.hpp:25[m[K,
[7.690s]                  from [01m[K/opt/ros/galactic/include/rclcpp/memory_strategies.hpp:18[m[K,
[7.691s]                  from [01m[K/opt/ros/galactic/include/rclcpp/executor_options.hpp:20[m[K,
[7.691s]                  from [01m[K/opt/ros/galactic/include/rclcpp/executor.hpp:36[m[K,
[7.691s]                  from [01m[K/opt/ros/galactic/include/rclcpp/executors/multi_threaded_executor.hpp:26[m[K,
[7.691s]                  from [01m[K/opt/ros/galactic/include/rclcpp/executors.hpp:21[m[K,
[7.691s]                  from [01m[K/opt/ros/galactic/include/rclcpp/rclcpp.hpp:156[m[K,
[7.691s]                  from [01m[K/root/researchv2/src/urg_node/include/urg_node/urg_c_wrapper.hpp:44[m[K,
[7.691s]                  from [01m[K/root/researchv2/src/urg_node/src/urg_c_wrapper.cpp:34[m[K:
[7.692s] [01m[K/opt/ros/galactic/include/rclcpp/duration.hpp:46:12:[m[K [01;36m[Knote: [m[Kdeclared here
[7.692s]    46 |   explicit [01;36m[KDuration[m[K(rcl_duration_value_t nanoseconds);
[7.692s]       |            [01;36m[K^~~~~~~~[m[K
[7.692s] [01m[K/root/researchv2/src/urg_node/src/urg_c_wrapper.cpp:[m[K In member function ‘[01m[Krclcpp::Duration urg_node::URGCWrapper::getAngularTimeOffset() const[m[K’:
[7.692s] [01m[K/root/researchv2/src/urg_node/src/urg_c_wrapper.cpp:864:68:[m[K [01;35m[Kwarning: [m[K‘[01m[Krclcpp::Duration::Duration(rcl_duration_value_t)[m[K’ is deprecated: Use Duration::from_nanoseconds instead or std::chrono_literals. For example:rclcpp::Duration::from_nanoseconds(int64_variable);rclcpp::Duration(0ns); [[01;35m[K-Wdeprecated-declarations[m[K]
[7.692s]   864 |   return rclcpp::Duration((circle_fraction * getScanPeriod()) * 1e9[01;35m[K)[m[K;
[7.692s]       |                                                                    [01;35m[K^[m[K
[7.693s] In file included from [01m[K/opt/ros/galactic/include/rclcpp/qos.hpp:20[m[K,
[7.693s]                  from [01m[K/opt/ros/galactic/include/rclcpp/node_interfaces/node_graph_interface.hpp:31[m[K,
[7.693s]                  from [01m[K/opt/ros/galactic/include/rclcpp/client.hpp:34[m[K,
[7.693s]                  from [01m[K/opt/ros/galactic/include/rclcpp/callback_group.hpp:23[m[K,
[7.693s]                  from [01m[K/opt/ros/galactic/include/rclcpp/any_executable.hpp:20[m[K,
[7.693s]                  from [01m[K/opt/ros/galactic/include/rclcpp/memory_strategy.hpp:25[m[K,
[7.693s]                  from [01m[K/opt/ros/galactic/include/rclcpp/memory_strategies.hpp:18[m[K,
[7.694s]                  from [01m[K/opt/ros/galactic/include/rclcpp/executor_options.hpp:20[m[K,
[7.694s]                  from [01m[K/opt/ros/galactic/include/rclcpp/executor.hpp:36[m[K,
[7.694s]                  from [01m[K/opt/ros/galactic/include/rclcpp/executors/multi_threaded_executor.hpp:26[m[K,
[7.694s]                  from [01m[K/opt/ros/galactic/include/rclcpp/executors.hpp:21[m[K,
[7.694s]                  from [01m[K/opt/ros/galactic/include/rclcpp/rclcpp.hpp:156[m[K,
[7.694s]                  from [01m[K/root/researchv2/src/urg_node/include/urg_node/urg_c_wrapper.hpp:44[m[K,
[7.694s]                  from [01m[K/root/researchv2/src/urg_node/src/urg_c_wrapper.cpp:34[m[K:
[7.695s] [01m[K/opt/ros/galactic/include/rclcpp/duration.hpp:46:12:[m[K [01;36m[Knote: [m[Kdeclared here
[7.695s]    46 |   explicit [01;36m[KDuration[m[K(rcl_duration_value_t nanoseconds);
[7.695s]       |            [01;36m[K^~~~~~~~[m[K
[7.695s] [01m[K/root/researchv2/src/urg_node/src/urg_c_wrapper.cpp:[m[K In member function ‘[01m[Krclcpp::Duration urg_node::URGCWrapper::computeLatency(size_t)[m[K’:
[7.695s] [01m[K/root/researchv2/src/urg_node/src/urg_c_wrapper.cpp:869:39:[m[K [01;35m[Kwarning: [m[K‘[01m[Krclcpp::Duration::Duration(rcl_duration_value_t)[m[K’ is deprecated: Use Duration::from_nanoseconds instead or std::chrono_literals. For example:rclcpp::Duration::from_nanoseconds(int64_variable);rclcpp::Duration(0ns); [[01;35m[K-Wdeprecated-declarations[m[K]
[7.696s]   869 |   system_latency_ = rclcpp::Duration(0[01;35m[K)[m[K;
[7.696s]       |                                       [01;35m[K^[m[K
[7.696s] In file included from [01m[K/opt/ros/galactic/include/rclcpp/qos.hpp:20[m[K,
[7.696s]                  from [01m[K/opt/ros/galactic/include/rclcpp/node_interfaces/node_graph_interface.hpp:31[m[K,
[7.696s]                  from [01m[K/opt/ros/galactic/include/rclcpp/client.hpp:34[m[K,
[7.696s]                  from [01m[K/opt/ros/galactic/include/rclcpp/callback_group.hpp:23[m[K,
[7.696s]                  from [01m[K/opt/ros/galactic/include/rclcpp/any_executable.hpp:20[m[K,
[7.697s]                  from [01m[K/opt/ros/galactic/include/rclcpp/memory_strategy.hpp:25[m[K,
[7.697s]                  from [01m[K/opt/ros/galactic/include/rclcpp/memory_strategies.hpp:18[m[K,
[7.697s]                  from [01m[K/opt/ros/galactic/include/rclcpp/executor_options.hpp:20[m[K,
[7.697s]                  from [01m[K/opt/ros/galactic/include/rclcpp/executor.hpp:36[m[K,
[7.697s]                  from [01m[K/opt/ros/galactic/include/rclcpp/executors/multi_threaded_executor.hpp:26[m[K,
[7.697s]                  from [01m[K/opt/ros/galactic/include/rclcpp/executors.hpp:21[m[K,
[7.697s]                  from [01m[K/opt/ros/galactic/include/rclcpp/rclcpp.hpp:156[m[K,
[7.698s]                  from [01m[K/root/researchv2/src/urg_node/include/urg_node/urg_c_wrapper.hpp:44[m[K,
[7.698s]                  from [01m[K/root/researchv2/src/urg_node/src/urg_c_wrapper.cpp:34[m[K:
[7.698s] [01m[K/opt/ros/galactic/include/rclcpp/duration.hpp:46:12:[m[K [01;36m[Knote: [m[Kdeclared here
[7.698s]    46 |   explicit [01;36m[KDuration[m[K(rcl_duration_value_t nanoseconds);
[7.698s]       |            [01;36m[K^~~~~~~~[m[K
[7.698s] [01m[K/root/researchv2/src/urg_node/src/urg_c_wrapper.cpp:872:37:[m[K [01;35m[Kwarning: [m[K‘[01m[Krclcpp::Duration::Duration(rcl_duration_value_t)[m[K’ is deprecated: Use Duration::from_nanoseconds instead or std::chrono_literals. For example:rclcpp::Duration::from_nanoseconds(int64_variable);rclcpp::Duration(0ns); [[01;35m[K-Wdeprecated-declarations[m[K]
[7.698s]   872 |   rclcpp::Duration previous_offset(0[01;35m[K)[m[K;
[7.699s]       |                                     [01;35m[K^[m[K
[7.699s] In file included from [01m[K/opt/ros/galactic/include/rclcpp/qos.hpp:20[m[K,
[7.699s]                  from [01m[K/opt/ros/galactic/include/rclcpp/node_interfaces/node_graph_interface.hpp:31[m[K,
[7.699s]                  from [01m[K/opt/ros/galactic/include/rclcpp/client.hpp:34[m[K,
[7.699s]                  from [01m[K/opt/ros/galactic/include/rclcpp/callback_group.hpp:23[m[K,
[7.699s]                  from [01m[K/opt/ros/galactic/include/rclcpp/any_executable.hpp:20[m[K,
[7.699s]                  from [01m[K/opt/ros/galactic/include/rclcpp/memory_strategy.hpp:25[m[K,
[7.700s]                  from [01m[K/opt/ros/galactic/include/rclcpp/memory_strategies.hpp:18[m[K,
[7.700s]                  from [01m[K/opt/ros/galactic/include/rclcpp/executor_options.hpp:20[m[K,
[7.700s]                  from [01m[K/opt/ros/galactic/include/rclcpp/executor.hpp:36[m[K,
[7.700s]                  from [01m[K/opt/ros/galactic/include/rclcpp/executors/multi_threaded_executor.hpp:26[m[K,
[7.700s]                  from [01m[K/opt/ros/galactic/include/rclcpp/executors.hpp:21[m[K,
[7.700s]                  from [01m[K/opt/ros/galactic/include/rclcpp/rclcpp.hpp:156[m[K,
[7.700s]                  from [01m[K/root/researchv2/src/urg_node/include/urg_node/urg_c_wrapper.hpp:44[m[K,
[7.701s]                  from [01m[K/root/researchv2/src/urg_node/src/urg_c_wrapper.cpp:34[m[K:
[7.701s] [01m[K/opt/ros/galactic/include/rclcpp/duration.hpp:46:12:[m[K [01;36m[Knote: [m[Kdeclared here
[7.701s]    46 |   explicit [01;36m[KDuration[m[K(rcl_duration_value_t nanoseconds);
[7.701s]       |            [01;36m[K^~~~~~~~[m[K
[7.701s] [01m[K/root/researchv2/src/urg_node/src/urg_c_wrapper.cpp:881:85:[m[K [01;35m[Kwarning: [m[K‘[01m[Krclcpp::Duration::Duration(rcl_duration_value_t)[m[K’ is deprecated: Use Duration::from_nanoseconds instead or std::chrono_literals. For example:rclcpp::Duration::from_nanoseconds(int64_variable);rclcpp::Duration(0ns); [[01;35m[K-Wdeprecated-declarations[m[K]
[7.701s]   881 |       adjusted_post_offset.nanoseconds() / 2.0 + previous_offset.nanoseconds() / 2.0[01;35m[K)[m[K;
[7.701s]       |                                                                                     [01;35m[K^[m[K
[7.702s] In file included from [01m[K/opt/ros/galactic/include/rclcpp/qos.hpp:20[m[K,
[7.702s]                  from [01m[K/opt/ros/galactic/include/rclcpp/node_interfaces/node_graph_interface.hpp:31[m[K,
[7.702s]                  from [01m[K/opt/ros/galactic/include/rclcpp/client.hpp:34[m[K,
[7.702s]                  from [01m[K/opt/ros/galactic/include/rclcpp/callback_group.hpp:23[m[K,
[7.702s]                  from [01m[K/opt/ros/galactic/include/rclcpp/any_executable.hpp:20[m[K,
[7.702s]                  from [01m[K/opt/ros/galactic/include/rclcpp/memory_strategy.hpp:25[m[K,
[7.702s]                  from [01m[K/opt/ros/galactic/include/rclcpp/memory_strategies.hpp:18[m[K,
[7.703s]                  from [01m[K/opt/ros/galactic/include/rclcpp/executor_options.hpp:20[m[K,
[7.703s]                  from [01m[K/opt/ros/galactic/include/rclcpp/executor.hpp:36[m[K,
[7.703s]                  from [01m[K/opt/ros/galactic/include/rclcpp/executors/multi_threaded_executor.hpp:26[m[K,
[7.703s]                  from [01m[K/opt/ros/galactic/include/rclcpp/executors.hpp:21[m[K,
[7.703s]                  from [01m[K/opt/ros/galactic/include/rclcpp/rclcpp.hpp:156[m[K,
[7.703s]                  from [01m[K/root/researchv2/src/urg_node/include/urg_node/urg_c_wrapper.hpp:44[m[K,
[7.703s]                  from [01m[K/root/researchv2/src/urg_node/src/urg_c_wrapper.cpp:34[m[K:
[7.704s] [01m[K/opt/ros/galactic/include/rclcpp/duration.hpp:46:12:[m[K [01;36m[Knote: [m[Kdeclared here
[7.704s]    46 |   explicit [01;36m[KDuration[m[K(rcl_duration_value_t nanoseconds);
[7.704s]       |            [01;36m[K^~~~~~~~[m[K
[8.859s] [ 57%] [32m[1mLinking CXX executable urg_node_driver[0m
[9.096s] [ 57%] Built target urg_node_driver
[14.701s] [ 71%] [32m[1mLinking CXX shared library liburg_node.so[0m
[15.327s] [ 71%] Built target urg_node
[15.346s] [35m[1mScanning dependencies of target getID[0m
[15.449s] [ 85%] [32mBuilding CXX object CMakeFiles/getID.dir/src/get_id.cpp.o[0m
[18.897s] [100%] [32m[1mLinking CXX executable getID[0m
[19.246s] [100%] Built target getID
[19.266s] Invoked command in '/root/researchv2/build/urg_node' returned '0': CMAKE_PREFIX_PATH=/root/researchv2/install/urg_node_msgs:/root/researchv2/install/urg_c:/root/researchv2/install/laser_proc:/root/sirius/sirius_ws/install/kobuki_velocity_smoother:/root/sirius/sirius_ws/install/kobuki_ros:/root/sirius/sirius_ws/install/kobuki_safety_controller:/root/sirius/sirius_ws/install/kobuki_random_walker:/root/sirius/sirius_ws/install/kobuki_node:/root/sirius/sirius_ws/install/kobuki_keyop:/root/sirius/sirius_ws/install/kobuki_bumper2pc:/root/sirius/sirius_ws/install/kobuki_auto_docking:/root/sirius/sirius_ws/install/kobuki_ros_interfaces:/root/sirius/sirius_ws/install/kobuki_description:/root/sirius/sirius_ws/install/kobuki_core:/root/openpifpaf_ros2/install/realsense2_description:/root/openpifpaf_ros2/install/realsense2_camera:/root/openpifpaf_ros2/install/realsense2_camera_msgs:/root/openpifpaf_ros2/install/openpifpaf_ros2_msgs:/root/researchv2/install/urg_node:/root/researchv2/install/turtlebot3_simulations:/root/researchv2/install/turtlebot3_gazebo:/root/researchv2/install/turtlebot3_fake_node:/root/researchv2/install/slam_toolbox:/root/researchv2/install/mymsg:/root/openpifpaf_ros2/install/rgbd_openpifpaf_ros2:/root/openpifpaf_ros2/install/pose_checker:/root/openpifpaf_ros2/install/openpifpaf_ros2_node:/root/researchv2/install/chaser_system:/opt/ros/galactic LD_LIBRARY_PATH=/root/researchv2/install/urg_node_msgs/lib:/root/researchv2/install/urg_c/lib:/root/researchv2/install/laser_proc/lib:/root/sirius/sirius_ws/install/kobuki_velocity_smoother/lib:/root/sirius/sirius_ws/install/kobuki_safety_controller/lib:/root/sirius/sirius_ws/install/kobuki_node/lib:/root/sirius/sirius_ws/install/kobuki_keyop/lib:/root/sirius/sirius_ws/install/kobuki_ros_interfaces/lib:/root/sirius/sirius_ws/install/kobuki_core/lib:/root/openpifpaf_ros2/install/realsense2_camera/lib:/root/openpifpaf_ros2/install/realsense2_camera_msgs/lib:/root/openpifpaf_ros2/install/openpifpaf_ros2_msgs/lib:/root/researchv2/install/urg_node/lib:/root/researchv2/install/slam_toolbox/lib:/root/researchv2/install/mymsg/lib:/usr/lib/x86_64-linux-gnu/gazebo-11/plugins:/opt/ros/galactic/opt/yaml_cpp_vendor/lib:/opt/ros/galactic/opt/rviz_ogre_vendor/lib:/opt/ros/galactic/lib/x86_64-linux-gnu:/opt/ros/galactic/lib:/usr/local/11.6.0/lib64:/usr/local/nvidia/lib:/usr/local/nvidia/lib64 PATH=/root/researchv2/install/urg_c/bin:/root/sirius/sirius_ws/install/kobuki_core/bin:/root/.vscode-server/bin/97dec172d3256f8ca4bfb2143f3f76b503ca0534/bin/remote-cli:/opt/ros/galactic/bin:= /usr/local/11.6.0/bin:/usr/local/nvidia/bin:/usr/local/cuda/bin:/usr/local/sbin:/usr/local/bin:/usr/sbin:/usr/bin:/sbin:/bin PYTHONPATH=/root/researchv2/install/urg_node_msgs/lib/python3.8/site-packages:/root/sirius/sirius_ws/install/kobuki_ros_interfaces/lib/python3.8/site-packages:/root/openpifpaf_ros2/install/rgbd_openpifpaf_ros2/lib/python3.8/site-packages:/root/openpifpaf_ros2/install/realsense2_camera_msgs/lib/python3.8/site-packages:/root/openpifpaf_ros2/install/pose_checker/lib/python3.8/site-packages:/root/openpifpaf_ros2/install/openpifpaf_ros2_node/lib/python3.8/site-packages:/root/openpifpaf_ros2/install/openpifpaf_ros2_msgs/lib/python3.8/site-packages:/root/researchv2/install/slam_toolbox/lib/python3.8/site-packages:/root/researchv2/install/chaser_system/lib/python3.8/site-packages:/root/researchv2/install/mymsg/lib/python3.8/site-packages:/opt/ros/galactic/lib/python3.8/site-packages /usr/bin/cmake --build /root/researchv2/build/urg_node -- -j12 -l12
[19.329s] Invoking command in '/root/researchv2/build/urg_node': CMAKE_PREFIX_PATH=/root/researchv2/install/urg_node_msgs:/root/researchv2/install/urg_c:/root/researchv2/install/laser_proc:/root/sirius/sirius_ws/install/kobuki_velocity_smoother:/root/sirius/sirius_ws/install/kobuki_ros:/root/sirius/sirius_ws/install/kobuki_safety_controller:/root/sirius/sirius_ws/install/kobuki_random_walker:/root/sirius/sirius_ws/install/kobuki_node:/root/sirius/sirius_ws/install/kobuki_keyop:/root/sirius/sirius_ws/install/kobuki_bumper2pc:/root/sirius/sirius_ws/install/kobuki_auto_docking:/root/sirius/sirius_ws/install/kobuki_ros_interfaces:/root/sirius/sirius_ws/install/kobuki_description:/root/sirius/sirius_ws/install/kobuki_core:/root/openpifpaf_ros2/install/realsense2_description:/root/openpifpaf_ros2/install/realsense2_camera:/root/openpifpaf_ros2/install/realsense2_camera_msgs:/root/openpifpaf_ros2/install/openpifpaf_ros2_msgs:/root/researchv2/install/urg_node:/root/researchv2/install/turtlebot3_simulations:/root/researchv2/install/turtlebot3_gazebo:/root/researchv2/install/turtlebot3_fake_node:/root/researchv2/install/slam_toolbox:/root/researchv2/install/mymsg:/root/openpifpaf_ros2/install/rgbd_openpifpaf_ros2:/root/openpifpaf_ros2/install/pose_checker:/root/openpifpaf_ros2/install/openpifpaf_ros2_node:/root/researchv2/install/chaser_system:/opt/ros/galactic LD_LIBRARY_PATH=/root/researchv2/install/urg_node_msgs/lib:/root/researchv2/install/urg_c/lib:/root/researchv2/install/laser_proc/lib:/root/sirius/sirius_ws/install/kobuki_velocity_smoother/lib:/root/sirius/sirius_ws/install/kobuki_safety_controller/lib:/root/sirius/sirius_ws/install/kobuki_node/lib:/root/sirius/sirius_ws/install/kobuki_keyop/lib:/root/sirius/sirius_ws/install/kobuki_ros_interfaces/lib:/root/sirius/sirius_ws/install/kobuki_core/lib:/root/openpifpaf_ros2/install/realsense2_camera/lib:/root/openpifpaf_ros2/install/realsense2_camera_msgs/lib:/root/openpifpaf_ros2/install/openpifpaf_ros2_msgs/lib:/root/researchv2/install/urg_node/lib:/root/researchv2/install/slam_toolbox/lib:/root/researchv2/install/mymsg/lib:/usr/lib/x86_64-linux-gnu/gazebo-11/plugins:/opt/ros/galactic/opt/yaml_cpp_vendor/lib:/opt/ros/galactic/opt/rviz_ogre_vendor/lib:/opt/ros/galactic/lib/x86_64-linux-gnu:/opt/ros/galactic/lib:/usr/local/11.6.0/lib64:/usr/local/nvidia/lib:/usr/local/nvidia/lib64 PATH=/root/researchv2/install/urg_c/bin:/root/sirius/sirius_ws/install/kobuki_core/bin:/root/.vscode-server/bin/97dec172d3256f8ca4bfb2143f3f76b503ca0534/bin/remote-cli:/opt/ros/galactic/bin:= /usr/local/11.6.0/bin:/usr/local/nvidia/bin:/usr/local/cuda/bin:/usr/local/sbin:/usr/local/bin:/usr/sbin:/usr/bin:/sbin:/bin PYTHONPATH=/root/researchv2/install/urg_node_msgs/lib/python3.8/site-packages:/root/sirius/sirius_ws/install/kobuki_ros_interfaces/lib/python3.8/site-packages:/root/openpifpaf_ros2/install/rgbd_openpifpaf_ros2/lib/python3.8/site-packages:/root/openpifpaf_ros2/install/realsense2_camera_msgs/lib/python3.8/site-packages:/root/openpifpaf_ros2/install/pose_checker/lib/python3.8/site-packages:/root/openpifpaf_ros2/install/openpifpaf_ros2_node/lib/python3.8/site-packages:/root/openpifpaf_ros2/install/openpifpaf_ros2_msgs/lib/python3.8/site-packages:/root/researchv2/install/slam_toolbox/lib/python3.8/site-packages:/root/researchv2/install/chaser_system/lib/python3.8/site-packages:/root/researchv2/install/mymsg/lib/python3.8/site-packages:/opt/ros/galactic/lib/python3.8/site-packages /usr/bin/cmake --install /root/researchv2/build/urg_node
[19.342s] -- Install configuration: ""
[19.342s] -- Installing: /root/researchv2/install/urg_node/lib/urg_node/urg_node_driver
[19.344s] -- Set runtime path of "/root/researchv2/install/urg_node/lib/urg_node/urg_node_driver" to ""
[19.344s] -- Installing: /root/researchv2/install/urg_node/lib/liburg_node.so
[19.354s] -- Set runtime path of "/root/researchv2/install/urg_node/lib/liburg_node.so" to ""
[19.355s] -- Installing: /root/researchv2/install/urg_node/lib/urg_node/getID
[19.355s] -- Set runtime path of "/root/researchv2/install/urg_node/lib/urg_node/getID" to ""
[19.356s] -- Installing: /root/researchv2/install/urg_node/include
[19.356s] -- Installing: /root/researchv2/install/urg_node/include/urg_node
[19.356s] -- Installing: /root/researchv2/install/urg_node/include/urg_node/urg_node.hpp
[19.356s] -- Installing: /root/researchv2/install/urg_node/include/urg_node/urg_c_wrapper.hpp
[19.357s] -- Installing: /root/researchv2/install/urg_node/lib/urg_node/set_urg_ip.py
[19.357s] -- Installing: /root/researchv2/install/urg_node/share/urg_node/launch
[19.357s] -- Installing: /root/researchv2/install/urg_node/share/urg_node/launch/urg_node_ethernet.yaml
[19.357s] -- Installing: /root/researchv2/install/urg_node/share/urg_node/launch/urg_node_serial.yaml
[19.358s] -- Installing: /root/researchv2/install/urg_node/share/urg_node/launch/hokuyo_laser.urdf
[19.358s] -- Installing: /root/researchv2/install/urg_node/share/urg_node/launch/urg_lidar.launch.xml
[19.358s] -- Installing: /root/researchv2/install/urg_node/share/urg_node/launch/urg_node_launch.py
[19.359s] -- Installing: /root/researchv2/install/urg_node/share/urg_node/environment/library_path.sh
[19.359s] -- Installing: /root/researchv2/install/urg_node/share/urg_node/environment/library_path.dsv
[19.359s] -- Installing: /root/researchv2/install/urg_node/share/ament_index/resource_index/package_run_dependencies/urg_node
[19.360s] -- Installing: /root/researchv2/install/urg_node/share/ament_index/resource_index/parent_prefix_path/urg_node
[19.360s] -- Installing: /root/researchv2/install/urg_node/share/urg_node/environment/ament_prefix_path.sh
[19.361s] -- Installing: /root/researchv2/install/urg_node/share/urg_node/environment/ament_prefix_path.dsv
[19.361s] -- Installing: /root/researchv2/install/urg_node/share/urg_node/environment/path.sh
[19.361s] -- Installing: /root/researchv2/install/urg_node/share/urg_node/environment/path.dsv
[19.362s] -- Installing: /root/researchv2/install/urg_node/share/urg_node/local_setup.bash
[19.362s] -- Installing: /root/researchv2/install/urg_node/share/urg_node/local_setup.sh
[19.362s] -- Installing: /root/researchv2/install/urg_node/share/urg_node/local_setup.zsh
[19.363s] -- Installing: /root/researchv2/install/urg_node/share/urg_node/local_setup.dsv
[19.363s] -- Installing: /root/researchv2/install/urg_node/share/urg_node/package.dsv
[19.363s] -- Installing: /root/researchv2/install/urg_node/share/ament_index/resource_index/packages/urg_node
[19.364s] -- Installing: /root/researchv2/install/urg_node/share/ament_index/resource_index/rclcpp_components/urg_node
[19.364s] -- Installing: /root/researchv2/install/urg_node/share/urg_node/cmake/ament_cmake_export_dependencies-extras.cmake
[19.364s] -- Installing: /root/researchv2/install/urg_node/share/urg_node/cmake/ament_cmake_export_include_directories-extras.cmake
[19.365s] -- Installing: /root/researchv2/install/urg_node/share/urg_node/cmake/ament_cmake_export_libraries-extras.cmake
[19.365s] -- Installing: /root/researchv2/install/urg_node/share/urg_node/cmake/urg_nodeConfig.cmake
[19.365s] -- Installing: /root/researchv2/install/urg_node/share/urg_node/cmake/urg_nodeConfig-version.cmake
[19.366s] -- Installing: /root/researchv2/install/urg_node/share/urg_node/package.xml
[19.374s] Invoked command in '/root/researchv2/build/urg_node' returned '0': CMAKE_PREFIX_PATH=/root/researchv2/install/urg_node_msgs:/root/researchv2/install/urg_c:/root/researchv2/install/laser_proc:/root/sirius/sirius_ws/install/kobuki_velocity_smoother:/root/sirius/sirius_ws/install/kobuki_ros:/root/sirius/sirius_ws/install/kobuki_safety_controller:/root/sirius/sirius_ws/install/kobuki_random_walker:/root/sirius/sirius_ws/install/kobuki_node:/root/sirius/sirius_ws/install/kobuki_keyop:/root/sirius/sirius_ws/install/kobuki_bumper2pc:/root/sirius/sirius_ws/install/kobuki_auto_docking:/root/sirius/sirius_ws/install/kobuki_ros_interfaces:/root/sirius/sirius_ws/install/kobuki_description:/root/sirius/sirius_ws/install/kobuki_core:/root/openpifpaf_ros2/install/realsense2_description:/root/openpifpaf_ros2/install/realsense2_camera:/root/openpifpaf_ros2/install/realsense2_camera_msgs:/root/openpifpaf_ros2/install/openpifpaf_ros2_msgs:/root/researchv2/install/urg_node:/root/researchv2/install/turtlebot3_simulations:/root/researchv2/install/turtlebot3_gazebo:/root/researchv2/install/turtlebot3_fake_node:/root/researchv2/install/slam_toolbox:/root/researchv2/install/mymsg:/root/openpifpaf_ros2/install/rgbd_openpifpaf_ros2:/root/openpifpaf_ros2/install/pose_checker:/root/openpifpaf_ros2/install/openpifpaf_ros2_node:/root/researchv2/install/chaser_system:/opt/ros/galactic LD_LIBRARY_PATH=/root/researchv2/install/urg_node_msgs/lib:/root/researchv2/install/urg_c/lib:/root/researchv2/install/laser_proc/lib:/root/sirius/sirius_ws/install/kobuki_velocity_smoother/lib:/root/sirius/sirius_ws/install/kobuki_safety_controller/lib:/root/sirius/sirius_ws/install/kobuki_node/lib:/root/sirius/sirius_ws/install/kobuki_keyop/lib:/root/sirius/sirius_ws/install/kobuki_ros_interfaces/lib:/root/sirius/sirius_ws/install/kobuki_core/lib:/root/openpifpaf_ros2/install/realsense2_camera/lib:/root/openpifpaf_ros2/install/realsense2_camera_msgs/lib:/root/openpifpaf_ros2/install/openpifpaf_ros2_msgs/lib:/root/researchv2/install/urg_node/lib:/root/researchv2/install/slam_toolbox/lib:/root/researchv2/install/mymsg/lib:/usr/lib/x86_64-linux-gnu/gazebo-11/plugins:/opt/ros/galactic/opt/yaml_cpp_vendor/lib:/opt/ros/galactic/opt/rviz_ogre_vendor/lib:/opt/ros/galactic/lib/x86_64-linux-gnu:/opt/ros/galactic/lib:/usr/local/11.6.0/lib64:/usr/local/nvidia/lib:/usr/local/nvidia/lib64 PATH=/root/researchv2/install/urg_c/bin:/root/sirius/sirius_ws/install/kobuki_core/bin:/root/.vscode-server/bin/97dec172d3256f8ca4bfb2143f3f76b503ca0534/bin/remote-cli:/opt/ros/galactic/bin:= /usr/local/11.6.0/bin:/usr/local/nvidia/bin:/usr/local/cuda/bin:/usr/local/sbin:/usr/local/bin:/usr/sbin:/usr/bin:/sbin:/bin PYTHONPATH=/root/researchv2/install/urg_node_msgs/lib/python3.8/site-packages:/root/sirius/sirius_ws/install/kobuki_ros_interfaces/lib/python3.8/site-packages:/root/openpifpaf_ros2/install/rgbd_openpifpaf_ros2/lib/python3.8/site-packages:/root/openpifpaf_ros2/install/realsense2_camera_msgs/lib/python3.8/site-packages:/root/openpifpaf_ros2/install/pose_checker/lib/python3.8/site-packages:/root/openpifpaf_ros2/install/openpifpaf_ros2_node/lib/python3.8/site-packages:/root/openpifpaf_ros2/install/openpifpaf_ros2_msgs/lib/python3.8/site-packages:/root/researchv2/install/slam_toolbox/lib/python3.8/site-packages:/root/researchv2/install/chaser_system/lib/python3.8/site-packages:/root/researchv2/install/mymsg/lib/python3.8/site-packages:/opt/ros/galactic/lib/python3.8/site-packages /usr/bin/cmake --install /root/researchv2/build/urg_node
