[0.063s] Invoking command in '/root/researchv2/build/turtlebot3_fake_node': CMAKE_PREFIX_PATH=/opt/ros/foxy /usr/bin/cmake /root/researchv2/src/turtlebot3_simulations/turtlebot3_fake_node -DAMENT_CMAKE_SYMLINK_INSTALL=1 -DCMAKE_INSTALL_PREFIX=/root/researchv2/install/turtlebot3_fake_node
[0.137s] -- The C compiler identification is GNU 9.4.0
[0.220s] -- The CXX compiler identification is GNU 9.4.0
[0.227s] -- Check for working C compiler: /usr/bin/cc
[0.317s] -- Check for working C compiler: /usr/bin/cc -- works
[0.319s] -- Detecting C compiler ABI info
[0.412s] -- Detecting C compiler ABI info - done
[0.430s] -- Detecting C compile features
[0.431s] -- Detecting C compile features - done
[0.436s] -- Check for working CXX compiler: /usr/bin/c++
[0.550s] -- Check for working CXX compiler: /usr/bin/c++ -- works
[0.552s] -- Detecting CXX compiler ABI info
[0.672s] -- Detecting CXX compiler ABI info - done
[0.695s] -- Detecting CXX compile features
[0.695s] -- Detecting CXX compile features - done
[0.699s] -- Found ament_cmake: 0.9.11 (/opt/ros/foxy/share/ament_cmake/cmake)
[0.745s] -- Found PythonInterp: /usr/bin/python3 (found suitable version "3.8.10", minimum required is "3") 
[0.745s] -- Using PYTHON_EXECUTABLE: /usr/bin/python3
[1.047s] -- Override CMake install command with custom implementation using symlinks instead of copying resources
[1.079s] -- Found geometry_msgs: 2.0.5 (/opt/ros/foxy/share/geometry_msgs/cmake)
[1.133s] -- Using all available rosidl_typesupport_c: rosidl_typesupport_fastrtps_c;rosidl_typesupport_introspection_c
[1.144s] -- Found rosidl_adapter: 1.3.0 (/opt/ros/foxy/share/rosidl_adapter/cmake)
[1.285s] -- Found OpenSSL: /usr/lib/x86_64-linux-gnu/libcrypto.so (found version "1.1.1f")  
[1.350s] -- Found FastRTPS: /opt/ros/foxy/include  
[1.507s] -- Using all available rosidl_typesupport_cpp: rosidl_typesupport_fastrtps_cpp;rosidl_typesupport_introspection_cpp
[1.662s] -- Found nav_msgs: 2.0.5 (/opt/ros/foxy/share/nav_msgs/cmake)
[1.791s] -- Found rclcpp: 2.4.2 (/opt/ros/foxy/share/rclcpp/cmake)
[1.861s] -- Found rmw_implementation_cmake: 1.0.3 (/opt/ros/foxy/share/rmw_implementation_cmake/cmake)
[1.864s] -- Using RMW implementation 'rmw_fastrtps_cpp' as default
[1.865s] -- Looking for pthread.h
[1.964s] -- Looking for pthread.h - found
[1.964s] -- Performing Test CMAKE_HAVE_LIBC_PTHREAD
[2.061s] -- Performing Test CMAKE_HAVE_LIBC_PTHREAD - Failed
[2.062s] -- Looking for pthread_create in pthreads
[2.146s] -- Looking for pthread_create in pthreads - not found
[2.146s] -- Looking for pthread_create in pthread
[2.232s] -- Looking for pthread_create in pthread - found
[2.234s] -- Found Threads: TRUE  
[2.488s] -- Found sensor_msgs: 2.0.5 (/opt/ros/foxy/share/sensor_msgs/cmake)
[2.618s] -- Found tf2: 0.13.13 (/opt/ros/foxy/share/tf2/cmake)
[2.637s] -- Found tf2_msgs: 0.13.13 (/opt/ros/foxy/share/tf2_msgs/cmake)
[2.982s] -- Found turtlebot3_msgs: 2.2.1 (/opt/ros/foxy/share/turtlebot3_msgs/cmake)
[3.276s] -- Configuring done
[3.297s] -- Generating done
[3.300s] -- Build files have been written to: /root/researchv2/build/turtlebot3_fake_node
[3.316s] Invoked command in '/root/researchv2/build/turtlebot3_fake_node' returned '0': CMAKE_PREFIX_PATH=/opt/ros/foxy /usr/bin/cmake /root/researchv2/src/turtlebot3_simulations/turtlebot3_fake_node -DAMENT_CMAKE_SYMLINK_INSTALL=1 -DCMAKE_INSTALL_PREFIX=/root/researchv2/install/turtlebot3_fake_node
[3.317s] Invoking command in '/root/researchv2/build/turtlebot3_fake_node': CMAKE_PREFIX_PATH=/opt/ros/foxy /usr/bin/cmake --build /root/researchv2/build/turtlebot3_fake_node -- -j12 -l12
[3.374s] [35m[1mScanning dependencies of target turtlebot3_fake_node[0m
[3.545s] [ 50%] [32mBuilding CXX object CMakeFiles/turtlebot3_fake_node.dir/src/turtlebot3_fake_node.cpp.o[0m
[13.934s] [100%] [32m[1mLinking CXX executable turtlebot3_fake_node[0m
[14.537s] [100%] Built target turtlebot3_fake_node
[14.557s] Invoked command in '/root/researchv2/build/turtlebot3_fake_node' returned '0': CMAKE_PREFIX_PATH=/opt/ros/foxy /usr/bin/cmake --build /root/researchv2/build/turtlebot3_fake_node -- -j12 -l12
[14.601s] Invoking command in '/root/researchv2/build/turtlebot3_fake_node': CMAKE_PREFIX_PATH=/opt/ros/foxy /usr/bin/cmake --install /root/researchv2/build/turtlebot3_fake_node
[14.615s] -- Install configuration: ""
[14.616s] -- Execute custom install script
[14.617s] -- Symlinking: /root/researchv2/install/turtlebot3_fake_node/lib/turtlebot3_fake_node/turtlebot3_fake_node
[14.631s] -- Symlinking: /root/researchv2/install/turtlebot3_fake_node/share/turtlebot3_fake_node/launch/rviz2.launch.py
[14.647s] -- Symlinking: /root/researchv2/install/turtlebot3_fake_node/share/turtlebot3_fake_node/launch/turtlebot3_fake_node.launch.py
[14.660s] -- Symlinking: /root/researchv2/install/turtlebot3_fake_node/share/turtlebot3_fake_node/param/burger.yaml
[14.676s] -- Symlinking: /root/researchv2/install/turtlebot3_fake_node/share/turtlebot3_fake_node/param/waffle.yaml
[14.694s] -- Symlinking: /root/researchv2/install/turtlebot3_fake_node/share/turtlebot3_fake_node/param/waffle_pi.yaml
[14.707s] -- Symlinking: /root/researchv2/install/turtlebot3_fake_node/share/turtlebot3_fake_node/rviz/model.rviz
[14.721s] -- Symlinking: /root/researchv2/install/turtlebot3_fake_node/include//turtlebot3_fake_node/turtlebot3_fake_node.hpp
[14.738s] -- Symlinking: /root/researchv2/install/turtlebot3_fake_node/share/ament_index/resource_index/package_run_dependencies/turtlebot3_fake_node
[14.753s] -- Symlinking: /root/researchv2/install/turtlebot3_fake_node/share/ament_index/resource_index/parent_prefix_path/turtlebot3_fake_node
[14.769s] -- Symlinking: /root/researchv2/install/turtlebot3_fake_node/share/turtlebot3_fake_node/environment/ament_prefix_path.sh
[14.782s] -- Symlinking: /root/researchv2/install/turtlebot3_fake_node/share/turtlebot3_fake_node/environment/ament_prefix_path.dsv
[14.797s] -- Symlinking: /root/researchv2/install/turtlebot3_fake_node/share/turtlebot3_fake_node/environment/path.sh
[14.812s] -- Symlinking: /root/researchv2/install/turtlebot3_fake_node/share/turtlebot3_fake_node/environment/path.dsv
[14.830s] -- Symlinking: /root/researchv2/install/turtlebot3_fake_node/share/turtlebot3_fake_node/local_setup.bash
[14.846s] -- Symlinking: /root/researchv2/install/turtlebot3_fake_node/share/turtlebot3_fake_node/local_setup.sh
[14.872s] -- Symlinking: /root/researchv2/install/turtlebot3_fake_node/share/turtlebot3_fake_node/local_setup.zsh
[14.890s] -- Symlinking: /root/researchv2/install/turtlebot3_fake_node/share/turtlebot3_fake_node/local_setup.dsv
[14.907s] -- Symlinking: /root/researchv2/install/turtlebot3_fake_node/share/turtlebot3_fake_node/package.dsv
[14.926s] -- Symlinking: /root/researchv2/install/turtlebot3_fake_node/share/ament_index/resource_index/packages/turtlebot3_fake_node
[14.945s] -- Symlinking: /root/researchv2/install/turtlebot3_fake_node/share/turtlebot3_fake_node/cmake/ament_cmake_export_include_directories-extras.cmake
[14.966s] -- Symlinking: /root/researchv2/install/turtlebot3_fake_node/share/turtlebot3_fake_node/cmake/ament_cmake_export_dependencies-extras.cmake
[14.985s] -- Symlinking: /root/researchv2/install/turtlebot3_fake_node/share/turtlebot3_fake_node/cmake/turtlebot3_fake_nodeConfig.cmake
[15.004s] -- Symlinking: /root/researchv2/install/turtlebot3_fake_node/share/turtlebot3_fake_node/cmake/turtlebot3_fake_nodeConfig-version.cmake
[15.022s] -- Symlinking: /root/researchv2/install/turtlebot3_fake_node/share/turtlebot3_fake_node/package.xml
[15.055s] Invoked command in '/root/researchv2/build/turtlebot3_fake_node' returned '0': CMAKE_PREFIX_PATH=/opt/ros/foxy /usr/bin/cmake --install /root/researchv2/build/turtlebot3_fake_node
