[0.078s] Invoking command in '/root/researchv2/build/mymsg': CMAKE_PREFIX_PATH=${CMAKE_PREFIX_PATH}:/root/openpifpaf_ros2/install/rgbd_openpifpaf_ros2:/root/openpifpaf_ros2/install/pose_checker:/root/openpifpaf_ros2/install/openpifpaf_ros2_node:/root/researchv2/install/chaser_system:/opt/ros/galactic /usr/bin/cmake --build /root/researchv2/build/mymsg -- -j12 -l12
[0.189s] [  1%] Built target mymsg__cpp
[0.206s] [ 12%] Built target mymsg__rosidl_generator_c
[0.253s] [ 23%] Built target mymsg__rosidl_typesupport_cpp
[0.270s] [ 35%] Built target mymsg__rosidl_typesupport_introspection_cpp
[0.279s] [ 47%] Built target mymsg__rosidl_typesupport_fastrtps_cpp
[0.279s] [ 57%] Built target mymsg__rosidl_typesupport_introspection_c
[0.280s] [ 69%] Built target mymsg__rosidl_typesupport_c
[0.358s] [ 80%] Built target mymsg__rosidl_typesupport_fastrtps_c
[0.427s] [ 80%] Built target mymsg
[0.473s] [ 81%] Built target mymsg__py
[0.540s] [ 91%] Built target mymsg__python
[0.609s] [ 94%] Built target mymsg__rosidl_typesupport_introspection_c__pyext
[0.609s] [ 97%] Built target mymsg__rosidl_typesupport_c__pyext
[0.609s] [100%] Built target mymsg__rosidl_typesupport_fastrtps_c__pyext
[0.636s] Invoked command in '/root/researchv2/build/mymsg' returned '0': CMAKE_PREFIX_PATH=${CMAKE_PREFIX_PATH}:/root/openpifpaf_ros2/install/rgbd_openpifpaf_ros2:/root/openpifpaf_ros2/install/pose_checker:/root/openpifpaf_ros2/install/openpifpaf_ros2_node:/root/researchv2/install/chaser_system:/opt/ros/galactic /usr/bin/cmake --build /root/researchv2/build/mymsg -- -j12 -l12
[0.936s] Invoking command in '/root/researchv2/build/mymsg': CMAKE_PREFIX_PATH=${CMAKE_PREFIX_PATH}:/root/openpifpaf_ros2/install/rgbd_openpifpaf_ros2:/root/openpifpaf_ros2/install/pose_checker:/root/openpifpaf_ros2/install/openpifpaf_ros2_node:/root/researchv2/install/chaser_system:/opt/ros/galactic /usr/bin/cmake --install /root/researchv2/build/mymsg
[0.952s] -- Install configuration: ""
[0.953s] -- Up-to-date: /root/researchv2/install/mymsg/share/ament_index/resource_index/rosidl_interfaces/mymsg
[0.953s] -- Up-to-date: /root/researchv2/install/mymsg/include/mymsg
[0.953s] -- Up-to-date: /root/researchv2/install/mymsg/include/mymsg/srv
[0.954s] -- Up-to-date: /root/researchv2/install/mymsg/include/mymsg/srv/imagedata.h
[0.954s] -- Up-to-date: /root/researchv2/install/mymsg/include/mymsg/srv/detail
[0.954s] -- Up-to-date: /root/researchv2/install/mymsg/include/mymsg/srv/detail/waypoints__type_support.h
[0.954s] -- Up-to-date: /root/researchv2/install/mymsg/include/mymsg/srv/detail/waypoints__functions.c
[0.955s] -- Up-to-date: /root/researchv2/install/mymsg/include/mymsg/srv/detail/imagedata__functions.c
[0.955s] -- Up-to-date: /root/researchv2/install/mymsg/include/mymsg/srv/detail/imagedata__functions.h
[0.955s] -- Up-to-date: /root/researchv2/install/mymsg/include/mymsg/srv/detail/imagedata__struct.h
[0.955s] -- Up-to-date: /root/researchv2/install/mymsg/include/mymsg/srv/detail/waypoints__struct.h
[0.955s] -- Up-to-date: /root/researchv2/install/mymsg/include/mymsg/srv/detail/imagedata__type_support.h
[0.956s] -- Up-to-date: /root/researchv2/install/mymsg/include/mymsg/srv/detail/waypoints__functions.h
[0.956s] -- Up-to-date: /root/researchv2/install/mymsg/include/mymsg/srv/waypoints.h
[0.956s] -- Up-to-date: /root/researchv2/install/mymsg/include/mymsg/msg
[0.957s] -- Up-to-date: /root/researchv2/install/mymsg/include/mymsg/msg/multi_transform.h
[0.957s] -- Up-to-date: /root/researchv2/install/mymsg/include/mymsg/msg/rosidl_generator_c__visibility_control.h
[0.957s] -- Up-to-date: /root/researchv2/install/mymsg/include/mymsg/msg/poses.h
[0.957s] -- Up-to-date: /root/researchv2/install/mymsg/include/mymsg/msg/detail
[0.958s] -- Up-to-date: /root/researchv2/install/mymsg/include/mymsg/msg/detail/multi_transform__type_support.h
[0.958s] -- Up-to-date: /root/researchv2/install/mymsg/include/mymsg/msg/detail/pose__functions.h
[0.958s] -- Up-to-date: /root/researchv2/install/mymsg/include/mymsg/msg/detail/multi_transform__functions.h
[0.958s] -- Up-to-date: /root/researchv2/install/mymsg/include/mymsg/msg/detail/transform__functions.c
[0.959s] -- Up-to-date: /root/researchv2/install/mymsg/include/mymsg/msg/detail/pose__struct.h
[0.959s] -- Up-to-date: /root/researchv2/install/mymsg/include/mymsg/msg/detail/multi_transform__struct.h
[0.959s] -- Up-to-date: /root/researchv2/install/mymsg/include/mymsg/msg/detail/pose__type_support.h
[0.960s] -- Up-to-date: /root/researchv2/install/mymsg/include/mymsg/msg/detail/poses__type_support.h
[0.960s] -- Up-to-date: /root/researchv2/install/mymsg/include/mymsg/msg/detail/transform__type_support.h
[0.960s] -- Up-to-date: /root/researchv2/install/mymsg/include/mymsg/msg/detail/transform__struct.h
[0.960s] -- Up-to-date: /root/researchv2/install/mymsg/include/mymsg/msg/detail/poses__functions.c
[0.960s] -- Up-to-date: /root/researchv2/install/mymsg/include/mymsg/msg/detail/multi_transform__functions.c
[0.960s] -- Up-to-date: /root/researchv2/install/mymsg/include/mymsg/msg/detail/transform__functions.h
[0.960s] -- Up-to-date: /root/researchv2/install/mymsg/include/mymsg/msg/detail/poses__struct.h
[0.961s] -- Up-to-date: /root/researchv2/install/mymsg/include/mymsg/msg/detail/pose__functions.c
[0.961s] -- Up-to-date: /root/researchv2/install/mymsg/include/mymsg/msg/detail/poses__functions.h
[0.961s] -- Up-to-date: /root/researchv2/install/mymsg/include/mymsg/msg/transform.h
[0.961s] -- Up-to-date: /root/researchv2/install/mymsg/include/mymsg/msg/pose.h
[0.962s] -- Up-to-date: /root/researchv2/install/mymsg/share/mymsg/environment/library_path.sh
[0.962s] -- Up-to-date: /root/researchv2/install/mymsg/share/mymsg/environment/library_path.dsv
[0.962s] -- Up-to-date: /root/researchv2/install/mymsg/lib/libmymsg__rosidl_generator_c.so
[0.963s] -- Up-to-date: /root/researchv2/install/mymsg/include/mymsg
[0.963s] -- Up-to-date: /root/researchv2/install/mymsg/include/mymsg/srv
[0.963s] -- Up-to-date: /root/researchv2/install/mymsg/include/mymsg/srv/detail
[0.964s] -- Up-to-date: /root/researchv2/install/mymsg/include/mymsg/srv/detail/imagedata__rosidl_typesupport_fastrtps_c.h
[0.964s] -- Up-to-date: /root/researchv2/install/mymsg/include/mymsg/srv/detail/waypoints__rosidl_typesupport_fastrtps_c.h
[0.964s] -- Up-to-date: /root/researchv2/install/mymsg/include/mymsg/msg
[0.964s] -- Up-to-date: /root/researchv2/install/mymsg/include/mymsg/msg/detail
[0.965s] -- Up-to-date: /root/researchv2/install/mymsg/include/mymsg/msg/detail/poses__rosidl_typesupport_fastrtps_c.h
[0.965s] -- Up-to-date: /root/researchv2/install/mymsg/include/mymsg/msg/detail/multi_transform__rosidl_typesupport_fastrtps_c.h
[0.965s] -- Up-to-date: /root/researchv2/install/mymsg/include/mymsg/msg/detail/transform__rosidl_typesupport_fastrtps_c.h
[0.965s] -- Up-to-date: /root/researchv2/install/mymsg/include/mymsg/msg/detail/pose__rosidl_typesupport_fastrtps_c.h
[0.965s] -- Up-to-date: /root/researchv2/install/mymsg/include/mymsg/msg/rosidl_typesupport_fastrtps_c__visibility_control.h
[0.965s] -- Up-to-date: /root/researchv2/install/mymsg/lib/libmymsg__rosidl_typesupport_fastrtps_c.so
[0.966s] -- Up-to-date: /root/researchv2/install/mymsg/include/mymsg
[0.966s] -- Up-to-date: /root/researchv2/install/mymsg/include/mymsg/srv
[0.966s] -- Up-to-date: /root/researchv2/install/mymsg/include/mymsg/srv/detail
[0.966s] -- Up-to-date: /root/researchv2/install/mymsg/include/mymsg/srv/detail/imagedata__rosidl_typesupport_fastrtps_cpp.hpp
[0.966s] -- Up-to-date: /root/researchv2/install/mymsg/include/mymsg/srv/detail/waypoints__rosidl_typesupport_fastrtps_cpp.hpp
[0.967s] -- Up-to-date: /root/researchv2/install/mymsg/include/mymsg/srv/detail/dds_fastrtps
[0.967s] -- Up-to-date: /root/researchv2/install/mymsg/include/mymsg/msg
[0.967s] -- Up-to-date: /root/researchv2/install/mymsg/include/mymsg/msg/detail
[0.967s] -- Up-to-date: /root/researchv2/install/mymsg/include/mymsg/msg/detail/multi_transform__rosidl_typesupport_fastrtps_cpp.hpp
[0.967s] -- Up-to-date: /root/researchv2/install/mymsg/include/mymsg/msg/detail/pose__rosidl_typesupport_fastrtps_cpp.hpp
[0.968s] -- Up-to-date: /root/researchv2/install/mymsg/include/mymsg/msg/detail/transform__rosidl_typesupport_fastrtps_cpp.hpp
[0.968s] -- Up-to-date: /root/researchv2/install/mymsg/include/mymsg/msg/detail/poses__rosidl_typesupport_fastrtps_cpp.hpp
[0.968s] -- Up-to-date: /root/researchv2/install/mymsg/include/mymsg/msg/detail/dds_fastrtps
[0.968s] -- Up-to-date: /root/researchv2/install/mymsg/include/mymsg/msg/rosidl_typesupport_fastrtps_cpp__visibility_control.h
[0.968s] -- Up-to-date: /root/researchv2/install/mymsg/lib/libmymsg__rosidl_typesupport_fastrtps_cpp.so
[0.968s] -- Up-to-date: /root/researchv2/install/mymsg/include/mymsg
[0.968s] -- Up-to-date: /root/researchv2/install/mymsg/include/mymsg/srv
[0.969s] -- Up-to-date: /root/researchv2/install/mymsg/include/mymsg/srv/detail
[0.969s] -- Up-to-date: /root/researchv2/install/mymsg/include/mymsg/srv/detail/imagedata__type_support.c
[0.969s] -- Up-to-date: /root/researchv2/install/mymsg/include/mymsg/srv/detail/waypoints__rosidl_typesupport_introspection_c.h
[0.969s] -- Up-to-date: /root/researchv2/install/mymsg/include/mymsg/srv/detail/waypoints__type_support.c
[0.969s] -- Up-to-date: /root/researchv2/install/mymsg/include/mymsg/srv/detail/imagedata__rosidl_typesupport_introspection_c.h
[0.970s] -- Up-to-date: /root/researchv2/install/mymsg/include/mymsg/msg
[0.970s] -- Up-to-date: /root/researchv2/install/mymsg/include/mymsg/msg/detail
[0.970s] -- Up-to-date: /root/researchv2/install/mymsg/include/mymsg/msg/detail/pose__rosidl_typesupport_introspection_c.h
[0.970s] -- Up-to-date: /root/researchv2/install/mymsg/include/mymsg/msg/detail/transform__type_support.c
[0.970s] -- Up-to-date: /root/researchv2/install/mymsg/include/mymsg/msg/detail/multi_transform__rosidl_typesupport_introspection_c.h
[0.970s] -- Up-to-date: /root/researchv2/install/mymsg/include/mymsg/msg/detail/transform__rosidl_typesupport_introspection_c.h
[0.971s] -- Up-to-date: /root/researchv2/install/mymsg/include/mymsg/msg/detail/multi_transform__type_support.c
[0.971s] -- Up-to-date: /root/researchv2/install/mymsg/include/mymsg/msg/detail/poses__type_support.c
[0.971s] -- Up-to-date: /root/researchv2/install/mymsg/include/mymsg/msg/detail/pose__type_support.c
[0.971s] -- Up-to-date: /root/researchv2/install/mymsg/include/mymsg/msg/detail/poses__rosidl_typesupport_introspection_c.h
[0.971s] -- Up-to-date: /root/researchv2/install/mymsg/include/mymsg/msg/rosidl_typesupport_introspection_c__visibility_control.h
[0.972s] -- Up-to-date: /root/researchv2/install/mymsg/lib/libmymsg__rosidl_typesupport_introspection_c.so
[0.972s] -- Up-to-date: /root/researchv2/install/mymsg/lib/libmymsg__rosidl_typesupport_c.so
[0.972s] -- Up-to-date: /root/researchv2/install/mymsg/include/mymsg
[0.972s] -- Up-to-date: /root/researchv2/install/mymsg/include/mymsg/srv
[0.972s] -- Up-to-date: /root/researchv2/install/mymsg/include/mymsg/srv/waypoints.hpp
[0.972s] -- Up-to-date: /root/researchv2/install/mymsg/include/mymsg/srv/detail
[0.972s] -- Up-to-date: /root/researchv2/install/mymsg/include/mymsg/srv/detail/waypoints__struct.hpp
[0.973s] -- Up-to-date: /root/researchv2/install/mymsg/include/mymsg/srv/detail/imagedata__traits.hpp
[0.973s] -- Up-to-date: /root/researchv2/install/mymsg/include/mymsg/srv/detail/waypoints__traits.hpp
[0.973s] -- Up-to-date: /root/researchv2/install/mymsg/include/mymsg/srv/detail/imagedata__builder.hpp
[0.973s] -- Up-to-date: /root/researchv2/install/mymsg/include/mymsg/srv/detail/imagedata__struct.hpp
[0.973s] -- Up-to-date: /root/researchv2/install/mymsg/include/mymsg/srv/detail/waypoints__builder.hpp
[0.974s] -- Up-to-date: /root/researchv2/install/mymsg/include/mymsg/srv/imagedata.hpp
[0.974s] -- Up-to-date: /root/researchv2/install/mymsg/include/mymsg/msg
[0.974s] -- Up-to-date: /root/researchv2/install/mymsg/include/mymsg/msg/multi_transform.hpp
[0.974s] -- Up-to-date: /root/researchv2/install/mymsg/include/mymsg/msg/transform.hpp
[0.974s] -- Up-to-date: /root/researchv2/install/mymsg/include/mymsg/msg/detail
[0.975s] -- Up-to-date: /root/researchv2/install/mymsg/include/mymsg/msg/detail/poses__struct.hpp
[0.975s] -- Up-to-date: /root/researchv2/install/mymsg/include/mymsg/msg/detail/multi_transform__struct.hpp
[0.975s] -- Up-to-date: /root/researchv2/install/mymsg/include/mymsg/msg/detail/multi_transform__traits.hpp
[0.975s] -- Up-to-date: /root/researchv2/install/mymsg/include/mymsg/msg/detail/poses__builder.hpp
[0.975s] -- Up-to-date: /root/researchv2/install/mymsg/include/mymsg/msg/detail/transform__struct.hpp
[0.975s] -- Up-to-date: /root/researchv2/install/mymsg/include/mymsg/msg/detail/pose__struct.hpp
[0.975s] -- Up-to-date: /root/researchv2/install/mymsg/include/mymsg/msg/detail/pose__traits.hpp
[0.976s] -- Up-to-date: /root/researchv2/install/mymsg/include/mymsg/msg/detail/transform__traits.hpp
[0.976s] -- Up-to-date: /root/researchv2/install/mymsg/include/mymsg/msg/detail/poses__traits.hpp
[0.976s] -- Up-to-date: /root/researchv2/install/mymsg/include/mymsg/msg/detail/transform__builder.hpp
[0.976s] -- Up-to-date: /root/researchv2/install/mymsg/include/mymsg/msg/detail/multi_transform__builder.hpp
[0.977s] -- Up-to-date: /root/researchv2/install/mymsg/include/mymsg/msg/detail/pose__builder.hpp
[0.977s] -- Up-to-date: /root/researchv2/install/mymsg/include/mymsg/msg/pose.hpp
[0.977s] -- Up-to-date: /root/researchv2/install/mymsg/include/mymsg/msg/poses.hpp
[0.977s] -- Up-to-date: /root/researchv2/install/mymsg/include/mymsg
[0.977s] -- Up-to-date: /root/researchv2/install/mymsg/include/mymsg/srv
[0.977s] -- Up-to-date: /root/researchv2/install/mymsg/include/mymsg/srv/detail
[0.978s] -- Up-to-date: /root/researchv2/install/mymsg/include/mymsg/srv/detail/imagedata__rosidl_typesupport_introspection_cpp.hpp
[0.978s] -- Up-to-date: /root/researchv2/install/mymsg/include/mymsg/srv/detail/imagedata__type_support.cpp
[0.978s] -- Up-to-date: /root/researchv2/install/mymsg/include/mymsg/srv/detail/waypoints__type_support.cpp
[0.978s] -- Up-to-date: /root/researchv2/install/mymsg/include/mymsg/srv/detail/waypoints__rosidl_typesupport_introspection_cpp.hpp
[0.978s] -- Up-to-date: /root/researchv2/install/mymsg/include/mymsg/msg
[0.978s] -- Up-to-date: /root/researchv2/install/mymsg/include/mymsg/msg/detail
[0.978s] -- Up-to-date: /root/researchv2/install/mymsg/include/mymsg/msg/detail/poses__type_support.cpp
[0.979s] -- Up-to-date: /root/researchv2/install/mymsg/include/mymsg/msg/detail/multi_transform__type_support.cpp
[0.979s] -- Up-to-date: /root/researchv2/install/mymsg/include/mymsg/msg/detail/transform__type_support.cpp
[0.979s] -- Up-to-date: /root/researchv2/install/mymsg/include/mymsg/msg/detail/pose__type_support.cpp
[0.979s] -- Up-to-date: /root/researchv2/install/mymsg/include/mymsg/msg/detail/multi_transform__rosidl_typesupport_introspection_cpp.hpp
[0.979s] -- Up-to-date: /root/researchv2/install/mymsg/include/mymsg/msg/detail/pose__rosidl_typesupport_introspection_cpp.hpp
[0.979s] -- Up-to-date: /root/researchv2/install/mymsg/include/mymsg/msg/detail/transform__rosidl_typesupport_introspection_cpp.hpp
[0.979s] -- Up-to-date: /root/researchv2/install/mymsg/include/mymsg/msg/detail/poses__rosidl_typesupport_introspection_cpp.hpp
[0.980s] -- Up-to-date: /root/researchv2/install/mymsg/lib/libmymsg__rosidl_typesupport_introspection_cpp.so
[0.980s] -- Up-to-date: /root/researchv2/install/mymsg/lib/libmymsg__rosidl_typesupport_cpp.so
[0.980s] -- Up-to-date: /root/researchv2/install/mymsg/share/mymsg/environment/pythonpath.sh
[0.980s] -- Up-to-date: /root/researchv2/install/mymsg/share/mymsg/environment/pythonpath.dsv
[0.980s] -- Up-to-date: /root/researchv2/install/mymsg/lib/python3.8/site-packages/mymsg/__init__.py
[1.044s] -- Up-to-date: /root/researchv2/install/mymsg/lib/python3.8/site-packages/mymsg/msg
[1.045s] -- Up-to-date: /root/researchv2/install/mymsg/lib/python3.8/site-packages/mymsg/msg/_transform_s.c
[1.045s] -- Up-to-date: /root/researchv2/install/mymsg/lib/python3.8/site-packages/mymsg/msg/_multi_transform_s.c
[1.045s] -- Up-to-date: /root/researchv2/install/mymsg/lib/python3.8/site-packages/mymsg/msg/_pose_s.c
[1.045s] -- Up-to-date: /root/researchv2/install/mymsg/lib/python3.8/site-packages/mymsg/msg/_transform.py
[1.045s] -- Up-to-date: /root/researchv2/install/mymsg/lib/python3.8/site-packages/mymsg/msg/_poses_s.c
[1.046s] -- Up-to-date: /root/researchv2/install/mymsg/lib/python3.8/site-packages/mymsg/msg/_poses.py
[1.046s] -- Up-to-date: /root/researchv2/install/mymsg/lib/python3.8/site-packages/mymsg/msg/__init__.py
[1.046s] -- Up-to-date: /root/researchv2/install/mymsg/lib/python3.8/site-packages/mymsg/msg/_pose.py
[1.046s] -- Up-to-date: /root/researchv2/install/mymsg/lib/python3.8/site-packages/mymsg/msg/_multi_transform.py
[1.047s] -- Up-to-date: /root/researchv2/install/mymsg/lib/python3.8/site-packages/mymsg/srv
[1.047s] -- Up-to-date: /root/researchv2/install/mymsg/lib/python3.8/site-packages/mymsg/srv/_waypoints.py
[1.047s] -- Up-to-date: /root/researchv2/install/mymsg/lib/python3.8/site-packages/mymsg/srv/_imagedata_s.c
[1.047s] -- Up-to-date: /root/researchv2/install/mymsg/lib/python3.8/site-packages/mymsg/srv/_waypoints_s.c
[1.047s] -- Up-to-date: /root/researchv2/install/mymsg/lib/python3.8/site-packages/mymsg/srv/_imagedata.py
[1.047s] -- Up-to-date: /root/researchv2/install/mymsg/lib/python3.8/site-packages/mymsg/srv/__init__.py
[1.048s] -- Up-to-date: /root/researchv2/install/mymsg/lib/python3.8/site-packages/mymsg/mymsg_s__rosidl_typesupport_fastrtps_c.cpython-38-x86_64-linux-gnu.so
[1.048s] -- Up-to-date: /root/researchv2/install/mymsg/lib/python3.8/site-packages/mymsg/mymsg_s__rosidl_typesupport_introspection_c.cpython-38-x86_64-linux-gnu.so
[1.048s] -- Up-to-date: /root/researchv2/install/mymsg/lib/python3.8/site-packages/mymsg/mymsg_s__rosidl_typesupport_c.cpython-38-x86_64-linux-gnu.so
[1.049s] -- Up-to-date: /root/researchv2/install/mymsg/lib/libmymsg__python.so
[1.049s] -- Up-to-date: /root/researchv2/install/mymsg/share/mymsg/msg/Pose.idl
[1.049s] -- Up-to-date: /root/researchv2/install/mymsg/share/mymsg/msg/Poses.idl
[1.050s] -- Up-to-date: /root/researchv2/install/mymsg/share/mymsg/msg/Transform.idl
[1.050s] -- Up-to-date: /root/researchv2/install/mymsg/share/mymsg/msg/MultiTransform.idl
[1.051s] -- Up-to-date: /root/researchv2/install/mymsg/share/mymsg/srv/Imagedata.idl
[1.051s] -- Up-to-date: /root/researchv2/install/mymsg/share/mymsg/srv/Waypoints.idl
[1.051s] -- Up-to-date: /root/researchv2/install/mymsg/share/mymsg/msg/Pose.msg
[1.052s] -- Up-to-date: /root/researchv2/install/mymsg/share/mymsg/msg/Poses.msg
[1.052s] -- Up-to-date: /root/researchv2/install/mymsg/share/mymsg/msg/Transform.msg
[1.052s] -- Up-to-date: /root/researchv2/install/mymsg/share/mymsg/msg/MultiTransform.msg
[1.052s] -- Up-to-date: /root/researchv2/install/mymsg/share/mymsg/srv/Imagedata.srv
[1.053s] -- Up-to-date: /root/researchv2/install/mymsg/share/mymsg/srv/Imagedata_Request.msg
[1.053s] -- Up-to-date: /root/researchv2/install/mymsg/share/mymsg/srv/Imagedata_Response.msg
[1.053s] -- Up-to-date: /root/researchv2/install/mymsg/share/mymsg/srv/Waypoints.srv
[1.059s] -- Up-to-date: /root/researchv2/install/mymsg/share/mymsg/srv/Waypoints_Request.msg
[1.064s] -- Up-to-date: /root/researchv2/install/mymsg/share/mymsg/srv/Waypoints_Response.msg
[1.065s] -- Up-to-date: /root/researchv2/install/mymsg/share/ament_index/resource_index/package_run_dependencies/mymsg
[1.065s] -- Up-to-date: /root/researchv2/install/mymsg/share/ament_index/resource_index/parent_prefix_path/mymsg
[1.065s] -- Up-to-date: /root/researchv2/install/mymsg/share/mymsg/environment/ament_prefix_path.sh
[1.066s] -- Up-to-date: /root/researchv2/install/mymsg/share/mymsg/environment/ament_prefix_path.dsv
[1.066s] -- Up-to-date: /root/researchv2/install/mymsg/share/mymsg/environment/path.sh
[1.066s] -- Up-to-date: /root/researchv2/install/mymsg/share/mymsg/environment/path.dsv
[1.066s] -- Up-to-date: /root/researchv2/install/mymsg/share/mymsg/local_setup.bash
[1.066s] -- Up-to-date: /root/researchv2/install/mymsg/share/mymsg/local_setup.sh
[1.067s] -- Up-to-date: /root/researchv2/install/mymsg/share/mymsg/local_setup.zsh
[1.067s] -- Up-to-date: /root/researchv2/install/mymsg/share/mymsg/local_setup.dsv
[1.067s] -- Installing: /root/researchv2/install/mymsg/share/mymsg/package.dsv
[1.067s] -- Up-to-date: /root/researchv2/install/mymsg/share/ament_index/resource_index/packages/mymsg
[1.068s] -- Up-to-date: /root/researchv2/install/mymsg/share/mymsg/cmake/mymsg__rosidl_generator_cExport.cmake
[1.068s] -- Up-to-date: /root/researchv2/install/mymsg/share/mymsg/cmake/mymsg__rosidl_generator_cExport-noconfig.cmake
[1.068s] -- Up-to-date: /root/researchv2/install/mymsg/share/mymsg/cmake/mymsg__rosidl_typesupport_introspection_cExport.cmake
[1.068s] -- Up-to-date: /root/researchv2/install/mymsg/share/mymsg/cmake/mymsg__rosidl_typesupport_introspection_cExport-noconfig.cmake
[1.068s] -- Up-to-date: /root/researchv2/install/mymsg/share/mymsg/cmake/mymsg__rosidl_typesupport_cExport.cmake
[1.069s] -- Up-to-date: /root/researchv2/install/mymsg/share/mymsg/cmake/mymsg__rosidl_typesupport_cExport-noconfig.cmake
[1.069s] -- Up-to-date: /root/researchv2/install/mymsg/share/mymsg/cmake/mymsg__rosidl_generator_cppExport.cmake
[1.069s] -- Up-to-date: /root/researchv2/install/mymsg/share/mymsg/cmake/mymsg__rosidl_typesupport_introspection_cppExport.cmake
[1.069s] -- Up-to-date: /root/researchv2/install/mymsg/share/mymsg/cmake/mymsg__rosidl_typesupport_introspection_cppExport-noconfig.cmake
[1.070s] -- Up-to-date: /root/researchv2/install/mymsg/share/mymsg/cmake/mymsg__rosidl_typesupport_cppExport.cmake
[1.070s] -- Up-to-date: /root/researchv2/install/mymsg/share/mymsg/cmake/mymsg__rosidl_typesupport_cppExport-noconfig.cmake
[1.070s] -- Up-to-date: /root/researchv2/install/mymsg/share/mymsg/cmake/rosidl_cmake-extras.cmake
[1.070s] -- Up-to-date: /root/researchv2/install/mymsg/share/mymsg/cmake/ament_cmake_export_dependencies-extras.cmake
[1.074s] -- Up-to-date: /root/researchv2/install/mymsg/share/mymsg/cmake/ament_cmake_export_libraries-extras.cmake
[1.075s] -- Up-to-date: /root/researchv2/install/mymsg/share/mymsg/cmake/ament_cmake_export_targets-extras.cmake
[1.075s] -- Up-to-date: /root/researchv2/install/mymsg/share/mymsg/cmake/ament_cmake_export_include_directories-extras.cmake
[1.075s] -- Up-to-date: /root/researchv2/install/mymsg/share/mymsg/cmake/rosidl_cmake_export_typesupport_libraries-extras.cmake
[1.075s] -- Up-to-date: /root/researchv2/install/mymsg/share/mymsg/cmake/rosidl_cmake_export_typesupport_targets-extras.cmake
[1.076s] -- Up-to-date: /root/researchv2/install/mymsg/share/mymsg/cmake/mymsgConfig.cmake
[1.076s] -- Up-to-date: /root/researchv2/install/mymsg/share/mymsg/cmake/mymsgConfig-version.cmake
[1.076s] -- Up-to-date: /root/researchv2/install/mymsg/share/mymsg/package.xml
[1.133s] Invoked command in '/root/researchv2/build/mymsg' returned '0': CMAKE_PREFIX_PATH=${CMAKE_PREFIX_PATH}:/root/openpifpaf_ros2/install/rgbd_openpifpaf_ros2:/root/openpifpaf_ros2/install/pose_checker:/root/openpifpaf_ros2/install/openpifpaf_ros2_node:/root/researchv2/install/chaser_system:/opt/ros/galactic /usr/bin/cmake --install /root/researchv2/build/mymsg
