-- Found ament_cmake: 1.1.6 (/opt/ros/galactic/share/ament_cmake/cmake)
-- Using PYTHON_EXECUTABLE: /usr/bin/python3
-- Found class_loader: 2.1.2 (/opt/ros/galactic/share/class_loader/cmake)
-- Found rclcpp: 9.2.2 (/opt/ros/galactic/share/rclcpp/cmake)
-- Using all available rosidl_typesupport_c: rosidl_typesupport_fastrtps_c;rosidl_typesupport_introspection_c
-- Found rosidl_adapter: 2.2.3 (/opt/ros/galactic/share/rosidl_adapter/cmake)
-- Using all available rosidl_typesupport_cpp: rosidl_typesupport_fastrtps_cpp;rosidl_typesupport_introspection_cpp
-- Found rmw_implementation_cmake: 3.3.1 (/opt/ros/galactic/share/rmw_implementation_cmake/cmake)
-- Found rmw_cyclonedds_cpp: 0.22.6 (/opt/ros/galactic/share/rmw_cyclonedds_cpp/cmake)
-- Using RMW implementation 'rmw_cyclonedds_cpp' as default
-- Found rclcpp_components: 9.2.2 (/opt/ros/galactic/share/rclcpp_components/cmake)
-- Found sensor_msgs: 2.2.4 (/opt/ros/galactic/share/sensor_msgs/cmake)
-- Found ament_lint_auto: 0.10.7 (/opt/ros/galactic/share/ament_lint_auto/cmake)
-- Added test 'cppcheck' to perform static code analysis on C / C++ code
-- Configured cppcheck include dirs: $<BUILD_INTERFACE:/root/researchv2/src/laser_proc/include>
-- Configured cppcheck exclude dirs and/or files: 
-- Added test 'cpplint' to check C / C++ code against the Google style
-- Configured cpplint exclude dirs and/or files: 
-- Added test 'lint_cmake' to check CMake code style
-- Added test 'uncrustify' to check C / C++ code style
-- Configured uncrustify additional arguments: 
-- Added test 'xmllint' to check XML markup files
-- Configuring done
-- Generating done
-- Build files have been written to: /root/researchv2/build/laser_proc
[35m[1mScanning dependencies of target laser_proc_node[0m
[ 42%] Built target laser_proc
[ 57%] [32mBuilding CXX object CMakeFiles/laser_proc_node.dir/rclcpp_components/node_main_laser_proc_node.cpp.o[0m
[ 85%] Built target laser_proc_component
[100%] [32m[1mLinking CXX executable laser_proc_node[0m
[100%] Built target laser_proc_node
-- Install configuration: ""
-- Installing: /root/researchv2/install/laser_proc/lib/laser_proc/laser_proc_node
-- Set runtime path of "/root/researchv2/install/laser_proc/lib/laser_proc/laser_proc_node" to ""
-- Up-to-date: /root/researchv2/install/laser_proc/lib/liblaser_proc.so
-- Up-to-date: /root/researchv2/install/laser_proc/lib/liblaser_proc_component.so
-- Up-to-date: /root/researchv2/install/laser_proc/include
-- Up-to-date: /root/researchv2/install/laser_proc/include/laser_proc
-- Installing: /root/researchv2/install/laser_proc/include/laser_proc/laser_proc.hpp
-- Installing: /root/researchv2/install/laser_proc/include/laser_proc/laser_publisher.hpp
-- Installing: /root/researchv2/install/laser_proc/include/laser_proc/visibility_control.hpp
-- Installing: /root/researchv2/install/laser_proc/include/laser_proc/laser_proc_component.hpp
-- Installing: /root/researchv2/install/laser_proc/share/laser_proc/environment/library_path.sh
-- Installing: /root/researchv2/install/laser_proc/share/laser_proc/environment/library_path.dsv
-- Up-to-date: /root/researchv2/install/laser_proc/share/ament_index/resource_index/package_run_dependencies/laser_proc
-- Up-to-date: /root/researchv2/install/laser_proc/share/ament_index/resource_index/parent_prefix_path/laser_proc
-- Installing: /root/researchv2/install/laser_proc/share/laser_proc/environment/ament_prefix_path.sh
-- Installing: /root/researchv2/install/laser_proc/share/laser_proc/environment/ament_prefix_path.dsv
-- Installing: /root/researchv2/install/laser_proc/share/laser_proc/environment/path.sh
-- Installing: /root/researchv2/install/laser_proc/share/laser_proc/environment/path.dsv
-- Up-to-date: /root/researchv2/install/laser_proc/share/laser_proc/local_setup.bash
-- Up-to-date: /root/researchv2/install/laser_proc/share/laser_proc/local_setup.sh
-- Up-to-date: /root/researchv2/install/laser_proc/share/laser_proc/local_setup.zsh
-- Installing: /root/researchv2/install/laser_proc/share/laser_proc/local_setup.dsv
-- Installing: /root/researchv2/install/laser_proc/share/laser_proc/package.dsv
-- Up-to-date: /root/researchv2/install/laser_proc/share/ament_index/resource_index/packages/laser_proc
-- Up-to-date: /root/researchv2/install/laser_proc/share/ament_index/resource_index/rclcpp_components/laser_proc
-- Up-to-date: /root/researchv2/install/laser_proc/share/laser_proc/cmake/ament_cmake_export_dependencies-extras.cmake
-- Up-to-date: /root/researchv2/install/laser_proc/share/laser_proc/cmake/ament_cmake_export_include_directories-extras.cmake
-- Up-to-date: /root/researchv2/install/laser_proc/share/laser_proc/cmake/ament_cmake_export_libraries-extras.cmake
-- Up-to-date: /root/researchv2/install/laser_proc/share/laser_proc/cmake/laser_procConfig.cmake
-- Up-to-date: /root/researchv2/install/laser_proc/share/laser_proc/cmake/laser_procConfig-version.cmake
-- Installing: /root/researchv2/install/laser_proc/share/laser_proc/package.xml
