[0.076s] Invoking command in '/root/researchv2/build/laser_proc': CMAKE_PREFIX_PATH=${CMAKE_PREFIX_PATH}:/root/openpifpaf_ros2/install/rgbd_openpifpaf_ros2:/root/openpifpaf_ros2/install/pose_checker:/root/openpifpaf_ros2/install/openpifpaf_ros2_node:/root/researchv2/install/chaser_system:/opt/ros/galactic /usr/bin/cmake --build /root/researchv2/build/laser_proc -- -j12 -l12
[0.143s] -- Found ament_cmake: 1.1.6 (/opt/ros/galactic/share/ament_cmake/cmake)
[0.180s] -- Using PYTHON_EXECUTABLE: /usr/bin/python3
[0.312s] -- Found class_loader: 2.1.2 (/opt/ros/galactic/share/class_loader/cmake)
[0.380s] -- Found rclcpp: 9.2.2 (/opt/ros/galactic/share/rclcpp/cmake)
[0.443s] -- Using all available rosidl_typesupport_c: rosidl_typesupport_fastrtps_c;rosidl_typesupport_introspection_c
[0.449s] -- Found rosidl_adapter: 2.2.3 (/opt/ros/galactic/share/rosidl_adapter/cmake)
[0.933s] -- Using all available rosidl_typesupport_cpp: rosidl_typesupport_fastrtps_cpp;rosidl_typesupport_introspection_cpp
[1.013s] -- Found rmw_implementation_cmake: 3.3.1 (/opt/ros/galactic/share/rmw_implementation_cmake/cmake)
[1.022s] -- Found rmw_cyclonedds_cpp: 0.22.6 (/opt/ros/galactic/share/rmw_cyclonedds_cpp/cmake)
[1.104s] -- Using RMW implementation 'rmw_cyclonedds_cpp' as default
[1.516s] -- Found rclcpp_components: 9.2.2 (/opt/ros/galactic/share/rclcpp_components/cmake)
[1.665s] -- Found sensor_msgs: 2.2.4 (/opt/ros/galactic/share/sensor_msgs/cmake)
[1.915s] -- Found ament_lint_auto: 0.10.7 (/opt/ros/galactic/share/ament_lint_auto/cmake)
[2.065s] -- Added test 'cppcheck' to perform static code analysis on C / C++ code
[2.065s] -- Configured cppcheck include dirs: $<BUILD_INTERFACE:/root/researchv2/src/laser_proc/include>
[2.065s] -- Configured cppcheck exclude dirs and/or files: 
[2.074s] -- Added test 'cpplint' to check C / C++ code against the Google style
[2.074s] -- Configured cpplint exclude dirs and/or files: 
[2.079s] -- Added test 'lint_cmake' to check CMake code style
[2.085s] -- Added test 'uncrustify' to check C / C++ code style
[2.085s] -- Configured uncrustify additional arguments: 
[2.085s] -- Added test 'xmllint' to check XML markup files
[2.092s] -- Configuring done
[2.128s] -- Generating done
[2.134s] -- Build files have been written to: /root/researchv2/build/laser_proc
[2.174s] [35m[1mScanning dependencies of target laser_proc_node[0m
[2.198s] [ 42%] Built target laser_proc
[2.234s] [ 57%] [32mBuilding CXX object CMakeFiles/laser_proc_node.dir/rclcpp_components/node_main_laser_proc_node.cpp.o[0m
[2.250s] [ 85%] Built target laser_proc_component
[7.930s] [100%] [32m[1mLinking CXX executable laser_proc_node[0m
[8.194s] [100%] Built target laser_proc_node
[8.219s] Invoked command in '/root/researchv2/build/laser_proc' returned '0': CMAKE_PREFIX_PATH=${CMAKE_PREFIX_PATH}:/root/openpifpaf_ros2/install/rgbd_openpifpaf_ros2:/root/openpifpaf_ros2/install/pose_checker:/root/openpifpaf_ros2/install/openpifpaf_ros2_node:/root/researchv2/install/chaser_system:/opt/ros/galactic /usr/bin/cmake --build /root/researchv2/build/laser_proc -- -j12 -l12
[8.332s] Invoking command in '/root/researchv2/build/laser_proc': CMAKE_PREFIX_PATH=${CMAKE_PREFIX_PATH}:/root/openpifpaf_ros2/install/rgbd_openpifpaf_ros2:/root/openpifpaf_ros2/install/pose_checker:/root/openpifpaf_ros2/install/openpifpaf_ros2_node:/root/researchv2/install/chaser_system:/opt/ros/galactic /usr/bin/cmake --install /root/researchv2/build/laser_proc
[8.351s] -- Install configuration: ""
[8.351s] -- Installing: /root/researchv2/install/laser_proc/lib/laser_proc/laser_proc_node
[8.353s] -- Set runtime path of "/root/researchv2/install/laser_proc/lib/laser_proc/laser_proc_node" to ""
[8.353s] -- Up-to-date: /root/researchv2/install/laser_proc/lib/liblaser_proc.so
[8.354s] -- Up-to-date: /root/researchv2/install/laser_proc/lib/liblaser_proc_component.so
[8.354s] -- Up-to-date: /root/researchv2/install/laser_proc/include
[8.354s] -- Up-to-date: /root/researchv2/install/laser_proc/include/laser_proc
[8.354s] -- Installing: /root/researchv2/install/laser_proc/include/laser_proc/laser_proc.hpp
[8.355s] -- Installing: /root/researchv2/install/laser_proc/include/laser_proc/laser_publisher.hpp
[8.355s] -- Installing: /root/researchv2/install/laser_proc/include/laser_proc/visibility_control.hpp
[8.355s] -- Installing: /root/researchv2/install/laser_proc/include/laser_proc/laser_proc_component.hpp
[8.355s] -- Installing: /root/researchv2/install/laser_proc/share/laser_proc/environment/library_path.sh
[8.356s] -- Installing: /root/researchv2/install/laser_proc/share/laser_proc/environment/library_path.dsv
[8.356s] -- Up-to-date: /root/researchv2/install/laser_proc/share/ament_index/resource_index/package_run_dependencies/laser_proc
[8.356s] -- Up-to-date: /root/researchv2/install/laser_proc/share/ament_index/resource_index/parent_prefix_path/laser_proc
[8.356s] -- Installing: /root/researchv2/install/laser_proc/share/laser_proc/environment/ament_prefix_path.sh
[8.356s] -- Installing: /root/researchv2/install/laser_proc/share/laser_proc/environment/ament_prefix_path.dsv
[8.357s] -- Installing: /root/researchv2/install/laser_proc/share/laser_proc/environment/path.sh
[8.357s] -- Installing: /root/researchv2/install/laser_proc/share/laser_proc/environment/path.dsv
[8.357s] -- Up-to-date: /root/researchv2/install/laser_proc/share/laser_proc/local_setup.bash
[8.358s] -- Up-to-date: /root/researchv2/install/laser_proc/share/laser_proc/local_setup.sh
[8.358s] -- Up-to-date: /root/researchv2/install/laser_proc/share/laser_proc/local_setup.zsh
[8.358s] -- Installing: /root/researchv2/install/laser_proc/share/laser_proc/local_setup.dsv
[8.358s] -- Installing: /root/researchv2/install/laser_proc/share/laser_proc/package.dsv
[8.359s] -- Up-to-date: /root/researchv2/install/laser_proc/share/ament_index/resource_index/packages/laser_proc
[8.359s] -- Up-to-date: /root/researchv2/install/laser_proc/share/ament_index/resource_index/rclcpp_components/laser_proc
[8.359s] -- Up-to-date: /root/researchv2/install/laser_proc/share/laser_proc/cmake/ament_cmake_export_dependencies-extras.cmake
[8.359s] -- Up-to-date: /root/researchv2/install/laser_proc/share/laser_proc/cmake/ament_cmake_export_include_directories-extras.cmake
[8.360s] -- Up-to-date: /root/researchv2/install/laser_proc/share/laser_proc/cmake/ament_cmake_export_libraries-extras.cmake
[8.360s] -- Up-to-date: /root/researchv2/install/laser_proc/share/laser_proc/cmake/laser_procConfig.cmake
[8.360s] -- Up-to-date: /root/researchv2/install/laser_proc/share/laser_proc/cmake/laser_procConfig-version.cmake
[8.360s] -- Installing: /root/researchv2/install/laser_proc/share/laser_proc/package.xml
[8.377s] Invoked command in '/root/researchv2/build/laser_proc' returned '0': CMAKE_PREFIX_PATH=${CMAKE_PREFIX_PATH}:/root/openpifpaf_ros2/install/rgbd_openpifpaf_ros2:/root/openpifpaf_ros2/install/pose_checker:/root/openpifpaf_ros2/install/openpifpaf_ros2_node:/root/researchv2/install/chaser_system:/opt/ros/galactic /usr/bin/cmake --install /root/researchv2/build/laser_proc
