[0.114s] Invoking command in '/root/researchv2/build/diagnostic_common_diagnostics': CMAKE_PREFIX_PATH=/root/researchv2/install/diagnostic_updater:/root/researchv2/install/urg_node:/root/researchv2/install/urg_node_msgs:/root/researchv2/install/urg_c:/root/researchv2/install/diagnostics:/root/researchv2/install/self_test:/root/researchv2/install/mymsg:/root/researchv2/install/laser_proc:/root/researchv2/install/diagnostic_common_diagnostics:/root/researchv2/install/diagnostic_aggregator:/root/researchv2/install/chaser_system:/opt/ros/galactic PYTHONPATH=/root/researchv2/install/diagnostic_updater/lib/python3.8/site-packages:/root/researchv2/install/urg_node_msgs/lib/python3.8/site-packages:/root/researchv2/install/chaser_system/lib/python3.8/site-packages:/root/researchv2/install/mymsg/lib/python3.8/site-packages:/root/researchv2/install/diagnostic_common_diagnostics/lib/python3.8/site-packages:/root/researchv2/install/diagnostic_aggregator/lib/python3.8/site-packages:/opt/ros/galactic/lib/python3.8/site-packages /usr/bin/cmake --build /root/researchv2/build/diagnostic_common_diagnostics -- -j12 -l12
[0.232s] Built target ament_cmake_python_copy_diagnostic_common_diagnostics
[0.781s] running egg_info
[0.782s] writing diagnostic_common_diagnostics.egg-info/PKG-INFO
[0.782s] writing dependency_links to diagnostic_common_diagnostics.egg-info/dependency_links.txt
[0.783s] writing top-level names to diagnostic_common_diagnostics.egg-info/top_level.txt
[0.871s] reading manifest file 'diagnostic_common_diagnostics.egg-info/SOURCES.txt'
[0.872s] writing manifest file 'diagnostic_common_diagnostics.egg-info/SOURCES.txt'
[0.916s] Built target ament_cmake_python_build_diagnostic_common_diagnostics_egg
[0.943s] Invoked command in '/root/researchv2/build/diagnostic_common_diagnostics' returned '0': CMAKE_PREFIX_PATH=/root/researchv2/install/diagnostic_updater:/root/researchv2/install/urg_node:/root/researchv2/install/urg_node_msgs:/root/researchv2/install/urg_c:/root/researchv2/install/diagnostics:/root/researchv2/install/self_test:/root/researchv2/install/mymsg:/root/researchv2/install/laser_proc:/root/researchv2/install/diagnostic_common_diagnostics:/root/researchv2/install/diagnostic_aggregator:/root/researchv2/install/chaser_system:/opt/ros/galactic PYTHONPATH=/root/researchv2/install/diagnostic_updater/lib/python3.8/site-packages:/root/researchv2/install/urg_node_msgs/lib/python3.8/site-packages:/root/researchv2/install/chaser_system/lib/python3.8/site-packages:/root/researchv2/install/mymsg/lib/python3.8/site-packages:/root/researchv2/install/diagnostic_common_diagnostics/lib/python3.8/site-packages:/root/researchv2/install/diagnostic_aggregator/lib/python3.8/site-packages:/opt/ros/galactic/lib/python3.8/site-packages /usr/bin/cmake --build /root/researchv2/build/diagnostic_common_diagnostics -- -j12 -l12
[1.113s] Invoking command in '/root/researchv2/build/diagnostic_common_diagnostics': CMAKE_PREFIX_PATH=/root/researchv2/install/diagnostic_updater:/root/researchv2/install/urg_node:/root/researchv2/install/urg_node_msgs:/root/researchv2/install/urg_c:/root/researchv2/install/diagnostics:/root/researchv2/install/self_test:/root/researchv2/install/mymsg:/root/researchv2/install/laser_proc:/root/researchv2/install/diagnostic_common_diagnostics:/root/researchv2/install/diagnostic_aggregator:/root/researchv2/install/chaser_system:/opt/ros/galactic PYTHONPATH=/root/researchv2/install/diagnostic_updater/lib/python3.8/site-packages:/root/researchv2/install/urg_node_msgs/lib/python3.8/site-packages:/root/researchv2/install/chaser_system/lib/python3.8/site-packages:/root/researchv2/install/mymsg/lib/python3.8/site-packages:/root/researchv2/install/diagnostic_common_diagnostics/lib/python3.8/site-packages:/root/researchv2/install/diagnostic_aggregator/lib/python3.8/site-packages:/opt/ros/galactic/lib/python3.8/site-packages /usr/bin/cmake --install /root/researchv2/build/diagnostic_common_diagnostics
[1.156s] -- Install configuration: ""
[1.156s] -- Up-to-date: /root/researchv2/install/diagnostic_common_diagnostics/share/diagnostic_common_diagnostics/environment/pythonpath.sh
[1.157s] -- Up-to-date: /root/researchv2/install/diagnostic_common_diagnostics/share/diagnostic_common_diagnostics/environment/pythonpath.dsv
[1.157s] -- Up-to-date: /root/researchv2/install/diagnostic_common_diagnostics/lib/python3.8/site-packages//diagnostic_common_diagnostics.egg-info
[1.157s] -- Installing: /root/researchv2/install/diagnostic_common_diagnostics/lib/python3.8/site-packages//diagnostic_common_diagnostics.egg-info/PKG-INFO
[1.157s] -- Installing: /root/researchv2/install/diagnostic_common_diagnostics/lib/python3.8/site-packages//diagnostic_common_diagnostics.egg-info/top_level.txt
[1.157s] -- Installing: /root/researchv2/install/diagnostic_common_diagnostics/lib/python3.8/site-packages//diagnostic_common_diagnostics.egg-info/SOURCES.txt
[1.157s] -- Installing: /root/researchv2/install/diagnostic_common_diagnostics/lib/python3.8/site-packages//diagnostic_common_diagnostics.egg-info/dependency_links.txt
[1.158s] -- Up-to-date: /root/researchv2/install/diagnostic_common_diagnostics/lib/python3.8/site-packages/diagnostic_common_diagnostics
[1.158s] -- Up-to-date: /root/researchv2/install/diagnostic_common_diagnostics/lib/python3.8/site-packages/diagnostic_common_diagnostics/__init__.py
[1.158s] -- Up-to-date: /root/researchv2/install/diagnostic_common_diagnostics/lib/python3.8/site-packages/diagnostic_common_diagnostics/ntp_monitor.py
[1.207s] Listing '/root/researchv2/install/diagnostic_common_diagnostics/lib/python3.8/site-packages/diagnostic_common_diagnostics'...
[1.215s] -- Up-to-date: /root/researchv2/install/diagnostic_common_diagnostics/lib/diagnostic_common_diagnostics/ntp_monitor.py
[1.215s] -- Up-to-date: /root/researchv2/install/diagnostic_common_diagnostics/share/ament_index/resource_index/package_run_dependencies/diagnostic_common_diagnostics
[1.216s] -- Up-to-date: /root/researchv2/install/diagnostic_common_diagnostics/share/ament_index/resource_index/parent_prefix_path/diagnostic_common_diagnostics
[1.216s] -- Up-to-date: /root/researchv2/install/diagnostic_common_diagnostics/share/diagnostic_common_diagnostics/environment/ament_prefix_path.sh
[1.216s] -- Up-to-date: /root/researchv2/install/diagnostic_common_diagnostics/share/diagnostic_common_diagnostics/environment/ament_prefix_path.dsv
[1.216s] -- Up-to-date: /root/researchv2/install/diagnostic_common_diagnostics/share/diagnostic_common_diagnostics/environment/path.sh
[1.217s] -- Up-to-date: /root/researchv2/install/diagnostic_common_diagnostics/share/diagnostic_common_diagnostics/environment/path.dsv
[1.217s] -- Up-to-date: /root/researchv2/install/diagnostic_common_diagnostics/share/diagnostic_common_diagnostics/local_setup.bash
[1.217s] -- Up-to-date: /root/researchv2/install/diagnostic_common_diagnostics/share/diagnostic_common_diagnostics/local_setup.sh
[1.217s] -- Up-to-date: /root/researchv2/install/diagnostic_common_diagnostics/share/diagnostic_common_diagnostics/local_setup.zsh
[1.217s] -- Up-to-date: /root/researchv2/install/diagnostic_common_diagnostics/share/diagnostic_common_diagnostics/local_setup.dsv
[1.218s] -- Installing: /root/researchv2/install/diagnostic_common_diagnostics/share/diagnostic_common_diagnostics/package.dsv
[1.218s] -- Up-to-date: /root/researchv2/install/diagnostic_common_diagnostics/share/ament_index/resource_index/packages/diagnostic_common_diagnostics
[1.218s] -- Up-to-date: /root/researchv2/install/diagnostic_common_diagnostics/share/diagnostic_common_diagnostics/cmake/diagnostic_common_diagnosticsConfig.cmake
[1.218s] -- Up-to-date: /root/researchv2/install/diagnostic_common_diagnostics/share/diagnostic_common_diagnostics/cmake/diagnostic_common_diagnosticsConfig-version.cmake
[1.218s] -- Up-to-date: /root/researchv2/install/diagnostic_common_diagnostics/share/diagnostic_common_diagnostics/package.xml
[1.226s] Invoked command in '/root/researchv2/build/diagnostic_common_diagnostics' returned '0': CMAKE_PREFIX_PATH=/root/researchv2/install/diagnostic_updater:/root/researchv2/install/urg_node:/root/researchv2/install/urg_node_msgs:/root/researchv2/install/urg_c:/root/researchv2/install/diagnostics:/root/researchv2/install/self_test:/root/researchv2/install/mymsg:/root/researchv2/install/laser_proc:/root/researchv2/install/diagnostic_common_diagnostics:/root/researchv2/install/diagnostic_aggregator:/root/researchv2/install/chaser_system:/opt/ros/galactic PYTHONPATH=/root/researchv2/install/diagnostic_updater/lib/python3.8/site-packages:/root/researchv2/install/urg_node_msgs/lib/python3.8/site-packages:/root/researchv2/install/chaser_system/lib/python3.8/site-packages:/root/researchv2/install/mymsg/lib/python3.8/site-packages:/root/researchv2/install/diagnostic_common_diagnostics/lib/python3.8/site-packages:/root/researchv2/install/diagnostic_aggregator/lib/python3.8/site-packages:/opt/ros/galactic/lib/python3.8/site-packages /usr/bin/cmake --install /root/researchv2/build/diagnostic_common_diagnostics
