[1.159s] Invoking command in '/root/researchv2/src/chaser_system': AMENT_PREFIX_PATH=/root/researchv2/install/mymsg:${AMENT_PREFIX_PATH} CMAKE_PREFIX_PATH=/root/researchv2/install/mymsg:${CMAKE_PREFIX_PATH} LD_LIBRARY_PATH=/root/researchv2/install/mymsg/lib:${LD_LIBRARY_PATH} PYTHONPATH=/root/researchv2/build/chaser_system/prefix_override:/root/researchv2/install/chaser_system/lib/python3.8/site-packages:/root/researchv2/install/mymsg/lib/python3.8/site-packages:${PYTHONPATH} /usr/bin/python3 setup.py egg_info --egg-base ../../build/chaser_system build --build-base /root/researchv2/build/chaser_system/build install --record /root/researchv2/build/chaser_system/install.log --install-scripts $base/lib/chaser_system --single-version-externally-managed
[1.590s] running egg_info
[1.590s] creating ../../build/chaser_system/chaser_system.egg-info
[1.591s] writing ../../build/chaser_system/chaser_system.egg-info/PKG-INFO
[1.591s] writing dependency_links to ../../build/chaser_system/chaser_system.egg-info/dependency_links.txt
[1.592s] writing entry points to ../../build/chaser_system/chaser_system.egg-info/entry_points.txt
[1.592s] writing requirements to ../../build/chaser_system/chaser_system.egg-info/requires.txt
[1.592s] writing top-level names to ../../build/chaser_system/chaser_system.egg-info/top_level.txt
[1.594s] writing manifest file '../../build/chaser_system/chaser_system.egg-info/SOURCES.txt'
[1.668s] reading manifest file '../../build/chaser_system/chaser_system.egg-info/SOURCES.txt'
[1.670s] writing manifest file '../../build/chaser_system/chaser_system.egg-info/SOURCES.txt'
[1.670s] running build
[1.670s] running build_py
[1.670s] creating /root/researchv2/build/chaser_system/build
[1.671s] creating /root/researchv2/build/chaser_system/build/lib
[1.671s] creating /root/researchv2/build/chaser_system/build/lib/chaser_system
[1.671s] copying chaser_system/pose_tf2.py -> /root/researchv2/build/chaser_system/build/lib/chaser_system
[1.671s] copying chaser_system/image_cutter.py -> /root/researchv2/build/chaser_system/build/lib/chaser_system
[1.671s] copying chaser_system/approachv2.py -> /root/researchv2/build/chaser_system/build/lib/chaser_system
[1.672s] copying chaser_system/approachv3.py -> /root/researchv2/build/chaser_system/build/lib/chaser_system
[1.672s] copying chaser_system/person_check.py -> /root/researchv2/build/chaser_system/build/lib/chaser_system
[1.672s] copying chaser_system/approach_navi.py -> /root/researchv2/build/chaser_system/build/lib/chaser_system
[1.672s] copying chaser_system/image_inputer.py -> /root/researchv2/build/chaser_system/build/lib/chaser_system
[1.673s] copying chaser_system/rgbd_generator.py -> /root/researchv2/build/chaser_system/build/lib/chaser_system
[1.673s] copying chaser_system/xbox.py -> /root/researchv2/build/chaser_system/build/lib/chaser_system
[1.673s] copying chaser_system/three_d_pose_analysis.py -> /root/researchv2/build/chaser_system/build/lib/chaser_system
[1.673s] copying chaser_system/raise_navi.py -> /root/researchv2/build/chaser_system/build/lib/chaser_system
[1.673s] copying chaser_system/__init__.py -> /root/researchv2/build/chaser_system/build/lib/chaser_system
[1.674s] running install
[1.675s] running install_lib
[1.677s] creating /root/researchv2/install/chaser_system/lib/python3.8/site-packages/chaser_system
[1.677s] copying /root/researchv2/build/chaser_system/build/lib/chaser_system/pose_tf2.py -> /root/researchv2/install/chaser_system/lib/python3.8/site-packages/chaser_system
[1.678s] copying /root/researchv2/build/chaser_system/build/lib/chaser_system/image_cutter.py -> /root/researchv2/install/chaser_system/lib/python3.8/site-packages/chaser_system
[1.678s] copying /root/researchv2/build/chaser_system/build/lib/chaser_system/approachv2.py -> /root/researchv2/install/chaser_system/lib/python3.8/site-packages/chaser_system
[1.678s] copying /root/researchv2/build/chaser_system/build/lib/chaser_system/approachv3.py -> /root/researchv2/install/chaser_system/lib/python3.8/site-packages/chaser_system
[1.678s] copying /root/researchv2/build/chaser_system/build/lib/chaser_system/person_check.py -> /root/researchv2/install/chaser_system/lib/python3.8/site-packages/chaser_system
[1.678s] copying /root/researchv2/build/chaser_system/build/lib/chaser_system/approach_navi.py -> /root/researchv2/install/chaser_system/lib/python3.8/site-packages/chaser_system
[1.678s] copying /root/researchv2/build/chaser_system/build/lib/chaser_system/image_inputer.py -> /root/researchv2/install/chaser_system/lib/python3.8/site-packages/chaser_system
[1.679s] copying /root/researchv2/build/chaser_system/build/lib/chaser_system/rgbd_generator.py -> /root/researchv2/install/chaser_system/lib/python3.8/site-packages/chaser_system
[1.679s] copying /root/researchv2/build/chaser_system/build/lib/chaser_system/xbox.py -> /root/researchv2/install/chaser_system/lib/python3.8/site-packages/chaser_system
[1.679s] copying /root/researchv2/build/chaser_system/build/lib/chaser_system/three_d_pose_analysis.py -> /root/researchv2/install/chaser_system/lib/python3.8/site-packages/chaser_system
[1.679s] copying /root/researchv2/build/chaser_system/build/lib/chaser_system/raise_navi.py -> /root/researchv2/install/chaser_system/lib/python3.8/site-packages/chaser_system
[1.679s] copying /root/researchv2/build/chaser_system/build/lib/chaser_system/__init__.py -> /root/researchv2/install/chaser_system/lib/python3.8/site-packages/chaser_system
[1.680s] byte-compiling /root/researchv2/install/chaser_system/lib/python3.8/site-packages/chaser_system/pose_tf2.py to pose_tf2.cpython-38.pyc
[1.684s] byte-compiling /root/researchv2/install/chaser_system/lib/python3.8/site-packages/chaser_system/image_cutter.py to image_cutter.cpython-38.pyc
[1.684s] byte-compiling /root/researchv2/install/chaser_system/lib/python3.8/site-packages/chaser_system/approachv2.py to approachv2.cpython-38.pyc
[1.685s] byte-compiling /root/researchv2/install/chaser_system/lib/python3.8/site-packages/chaser_system/approachv3.py to approachv3.cpython-38.pyc
[1.686s] byte-compiling /root/researchv2/install/chaser_system/lib/python3.8/site-packages/chaser_system/person_check.py to person_check.cpython-38.pyc
[1.688s] byte-compiling /root/researchv2/install/chaser_system/lib/python3.8/site-packages/chaser_system/approach_navi.py to approach_navi.cpython-38.pyc
[1.689s] byte-compiling /root/researchv2/install/chaser_system/lib/python3.8/site-packages/chaser_system/image_inputer.py to image_inputer.cpython-38.pyc
[1.692s] byte-compiling /root/researchv2/install/chaser_system/lib/python3.8/site-packages/chaser_system/rgbd_generator.py to rgbd_generator.cpython-38.pyc
[1.693s] byte-compiling /root/researchv2/install/chaser_system/lib/python3.8/site-packages/chaser_system/xbox.py to xbox.cpython-38.pyc
[1.693s] byte-compiling /root/researchv2/install/chaser_system/lib/python3.8/site-packages/chaser_system/three_d_pose_analysis.py to three_d_pose_analysis.cpython-38.pyc
[1.695s] byte-compiling /root/researchv2/install/chaser_system/lib/python3.8/site-packages/chaser_system/raise_navi.py to raise_navi.cpython-38.pyc
[1.696s] byte-compiling /root/researchv2/install/chaser_system/lib/python3.8/site-packages/chaser_system/__init__.py to __init__.cpython-38.pyc
[1.697s] running install_data
[1.698s] creating /root/researchv2/install/chaser_system/share/ament_index
[1.698s] creating /root/researchv2/install/chaser_system/share/ament_index/resource_index
[1.698s] creating /root/researchv2/install/chaser_system/share/ament_index/resource_index/packages
[1.698s] copying resource/chaser_system -> /root/researchv2/install/chaser_system/share/ament_index/resource_index/packages
[1.699s] copying package.xml -> /root/researchv2/install/chaser_system/share/chaser_system
[1.699s] copying launch/first_navigation.launch.py -> /root/researchv2/install/chaser_system/share/chaser_system
[1.699s] copying launch/my_scripts.launch.py -> /root/researchv2/install/chaser_system/share/chaser_system
[1.699s] creating /root/researchv2/install/chaser_system/share/chaser_system/urdf
[1.699s] creating /root/researchv2/install/chaser_system/share/chaser_system/rviz
[1.699s] copying rviz/nav2_view.rviz -> /root/researchv2/install/chaser_system/share/chaser_system/rviz
[1.700s] creating /root/researchv2/install/chaser_system/share/chaser_system/config
[1.700s] copying config/new_param.yaml -> /root/researchv2/install/chaser_system/share/chaser_system/config
[1.700s] copying config/first_navigation.yaml -> /root/researchv2/install/chaser_system/share/chaser_system/config
[1.700s] creating /root/researchv2/install/chaser_system/share/chaser_system/world
[1.700s] creating /root/researchv2/install/chaser_system/share/chaser_system/map
[1.701s] copying map/hayashi_15_com.yaml -> /root/researchv2/install/chaser_system/share/chaser_system/map
[1.701s] copying map/hayashi_15_com.pgm -> /root/researchv2/install/chaser_system/share/chaser_system/map
[1.774s] running install_egg_info
[1.777s] Copying ../../build/chaser_system/chaser_system.egg-info to /root/researchv2/install/chaser_system/lib/python3.8/site-packages/chaser_system-0.0.0-py3.8.egg-info
[1.778s] running install_scripts
[1.807s] Installing approach_navi script to /root/researchv2/install/chaser_system/lib/chaser_system
[1.808s] Installing approachv2 script to /root/researchv2/install/chaser_system/lib/chaser_system
[1.808s] Installing approachv3 script to /root/researchv2/install/chaser_system/lib/chaser_system
[1.808s] Installing image_inputer script to /root/researchv2/install/chaser_system/lib/chaser_system
[1.808s] Installing person_check script to /root/researchv2/install/chaser_system/lib/chaser_system
[1.808s] Installing pose_tf2 script to /root/researchv2/install/chaser_system/lib/chaser_system
[1.809s] Installing raise_navi script to /root/researchv2/install/chaser_system/lib/chaser_system
[1.809s] Installing rgbd_generator script to /root/researchv2/install/chaser_system/lib/chaser_system
[1.809s] Installing three_d_pose_analysis script to /root/researchv2/install/chaser_system/lib/chaser_system
[1.809s] Installing xbox script to /root/researchv2/install/chaser_system/lib/chaser_system
[1.809s] writing list of installed files to '/root/researchv2/build/chaser_system/install.log'
[1.835s] Invoked command in '/root/researchv2/src/chaser_system' returned '0': AMENT_PREFIX_PATH=/root/researchv2/install/mymsg:${AMENT_PREFIX_PATH} CMAKE_PREFIX_PATH=/root/researchv2/install/mymsg:${CMAKE_PREFIX_PATH} LD_LIBRARY_PATH=/root/researchv2/install/mymsg/lib:${LD_LIBRARY_PATH} PYTHONPATH=/root/researchv2/build/chaser_system/prefix_override:/root/researchv2/install/chaser_system/lib/python3.8/site-packages:/root/researchv2/install/mymsg/lib/python3.8/site-packages:${PYTHONPATH} /usr/bin/python3 setup.py egg_info --egg-base ../../build/chaser_system build --build-base /root/researchv2/build/chaser_system/build install --record /root/researchv2/build/chaser_system/install.log --install-scripts $base/lib/chaser_system --single-version-externally-managed
