[0.149s] [34mcolcon[0m [1;30mDEBUG[0m [32mCommand line arguments: ['/usr/bin/colcon', 'build'][0m
[0.150s] [34mcolcon[0m [1;30mDEBUG[0m [32mParsed command line arguments: Namespace(allow_overriding=[], ament_cmake_args=None, base_paths=['.'], build_base='build', catkin_cmake_args=None, catkin_skip_building_tests=False, cmake_args=None, cmake_clean_cache=False, cmake_clean_first=False, cmake_force_configure=False, cmake_target=None, cmake_target_skip_unavailable=False, continue_on_error=False, event_handlers=None, executor='parallel', ignore_user_meta=False, install_base='install', log_base=None, log_level=None, main=<bound method BuildVerb.main of <colcon_core.verb.build.BuildVerb object at 0x7f9313b63040>>, merge_install=False, metas=['./colcon.meta'], packages_above=None, packages_above_and_dependencies=None, packages_above_depth=None, packages_end=None, packages_ignore=None, packages_ignore_regex=None, packages_select=None, packages_select_build_failed=False, packages_select_by_dep=None, packages_select_regex=None, packages_select_test_failures=False, packages_skip=None, packages_skip_build_finished=False, packages_skip_by_dep=None, packages_skip_regex=None, packages_skip_test_passed=False, packages_skip_up_to=None, packages_start=None, packages_up_to=None, packages_up_to_regex=None, parallel_workers=12, paths=None, symlink_install=False, test_result_base=None, verb_extension=<colcon_core.verb.build.BuildVerb object at 0x7f9313b63040>, verb_name='build', verb_parser=<colcon_defaults.argument_parser.defaults.DefaultArgumentsDecorator object at 0x7f9313b63550>)[0m
[0.176s] [34mcolcon.colcon_core.package_discovery[0m [1;30mLevel 1[0m discover_packages(colcon_meta) check parameters
[0.176s] [34mcolcon.colcon_core.package_discovery[0m [1;30mLevel 1[0m discover_packages(recursive) check parameters
[0.177s] [34mcolcon.colcon_core.package_discovery[0m [1;30mLevel 1[0m discover_packages(ignore) check parameters
[0.177s] [34mcolcon.colcon_core.package_discovery[0m [1;30mLevel 1[0m discover_packages(path) check parameters
[0.177s] [34mcolcon.colcon_core.package_discovery[0m [1;30mLevel 1[0m discover_packages(colcon_meta) discover
[0.177s] [34mcolcon.colcon_core.package_discovery[0m [1;30mLevel 1[0m discover_packages(recursive) discover
[0.177s] [34mcolcon.colcon_core.package_discovery[0m [1;30mINFO[0m Crawling recursively for packages in '/root/researchv2'
[0.177s] [34mcolcon.colcon_core.package_identification[0m [1;30mLevel 1[0m _identify(.) by extensions ['ignore', 'ignore_ament_install']
[0.177s] [34mcolcon.colcon_core.package_identification[0m [1;30mLevel 1[0m _identify(.) by extension 'ignore'
[0.177s] [34mcolcon.colcon_core.package_identification[0m [1;30mLevel 1[0m _identify(.) by extension 'ignore_ament_install'
[0.177s] [34mcolcon.colcon_core.package_identification[0m [1;30mLevel 1[0m _identify(.) by extensions ['colcon_pkg']
[0.177s] [34mcolcon.colcon_core.package_identification[0m [1;30mLevel 1[0m _identify(.) by extension 'colcon_pkg'
[0.177s] [34mcolcon.colcon_core.package_identification[0m [1;30mLevel 1[0m _identify(.) by extensions ['colcon_meta']
[0.177s] [34mcolcon.colcon_core.package_identification[0m [1;30mLevel 1[0m _identify(.) by extension 'colcon_meta'
[0.178s] [34mcolcon.colcon_core.package_identification[0m [1;30mLevel 1[0m _identify(.) by extensions ['ros']
[0.178s] [34mcolcon.colcon_core.package_identification[0m [1;30mLevel 1[0m _identify(.) by extension 'ros'
[0.216s] [34mcolcon.colcon_core.package_identification[0m [1;30mLevel 1[0m _identify(.) by extensions ['cmake', 'python']
[0.216s] [34mcolcon.colcon_core.package_identification[0m [1;30mLevel 1[0m _identify(.) by extension 'cmake'
[0.216s] [34mcolcon.colcon_core.package_identification[0m [1;30mLevel 1[0m _identify(.) by extension 'python'
[0.216s] [34mcolcon.colcon_core.package_identification[0m [1;30mLevel 1[0m _identify(.) by extensions ['python_setup_py']
[0.216s] [34mcolcon.colcon_core.package_identification[0m [1;30mLevel 1[0m _identify(.) by extension 'python_setup_py'
[0.216s] [34mcolcon.colcon_core.package_identification[0m [1;30mLevel 1[0m _identify(build) by extensions ['ignore', 'ignore_ament_install']
[0.217s] [34mcolcon.colcon_core.package_identification[0m [1;30mLevel 1[0m _identify(build) by extension 'ignore'
[0.217s] [34mcolcon.colcon_core.package_identification[0m [1;30mLevel 1[0m _identify(build) ignored
[0.217s] [34mcolcon.colcon_core.package_identification[0m [1;30mLevel 1[0m _identify(install) by extensions ['ignore', 'ignore_ament_install']
[0.217s] [34mcolcon.colcon_core.package_identification[0m [1;30mLevel 1[0m _identify(install) by extension 'ignore'
[0.217s] [34mcolcon.colcon_core.package_identification[0m [1;30mLevel 1[0m _identify(install) ignored
[0.217s] [34mcolcon.colcon_core.package_identification[0m [1;30mLevel 1[0m _identify(log) by extensions ['ignore', 'ignore_ament_install']
[0.217s] [34mcolcon.colcon_core.package_identification[0m [1;30mLevel 1[0m _identify(log) by extension 'ignore'
[0.217s] [34mcolcon.colcon_core.package_identification[0m [1;30mLevel 1[0m _identify(log) ignored
[0.217s] [34mcolcon.colcon_core.package_identification[0m [1;30mLevel 1[0m _identify(src) by extensions ['ignore', 'ignore_ament_install']
[0.218s] [34mcolcon.colcon_core.package_identification[0m [1;30mLevel 1[0m _identify(src) by extension 'ignore'
[0.218s] [34mcolcon.colcon_core.package_identification[0m [1;30mLevel 1[0m _identify(src) by extension 'ignore_ament_install'
[0.218s] [34mcolcon.colcon_core.package_identification[0m [1;30mLevel 1[0m _identify(src) by extensions ['colcon_pkg']
[0.218s] [34mcolcon.colcon_core.package_identification[0m [1;30mLevel 1[0m _identify(src) by extension 'colcon_pkg'
[0.218s] [34mcolcon.colcon_core.package_identification[0m [1;30mLevel 1[0m _identify(src) by extensions ['colcon_meta']
[0.218s] [34mcolcon.colcon_core.package_identification[0m [1;30mLevel 1[0m _identify(src) by extension 'colcon_meta'
[0.218s] [34mcolcon.colcon_core.package_identification[0m [1;30mLevel 1[0m _identify(src) by extensions ['ros']
[0.218s] [34mcolcon.colcon_core.package_identification[0m [1;30mLevel 1[0m _identify(src) by extension 'ros'
[0.218s] [34mcolcon.colcon_core.package_identification[0m [1;30mLevel 1[0m _identify(src) by extensions ['cmake', 'python']
[0.218s] [34mcolcon.colcon_core.package_identification[0m [1;30mLevel 1[0m _identify(src) by extension 'cmake'
[0.218s] [34mcolcon.colcon_core.package_identification[0m [1;30mLevel 1[0m _identify(src) by extension 'python'
[0.218s] [34mcolcon.colcon_core.package_identification[0m [1;30mLevel 1[0m _identify(src) by extensions ['python_setup_py']
[0.218s] [34mcolcon.colcon_core.package_identification[0m [1;30mLevel 1[0m _identify(src) by extension 'python_setup_py'
[0.218s] [34mcolcon.colcon_core.package_identification[0m [1;30mLevel 1[0m _identify(src/chaser_system) by extensions ['ignore', 'ignore_ament_install']
[0.219s] [34mcolcon.colcon_core.package_identification[0m [1;30mLevel 1[0m _identify(src/chaser_system) by extension 'ignore'
[0.219s] [34mcolcon.colcon_core.package_identification[0m [1;30mLevel 1[0m _identify(src/chaser_system) by extension 'ignore_ament_install'
[0.219s] [34mcolcon.colcon_core.package_identification[0m [1;30mLevel 1[0m _identify(src/chaser_system) by extensions ['colcon_pkg']
[0.219s] [34mcolcon.colcon_core.package_identification[0m [1;30mLevel 1[0m _identify(src/chaser_system) by extension 'colcon_pkg'
[0.219s] [34mcolcon.colcon_core.package_identification[0m [1;30mLevel 1[0m _identify(src/chaser_system) by extensions ['colcon_meta']
[0.219s] [34mcolcon.colcon_core.package_identification[0m [1;30mLevel 1[0m _identify(src/chaser_system) by extension 'colcon_meta'
[0.219s] [34mcolcon.colcon_core.package_identification[0m [1;30mLevel 1[0m _identify(src/chaser_system) by extensions ['ros']
[0.219s] [34mcolcon.colcon_core.package_identification[0m [1;30mLevel 1[0m _identify(src/chaser_system) by extension 'ros'
[0.224s] [34mcolcon.colcon_core.package_identification[0m [1;30mDEBUG[0m [32mPackage 'src/chaser_system' with type 'ros.ament_python' and name 'chaser_system'[0m
[0.224s] [34mcolcon.colcon_core.package_identification[0m [1;30mLevel 1[0m _identify(src/laser_proc) by extensions ['ignore', 'ignore_ament_install']
[0.224s] [34mcolcon.colcon_core.package_identification[0m [1;30mLevel 1[0m _identify(src/laser_proc) by extension 'ignore'
[0.224s] [34mcolcon.colcon_core.package_identification[0m [1;30mLevel 1[0m _identify(src/laser_proc) by extension 'ignore_ament_install'
[0.224s] [34mcolcon.colcon_core.package_identification[0m [1;30mLevel 1[0m _identify(src/laser_proc) by extensions ['colcon_pkg']
[0.224s] [34mcolcon.colcon_core.package_identification[0m [1;30mLevel 1[0m _identify(src/laser_proc) by extension 'colcon_pkg'
[0.224s] [34mcolcon.colcon_core.package_identification[0m [1;30mLevel 1[0m _identify(src/laser_proc) by extensions ['colcon_meta']
[0.224s] [34mcolcon.colcon_core.package_identification[0m [1;30mLevel 1[0m _identify(src/laser_proc) by extension 'colcon_meta'
[0.224s] [34mcolcon.colcon_core.package_identification[0m [1;30mLevel 1[0m _identify(src/laser_proc) by extensions ['ros']
[0.225s] [34mcolcon.colcon_core.package_identification[0m [1;30mLevel 1[0m _identify(src/laser_proc) by extension 'ros'
[0.225s] [34mcolcon.colcon_core.package_identification[0m [1;30mLevel 1[0m _identify(src/laser_proc) by extensions ['cmake', 'python']
[0.225s] [34mcolcon.colcon_core.package_identification[0m [1;30mLevel 1[0m _identify(src/laser_proc) by extension 'cmake'
[0.225s] [34mcolcon.colcon_core.package_identification[0m [1;30mLevel 1[0m _identify(src/laser_proc) by extension 'python'
[0.225s] [34mcolcon.colcon_core.package_identification[0m [1;30mLevel 1[0m _identify(src/laser_proc) by extensions ['python_setup_py']
[0.225s] [34mcolcon.colcon_core.package_identification[0m [1;30mLevel 1[0m _identify(src/laser_proc) by extension 'python_setup_py'
[0.225s] [34mcolcon.colcon_core.package_identification[0m [1;30mLevel 1[0m _identify(src/mymsg) by extensions ['ignore', 'ignore_ament_install']
[0.225s] [34mcolcon.colcon_core.package_identification[0m [1;30mLevel 1[0m _identify(src/mymsg) by extension 'ignore'
[0.225s] [34mcolcon.colcon_core.package_identification[0m [1;30mLevel 1[0m _identify(src/mymsg) by extension 'ignore_ament_install'
[0.225s] [34mcolcon.colcon_core.package_identification[0m [1;30mLevel 1[0m _identify(src/mymsg) by extensions ['colcon_pkg']
[0.225s] [34mcolcon.colcon_core.package_identification[0m [1;30mLevel 1[0m _identify(src/mymsg) by extension 'colcon_pkg'
[0.225s] [34mcolcon.colcon_core.package_identification[0m [1;30mLevel 1[0m _identify(src/mymsg) by extensions ['colcon_meta']
[0.225s] [34mcolcon.colcon_core.package_identification[0m [1;30mLevel 1[0m _identify(src/mymsg) by extension 'colcon_meta'
[0.226s] [34mcolcon.colcon_core.package_identification[0m [1;30mLevel 1[0m _identify(src/mymsg) by extensions ['ros']
[0.226s] [34mcolcon.colcon_core.package_identification[0m [1;30mLevel 1[0m _identify(src/mymsg) by extension 'ros'
[0.227s] [34mcolcon.colcon_core.package_identification[0m [1;30mDEBUG[0m [32mPackage 'src/mymsg' with type 'ros.ament_cmake' and name 'mymsg'[0m
[0.227s] [34mcolcon.colcon_core.package_identification[0m [1;30mLevel 1[0m _identify(src/urg_c) by extensions ['ignore', 'ignore_ament_install']
[0.228s] [34mcolcon.colcon_core.package_identification[0m [1;30mLevel 1[0m _identify(src/urg_c) by extension 'ignore'
[0.228s] [34mcolcon.colcon_core.package_identification[0m [1;30mLevel 1[0m _identify(src/urg_c) by extension 'ignore_ament_install'
[0.228s] [34mcolcon.colcon_core.package_identification[0m [1;30mLevel 1[0m _identify(src/urg_c) by extensions ['colcon_pkg']
[0.228s] [34mcolcon.colcon_core.package_identification[0m [1;30mLevel 1[0m _identify(src/urg_c) by extension 'colcon_pkg'
[0.228s] [34mcolcon.colcon_core.package_identification[0m [1;30mLevel 1[0m _identify(src/urg_c) by extensions ['colcon_meta']
[0.228s] [34mcolcon.colcon_core.package_identification[0m [1;30mLevel 1[0m _identify(src/urg_c) by extension 'colcon_meta'
[0.228s] [34mcolcon.colcon_core.package_identification[0m [1;30mLevel 1[0m _identify(src/urg_c) by extensions ['ros']
[0.228s] [34mcolcon.colcon_core.package_identification[0m [1;30mLevel 1[0m _identify(src/urg_c) by extension 'ros'
[0.228s] [34mcolcon.colcon_core.package_identification[0m [1;30mLevel 1[0m _identify(src/urg_c) by extensions ['cmake', 'python']
[0.228s] [34mcolcon.colcon_core.package_identification[0m [1;30mLevel 1[0m _identify(src/urg_c) by extension 'cmake'
[0.228s] [34mcolcon.colcon_core.package_identification[0m [1;30mLevel 1[0m _identify(src/urg_c) by extension 'python'
[0.228s] [34mcolcon.colcon_core.package_identification[0m [1;30mLevel 1[0m _identify(src/urg_c) by extensions ['python_setup_py']
[0.228s] [34mcolcon.colcon_core.package_identification[0m [1;30mLevel 1[0m _identify(src/urg_c) by extension 'python_setup_py'
[0.229s] [34mcolcon.colcon_core.package_identification[0m [1;30mLevel 1[0m _identify(src/urg_node) by extensions ['ignore', 'ignore_ament_install']
[0.229s] [34mcolcon.colcon_core.package_identification[0m [1;30mLevel 1[0m _identify(src/urg_node) by extension 'ignore'
[0.229s] [34mcolcon.colcon_core.package_identification[0m [1;30mLevel 1[0m _identify(src/urg_node) by extension 'ignore_ament_install'
[0.229s] [34mcolcon.colcon_core.package_identification[0m [1;30mLevel 1[0m _identify(src/urg_node) by extensions ['colcon_pkg']
[0.229s] [34mcolcon.colcon_core.package_identification[0m [1;30mLevel 1[0m _identify(src/urg_node) by extension 'colcon_pkg'
[0.229s] [34mcolcon.colcon_core.package_identification[0m [1;30mLevel 1[0m _identify(src/urg_node) by extensions ['colcon_meta']
[0.229s] [34mcolcon.colcon_core.package_identification[0m [1;30mLevel 1[0m _identify(src/urg_node) by extension 'colcon_meta'
[0.229s] [34mcolcon.colcon_core.package_identification[0m [1;30mLevel 1[0m _identify(src/urg_node) by extensions ['ros']
[0.229s] [34mcolcon.colcon_core.package_identification[0m [1;30mLevel 1[0m _identify(src/urg_node) by extension 'ros'
[0.229s] [34mcolcon.colcon_core.package_identification[0m [1;30mLevel 1[0m _identify(src/urg_node) by extensions ['cmake', 'python']
[0.229s] [34mcolcon.colcon_core.package_identification[0m [1;30mLevel 1[0m _identify(src/urg_node) by extension 'cmake'
[0.229s] [34mcolcon.colcon_core.package_identification[0m [1;30mLevel 1[0m _identify(src/urg_node) by extension 'python'
[0.229s] [34mcolcon.colcon_core.package_identification[0m [1;30mLevel 1[0m _identify(src/urg_node) by extensions ['python_setup_py']
[0.229s] [34mcolcon.colcon_core.package_identification[0m [1;30mLevel 1[0m _identify(src/urg_node) by extension 'python_setup_py'
[0.230s] [34mcolcon.colcon_core.package_identification[0m [1;30mLevel 1[0m _identify(src/urg_node_msgs) by extensions ['ignore', 'ignore_ament_install']
[0.230s] [34mcolcon.colcon_core.package_identification[0m [1;30mLevel 1[0m _identify(src/urg_node_msgs) by extension 'ignore'
[0.230s] [34mcolcon.colcon_core.package_identification[0m [1;30mLevel 1[0m _identify(src/urg_node_msgs) by extension 'ignore_ament_install'
[0.230s] [34mcolcon.colcon_core.package_identification[0m [1;30mLevel 1[0m _identify(src/urg_node_msgs) by extensions ['colcon_pkg']
[0.230s] [34mcolcon.colcon_core.package_identification[0m [1;30mLevel 1[0m _identify(src/urg_node_msgs) by extension 'colcon_pkg'
[0.230s] [34mcolcon.colcon_core.package_identification[0m [1;30mLevel 1[0m _identify(src/urg_node_msgs) by extensions ['colcon_meta']
[0.230s] [34mcolcon.colcon_core.package_identification[0m [1;30mLevel 1[0m _identify(src/urg_node_msgs) by extension 'colcon_meta'
[0.230s] [34mcolcon.colcon_core.package_identification[0m [1;30mLevel 1[0m _identify(src/urg_node_msgs) by extensions ['ros']
[0.230s] [34mcolcon.colcon_core.package_identification[0m [1;30mLevel 1[0m _identify(src/urg_node_msgs) by extension 'ros'
[0.230s] [34mcolcon.colcon_core.package_identification[0m [1;30mLevel 1[0m _identify(src/urg_node_msgs) by extensions ['cmake', 'python']
[0.230s] [34mcolcon.colcon_core.package_identification[0m [1;30mLevel 1[0m _identify(src/urg_node_msgs) by extension 'cmake'
[0.230s] [34mcolcon.colcon_core.package_identification[0m [1;30mLevel 1[0m _identify(src/urg_node_msgs) by extension 'python'
[0.230s] [34mcolcon.colcon_core.package_identification[0m [1;30mLevel 1[0m _identify(src/urg_node_msgs) by extensions ['python_setup_py']
[0.231s] [34mcolcon.colcon_core.package_identification[0m [1;30mLevel 1[0m _identify(src/urg_node_msgs) by extension 'python_setup_py'
[0.231s] [34mcolcon.colcon_core.package_discovery[0m [1;30mLevel 1[0m discover_packages(recursive) using defaults
[0.231s] [34mcolcon.colcon_core.package_discovery[0m [1;30mLevel 1[0m discover_packages(ignore) discover
[0.231s] [34mcolcon.colcon_core.package_discovery[0m [1;30mLevel 1[0m discover_packages(ignore) using defaults
[0.231s] [34mcolcon.colcon_core.package_discovery[0m [1;30mLevel 1[0m discover_packages(path) discover
[0.231s] [34mcolcon.colcon_core.package_discovery[0m [1;30mLevel 1[0m discover_packages(path) using defaults
[0.259s] [34mcolcon.colcon_core.package_discovery[0m [1;30mLevel 1[0m discover_packages(prefix_path) check parameters
[0.260s] [34mcolcon.colcon_core.package_discovery[0m [1;30mLevel 1[0m discover_packages(prefix_path) discover
[0.264s] [34mcolcon.colcon_installed_package_information.package_discovery[0m [1;30mDEBUG[0m [32mFound 7 installed packages in /root/openpifpaf_ros2/install[0m
[0.267s] [34mcolcon.colcon_installed_package_information.package_discovery[0m [1;30mDEBUG[0m [32mFound 268 installed packages in /opt/ros/galactic[0m
[0.270s] [34mcolcon.colcon_core.package_discovery[0m [1;30mLevel 1[0m discover_packages(prefix_path) using defaults
[0.387s] [34mcolcon.colcon_core.verb[0m [1;30mLevel 5[0m set package 'mymsg' build argument 'cmake_args' from command line to 'None'
[0.387s] [34mcolcon.colcon_core.verb[0m [1;30mLevel 5[0m set package 'mymsg' build argument 'cmake_target' from command line to 'None'
[0.387s] [34mcolcon.colcon_core.verb[0m [1;30mLevel 5[0m set package 'mymsg' build argument 'cmake_target_skip_unavailable' from command line to 'False'
[0.387s] [34mcolcon.colcon_core.verb[0m [1;30mLevel 5[0m set package 'mymsg' build argument 'cmake_clean_cache' from command line to 'False'
[0.387s] [34mcolcon.colcon_core.verb[0m [1;30mLevel 5[0m set package 'mymsg' build argument 'cmake_clean_first' from command line to 'False'
[0.387s] [34mcolcon.colcon_core.verb[0m [1;30mLevel 5[0m set package 'mymsg' build argument 'cmake_force_configure' from command line to 'False'
[0.387s] [34mcolcon.colcon_core.verb[0m [1;30mLevel 5[0m set package 'mymsg' build argument 'ament_cmake_args' from command line to 'None'
[0.387s] [34mcolcon.colcon_core.verb[0m [1;30mLevel 5[0m set package 'mymsg' build argument 'catkin_cmake_args' from command line to 'None'
[0.387s] [34mcolcon.colcon_core.verb[0m [1;30mLevel 5[0m set package 'mymsg' build argument 'catkin_skip_building_tests' from command line to 'False'
[0.387s] [34mcolcon.colcon_core.verb[0m [1;30mDEBUG[0m [32mBuilding package 'mymsg' with the following arguments: {'ament_cmake_args': None, 'build_base': '/root/researchv2/build/mymsg', 'catkin_cmake_args': None, 'catkin_skip_building_tests': False, 'cmake_args': None, 'cmake_clean_cache': False, 'cmake_clean_first': False, 'cmake_force_configure': False, 'cmake_target': None, 'cmake_target_skip_unavailable': False, 'install_base': '/root/researchv2/install/mymsg', 'merge_install': False, 'path': '/root/researchv2/src/mymsg', 'symlink_install': False, 'test_result_base': None}[0m
[0.389s] [34mcolcon.colcon_core.verb[0m [1;30mLevel 5[0m set package 'chaser_system' build argument 'cmake_args' from command line to 'None'
[0.389s] [34mcolcon.colcon_core.verb[0m [1;30mLevel 5[0m set package 'chaser_system' build argument 'cmake_target' from command line to 'None'
[0.390s] [34mcolcon.colcon_core.verb[0m [1;30mLevel 5[0m set package 'chaser_system' build argument 'cmake_target_skip_unavailable' from command line to 'False'
[0.390s] [34mcolcon.colcon_core.verb[0m [1;30mLevel 5[0m set package 'chaser_system' build argument 'cmake_clean_cache' from command line to 'False'
[0.390s] [34mcolcon.colcon_core.verb[0m [1;30mLevel 5[0m set package 'chaser_system' build argument 'cmake_clean_first' from command line to 'False'
[0.390s] [34mcolcon.colcon_core.verb[0m [1;30mLevel 5[0m set package 'chaser_system' build argument 'cmake_force_configure' from command line to 'False'
[0.390s] [34mcolcon.colcon_core.verb[0m [1;30mLevel 5[0m set package 'chaser_system' build argument 'ament_cmake_args' from command line to 'None'
[0.390s] [34mcolcon.colcon_core.verb[0m [1;30mLevel 5[0m set package 'chaser_system' build argument 'catkin_cmake_args' from command line to 'None'
[0.390s] [34mcolcon.colcon_core.verb[0m [1;30mLevel 5[0m set package 'chaser_system' build argument 'catkin_skip_building_tests' from command line to 'False'
[0.390s] [34mcolcon.colcon_core.verb[0m [1;30mDEBUG[0m [32mBuilding package 'chaser_system' with the following arguments: {'ament_cmake_args': None, 'build_base': '/root/researchv2/build/chaser_system', 'catkin_cmake_args': None, 'catkin_skip_building_tests': False, 'cmake_args': None, 'cmake_clean_cache': False, 'cmake_clean_first': False, 'cmake_force_configure': False, 'cmake_target': None, 'cmake_target_skip_unavailable': False, 'install_base': '/root/researchv2/install/chaser_system', 'merge_install': False, 'path': '/root/researchv2/src/chaser_system', 'symlink_install': False, 'test_result_base': None}[0m
[0.391s] [34mcolcon.colcon_core.executor[0m [1;30mINFO[0m Executing jobs using 'parallel' executor
[0.397s] [34mcolcon.colcon_parallel_executor.executor.parallel[0m [1;30mDEBUG[0m [32mrun_until_complete[0m
[0.397s] [34mcolcon.colcon_ros.task.ament_cmake.build[0m [1;30mINFO[0m Building ROS package in '/root/researchv2/src/mymsg' with build type 'ament_cmake'
[0.397s] [34mcolcon.colcon_cmake.task.cmake.build[0m [1;30mINFO[0m Building CMake package in '/root/researchv2/src/mymsg'
[0.404s] [34mcolcon.colcon_core.plugin_system[0m [1;30mINFO[0m Skipping extension 'colcon_core.shell.bat': Not used on non-Windows systems
[0.404s] [34mcolcon.colcon_core.shell[0m [1;30mINFO[0m Skip shell extension 'powershell' for command environment: Not usable outside of PowerShell
[0.404s] [34mcolcon.colcon_core.shell[0m [1;30mDEBUG[0m [32mSkip shell extension 'dsv' for command environment[0m
[0.420s] [34mcolcon.colcon_core.event_handler.log_command[0m [1;30mDEBUG[0m [32mInvoking command in '/root/researchv2/build/mymsg': CMAKE_PREFIX_PATH=${CMAKE_PREFIX_PATH}:/opt/ros/galactic:/root/openpifpaf_ros2/install/rgbd_openpifpaf_ros2:/root/openpifpaf_ros2/install/pose_checker:/root/openpifpaf_ros2/install/openpifpaf_ros2_node /usr/bin/cmake /root/researchv2/src/mymsg -DCMAKE_INSTALL_PREFIX=/root/researchv2/install/mymsg[0m
[3.482s] [34mcolcon.colcon_core.event_handler.log_command[0m [1;30mDEBUG[0m [32mInvoked command in '/root/researchv2/build/mymsg' returned '0': CMAKE_PREFIX_PATH=${CMAKE_PREFIX_PATH}:/opt/ros/galactic:/root/openpifpaf_ros2/install/rgbd_openpifpaf_ros2:/root/openpifpaf_ros2/install/pose_checker:/root/openpifpaf_ros2/install/openpifpaf_ros2_node /usr/bin/cmake /root/researchv2/src/mymsg -DCMAKE_INSTALL_PREFIX=/root/researchv2/install/mymsg[0m
[3.485s] [34mcolcon.colcon_core.event_handler.log_command[0m [1;30mDEBUG[0m [32mInvoking command in '/root/researchv2/build/mymsg': CMAKE_PREFIX_PATH=${CMAKE_PREFIX_PATH}:/opt/ros/galactic:/root/openpifpaf_ros2/install/rgbd_openpifpaf_ros2:/root/openpifpaf_ros2/install/pose_checker:/root/openpifpaf_ros2/install/openpifpaf_ros2_node /usr/bin/cmake --build /root/researchv2/build/mymsg -- -j12 -l12[0m
[11.036s] [34mcolcon.colcon_core.event_handler.log_command[0m [1;30mDEBUG[0m [32mInvoked command in '/root/researchv2/build/mymsg' returned '0': CMAKE_PREFIX_PATH=${CMAKE_PREFIX_PATH}:/opt/ros/galactic:/root/openpifpaf_ros2/install/rgbd_openpifpaf_ros2:/root/openpifpaf_ros2/install/pose_checker:/root/openpifpaf_ros2/install/openpifpaf_ros2_node /usr/bin/cmake --build /root/researchv2/build/mymsg -- -j12 -l12[0m
[11.223s] [34mcolcon.colcon_core.event_handler.log_command[0m [1;30mDEBUG[0m [32mInvoking command in '/root/researchv2/build/mymsg': CMAKE_PREFIX_PATH=${CMAKE_PREFIX_PATH}:/opt/ros/galactic:/root/openpifpaf_ros2/install/rgbd_openpifpaf_ros2:/root/openpifpaf_ros2/install/pose_checker:/root/openpifpaf_ros2/install/openpifpaf_ros2_node /usr/bin/cmake --install /root/researchv2/build/mymsg[0m
[11.337s] [34mcolcon.colcon_core.environment[0m [1;30mLevel 1[0m create_environment_scripts_only(mymsg)
[11.339s] [34mcolcon.colcon_core.event_handler.log_command[0m [1;30mDEBUG[0m [32mInvoked command in '/root/researchv2/build/mymsg' returned '0': CMAKE_PREFIX_PATH=${CMAKE_PREFIX_PATH}:/opt/ros/galactic:/root/openpifpaf_ros2/install/rgbd_openpifpaf_ros2:/root/openpifpaf_ros2/install/pose_checker:/root/openpifpaf_ros2/install/openpifpaf_ros2_node /usr/bin/cmake --install /root/researchv2/build/mymsg[0m
[11.345s] [34mcolcon.colcon_core.environment[0m [1;30mLevel 1[0m checking '/root/researchv2/install/mymsg' for CMake module files
[11.346s] [34mcolcon.colcon_core.environment[0m [1;30mLevel 1[0m checking '/root/researchv2/install/mymsg' for CMake config files
[11.347s] [34mcolcon.colcon_core.shell[0m [1;30mLevel 1[0m create_environment_hook('mymsg', 'cmake_prefix_path')
[11.349s] [34mcolcon.colcon_core.shell[0m [1;30mINFO[0m Creating environment hook '/root/researchv2/install/mymsg/share/mymsg/hook/cmake_prefix_path.ps1'
[11.349s] [34mcolcon.colcon_core.shell[0m [1;30mINFO[0m Creating environment descriptor '/root/researchv2/install/mymsg/share/mymsg/hook/cmake_prefix_path.dsv'
[11.350s] [34mcolcon.colcon_core.shell[0m [1;30mINFO[0m Creating environment hook '/root/researchv2/install/mymsg/share/mymsg/hook/cmake_prefix_path.sh'
[11.351s] [34mcolcon.colcon_core.environment[0m [1;30mLevel 1[0m checking '/root/researchv2/install/mymsg/lib'
[11.351s] [34mcolcon.colcon_core.shell[0m [1;30mLevel 1[0m create_environment_hook('mymsg', 'ld_library_path_lib')
[11.352s] [34mcolcon.colcon_core.shell[0m [1;30mINFO[0m Creating environment hook '/root/researchv2/install/mymsg/share/mymsg/hook/ld_library_path_lib.ps1'
[11.353s] [34mcolcon.colcon_core.shell[0m [1;30mINFO[0m Creating environment descriptor '/root/researchv2/install/mymsg/share/mymsg/hook/ld_library_path_lib.dsv'
[11.353s] [34mcolcon.colcon_core.shell[0m [1;30mINFO[0m Creating environment hook '/root/researchv2/install/mymsg/share/mymsg/hook/ld_library_path_lib.sh'
[11.354s] [34mcolcon.colcon_core.environment[0m [1;30mLevel 1[0m checking '/root/researchv2/install/mymsg/bin'
[11.354s] [34mcolcon.colcon_core.environment[0m [1;30mLevel 1[0m checking '/root/researchv2/install/mymsg/lib/pkgconfig/mymsg.pc'
[11.354s] [34mcolcon.colcon_core.environment[0m [1;30mLevel 1[0m checking '/root/researchv2/install/mymsg/lib/python3.8/site-packages'
[11.354s] [34mcolcon.colcon_core.shell[0m [1;30mLevel 1[0m create_environment_hook('mymsg', 'pythonpath')
[11.356s] [34mcolcon.colcon_core.shell[0m [1;30mINFO[0m Creating environment hook '/root/researchv2/install/mymsg/share/mymsg/hook/pythonpath.ps1'
[11.356s] [34mcolcon.colcon_core.shell[0m [1;30mINFO[0m Creating environment descriptor '/root/researchv2/install/mymsg/share/mymsg/hook/pythonpath.dsv'
[11.357s] [34mcolcon.colcon_core.shell[0m [1;30mINFO[0m Creating environment hook '/root/researchv2/install/mymsg/share/mymsg/hook/pythonpath.sh'
[11.357s] [34mcolcon.colcon_core.environment[0m [1;30mLevel 1[0m checking '/root/researchv2/install/mymsg/bin'
[11.360s] [34mcolcon.colcon_core.shell[0m [1;30mINFO[0m Creating package script '/root/researchv2/install/mymsg/share/mymsg/package.ps1'
[11.361s] [34mcolcon.colcon_core.shell[0m [1;30mINFO[0m Creating package descriptor '/root/researchv2/install/mymsg/share/mymsg/package.dsv'
[11.362s] [34mcolcon.colcon_core.shell[0m [1;30mINFO[0m Creating package script '/root/researchv2/install/mymsg/share/mymsg/package.sh'
[11.362s] [34mcolcon.colcon_core.shell[0m [1;30mINFO[0m Creating package script '/root/researchv2/install/mymsg/share/mymsg/package.bash'
[11.363s] [34mcolcon.colcon_core.shell[0m [1;30mINFO[0m Creating package script '/root/researchv2/install/mymsg/share/mymsg/package.zsh'
[11.365s] [34mcolcon.colcon_core.environment[0m [1;30mLevel 1[0m create_file_with_runtime_dependencies(/root/researchv2/install/mymsg/share/colcon-core/packages/mymsg)
[11.542s] [34mcolcon.colcon_core.environment[0m [1;30mLevel 1[0m create_environment_scripts_only(mymsg)
[11.547s] [34mcolcon.colcon_core.environment[0m [1;30mLevel 1[0m checking '/root/researchv2/install/mymsg' for CMake module files
[11.548s] [34mcolcon.colcon_core.environment[0m [1;30mLevel 1[0m checking '/root/researchv2/install/mymsg' for CMake config files
[11.549s] [34mcolcon.colcon_core.shell[0m [1;30mLevel 1[0m create_environment_hook('mymsg', 'cmake_prefix_path')
[11.552s] [34mcolcon.colcon_core.shell[0m [1;30mINFO[0m Creating environment hook '/root/researchv2/install/mymsg/share/mymsg/hook/cmake_prefix_path.ps1'
[11.552s] [34mcolcon.colcon_core.shell[0m [1;30mINFO[0m Creating environment descriptor '/root/researchv2/install/mymsg/share/mymsg/hook/cmake_prefix_path.dsv'
[11.553s] [34mcolcon.colcon_core.shell[0m [1;30mINFO[0m Creating environment hook '/root/researchv2/install/mymsg/share/mymsg/hook/cmake_prefix_path.sh'
[11.554s] [34mcolcon.colcon_core.environment[0m [1;30mLevel 1[0m checking '/root/researchv2/install/mymsg/lib'
[11.554s] [34mcolcon.colcon_core.shell[0m [1;30mLevel 1[0m create_environment_hook('mymsg', 'ld_library_path_lib')
[11.557s] [34mcolcon.colcon_core.shell[0m [1;30mINFO[0m Creating environment hook '/root/researchv2/install/mymsg/share/mymsg/hook/ld_library_path_lib.ps1'
[11.557s] [34mcolcon.colcon_core.shell[0m [1;30mINFO[0m Creating environment descriptor '/root/researchv2/install/mymsg/share/mymsg/hook/ld_library_path_lib.dsv'
[11.557s] [34mcolcon.colcon_core.shell[0m [1;30mINFO[0m Creating environment hook '/root/researchv2/install/mymsg/share/mymsg/hook/ld_library_path_lib.sh'
[11.558s] [34mcolcon.colcon_core.environment[0m [1;30mLevel 1[0m checking '/root/researchv2/install/mymsg/bin'
[11.558s] [34mcolcon.colcon_core.environment[0m [1;30mLevel 1[0m checking '/root/researchv2/install/mymsg/lib/pkgconfig/mymsg.pc'
[11.558s] [34mcolcon.colcon_core.environment[0m [1;30mLevel 1[0m checking '/root/researchv2/install/mymsg/lib/python3.8/site-packages'
[11.559s] [34mcolcon.colcon_core.shell[0m [1;30mLevel 1[0m create_environment_hook('mymsg', 'pythonpath')
[11.560s] [34mcolcon.colcon_core.shell[0m [1;30mINFO[0m Creating environment hook '/root/researchv2/install/mymsg/share/mymsg/hook/pythonpath.ps1'
[11.561s] [34mcolcon.colcon_core.shell[0m [1;30mINFO[0m Creating environment descriptor '/root/researchv2/install/mymsg/share/mymsg/hook/pythonpath.dsv'
[11.561s] [34mcolcon.colcon_core.shell[0m [1;30mINFO[0m Creating environment hook '/root/researchv2/install/mymsg/share/mymsg/hook/pythonpath.sh'
[11.562s] [34mcolcon.colcon_core.environment[0m [1;30mLevel 1[0m checking '/root/researchv2/install/mymsg/bin'
[11.564s] [34mcolcon.colcon_core.shell[0m [1;30mINFO[0m Creating package script '/root/researchv2/install/mymsg/share/mymsg/package.ps1'
[11.564s] [34mcolcon.colcon_core.shell[0m [1;30mINFO[0m Creating package descriptor '/root/researchv2/install/mymsg/share/mymsg/package.dsv'
[11.565s] [34mcolcon.colcon_core.shell[0m [1;30mINFO[0m Creating package script '/root/researchv2/install/mymsg/share/mymsg/package.sh'
[11.566s] [34mcolcon.colcon_core.shell[0m [1;30mINFO[0m Creating package script '/root/researchv2/install/mymsg/share/mymsg/package.bash'
[11.566s] [34mcolcon.colcon_core.shell[0m [1;30mINFO[0m Creating package script '/root/researchv2/install/mymsg/share/mymsg/package.zsh'
[11.567s] [34mcolcon.colcon_core.environment[0m [1;30mLevel 1[0m create_file_with_runtime_dependencies(/root/researchv2/install/mymsg/share/colcon-core/packages/mymsg)
[11.567s] [34mcolcon.colcon_ros.task.ament_python.build[0m [1;30mINFO[0m Building ROS package in '/root/researchv2/src/chaser_system' with build type 'ament_python'
[11.568s] [34mcolcon.colcon_core.shell[0m [1;30mLevel 1[0m create_environment_hook('chaser_system', 'ament_prefix_path')
[11.570s] [34mcolcon.colcon_core.shell[0m [1;30mINFO[0m Creating environment hook '/root/researchv2/install/chaser_system/share/chaser_system/hook/ament_prefix_path.ps1'
[11.571s] [34mcolcon.colcon_core.shell[0m [1;30mINFO[0m Creating environment descriptor '/root/researchv2/install/chaser_system/share/chaser_system/hook/ament_prefix_path.dsv'
[11.571s] [34mcolcon.colcon_core.shell[0m [1;30mINFO[0m Creating environment hook '/root/researchv2/install/chaser_system/share/chaser_system/hook/ament_prefix_path.sh'
[11.574s] [34mcolcon.colcon_core.shell[0m [1;30mINFO[0m Skip shell extension 'powershell' for command environment: Not usable outside of PowerShell
[11.574s] [34mcolcon.colcon_core.shell[0m [1;30mDEBUG[0m [32mSkip shell extension 'dsv' for command environment[0m
[11.990s] [34mcolcon.colcon_core.task.python.build[0m [1;30mINFO[0m Building Python package in '/root/researchv2/src/chaser_system'
[11.994s] [34mcolcon.colcon_core.shell[0m [1;30mINFO[0m Skip shell extension 'powershell' for command environment: Not usable outside of PowerShell
[11.994s] [34mcolcon.colcon_core.shell[0m [1;30mDEBUG[0m [32mSkip shell extension 'dsv' for command environment[0m
[12.730s] [34mcolcon.colcon_core.event_handler.log_command[0m [1;30mDEBUG[0m [32mInvoking command in '/root/researchv2/src/chaser_system': AMENT_PREFIX_PATH=/root/researchv2/install/mymsg:${AMENT_PREFIX_PATH} CMAKE_PREFIX_PATH=/root/researchv2/install/mymsg:${CMAKE_PREFIX_PATH} LD_LIBRARY_PATH=/root/researchv2/install/mymsg/lib:${LD_LIBRARY_PATH} PYTHONPATH=/root/researchv2/build/chaser_system/prefix_override:/root/researchv2/install/chaser_system/lib/python3.8/site-packages:/root/researchv2/install/mymsg/lib/python3.8/site-packages:${PYTHONPATH} /usr/bin/python3 setup.py egg_info --egg-base ../../build/chaser_system build --build-base /root/researchv2/build/chaser_system/build install --record /root/researchv2/build/chaser_system/install.log --install-scripts $base/lib/chaser_system --single-version-externally-managed[0m
[13.404s] [34mcolcon.colcon_core.environment[0m [1;30mLevel 1[0m checking '/root/researchv2/install/chaser_system' for CMake module files
[13.405s] [34mcolcon.colcon_core.event_handler.log_command[0m [1;30mDEBUG[0m [32mInvoked command in '/root/researchv2/src/chaser_system' returned '0': AMENT_PREFIX_PATH=/root/researchv2/install/mymsg:${AMENT_PREFIX_PATH} CMAKE_PREFIX_PATH=/root/researchv2/install/mymsg:${CMAKE_PREFIX_PATH} LD_LIBRARY_PATH=/root/researchv2/install/mymsg/lib:${LD_LIBRARY_PATH} PYTHONPATH=/root/researchv2/build/chaser_system/prefix_override:/root/researchv2/install/chaser_system/lib/python3.8/site-packages:/root/researchv2/install/mymsg/lib/python3.8/site-packages:${PYTHONPATH} /usr/bin/python3 setup.py egg_info --egg-base ../../build/chaser_system build --build-base /root/researchv2/build/chaser_system/build install --record /root/researchv2/build/chaser_system/install.log --install-scripts $base/lib/chaser_system --single-version-externally-managed[0m
[13.406s] [34mcolcon.colcon_core.environment[0m [1;30mLevel 1[0m checking '/root/researchv2/install/chaser_system' for CMake config files
[13.407s] [34mcolcon.colcon_core.environment[0m [1;30mLevel 1[0m checking '/root/researchv2/install/chaser_system/lib'
[13.407s] [34mcolcon.colcon_core.environment[0m [1;30mLevel 1[0m checking '/root/researchv2/install/chaser_system/bin'
[13.407s] [34mcolcon.colcon_core.environment[0m [1;30mLevel 1[0m checking '/root/researchv2/install/chaser_system/lib/pkgconfig/chaser_system.pc'
[13.408s] [34mcolcon.colcon_core.environment[0m [1;30mLevel 1[0m checking '/root/researchv2/install/chaser_system/lib/python3.8/site-packages'
[13.408s] [34mcolcon.colcon_core.shell[0m [1;30mLevel 1[0m create_environment_hook('chaser_system', 'pythonpath')
[13.410s] [34mcolcon.colcon_core.shell[0m [1;30mINFO[0m Creating environment hook '/root/researchv2/install/chaser_system/share/chaser_system/hook/pythonpath.ps1'
[13.411s] [34mcolcon.colcon_core.shell[0m [1;30mINFO[0m Creating environment descriptor '/root/researchv2/install/chaser_system/share/chaser_system/hook/pythonpath.dsv'
[13.411s] [34mcolcon.colcon_core.shell[0m [1;30mINFO[0m Creating environment hook '/root/researchv2/install/chaser_system/share/chaser_system/hook/pythonpath.sh'
[13.412s] [34mcolcon.colcon_core.environment[0m [1;30mLevel 1[0m checking '/root/researchv2/install/chaser_system/bin'
[13.412s] [34mcolcon.colcon_core.environment[0m [1;30mLevel 1[0m create_environment_scripts_only(chaser_system)
[13.415s] [34mcolcon.colcon_core.shell[0m [1;30mINFO[0m Creating package script '/root/researchv2/install/chaser_system/share/chaser_system/package.ps1'
[13.416s] [34mcolcon.colcon_core.shell[0m [1;30mINFO[0m Creating package descriptor '/root/researchv2/install/chaser_system/share/chaser_system/package.dsv'
[13.416s] [34mcolcon.colcon_core.shell[0m [1;30mINFO[0m Creating package script '/root/researchv2/install/chaser_system/share/chaser_system/package.sh'
[13.417s] [34mcolcon.colcon_core.shell[0m [1;30mINFO[0m Creating package script '/root/researchv2/install/chaser_system/share/chaser_system/package.bash'
[13.417s] [34mcolcon.colcon_core.shell[0m [1;30mINFO[0m Creating package script '/root/researchv2/install/chaser_system/share/chaser_system/package.zsh'
[13.418s] [34mcolcon.colcon_core.environment[0m [1;30mLevel 1[0m create_file_with_runtime_dependencies(/root/researchv2/install/chaser_system/share/colcon-core/packages/chaser_system)
[13.418s] [34mcolcon.colcon_parallel_executor.executor.parallel[0m [1;30mDEBUG[0m [32mclosing loop[0m
[13.419s] [34mcolcon.colcon_parallel_executor.executor.parallel[0m [1;30mDEBUG[0m [32mloop closed[0m
[13.419s] [34mcolcon.colcon_parallel_executor.executor.parallel[0m [1;30mDEBUG[0m [32mrun_until_complete finished with '0'[0m
[13.419s] [34mcolcon.colcon_core.event_reactor[0m [1;30mDEBUG[0m [32mjoining thread[0m
[13.427s] [34mcolcon.colcon_core.plugin_system[0m [1;30mINFO[0m Skipping extension 'colcon_notification.desktop_notification.notify_send': Could not find 'notify-send'
[13.427s] [34mcolcon.colcon_core.plugin_system[0m [1;30mINFO[0m Skipping extension 'colcon_notification.desktop_notification.terminal_notifier': Not used on non-Darwin systems
[13.428s] [34mcolcon.colcon_core.plugin_system[0m [1;30mINFO[0m Skipping extension 'colcon_notification.desktop_notification.win32': Not used on non-Windows systems
[13.428s] [34mcolcon.colcon_notification.desktop_notification[0m [1;30mINFO[0m Sending desktop notification using 'notify2'
[13.434s] [34mcolcon.colcon_notification.desktop_notification.notify2[0m [1;30mDEBUG[0m [32mFailed to initialize notify2: org.freedesktop.DBus.Error.ServiceUnknown: The name org.freedesktop.Notifications was not provided by any .service files[0m
[13.434s] [34mcolcon.colcon_core.event_reactor[0m [1;30mDEBUG[0m [32mjoined thread[0m
[13.438s] [34mcolcon.colcon_core.shell[0m [1;30mINFO[0m Creating prefix script '/root/researchv2/install/local_setup.ps1'
[13.440s] [34mcolcon.colcon_core.shell[0m [1;30mINFO[0m Creating prefix util module '/root/researchv2/install/_local_setup_util_ps1.py'
[13.443s] [34mcolcon.colcon_core.shell[0m [1;30mINFO[0m Creating prefix chain script '/root/researchv2/install/setup.ps1'
[13.446s] [34mcolcon.colcon_core.shell[0m [1;30mINFO[0m Creating prefix script '/root/researchv2/install/local_setup.sh'
[13.447s] [34mcolcon.colcon_core.shell[0m [1;30mINFO[0m Creating prefix util module '/root/researchv2/install/_local_setup_util_sh.py'
[13.448s] [34mcolcon.colcon_core.shell[0m [1;30mINFO[0m Creating prefix chain script '/root/researchv2/install/setup.sh'
[13.451s] [34mcolcon.colcon_core.shell[0m [1;30mINFO[0m Creating prefix script '/root/researchv2/install/local_setup.bash'
[13.452s] [34mcolcon.colcon_core.shell[0m [1;30mINFO[0m Creating prefix chain script '/root/researchv2/install/setup.bash'
[13.455s] [34mcolcon.colcon_core.shell[0m [1;30mINFO[0m Creating prefix script '/root/researchv2/install/local_setup.zsh'
[13.455s] [34mcolcon.colcon_core.shell[0m [1;30mINFO[0m Creating prefix chain script '/root/researchv2/install/setup.zsh'
