[0.035s] Invoking command in '/root/researchv2/build/chaser_system_c': CMAKE_PREFIX_PATH=${CMAKE_PREFIX_PATH}:/root/openpifpaf_ros2/install/rgbd_openpifpaf_ros2:/root/openpifpaf_ros2/install/pose_checker:/root/openpifpaf_ros2/install/openpifpaf_ros2_node:/root/researchv2/install/chaser_system:/opt/ros/galactic /usr/bin/cmake --build /root/researchv2/build/chaser_system_c -- -j16 -l16
[0.079s] [35m[1mScanning dependencies of target approachv4_c[0m
[0.135s] [ 50%] [32mBuilding CXX object CMakeFiles/approachv4_c.dir/src/approachv4_c.cpp.o[0m
[5.879s] [100%] [32m[1mLinking CXX executable approachv4_c[0m
[6.101s] /usr/bin/ld: CMakeFiles/approachv4_c.dir/src/approachv4_c.cpp.o: in function `approach_v4_c::approach_v4_c()':
[6.101s] approachv4_c.cpp:(.text._ZN13approach_v4_cC2Ev[_ZN13approach_v4_cC5Ev]+0x2b2): undefined reference to `rcl_action_client_get_default_options'
[6.102s] /usr/bin/ld: CMakeFiles/approachv4_c.dir/src/approachv4_c.cpp.o: in function `bool rclcpp_action::ClientBase::wait_for_action_server<long, std::ratio<1l, 1000l> >(std::chrono::duration<long, std::ratio<1l, 1000l> >)':
[6.102s] approachv4_c.cpp:(.text._ZN13rclcpp_action10ClientBase22wait_for_action_serverIlSt5ratioILl1ELl1000EEEEbNSt6chrono8durationIT_T0_EE[_ZN13rclcpp_action10ClientBase22wait_for_action_serverIlSt5ratioILl1ELl1000EEEEbNSt6chrono8durationIT_T0_EE]+0x2e): undefined reference to `rclcpp_action::ClientBase::wait_for_action_server_nanoseconds(std::chrono::duration<long, std::ratio<1l, 1000000000l> >)'
[6.102s] /usr/bin/ld: CMakeFiles/approachv4_c.dir/src/approachv4_c.cpp.o: in function `rclcpp_action::Client<nav2_msgs::action::NavigateToPose>::~Client()':
[6.102s] approachv4_c.cpp:(.text._ZN13rclcpp_action6ClientIN9nav2_msgs6action14NavigateToPoseEED2Ev[_ZN13rclcpp_action6ClientIN9nav2_msgs6action14NavigateToPoseEED5Ev]+0x19a): undefined reference to `rclcpp_action::ClientBase::~ClientBase()'
[6.102s] /usr/bin/ld: CMakeFiles/approachv4_c.dir/src/approachv4_c.cpp.o: in function `rclcpp_action::Client<nav2_msgs::action::NavigateToPose>::Client(std::shared_ptr<rclcpp::node_interfaces::NodeBaseInterface>, std::shared_ptr<rclcpp::node_interfaces::NodeGraphInterface>, std::shared_ptr<rclcpp::node_interfaces::NodeLoggingInterface>, std::__cxx11::basic_string<char, std::char_traits<char>, std::allocator<char> > const&, rcl_action_client_options_t const&)':
[6.102s] approachv4_c.cpp:(.text._ZN13rclcpp_action6ClientIN9nav2_msgs6action14NavigateToPoseEEC2ESt10shared_ptrIN6rclcpp15node_interfaces17NodeBaseInterfaceEES5_INS7_18NodeGraphInterfaceEES5_INS7_20NodeLoggingInterfaceEERKNSt7__cxx1112basic_stringIcSt11char_traitsIcESaIcEEERK27rcl_action_client_options_t[_ZN13rclcpp_action6ClientIN9nav2_msgs6action14NavigateToPoseEEC5ESt10shared_ptrIN6rclcpp15node_interfaces17NodeBaseInterfaceEES5_INS7_18NodeGraphInterfaceEES5_INS7_20NodeLoggingInterfaceEERKNSt7__cxx1112basic_stringIcSt11char_traitsIcESaIcEEERK27rcl_action_client_options_t]+0x3b): undefined reference to `rosidl_action_type_support_t const* rosidl_typesupport_cpp::get_action_type_support_handle<nav2_msgs::action::NavigateToPose>()'
[6.102s] /usr/bin/ld: approachv4_c.cpp:(.text._ZN13rclcpp_action6ClientIN9nav2_msgs6action14NavigateToPoseEEC2ESt10shared_ptrIN6rclcpp15node_interfaces17NodeBaseInterfaceEES5_INS7_18NodeGraphInterfaceEES5_INS7_20NodeLoggingInterfaceEERKNSt7__cxx1112basic_stringIcSt11char_traitsIcESaIcEEERK27rcl_action_client_options_t[_ZN13rclcpp_action6ClientIN9nav2_msgs6action14NavigateToPoseEEC5ESt10shared_ptrIN6rclcpp15node_interfaces17NodeBaseInterfaceEES5_INS7_18NodeGraphInterfaceEES5_INS7_20NodeLoggingInterfaceEERKNSt7__cxx1112basic_stringIcSt11char_traitsIcESaIcEEERK27rcl_action_client_options_t]+0x9f): undefined reference to `rclcpp_action::ClientBase::ClientBase(std::shared_ptr<rclcpp::node_interfaces::NodeBaseInterface>, std::shared_ptr<rclcpp::node_interfaces::NodeGraphInterface>, std::shared_ptr<rclcpp::node_interfaces::NodeLoggingInterface>, std::__cxx11::basic_string<char, std::char_traits<char>, std::allocator<char> > const&, rosidl_action_type_support_t const*, rcl_action_client_options_t const&)'
[6.102s] /usr/bin/ld: CMakeFiles/approachv4_c.dir/src/approachv4_c.cpp.o:(.data.rel.ro._ZTVN13rclcpp_action6ClientIN9nav2_msgs6action14NavigateToPoseEEE[_ZTVN13rclcpp_action6ClientIN9nav2_msgs6action14NavigateToPoseEEE]+0x20): undefined reference to `rclcpp_action::ClientBase::get_number_of_ready_subscriptions()'
[6.103s] /usr/bin/ld: CMakeFiles/approachv4_c.dir/src/approachv4_c.cpp.o:(.data.rel.ro._ZTVN13rclcpp_action6ClientIN9nav2_msgs6action14NavigateToPoseEEE[_ZTVN13rclcpp_action6ClientIN9nav2_msgs6action14NavigateToPoseEEE]+0x28): undefined reference to `rclcpp_action::ClientBase::get_number_of_ready_timers()'
[6.103s] /usr/bin/ld: CMakeFiles/approachv4_c.dir/src/approachv4_c.cpp.o:(.data.rel.ro._ZTVN13rclcpp_action6ClientIN9nav2_msgs6action14NavigateToPoseEEE[_ZTVN13rclcpp_action6ClientIN9nav2_msgs6action14NavigateToPoseEEE]+0x30): undefined reference to `rclcpp_action::ClientBase::get_number_of_ready_clients()'
[6.103s] /usr/bin/ld: CMakeFiles/approachv4_c.dir/src/approachv4_c.cpp.o:(.data.rel.ro._ZTVN13rclcpp_action6ClientIN9nav2_msgs6action14NavigateToPoseEEE[_ZTVN13rclcpp_action6ClientIN9nav2_msgs6action14NavigateToPoseEEE]+0x40): undefined reference to `rclcpp_action::ClientBase::get_number_of_ready_services()'
[6.103s] /usr/bin/ld: CMakeFiles/approachv4_c.dir/src/approachv4_c.cpp.o:(.data.rel.ro._ZTVN13rclcpp_action6ClientIN9nav2_msgs6action14NavigateToPoseEEE[_ZTVN13rclcpp_action6ClientIN9nav2_msgs6action14NavigateToPoseEEE]+0x48): undefined reference to `rclcpp_action::ClientBase::get_number_of_ready_guard_conditions()'
[6.103s] /usr/bin/ld: CMakeFiles/approachv4_c.dir/src/approachv4_c.cpp.o:(.data.rel.ro._ZTVN13rclcpp_action6ClientIN9nav2_msgs6action14NavigateToPoseEEE[_ZTVN13rclcpp_action6ClientIN9nav2_msgs6action14NavigateToPoseEEE]+0x50): undefined reference to `rclcpp_action::ClientBase::add_to_wait_set(rcl_wait_set_t*)'
[6.103s] /usr/bin/ld: CMakeFiles/approachv4_c.dir/src/approachv4_c.cpp.o:(.data.rel.ro._ZTVN13rclcpp_action6ClientIN9nav2_msgs6action14NavigateToPoseEEE[_ZTVN13rclcpp_action6ClientIN9nav2_msgs6action14NavigateToPoseEEE]+0x58): undefined reference to `rclcpp_action::ClientBase::is_ready(rcl_wait_set_t*)'
[6.103s] /usr/bin/ld: CMakeFiles/approachv4_c.dir/src/approachv4_c.cpp.o:(.data.rel.ro._ZTVN13rclcpp_action6ClientIN9nav2_msgs6action14NavigateToPoseEEE[_ZTVN13rclcpp_action6ClientIN9nav2_msgs6action14NavigateToPoseEEE]+0x60): undefined reference to `rclcpp_action::ClientBase::take_data()'
[6.103s] /usr/bin/ld: CMakeFiles/approachv4_c.dir/src/approachv4_c.cpp.o:(.data.rel.ro._ZTVN13rclcpp_action6ClientIN9nav2_msgs6action14NavigateToPoseEEE[_ZTVN13rclcpp_action6ClientIN9nav2_msgs6action14NavigateToPoseEEE]+0x68): undefined reference to `rclcpp_action::ClientBase::execute(std::shared_ptr<void>&)'
[6.103s] /usr/bin/ld: CMakeFiles/approachv4_c.dir/src/approachv4_c.cpp.o:(.data.rel.ro._ZTVN13rclcpp_action6ClientIN9nav2_msgs6action14NavigateToPoseEEE[_ZTVN13rclcpp_action6ClientIN9nav2_msgs6action14NavigateToPoseEEE]+0x70): undefined reference to `rclcpp_action::ClientBase::generate_goal_id()'
[6.103s] /usr/bin/ld: CMakeFiles/approachv4_c.dir/src/approachv4_c.cpp.o:(.data.rel.ro._ZTVN13rclcpp_action6ClientIN9nav2_msgs6action14NavigateToPoseEEE[_ZTVN13rclcpp_action6ClientIN9nav2_msgs6action14NavigateToPoseEEE]+0x78): undefined reference to `rclcpp_action::ClientBase::send_goal_request(std::shared_ptr<void>, std::function<void (std::shared_ptr<void>)>)'
[6.103s] /usr/bin/ld: CMakeFiles/approachv4_c.dir/src/approachv4_c.cpp.o:(.data.rel.ro._ZTVN13rclcpp_action6ClientIN9nav2_msgs6action14NavigateToPoseEEE[_ZTVN13rclcpp_action6ClientIN9nav2_msgs6action14NavigateToPoseEEE]+0x80): undefined reference to `rclcpp_action::ClientBase::send_result_request(std::shared_ptr<void>, std::function<void (std::shared_ptr<void>)>)'
[6.103s] /usr/bin/ld: CMakeFiles/approachv4_c.dir/src/approachv4_c.cpp.o:(.data.rel.ro._ZTVN13rclcpp_action6ClientIN9nav2_msgs6action14NavigateToPoseEEE[_ZTVN13rclcpp_action6ClientIN9nav2_msgs6action14NavigateToPoseEEE]+0x88): undefined reference to `rclcpp_action::ClientBase::send_cancel_request(std::shared_ptr<void>, std::function<void (std::shared_ptr<void>)>)'
[6.103s] /usr/bin/ld: CMakeFiles/approachv4_c.dir/src/approachv4_c.cpp.o:(.data.rel.ro._ZTVN13rclcpp_action6ClientIN9nav2_msgs6action14NavigateToPoseEEE[_ZTVN13rclcpp_action6ClientIN9nav2_msgs6action14NavigateToPoseEEE]+0x98): undefined reference to `rclcpp_action::ClientBase::handle_goal_response(rmw_request_id_t const&, std::shared_ptr<void>)'
[6.103s] /usr/bin/ld: CMakeFiles/approachv4_c.dir/src/approachv4_c.cpp.o:(.data.rel.ro._ZTVN13rclcpp_action6ClientIN9nav2_msgs6action14NavigateToPoseEEE[_ZTVN13rclcpp_action6ClientIN9nav2_msgs6action14NavigateToPoseEEE]+0xa8): undefined reference to `rclcpp_action::ClientBase::handle_result_response(rmw_request_id_t const&, std::shared_ptr<void>)'
[6.103s] /usr/bin/ld: CMakeFiles/approachv4_c.dir/src/approachv4_c.cpp.o:(.data.rel.ro._ZTVN13rclcpp_action6ClientIN9nav2_msgs6action14NavigateToPoseEEE[_ZTVN13rclcpp_action6ClientIN9nav2_msgs6action14NavigateToPoseEEE]+0xb8): undefined reference to `rclcpp_action::ClientBase::handle_cancel_response(rmw_request_id_t const&, std::shared_ptr<void>)'
[6.103s] /usr/bin/ld: CMakeFiles/approachv4_c.dir/src/approachv4_c.cpp.o:(.data.rel.ro._ZTIN13rclcpp_action6ClientIN9nav2_msgs6action14NavigateToPoseEEE[_ZTIN13rclcpp_action6ClientIN9nav2_msgs6action14NavigateToPoseEEE]+0x10): undefined reference to `typeinfo for rclcpp_action::ClientBase'
[6.103s] /usr/bin/ld: CMakeFiles/approachv4_c.dir/src/approachv4_c.cpp.o: in function `rclcpp_action::Client<nav2_msgs::action::NavigateToPose>::handle_feedback_message(std::shared_ptr<void>)':
[6.104s] approachv4_c.cpp:(.text._ZN13rclcpp_action6ClientIN9nav2_msgs6action14NavigateToPoseEE23handle_feedback_messageESt10shared_ptrIvE[_ZN13rclcpp_action6ClientIN9nav2_msgs6action14NavigateToPoseEE23handle_feedback_messageESt10shared_ptrIvE]+0x179): undefined reference to `rclcpp_action::ClientBase::get_logger()'
[6.104s] /usr/bin/ld: approachv4_c.cpp:(.text._ZN13rclcpp_action6ClientIN9nav2_msgs6action14NavigateToPoseEE23handle_feedback_messageESt10shared_ptrIvE[_ZN13rclcpp_action6ClientIN9nav2_msgs6action14NavigateToPoseEE23handle_feedback_messageESt10shared_ptrIvE]+0x1c3): undefined reference to `rclcpp_action::ClientBase::get_logger()'
[6.104s] /usr/bin/ld: approachv4_c.cpp:(.text._ZN13rclcpp_action6ClientIN9nav2_msgs6action14NavigateToPoseEE23handle_feedback_messageESt10shared_ptrIvE[_ZN13rclcpp_action6ClientIN9nav2_msgs6action14NavigateToPoseEE23handle_feedback_messageESt10shared_ptrIvE]+0x32e): undefined reference to `rclcpp_action::ClientBase::get_logger()'
[6.104s] /usr/bin/ld: approachv4_c.cpp:(.text._ZN13rclcpp_action6ClientIN9nav2_msgs6action14NavigateToPoseEE23handle_feedback_messageESt10shared_ptrIvE[_ZN13rclcpp_action6ClientIN9nav2_msgs6action14NavigateToPoseEE23handle_feedback_messageESt10shared_ptrIvE]+0x378): undefined reference to `rclcpp_action::ClientBase::get_logger()'
[6.104s] /usr/bin/ld: CMakeFiles/approachv4_c.dir/src/approachv4_c.cpp.o: in function `rclcpp_action::Client<nav2_msgs::action::NavigateToPose>::handle_status_message(std::shared_ptr<void>)':
[6.104s] approachv4_c.cpp:(.text._ZN13rclcpp_action6ClientIN9nav2_msgs6action14NavigateToPoseEE21handle_status_messageESt10shared_ptrIvE[_ZN13rclcpp_action6ClientIN9nav2_msgs6action14NavigateToPoseEE21handle_status_messageESt10shared_ptrIvE]+0x1ea): undefined reference to `rclcpp_action::ClientBase::get_logger()'
[6.104s] /usr/bin/ld: CMakeFiles/approachv4_c.dir/src/approachv4_c.cpp.o:approachv4_c.cpp:(.text._ZN13rclcpp_action6ClientIN9nav2_msgs6action14NavigateToPoseEE21handle_status_messageESt10shared_ptrIvE[_ZN13rclcpp_action6ClientIN9nav2_msgs6action14NavigateToPoseEE21handle_status_messageESt10shared_ptrIvE]+0x238): more undefined references to `rclcpp_action::ClientBase::get_logger()' follow
[6.104s] collect2: error: ld returned 1 exit status
[6.104s] make[2]: *** [CMakeFiles/approachv4_c.dir/build.make:137: approachv4_c] Error 1
[6.104s] make[1]: *** [CMakeFiles/Makefile2:78: CMakeFiles/approachv4_c.dir/all] Error 2
[6.104s] make: *** [Makefile:141: all] Error 2
[6.106s] Invoked command in '/root/researchv2/build/chaser_system_c' returned '2': CMAKE_PREFIX_PATH=${CMAKE_PREFIX_PATH}:/root/openpifpaf_ros2/install/rgbd_openpifpaf_ros2:/root/openpifpaf_ros2/install/pose_checker:/root/openpifpaf_ros2/install/openpifpaf_ros2_node:/root/researchv2/install/chaser_system:/opt/ros/galactic /usr/bin/cmake --build /root/researchv2/build/chaser_system_c -- -j16 -l16
