[0.076s] Invoking command in '/root/researchv2/build/urg_node_msgs': CMAKE_PREFIX_PATH=${CMAKE_PREFIX_PATH}:/root/openpifpaf_ros2/install/rgbd_openpifpaf_ros2:/root/openpifpaf_ros2/install/pose_checker:/root/openpifpaf_ros2/install/openpifpaf_ros2_node:/root/researchv2/install/chaser_system:/opt/ros/galactic /usr/bin/cmake /root/researchv2/src/urg_node_msgs -DCMAKE_INSTALL_PREFIX=/root/researchv2/install/urg_node_msgs
[0.275s] -- The C compiler identification is GNU 9.4.0
[0.440s] -- The CXX compiler identification is GNU 9.4.0
[0.453s] -- Check for working C compiler: /usr/bin/cc
[0.588s] -- Check for working C compiler: /usr/bin/cc -- works
[0.590s] -- Detecting C compiler ABI info
[0.738s] -- Detecting C compiler ABI info - done
[0.758s] -- Detecting C compile features
[0.759s] -- Detecting C compile features - done
[0.764s] -- Check for working CXX compiler: /usr/bin/c++
[0.921s] -- Check for working CXX compiler: /usr/bin/c++ -- works
[0.922s] -- Detecting CXX compiler ABI info
[1.065s] -- Detecting CXX compiler ABI info - done
[1.086s] -- Detecting CXX compile features
[1.087s] -- Detecting CXX compile features - done
[1.115s] -- Found ament_cmake: 1.1.6 (/opt/ros/galactic/share/ament_cmake/cmake)
[1.179s] -- Found PythonInterp: /usr/bin/python3 (found suitable version "3.8.10", minimum required is "3") 
[1.179s] -- Using PYTHON_EXECUTABLE: /usr/bin/python3
[1.400s] -- Found builtin_interfaces: 1.0.3 (/opt/ros/galactic/share/builtin_interfaces/cmake)
[1.492s] -- Using all available rosidl_typesupport_c: rosidl_typesupport_fastrtps_c;rosidl_typesupport_introspection_c
[1.517s] -- Found rosidl_adapter: 2.2.3 (/opt/ros/galactic/share/rosidl_adapter/cmake)
[1.748s] -- Found OpenSSL: /usr/lib/x86_64-linux-gnu/libcrypto.so (found version "1.1.1f")  
[1.817s] -- Found FastRTPS: /opt/ros/galactic/include  
[2.017s] -- Using all available rosidl_typesupport_cpp: rosidl_typesupport_fastrtps_cpp;rosidl_typesupport_introspection_cpp
[2.116s] -- Found rosidl_default_generators: 1.1.1 (/opt/ros/galactic/share/rosidl_default_generators/cmake)
[2.168s] -- Found std_msgs: 2.2.4 (/opt/ros/galactic/share/std_msgs/cmake)
[2.240s] -- Found PythonInterp: /usr/bin/python3 (found version "3.8.10") 
[2.515s] -- Found ament_cmake_cppcheck: 0.10.7 (/opt/ros/galactic/share/ament_cmake_cppcheck/cmake)
[2.523s] -- Found ament_cmake_cpplint: 0.10.7 (/opt/ros/galactic/share/ament_cmake_cpplint/cmake)
[2.531s] -- Found ament_cmake_uncrustify: 0.10.7 (/opt/ros/galactic/share/ament_cmake_uncrustify/cmake)
[2.539s] -- Found ament_cmake_ros: 0.9.2 (/opt/ros/galactic/share/ament_cmake_ros/cmake)
[2.966s] -- Using all available rosidl_typesupport_c: rosidl_typesupport_fastrtps_c;rosidl_typesupport_introspection_c
[3.102s] -- Using all available rosidl_typesupport_cpp: rosidl_typesupport_fastrtps_cpp;rosidl_typesupport_introspection_cpp
[3.148s] -- Found PythonInterp: /usr/bin/python3 (found suitable version "3.8.10", minimum required is "3.5") 
[3.155s] -- Found python_cmake_module: 0.8.1 (/opt/ros/galactic/share/python_cmake_module/cmake)
[3.204s] -- Found PythonLibs: /usr/lib/x86_64-linux-gnu/libpython3.8.so (found suitable version "3.8.10", minimum required is "3.5") 
[3.204s] -- Using PYTHON_EXECUTABLE: /usr/bin/python3
[3.204s] -- Using PYTHON_INCLUDE_DIRS: /usr/include/python3.8
[3.204s] -- Using PYTHON_LIBRARIES: /usr/lib/x86_64-linux-gnu/libpython3.8.so
[3.229s] -- Found PythonExtra: .so  
[3.345s] -- Found ament_cmake_flake8: 0.10.7 (/opt/ros/galactic/share/ament_cmake_flake8/cmake)
[3.353s] -- Found ament_cmake_pep257: 0.10.7 (/opt/ros/galactic/share/ament_cmake_pep257/cmake)
[3.374s] -- Configuring done
[3.459s] -- Generating done
[3.465s] -- Build files have been written to: /root/researchv2/build/urg_node_msgs
[3.475s] Invoked command in '/root/researchv2/build/urg_node_msgs' returned '0': CMAKE_PREFIX_PATH=${CMAKE_PREFIX_PATH}:/root/openpifpaf_ros2/install/rgbd_openpifpaf_ros2:/root/openpifpaf_ros2/install/pose_checker:/root/openpifpaf_ros2/install/openpifpaf_ros2_node:/root/researchv2/install/chaser_system:/opt/ros/galactic /usr/bin/cmake /root/researchv2/src/urg_node_msgs -DCMAKE_INSTALL_PREFIX=/root/researchv2/install/urg_node_msgs
[3.478s] Invoking command in '/root/researchv2/build/urg_node_msgs': CMAKE_PREFIX_PATH=${CMAKE_PREFIX_PATH}:/root/openpifpaf_ros2/install/rgbd_openpifpaf_ros2:/root/openpifpaf_ros2/install/pose_checker:/root/openpifpaf_ros2/install/openpifpaf_ros2_node:/root/researchv2/install/chaser_system:/opt/ros/galactic /usr/bin/cmake --build /root/researchv2/build/urg_node_msgs -- -j12 -l12
[3.541s] [  3%] [34m[1mGenerating C code for ROS interfaces[0m
[3.541s] [35m[1mScanning dependencies of target urg_node_msgs__cpp[0m
[3.556s] [  6%] [34m[1mGenerating C++ code for ROS interfaces[0m
[4.092s] [35m[1mScanning dependencies of target urg_node_msgs__rosidl_generator_c[0m
[4.108s] [  9%] [32mBuilding C object CMakeFiles/urg_node_msgs__rosidl_generator_c.dir/rosidl_generator_c/urg_node_msgs/msg/detail/status__functions.c.o[0m
[4.109s] [  9%] Built target urg_node_msgs__cpp
[4.126s] [ 12%] [34m[1mGenerating C++ type support dispatch for ROS interfaces[0m
[4.127s] [ 16%] [34m[1mGenerating C++ introspection for ROS interfaces[0m
[4.128s] [ 19%] [34m[1mGenerating C++ type support for eProsima Fast-RTPS[0m
[4.174s] [ 22%] [32m[1mLinking C shared library liburg_node_msgs__rosidl_generator_c.so[0m
[4.228s] [ 22%] Built target urg_node_msgs__rosidl_generator_c
[4.245s] [ 25%] [34m[1mGenerating C introspection for ROS interfaces[0m
[4.245s] [ 29%] [34m[1mGenerating C type support dispatch for ROS interfaces[0m
[4.549s] [35m[1mScanning dependencies of target urg_node_msgs__rosidl_typesupport_cpp[0m
[4.573s] [ 32%] [32mBuilding CXX object CMakeFiles/urg_node_msgs__rosidl_typesupport_cpp.dir/rosidl_typesupport_cpp/urg_node_msgs/msg/status__type_support.cpp.o[0m
[4.579s] [35m[1mScanning dependencies of target urg_node_msgs__rosidl_typesupport_introspection_cpp[0m
[4.598s] [35m[1mScanning dependencies of target urg_node_msgs__rosidl_typesupport_fastrtps_cpp[0m
[4.612s] [ 35%] [32mBuilding CXX object CMakeFiles/urg_node_msgs__rosidl_typesupport_introspection_cpp.dir/rosidl_typesupport_introspection_cpp/urg_node_msgs/msg/detail/status__type_support.cpp.o[0m
[4.644s] [ 38%] [32mBuilding CXX object CMakeFiles/urg_node_msgs__rosidl_typesupport_fastrtps_cpp.dir/rosidl_typesupport_fastrtps_cpp/urg_node_msgs/msg/detail/dds_fastrtps/status__type_support.cpp.o[0m
[4.684s] [35m[1mScanning dependencies of target urg_node_msgs__rosidl_typesupport_c[0m
[4.687s] [35m[1mScanning dependencies of target urg_node_msgs__rosidl_typesupport_introspection_c[0m
[4.711s] [ 41%] [32mBuilding CXX object CMakeFiles/urg_node_msgs__rosidl_typesupport_c.dir/rosidl_typesupport_c/urg_node_msgs/msg/status__type_support.cpp.o[0m
[4.728s] [ 45%] [32mBuilding C object CMakeFiles/urg_node_msgs__rosidl_typesupport_introspection_c.dir/rosidl_typesupport_introspection_c/urg_node_msgs/msg/detail/status__type_support.c.o[0m
[4.782s] [ 48%] [32m[1mLinking CXX shared library liburg_node_msgs__rosidl_typesupport_c.so[0m
[4.792s] [ 51%] [32m[1mLinking C shared library liburg_node_msgs__rosidl_typesupport_introspection_c.so[0m
[4.868s] [ 51%] Built target urg_node_msgs__rosidl_typesupport_c
[4.879s] [ 51%] Built target urg_node_msgs__rosidl_typesupport_introspection_c
[5.020s] [ 54%] [32m[1mLinking CXX shared library liburg_node_msgs__rosidl_typesupport_cpp.so[0m
[5.036s] [ 58%] [32m[1mLinking CXX shared library liburg_node_msgs__rosidl_typesupport_introspection_cpp.so[0m
[5.093s] [ 58%] Built target urg_node_msgs__rosidl_typesupport_cpp
[5.119s] [ 58%] Built target urg_node_msgs__rosidl_typesupport_introspection_cpp
[5.217s] [ 61%] [32m[1mLinking CXX shared library liburg_node_msgs__rosidl_typesupport_fastrtps_cpp.so[0m
[5.401s] [ 61%] Built target urg_node_msgs__rosidl_typesupport_fastrtps_cpp
[5.420s] [ 64%] [34m[1mGenerating C type support for eProsima Fast-RTPS[0m
[5.877s] [35m[1mScanning dependencies of target urg_node_msgs__rosidl_typesupport_fastrtps_c[0m
[5.921s] [ 67%] [32mBuilding CXX object CMakeFiles/urg_node_msgs__rosidl_typesupport_fastrtps_c.dir/rosidl_typesupport_fastrtps_c/urg_node_msgs/msg/detail/status__type_support_c.cpp.o[0m
[6.469s] [ 70%] [32m[1mLinking CXX shared library liburg_node_msgs__rosidl_typesupport_fastrtps_c.so[0m
[6.786s] [ 70%] Built target urg_node_msgs__rosidl_typesupport_fastrtps_c
[6.817s] [35m[1mScanning dependencies of target urg_node_msgs[0m
[6.846s] [ 70%] Built target urg_node_msgs
[6.879s] [35m[1mScanning dependencies of target urg_node_msgs__py[0m
[6.941s] [ 74%] [34m[1mGenerating Python code for ROS interfaces[0m
[7.876s] [ 74%] Built target urg_node_msgs__py
[7.893s] [35m[1mScanning dependencies of target urg_node_msgs__python[0m
[7.953s] [ 77%] [32mBuilding C object CMakeFiles/urg_node_msgs__python.dir/rosidl_generator_py/urg_node_msgs/msg/_status_s.c.o[0m
[8.093s] [ 80%] [32m[1mLinking C shared library rosidl_generator_py/urg_node_msgs/liburg_node_msgs__python.so[0m
[8.150s] [ 80%] Built target urg_node_msgs__python
[8.165s] [35m[1mScanning dependencies of target urg_node_msgs__rosidl_typesupport_fastrtps_c__pyext[0m
[8.165s] [35m[1mScanning dependencies of target urg_node_msgs__rosidl_typesupport_introspection_c__pyext[0m
[8.165s] [35m[1mScanning dependencies of target urg_node_msgs__rosidl_typesupport_c__pyext[0m
[8.196s] [ 83%] [32mBuilding C object CMakeFiles/urg_node_msgs__rosidl_typesupport_c__pyext.dir/rosidl_generator_py/urg_node_msgs/_urg_node_msgs_s.ep.rosidl_typesupport_c.c.o[0m
[8.196s] [ 87%] [32mBuilding C object CMakeFiles/urg_node_msgs__rosidl_typesupport_introspection_c__pyext.dir/rosidl_generator_py/urg_node_msgs/_urg_node_msgs_s.ep.rosidl_typesupport_introspection_c.c.o[0m
[8.197s] [ 90%] [32mBuilding C object CMakeFiles/urg_node_msgs__rosidl_typesupport_fastrtps_c__pyext.dir/rosidl_generator_py/urg_node_msgs/_urg_node_msgs_s.ep.rosidl_typesupport_fastrtps_c.c.o[0m
[8.310s] [ 93%] [32m[1mLinking C shared library rosidl_generator_py/urg_node_msgs/urg_node_msgs_s__rosidl_typesupport_c.cpython-38-x86_64-linux-gnu.so[0m
[8.312s] [100%] [32m[1mLinking CXX shared library rosidl_generator_py/urg_node_msgs/urg_node_msgs_s__rosidl_typesupport_fastrtps_c.cpython-38-x86_64-linux-gnu.so[0m
[8.312s] [100%] [32m[1mLinking C shared library rosidl_generator_py/urg_node_msgs/urg_node_msgs_s__rosidl_typesupport_introspection_c.cpython-38-x86_64-linux-gnu.so[0m
[8.364s] [100%] Built target urg_node_msgs__rosidl_typesupport_c__pyext
[8.366s] [100%] Built target urg_node_msgs__rosidl_typesupport_introspection_c__pyext
[8.407s] [100%] Built target urg_node_msgs__rosidl_typesupport_fastrtps_c__pyext
[8.422s] Invoked command in '/root/researchv2/build/urg_node_msgs' returned '0': CMAKE_PREFIX_PATH=${CMAKE_PREFIX_PATH}:/root/openpifpaf_ros2/install/rgbd_openpifpaf_ros2:/root/openpifpaf_ros2/install/pose_checker:/root/openpifpaf_ros2/install/openpifpaf_ros2_node:/root/researchv2/install/chaser_system:/opt/ros/galactic /usr/bin/cmake --build /root/researchv2/build/urg_node_msgs -- -j12 -l12
[8.509s] Invoking command in '/root/researchv2/build/urg_node_msgs': CMAKE_PREFIX_PATH=${CMAKE_PREFIX_PATH}:/root/openpifpaf_ros2/install/rgbd_openpifpaf_ros2:/root/openpifpaf_ros2/install/pose_checker:/root/openpifpaf_ros2/install/openpifpaf_ros2_node:/root/researchv2/install/chaser_system:/opt/ros/galactic /usr/bin/cmake --install /root/researchv2/build/urg_node_msgs
[8.522s] -- Install configuration: ""
[8.522s] -- Installing: /root/researchv2/install/urg_node_msgs/share/ament_index/resource_index/rosidl_interfaces/urg_node_msgs
[8.522s] -- Installing: /root/researchv2/install/urg_node_msgs/include/urg_node_msgs
[8.522s] -- Installing: /root/researchv2/install/urg_node_msgs/include/urg_node_msgs/msg
[8.522s] -- Installing: /root/researchv2/install/urg_node_msgs/include/urg_node_msgs/msg/rosidl_generator_c__visibility_control.h
[8.523s] -- Installing: /root/researchv2/install/urg_node_msgs/include/urg_node_msgs/msg/status.h
[8.523s] -- Installing: /root/researchv2/install/urg_node_msgs/include/urg_node_msgs/msg/detail
[8.523s] -- Installing: /root/researchv2/install/urg_node_msgs/include/urg_node_msgs/msg/detail/status__struct.h
[8.523s] -- Installing: /root/researchv2/install/urg_node_msgs/include/urg_node_msgs/msg/detail/status__functions.h
[8.523s] -- Installing: /root/researchv2/install/urg_node_msgs/include/urg_node_msgs/msg/detail/status__functions.c
[8.523s] -- Installing: /root/researchv2/install/urg_node_msgs/include/urg_node_msgs/msg/detail/status__type_support.h
[8.524s] -- Installing: /root/researchv2/install/urg_node_msgs/share/urg_node_msgs/environment/library_path.sh
[8.524s] -- Installing: /root/researchv2/install/urg_node_msgs/share/urg_node_msgs/environment/library_path.dsv
[8.524s] -- Installing: /root/researchv2/install/urg_node_msgs/lib/liburg_node_msgs__rosidl_generator_c.so
[8.525s] -- Set runtime path of "/root/researchv2/install/urg_node_msgs/lib/liburg_node_msgs__rosidl_generator_c.so" to ""
[8.525s] -- Up-to-date: /root/researchv2/install/urg_node_msgs/include/urg_node_msgs
[8.525s] -- Up-to-date: /root/researchv2/install/urg_node_msgs/include/urg_node_msgs/msg
[8.526s] -- Up-to-date: /root/researchv2/install/urg_node_msgs/include/urg_node_msgs/msg/detail
[8.526s] -- Installing: /root/researchv2/install/urg_node_msgs/include/urg_node_msgs/msg/detail/status__rosidl_typesupport_fastrtps_c.h
[8.526s] -- Installing: /root/researchv2/install/urg_node_msgs/include/urg_node_msgs/msg/rosidl_typesupport_fastrtps_c__visibility_control.h
[8.526s] -- Installing: /root/researchv2/install/urg_node_msgs/lib/liburg_node_msgs__rosidl_typesupport_fastrtps_c.so
[8.526s] -- Set runtime path of "/root/researchv2/install/urg_node_msgs/lib/liburg_node_msgs__rosidl_typesupport_fastrtps_c.so" to ""
[8.527s] -- Up-to-date: /root/researchv2/install/urg_node_msgs/include/urg_node_msgs
[8.527s] -- Up-to-date: /root/researchv2/install/urg_node_msgs/include/urg_node_msgs/msg
[8.527s] -- Up-to-date: /root/researchv2/install/urg_node_msgs/include/urg_node_msgs/msg/detail
[8.527s] -- Installing: /root/researchv2/install/urg_node_msgs/include/urg_node_msgs/msg/detail/status__rosidl_typesupport_fastrtps_cpp.hpp
[8.527s] -- Installing: /root/researchv2/install/urg_node_msgs/include/urg_node_msgs/msg/detail/dds_fastrtps
[8.527s] -- Installing: /root/researchv2/install/urg_node_msgs/include/urg_node_msgs/msg/rosidl_typesupport_fastrtps_cpp__visibility_control.h
[8.527s] -- Installing: /root/researchv2/install/urg_node_msgs/lib/liburg_node_msgs__rosidl_typesupport_fastrtps_cpp.so
[8.528s] -- Set runtime path of "/root/researchv2/install/urg_node_msgs/lib/liburg_node_msgs__rosidl_typesupport_fastrtps_cpp.so" to ""
[8.528s] -- Up-to-date: /root/researchv2/install/urg_node_msgs/include/urg_node_msgs
[8.528s] -- Up-to-date: /root/researchv2/install/urg_node_msgs/include/urg_node_msgs/msg
[8.529s] -- Up-to-date: /root/researchv2/install/urg_node_msgs/include/urg_node_msgs/msg/detail
[8.529s] -- Installing: /root/researchv2/install/urg_node_msgs/include/urg_node_msgs/msg/detail/status__rosidl_typesupport_introspection_c.h
[8.529s] -- Installing: /root/researchv2/install/urg_node_msgs/include/urg_node_msgs/msg/detail/status__type_support.c
[8.529s] -- Installing: /root/researchv2/install/urg_node_msgs/include/urg_node_msgs/msg/rosidl_typesupport_introspection_c__visibility_control.h
[8.529s] -- Installing: /root/researchv2/install/urg_node_msgs/lib/liburg_node_msgs__rosidl_typesupport_introspection_c.so
[8.530s] -- Set runtime path of "/root/researchv2/install/urg_node_msgs/lib/liburg_node_msgs__rosidl_typesupport_introspection_c.so" to ""
[8.530s] -- Installing: /root/researchv2/install/urg_node_msgs/lib/liburg_node_msgs__rosidl_typesupport_c.so
[8.530s] -- Set runtime path of "/root/researchv2/install/urg_node_msgs/lib/liburg_node_msgs__rosidl_typesupport_c.so" to ""
[8.531s] -- Up-to-date: /root/researchv2/install/urg_node_msgs/include/urg_node_msgs
[8.531s] -- Up-to-date: /root/researchv2/install/urg_node_msgs/include/urg_node_msgs/msg
[8.531s] -- Installing: /root/researchv2/install/urg_node_msgs/include/urg_node_msgs/msg/status.hpp
[8.531s] -- Up-to-date: /root/researchv2/install/urg_node_msgs/include/urg_node_msgs/msg/detail
[8.531s] -- Installing: /root/researchv2/install/urg_node_msgs/include/urg_node_msgs/msg/detail/status__builder.hpp
[8.531s] -- Installing: /root/researchv2/install/urg_node_msgs/include/urg_node_msgs/msg/detail/status__traits.hpp
[8.531s] -- Installing: /root/researchv2/install/urg_node_msgs/include/urg_node_msgs/msg/detail/status__struct.hpp
[8.532s] -- Up-to-date: /root/researchv2/install/urg_node_msgs/include/urg_node_msgs
[8.532s] -- Up-to-date: /root/researchv2/install/urg_node_msgs/include/urg_node_msgs/msg
[8.532s] -- Up-to-date: /root/researchv2/install/urg_node_msgs/include/urg_node_msgs/msg/detail
[8.532s] -- Installing: /root/researchv2/install/urg_node_msgs/include/urg_node_msgs/msg/detail/status__type_support.cpp
[8.532s] -- Installing: /root/researchv2/install/urg_node_msgs/include/urg_node_msgs/msg/detail/status__rosidl_typesupport_introspection_cpp.hpp
[8.532s] -- Installing: /root/researchv2/install/urg_node_msgs/lib/liburg_node_msgs__rosidl_typesupport_introspection_cpp.so
[8.533s] -- Set runtime path of "/root/researchv2/install/urg_node_msgs/lib/liburg_node_msgs__rosidl_typesupport_introspection_cpp.so" to ""
[8.533s] -- Installing: /root/researchv2/install/urg_node_msgs/lib/liburg_node_msgs__rosidl_typesupport_cpp.so
[8.534s] -- Set runtime path of "/root/researchv2/install/urg_node_msgs/lib/liburg_node_msgs__rosidl_typesupport_cpp.so" to ""
[8.534s] -- Installing: /root/researchv2/install/urg_node_msgs/share/urg_node_msgs/environment/pythonpath.sh
[8.534s] -- Installing: /root/researchv2/install/urg_node_msgs/share/urg_node_msgs/environment/pythonpath.dsv
[8.534s] -- Installing: /root/researchv2/install/urg_node_msgs/lib/python3.8/site-packages/urg_node_msgs/__init__.py
[8.583s] Compiling '/root/researchv2/install/urg_node_msgs/lib/python3.8/site-packages/urg_node_msgs/__init__.py'...
[8.588s] -- Installing: /root/researchv2/install/urg_node_msgs/lib/python3.8/site-packages/urg_node_msgs/msg
[8.588s] -- Installing: /root/researchv2/install/urg_node_msgs/lib/python3.8/site-packages/urg_node_msgs/msg/_status_s.c
[8.588s] -- Installing: /root/researchv2/install/urg_node_msgs/lib/python3.8/site-packages/urg_node_msgs/msg/_status.py
[8.588s] -- Installing: /root/researchv2/install/urg_node_msgs/lib/python3.8/site-packages/urg_node_msgs/msg/__init__.py
[8.589s] -- Installing: /root/researchv2/install/urg_node_msgs/lib/python3.8/site-packages/urg_node_msgs/urg_node_msgs_s__rosidl_typesupport_fastrtps_c.cpython-38-x86_64-linux-gnu.so
[8.590s] -- Set runtime path of "/root/researchv2/install/urg_node_msgs/lib/python3.8/site-packages/urg_node_msgs/urg_node_msgs_s__rosidl_typesupport_fastrtps_c.cpython-38-x86_64-linux-gnu.so" to ""
[8.590s] -- Installing: /root/researchv2/install/urg_node_msgs/lib/python3.8/site-packages/urg_node_msgs/urg_node_msgs_s__rosidl_typesupport_introspection_c.cpython-38-x86_64-linux-gnu.so
[8.591s] -- Set runtime path of "/root/researchv2/install/urg_node_msgs/lib/python3.8/site-packages/urg_node_msgs/urg_node_msgs_s__rosidl_typesupport_introspection_c.cpython-38-x86_64-linux-gnu.so" to ""
[8.591s] -- Installing: /root/researchv2/install/urg_node_msgs/lib/python3.8/site-packages/urg_node_msgs/urg_node_msgs_s__rosidl_typesupport_c.cpython-38-x86_64-linux-gnu.so
[8.592s] -- Set runtime path of "/root/researchv2/install/urg_node_msgs/lib/python3.8/site-packages/urg_node_msgs/urg_node_msgs_s__rosidl_typesupport_c.cpython-38-x86_64-linux-gnu.so" to ""
[8.592s] -- Installing: /root/researchv2/install/urg_node_msgs/lib/liburg_node_msgs__python.so
[8.592s] -- Set runtime path of "/root/researchv2/install/urg_node_msgs/lib/liburg_node_msgs__python.so" to ""
[8.593s] -- Installing: /root/researchv2/install/urg_node_msgs/share/urg_node_msgs/msg/Status.idl
[8.593s] -- Installing: /root/researchv2/install/urg_node_msgs/share/urg_node_msgs/msg/Status.msg
[8.593s] -- Installing: /root/researchv2/install/urg_node_msgs/share/urg_node_msgs/mapping_rules.yaml
[8.593s] -- Installing: /root/researchv2/install/urg_node_msgs/share/ament_index/resource_index/package_run_dependencies/urg_node_msgs
[8.594s] -- Installing: /root/researchv2/install/urg_node_msgs/share/ament_index/resource_index/parent_prefix_path/urg_node_msgs
[8.594s] -- Installing: /root/researchv2/install/urg_node_msgs/share/urg_node_msgs/environment/ament_prefix_path.sh
[8.594s] -- Installing: /root/researchv2/install/urg_node_msgs/share/urg_node_msgs/environment/ament_prefix_path.dsv
[8.594s] -- Installing: /root/researchv2/install/urg_node_msgs/share/urg_node_msgs/environment/path.sh
[8.595s] -- Installing: /root/researchv2/install/urg_node_msgs/share/urg_node_msgs/environment/path.dsv
[8.595s] -- Installing: /root/researchv2/install/urg_node_msgs/share/urg_node_msgs/local_setup.bash
[8.595s] -- Installing: /root/researchv2/install/urg_node_msgs/share/urg_node_msgs/local_setup.sh
[8.595s] -- Installing: /root/researchv2/install/urg_node_msgs/share/urg_node_msgs/local_setup.zsh
[8.596s] -- Installing: /root/researchv2/install/urg_node_msgs/share/urg_node_msgs/local_setup.dsv
[8.596s] -- Installing: /root/researchv2/install/urg_node_msgs/share/urg_node_msgs/package.dsv
[8.596s] -- Installing: /root/researchv2/install/urg_node_msgs/share/ament_index/resource_index/packages/urg_node_msgs
[8.596s] -- Installing: /root/researchv2/install/urg_node_msgs/share/urg_node_msgs/cmake/urg_node_msgs__rosidl_generator_cExport.cmake
[8.597s] -- Installing: /root/researchv2/install/urg_node_msgs/share/urg_node_msgs/cmake/urg_node_msgs__rosidl_generator_cExport-noconfig.cmake
[8.597s] -- Installing: /root/researchv2/install/urg_node_msgs/share/urg_node_msgs/cmake/urg_node_msgs__rosidl_typesupport_introspection_cExport.cmake
[8.597s] -- Installing: /root/researchv2/install/urg_node_msgs/share/urg_node_msgs/cmake/urg_node_msgs__rosidl_typesupport_introspection_cExport-noconfig.cmake
[8.597s] -- Installing: /root/researchv2/install/urg_node_msgs/share/urg_node_msgs/cmake/urg_node_msgs__rosidl_typesupport_cExport.cmake
[8.598s] -- Installing: /root/researchv2/install/urg_node_msgs/share/urg_node_msgs/cmake/urg_node_msgs__rosidl_typesupport_cExport-noconfig.cmake
[8.598s] -- Installing: /root/researchv2/install/urg_node_msgs/share/urg_node_msgs/cmake/urg_node_msgs__rosidl_generator_cppExport.cmake
[8.598s] -- Installing: /root/researchv2/install/urg_node_msgs/share/urg_node_msgs/cmake/urg_node_msgs__rosidl_typesupport_introspection_cppExport.cmake
[8.599s] -- Installing: /root/researchv2/install/urg_node_msgs/share/urg_node_msgs/cmake/urg_node_msgs__rosidl_typesupport_introspection_cppExport-noconfig.cmake
[8.599s] -- Installing: /root/researchv2/install/urg_node_msgs/share/urg_node_msgs/cmake/urg_node_msgs__rosidl_typesupport_cppExport.cmake
[8.599s] -- Installing: /root/researchv2/install/urg_node_msgs/share/urg_node_msgs/cmake/urg_node_msgs__rosidl_typesupport_cppExport-noconfig.cmake
[8.599s] -- Installing: /root/researchv2/install/urg_node_msgs/share/urg_node_msgs/cmake/rosidl_cmake-extras.cmake
[8.600s] -- Installing: /root/researchv2/install/urg_node_msgs/share/urg_node_msgs/cmake/ament_cmake_export_dependencies-extras.cmake
[8.600s] -- Installing: /root/researchv2/install/urg_node_msgs/share/urg_node_msgs/cmake/ament_cmake_export_libraries-extras.cmake
[8.600s] -- Installing: /root/researchv2/install/urg_node_msgs/share/urg_node_msgs/cmake/ament_cmake_export_targets-extras.cmake
[8.600s] -- Installing: /root/researchv2/install/urg_node_msgs/share/urg_node_msgs/cmake/ament_cmake_export_include_directories-extras.cmake
[8.601s] -- Installing: /root/researchv2/install/urg_node_msgs/share/urg_node_msgs/cmake/rosidl_cmake_export_typesupport_libraries-extras.cmake
[8.601s] -- Installing: /root/researchv2/install/urg_node_msgs/share/urg_node_msgs/cmake/rosidl_cmake_export_typesupport_targets-extras.cmake
[8.601s] -- Installing: /root/researchv2/install/urg_node_msgs/share/urg_node_msgs/cmake/urg_node_msgsConfig.cmake
[8.601s] -- Installing: /root/researchv2/install/urg_node_msgs/share/urg_node_msgs/cmake/urg_node_msgsConfig-version.cmake
[8.601s] -- Installing: /root/researchv2/install/urg_node_msgs/share/urg_node_msgs/package.xml
[8.608s] Invoked command in '/root/researchv2/build/urg_node_msgs' returned '0': CMAKE_PREFIX_PATH=${CMAKE_PREFIX_PATH}:/root/openpifpaf_ros2/install/rgbd_openpifpaf_ros2:/root/openpifpaf_ros2/install/pose_checker:/root/openpifpaf_ros2/install/openpifpaf_ros2_node:/root/researchv2/install/chaser_system:/opt/ros/galactic /usr/bin/cmake --install /root/researchv2/build/urg_node_msgs
