[1.224s] Invoking command in '/root/researchv2/src/chaser_system': PYTHONPATH=/root/researchv2/install/chaser_system/lib/python3.8/site-packages:${PYTHONPATH} _=/usr/bin/env /usr/bin/python3 setup.py egg_info --egg-base ../../build/chaser_system build --build-base /root/researchv2/build/chaser_system/build install --prefix /root/researchv2/install/chaser_system --record /root/researchv2/build/chaser_system/install.log --single-version-externally-managed
[1.572s] running egg_info
[1.572s] writing ../../build/chaser_system/chaser_system.egg-info/PKG-INFO
[1.573s] writing dependency_links to ../../build/chaser_system/chaser_system.egg-info/dependency_links.txt
[1.573s] writing entry points to ../../build/chaser_system/chaser_system.egg-info/entry_points.txt
[1.573s] writing requirements to ../../build/chaser_system/chaser_system.egg-info/requires.txt
[1.573s] writing top-level names to ../../build/chaser_system/chaser_system.egg-info/top_level.txt
[1.629s] reading manifest file '../../build/chaser_system/chaser_system.egg-info/SOURCES.txt'
[1.631s] writing manifest file '../../build/chaser_system/chaser_system.egg-info/SOURCES.txt'
[1.631s] running build
[1.631s] running build_py
[1.632s] running install
[1.633s] running install_lib
[1.636s] running install_data
[1.636s] running install_egg_info
[1.639s] removing '/root/researchv2/install/chaser_system/lib/python3.8/site-packages/chaser_system-0.0.0-py3.8.egg-info' (and everything under it)
[1.639s] Copying ../../build/chaser_system/chaser_system.egg-info to /root/researchv2/install/chaser_system/lib/python3.8/site-packages/chaser_system-0.0.0-py3.8.egg-info
[1.641s] running install_scripts
[1.668s] Installing image_inputer script to /root/researchv2/install/chaser_system/lib/chaser_system
[1.668s] Installing pose_tf2 script to /root/researchv2/install/chaser_system/lib/chaser_system
[1.669s] Installing rgbd_generator script to /root/researchv2/install/chaser_system/lib/chaser_system
[1.669s] Installing three_d_pose_analysis script to /root/researchv2/install/chaser_system/lib/chaser_system
[1.669s] writing list of installed files to '/root/researchv2/build/chaser_system/install.log'
[1.702s] Invoked command in '/root/researchv2/src/chaser_system' returned '0': PYTHONPATH=/root/researchv2/install/chaser_system/lib/python3.8/site-packages:${PYTHONPATH} _=/usr/bin/env /usr/bin/python3 setup.py egg_info --egg-base ../../build/chaser_system build --build-base /root/researchv2/build/chaser_system/build install --prefix /root/researchv2/install/chaser_system --record /root/researchv2/build/chaser_system/install.log --single-version-externally-managed
