[0.100s] Invoking command in '/root/researchv2/build/urg_node_msgs': CMAKE_PREFIX_PATH=${CMAKE_PREFIX_PATH}:/root/researchv2/install/chaser_system:/opt/ros/foxy /usr/bin/cmake /root/researchv2/src/urg_node_msgs -DCMAKE_INSTALL_PREFIX=/root/researchv2/install/urg_node_msgs
[0.131s] -- Found ament_cmake: 0.9.11 (/opt/ros/foxy/share/ament_cmake/cmake)
[0.203s] -- Found PythonInterp: /usr/bin/python3 (found suitable version "3.8.10", minimum required is "3") 
[0.204s] -- Using PYTHON_EXECUTABLE: /usr/bin/python3
[0.690s] -- Override CMake install command with custom implementation using symlinks instead of copying resources
[0.716s] -- Found builtin_interfaces: 1.0.0 (/opt/ros/foxy/share/builtin_interfaces/cmake)
[0.849s] -- Using all available rosidl_typesupport_c: rosidl_typesupport_fastrtps_c;rosidl_typesupport_introspection_c
[0.861s] -- Found rosidl_adapter: 1.3.0 (/opt/ros/foxy/share/rosidl_adapter/cmake)
[1.224s] -- Using all available rosidl_typesupport_cpp: rosidl_typesupport_fastrtps_cpp;rosidl_typesupport_introspection_cpp
[1.291s] -- Found rosidl_default_generators: 1.0.1 (/opt/ros/foxy/share/rosidl_default_generators/cmake)
[1.317s] -- Found std_msgs: 2.0.5 (/opt/ros/foxy/share/std_msgs/cmake)
[1.430s] -- Found PythonInterp: /usr/bin/python3 (found version "3.8.10") 
[1.865s] -- Found ament_cmake_cppcheck: 0.9.7 (/opt/ros/foxy/share/ament_cmake_cppcheck/cmake)
[1.868s] -- Found ament_cmake_cpplint: 0.9.7 (/opt/ros/foxy/share/ament_cmake_cpplint/cmake)
[1.871s] -- Found ament_cmake_uncrustify: 0.9.7 (/opt/ros/foxy/share/ament_cmake_uncrustify/cmake)
[1.875s] -- Found ament_cmake_ros: 0.9.2 (/opt/ros/foxy/share/ament_cmake_ros/cmake)
[2.399s] -- Using all available rosidl_typesupport_c: rosidl_typesupport_fastrtps_c;rosidl_typesupport_introspection_c
[2.586s] -- Using all available rosidl_typesupport_cpp: rosidl_typesupport_fastrtps_cpp;rosidl_typesupport_introspection_cpp
[2.667s] -- Found PythonInterp: /usr/bin/python3 (found suitable version "3.8.10", minimum required is "3.5") 
[2.669s] -- Found python_cmake_module: 0.8.1 (/opt/ros/foxy/share/python_cmake_module/cmake)
[2.728s] -- Using PYTHON_EXECUTABLE: /usr/bin/python3
[2.728s] -- Using PYTHON_INCLUDE_DIRS: /usr/include/python3.8
[2.729s] -- Using PYTHON_LIBRARIES: /usr/lib/x86_64-linux-gnu/libpython3.8.so
[2.817s] -- Found ament_cmake_flake8: 0.9.7 (/opt/ros/foxy/share/ament_cmake_flake8/cmake)
[2.820s] -- Found ament_cmake_pep257: 0.9.7 (/opt/ros/foxy/share/ament_cmake_pep257/cmake)
[2.862s] -- Configuring done
[3.025s] -- Generating done
[3.033s] -- Build files have been written to: /root/researchv2/build/urg_node_msgs
[3.046s] Invoked command in '/root/researchv2/build/urg_node_msgs' returned '0': CMAKE_PREFIX_PATH=${CMAKE_PREFIX_PATH}:/root/researchv2/install/chaser_system:/opt/ros/foxy /usr/bin/cmake /root/researchv2/src/urg_node_msgs -DCMAKE_INSTALL_PREFIX=/root/researchv2/install/urg_node_msgs
[3.054s] Invoking command in '/root/researchv2/build/urg_node_msgs': CMAKE_PREFIX_PATH=${CMAKE_PREFIX_PATH}:/root/researchv2/install/chaser_system:/opt/ros/foxy /usr/bin/cmake --build /root/researchv2/build/urg_node_msgs -- -j12 -l12
[3.167s] [  3%] Built target urg_node_msgs__cpp
[3.176s] [ 12%] Built target urg_node_msgs__rosidl_generator_c
[3.231s] [ 22%] Built target urg_node_msgs__rosidl_typesupport_cpp
[3.243s] [ 41%] Built target urg_node_msgs__rosidl_typesupport_fastrtps_cpp
[3.244s] [ 41%] Built target urg_node_msgs__rosidl_typesupport_introspection_cpp
[3.245s] [ 51%] Built target urg_node_msgs__rosidl_typesupport_introspection_c
[3.245s] [ 61%] Built target urg_node_msgs__rosidl_typesupport_c
[3.305s] [ 70%] Built target urg_node_msgs__rosidl_typesupport_fastrtps_c
[3.366s] [ 70%] Built target urg_node_msgs
[3.411s] [ 74%] Built target urg_node_msgs__py
[3.482s] [ 80%] Built target urg_node_msgs__python
[3.546s] [ 87%] Built target urg_node_msgs__rosidl_typesupport_introspection_c__pyext
[3.548s] [ 93%] Built target urg_node_msgs__rosidl_typesupport_c__pyext
[3.550s] [100%] Built target urg_node_msgs__rosidl_typesupport_fastrtps_c__pyext
[3.573s] Invoked command in '/root/researchv2/build/urg_node_msgs' returned '0': CMAKE_PREFIX_PATH=${CMAKE_PREFIX_PATH}:/root/researchv2/install/chaser_system:/opt/ros/foxy /usr/bin/cmake --build /root/researchv2/build/urg_node_msgs -- -j12 -l12
[3.716s] Invoking command in '/root/researchv2/build/urg_node_msgs': CMAKE_PREFIX_PATH=${CMAKE_PREFIX_PATH}:/root/researchv2/install/chaser_system:/opt/ros/foxy /usr/bin/cmake --install /root/researchv2/build/urg_node_msgs
[3.733s] -- Install configuration: ""
[3.734s] -- Execute custom install script
[3.735s] -- Up-to-date symlink: /root/researchv2/install/urg_node_msgs/share/ament_index/resource_index/rosidl_interfaces/urg_node_msgs
[3.736s] -- Up-to-date symlink: /root/researchv2/install/urg_node_msgs/include/urg_node_msgs/msg/detail/status__functions.h
[3.736s] -- Up-to-date symlink: /root/researchv2/install/urg_node_msgs/include/urg_node_msgs/msg/detail/status__struct.h
[3.737s] -- Up-to-date symlink: /root/researchv2/install/urg_node_msgs/include/urg_node_msgs/msg/detail/status__type_support.h
[3.737s] -- Up-to-date symlink: /root/researchv2/install/urg_node_msgs/include/urg_node_msgs/msg/rosidl_generator_c__visibility_control.h
[3.737s] -- Up-to-date symlink: /root/researchv2/install/urg_node_msgs/include/urg_node_msgs/msg/status.h
[3.738s] -- Up-to-date symlink: /root/researchv2/install/urg_node_msgs/share/urg_node_msgs/environment/library_path.sh
[3.738s] -- Up-to-date symlink: /root/researchv2/install/urg_node_msgs/share/urg_node_msgs/environment/library_path.dsv
[3.740s] -- Up-to-date symlink: /root/researchv2/install/urg_node_msgs/include/urg_node_msgs/msg/detail/status__rosidl_typesupport_fastrtps_c.h
[3.741s] -- Up-to-date symlink: /root/researchv2/install/urg_node_msgs/include/urg_node_msgs/msg/rosidl_typesupport_fastrtps_c__visibility_control.h
[3.741s] -- Up-to-date symlink: /root/researchv2/install/urg_node_msgs/lib/liburg_node_msgs__rosidl_typesupport_fastrtps_c.so
[3.743s] -- Up-to-date symlink: /root/researchv2/install/urg_node_msgs/include/urg_node_msgs/msg/detail/status__rosidl_typesupport_fastrtps_cpp.hpp
[3.743s] -- Up-to-date symlink: /root/researchv2/install/urg_node_msgs/include/urg_node_msgs/msg/rosidl_typesupport_fastrtps_cpp__visibility_control.h
[3.744s] -- Up-to-date symlink: /root/researchv2/install/urg_node_msgs/lib/liburg_node_msgs__rosidl_typesupport_fastrtps_cpp.so
[3.745s] -- Up-to-date symlink: /root/researchv2/install/urg_node_msgs/include/urg_node_msgs/msg/detail/status__rosidl_typesupport_introspection_c.h
[3.746s] -- Up-to-date symlink: /root/researchv2/install/urg_node_msgs/include/urg_node_msgs/msg/rosidl_typesupport_introspection_c__visibility_control.h
[3.747s] -- Up-to-date symlink: /root/researchv2/install/urg_node_msgs/include/urg_node_msgs/msg/detail/status__builder.hpp
[3.747s] -- Up-to-date symlink: /root/researchv2/install/urg_node_msgs/include/urg_node_msgs/msg/detail/status__struct.hpp
[3.748s] -- Up-to-date symlink: /root/researchv2/install/urg_node_msgs/include/urg_node_msgs/msg/detail/status__traits.hpp
[3.748s] -- Up-to-date symlink: /root/researchv2/install/urg_node_msgs/include/urg_node_msgs/msg/status.hpp
[3.749s] -- Up-to-date symlink: /root/researchv2/install/urg_node_msgs/include/urg_node_msgs/msg/detail/status__rosidl_typesupport_introspection_cpp.hpp
[3.749s] -- Up-to-date symlink: /root/researchv2/install/urg_node_msgs/share/urg_node_msgs/environment/pythonpath.sh
[3.750s] -- Up-to-date symlink: /root/researchv2/install/urg_node_msgs/share/urg_node_msgs/environment/pythonpath.dsv
[3.751s] -- Up-to-date symlink: /root/researchv2/install/urg_node_msgs/lib/python3.8/site-packages/urg_node_msgs/__init__.py
[3.752s] -- Up-to-date symlink: /root/researchv2/install/urg_node_msgs/lib/python3.8/site-packages/urg_node_msgs/msg/__init__.py
[3.753s] -- Up-to-date symlink: /root/researchv2/install/urg_node_msgs/lib/python3.8/site-packages/urg_node_msgs/msg/_status.py
[3.753s] -- Up-to-date symlink: /root/researchv2/install/urg_node_msgs/lib/python3.8/site-packages/urg_node_msgs/urg_node_msgs_s__rosidl_typesupport_fastrtps_c.cpython-38-x86_64-linux-gnu.so
[3.754s] -- Up-to-date symlink: /root/researchv2/install/urg_node_msgs/lib/python3.8/site-packages/urg_node_msgs/urg_node_msgs_s__rosidl_typesupport_introspection_c.cpython-38-x86_64-linux-gnu.so
[3.755s] -- Up-to-date symlink: /root/researchv2/install/urg_node_msgs/lib/python3.8/site-packages/urg_node_msgs/urg_node_msgs_s__rosidl_typesupport_c.cpython-38-x86_64-linux-gnu.so
[3.756s] -- Up-to-date symlink: /root/researchv2/install/urg_node_msgs/lib/liburg_node_msgs__python.so
[3.757s] -- Up-to-date symlink: /root/researchv2/install/urg_node_msgs/share/urg_node_msgs/msg/Status.idl
[3.758s] -- Up-to-date symlink: /root/researchv2/install/urg_node_msgs/share/urg_node_msgs/msg/Status.msg
[3.768s] -- Up-to-date symlink: /root/researchv2/install/urg_node_msgs/share/urg_node_msgs/mapping_rules.yaml
[3.768s] -- Up-to-date symlink: /root/researchv2/install/urg_node_msgs/share/ament_index/resource_index/package_run_dependencies/urg_node_msgs
[3.768s] -- Up-to-date symlink: /root/researchv2/install/urg_node_msgs/share/ament_index/resource_index/parent_prefix_path/urg_node_msgs
[3.769s] -- Up-to-date symlink: /root/researchv2/install/urg_node_msgs/share/urg_node_msgs/environment/ament_prefix_path.sh
[3.769s] -- Up-to-date symlink: /root/researchv2/install/urg_node_msgs/share/urg_node_msgs/environment/ament_prefix_path.dsv
[3.769s] -- Up-to-date symlink: /root/researchv2/install/urg_node_msgs/share/urg_node_msgs/environment/path.sh
[3.770s] -- Up-to-date symlink: /root/researchv2/install/urg_node_msgs/share/urg_node_msgs/environment/path.dsv
[3.770s] -- Up-to-date symlink: /root/researchv2/install/urg_node_msgs/share/urg_node_msgs/local_setup.bash
[3.770s] -- Up-to-date symlink: /root/researchv2/install/urg_node_msgs/share/urg_node_msgs/local_setup.sh
[3.770s] -- Up-to-date symlink: /root/researchv2/install/urg_node_msgs/share/urg_node_msgs/local_setup.zsh
[3.771s] -- Up-to-date symlink: /root/researchv2/install/urg_node_msgs/share/urg_node_msgs/local_setup.dsv
[3.771s] -- Symlinking: /root/researchv2/install/urg_node_msgs/share/urg_node_msgs/package.dsv
[3.786s] -- Up-to-date symlink: /root/researchv2/install/urg_node_msgs/share/ament_index/resource_index/packages/urg_node_msgs
[3.787s] -- Up-to-date symlink: /root/researchv2/install/urg_node_msgs/share/urg_node_msgs/cmake/rosidl_cmake-extras.cmake
[3.788s] -- Up-to-date symlink: /root/researchv2/install/urg_node_msgs/share/urg_node_msgs/cmake/ament_cmake_export_dependencies-extras.cmake
[3.789s] -- Up-to-date symlink: /root/researchv2/install/urg_node_msgs/share/urg_node_msgs/cmake/ament_cmake_export_libraries-extras.cmake
[3.789s] -- Up-to-date symlink: /root/researchv2/install/urg_node_msgs/share/urg_node_msgs/cmake/ament_cmake_export_targets-extras.cmake
[3.790s] -- Up-to-date symlink: /root/researchv2/install/urg_node_msgs/share/urg_node_msgs/cmake/ament_cmake_export_include_directories-extras.cmake
[3.790s] -- Up-to-date symlink: /root/researchv2/install/urg_node_msgs/share/urg_node_msgs/cmake/rosidl_cmake_export_typesupport_libraries-extras.cmake
[3.791s] -- Up-to-date symlink: /root/researchv2/install/urg_node_msgs/share/urg_node_msgs/cmake/rosidl_cmake_export_typesupport_targets-extras.cmake
[3.791s] -- Up-to-date symlink: /root/researchv2/install/urg_node_msgs/share/urg_node_msgs/cmake/urg_node_msgsConfig.cmake
[3.791s] -- Up-to-date symlink: /root/researchv2/install/urg_node_msgs/share/urg_node_msgs/cmake/urg_node_msgsConfig-version.cmake
[3.792s] -- Up-to-date symlink: /root/researchv2/install/urg_node_msgs/share/urg_node_msgs/package.xml
[3.793s] -- Up-to-date: /root/researchv2/install/urg_node_msgs/lib/liburg_node_msgs__rosidl_generator_c.so
[3.793s] -- Up-to-date: /root/researchv2/install/urg_node_msgs/lib/liburg_node_msgs__rosidl_typesupport_introspection_c.so
[3.793s] -- Up-to-date: /root/researchv2/install/urg_node_msgs/lib/liburg_node_msgs__rosidl_typesupport_c.so
[3.793s] -- Up-to-date: /root/researchv2/install/urg_node_msgs/lib/liburg_node_msgs__rosidl_typesupport_introspection_cpp.so
[3.794s] -- Up-to-date: /root/researchv2/install/urg_node_msgs/lib/liburg_node_msgs__rosidl_typesupport_cpp.so
[3.868s] Compiling '/root/researchv2/install/urg_node_msgs/lib/python3.8/site-packages/urg_node_msgs/__init__.py'...
[3.875s] -- Up-to-date: /root/researchv2/install/urg_node_msgs/share/urg_node_msgs/cmake/urg_node_msgs__rosidl_generator_cExport.cmake
[3.875s] -- Installing: /root/researchv2/install/urg_node_msgs/share/urg_node_msgs/cmake/urg_node_msgs__rosidl_generator_cExport-noconfig.cmake
[3.875s] -- Up-to-date: /root/researchv2/install/urg_node_msgs/share/urg_node_msgs/cmake/urg_node_msgs__rosidl_typesupport_introspection_cExport.cmake
[3.876s] -- Installing: /root/researchv2/install/urg_node_msgs/share/urg_node_msgs/cmake/urg_node_msgs__rosidl_typesupport_introspection_cExport-noconfig.cmake
[3.877s] -- Up-to-date: /root/researchv2/install/urg_node_msgs/share/urg_node_msgs/cmake/urg_node_msgs__rosidl_typesupport_cExport.cmake
[3.877s] -- Installing: /root/researchv2/install/urg_node_msgs/share/urg_node_msgs/cmake/urg_node_msgs__rosidl_typesupport_cExport-noconfig.cmake
[3.877s] -- Up-to-date: /root/researchv2/install/urg_node_msgs/share/urg_node_msgs/cmake/urg_node_msgs__rosidl_generator_cppExport.cmake
[3.878s] -- Up-to-date: /root/researchv2/install/urg_node_msgs/share/urg_node_msgs/cmake/urg_node_msgs__rosidl_typesupport_introspection_cppExport.cmake
[3.878s] -- Installing: /root/researchv2/install/urg_node_msgs/share/urg_node_msgs/cmake/urg_node_msgs__rosidl_typesupport_introspection_cppExport-noconfig.cmake
[3.879s] -- Up-to-date: /root/researchv2/install/urg_node_msgs/share/urg_node_msgs/cmake/urg_node_msgs__rosidl_typesupport_cppExport.cmake
[3.880s] -- Installing: /root/researchv2/install/urg_node_msgs/share/urg_node_msgs/cmake/urg_node_msgs__rosidl_typesupport_cppExport-noconfig.cmake
[3.883s] Invoked command in '/root/researchv2/build/urg_node_msgs' returned '0': CMAKE_PREFIX_PATH=${CMAKE_PREFIX_PATH}:/root/researchv2/install/chaser_system:/opt/ros/foxy /usr/bin/cmake --install /root/researchv2/build/urg_node_msgs
