[0.136s] [34mcolcon[0m [1;30mDEBUG[0m [32mCommand line arguments: ['/usr/bin/colcon', 'build'][0m
[0.136s] [34mcolcon[0m [1;30mDEBUG[0m [32mParsed command line arguments: Namespace(allow_overriding=[], ament_cmake_args=None, base_paths=['.'], build_base='build', catkin_cmake_args=None, catkin_skip_building_tests=False, cmake_args=None, cmake_clean_cache=False, cmake_clean_first=False, cmake_force_configure=False, cmake_target=None, cmake_target_skip_unavailable=False, continue_on_error=False, event_handlers=None, executor='parallel', ignore_user_meta=False, install_base='install', log_base=None, log_level=None, main=<bound method BuildVerb.main of <colcon_core.verb.build.BuildVerb object at 0x7f2c22c568b0>>, merge_install=False, metas=['./colcon.meta'], packages_above=None, packages_above_and_dependencies=None, packages_above_depth=None, packages_end=None, packages_ignore=None, packages_ignore_regex=None, packages_select=None, packages_select_build_failed=False, packages_select_by_dep=None, packages_select_regex=None, packages_select_test_failures=False, packages_skip=None, packages_skip_build_finished=False, packages_skip_by_dep=None, packages_skip_regex=None, packages_skip_test_passed=False, packages_skip_up_to=None, packages_start=None, packages_up_to=None, packages_up_to_regex=None, parallel_workers=12, paths=None, symlink_install=False, test_result_base=None, verb_extension=<colcon_core.verb.build.BuildVerb object at 0x7f2c22c568b0>, verb_name='build', verb_parser=<colcon_defaults.argument_parser.defaults.DefaultArgumentsDecorator object at 0x7f2c22c56e20>)[0m
[0.157s] [34mcolcon.colcon_core.package_discovery[0m [1;30mLevel 1[0m discover_packages(colcon_meta) check parameters
[0.157s] [34mcolcon.colcon_core.package_discovery[0m [1;30mLevel 1[0m discover_packages(recursive) check parameters
[0.157s] [34mcolcon.colcon_core.package_discovery[0m [1;30mLevel 1[0m discover_packages(ignore) check parameters
[0.157s] [34mcolcon.colcon_core.package_discovery[0m [1;30mLevel 1[0m discover_packages(path) check parameters
[0.157s] [34mcolcon.colcon_core.package_discovery[0m [1;30mLevel 1[0m discover_packages(colcon_meta) discover
[0.158s] [34mcolcon.colcon_core.package_discovery[0m [1;30mLevel 1[0m discover_packages(recursive) discover
[0.158s] [34mcolcon.colcon_core.package_discovery[0m [1;30mINFO[0m Crawling recursively for packages in '/root/researchv2'
[0.158s] [34mcolcon.colcon_core.package_identification[0m [1;30mLevel 1[0m _identify(.) by extensions ['ignore', 'ignore_ament_install']
[0.158s] [34mcolcon.colcon_core.package_identification[0m [1;30mLevel 1[0m _identify(.) by extension 'ignore'
[0.158s] [34mcolcon.colcon_core.package_identification[0m [1;30mLevel 1[0m _identify(.) by extension 'ignore_ament_install'
[0.158s] [34mcolcon.colcon_core.package_identification[0m [1;30mLevel 1[0m _identify(.) by extensions ['colcon_pkg']
[0.158s] [34mcolcon.colcon_core.package_identification[0m [1;30mLevel 1[0m _identify(.) by extension 'colcon_pkg'
[0.158s] [34mcolcon.colcon_core.package_identification[0m [1;30mLevel 1[0m _identify(.) by extensions ['colcon_meta']
[0.158s] [34mcolcon.colcon_core.package_identification[0m [1;30mLevel 1[0m _identify(.) by extension 'colcon_meta'
[0.158s] [34mcolcon.colcon_core.package_identification[0m [1;30mLevel 1[0m _identify(.) by extensions ['ros']
[0.158s] [34mcolcon.colcon_core.package_identification[0m [1;30mLevel 1[0m _identify(.) by extension 'ros'
[0.180s] [34mcolcon.colcon_core.package_identification[0m [1;30mLevel 1[0m _identify(.) by extensions ['cmake', 'python']
[0.180s] [34mcolcon.colcon_core.package_identification[0m [1;30mLevel 1[0m _identify(.) by extension 'cmake'
[0.180s] [34mcolcon.colcon_core.package_identification[0m [1;30mLevel 1[0m _identify(.) by extension 'python'
[0.180s] [34mcolcon.colcon_core.package_identification[0m [1;30mLevel 1[0m _identify(.) by extensions ['python_setup_py']
[0.180s] [34mcolcon.colcon_core.package_identification[0m [1;30mLevel 1[0m _identify(.) by extension 'python_setup_py'
[0.180s] [34mcolcon.colcon_core.package_identification[0m [1;30mLevel 1[0m _identify(build) by extensions ['ignore', 'ignore_ament_install']
[0.181s] [34mcolcon.colcon_core.package_identification[0m [1;30mLevel 1[0m _identify(build) by extension 'ignore'
[0.181s] [34mcolcon.colcon_core.package_identification[0m [1;30mLevel 1[0m _identify(build) ignored
[0.181s] [34mcolcon.colcon_core.package_identification[0m [1;30mLevel 1[0m _identify(install) by extensions ['ignore', 'ignore_ament_install']
[0.181s] [34mcolcon.colcon_core.package_identification[0m [1;30mLevel 1[0m _identify(install) by extension 'ignore'
[0.181s] [34mcolcon.colcon_core.package_identification[0m [1;30mLevel 1[0m _identify(install) ignored
[0.181s] [34mcolcon.colcon_core.package_identification[0m [1;30mLevel 1[0m _identify(log) by extensions ['ignore', 'ignore_ament_install']
[0.181s] [34mcolcon.colcon_core.package_identification[0m [1;30mLevel 1[0m _identify(log) by extension 'ignore'
[0.181s] [34mcolcon.colcon_core.package_identification[0m [1;30mLevel 1[0m _identify(log) ignored
[0.181s] [34mcolcon.colcon_core.package_identification[0m [1;30mLevel 1[0m _identify(src) by extensions ['ignore', 'ignore_ament_install']
[0.181s] [34mcolcon.colcon_core.package_identification[0m [1;30mLevel 1[0m _identify(src) by extension 'ignore'
[0.181s] [34mcolcon.colcon_core.package_identification[0m [1;30mLevel 1[0m _identify(src) by extension 'ignore_ament_install'
[0.181s] [34mcolcon.colcon_core.package_identification[0m [1;30mLevel 1[0m _identify(src) by extensions ['colcon_pkg']
[0.181s] [34mcolcon.colcon_core.package_identification[0m [1;30mLevel 1[0m _identify(src) by extension 'colcon_pkg'
[0.181s] [34mcolcon.colcon_core.package_identification[0m [1;30mLevel 1[0m _identify(src) by extensions ['colcon_meta']
[0.181s] [34mcolcon.colcon_core.package_identification[0m [1;30mLevel 1[0m _identify(src) by extension 'colcon_meta'
[0.181s] [34mcolcon.colcon_core.package_identification[0m [1;30mLevel 1[0m _identify(src) by extensions ['ros']
[0.181s] [34mcolcon.colcon_core.package_identification[0m [1;30mLevel 1[0m _identify(src) by extension 'ros'
[0.181s] [34mcolcon.colcon_core.package_identification[0m [1;30mLevel 1[0m _identify(src) by extensions ['cmake', 'python']
[0.181s] [34mcolcon.colcon_core.package_identification[0m [1;30mLevel 1[0m _identify(src) by extension 'cmake'
[0.181s] [34mcolcon.colcon_core.package_identification[0m [1;30mLevel 1[0m _identify(src) by extension 'python'
[0.182s] [34mcolcon.colcon_core.package_identification[0m [1;30mLevel 1[0m _identify(src) by extensions ['python_setup_py']
[0.182s] [34mcolcon.colcon_core.package_identification[0m [1;30mLevel 1[0m _identify(src) by extension 'python_setup_py'
[0.182s] [34mcolcon.colcon_core.package_identification[0m [1;30mLevel 1[0m _identify(src/chaser_system) by extensions ['ignore', 'ignore_ament_install']
[0.182s] [34mcolcon.colcon_core.package_identification[0m [1;30mLevel 1[0m _identify(src/chaser_system) by extension 'ignore'
[0.182s] [34mcolcon.colcon_core.package_identification[0m [1;30mLevel 1[0m _identify(src/chaser_system) by extension 'ignore_ament_install'
[0.182s] [34mcolcon.colcon_core.package_identification[0m [1;30mLevel 1[0m _identify(src/chaser_system) by extensions ['colcon_pkg']
[0.182s] [34mcolcon.colcon_core.package_identification[0m [1;30mLevel 1[0m _identify(src/chaser_system) by extension 'colcon_pkg'
[0.182s] [34mcolcon.colcon_core.package_identification[0m [1;30mLevel 1[0m _identify(src/chaser_system) by extensions ['colcon_meta']
[0.182s] [34mcolcon.colcon_core.package_identification[0m [1;30mLevel 1[0m _identify(src/chaser_system) by extension 'colcon_meta'
[0.182s] [34mcolcon.colcon_core.package_identification[0m [1;30mLevel 1[0m _identify(src/chaser_system) by extensions ['ros']
[0.182s] [34mcolcon.colcon_core.package_identification[0m [1;30mLevel 1[0m _identify(src/chaser_system) by extension 'ros'
[0.184s] [34mcolcon.colcon_core.package_identification[0m [1;30mDEBUG[0m [32mPackage 'src/chaser_system' with type 'ros.ament_python' and name 'chaser_system'[0m
[0.184s] [34mcolcon.colcon_core.package_identification[0m [1;30mLevel 1[0m _identify(src/mymsg) by extensions ['ignore', 'ignore_ament_install']
[0.184s] [34mcolcon.colcon_core.package_identification[0m [1;30mLevel 1[0m _identify(src/mymsg) by extension 'ignore'
[0.184s] [34mcolcon.colcon_core.package_identification[0m [1;30mLevel 1[0m _identify(src/mymsg) by extension 'ignore_ament_install'
[0.184s] [34mcolcon.colcon_core.package_identification[0m [1;30mLevel 1[0m _identify(src/mymsg) by extensions ['colcon_pkg']
[0.184s] [34mcolcon.colcon_core.package_identification[0m [1;30mLevel 1[0m _identify(src/mymsg) by extension 'colcon_pkg'
[0.184s] [34mcolcon.colcon_core.package_identification[0m [1;30mLevel 1[0m _identify(src/mymsg) by extensions ['colcon_meta']
[0.184s] [34mcolcon.colcon_core.package_identification[0m [1;30mLevel 1[0m _identify(src/mymsg) by extension 'colcon_meta'
[0.184s] [34mcolcon.colcon_core.package_identification[0m [1;30mLevel 1[0m _identify(src/mymsg) by extensions ['ros']
[0.184s] [34mcolcon.colcon_core.package_identification[0m [1;30mLevel 1[0m _identify(src/mymsg) by extension 'ros'
[0.186s] [34mcolcon.colcon_core.package_identification[0m [1;30mDEBUG[0m [32mPackage 'src/mymsg' with type 'ros.ament_cmake' and name 'mymsg'[0m
[0.186s] [34mcolcon.colcon_core.package_discovery[0m [1;30mLevel 1[0m discover_packages(recursive) using defaults
[0.186s] [34mcolcon.colcon_core.package_discovery[0m [1;30mLevel 1[0m discover_packages(ignore) discover
[0.186s] [34mcolcon.colcon_core.package_discovery[0m [1;30mLevel 1[0m discover_packages(ignore) using defaults
[0.186s] [34mcolcon.colcon_core.package_discovery[0m [1;30mLevel 1[0m discover_packages(path) discover
[0.186s] [34mcolcon.colcon_core.package_discovery[0m [1;30mLevel 1[0m discover_packages(path) using defaults
[0.202s] [34mcolcon.colcon_core.package_discovery[0m [1;30mLevel 1[0m discover_packages(prefix_path) check parameters
[0.202s] [34mcolcon.colcon_core.package_discovery[0m [1;30mLevel 1[0m discover_packages(prefix_path) discover
[0.203s] [34mcolcon.colcon_ros.prefix_path.ament[0m [1;30mWARNING[0m [33mThe path '/root/researchv2/install/mymsg' in the environment variable AMENT_PREFIX_PATH doesn't exist[0m
[0.203s] [34mcolcon.colcon_ros.prefix_path.ament[0m [1;30mWARNING[0m [33mThe path '/root/researchv2/install/chaser_system' in the environment variable AMENT_PREFIX_PATH doesn't exist[0m
[0.203s] [34mcolcon.colcon_ros.prefix_path.catkin[0m [1;30mWARNING[0m [33mThe path '/root/researchv2/install/mymsg' in the environment variable CMAKE_PREFIX_PATH doesn't exist[0m
[0.204s] [34mcolcon.colcon_installed_package_information.package_discovery[0m [1;30mDEBUG[0m [32mFound 0 installed packages in /root/researchv2/install[0m
[0.207s] [34mcolcon.colcon_installed_package_information.package_discovery[0m [1;30mDEBUG[0m [32mFound 357 installed packages in /opt/ros/foxy[0m
[0.209s] [34mcolcon.colcon_core.package_discovery[0m [1;30mLevel 1[0m discover_packages(prefix_path) using defaults
[0.278s] [34mcolcon.colcon_core.verb[0m [1;30mLevel 5[0m set package 'mymsg' build argument 'cmake_args' from command line to 'None'
[0.278s] [34mcolcon.colcon_core.verb[0m [1;30mLevel 5[0m set package 'mymsg' build argument 'cmake_target' from command line to 'None'
[0.278s] [34mcolcon.colcon_core.verb[0m [1;30mLevel 5[0m set package 'mymsg' build argument 'cmake_target_skip_unavailable' from command line to 'False'
[0.278s] [34mcolcon.colcon_core.verb[0m [1;30mLevel 5[0m set package 'mymsg' build argument 'cmake_clean_cache' from command line to 'False'
[0.278s] [34mcolcon.colcon_core.verb[0m [1;30mLevel 5[0m set package 'mymsg' build argument 'cmake_clean_first' from command line to 'False'
[0.278s] [34mcolcon.colcon_core.verb[0m [1;30mLevel 5[0m set package 'mymsg' build argument 'cmake_force_configure' from command line to 'False'
[0.278s] [34mcolcon.colcon_core.verb[0m [1;30mLevel 5[0m set package 'mymsg' build argument 'ament_cmake_args' from command line to 'None'
[0.278s] [34mcolcon.colcon_core.verb[0m [1;30mLevel 5[0m set package 'mymsg' build argument 'catkin_cmake_args' from command line to 'None'
[0.278s] [34mcolcon.colcon_core.verb[0m [1;30mLevel 5[0m set package 'mymsg' build argument 'catkin_skip_building_tests' from command line to 'False'
[0.278s] [34mcolcon.colcon_core.verb[0m [1;30mDEBUG[0m [32mBuilding package 'mymsg' with the following arguments: {'ament_cmake_args': None, 'build_base': '/root/researchv2/build/mymsg', 'catkin_cmake_args': None, 'catkin_skip_building_tests': False, 'cmake_args': None, 'cmake_clean_cache': False, 'cmake_clean_first': False, 'cmake_force_configure': False, 'cmake_target': None, 'cmake_target_skip_unavailable': False, 'install_base': '/root/researchv2/install/mymsg', 'merge_install': False, 'path': '/root/researchv2/src/mymsg', 'symlink_install': False, 'test_result_base': None}[0m
[0.279s] [34mcolcon.colcon_core.verb[0m [1;30mLevel 5[0m set package 'chaser_system' build argument 'cmake_args' from command line to 'None'
[0.279s] [34mcolcon.colcon_core.verb[0m [1;30mLevel 5[0m set package 'chaser_system' build argument 'cmake_target' from command line to 'None'
[0.279s] [34mcolcon.colcon_core.verb[0m [1;30mLevel 5[0m set package 'chaser_system' build argument 'cmake_target_skip_unavailable' from command line to 'False'
[0.279s] [34mcolcon.colcon_core.verb[0m [1;30mLevel 5[0m set package 'chaser_system' build argument 'cmake_clean_cache' from command line to 'False'
[0.279s] [34mcolcon.colcon_core.verb[0m [1;30mLevel 5[0m set package 'chaser_system' build argument 'cmake_clean_first' from command line to 'False'
[0.279s] [34mcolcon.colcon_core.verb[0m [1;30mLevel 5[0m set package 'chaser_system' build argument 'cmake_force_configure' from command line to 'False'
[0.279s] [34mcolcon.colcon_core.verb[0m [1;30mLevel 5[0m set package 'chaser_system' build argument 'ament_cmake_args' from command line to 'None'
[0.279s] [34mcolcon.colcon_core.verb[0m [1;30mLevel 5[0m set package 'chaser_system' build argument 'catkin_cmake_args' from command line to 'None'
[0.279s] [34mcolcon.colcon_core.verb[0m [1;30mLevel 5[0m set package 'chaser_system' build argument 'catkin_skip_building_tests' from command line to 'False'
[0.279s] [34mcolcon.colcon_core.verb[0m [1;30mDEBUG[0m [32mBuilding package 'chaser_system' with the following arguments: {'ament_cmake_args': None, 'build_base': '/root/researchv2/build/chaser_system', 'catkin_cmake_args': None, 'catkin_skip_building_tests': False, 'cmake_args': None, 'cmake_clean_cache': False, 'cmake_clean_first': False, 'cmake_force_configure': False, 'cmake_target': None, 'cmake_target_skip_unavailable': False, 'install_base': '/root/researchv2/install/chaser_system', 'merge_install': False, 'path': '/root/researchv2/src/chaser_system', 'symlink_install': False, 'test_result_base': None}[0m
[0.280s] [34mcolcon.colcon_core.executor[0m [1;30mINFO[0m Executing jobs using 'parallel' executor
[0.283s] [34mcolcon.colcon_parallel_executor.executor.parallel[0m [1;30mDEBUG[0m [32mrun_until_complete[0m
[0.284s] [34mcolcon.colcon_ros.task.ament_cmake.build[0m [1;30mINFO[0m Building ROS package in '/root/researchv2/src/mymsg' with build type 'ament_cmake'
[0.284s] [34mcolcon.colcon_cmake.task.cmake.build[0m [1;30mINFO[0m Building CMake package in '/root/researchv2/src/mymsg'
[0.287s] [34mcolcon.colcon_core.plugin_system[0m [1;30mINFO[0m Skipping extension 'colcon_core.shell.bat': Not used on non-Windows systems
[0.288s] [34mcolcon.colcon_core.shell[0m [1;30mINFO[0m Skip shell extension 'powershell' for command environment: Not usable outside of PowerShell
[0.288s] [34mcolcon.colcon_core.shell[0m [1;30mDEBUG[0m [32mSkip shell extension 'dsv' for command environment[0m
[0.299s] [34mcolcon.colcon_core.event_handler.log_command[0m [1;30mDEBUG[0m [32mInvoking command in '/root/researchv2/build/mymsg': CMAKE_PREFIX_PATH=${CMAKE_PREFIX_PATH}:/root/researchv2/install/chaser_system:/opt/ros/foxy /usr/bin/cmake /root/researchv2/src/mymsg -DCMAKE_INSTALL_PREFIX=/root/researchv2/install/mymsg[0m
[2.737s] [34mcolcon.colcon_core.event_handler.log_command[0m [1;30mDEBUG[0m [32mInvoked command in '/root/researchv2/build/mymsg' returned '0': CMAKE_PREFIX_PATH=${CMAKE_PREFIX_PATH}:/root/researchv2/install/chaser_system:/opt/ros/foxy /usr/bin/cmake /root/researchv2/src/mymsg -DCMAKE_INSTALL_PREFIX=/root/researchv2/install/mymsg[0m
[2.740s] [34mcolcon.colcon_core.event_handler.log_command[0m [1;30mDEBUG[0m [32mInvoking command in '/root/researchv2/build/mymsg': CMAKE_PREFIX_PATH=${CMAKE_PREFIX_PATH}:/root/researchv2/install/chaser_system:/opt/ros/foxy /usr/bin/cmake --build /root/researchv2/build/mymsg -- -j12 -l12[0m
[7.109s] [34mcolcon.colcon_core.event_handler.log_command[0m [1;30mDEBUG[0m [32mInvoked command in '/root/researchv2/build/mymsg' returned '0': CMAKE_PREFIX_PATH=${CMAKE_PREFIX_PATH}:/root/researchv2/install/chaser_system:/opt/ros/foxy /usr/bin/cmake --build /root/researchv2/build/mymsg -- -j12 -l12[0m
[7.257s] [34mcolcon.colcon_core.event_handler.log_command[0m [1;30mDEBUG[0m [32mInvoking command in '/root/researchv2/build/mymsg': CMAKE_PREFIX_PATH=${CMAKE_PREFIX_PATH}:/root/researchv2/install/chaser_system:/opt/ros/foxy /usr/bin/cmake --install /root/researchv2/build/mymsg[0m
[7.341s] [34mcolcon.colcon_core.environment[0m [1;30mLevel 1[0m create_environment_scripts_only(mymsg)
[7.343s] [34mcolcon.colcon_core.event_handler.log_command[0m [1;30mDEBUG[0m [32mInvoked command in '/root/researchv2/build/mymsg' returned '0': CMAKE_PREFIX_PATH=${CMAKE_PREFIX_PATH}:/root/researchv2/install/chaser_system:/opt/ros/foxy /usr/bin/cmake --install /root/researchv2/build/mymsg[0m
[7.346s] [34mcolcon.colcon_core.environment[0m [1;30mLevel 1[0m checking '/root/researchv2/install/mymsg' for CMake module files
[7.347s] [34mcolcon.colcon_core.environment[0m [1;30mLevel 1[0m checking '/root/researchv2/install/mymsg' for CMake config files
[7.347s] [34mcolcon.colcon_core.shell[0m [1;30mLevel 1[0m create_environment_hook('mymsg', 'cmake_prefix_path')
[7.348s] [34mcolcon.colcon_core.shell[0m [1;30mINFO[0m Creating environment hook '/root/researchv2/install/mymsg/share/mymsg/hook/cmake_prefix_path.ps1'
[7.349s] [34mcolcon.colcon_core.shell[0m [1;30mINFO[0m Creating environment descriptor '/root/researchv2/install/mymsg/share/mymsg/hook/cmake_prefix_path.dsv'
[7.349s] [34mcolcon.colcon_core.shell[0m [1;30mINFO[0m Creating environment hook '/root/researchv2/install/mymsg/share/mymsg/hook/cmake_prefix_path.sh'
[7.351s] [34mcolcon.colcon_core.environment[0m [1;30mLevel 1[0m checking '/root/researchv2/install/mymsg/lib'
[7.351s] [34mcolcon.colcon_core.shell[0m [1;30mLevel 1[0m create_environment_hook('mymsg', 'ld_library_path_lib')
[7.352s] [34mcolcon.colcon_core.shell[0m [1;30mINFO[0m Creating environment hook '/root/researchv2/install/mymsg/share/mymsg/hook/ld_library_path_lib.ps1'
[7.352s] [34mcolcon.colcon_core.shell[0m [1;30mINFO[0m Creating environment descriptor '/root/researchv2/install/mymsg/share/mymsg/hook/ld_library_path_lib.dsv'
[7.352s] [34mcolcon.colcon_core.shell[0m [1;30mINFO[0m Creating environment hook '/root/researchv2/install/mymsg/share/mymsg/hook/ld_library_path_lib.sh'
[7.353s] [34mcolcon.colcon_core.environment[0m [1;30mLevel 1[0m checking '/root/researchv2/install/mymsg/bin'
[7.353s] [34mcolcon.colcon_core.environment[0m [1;30mLevel 1[0m checking '/root/researchv2/install/mymsg/lib/pkgconfig/mymsg.pc'
[7.353s] [34mcolcon.colcon_core.environment[0m [1;30mLevel 1[0m checking '/root/researchv2/install/mymsg/lib/python3.8/site-packages'
[7.353s] [34mcolcon.colcon_core.shell[0m [1;30mLevel 1[0m create_environment_hook('mymsg', 'pythonpath')
[7.354s] [34mcolcon.colcon_core.shell[0m [1;30mINFO[0m Creating environment hook '/root/researchv2/install/mymsg/share/mymsg/hook/pythonpath.ps1'
[7.354s] [34mcolcon.colcon_core.shell[0m [1;30mINFO[0m Creating environment descriptor '/root/researchv2/install/mymsg/share/mymsg/hook/pythonpath.dsv'
[7.355s] [34mcolcon.colcon_core.shell[0m [1;30mINFO[0m Creating environment hook '/root/researchv2/install/mymsg/share/mymsg/hook/pythonpath.sh'
[7.355s] [34mcolcon.colcon_core.environment[0m [1;30mLevel 1[0m checking '/root/researchv2/install/mymsg/bin'
[7.356s] [34mcolcon.colcon_core.shell[0m [1;30mINFO[0m Creating package script '/root/researchv2/install/mymsg/share/mymsg/package.ps1'
[7.357s] [34mcolcon.colcon_core.shell[0m [1;30mINFO[0m Creating package descriptor '/root/researchv2/install/mymsg/share/mymsg/package.dsv'
[7.357s] [34mcolcon.colcon_core.shell[0m [1;30mINFO[0m Creating package script '/root/researchv2/install/mymsg/share/mymsg/package.sh'
[7.358s] [34mcolcon.colcon_core.shell[0m [1;30mINFO[0m Creating package script '/root/researchv2/install/mymsg/share/mymsg/package.bash'
[7.359s] [34mcolcon.colcon_core.shell[0m [1;30mINFO[0m Creating package script '/root/researchv2/install/mymsg/share/mymsg/package.zsh'
[7.359s] [34mcolcon.colcon_core.environment[0m [1;30mLevel 1[0m create_file_with_runtime_dependencies(/root/researchv2/install/mymsg/share/colcon-core/packages/mymsg)
[7.495s] [34mcolcon.colcon_core.environment[0m [1;30mLevel 1[0m create_environment_scripts_only(mymsg)
[7.496s] [34mcolcon.colcon_core.environment[0m [1;30mLevel 1[0m checking '/root/researchv2/install/mymsg' for CMake module files
[7.497s] [34mcolcon.colcon_core.environment[0m [1;30mLevel 1[0m checking '/root/researchv2/install/mymsg' for CMake config files
[7.498s] [34mcolcon.colcon_core.shell[0m [1;30mLevel 1[0m create_environment_hook('mymsg', 'cmake_prefix_path')
[7.499s] [34mcolcon.colcon_core.shell[0m [1;30mINFO[0m Creating environment hook '/root/researchv2/install/mymsg/share/mymsg/hook/cmake_prefix_path.ps1'
[7.499s] [34mcolcon.colcon_core.shell[0m [1;30mINFO[0m Creating environment descriptor '/root/researchv2/install/mymsg/share/mymsg/hook/cmake_prefix_path.dsv'
[7.500s] [34mcolcon.colcon_core.shell[0m [1;30mINFO[0m Creating environment hook '/root/researchv2/install/mymsg/share/mymsg/hook/cmake_prefix_path.sh'
[7.501s] [34mcolcon.colcon_core.environment[0m [1;30mLevel 1[0m checking '/root/researchv2/install/mymsg/lib'
[7.501s] [34mcolcon.colcon_core.shell[0m [1;30mLevel 1[0m create_environment_hook('mymsg', 'ld_library_path_lib')
[7.502s] [34mcolcon.colcon_core.shell[0m [1;30mINFO[0m Creating environment hook '/root/researchv2/install/mymsg/share/mymsg/hook/ld_library_path_lib.ps1'
[7.502s] [34mcolcon.colcon_core.shell[0m [1;30mINFO[0m Creating environment descriptor '/root/researchv2/install/mymsg/share/mymsg/hook/ld_library_path_lib.dsv'
[7.502s] [34mcolcon.colcon_core.shell[0m [1;30mINFO[0m Creating environment hook '/root/researchv2/install/mymsg/share/mymsg/hook/ld_library_path_lib.sh'
[7.503s] [34mcolcon.colcon_core.environment[0m [1;30mLevel 1[0m checking '/root/researchv2/install/mymsg/bin'
[7.503s] [34mcolcon.colcon_core.environment[0m [1;30mLevel 1[0m checking '/root/researchv2/install/mymsg/lib/pkgconfig/mymsg.pc'
[7.503s] [34mcolcon.colcon_core.environment[0m [1;30mLevel 1[0m checking '/root/researchv2/install/mymsg/lib/python3.8/site-packages'
[7.503s] [34mcolcon.colcon_core.shell[0m [1;30mLevel 1[0m create_environment_hook('mymsg', 'pythonpath')
[7.504s] [34mcolcon.colcon_core.shell[0m [1;30mINFO[0m Creating environment hook '/root/researchv2/install/mymsg/share/mymsg/hook/pythonpath.ps1'
[7.504s] [34mcolcon.colcon_core.shell[0m [1;30mINFO[0m Creating environment descriptor '/root/researchv2/install/mymsg/share/mymsg/hook/pythonpath.dsv'
[7.505s] [34mcolcon.colcon_core.shell[0m [1;30mINFO[0m Creating environment hook '/root/researchv2/install/mymsg/share/mymsg/hook/pythonpath.sh'
[7.505s] [34mcolcon.colcon_core.environment[0m [1;30mLevel 1[0m checking '/root/researchv2/install/mymsg/bin'
[7.506s] [34mcolcon.colcon_core.shell[0m [1;30mINFO[0m Creating package script '/root/researchv2/install/mymsg/share/mymsg/package.ps1'
[7.507s] [34mcolcon.colcon_core.shell[0m [1;30mINFO[0m Creating package descriptor '/root/researchv2/install/mymsg/share/mymsg/package.dsv'
[7.507s] [34mcolcon.colcon_core.shell[0m [1;30mINFO[0m Creating package script '/root/researchv2/install/mymsg/share/mymsg/package.sh'
[7.508s] [34mcolcon.colcon_core.shell[0m [1;30mINFO[0m Creating package script '/root/researchv2/install/mymsg/share/mymsg/package.bash'
[7.508s] [34mcolcon.colcon_core.shell[0m [1;30mINFO[0m Creating package script '/root/researchv2/install/mymsg/share/mymsg/package.zsh'
[7.508s] [34mcolcon.colcon_core.environment[0m [1;30mLevel 1[0m create_file_with_runtime_dependencies(/root/researchv2/install/mymsg/share/colcon-core/packages/mymsg)
[7.509s] [34mcolcon.colcon_ros.task.ament_python.build[0m [1;30mINFO[0m Building ROS package in '/root/researchv2/src/chaser_system' with build type 'ament_python'
[7.509s] [34mcolcon.colcon_core.shell[0m [1;30mLevel 1[0m create_environment_hook('chaser_system', 'ament_prefix_path')
[7.510s] [34mcolcon.colcon_core.shell[0m [1;30mINFO[0m Creating environment hook '/root/researchv2/install/chaser_system/share/chaser_system/hook/ament_prefix_path.ps1'
[7.511s] [34mcolcon.colcon_core.shell[0m [1;30mINFO[0m Creating environment descriptor '/root/researchv2/install/chaser_system/share/chaser_system/hook/ament_prefix_path.dsv'
[7.511s] [34mcolcon.colcon_core.shell[0m [1;30mINFO[0m Creating environment hook '/root/researchv2/install/chaser_system/share/chaser_system/hook/ament_prefix_path.sh'
[7.513s] [34mcolcon.colcon_core.shell[0m [1;30mINFO[0m Skip shell extension 'powershell' for command environment: Not usable outside of PowerShell
[7.514s] [34mcolcon.colcon_core.shell[0m [1;30mDEBUG[0m [32mSkip shell extension 'dsv' for command environment[0m
[7.777s] [34mcolcon.colcon_core.task.python.build[0m [1;30mINFO[0m Building Python package in '/root/researchv2/src/chaser_system'
[7.779s] [34mcolcon.colcon_core.shell[0m [1;30mINFO[0m Skip shell extension 'powershell' for command environment: Not usable outside of PowerShell
[7.779s] [34mcolcon.colcon_core.shell[0m [1;30mDEBUG[0m [32mSkip shell extension 'dsv' for command environment[0m
[8.251s] [34mcolcon.colcon_core.event_handler.log_command[0m [1;30mDEBUG[0m [32mInvoking command in '/root/researchv2/src/chaser_system': PYTHONPATH=/root/researchv2/build/chaser_system/prefix_override:/root/researchv2/install/chaser_system/lib/python3.8/site-packages:${PYTHONPATH} /usr/bin/python3 setup.py egg_info --egg-base ../../build/chaser_system build --build-base /root/researchv2/build/chaser_system/build install --record /root/researchv2/build/chaser_system/install.log --install-scripts $base/lib/chaser_system --single-version-externally-managed[0m
[8.585s] [34mcolcon.colcon_core.environment[0m [1;30mLevel 1[0m checking '/root/researchv2/install/chaser_system' for CMake module files
[8.585s] [34mcolcon.colcon_core.event_handler.log_command[0m [1;30mDEBUG[0m [32mInvoked command in '/root/researchv2/src/chaser_system' returned '0': PYTHONPATH=/root/researchv2/build/chaser_system/prefix_override:/root/researchv2/install/chaser_system/lib/python3.8/site-packages:${PYTHONPATH} /usr/bin/python3 setup.py egg_info --egg-base ../../build/chaser_system build --build-base /root/researchv2/build/chaser_system/build install --record /root/researchv2/build/chaser_system/install.log --install-scripts $base/lib/chaser_system --single-version-externally-managed[0m
[8.586s] [34mcolcon.colcon_core.environment[0m [1;30mLevel 1[0m checking '/root/researchv2/install/chaser_system' for CMake config files
[8.586s] [34mcolcon.colcon_core.environment[0m [1;30mLevel 1[0m checking '/root/researchv2/install/chaser_system/lib'
[8.587s] [34mcolcon.colcon_core.environment[0m [1;30mLevel 1[0m checking '/root/researchv2/install/chaser_system/bin'
[8.587s] [34mcolcon.colcon_core.environment[0m [1;30mLevel 1[0m checking '/root/researchv2/install/chaser_system/lib/pkgconfig/chaser_system.pc'
[8.587s] [34mcolcon.colcon_core.environment[0m [1;30mLevel 1[0m checking '/root/researchv2/install/chaser_system/lib/python3.8/site-packages'
[8.587s] [34mcolcon.colcon_core.shell[0m [1;30mLevel 1[0m create_environment_hook('chaser_system', 'pythonpath')
[8.589s] [34mcolcon.colcon_core.shell[0m [1;30mINFO[0m Creating environment hook '/root/researchv2/install/chaser_system/share/chaser_system/hook/pythonpath.ps1'
[8.590s] [34mcolcon.colcon_core.shell[0m [1;30mINFO[0m Creating environment descriptor '/root/researchv2/install/chaser_system/share/chaser_system/hook/pythonpath.dsv'
[8.590s] [34mcolcon.colcon_core.shell[0m [1;30mINFO[0m Creating environment hook '/root/researchv2/install/chaser_system/share/chaser_system/hook/pythonpath.sh'
[8.591s] [34mcolcon.colcon_core.environment[0m [1;30mLevel 1[0m checking '/root/researchv2/install/chaser_system/bin'
[8.591s] [34mcolcon.colcon_core.environment[0m [1;30mLevel 1[0m create_environment_scripts_only(chaser_system)
[8.593s] [34mcolcon.colcon_core.shell[0m [1;30mINFO[0m Creating package script '/root/researchv2/install/chaser_system/share/chaser_system/package.ps1'
[8.593s] [34mcolcon.colcon_core.shell[0m [1;30mINFO[0m Creating package descriptor '/root/researchv2/install/chaser_system/share/chaser_system/package.dsv'
[8.594s] [34mcolcon.colcon_core.shell[0m [1;30mINFO[0m Creating package script '/root/researchv2/install/chaser_system/share/chaser_system/package.sh'
[8.594s] [34mcolcon.colcon_core.shell[0m [1;30mINFO[0m Creating package script '/root/researchv2/install/chaser_system/share/chaser_system/package.bash'
[8.595s] [34mcolcon.colcon_core.shell[0m [1;30mINFO[0m Creating package script '/root/researchv2/install/chaser_system/share/chaser_system/package.zsh'
[8.595s] [34mcolcon.colcon_core.environment[0m [1;30mLevel 1[0m create_file_with_runtime_dependencies(/root/researchv2/install/chaser_system/share/colcon-core/packages/chaser_system)
[8.596s] [34mcolcon.colcon_parallel_executor.executor.parallel[0m [1;30mDEBUG[0m [32mclosing loop[0m
[8.596s] [34mcolcon.colcon_parallel_executor.executor.parallel[0m [1;30mDEBUG[0m [32mloop closed[0m
[8.596s] [34mcolcon.colcon_parallel_executor.executor.parallel[0m [1;30mDEBUG[0m [32mrun_until_complete finished with '0'[0m
[8.596s] [34mcolcon.colcon_core.event_reactor[0m [1;30mDEBUG[0m [32mjoining thread[0m
[8.602s] [34mcolcon.colcon_core.plugin_system[0m [1;30mINFO[0m Skipping extension 'colcon_notification.desktop_notification.notify_send': Could not find 'notify-send'
[8.602s] [34mcolcon.colcon_core.plugin_system[0m [1;30mINFO[0m Skipping extension 'colcon_notification.desktop_notification.terminal_notifier': Not used on non-Darwin systems
[8.602s] [34mcolcon.colcon_core.plugin_system[0m [1;30mINFO[0m Skipping extension 'colcon_notification.desktop_notification.win32': Not used on non-Windows systems
[8.602s] [34mcolcon.colcon_notification.desktop_notification[0m [1;30mINFO[0m Sending desktop notification using 'notify2'
[8.608s] [34mcolcon.colcon_notification.desktop_notification.notify2[0m [1;30mDEBUG[0m [32mFailed to initialize notify2: org.freedesktop.DBus.Error.ServiceUnknown: The name org.freedesktop.Notifications was not provided by any .service files[0m
[8.608s] [34mcolcon.colcon_core.event_reactor[0m [1;30mDEBUG[0m [32mjoined thread[0m
[8.611s] [34mcolcon.colcon_core.shell[0m [1;30mINFO[0m Creating prefix script '/root/researchv2/install/local_setup.ps1'
[8.613s] [34mcolcon.colcon_core.shell[0m [1;30mINFO[0m Creating prefix util module '/root/researchv2/install/_local_setup_util_ps1.py'
[8.615s] [34mcolcon.colcon_core.shell[0m [1;30mINFO[0m Creating prefix chain script '/root/researchv2/install/setup.ps1'
[8.617s] [34mcolcon.colcon_core.shell[0m [1;30mINFO[0m Creating prefix script '/root/researchv2/install/local_setup.sh'
[8.617s] [34mcolcon.colcon_core.shell[0m [1;30mINFO[0m Creating prefix util module '/root/researchv2/install/_local_setup_util_sh.py'
[8.618s] [34mcolcon.colcon_core.shell[0m [1;30mINFO[0m Creating prefix chain script '/root/researchv2/install/setup.sh'
[8.620s] [34mcolcon.colcon_core.shell[0m [1;30mINFO[0m Creating prefix script '/root/researchv2/install/local_setup.bash'
[8.621s] [34mcolcon.colcon_core.shell[0m [1;30mINFO[0m Creating prefix chain script '/root/researchv2/install/setup.bash'
[8.622s] [34mcolcon.colcon_core.shell[0m [1;30mINFO[0m Creating prefix script '/root/researchv2/install/local_setup.zsh'
[8.623s] [34mcolcon.colcon_core.shell[0m [1;30mINFO[0m Creating prefix chain script '/root/researchv2/install/setup.zsh'
