[0.014s] Invoking command in '/root/researchv2/build/urg_node': AMENT_PREFIX_PATH=/root/researchv2/install/urg_node_msgs:${AMENT_PREFIX_PATH} CMAKE_PREFIX_PATH=/root/researchv2/install/urg_node_msgs:/root/researchv2/install/mymsg:/root/researchv2/install/chaser_system:/opt/ros/foxy LD_LIBRARY_PATH=/root/researchv2/install/urg_node_msgs/lib:${LD_LIBRARY_PATH} PYTHONPATH=/root/researchv2/install/urg_node_msgs/lib/python3.8/site-packages:${PYTHONPATH} /usr/bin/cmake /root/researchv2/src/urg_node -DCMAKE_INSTALL_PREFIX=/root/researchv2/install/urg_node
[0.026s] -- Found ament_cmake: 0.9.11 (/opt/ros/foxy/share/ament_cmake/cmake)
[0.048s] -- Using PYTHON_EXECUTABLE: /usr/bin/python3
[0.249s] -- Found diagnostic_updater: 2.0.8 (/opt/ros/foxy/share/diagnostic_updater/cmake)
[0.273s] -- Using all available rosidl_typesupport_c: rosidl_typesupport_fastrtps_c;rosidl_typesupport_introspection_c
[0.276s] -- Found rosidl_adapter: 1.3.0 (/opt/ros/foxy/share/rosidl_adapter/cmake)
[0.460s] -- Using all available rosidl_typesupport_cpp: rosidl_typesupport_fastrtps_cpp;rosidl_typesupport_introspection_cpp
[0.591s] -- Found rmw_implementation_cmake: 1.0.3 (/opt/ros/foxy/share/rmw_implementation_cmake/cmake)
[0.593s] -- Using RMW implementation 'rmw_fastrtps_cpp' as default
[0.724s] -- Found laser_proc: 1.0.2 (/opt/ros/foxy/share/laser_proc/cmake)
[0.847s] -- Found rclcpp_components: 2.4.2 (/opt/ros/foxy/share/rclcpp_components/cmake)
[0.918s] -- Found std_srvs: 2.0.5 (/opt/ros/foxy/share/std_srvs/cmake)
[0.933s] -- Found urg_c: 1.0.4001 (/opt/ros/foxy/share/urg_c/cmake)
[0.934s] -- Found urg_node_msgs: 1.0.1 (/root/researchv2/install/urg_node_msgs/share/urg_node_msgs/cmake)
[1.003s] -- Found ament_lint_auto: 0.9.7 (/opt/ros/foxy/share/ament_lint_auto/cmake)
[1.094s] -- Added test 'cppcheck' to perform static code analysis on C / C++ code
[1.094s] -- Configured cppcheck include dirs: $<BUILD_INTERFACE:/root/researchv2/src/urg_node/include>
[1.094s] -- Configured cppcheck exclude dirs and/or files: 
[1.098s] -- Added test 'cpplint' to check C / C++ code against the Google style
[1.098s] -- Configured cpplint exclude dirs and/or files: 
[1.099s] -- Added test 'flake8' to check Python code syntax and style conventions
[1.100s] -- Added test 'lint_cmake' to check CMake code style
[1.102s] -- Added test 'pep257' to check Python code against some of the style conventions in PEP 257
[1.105s] -- Added test 'uncrustify' to check C / C++ code style
[1.106s] -- Configured uncrustify additional arguments: 
[1.106s] -- Added test 'xmllint' to check XML markup files
[1.113s] -- Configuring done
[1.166s] -- Generating done
[1.168s] -- Build files have been written to: /root/researchv2/build/urg_node
[1.174s] Invoked command in '/root/researchv2/build/urg_node' returned '0': AMENT_PREFIX_PATH=/root/researchv2/install/urg_node_msgs:${AMENT_PREFIX_PATH} CMAKE_PREFIX_PATH=/root/researchv2/install/urg_node_msgs:/root/researchv2/install/mymsg:/root/researchv2/install/chaser_system:/opt/ros/foxy LD_LIBRARY_PATH=/root/researchv2/install/urg_node_msgs/lib:${LD_LIBRARY_PATH} PYTHONPATH=/root/researchv2/install/urg_node_msgs/lib/python3.8/site-packages:${PYTHONPATH} /usr/bin/cmake /root/researchv2/src/urg_node -DCMAKE_INSTALL_PREFIX=/root/researchv2/install/urg_node
[1.176s] Invoking command in '/root/researchv2/build/urg_node': AMENT_PREFIX_PATH=/root/researchv2/install/urg_node_msgs:${AMENT_PREFIX_PATH} CMAKE_PREFIX_PATH=/root/researchv2/install/urg_node_msgs:/root/researchv2/install/mymsg:/root/researchv2/install/chaser_system:/opt/ros/foxy LD_LIBRARY_PATH=/root/researchv2/install/urg_node_msgs/lib:${LD_LIBRARY_PATH} PYTHONPATH=/root/researchv2/install/urg_node_msgs/lib/python3.8/site-packages:${PYTHONPATH} /usr/bin/cmake --build /root/researchv2/build/urg_node -- -j12 -l12
[1.216s] [35m[1mScanning dependencies of target urg_node_driver[0m
[1.217s] [35m[1mScanning dependencies of target urg_node[0m
[1.261s] [ 14%] [32mBuilding CXX object CMakeFiles/urg_node_driver.dir/rclcpp_components/node_main_urg_node_driver.cpp.o[0m
[1.277s] [ 28%] [32mBuilding CXX object CMakeFiles/urg_node.dir/src/urg_c_wrapper.cpp.o[0m
[1.278s] [ 42%] [32mBuilding CXX object CMakeFiles/urg_node.dir/src/urg_node.cpp.o[0m
[3.088s] [ 57%] [32m[1mLinking CXX executable urg_node_driver[0m
[3.224s] [ 57%] Built target urg_node_driver
[6.182s] [ 71%] [32m[1mLinking CXX shared library liburg_node.so[0m
[6.481s] [ 71%] Built target urg_node
[6.491s] [35m[1mScanning dependencies of target getID[0m
[6.530s] [ 85%] [32mBuilding CXX object CMakeFiles/getID.dir/src/get_id.cpp.o[0m
[7.914s] [100%] [32m[1mLinking CXX executable getID[0m
[8.086s] [100%] Built target getID
[8.097s] Invoked command in '/root/researchv2/build/urg_node' returned '0': AMENT_PREFIX_PATH=/root/researchv2/install/urg_node_msgs:${AMENT_PREFIX_PATH} CMAKE_PREFIX_PATH=/root/researchv2/install/urg_node_msgs:/root/researchv2/install/mymsg:/root/researchv2/install/chaser_system:/opt/ros/foxy LD_LIBRARY_PATH=/root/researchv2/install/urg_node_msgs/lib:${LD_LIBRARY_PATH} PYTHONPATH=/root/researchv2/install/urg_node_msgs/lib/python3.8/site-packages:${PYTHONPATH} /usr/bin/cmake --build /root/researchv2/build/urg_node -- -j12 -l12
[8.130s] Invoking command in '/root/researchv2/build/urg_node': AMENT_PREFIX_PATH=/root/researchv2/install/urg_node_msgs:${AMENT_PREFIX_PATH} CMAKE_PREFIX_PATH=/root/researchv2/install/urg_node_msgs:/root/researchv2/install/mymsg:/root/researchv2/install/chaser_system:/opt/ros/foxy LD_LIBRARY_PATH=/root/researchv2/install/urg_node_msgs/lib:${LD_LIBRARY_PATH} PYTHONPATH=/root/researchv2/install/urg_node_msgs/lib/python3.8/site-packages:${PYTHONPATH} /usr/bin/cmake --install /root/researchv2/build/urg_node
[8.138s] -- Install configuration: ""
[8.139s] -- Installing: /root/researchv2/install/urg_node/lib/urg_node/urg_node_driver
[8.139s] -- Set runtime path of "/root/researchv2/install/urg_node/lib/urg_node/urg_node_driver" to ""
[8.140s] -- Installing: /root/researchv2/install/urg_node/lib/liburg_node.so
[8.144s] -- Set runtime path of "/root/researchv2/install/urg_node/lib/liburg_node.so" to ""
[8.144s] -- Installing: /root/researchv2/install/urg_node/lib/urg_node/getID
[8.145s] -- Set runtime path of "/root/researchv2/install/urg_node/lib/urg_node/getID" to ""
[8.145s] -- Installing: /root/researchv2/install/urg_node/include
[8.145s] -- Installing: /root/researchv2/install/urg_node/include/urg_node
[8.145s] -- Installing: /root/researchv2/install/urg_node/include/urg_node/urg_node.hpp
[8.145s] -- Installing: /root/researchv2/install/urg_node/include/urg_node/urg_c_wrapper.hpp
[8.146s] -- Installing: /root/researchv2/install/urg_node/lib/urg_node/set_urg_ip.py
[8.146s] -- Installing: /root/researchv2/install/urg_node/share/urg_node/launch
[8.146s] -- Installing: /root/researchv2/install/urg_node/share/urg_node/launch/urg_node_ethernet.yaml
[8.146s] -- Installing: /root/researchv2/install/urg_node/share/urg_node/launch/urg_node_serial.yaml
[8.146s] -- Installing: /root/researchv2/install/urg_node/share/urg_node/launch/hokuyo_laser.urdf
[8.147s] -- Installing: /root/researchv2/install/urg_node/share/urg_node/launch/urg_lidar.launch.xml
[8.147s] -- Installing: /root/researchv2/install/urg_node/share/urg_node/launch/urg_node_launch.py
[8.147s] -- Installing: /root/researchv2/install/urg_node/share/urg_node/environment/library_path.sh
[8.147s] -- Installing: /root/researchv2/install/urg_node/share/urg_node/environment/library_path.dsv
[8.147s] -- Installing: /root/researchv2/install/urg_node/share/ament_index/resource_index/package_run_dependencies/urg_node
[8.147s] -- Installing: /root/researchv2/install/urg_node/share/ament_index/resource_index/parent_prefix_path/urg_node
[8.148s] -- Installing: /root/researchv2/install/urg_node/share/urg_node/environment/ament_prefix_path.sh
[8.148s] -- Installing: /root/researchv2/install/urg_node/share/urg_node/environment/ament_prefix_path.dsv
[8.148s] -- Installing: /root/researchv2/install/urg_node/share/urg_node/environment/path.sh
[8.148s] -- Installing: /root/researchv2/install/urg_node/share/urg_node/environment/path.dsv
[8.148s] -- Installing: /root/researchv2/install/urg_node/share/urg_node/local_setup.bash
[8.149s] -- Installing: /root/researchv2/install/urg_node/share/urg_node/local_setup.sh
[8.149s] -- Installing: /root/researchv2/install/urg_node/share/urg_node/local_setup.zsh
[8.149s] -- Installing: /root/researchv2/install/urg_node/share/urg_node/local_setup.dsv
[8.149s] -- Installing: /root/researchv2/install/urg_node/share/urg_node/package.dsv
[8.149s] -- Installing: /root/researchv2/install/urg_node/share/ament_index/resource_index/packages/urg_node
[8.150s] -- Installing: /root/researchv2/install/urg_node/share/ament_index/resource_index/rclcpp_components/urg_node
[8.150s] -- Installing: /root/researchv2/install/urg_node/share/urg_node/cmake/ament_cmake_export_dependencies-extras.cmake
[8.150s] -- Installing: /root/researchv2/install/urg_node/share/urg_node/cmake/ament_cmake_export_include_directories-extras.cmake
[8.150s] -- Installing: /root/researchv2/install/urg_node/share/urg_node/cmake/ament_cmake_export_libraries-extras.cmake
[8.150s] -- Installing: /root/researchv2/install/urg_node/share/urg_node/cmake/urg_nodeConfig.cmake
[8.151s] -- Installing: /root/researchv2/install/urg_node/share/urg_node/cmake/urg_nodeConfig-version.cmake
[8.151s] -- Installing: /root/researchv2/install/urg_node/share/urg_node/package.xml
[8.155s] Invoked command in '/root/researchv2/build/urg_node' returned '0': AMENT_PREFIX_PATH=/root/researchv2/install/urg_node_msgs:${AMENT_PREFIX_PATH} CMAKE_PREFIX_PATH=/root/researchv2/install/urg_node_msgs:/root/researchv2/install/mymsg:/root/researchv2/install/chaser_system:/opt/ros/foxy LD_LIBRARY_PATH=/root/researchv2/install/urg_node_msgs/lib:${LD_LIBRARY_PATH} PYTHONPATH=/root/researchv2/install/urg_node_msgs/lib/python3.8/site-packages:${PYTHONPATH} /usr/bin/cmake --install /root/researchv2/build/urg_node
