[0.457s] Invoking command in '/root/researchv2/build/mymsg': CMAKE_PREFIX_PATH=${CMAKE_PREFIX_PATH}:/root/researchv2/install/chaser_system:/root/openpifpaf_ros2/install/rgbd_openpifpaf_ros2:/root/openpifpaf_ros2/install/pose_checker:/root/openpifpaf_ros2/install/openpifpaf_ros2_node:/opt/ros/foxy _=/usr/bin/env /usr/bin/cmake --build /root/researchv2/build/mymsg -- -j12 -l12
[0.562s] [  1%] Built target mymsg__cpp
[0.573s] [ 12%] Built target mymsg__rosidl_generator_c
[0.616s] [ 33%] Built target mymsg__rosidl_typesupport_cpp
[0.616s] [ 34%] Built target mymsg__rosidl_typesupport_introspection_cpp
[0.628s] [ 57%] Built target mymsg__rosidl_typesupport_c
[0.628s] [ 57%] Built target mymsg__rosidl_typesupport_fastrtps_cpp
[0.629s] [ 68%] Built target mymsg__rosidl_typesupport_introspection_c
[0.687s] [ 79%] Built target mymsg__rosidl_typesupport_fastrtps_c
[0.723s] [ 79%] Built target mymsg
[0.763s] [ 80%] Built target mymsg__py
[0.816s] [ 90%] Built target mymsg__python
[0.868s] [ 93%] Built target mymsg__rosidl_typesupport_introspection_c__pyext
[0.869s] [100%] Built target mymsg__rosidl_typesupport_fastrtps_c__pyext
[0.869s] [100%] Built target mymsg__rosidl_typesupport_c__pyext
[0.890s] Invoked command in '/root/researchv2/build/mymsg' returned '0': CMAKE_PREFIX_PATH=${CMAKE_PREFIX_PATH}:/root/researchv2/install/chaser_system:/root/openpifpaf_ros2/install/rgbd_openpifpaf_ros2:/root/openpifpaf_ros2/install/pose_checker:/root/openpifpaf_ros2/install/openpifpaf_ros2_node:/opt/ros/foxy _=/usr/bin/env /usr/bin/cmake --build /root/researchv2/build/mymsg -- -j12 -l12
[1.261s] Invoking command in '/root/researchv2/build/mymsg': CMAKE_PREFIX_PATH=${CMAKE_PREFIX_PATH}:/root/researchv2/install/chaser_system:/root/openpifpaf_ros2/install/rgbd_openpifpaf_ros2:/root/openpifpaf_ros2/install/pose_checker:/root/openpifpaf_ros2/install/openpifpaf_ros2_node:/opt/ros/foxy _=/usr/bin/env /usr/bin/cmake --install /root/researchv2/build/mymsg
[1.276s] -- Install configuration: ""
[1.277s] -- Up-to-date: /root/researchv2/install/mymsg/share/ament_index/resource_index/rosidl_interfaces/mymsg
[1.277s] -- Up-to-date: /root/researchv2/install/mymsg/include/mymsg
[1.278s] -- Up-to-date: /root/researchv2/install/mymsg/include/mymsg/srv
[1.278s] -- Up-to-date: /root/researchv2/install/mymsg/include/mymsg/srv/imagedata.h
[1.278s] -- Up-to-date: /root/researchv2/install/mymsg/include/mymsg/srv/detail
[1.278s] -- Up-to-date: /root/researchv2/install/mymsg/include/mymsg/srv/detail/imagedata__functions.c
[1.278s] -- Up-to-date: /root/researchv2/install/mymsg/include/mymsg/srv/detail/imagedata__functions.h
[1.279s] -- Up-to-date: /root/researchv2/install/mymsg/include/mymsg/srv/detail/imagedata__struct.h
[1.279s] -- Up-to-date: /root/researchv2/install/mymsg/include/mymsg/srv/detail/imagedata__type_support.h
[1.279s] -- Up-to-date: /root/researchv2/install/mymsg/include/mymsg/msg
[1.279s] -- Up-to-date: /root/researchv2/install/mymsg/include/mymsg/msg/multi_transform.h
[1.279s] -- Up-to-date: /root/researchv2/install/mymsg/include/mymsg/msg/rosidl_generator_c__visibility_control.h
[1.280s] -- Up-to-date: /root/researchv2/install/mymsg/include/mymsg/msg/poses.h
[1.280s] -- Up-to-date: /root/researchv2/install/mymsg/include/mymsg/msg/detail
[1.280s] -- Up-to-date: /root/researchv2/install/mymsg/include/mymsg/msg/detail/multi_transform__type_support.h
[1.280s] -- Up-to-date: /root/researchv2/install/mymsg/include/mymsg/msg/detail/pose__functions.h
[1.280s] -- Up-to-date: /root/researchv2/install/mymsg/include/mymsg/msg/detail/multi_transform__functions.h
[1.281s] -- Up-to-date: /root/researchv2/install/mymsg/include/mymsg/msg/detail/transform__functions.c
[1.281s] -- Up-to-date: /root/researchv2/install/mymsg/include/mymsg/msg/detail/pose__struct.h
[1.281s] -- Up-to-date: /root/researchv2/install/mymsg/include/mymsg/msg/detail/multi_transform__struct.h
[1.282s] -- Up-to-date: /root/researchv2/install/mymsg/include/mymsg/msg/detail/pose__type_support.h
[1.282s] -- Up-to-date: /root/researchv2/install/mymsg/include/mymsg/msg/detail/poses__type_support.h
[1.282s] -- Up-to-date: /root/researchv2/install/mymsg/include/mymsg/msg/detail/transform__type_support.h
[1.282s] -- Up-to-date: /root/researchv2/install/mymsg/include/mymsg/msg/detail/transform__struct.h
[1.283s] -- Up-to-date: /root/researchv2/install/mymsg/include/mymsg/msg/detail/poses__functions.c
[1.283s] -- Up-to-date: /root/researchv2/install/mymsg/include/mymsg/msg/detail/multi_transform__functions.c
[1.283s] -- Up-to-date: /root/researchv2/install/mymsg/include/mymsg/msg/detail/transform__functions.h
[1.283s] -- Up-to-date: /root/researchv2/install/mymsg/include/mymsg/msg/detail/poses__struct.h
[1.284s] -- Up-to-date: /root/researchv2/install/mymsg/include/mymsg/msg/detail/pose__functions.c
[1.284s] -- Up-to-date: /root/researchv2/install/mymsg/include/mymsg/msg/detail/poses__functions.h
[1.284s] -- Up-to-date: /root/researchv2/install/mymsg/include/mymsg/msg/transform.h
[1.285s] -- Up-to-date: /root/researchv2/install/mymsg/include/mymsg/msg/pose.h
[1.285s] -- Up-to-date: /root/researchv2/install/mymsg/share/mymsg/environment/library_path.sh
[1.285s] -- Up-to-date: /root/researchv2/install/mymsg/share/mymsg/environment/library_path.dsv
[1.285s] -- Up-to-date: /root/researchv2/install/mymsg/lib/libmymsg__rosidl_generator_c.so
[1.286s] -- Up-to-date: /root/researchv2/install/mymsg/include/mymsg
[1.286s] -- Up-to-date: /root/researchv2/install/mymsg/include/mymsg/srv
[1.286s] -- Up-to-date: /root/researchv2/install/mymsg/include/mymsg/srv/detail
[1.287s] -- Up-to-date: /root/researchv2/install/mymsg/include/mymsg/srv/detail/imagedata__rosidl_typesupport_fastrtps_c.h
[1.287s] -- Up-to-date: /root/researchv2/install/mymsg/include/mymsg/msg
[1.287s] -- Up-to-date: /root/researchv2/install/mymsg/include/mymsg/msg/detail
[1.288s] -- Up-to-date: /root/researchv2/install/mymsg/include/mymsg/msg/detail/poses__rosidl_typesupport_fastrtps_c.h
[1.288s] -- Up-to-date: /root/researchv2/install/mymsg/include/mymsg/msg/detail/multi_transform__rosidl_typesupport_fastrtps_c.h
[1.289s] -- Up-to-date: /root/researchv2/install/mymsg/include/mymsg/msg/detail/transform__rosidl_typesupport_fastrtps_c.h
[1.289s] -- Up-to-date: /root/researchv2/install/mymsg/include/mymsg/msg/detail/pose__rosidl_typesupport_fastrtps_c.h
[1.289s] -- Up-to-date: /root/researchv2/install/mymsg/include/mymsg/msg/rosidl_typesupport_fastrtps_c__visibility_control.h
[1.289s] -- Up-to-date: /root/researchv2/install/mymsg/lib/libmymsg__rosidl_typesupport_fastrtps_c.so
[1.289s] -- Up-to-date: /root/researchv2/install/mymsg/include/mymsg
[1.290s] -- Up-to-date: /root/researchv2/install/mymsg/include/mymsg/srv
[1.290s] -- Up-to-date: /root/researchv2/install/mymsg/include/mymsg/srv/detail
[1.290s] -- Up-to-date: /root/researchv2/install/mymsg/include/mymsg/srv/detail/imagedata__rosidl_typesupport_fastrtps_cpp.hpp
[1.290s] -- Up-to-date: /root/researchv2/install/mymsg/include/mymsg/srv/detail/dds_fastrtps
[1.290s] -- Up-to-date: /root/researchv2/install/mymsg/include/mymsg/msg
[1.291s] -- Up-to-date: /root/researchv2/install/mymsg/include/mymsg/msg/detail
[1.291s] -- Up-to-date: /root/researchv2/install/mymsg/include/mymsg/msg/detail/multi_transform__rosidl_typesupport_fastrtps_cpp.hpp
[1.291s] -- Up-to-date: /root/researchv2/install/mymsg/include/mymsg/msg/detail/pose__rosidl_typesupport_fastrtps_cpp.hpp
[1.291s] -- Up-to-date: /root/researchv2/install/mymsg/include/mymsg/msg/detail/transform__rosidl_typesupport_fastrtps_cpp.hpp
[1.292s] -- Up-to-date: /root/researchv2/install/mymsg/include/mymsg/msg/detail/poses__rosidl_typesupport_fastrtps_cpp.hpp
[1.292s] -- Up-to-date: /root/researchv2/install/mymsg/include/mymsg/msg/detail/dds_fastrtps
[1.292s] -- Up-to-date: /root/researchv2/install/mymsg/include/mymsg/msg/rosidl_typesupport_fastrtps_cpp__visibility_control.h
[1.292s] -- Up-to-date: /root/researchv2/install/mymsg/lib/libmymsg__rosidl_typesupport_fastrtps_cpp.so
[1.292s] -- Up-to-date: /root/researchv2/install/mymsg/include/mymsg
[1.293s] -- Up-to-date: /root/researchv2/install/mymsg/include/mymsg/srv
[1.293s] -- Up-to-date: /root/researchv2/install/mymsg/include/mymsg/srv/detail
[1.293s] -- Up-to-date: /root/researchv2/install/mymsg/include/mymsg/srv/detail/imagedata__type_support.c
[1.293s] -- Up-to-date: /root/researchv2/install/mymsg/include/mymsg/srv/detail/imagedata__rosidl_typesupport_introspection_c.h
[1.293s] -- Up-to-date: /root/researchv2/install/mymsg/include/mymsg/msg
[1.294s] -- Up-to-date: /root/researchv2/install/mymsg/include/mymsg/msg/detail
[1.294s] -- Up-to-date: /root/researchv2/install/mymsg/include/mymsg/msg/detail/pose__rosidl_typesupport_introspection_c.h
[1.294s] -- Up-to-date: /root/researchv2/install/mymsg/include/mymsg/msg/detail/transform__type_support.c
[1.294s] -- Up-to-date: /root/researchv2/install/mymsg/include/mymsg/msg/detail/multi_transform__rosidl_typesupport_introspection_c.h
[1.294s] -- Up-to-date: /root/researchv2/install/mymsg/include/mymsg/msg/detail/transform__rosidl_typesupport_introspection_c.h
[1.294s] -- Up-to-date: /root/researchv2/install/mymsg/include/mymsg/msg/detail/multi_transform__type_support.c
[1.295s] -- Up-to-date: /root/researchv2/install/mymsg/include/mymsg/msg/detail/poses__type_support.c
[1.295s] -- Up-to-date: /root/researchv2/install/mymsg/include/mymsg/msg/detail/pose__type_support.c
[1.295s] -- Up-to-date: /root/researchv2/install/mymsg/include/mymsg/msg/detail/poses__rosidl_typesupport_introspection_c.h
[1.295s] -- Up-to-date: /root/researchv2/install/mymsg/include/mymsg/msg/rosidl_typesupport_introspection_c__visibility_control.h
[1.295s] -- Up-to-date: /root/researchv2/install/mymsg/lib/libmymsg__rosidl_typesupport_introspection_c.so
[1.295s] -- Up-to-date: /root/researchv2/install/mymsg/lib/libmymsg__rosidl_typesupport_c.so
[1.296s] -- Up-to-date: /root/researchv2/install/mymsg/include/mymsg
[1.296s] -- Up-to-date: /root/researchv2/install/mymsg/include/mymsg/srv
[1.296s] -- Up-to-date: /root/researchv2/install/mymsg/include/mymsg/srv/detail
[1.296s] -- Up-to-date: /root/researchv2/install/mymsg/include/mymsg/srv/detail/imagedata__traits.hpp
[1.296s] -- Up-to-date: /root/researchv2/install/mymsg/include/mymsg/srv/detail/imagedata__builder.hpp
[1.296s] -- Up-to-date: /root/researchv2/install/mymsg/include/mymsg/srv/detail/imagedata__struct.hpp
[1.297s] -- Up-to-date: /root/researchv2/install/mymsg/include/mymsg/srv/imagedata.hpp
[1.297s] -- Up-to-date: /root/researchv2/install/mymsg/include/mymsg/msg
[1.297s] -- Up-to-date: /root/researchv2/install/mymsg/include/mymsg/msg/multi_transform.hpp
[1.297s] -- Up-to-date: /root/researchv2/install/mymsg/include/mymsg/msg/transform.hpp
[1.297s] -- Up-to-date: /root/researchv2/install/mymsg/include/mymsg/msg/detail
[1.297s] -- Up-to-date: /root/researchv2/install/mymsg/include/mymsg/msg/detail/poses__struct.hpp
[1.298s] -- Up-to-date: /root/researchv2/install/mymsg/include/mymsg/msg/detail/multi_transform__struct.hpp
[1.298s] -- Up-to-date: /root/researchv2/install/mymsg/include/mymsg/msg/detail/multi_transform__traits.hpp
[1.298s] -- Up-to-date: /root/researchv2/install/mymsg/include/mymsg/msg/detail/poses__builder.hpp
[1.298s] -- Up-to-date: /root/researchv2/install/mymsg/include/mymsg/msg/detail/transform__struct.hpp
[1.298s] -- Up-to-date: /root/researchv2/install/mymsg/include/mymsg/msg/detail/pose__struct.hpp
[1.299s] -- Up-to-date: /root/researchv2/install/mymsg/include/mymsg/msg/detail/pose__traits.hpp
[1.299s] -- Up-to-date: /root/researchv2/install/mymsg/include/mymsg/msg/detail/transform__traits.hpp
[1.299s] -- Up-to-date: /root/researchv2/install/mymsg/include/mymsg/msg/detail/poses__traits.hpp
[1.299s] -- Up-to-date: /root/researchv2/install/mymsg/include/mymsg/msg/detail/transform__builder.hpp
[1.299s] -- Up-to-date: /root/researchv2/install/mymsg/include/mymsg/msg/detail/multi_transform__builder.hpp
[1.299s] -- Up-to-date: /root/researchv2/install/mymsg/include/mymsg/msg/detail/pose__builder.hpp
[1.299s] -- Up-to-date: /root/researchv2/install/mymsg/include/mymsg/msg/pose.hpp
[1.300s] -- Up-to-date: /root/researchv2/install/mymsg/include/mymsg/msg/poses.hpp
[1.300s] -- Up-to-date: /root/researchv2/install/mymsg/include/mymsg
[1.300s] -- Up-to-date: /root/researchv2/install/mymsg/include/mymsg/srv
[1.300s] -- Up-to-date: /root/researchv2/install/mymsg/include/mymsg/srv/detail
[1.300s] -- Up-to-date: /root/researchv2/install/mymsg/include/mymsg/srv/detail/imagedata__rosidl_typesupport_introspection_cpp.hpp
[1.300s] -- Up-to-date: /root/researchv2/install/mymsg/include/mymsg/srv/detail/imagedata__type_support.cpp
[1.301s] -- Up-to-date: /root/researchv2/install/mymsg/include/mymsg/msg
[1.301s] -- Up-to-date: /root/researchv2/install/mymsg/include/mymsg/msg/detail
[1.301s] -- Up-to-date: /root/researchv2/install/mymsg/include/mymsg/msg/detail/poses__type_support.cpp
[1.301s] -- Up-to-date: /root/researchv2/install/mymsg/include/mymsg/msg/detail/multi_transform__type_support.cpp
[1.301s] -- Up-to-date: /root/researchv2/install/mymsg/include/mymsg/msg/detail/transform__type_support.cpp
[1.301s] -- Up-to-date: /root/researchv2/install/mymsg/include/mymsg/msg/detail/pose__type_support.cpp
[1.302s] -- Up-to-date: /root/researchv2/install/mymsg/include/mymsg/msg/detail/multi_transform__rosidl_typesupport_introspection_cpp.hpp
[1.302s] -- Up-to-date: /root/researchv2/install/mymsg/include/mymsg/msg/detail/pose__rosidl_typesupport_introspection_cpp.hpp
[1.302s] -- Up-to-date: /root/researchv2/install/mymsg/include/mymsg/msg/detail/transform__rosidl_typesupport_introspection_cpp.hpp
[1.302s] -- Up-to-date: /root/researchv2/install/mymsg/include/mymsg/msg/detail/poses__rosidl_typesupport_introspection_cpp.hpp
[1.302s] -- Up-to-date: /root/researchv2/install/mymsg/lib/libmymsg__rosidl_typesupport_introspection_cpp.so
[1.302s] -- Up-to-date: /root/researchv2/install/mymsg/lib/libmymsg__rosidl_typesupport_cpp.so
[1.303s] -- Up-to-date: /root/researchv2/install/mymsg/share/mymsg/environment/pythonpath.sh
[1.303s] -- Up-to-date: /root/researchv2/install/mymsg/share/mymsg/environment/pythonpath.dsv
[1.303s] -- Up-to-date: /root/researchv2/install/mymsg/lib/python3.8/site-packages/mymsg/__init__.py
[1.364s] -- Up-to-date: /root/researchv2/install/mymsg/lib/python3.8/site-packages/mymsg/msg
[1.364s] -- Up-to-date: /root/researchv2/install/mymsg/lib/python3.8/site-packages/mymsg/msg/_transform_s.c
[1.365s] -- Up-to-date: /root/researchv2/install/mymsg/lib/python3.8/site-packages/mymsg/msg/_multi_transform_s.c
[1.365s] -- Up-to-date: /root/researchv2/install/mymsg/lib/python3.8/site-packages/mymsg/msg/_pose_s.c
[1.365s] -- Up-to-date: /root/researchv2/install/mymsg/lib/python3.8/site-packages/mymsg/msg/_transform.py
[1.365s] -- Up-to-date: /root/researchv2/install/mymsg/lib/python3.8/site-packages/mymsg/msg/_poses_s.c
[1.365s] -- Up-to-date: /root/researchv2/install/mymsg/lib/python3.8/site-packages/mymsg/msg/_poses.py
[1.365s] -- Up-to-date: /root/researchv2/install/mymsg/lib/python3.8/site-packages/mymsg/msg/__init__.py
[1.366s] -- Up-to-date: /root/researchv2/install/mymsg/lib/python3.8/site-packages/mymsg/msg/_pose.py
[1.366s] -- Up-to-date: /root/researchv2/install/mymsg/lib/python3.8/site-packages/mymsg/msg/_multi_transform.py
[1.366s] -- Up-to-date: /root/researchv2/install/mymsg/lib/python3.8/site-packages/mymsg/srv
[1.366s] -- Up-to-date: /root/researchv2/install/mymsg/lib/python3.8/site-packages/mymsg/srv/_imagedata_s.c
[1.366s] -- Up-to-date: /root/researchv2/install/mymsg/lib/python3.8/site-packages/mymsg/srv/_imagedata.py
[1.366s] -- Up-to-date: /root/researchv2/install/mymsg/lib/python3.8/site-packages/mymsg/srv/__init__.py
[1.367s] -- Up-to-date: /root/researchv2/install/mymsg/lib/python3.8/site-packages/mymsg/mymsg_s__rosidl_typesupport_fastrtps_c.cpython-38-x86_64-linux-gnu.so
[1.367s] -- Up-to-date: /root/researchv2/install/mymsg/lib/python3.8/site-packages/mymsg/mymsg_s__rosidl_typesupport_introspection_c.cpython-38-x86_64-linux-gnu.so
[1.367s] -- Up-to-date: /root/researchv2/install/mymsg/lib/python3.8/site-packages/mymsg/mymsg_s__rosidl_typesupport_c.cpython-38-x86_64-linux-gnu.so
[1.368s] -- Up-to-date: /root/researchv2/install/mymsg/lib/libmymsg__python.so
[1.369s] -- Up-to-date: /root/researchv2/install/mymsg/share/mymsg/msg/Pose.idl
[1.369s] -- Up-to-date: /root/researchv2/install/mymsg/share/mymsg/msg/Poses.idl
[1.369s] -- Up-to-date: /root/researchv2/install/mymsg/share/mymsg/msg/Transform.idl
[1.369s] -- Up-to-date: /root/researchv2/install/mymsg/share/mymsg/msg/MultiTransform.idl
[1.370s] -- Up-to-date: /root/researchv2/install/mymsg/share/mymsg/srv/Imagedata.idl
[1.370s] -- Up-to-date: /root/researchv2/install/mymsg/share/mymsg/msg/Pose.msg
[1.370s] -- Up-to-date: /root/researchv2/install/mymsg/share/mymsg/msg/Poses.msg
[1.371s] -- Up-to-date: /root/researchv2/install/mymsg/share/mymsg/msg/Transform.msg
[1.371s] -- Up-to-date: /root/researchv2/install/mymsg/share/mymsg/msg/MultiTransform.msg
[1.371s] -- Up-to-date: /root/researchv2/install/mymsg/share/mymsg/srv/Imagedata.srv
[1.371s] -- Up-to-date: /root/researchv2/install/mymsg/share/mymsg/srv/Imagedata_Request.msg
[1.372s] -- Up-to-date: /root/researchv2/install/mymsg/share/mymsg/srv/Imagedata_Response.msg
[1.372s] -- Up-to-date: /root/researchv2/install/mymsg/share/ament_index/resource_index/package_run_dependencies/mymsg
[1.372s] -- Up-to-date: /root/researchv2/install/mymsg/share/ament_index/resource_index/parent_prefix_path/mymsg
[1.372s] -- Up-to-date: /root/researchv2/install/mymsg/share/mymsg/environment/ament_prefix_path.sh
[1.372s] -- Up-to-date: /root/researchv2/install/mymsg/share/mymsg/environment/ament_prefix_path.dsv
[1.373s] -- Up-to-date: /root/researchv2/install/mymsg/share/mymsg/environment/path.sh
[1.373s] -- Up-to-date: /root/researchv2/install/mymsg/share/mymsg/environment/path.dsv
[1.373s] -- Up-to-date: /root/researchv2/install/mymsg/share/mymsg/local_setup.bash
[1.373s] -- Up-to-date: /root/researchv2/install/mymsg/share/mymsg/local_setup.sh
[1.374s] -- Up-to-date: /root/researchv2/install/mymsg/share/mymsg/local_setup.zsh
[1.374s] -- Up-to-date: /root/researchv2/install/mymsg/share/mymsg/local_setup.dsv
[1.374s] -- Installing: /root/researchv2/install/mymsg/share/mymsg/package.dsv
[1.374s] -- Up-to-date: /root/researchv2/install/mymsg/share/ament_index/resource_index/packages/mymsg
[1.374s] -- Up-to-date: /root/researchv2/install/mymsg/share/mymsg/cmake/mymsg__rosidl_generator_cExport.cmake
[1.375s] -- Up-to-date: /root/researchv2/install/mymsg/share/mymsg/cmake/mymsg__rosidl_generator_cExport-noconfig.cmake
[1.375s] -- Up-to-date: /root/researchv2/install/mymsg/share/mymsg/cmake/mymsg__rosidl_typesupport_introspection_cExport.cmake
[1.375s] -- Up-to-date: /root/researchv2/install/mymsg/share/mymsg/cmake/mymsg__rosidl_typesupport_introspection_cExport-noconfig.cmake
[1.375s] -- Up-to-date: /root/researchv2/install/mymsg/share/mymsg/cmake/mymsg__rosidl_typesupport_cExport.cmake
[1.376s] -- Up-to-date: /root/researchv2/install/mymsg/share/mymsg/cmake/mymsg__rosidl_typesupport_cExport-noconfig.cmake
[1.376s] -- Up-to-date: /root/researchv2/install/mymsg/share/mymsg/cmake/mymsg__rosidl_generator_cppExport.cmake
[1.376s] -- Up-to-date: /root/researchv2/install/mymsg/share/mymsg/cmake/mymsg__rosidl_typesupport_introspection_cppExport.cmake
[1.376s] -- Up-to-date: /root/researchv2/install/mymsg/share/mymsg/cmake/mymsg__rosidl_typesupport_introspection_cppExport-noconfig.cmake
[1.376s] -- Up-to-date: /root/researchv2/install/mymsg/share/mymsg/cmake/mymsg__rosidl_typesupport_cppExport.cmake
[1.377s] -- Up-to-date: /root/researchv2/install/mymsg/share/mymsg/cmake/mymsg__rosidl_typesupport_cppExport-noconfig.cmake
[1.377s] -- Up-to-date: /root/researchv2/install/mymsg/share/mymsg/cmake/rosidl_cmake-extras.cmake
[1.377s] -- Up-to-date: /root/researchv2/install/mymsg/share/mymsg/cmake/ament_cmake_export_dependencies-extras.cmake
[1.377s] -- Up-to-date: /root/researchv2/install/mymsg/share/mymsg/cmake/ament_cmake_export_libraries-extras.cmake
[1.377s] -- Up-to-date: /root/researchv2/install/mymsg/share/mymsg/cmake/ament_cmake_export_targets-extras.cmake
[1.377s] -- Up-to-date: /root/researchv2/install/mymsg/share/mymsg/cmake/ament_cmake_export_include_directories-extras.cmake
[1.378s] -- Up-to-date: /root/researchv2/install/mymsg/share/mymsg/cmake/rosidl_cmake_export_typesupport_libraries-extras.cmake
[1.378s] -- Up-to-date: /root/researchv2/install/mymsg/share/mymsg/cmake/rosidl_cmake_export_typesupport_targets-extras.cmake
[1.378s] -- Up-to-date: /root/researchv2/install/mymsg/share/mymsg/cmake/mymsgConfig.cmake
[1.379s] -- Up-to-date: /root/researchv2/install/mymsg/share/mymsg/cmake/mymsgConfig-version.cmake
[1.379s] -- Up-to-date: /root/researchv2/install/mymsg/share/mymsg/package.xml
[1.381s] Invoked command in '/root/researchv2/build/mymsg' returned '0': CMAKE_PREFIX_PATH=${CMAKE_PREFIX_PATH}:/root/researchv2/install/chaser_system:/root/openpifpaf_ros2/install/rgbd_openpifpaf_ros2:/root/openpifpaf_ros2/install/pose_checker:/root/openpifpaf_ros2/install/openpifpaf_ros2_node:/opt/ros/foxy _=/usr/bin/env /usr/bin/cmake --install /root/researchv2/build/mymsg
