[0.060s] Invoking command in '/root/researchv2/build/turtlebot3_fake_node': CMAKE_PREFIX_PATH=/opt/ros/foxy /usr/bin/cmake --build /root/researchv2/build/turtlebot3_fake_node -- -j12 -l12
[0.144s] [100%] Built target turtlebot3_fake_node
[0.166s] Invoked command in '/root/researchv2/build/turtlebot3_fake_node' returned '0': CMAKE_PREFIX_PATH=/opt/ros/foxy /usr/bin/cmake --build /root/researchv2/build/turtlebot3_fake_node -- -j12 -l12
[0.230s] Invoking command in '/root/researchv2/build/turtlebot3_fake_node': CMAKE_PREFIX_PATH=/opt/ros/foxy /usr/bin/cmake --install /root/researchv2/build/turtlebot3_fake_node
[0.239s] -- Install configuration: ""
[0.240s] -- Execute custom install script
[0.240s] -- Up-to-date symlink: /root/researchv2/install/turtlebot3_fake_node/lib/turtlebot3_fake_node/turtlebot3_fake_node
[0.241s] -- Up-to-date symlink: /root/researchv2/install/turtlebot3_fake_node/share/turtlebot3_fake_node/launch/rviz2.launch.py
[0.241s] -- Up-to-date symlink: /root/researchv2/install/turtlebot3_fake_node/share/turtlebot3_fake_node/launch/turtlebot3_fake_node.launch.py
[0.241s] -- Up-to-date symlink: /root/researchv2/install/turtlebot3_fake_node/share/turtlebot3_fake_node/param/burger.yaml
[0.241s] -- Up-to-date symlink: /root/researchv2/install/turtlebot3_fake_node/share/turtlebot3_fake_node/param/waffle.yaml
[0.242s] -- Up-to-date symlink: /root/researchv2/install/turtlebot3_fake_node/share/turtlebot3_fake_node/param/waffle_pi.yaml
[0.242s] -- Up-to-date symlink: /root/researchv2/install/turtlebot3_fake_node/share/turtlebot3_fake_node/rviz/model.rviz
[0.242s] -- Up-to-date symlink: /root/researchv2/install/turtlebot3_fake_node/include//turtlebot3_fake_node/turtlebot3_fake_node.hpp
[0.243s] -- Up-to-date symlink: /root/researchv2/install/turtlebot3_fake_node/share/ament_index/resource_index/package_run_dependencies/turtlebot3_fake_node
[0.244s] -- Up-to-date symlink: /root/researchv2/install/turtlebot3_fake_node/share/ament_index/resource_index/parent_prefix_path/turtlebot3_fake_node
[0.247s] -- Up-to-date symlink: /root/researchv2/install/turtlebot3_fake_node/share/turtlebot3_fake_node/environment/ament_prefix_path.sh
[0.247s] -- Up-to-date symlink: /root/researchv2/install/turtlebot3_fake_node/share/turtlebot3_fake_node/environment/ament_prefix_path.dsv
[0.250s] -- Up-to-date symlink: /root/researchv2/install/turtlebot3_fake_node/share/turtlebot3_fake_node/environment/path.sh
[0.250s] -- Up-to-date symlink: /root/researchv2/install/turtlebot3_fake_node/share/turtlebot3_fake_node/environment/path.dsv
[0.250s] -- Up-to-date symlink: /root/researchv2/install/turtlebot3_fake_node/share/turtlebot3_fake_node/local_setup.bash
[0.250s] -- Up-to-date symlink: /root/researchv2/install/turtlebot3_fake_node/share/turtlebot3_fake_node/local_setup.sh
[0.250s] -- Up-to-date symlink: /root/researchv2/install/turtlebot3_fake_node/share/turtlebot3_fake_node/local_setup.zsh
[0.250s] -- Up-to-date symlink: /root/researchv2/install/turtlebot3_fake_node/share/turtlebot3_fake_node/local_setup.dsv
[0.250s] -- Symlinking: /root/researchv2/install/turtlebot3_fake_node/share/turtlebot3_fake_node/package.dsv
[0.258s] -- Up-to-date symlink: /root/researchv2/install/turtlebot3_fake_node/share/ament_index/resource_index/packages/turtlebot3_fake_node
[0.258s] -- Up-to-date symlink: /root/researchv2/install/turtlebot3_fake_node/share/turtlebot3_fake_node/cmake/ament_cmake_export_include_directories-extras.cmake
[0.259s] -- Up-to-date symlink: /root/researchv2/install/turtlebot3_fake_node/share/turtlebot3_fake_node/cmake/ament_cmake_export_dependencies-extras.cmake
[0.259s] -- Up-to-date symlink: /root/researchv2/install/turtlebot3_fake_node/share/turtlebot3_fake_node/cmake/turtlebot3_fake_nodeConfig.cmake
[0.259s] -- Up-to-date symlink: /root/researchv2/install/turtlebot3_fake_node/share/turtlebot3_fake_node/cmake/turtlebot3_fake_nodeConfig-version.cmake
[0.260s] -- Up-to-date symlink: /root/researchv2/install/turtlebot3_fake_node/share/turtlebot3_fake_node/package.xml
[0.263s] Invoked command in '/root/researchv2/build/turtlebot3_fake_node' returned '0': CMAKE_PREFIX_PATH=/opt/ros/foxy /usr/bin/cmake --install /root/researchv2/build/turtlebot3_fake_node
