-- Found ament_cmake: 0.9.11 (/opt/ros/foxy/share/ament_cmake/cmake)
-- Using PYTHON_EXECUTABLE: /usr/bin/python3
-- Override CMake install command with custom implementation using symlinks instead of copying resources
-- Found diagnostic_updater: 2.0.8 (/opt/ros/foxy/share/diagnostic_updater/cmake)
-- Using all available rosidl_typesupport_c: rosidl_typesupport_fastrtps_c;rosidl_typesupport_introspection_c
-- Found rosidl_adapter: 1.3.0 (/opt/ros/foxy/share/rosidl_adapter/cmake)
-- Using all available rosidl_typesupport_cpp: rosidl_typesupport_fastrtps_cpp;rosidl_typesupport_introspection_cpp
-- Found rmw_implementation_cmake: 1.0.3 (/opt/ros/foxy/share/rmw_implementation_cmake/cmake)
-- Using RMW implementation 'rmw_fastrtps_cpp' as default
-- Found laser_proc: 1.0.2 (/opt/ros/foxy/share/laser_proc/cmake)
-- Found rclcpp_components: 2.4.2 (/opt/ros/foxy/share/rclcpp_components/cmake)
-- Found std_srvs: 2.0.5 (/opt/ros/foxy/share/std_srvs/cmake)
-- Found urg_c: 1.0.4001 (/opt/ros/foxy/share/urg_c/cmake)
-- Found urg_node_msgs: 1.0.1 (/root/researchv2/install/urg_node_msgs/share/urg_node_msgs/cmake)
-- Found ament_lint_auto: 0.9.7 (/opt/ros/foxy/share/ament_lint_auto/cmake)
-- Added test 'cppcheck' to perform static code analysis on C / C++ code
-- Configured cppcheck include dirs: $<BUILD_INTERFACE:/root/researchv2/src/urg_node/include>
-- Configured cppcheck exclude dirs and/or files: 
-- Added test 'cpplint' to check C / C++ code against the Google style
-- Configured cpplint exclude dirs and/or files: 
-- Added test 'flake8' to check Python code syntax and style conventions
-- Added test 'lint_cmake' to check CMake code style
-- Added test 'pep257' to check Python code against some of the style conventions in PEP 257
-- Added test 'uncrustify' to check C / C++ code style
-- Configured uncrustify additional arguments: 
-- Added test 'xmllint' to check XML markup files
-- Configuring done
-- Generating done
-- Build files have been written to: /root/researchv2/build/urg_node
[ 28%] Built target urg_node_driver
[ 71%] Built target urg_node
[100%] Built target getID
-- Install configuration: ""
-- Execute custom install script
-- Up-to-date symlink: /root/researchv2/install/urg_node/lib/urg_node/urg_node_driver
-- Up-to-date symlink: /root/researchv2/install/urg_node/lib/liburg_node.so
-- Up-to-date symlink: /root/researchv2/install/urg_node/lib/urg_node/getID
-- Up-to-date symlink: /root/researchv2/install/urg_node/include/urg_node/urg_c_wrapper.hpp
-- Up-to-date symlink: /root/researchv2/install/urg_node/include/urg_node/urg_node.hpp
-- Up-to-date symlink: /root/researchv2/install/urg_node/lib/urg_node/set_urg_ip.py
-- Up-to-date symlink: /root/researchv2/install/urg_node/share/urg_node/launch/hokuyo_laser.urdf
-- Up-to-date symlink: /root/researchv2/install/urg_node/share/urg_node/launch/urg_lidar.launch.xml
-- Up-to-date symlink: /root/researchv2/install/urg_node/share/urg_node/launch/urg_node_ethernet.yaml
-- Up-to-date symlink: /root/researchv2/install/urg_node/share/urg_node/launch/urg_node_launch.py
-- Up-to-date symlink: /root/researchv2/install/urg_node/share/urg_node/launch/urg_node_serial.yaml
-- Up-to-date symlink: /root/researchv2/install/urg_node/share/urg_node/environment/library_path.sh
-- Up-to-date symlink: /root/researchv2/install/urg_node/share/urg_node/environment/library_path.dsv
-- Up-to-date symlink: /root/researchv2/install/urg_node/share/ament_index/resource_index/package_run_dependencies/urg_node
-- Up-to-date symlink: /root/researchv2/install/urg_node/share/ament_index/resource_index/parent_prefix_path/urg_node
-- Up-to-date symlink: /root/researchv2/install/urg_node/share/urg_node/environment/ament_prefix_path.sh
-- Up-to-date symlink: /root/researchv2/install/urg_node/share/urg_node/environment/ament_prefix_path.dsv
-- Up-to-date symlink: /root/researchv2/install/urg_node/share/urg_node/environment/path.sh
-- Up-to-date symlink: /root/researchv2/install/urg_node/share/urg_node/environment/path.dsv
-- Up-to-date symlink: /root/researchv2/install/urg_node/share/urg_node/local_setup.bash
-- Up-to-date symlink: /root/researchv2/install/urg_node/share/urg_node/local_setup.sh
-- Up-to-date symlink: /root/researchv2/install/urg_node/share/urg_node/local_setup.zsh
-- Up-to-date symlink: /root/researchv2/install/urg_node/share/urg_node/local_setup.dsv
-- Symlinking: /root/researchv2/install/urg_node/share/urg_node/package.dsv
-- Up-to-date symlink: /root/researchv2/install/urg_node/share/ament_index/resource_index/packages/urg_node
-- Up-to-date symlink: /root/researchv2/install/urg_node/share/ament_index/resource_index/rclcpp_components/urg_node
-- Up-to-date symlink: /root/researchv2/install/urg_node/share/urg_node/cmake/ament_cmake_export_dependencies-extras.cmake
-- Up-to-date symlink: /root/researchv2/install/urg_node/share/urg_node/cmake/ament_cmake_export_include_directories-extras.cmake
-- Up-to-date symlink: /root/researchv2/install/urg_node/share/urg_node/cmake/ament_cmake_export_libraries-extras.cmake
-- Up-to-date symlink: /root/researchv2/install/urg_node/share/urg_node/cmake/urg_nodeConfig.cmake
-- Up-to-date symlink: /root/researchv2/install/urg_node/share/urg_node/cmake/urg_nodeConfig-version.cmake
-- Up-to-date symlink: /root/researchv2/install/urg_node/share/urg_node/package.xml
