[0.036s] Invoking command in '/root/researchv2/build/urg_node': CMAKE_PREFIX_PATH=/root/researchv2/install/urg_node_msgs:/root/researchv2/install/urg_node:/root/researchv2/install/turtlebot3_simulations:/root/researchv2/install/turtlebot3_gazebo:/root/researchv2/install/turtlebot3_fake_node:/root/researchv2/install/slam_toolbox:/root/researchv2/install/mymsg:/root/researchv2/install/chaser_system:/opt/ros/foxy LD_LIBRARY_PATH=/root/researchv2/install/urg_node_msgs/lib:/root/researchv2/install/urg_node/lib:/root/researchv2/install/slam_toolbox/lib:/root/researchv2/install/mymsg/lib:/usr/lib/x86_64-linux-gnu/gazebo-11/plugins:/opt/ros/foxy/opt/yaml_cpp_vendor/lib:/opt/ros/foxy/opt/rviz_ogre_vendor/lib:/opt/ros/foxy/lib/x86_64-linux-gnu:/opt/ros/foxy/lib:/usr/local/11.6.0/lib64:/usr/local/nvidia/lib:/usr/local/nvidia/lib64 /usr/bin/cmake /root/researchv2/src/urg_node -DCMAKE_INSTALL_PREFIX=/root/researchv2/install/urg_node
[0.064s] -- Found ament_cmake: 0.9.11 (/opt/ros/foxy/share/ament_cmake/cmake)
[0.125s] -- Using PYTHON_EXECUTABLE: /usr/bin/python3
[0.593s] -- Override CMake install command with custom implementation using symlinks instead of copying resources
[0.615s] -- Found diagnostic_updater: 2.0.8 (/opt/ros/foxy/share/diagnostic_updater/cmake)
[0.676s] -- Using all available rosidl_typesupport_c: rosidl_typesupport_fastrtps_c;rosidl_typesupport_introspection_c
[0.685s] -- Found rosidl_adapter: 1.3.0 (/opt/ros/foxy/share/rosidl_adapter/cmake)
[1.052s] -- Using all available rosidl_typesupport_cpp: rosidl_typesupport_fastrtps_cpp;rosidl_typesupport_introspection_cpp
[1.348s] -- Found rmw_implementation_cmake: 1.0.3 (/opt/ros/foxy/share/rmw_implementation_cmake/cmake)
[1.351s] -- Using RMW implementation 'rmw_fastrtps_cpp' as default
[1.694s] -- Found laser_proc: 1.0.2 (/opt/ros/foxy/share/laser_proc/cmake)
[1.984s] -- Found rclcpp_components: 2.4.2 (/opt/ros/foxy/share/rclcpp_components/cmake)
[2.122s] -- Found std_srvs: 2.0.5 (/opt/ros/foxy/share/std_srvs/cmake)
[2.144s] -- Found urg_c: 1.0.4001 (/opt/ros/foxy/share/urg_c/cmake)
[2.148s] -- Found urg_node_msgs: 1.0.1 (/root/researchv2/install/urg_node_msgs/share/urg_node_msgs/cmake)
[2.315s] -- Found ament_lint_auto: 0.9.7 (/opt/ros/foxy/share/ament_lint_auto/cmake)
[2.516s] -- Added test 'cppcheck' to perform static code analysis on C / C++ code
[2.516s] -- Configured cppcheck include dirs: $<BUILD_INTERFACE:/root/researchv2/src/urg_node/include>
[2.516s] -- Configured cppcheck exclude dirs and/or files: 
[2.524s] -- Added test 'cpplint' to check C / C++ code against the Google style
[2.524s] -- Configured cpplint exclude dirs and/or files: 
[2.525s] -- Added test 'flake8' to check Python code syntax and style conventions
[2.528s] -- Added test 'lint_cmake' to check CMake code style
[2.529s] -- Added test 'pep257' to check Python code against some of the style conventions in PEP 257
[2.538s] -- Added test 'uncrustify' to check C / C++ code style
[2.538s] -- Configured uncrustify additional arguments: 
[2.539s] -- Added test 'xmllint' to check XML markup files
[2.553s] -- Configuring done
[2.681s] -- Generating done
[2.686s] -- Build files have been written to: /root/researchv2/build/urg_node
[2.700s] Invoked command in '/root/researchv2/build/urg_node' returned '0': CMAKE_PREFIX_PATH=/root/researchv2/install/urg_node_msgs:/root/researchv2/install/urg_node:/root/researchv2/install/turtlebot3_simulations:/root/researchv2/install/turtlebot3_gazebo:/root/researchv2/install/turtlebot3_fake_node:/root/researchv2/install/slam_toolbox:/root/researchv2/install/mymsg:/root/researchv2/install/chaser_system:/opt/ros/foxy LD_LIBRARY_PATH=/root/researchv2/install/urg_node_msgs/lib:/root/researchv2/install/urg_node/lib:/root/researchv2/install/slam_toolbox/lib:/root/researchv2/install/mymsg/lib:/usr/lib/x86_64-linux-gnu/gazebo-11/plugins:/opt/ros/foxy/opt/yaml_cpp_vendor/lib:/opt/ros/foxy/opt/rviz_ogre_vendor/lib:/opt/ros/foxy/lib/x86_64-linux-gnu:/opt/ros/foxy/lib:/usr/local/11.6.0/lib64:/usr/local/nvidia/lib:/usr/local/nvidia/lib64 /usr/bin/cmake /root/researchv2/src/urg_node -DCMAKE_INSTALL_PREFIX=/root/researchv2/install/urg_node
[2.704s] Invoking command in '/root/researchv2/build/urg_node': CMAKE_PREFIX_PATH=/root/researchv2/install/urg_node_msgs:/root/researchv2/install/urg_node:/root/researchv2/install/turtlebot3_simulations:/root/researchv2/install/turtlebot3_gazebo:/root/researchv2/install/turtlebot3_fake_node:/root/researchv2/install/slam_toolbox:/root/researchv2/install/mymsg:/root/researchv2/install/chaser_system:/opt/ros/foxy LD_LIBRARY_PATH=/root/researchv2/install/urg_node_msgs/lib:/root/researchv2/install/urg_node/lib:/root/researchv2/install/slam_toolbox/lib:/root/researchv2/install/mymsg/lib:/usr/lib/x86_64-linux-gnu/gazebo-11/plugins:/opt/ros/foxy/opt/yaml_cpp_vendor/lib:/opt/ros/foxy/opt/rviz_ogre_vendor/lib:/opt/ros/foxy/lib/x86_64-linux-gnu:/opt/ros/foxy/lib:/usr/local/11.6.0/lib64:/usr/local/nvidia/lib:/usr/local/nvidia/lib64 /usr/bin/cmake --build /root/researchv2/build/urg_node -- -j12 -l12
[2.832s] [ 28%] Built target urg_node_driver
[2.838s] [ 71%] Built target urg_node
[2.904s] [100%] Built target getID
[2.925s] Invoked command in '/root/researchv2/build/urg_node' returned '0': CMAKE_PREFIX_PATH=/root/researchv2/install/urg_node_msgs:/root/researchv2/install/urg_node:/root/researchv2/install/turtlebot3_simulations:/root/researchv2/install/turtlebot3_gazebo:/root/researchv2/install/turtlebot3_fake_node:/root/researchv2/install/slam_toolbox:/root/researchv2/install/mymsg:/root/researchv2/install/chaser_system:/opt/ros/foxy LD_LIBRARY_PATH=/root/researchv2/install/urg_node_msgs/lib:/root/researchv2/install/urg_node/lib:/root/researchv2/install/slam_toolbox/lib:/root/researchv2/install/mymsg/lib:/usr/lib/x86_64-linux-gnu/gazebo-11/plugins:/opt/ros/foxy/opt/yaml_cpp_vendor/lib:/opt/ros/foxy/opt/rviz_ogre_vendor/lib:/opt/ros/foxy/lib/x86_64-linux-gnu:/opt/ros/foxy/lib:/usr/local/11.6.0/lib64:/usr/local/nvidia/lib:/usr/local/nvidia/lib64 /usr/bin/cmake --build /root/researchv2/build/urg_node -- -j12 -l12
[3.000s] Invoking command in '/root/researchv2/build/urg_node': CMAKE_PREFIX_PATH=/root/researchv2/install/urg_node_msgs:/root/researchv2/install/urg_node:/root/researchv2/install/turtlebot3_simulations:/root/researchv2/install/turtlebot3_gazebo:/root/researchv2/install/turtlebot3_fake_node:/root/researchv2/install/slam_toolbox:/root/researchv2/install/mymsg:/root/researchv2/install/chaser_system:/opt/ros/foxy LD_LIBRARY_PATH=/root/researchv2/install/urg_node_msgs/lib:/root/researchv2/install/urg_node/lib:/root/researchv2/install/slam_toolbox/lib:/root/researchv2/install/mymsg/lib:/usr/lib/x86_64-linux-gnu/gazebo-11/plugins:/opt/ros/foxy/opt/yaml_cpp_vendor/lib:/opt/ros/foxy/opt/rviz_ogre_vendor/lib:/opt/ros/foxy/lib/x86_64-linux-gnu:/opt/ros/foxy/lib:/usr/local/11.6.0/lib64:/usr/local/nvidia/lib:/usr/local/nvidia/lib64 /usr/bin/cmake --install /root/researchv2/build/urg_node
[3.013s] -- Install configuration: ""
[3.014s] -- Execute custom install script
[3.015s] -- Up-to-date symlink: /root/researchv2/install/urg_node/lib/urg_node/urg_node_driver
[3.015s] -- Up-to-date symlink: /root/researchv2/install/urg_node/lib/liburg_node.so
[3.016s] -- Up-to-date symlink: /root/researchv2/install/urg_node/lib/urg_node/getID
[3.017s] -- Up-to-date symlink: /root/researchv2/install/urg_node/include/urg_node/urg_c_wrapper.hpp
[3.017s] -- Up-to-date symlink: /root/researchv2/install/urg_node/include/urg_node/urg_node.hpp
[3.018s] -- Up-to-date symlink: /root/researchv2/install/urg_node/lib/urg_node/set_urg_ip.py
[3.019s] -- Up-to-date symlink: /root/researchv2/install/urg_node/share/urg_node/launch/hokuyo_laser.urdf
[3.019s] -- Up-to-date symlink: /root/researchv2/install/urg_node/share/urg_node/launch/urg_lidar.launch.xml
[3.020s] -- Up-to-date symlink: /root/researchv2/install/urg_node/share/urg_node/launch/urg_node_ethernet.yaml
[3.020s] -- Up-to-date symlink: /root/researchv2/install/urg_node/share/urg_node/launch/urg_node_launch.py
[3.020s] -- Up-to-date symlink: /root/researchv2/install/urg_node/share/urg_node/launch/urg_node_serial.yaml
[3.021s] -- Up-to-date symlink: /root/researchv2/install/urg_node/share/urg_node/environment/library_path.sh
[3.022s] -- Up-to-date symlink: /root/researchv2/install/urg_node/share/urg_node/environment/library_path.dsv
[3.022s] -- Up-to-date symlink: /root/researchv2/install/urg_node/share/ament_index/resource_index/package_run_dependencies/urg_node
[3.023s] -- Up-to-date symlink: /root/researchv2/install/urg_node/share/ament_index/resource_index/parent_prefix_path/urg_node
[3.023s] -- Up-to-date symlink: /root/researchv2/install/urg_node/share/urg_node/environment/ament_prefix_path.sh
[3.024s] -- Up-to-date symlink: /root/researchv2/install/urg_node/share/urg_node/environment/ament_prefix_path.dsv
[3.024s] -- Up-to-date symlink: /root/researchv2/install/urg_node/share/urg_node/environment/path.sh
[3.025s] -- Up-to-date symlink: /root/researchv2/install/urg_node/share/urg_node/environment/path.dsv
[3.025s] -- Up-to-date symlink: /root/researchv2/install/urg_node/share/urg_node/local_setup.bash
[3.026s] -- Up-to-date symlink: /root/researchv2/install/urg_node/share/urg_node/local_setup.sh
[3.027s] -- Up-to-date symlink: /root/researchv2/install/urg_node/share/urg_node/local_setup.zsh
[3.027s] -- Up-to-date symlink: /root/researchv2/install/urg_node/share/urg_node/local_setup.dsv
[3.028s] -- Symlinking: /root/researchv2/install/urg_node/share/urg_node/package.dsv
[3.043s] -- Up-to-date symlink: /root/researchv2/install/urg_node/share/ament_index/resource_index/packages/urg_node
[3.043s] -- Up-to-date symlink: /root/researchv2/install/urg_node/share/ament_index/resource_index/rclcpp_components/urg_node
[3.044s] -- Up-to-date symlink: /root/researchv2/install/urg_node/share/urg_node/cmake/ament_cmake_export_dependencies-extras.cmake
[3.044s] -- Up-to-date symlink: /root/researchv2/install/urg_node/share/urg_node/cmake/ament_cmake_export_include_directories-extras.cmake
[3.045s] -- Up-to-date symlink: /root/researchv2/install/urg_node/share/urg_node/cmake/ament_cmake_export_libraries-extras.cmake
[3.045s] -- Up-to-date symlink: /root/researchv2/install/urg_node/share/urg_node/cmake/urg_nodeConfig.cmake
[3.045s] -- Up-to-date symlink: /root/researchv2/install/urg_node/share/urg_node/cmake/urg_nodeConfig-version.cmake
[3.046s] -- Up-to-date symlink: /root/researchv2/install/urg_node/share/urg_node/package.xml
[3.054s] Invoked command in '/root/researchv2/build/urg_node' returned '0': CMAKE_PREFIX_PATH=/root/researchv2/install/urg_node_msgs:/root/researchv2/install/urg_node:/root/researchv2/install/turtlebot3_simulations:/root/researchv2/install/turtlebot3_gazebo:/root/researchv2/install/turtlebot3_fake_node:/root/researchv2/install/slam_toolbox:/root/researchv2/install/mymsg:/root/researchv2/install/chaser_system:/opt/ros/foxy LD_LIBRARY_PATH=/root/researchv2/install/urg_node_msgs/lib:/root/researchv2/install/urg_node/lib:/root/researchv2/install/slam_toolbox/lib:/root/researchv2/install/mymsg/lib:/usr/lib/x86_64-linux-gnu/gazebo-11/plugins:/opt/ros/foxy/opt/yaml_cpp_vendor/lib:/opt/ros/foxy/opt/rviz_ogre_vendor/lib:/opt/ros/foxy/lib/x86_64-linux-gnu:/opt/ros/foxy/lib:/usr/local/11.6.0/lib64:/usr/local/nvidia/lib:/usr/local/nvidia/lib64 /usr/bin/cmake --install /root/researchv2/build/urg_node
