[0.018s] Invoking command in '/root/researchv2/build/urg_node': CMAKE_PREFIX_PATH=${CMAKE_PREFIX_PATH}:/root/researchv2/install/chaser_system:/opt/ros/foxy /usr/bin/cmake /root/researchv2/src/urg_node -DCMAKE_INSTALL_PREFIX=/root/researchv2/install/urg_node
[0.082s] -- The C compiler identification is GNU 9.4.0
[0.140s] -- The CXX compiler identification is GNU 9.4.0
[0.144s] -- Check for working C compiler: /usr/bin/cc
[0.209s] -- Check for working C compiler: /usr/bin/cc -- works
[0.210s] -- Detecting C compiler ABI info
[0.280s] -- Detecting C compiler ABI info - done
[0.291s] -- Detecting C compile features
[0.292s] -- Detecting C compile features - done
[0.296s] -- Check for working CXX compiler: /usr/bin/c++
[0.371s] -- Check for working CXX compiler: /usr/bin/c++ -- works
[0.372s] -- Detecting CXX compiler ABI info
[0.448s] -- Detecting CXX compiler ABI info - done
[0.458s] -- Detecting CXX compile features
[0.458s] -- Detecting CXX compile features - done
[0.462s] -- Found ament_cmake: 0.9.11 (/opt/ros/foxy/share/ament_cmake/cmake)
[0.497s] -- Found PythonInterp: /usr/bin/python3 (found suitable version "3.8.10", minimum required is "3") 
[0.497s] -- Using PYTHON_EXECUTABLE: /usr/bin/python3
[0.756s] -- Found Boost: /usr/lib/x86_64-linux-gnu/cmake/Boost-1.71.0/BoostConfig.cmake (found version "1.71.0")  
[0.759s] -- Found diagnostic_updater: 2.0.8 (/opt/ros/foxy/share/diagnostic_updater/cmake)
[0.799s] -- Using all available rosidl_typesupport_c: rosidl_typesupport_fastrtps_c;rosidl_typesupport_introspection_c
[0.806s] -- Found rosidl_adapter: 1.3.0 (/opt/ros/foxy/share/rosidl_adapter/cmake)
[0.929s] -- Found OpenSSL: /usr/lib/x86_64-linux-gnu/libcrypto.so (found version "1.1.1f")  
[0.968s] -- Found FastRTPS: /opt/ros/foxy/include  
[1.067s] -- Using all available rosidl_typesupport_cpp: rosidl_typesupport_fastrtps_cpp;rosidl_typesupport_introspection_cpp
[1.228s] -- Found rmw_implementation_cmake: 1.0.3 (/opt/ros/foxy/share/rmw_implementation_cmake/cmake)
[1.231s] -- Using RMW implementation 'rmw_fastrtps_cpp' as default
[1.233s] -- Looking for pthread.h
[1.304s] -- Looking for pthread.h - found
[1.304s] -- Performing Test CMAKE_HAVE_LIBC_PTHREAD
[1.375s] -- Performing Test CMAKE_HAVE_LIBC_PTHREAD - Failed
[1.375s] -- Looking for pthread_create in pthreads
[1.434s] -- Looking for pthread_create in pthreads - not found
[1.434s] -- Looking for pthread_create in pthread
[1.505s] -- Looking for pthread_create in pthread - found
[1.507s] -- Found Threads: TRUE  
[1.710s] CMake Error at CMakeLists.txt:23 (find_package):
[1.710s]   By not providing "Findlaser_proc.cmake" in CMAKE_MODULE_PATH this project
[1.710s]   has asked CMake to find a package configuration file provided by
[1.711s]   "laser_proc", but CMake did not find one.
[1.711s] 
[1.711s]   Could not find a package configuration file provided by "laser_proc" with
[1.711s]   any of the following names:
[1.711s] 
[1.711s]     laser_procConfig.cmake
[1.711s]     laser_proc-config.cmake
[1.711s] 
[1.712s]   Add the installation prefix of "laser_proc" to CMAKE_PREFIX_PATH or set
[1.712s]   "laser_proc_DIR" to a directory containing one of the above files.  If
[1.712s]   "laser_proc" provides a separate development package or SDK, be sure it has
[1.712s]   been installed.
[1.712s] 
[1.712s] 
[1.713s] -- Configuring incomplete, errors occurred!
[1.713s] See also "/root/researchv2/build/urg_node/CMakeFiles/CMakeOutput.log".
[1.713s] See also "/root/researchv2/build/urg_node/CMakeFiles/CMakeError.log".
[1.720s] Invoked command in '/root/researchv2/build/urg_node' returned '1': CMAKE_PREFIX_PATH=${CMAKE_PREFIX_PATH}:/root/researchv2/install/chaser_system:/opt/ros/foxy /usr/bin/cmake /root/researchv2/src/urg_node -DCMAKE_INSTALL_PREFIX=/root/researchv2/install/urg_node
