[0.036s] Invoking command in '/root/researchv2/build/urg_node': AMENT_PREFIX_PATH=/root/researchv2/install/urg_node_msgs:${AMENT_PREFIX_PATH} CMAKE_PREFIX_PATH=/root/researchv2/install/urg_node_msgs:/root/researchv2/install/mymsg:/root/researchv2/install/chaser_system:/opt/ros/foxy LD_LIBRARY_PATH=/root/researchv2/install/urg_node_msgs/lib:${LD_LIBRARY_PATH} PYTHONPATH=/root/researchv2/install/urg_node_msgs/lib/python3.8/site-packages:${PYTHONPATH} /usr/bin/cmake --build /root/researchv2/build/urg_node -- -j12 -l12
[0.100s] [ 57%] Built target urg_node_driver
[0.100s] [ 71%] Built target urg_node
[0.134s] [100%] Built target getID
[0.146s] Invoked command in '/root/researchv2/build/urg_node' returned '0': AMENT_PREFIX_PATH=/root/researchv2/install/urg_node_msgs:${AMENT_PREFIX_PATH} CMAKE_PREFIX_PATH=/root/researchv2/install/urg_node_msgs:/root/researchv2/install/mymsg:/root/researchv2/install/chaser_system:/opt/ros/foxy LD_LIBRARY_PATH=/root/researchv2/install/urg_node_msgs/lib:${LD_LIBRARY_PATH} PYTHONPATH=/root/researchv2/install/urg_node_msgs/lib/python3.8/site-packages:${PYTHONPATH} /usr/bin/cmake --build /root/researchv2/build/urg_node -- -j12 -l12
[0.196s] Invoking command in '/root/researchv2/build/urg_node': AMENT_PREFIX_PATH=/root/researchv2/install/urg_node_msgs:${AMENT_PREFIX_PATH} CMAKE_PREFIX_PATH=/root/researchv2/install/urg_node_msgs:/root/researchv2/install/mymsg:/root/researchv2/install/chaser_system:/opt/ros/foxy LD_LIBRARY_PATH=/root/researchv2/install/urg_node_msgs/lib:${LD_LIBRARY_PATH} PYTHONPATH=/root/researchv2/install/urg_node_msgs/lib/python3.8/site-packages:${PYTHONPATH} /usr/bin/cmake --install /root/researchv2/build/urg_node
[0.206s] -- Install configuration: ""
[0.206s] -- Up-to-date: /root/researchv2/install/urg_node/lib/urg_node/urg_node_driver
[0.207s] -- Up-to-date: /root/researchv2/install/urg_node/lib/liburg_node.so
[0.207s] -- Up-to-date: /root/researchv2/install/urg_node/lib/urg_node/getID
[0.207s] -- Up-to-date: /root/researchv2/install/urg_node/include
[0.208s] -- Up-to-date: /root/researchv2/install/urg_node/include/urg_node
[0.208s] -- Up-to-date: /root/researchv2/install/urg_node/include/urg_node/urg_node.hpp
[0.208s] -- Up-to-date: /root/researchv2/install/urg_node/include/urg_node/urg_c_wrapper.hpp
[0.208s] -- Up-to-date: /root/researchv2/install/urg_node/lib/urg_node/set_urg_ip.py
[0.208s] -- Up-to-date: /root/researchv2/install/urg_node/share/urg_node/launch
[0.208s] -- Up-to-date: /root/researchv2/install/urg_node/share/urg_node/launch/urg_node_ethernet.yaml
[0.208s] -- Up-to-date: /root/researchv2/install/urg_node/share/urg_node/launch/urg_node_serial.yaml
[0.208s] -- Up-to-date: /root/researchv2/install/urg_node/share/urg_node/launch/hokuyo_laser.urdf
[0.208s] -- Up-to-date: /root/researchv2/install/urg_node/share/urg_node/launch/urg_lidar.launch.xml
[0.208s] -- Up-to-date: /root/researchv2/install/urg_node/share/urg_node/launch/urg_node_launch.py
[0.208s] -- Up-to-date: /root/researchv2/install/urg_node/share/urg_node/environment/library_path.sh
[0.209s] -- Up-to-date: /root/researchv2/install/urg_node/share/urg_node/environment/library_path.dsv
[0.209s] -- Up-to-date: /root/researchv2/install/urg_node/share/ament_index/resource_index/package_run_dependencies/urg_node
[0.209s] -- Up-to-date: /root/researchv2/install/urg_node/share/ament_index/resource_index/parent_prefix_path/urg_node
[0.209s] -- Up-to-date: /root/researchv2/install/urg_node/share/urg_node/environment/ament_prefix_path.sh
[0.209s] -- Up-to-date: /root/researchv2/install/urg_node/share/urg_node/environment/ament_prefix_path.dsv
[0.209s] -- Up-to-date: /root/researchv2/install/urg_node/share/urg_node/environment/path.sh
[0.209s] -- Up-to-date: /root/researchv2/install/urg_node/share/urg_node/environment/path.dsv
[0.209s] -- Up-to-date: /root/researchv2/install/urg_node/share/urg_node/local_setup.bash
[0.209s] -- Up-to-date: /root/researchv2/install/urg_node/share/urg_node/local_setup.sh
[0.209s] -- Up-to-date: /root/researchv2/install/urg_node/share/urg_node/local_setup.zsh
[0.209s] -- Up-to-date: /root/researchv2/install/urg_node/share/urg_node/local_setup.dsv
[0.209s] -- Installing: /root/researchv2/install/urg_node/share/urg_node/package.dsv
[0.209s] -- Up-to-date: /root/researchv2/install/urg_node/share/ament_index/resource_index/packages/urg_node
[0.209s] -- Up-to-date: /root/researchv2/install/urg_node/share/ament_index/resource_index/rclcpp_components/urg_node
[0.210s] -- Up-to-date: /root/researchv2/install/urg_node/share/urg_node/cmake/ament_cmake_export_dependencies-extras.cmake
[0.210s] -- Up-to-date: /root/researchv2/install/urg_node/share/urg_node/cmake/ament_cmake_export_include_directories-extras.cmake
[0.210s] -- Up-to-date: /root/researchv2/install/urg_node/share/urg_node/cmake/ament_cmake_export_libraries-extras.cmake
[0.210s] -- Up-to-date: /root/researchv2/install/urg_node/share/urg_node/cmake/urg_nodeConfig.cmake
[0.210s] -- Up-to-date: /root/researchv2/install/urg_node/share/urg_node/cmake/urg_nodeConfig-version.cmake
[0.210s] -- Up-to-date: /root/researchv2/install/urg_node/share/urg_node/package.xml
[0.443s] Invoked command in '/root/researchv2/build/urg_node' returned '0': AMENT_PREFIX_PATH=/root/researchv2/install/urg_node_msgs:${AMENT_PREFIX_PATH} CMAKE_PREFIX_PATH=/root/researchv2/install/urg_node_msgs:/root/researchv2/install/mymsg:/root/researchv2/install/chaser_system:/opt/ros/foxy LD_LIBRARY_PATH=/root/researchv2/install/urg_node_msgs/lib:${LD_LIBRARY_PATH} PYTHONPATH=/root/researchv2/install/urg_node_msgs/lib/python3.8/site-packages:${PYTHONPATH} /usr/bin/cmake --install /root/researchv2/build/urg_node
