[0.016s] Invoking command in '/root/researchv2/build/diagnostics': AMENT_PREFIX_PATH=/root/researchv2/install/self_test:/root/researchv2/install/diagnostic_updater:/root/researchv2/install/diagnostic_aggregator:${AMENT_PREFIX_PATH} CMAKE_PREFIX_PATH=/root/researchv2/install/self_test:/root/researchv2/install/diagnostic_updater:/root/researchv2/install/diagnostic_aggregator:/root/openpifpaf_ros2/install/realsense2_description:/root/openpifpaf_ros2/install/realsense2_camera:/root/openpifpaf_ros2/install/realsense2_camera_msgs:/root/openpifpaf_ros2/install/openpifpaf_ros2_msgs:/opt/ros/galactic:/root/openpifpaf_ros2/install/rgbd_openpifpaf_ros2:/root/openpifpaf_ros2/install/pose_checker:/root/openpifpaf_ros2/install/openpifpaf_ros2_node LD_LIBRARY_PATH=/root/researchv2/install/diagnostic_aggregator/lib:${LD_LIBRARY_PATH} PYTHONPATH=/root/researchv2/install/diagnostic_updater/lib/python3.8/site-packages:/root/researchv2/install/diagnostic_aggregator/lib/python3.8/site-packages:${PYTHONPATH} /usr/bin/cmake /root/researchv2/src/diagnostics/diagnostics -DCMAKE_INSTALL_PREFIX=/root/researchv2/install/diagnostics
[0.079s] -- The C compiler identification is GNU 9.4.0
[0.139s] -- The CXX compiler identification is GNU 9.4.0
[0.147s] -- Check for working C compiler: /usr/bin/cc
[0.233s] -- Check for working C compiler: /usr/bin/cc -- works
[0.234s] -- Detecting C compiler ABI info
[0.313s] -- Detecting C compiler ABI info - done
[0.325s] -- Detecting C compile features
[0.325s] -- Detecting C compile features - done
[0.328s] -- Check for working CXX compiler: /usr/bin/c++
[0.417s] -- Check for working CXX compiler: /usr/bin/c++ -- works
[0.418s] -- Detecting CXX compiler ABI info
[0.508s] -- Detecting CXX compiler ABI info - done
[0.520s] -- Detecting CXX compile features
[0.521s] -- Detecting CXX compile features - done
[0.524s] -- Found ament_cmake: 1.1.6 (/opt/ros/galactic/share/ament_cmake/cmake)
[0.557s] -- Found PythonInterp: /usr/bin/python3 (found suitable version "3.8.10", minimum required is "3") 
[0.557s] -- Using PYTHON_EXECUTABLE: /usr/bin/python3
[0.739s] -- Configuring done
[0.741s] -- Generating done
[0.742s] -- Build files have been written to: /root/researchv2/build/diagnostics
[0.746s] Invoked command in '/root/researchv2/build/diagnostics' returned '0': AMENT_PREFIX_PATH=/root/researchv2/install/self_test:/root/researchv2/install/diagnostic_updater:/root/researchv2/install/diagnostic_aggregator:${AMENT_PREFIX_PATH} CMAKE_PREFIX_PATH=/root/researchv2/install/self_test:/root/researchv2/install/diagnostic_updater:/root/researchv2/install/diagnostic_aggregator:/root/openpifpaf_ros2/install/realsense2_description:/root/openpifpaf_ros2/install/realsense2_camera:/root/openpifpaf_ros2/install/realsense2_camera_msgs:/root/openpifpaf_ros2/install/openpifpaf_ros2_msgs:/opt/ros/galactic:/root/openpifpaf_ros2/install/rgbd_openpifpaf_ros2:/root/openpifpaf_ros2/install/pose_checker:/root/openpifpaf_ros2/install/openpifpaf_ros2_node LD_LIBRARY_PATH=/root/researchv2/install/diagnostic_aggregator/lib:${LD_LIBRARY_PATH} PYTHONPATH=/root/researchv2/install/diagnostic_updater/lib/python3.8/site-packages:/root/researchv2/install/diagnostic_aggregator/lib/python3.8/site-packages:${PYTHONPATH} /usr/bin/cmake /root/researchv2/src/diagnostics/diagnostics -DCMAKE_INSTALL_PREFIX=/root/researchv2/install/diagnostics
[0.749s] Invoking command in '/root/researchv2/build/diagnostics': AMENT_PREFIX_PATH=/root/researchv2/install/self_test:/root/researchv2/install/diagnostic_updater:/root/researchv2/install/diagnostic_aggregator:${AMENT_PREFIX_PATH} CMAKE_PREFIX_PATH=/root/researchv2/install/self_test:/root/researchv2/install/diagnostic_updater:/root/researchv2/install/diagnostic_aggregator:/root/openpifpaf_ros2/install/realsense2_description:/root/openpifpaf_ros2/install/realsense2_camera:/root/openpifpaf_ros2/install/realsense2_camera_msgs:/root/openpifpaf_ros2/install/openpifpaf_ros2_msgs:/opt/ros/galactic:/root/openpifpaf_ros2/install/rgbd_openpifpaf_ros2:/root/openpifpaf_ros2/install/pose_checker:/root/openpifpaf_ros2/install/openpifpaf_ros2_node LD_LIBRARY_PATH=/root/researchv2/install/diagnostic_aggregator/lib:${LD_LIBRARY_PATH} PYTHONPATH=/root/researchv2/install/diagnostic_updater/lib/python3.8/site-packages:/root/researchv2/install/diagnostic_aggregator/lib/python3.8/site-packages:${PYTHONPATH} /usr/bin/cmake --build /root/researchv2/build/diagnostics -- -j12 -l12
[0.794s] Invoked command in '/root/researchv2/build/diagnostics' returned '0': AMENT_PREFIX_PATH=/root/researchv2/install/self_test:/root/researchv2/install/diagnostic_updater:/root/researchv2/install/diagnostic_aggregator:${AMENT_PREFIX_PATH} CMAKE_PREFIX_PATH=/root/researchv2/install/self_test:/root/researchv2/install/diagnostic_updater:/root/researchv2/install/diagnostic_aggregator:/root/openpifpaf_ros2/install/realsense2_description:/root/openpifpaf_ros2/install/realsense2_camera:/root/openpifpaf_ros2/install/realsense2_camera_msgs:/root/openpifpaf_ros2/install/openpifpaf_ros2_msgs:/opt/ros/galactic:/root/openpifpaf_ros2/install/rgbd_openpifpaf_ros2:/root/openpifpaf_ros2/install/pose_checker:/root/openpifpaf_ros2/install/openpifpaf_ros2_node LD_LIBRARY_PATH=/root/researchv2/install/diagnostic_aggregator/lib:${LD_LIBRARY_PATH} PYTHONPATH=/root/researchv2/install/diagnostic_updater/lib/python3.8/site-packages:/root/researchv2/install/diagnostic_aggregator/lib/python3.8/site-packages:${PYTHONPATH} /usr/bin/cmake --build /root/researchv2/build/diagnostics -- -j12 -l12
[0.822s] Invoking command in '/root/researchv2/build/diagnostics': AMENT_PREFIX_PATH=/root/researchv2/install/self_test:/root/researchv2/install/diagnostic_updater:/root/researchv2/install/diagnostic_aggregator:${AMENT_PREFIX_PATH} CMAKE_PREFIX_PATH=/root/researchv2/install/self_test:/root/researchv2/install/diagnostic_updater:/root/researchv2/install/diagnostic_aggregator:/root/openpifpaf_ros2/install/realsense2_description:/root/openpifpaf_ros2/install/realsense2_camera:/root/openpifpaf_ros2/install/realsense2_camera_msgs:/root/openpifpaf_ros2/install/openpifpaf_ros2_msgs:/opt/ros/galactic:/root/openpifpaf_ros2/install/rgbd_openpifpaf_ros2:/root/openpifpaf_ros2/install/pose_checker:/root/openpifpaf_ros2/install/openpifpaf_ros2_node LD_LIBRARY_PATH=/root/researchv2/install/diagnostic_aggregator/lib:${LD_LIBRARY_PATH} PYTHONPATH=/root/researchv2/install/diagnostic_updater/lib/python3.8/site-packages:/root/researchv2/install/diagnostic_aggregator/lib/python3.8/site-packages:${PYTHONPATH} /usr/bin/cmake --install /root/researchv2/build/diagnostics
[0.831s] -- Install configuration: ""
[0.832s] -- Installing: /root/researchv2/install/diagnostics/share/ament_index/resource_index/package_run_dependencies/diagnostics
[0.832s] -- Installing: /root/researchv2/install/diagnostics/share/ament_index/resource_index/parent_prefix_path/diagnostics
[0.832s] -- Installing: /root/researchv2/install/diagnostics/share/diagnostics/environment/ament_prefix_path.sh
[0.832s] -- Installing: /root/researchv2/install/diagnostics/share/diagnostics/environment/ament_prefix_path.dsv
[0.833s] -- Installing: /root/researchv2/install/diagnostics/share/diagnostics/environment/path.sh
[0.833s] -- Installing: /root/researchv2/install/diagnostics/share/diagnostics/environment/path.dsv
[0.833s] -- Installing: /root/researchv2/install/diagnostics/share/diagnostics/local_setup.bash
[0.833s] -- Installing: /root/researchv2/install/diagnostics/share/diagnostics/local_setup.sh
[0.833s] -- Installing: /root/researchv2/install/diagnostics/share/diagnostics/local_setup.zsh
[0.833s] -- Installing: /root/researchv2/install/diagnostics/share/diagnostics/local_setup.dsv
[0.833s] -- Installing: /root/researchv2/install/diagnostics/share/diagnostics/package.dsv
[0.834s] -- Installing: /root/researchv2/install/diagnostics/share/ament_index/resource_index/packages/diagnostics
[0.834s] -- Installing: /root/researchv2/install/diagnostics/share/diagnostics/cmake/diagnosticsConfig.cmake
[0.834s] -- Installing: /root/researchv2/install/diagnostics/share/diagnostics/cmake/diagnosticsConfig-version.cmake
[0.834s] -- Installing: /root/researchv2/install/diagnostics/share/diagnostics/package.xml
[0.839s] Invoked command in '/root/researchv2/build/diagnostics' returned '0': AMENT_PREFIX_PATH=/root/researchv2/install/self_test:/root/researchv2/install/diagnostic_updater:/root/researchv2/install/diagnostic_aggregator:${AMENT_PREFIX_PATH} CMAKE_PREFIX_PATH=/root/researchv2/install/self_test:/root/researchv2/install/diagnostic_updater:/root/researchv2/install/diagnostic_aggregator:/root/openpifpaf_ros2/install/realsense2_description:/root/openpifpaf_ros2/install/realsense2_camera:/root/openpifpaf_ros2/install/realsense2_camera_msgs:/root/openpifpaf_ros2/install/openpifpaf_ros2_msgs:/opt/ros/galactic:/root/openpifpaf_ros2/install/rgbd_openpifpaf_ros2:/root/openpifpaf_ros2/install/pose_checker:/root/openpifpaf_ros2/install/openpifpaf_ros2_node LD_LIBRARY_PATH=/root/researchv2/install/diagnostic_aggregator/lib:${LD_LIBRARY_PATH} PYTHONPATH=/root/researchv2/install/diagnostic_updater/lib/python3.8/site-packages:/root/researchv2/install/diagnostic_aggregator/lib/python3.8/site-packages:${PYTHONPATH} /usr/bin/cmake --install /root/researchv2/build/diagnostics
