[0.684s] Invoking command in '/root/researchv2/src/chaser_system': LD_LIBRARY_PATH=/root/researchv2/install/mymsg/lib:/usr/lib/x86_64-linux-gnu/gazebo-11/plugins:/opt/ros/foxy/opt/yaml_cpp_vendor/lib:/opt/ros/foxy/opt/rviz_ogre_vendor/lib:/opt/ros/foxy/lib/x86_64-linux-gnu:/opt/ros/foxy/lib:/usr/local/11.6.0/lib64:/usr/local/nvidia/lib:/usr/local/nvidia/lib64 PYTHONPATH=/root/researchv2/build/chaser_system/prefix_override:/root/researchv2/install/chaser_system/lib/python3.8/site-packages:${PYTHONPATH} /usr/bin/python3 setup.py egg_info --egg-base ../../build/chaser_system build --build-base /root/researchv2/build/chaser_system/build install --record /root/researchv2/build/chaser_system/install.log --install-scripts $base/lib/chaser_system --single-version-externally-managed
[0.899s] running egg_info
[0.899s] writing ../../build/chaser_system/chaser_system.egg-info/PKG-INFO
[0.900s] writing dependency_links to ../../build/chaser_system/chaser_system.egg-info/dependency_links.txt
[0.900s] writing entry points to ../../build/chaser_system/chaser_system.egg-info/entry_points.txt
[0.900s] writing requirements to ../../build/chaser_system/chaser_system.egg-info/requires.txt
[0.900s] writing top-level names to ../../build/chaser_system/chaser_system.egg-info/top_level.txt
[0.927s] reading manifest file '../../build/chaser_system/chaser_system.egg-info/SOURCES.txt'
[0.928s] writing manifest file '../../build/chaser_system/chaser_system.egg-info/SOURCES.txt'
[0.928s] running build
[0.928s] running build_py
[0.929s] running install
[0.929s] running install_lib
[0.930s] running install_data
[0.931s] creating /root/researchv2/install/chaser_system/share/chaser_system/urdf
[0.931s] creating /root/researchv2/install/chaser_system/share/chaser_system/rviz
[0.931s] creating /root/researchv2/install/chaser_system/share/chaser_system/config
[0.931s] creating /root/researchv2/install/chaser_system/share/chaser_system/world
[0.931s] creating /root/researchv2/install/chaser_system/share/chaser_system/map
[0.931s] running install_egg_info
[0.933s] removing '/root/researchv2/install/chaser_system/lib/python3.8/site-packages/chaser_system-0.0.0-py3.8.egg-info' (and everything under it)
[0.933s] Copying ../../build/chaser_system/chaser_system.egg-info to /root/researchv2/install/chaser_system/lib/python3.8/site-packages/chaser_system-0.0.0-py3.8.egg-info
[0.934s] running install_scripts
[0.947s] Installing image_inputer script to /root/researchv2/install/chaser_system/lib/chaser_system
[0.947s] Installing person_check script to /root/researchv2/install/chaser_system/lib/chaser_system
[0.947s] Installing pose_tf2 script to /root/researchv2/install/chaser_system/lib/chaser_system
[0.947s] Installing raise_navi script to /root/researchv2/install/chaser_system/lib/chaser_system
[0.948s] Installing rgbd_generator script to /root/researchv2/install/chaser_system/lib/chaser_system
[0.948s] Installing three_d_pose_analysis script to /root/researchv2/install/chaser_system/lib/chaser_system
[0.948s] Installing xbox script to /root/researchv2/install/chaser_system/lib/chaser_system
[0.948s] writing list of installed files to '/root/researchv2/build/chaser_system/install.log'
[0.965s] Invoked command in '/root/researchv2/src/chaser_system' returned '0': LD_LIBRARY_PATH=/root/researchv2/install/mymsg/lib:/usr/lib/x86_64-linux-gnu/gazebo-11/plugins:/opt/ros/foxy/opt/yaml_cpp_vendor/lib:/opt/ros/foxy/opt/rviz_ogre_vendor/lib:/opt/ros/foxy/lib/x86_64-linux-gnu:/opt/ros/foxy/lib:/usr/local/11.6.0/lib64:/usr/local/nvidia/lib:/usr/local/nvidia/lib64 PYTHONPATH=/root/researchv2/build/chaser_system/prefix_override:/root/researchv2/install/chaser_system/lib/python3.8/site-packages:${PYTHONPATH} /usr/bin/python3 setup.py egg_info --egg-base ../../build/chaser_system build --build-base /root/researchv2/build/chaser_system/build install --record /root/researchv2/build/chaser_system/install.log --install-scripts $base/lib/chaser_system --single-version-externally-managed
