[0.046s] Invoking command in '/root/researchv2/build/urg_c': CMAKE_PREFIX_PATH=${CMAKE_PREFIX_PATH}:/opt/ros/galactic:/root/openpifpaf_ros2/install/rgbd_openpifpaf_ros2:/root/openpifpaf_ros2/install/pose_checker:/root/openpifpaf_ros2/install/openpifpaf_ros2_node /usr/bin/cmake --build /root/researchv2/build/urg_c -- -j12 -l12
[0.110s] [ 29%] Built target urg_c
[0.140s] [ 35%] Built target open_urg_sensor
[0.214s] [ 41%] Built target sensor_parameter
[0.215s] [ 52%] Built target get_distance
[0.215s] [ 52%] Built target sync_time_stamp
[0.215s] [ 64%] Built target angle_convert_test
[0.216s] [ 58%] Built target timeout_test
[0.218s] [ 70%] Built target get_distance_intensity
[0.224s] [ 76%] Built target get_multiecho_intensity
[0.225s] [ 82%] Built target calculate_xy
[0.226s] [ 88%] Built target get_multiecho
[0.229s] [ 94%] Built target find_port
[0.229s] [100%] Built target reboot_test
[0.242s] Invoked command in '/root/researchv2/build/urg_c' returned '0': CMAKE_PREFIX_PATH=${CMAKE_PREFIX_PATH}:/opt/ros/galactic:/root/openpifpaf_ros2/install/rgbd_openpifpaf_ros2:/root/openpifpaf_ros2/install/pose_checker:/root/openpifpaf_ros2/install/openpifpaf_ros2_node /usr/bin/cmake --build /root/researchv2/build/urg_c -- -j12 -l12
[0.349s] Invoking command in '/root/researchv2/build/urg_c': CMAKE_PREFIX_PATH=${CMAKE_PREFIX_PATH}:/opt/ros/galactic:/root/openpifpaf_ros2/install/rgbd_openpifpaf_ros2:/root/openpifpaf_ros2/install/pose_checker:/root/openpifpaf_ros2/install/openpifpaf_ros2_node /usr/bin/cmake --install /root/researchv2/build/urg_c
[0.362s] -- Install configuration: ""
[0.363s] -- Up-to-date: /root/researchv2/install/urg_c/lib/liburg_c.so
[0.363s] -- Up-to-date: /root/researchv2/install/urg_c/lib/libopen_urg_sensor.a
[0.363s] -- Up-to-date: /root/researchv2/install/urg_c/bin/angle_convert_test
[0.364s] -- Up-to-date: /root/researchv2/install/urg_c/bin/calculate_xy
[0.364s] -- Up-to-date: /root/researchv2/install/urg_c/bin/find_port
[0.365s] -- Up-to-date: /root/researchv2/install/urg_c/bin/get_distance
[0.366s] -- Up-to-date: /root/researchv2/install/urg_c/bin/get_distance_intensity
[0.366s] -- Up-to-date: /root/researchv2/install/urg_c/bin/get_multiecho
[0.367s] -- Up-to-date: /root/researchv2/install/urg_c/bin/get_multiecho_intensity
[0.368s] -- Up-to-date: /root/researchv2/install/urg_c/bin/reboot_test
[0.368s] -- Up-to-date: /root/researchv2/install/urg_c/bin/sensor_parameter
[0.369s] -- Up-to-date: /root/researchv2/install/urg_c/bin/sync_time_stamp
[0.369s] -- Up-to-date: /root/researchv2/install/urg_c/bin/timeout_test
[0.370s] -- Up-to-date: /root/researchv2/install/urg_c/include
[0.370s] -- Up-to-date: /root/researchv2/install/urg_c/include/urg_c
[0.370s] -- Up-to-date: /root/researchv2/install/urg_c/include/urg_c/urg_detect_os.h
[0.371s] -- Up-to-date: /root/researchv2/install/urg_c/include/urg_c/urg_debug.h
[0.371s] -- Up-to-date: /root/researchv2/install/urg_c/include/urg_c/urg_serial.h
[0.372s] -- Up-to-date: /root/researchv2/install/urg_c/include/urg_c/urg_time.h
[0.372s] -- Up-to-date: /root/researchv2/install/urg_c/include/urg_c/urg_sensor.h
[0.372s] -- Up-to-date: /root/researchv2/install/urg_c/include/urg_c/urg_utils.h
[0.372s] -- Up-to-date: /root/researchv2/install/urg_c/include/urg_c/urg_errno.h
[0.372s] -- Up-to-date: /root/researchv2/install/urg_c/include/urg_c/urg_serial_utils.h
[0.373s] -- Up-to-date: /root/researchv2/install/urg_c/include/urg_c/urg_tcpclient.h
[0.373s] -- Up-to-date: /root/researchv2/install/urg_c/include/urg_c/urg_connection.h
[0.373s] -- Up-to-date: /root/researchv2/install/urg_c/include/urg_c/urg_ring_buffer.h
[0.373s] -- Up-to-date: /root/researchv2/install/urg_c/share/urg_c/environment/library_path.sh
[0.373s] -- Up-to-date: /root/researchv2/install/urg_c/share/urg_c/environment/library_path.dsv
[0.374s] -- Up-to-date: /root/researchv2/install/urg_c/share/ament_index/resource_index/package_run_dependencies/urg_c
[0.374s] -- Up-to-date: /root/researchv2/install/urg_c/share/ament_index/resource_index/parent_prefix_path/urg_c
[0.375s] -- Up-to-date: /root/researchv2/install/urg_c/share/urg_c/environment/ament_prefix_path.sh
[0.377s] -- Up-to-date: /root/researchv2/install/urg_c/share/urg_c/environment/ament_prefix_path.dsv
[0.378s] -- Up-to-date: /root/researchv2/install/urg_c/share/urg_c/environment/path.sh
[0.379s] -- Up-to-date: /root/researchv2/install/urg_c/share/urg_c/environment/path.dsv
[0.379s] -- Up-to-date: /root/researchv2/install/urg_c/share/urg_c/local_setup.bash
[0.379s] -- Up-to-date: /root/researchv2/install/urg_c/share/urg_c/local_setup.sh
[0.379s] -- Up-to-date: /root/researchv2/install/urg_c/share/urg_c/local_setup.zsh
[0.379s] -- Up-to-date: /root/researchv2/install/urg_c/share/urg_c/local_setup.dsv
[0.380s] -- Installing: /root/researchv2/install/urg_c/share/urg_c/package.dsv
[0.382s] -- Up-to-date: /root/researchv2/install/urg_c/share/ament_index/resource_index/packages/urg_c
[0.384s] -- Up-to-date: /root/researchv2/install/urg_c/share/urg_c/cmake/ament_cmake_export_include_directories-extras.cmake
[0.384s] -- Up-to-date: /root/researchv2/install/urg_c/share/urg_c/cmake/ament_cmake_export_libraries-extras.cmake
[0.385s] -- Up-to-date: /root/researchv2/install/urg_c/share/urg_c/cmake/urg_cConfig.cmake
[0.385s] -- Up-to-date: /root/researchv2/install/urg_c/share/urg_c/cmake/urg_cConfig-version.cmake
[0.385s] -- Up-to-date: /root/researchv2/install/urg_c/share/urg_c/package.xml
[0.387s] Invoked command in '/root/researchv2/build/urg_c' returned '0': CMAKE_PREFIX_PATH=${CMAKE_PREFIX_PATH}:/opt/ros/galactic:/root/openpifpaf_ros2/install/rgbd_openpifpaf_ros2:/root/openpifpaf_ros2/install/pose_checker:/root/openpifpaf_ros2/install/openpifpaf_ros2_node /usr/bin/cmake --install /root/researchv2/build/urg_c
