[ 25%] Built target gtest_main
[ 50%] Built target gtest
[ 75%] Built target example
[ 75%] Built target ament_cmake_python_copy_diagnostic_updater
[100%] Built target diagnostic_updater_test
running egg_info
writing diagnostic_updater.egg-info/PKG-INFO
writing dependency_links to diagnostic_updater.egg-info/dependency_links.txt
writing top-level names to diagnostic_updater.egg-info/top_level.txt
reading manifest file 'diagnostic_updater.egg-info/SOURCES.txt'
writing manifest file 'diagnostic_updater.egg-info/SOURCES.txt'
[100%] Built target ament_cmake_python_build_diagnostic_updater_egg
-- Install configuration: ""
-- Up-to-date: /root/researchv2/install/diagnostic_updater/share/diagnostic_updater/environment/pythonpath.sh
-- Up-to-date: /root/researchv2/install/diagnostic_updater/share/diagnostic_updater/environment/pythonpath.dsv
-- Up-to-date: /root/researchv2/install/diagnostic_updater/lib/python3.8/site-packages//diagnostic_updater.egg-info
-- Installing: /root/researchv2/install/diagnostic_updater/lib/python3.8/site-packages//diagnostic_updater.egg-info/PKG-INFO
-- Installing: /root/researchv2/install/diagnostic_updater/lib/python3.8/site-packages//diagnostic_updater.egg-info/top_level.txt
-- Installing: /root/researchv2/install/diagnostic_updater/lib/python3.8/site-packages//diagnostic_updater.egg-info/SOURCES.txt
-- Installing: /root/researchv2/install/diagnostic_updater/lib/python3.8/site-packages//diagnostic_updater.egg-info/dependency_links.txt
-- Up-to-date: /root/researchv2/install/diagnostic_updater/lib/python3.8/site-packages/diagnostic_updater
-- Up-to-date: /root/researchv2/install/diagnostic_updater/lib/python3.8/site-packages/diagnostic_updater/_update_functions.py
-- Up-to-date: /root/researchv2/install/diagnostic_updater/lib/python3.8/site-packages/diagnostic_updater/_diagnostic_status_wrapper.py
-- Up-to-date: /root/researchv2/install/diagnostic_updater/lib/python3.8/site-packages/diagnostic_updater/_publisher.py
-- Up-to-date: /root/researchv2/install/diagnostic_updater/lib/python3.8/site-packages/diagnostic_updater/example.py
-- Up-to-date: /root/researchv2/install/diagnostic_updater/lib/python3.8/site-packages/diagnostic_updater/_diagnostic_updater.py
-- Up-to-date: /root/researchv2/install/diagnostic_updater/lib/python3.8/site-packages/diagnostic_updater/__init__.py
Listing '/root/researchv2/install/diagnostic_updater/lib/python3.8/site-packages/diagnostic_updater'...
-- Up-to-date: /root/researchv2/install/diagnostic_updater/lib/diagnostic_updater/example.py
-- Up-to-date: /root/researchv2/install/diagnostic_updater/lib/diagnostic_updater/example
-- Up-to-date: /root/researchv2/install/diagnostic_updater/include
-- Up-to-date: /root/researchv2/install/diagnostic_updater/include/diagnostic_updater
-- Up-to-date: /root/researchv2/install/diagnostic_updater/include/diagnostic_updater/diagnostic_status_wrapper.hpp
-- Up-to-date: /root/researchv2/install/diagnostic_updater/include/diagnostic_updater/diagnostic_updater.hpp
-- Up-to-date: /root/researchv2/install/diagnostic_updater/include/diagnostic_updater/publisher.hpp
-- Up-to-date: /root/researchv2/install/diagnostic_updater/include/diagnostic_updater/update_functions.hpp
-- Up-to-date: /root/researchv2/install/diagnostic_updater/share/ament_index/resource_index/package_run_dependencies/diagnostic_updater
-- Up-to-date: /root/researchv2/install/diagnostic_updater/share/ament_index/resource_index/parent_prefix_path/diagnostic_updater
-- Up-to-date: /root/researchv2/install/diagnostic_updater/share/diagnostic_updater/environment/ament_prefix_path.sh
-- Up-to-date: /root/researchv2/install/diagnostic_updater/share/diagnostic_updater/environment/ament_prefix_path.dsv
-- Up-to-date: /root/researchv2/install/diagnostic_updater/share/diagnostic_updater/environment/path.sh
-- Up-to-date: /root/researchv2/install/diagnostic_updater/share/diagnostic_updater/environment/path.dsv
-- Up-to-date: /root/researchv2/install/diagnostic_updater/share/diagnostic_updater/local_setup.bash
-- Up-to-date: /root/researchv2/install/diagnostic_updater/share/diagnostic_updater/local_setup.sh
-- Up-to-date: /root/researchv2/install/diagnostic_updater/share/diagnostic_updater/local_setup.zsh
-- Up-to-date: /root/researchv2/install/diagnostic_updater/share/diagnostic_updater/local_setup.dsv
-- Installing: /root/researchv2/install/diagnostic_updater/share/diagnostic_updater/package.dsv
-- Up-to-date: /root/researchv2/install/diagnostic_updater/share/ament_index/resource_index/packages/diagnostic_updater
-- Up-to-date: /root/researchv2/install/diagnostic_updater/share/diagnostic_updater/cmake/ament_cmake_export_include_directories-extras.cmake
-- Up-to-date: /root/researchv2/install/diagnostic_updater/share/diagnostic_updater/cmake/ament_cmake_export_dependencies-extras.cmake
-- Up-to-date: /root/researchv2/install/diagnostic_updater/share/diagnostic_updater/cmake/diagnostic_updaterConfig.cmake
-- Up-to-date: /root/researchv2/install/diagnostic_updater/share/diagnostic_updater/cmake/diagnostic_updaterConfig-version.cmake
-- Up-to-date: /root/researchv2/install/diagnostic_updater/share/diagnostic_updater/package.xml
