[0.060s] Invoking command in '/root/researchv2/build/slam_toolbox': CMAKE_PREFIX_PATH=${CMAKE_PREFIX_PATH}:/root/researchv2/install/chaser_system:/opt/ros/foxy /usr/bin/cmake --build /root/researchv2/build/slam_toolbox -- -j12 -l12
[0.221s] [  1%] Built target slam_toolbox__cpp
[0.230s] [ 10%] Built target slam_toolbox__rosidl_generator_c
[0.281s] [ 19%] Built target slam_toolbox__rosidl_typesupport_cpp
[0.284s] [ 21%] Built target kartoSlamToolbox
[0.296s] [ 30%] Built target slam_toolbox__rosidl_typesupport_introspection_cpp
[0.311s] [ 39%] Built target slam_toolbox__rosidl_typesupport_fastrtps_cpp
[0.325s] [ 48%] Built target slam_toolbox__rosidl_typesupport_c
[0.331s] [ 57%] Built target slam_toolbox__rosidl_typesupport_introspection_c
[0.372s] [ 66%] Built target slam_toolbox__rosidl_typesupport_fastrtps_c
[0.405s] [ 66%] Built target slam_toolbox
[0.444s] [ 67%] Built target slam_toolbox__py
[0.500s] [ 69%] Built target ceres_solver_plugin
[0.513s] [ 77%] Built target slam_toolbox__python
[0.522s] [ 79%] Built target SlamToolboxPlugin
[0.531s] [ 84%] Built target toolbox_common
[0.575s] [ 85%] Built target slam_toolbox__rosidl_typesupport_fastrtps_c__pyext
[0.577s] [ 86%] Built target slam_toolbox__rosidl_typesupport_c__pyext
[0.600s] [ 87%] Built target slam_toolbox__rosidl_typesupport_introspection_c__pyext
[0.619s] [ 88%] Built target merge_maps_kinematic
[0.621s] [ 90%] Built target lifelong_slam_toolbox
[0.621s] [ 91%] Built target localization_slam_toolbox
[0.632s] [ 94%] Built target async_slam_toolbox
[0.633s] [ 95%] Built target sync_slam_toolbox
[0.712s] [ 97%] Built target localization_slam_toolbox_node
[0.713s] [ 98%] Built target lifelong_slam_toolbox_node
[0.715s] [ 99%] Built target async_slam_toolbox_node
[0.719s] [100%] Built target sync_slam_toolbox_node
[0.745s] Invoked command in '/root/researchv2/build/slam_toolbox' returned '0': CMAKE_PREFIX_PATH=${CMAKE_PREFIX_PATH}:/root/researchv2/install/chaser_system:/opt/ros/foxy /usr/bin/cmake --build /root/researchv2/build/slam_toolbox -- -j12 -l12
[1.141s] Invoking command in '/root/researchv2/build/slam_toolbox': CMAKE_PREFIX_PATH=${CMAKE_PREFIX_PATH}:/root/researchv2/install/chaser_system:/opt/ros/foxy /usr/bin/cmake --install /root/researchv2/build/slam_toolbox
[1.156s] -- Install configuration: "Release"
[1.157s] -- Up-to-date: /root/researchv2/install/slam_toolbox/share/ament_index/resource_index/rosidl_interfaces/slam_toolbox
[1.157s] -- Up-to-date: /root/researchv2/install/slam_toolbox/include/slam_toolbox
[1.157s] -- Up-to-date: /root/researchv2/install/slam_toolbox/include/slam_toolbox/srv
[1.158s] -- Up-to-date: /root/researchv2/install/slam_toolbox/include/slam_toolbox/srv/clear_queue.h
[1.158s] -- Up-to-date: /root/researchv2/install/slam_toolbox/include/slam_toolbox/srv/add_submap.h
[1.159s] -- Up-to-date: /root/researchv2/install/slam_toolbox/include/slam_toolbox/srv/toggle_interactive.h
[1.159s] -- Up-to-date: /root/researchv2/install/slam_toolbox/include/slam_toolbox/srv/pause.h
[1.160s] -- Up-to-date: /root/researchv2/install/slam_toolbox/include/slam_toolbox/srv/detail
[1.160s] -- Up-to-date: /root/researchv2/install/slam_toolbox/include/slam_toolbox/srv/detail/loop_closure__type_support.h
[1.160s] -- Up-to-date: /root/researchv2/install/slam_toolbox/include/slam_toolbox/srv/detail/merge_maps__struct.h
[1.160s] -- Up-to-date: /root/researchv2/install/slam_toolbox/include/slam_toolbox/srv/detail/clear__type_support.h
[1.161s] -- Up-to-date: /root/researchv2/install/slam_toolbox/include/slam_toolbox/srv/detail/save_map__type_support.h
[1.161s] -- Up-to-date: /root/researchv2/install/slam_toolbox/include/slam_toolbox/srv/detail/pause__functions.c
[1.161s] -- Up-to-date: /root/researchv2/install/slam_toolbox/include/slam_toolbox/srv/detail/add_submap__type_support.h
[1.161s] -- Up-to-date: /root/researchv2/install/slam_toolbox/include/slam_toolbox/srv/detail/clear__functions.h
[1.161s] -- Up-to-date: /root/researchv2/install/slam_toolbox/include/slam_toolbox/srv/detail/pause__functions.h
[1.162s] -- Up-to-date: /root/researchv2/install/slam_toolbox/include/slam_toolbox/srv/detail/add_submap__struct.h
[1.162s] -- Up-to-date: /root/researchv2/install/slam_toolbox/include/slam_toolbox/srv/detail/merge_maps__functions.c
[1.162s] -- Up-to-date: /root/researchv2/install/slam_toolbox/include/slam_toolbox/srv/detail/deserialize_pose_graph__type_support.h
[1.163s] -- Up-to-date: /root/researchv2/install/slam_toolbox/include/slam_toolbox/srv/detail/deserialize_pose_graph__struct.h
[1.163s] -- Up-to-date: /root/researchv2/install/slam_toolbox/include/slam_toolbox/srv/detail/loop_closure__functions.c
[1.163s] -- Up-to-date: /root/researchv2/install/slam_toolbox/include/slam_toolbox/srv/detail/toggle_interactive__functions.c
[1.163s] -- Up-to-date: /root/researchv2/install/slam_toolbox/include/slam_toolbox/srv/detail/toggle_interactive__type_support.h
[1.164s] -- Up-to-date: /root/researchv2/install/slam_toolbox/include/slam_toolbox/srv/detail/add_submap__functions.h
[1.164s] -- Up-to-date: /root/researchv2/install/slam_toolbox/include/slam_toolbox/srv/detail/merge_maps__type_support.h
[1.164s] -- Up-to-date: /root/researchv2/install/slam_toolbox/include/slam_toolbox/srv/detail/loop_closure__struct.h
[1.164s] -- Up-to-date: /root/researchv2/install/slam_toolbox/include/slam_toolbox/srv/detail/save_map__struct.h
[1.165s] -- Up-to-date: /root/researchv2/install/slam_toolbox/include/slam_toolbox/srv/detail/deserialize_pose_graph__functions.h
[1.165s] -- Up-to-date: /root/researchv2/install/slam_toolbox/include/slam_toolbox/srv/detail/toggle_interactive__struct.h
[1.165s] -- Up-to-date: /root/researchv2/install/slam_toolbox/include/slam_toolbox/srv/detail/deserialize_pose_graph__functions.c
[1.165s] -- Up-to-date: /root/researchv2/install/slam_toolbox/include/slam_toolbox/srv/detail/merge_maps__functions.h
[1.166s] -- Up-to-date: /root/researchv2/install/slam_toolbox/include/slam_toolbox/srv/detail/save_map__functions.h
[1.166s] -- Up-to-date: /root/researchv2/install/slam_toolbox/include/slam_toolbox/srv/detail/pause__struct.h
[1.166s] -- Up-to-date: /root/researchv2/install/slam_toolbox/include/slam_toolbox/srv/detail/clear_queue__functions.c
[1.167s] -- Up-to-date: /root/researchv2/install/slam_toolbox/include/slam_toolbox/srv/detail/clear_queue__functions.h
[1.167s] -- Up-to-date: /root/researchv2/install/slam_toolbox/include/slam_toolbox/srv/detail/clear__struct.h
[1.168s] -- Up-to-date: /root/researchv2/install/slam_toolbox/include/slam_toolbox/srv/detail/serialize_pose_graph__functions.h
[1.168s] -- Up-to-date: /root/researchv2/install/slam_toolbox/include/slam_toolbox/srv/detail/clear_queue__type_support.h
[1.168s] -- Up-to-date: /root/researchv2/install/slam_toolbox/include/slam_toolbox/srv/detail/clear_queue__struct.h
[1.168s] -- Up-to-date: /root/researchv2/install/slam_toolbox/include/slam_toolbox/srv/detail/serialize_pose_graph__struct.h
[1.169s] -- Up-to-date: /root/researchv2/install/slam_toolbox/include/slam_toolbox/srv/detail/clear__functions.c
[1.169s] -- Up-to-date: /root/researchv2/install/slam_toolbox/include/slam_toolbox/srv/detail/toggle_interactive__functions.h
[1.169s] -- Up-to-date: /root/researchv2/install/slam_toolbox/include/slam_toolbox/srv/detail/serialize_pose_graph__type_support.h
[1.170s] -- Up-to-date: /root/researchv2/install/slam_toolbox/include/slam_toolbox/srv/detail/pause__type_support.h
[1.170s] -- Up-to-date: /root/researchv2/install/slam_toolbox/include/slam_toolbox/srv/detail/serialize_pose_graph__functions.c
[1.170s] -- Up-to-date: /root/researchv2/install/slam_toolbox/include/slam_toolbox/srv/detail/add_submap__functions.c
[1.170s] -- Up-to-date: /root/researchv2/install/slam_toolbox/include/slam_toolbox/srv/detail/loop_closure__functions.h
[1.171s] -- Up-to-date: /root/researchv2/install/slam_toolbox/include/slam_toolbox/srv/detail/save_map__functions.c
[1.171s] -- Up-to-date: /root/researchv2/install/slam_toolbox/include/slam_toolbox/srv/merge_maps.h
[1.172s] -- Up-to-date: /root/researchv2/install/slam_toolbox/include/slam_toolbox/srv/loop_closure.h
[1.172s] -- Up-to-date: /root/researchv2/install/slam_toolbox/include/slam_toolbox/srv/clear.h
[1.173s] -- Up-to-date: /root/researchv2/install/slam_toolbox/include/slam_toolbox/srv/save_map.h
[1.173s] -- Up-to-date: /root/researchv2/install/slam_toolbox/include/slam_toolbox/srv/serialize_pose_graph.h
[1.173s] -- Up-to-date: /root/researchv2/install/slam_toolbox/include/slam_toolbox/srv/deserialize_pose_graph.h
[1.173s] -- Up-to-date: /root/researchv2/install/slam_toolbox/include/slam_toolbox/msg
[1.174s] -- Up-to-date: /root/researchv2/install/slam_toolbox/include/slam_toolbox/msg/rosidl_generator_c__visibility_control.h
[1.174s] -- Up-to-date: /root/researchv2/install/slam_toolbox/share/slam_toolbox/environment/library_path.sh
[1.174s] -- Up-to-date: /root/researchv2/install/slam_toolbox/share/slam_toolbox/environment/library_path.dsv
[1.174s] -- Up-to-date: /root/researchv2/install/slam_toolbox/lib/libslam_toolbox__rosidl_generator_c.so
[1.175s] -- Up-to-date: /root/researchv2/install/slam_toolbox/include/slam_toolbox
[1.175s] -- Up-to-date: /root/researchv2/install/slam_toolbox/include/slam_toolbox/srv
[1.175s] -- Up-to-date: /root/researchv2/install/slam_toolbox/include/slam_toolbox/srv/detail
[1.175s] -- Up-to-date: /root/researchv2/install/slam_toolbox/include/slam_toolbox/srv/detail/deserialize_pose_graph__rosidl_typesupport_fastrtps_c.h
[1.175s] -- Up-to-date: /root/researchv2/install/slam_toolbox/include/slam_toolbox/srv/detail/merge_maps__rosidl_typesupport_fastrtps_c.h
[1.176s] -- Up-to-date: /root/researchv2/install/slam_toolbox/include/slam_toolbox/srv/detail/add_submap__rosidl_typesupport_fastrtps_c.h
[1.176s] -- Up-to-date: /root/researchv2/install/slam_toolbox/include/slam_toolbox/srv/detail/clear_queue__rosidl_typesupport_fastrtps_c.h
[1.176s] -- Up-to-date: /root/researchv2/install/slam_toolbox/include/slam_toolbox/srv/detail/clear__rosidl_typesupport_fastrtps_c.h
[1.176s] -- Up-to-date: /root/researchv2/install/slam_toolbox/include/slam_toolbox/srv/detail/toggle_interactive__rosidl_typesupport_fastrtps_c.h
[1.177s] -- Up-to-date: /root/researchv2/install/slam_toolbox/include/slam_toolbox/srv/detail/serialize_pose_graph__rosidl_typesupport_fastrtps_c.h
[1.177s] -- Up-to-date: /root/researchv2/install/slam_toolbox/include/slam_toolbox/srv/detail/pause__rosidl_typesupport_fastrtps_c.h
[1.177s] -- Up-to-date: /root/researchv2/install/slam_toolbox/include/slam_toolbox/srv/detail/save_map__rosidl_typesupport_fastrtps_c.h
[1.177s] -- Up-to-date: /root/researchv2/install/slam_toolbox/include/slam_toolbox/srv/detail/loop_closure__rosidl_typesupport_fastrtps_c.h
[1.177s] -- Up-to-date: /root/researchv2/install/slam_toolbox/include/slam_toolbox/msg
[1.178s] -- Up-to-date: /root/researchv2/install/slam_toolbox/include/slam_toolbox/msg/rosidl_typesupport_fastrtps_c__visibility_control.h
[1.178s] -- Up-to-date: /root/researchv2/install/slam_toolbox/lib/libslam_toolbox__rosidl_typesupport_fastrtps_c.so
[1.178s] -- Up-to-date: /root/researchv2/install/slam_toolbox/include/slam_toolbox
[1.178s] -- Up-to-date: /root/researchv2/install/slam_toolbox/include/slam_toolbox/srv
[1.178s] -- Up-to-date: /root/researchv2/install/slam_toolbox/include/slam_toolbox/srv/detail
[1.179s] -- Up-to-date: /root/researchv2/install/slam_toolbox/include/slam_toolbox/srv/detail/clear__rosidl_typesupport_fastrtps_cpp.hpp
[1.179s] -- Up-to-date: /root/researchv2/install/slam_toolbox/include/slam_toolbox/srv/detail/loop_closure__rosidl_typesupport_fastrtps_cpp.hpp
[1.179s] -- Up-to-date: /root/researchv2/install/slam_toolbox/include/slam_toolbox/srv/detail/clear_queue__rosidl_typesupport_fastrtps_cpp.hpp
[1.179s] -- Up-to-date: /root/researchv2/install/slam_toolbox/include/slam_toolbox/srv/detail/serialize_pose_graph__rosidl_typesupport_fastrtps_cpp.hpp
[1.179s] -- Up-to-date: /root/researchv2/install/slam_toolbox/include/slam_toolbox/srv/detail/toggle_interactive__rosidl_typesupport_fastrtps_cpp.hpp
[1.180s] -- Up-to-date: /root/researchv2/install/slam_toolbox/include/slam_toolbox/srv/detail/deserialize_pose_graph__rosidl_typesupport_fastrtps_cpp.hpp
[1.180s] -- Up-to-date: /root/researchv2/install/slam_toolbox/include/slam_toolbox/srv/detail/add_submap__rosidl_typesupport_fastrtps_cpp.hpp
[1.180s] -- Up-to-date: /root/researchv2/install/slam_toolbox/include/slam_toolbox/srv/detail/merge_maps__rosidl_typesupport_fastrtps_cpp.hpp
[1.180s] -- Up-to-date: /root/researchv2/install/slam_toolbox/include/slam_toolbox/srv/detail/save_map__rosidl_typesupport_fastrtps_cpp.hpp
[1.180s] -- Up-to-date: /root/researchv2/install/slam_toolbox/include/slam_toolbox/srv/detail/dds_fastrtps
[1.181s] -- Up-to-date: /root/researchv2/install/slam_toolbox/include/slam_toolbox/srv/detail/pause__rosidl_typesupport_fastrtps_cpp.hpp
[1.181s] -- Up-to-date: /root/researchv2/install/slam_toolbox/include/slam_toolbox/msg
[1.181s] -- Up-to-date: /root/researchv2/install/slam_toolbox/include/slam_toolbox/msg/rosidl_typesupport_fastrtps_cpp__visibility_control.h
[1.181s] -- Up-to-date: /root/researchv2/install/slam_toolbox/lib/libslam_toolbox__rosidl_typesupport_fastrtps_cpp.so
[1.181s] -- Up-to-date: /root/researchv2/install/slam_toolbox/include/slam_toolbox
[1.182s] -- Up-to-date: /root/researchv2/install/slam_toolbox/include/slam_toolbox/srv
[1.182s] -- Up-to-date: /root/researchv2/install/slam_toolbox/include/slam_toolbox/srv/detail
[1.182s] -- Up-to-date: /root/researchv2/install/slam_toolbox/include/slam_toolbox/srv/detail/merge_maps__type_support.c
[1.182s] -- Up-to-date: /root/researchv2/install/slam_toolbox/include/slam_toolbox/srv/detail/loop_closure__type_support.c
[1.183s] -- Up-to-date: /root/researchv2/install/slam_toolbox/include/slam_toolbox/srv/detail/clear_queue__rosidl_typesupport_introspection_c.h
[1.183s] -- Up-to-date: /root/researchv2/install/slam_toolbox/include/slam_toolbox/srv/detail/add_submap__type_support.c
[1.183s] -- Up-to-date: /root/researchv2/install/slam_toolbox/include/slam_toolbox/srv/detail/serialize_pose_graph__type_support.c
[1.183s] -- Up-to-date: /root/researchv2/install/slam_toolbox/include/slam_toolbox/srv/detail/save_map__rosidl_typesupport_introspection_c.h
[1.184s] -- Up-to-date: /root/researchv2/install/slam_toolbox/include/slam_toolbox/srv/detail/deserialize_pose_graph__rosidl_typesupport_introspection_c.h
[1.184s] -- Up-to-date: /root/researchv2/install/slam_toolbox/include/slam_toolbox/srv/detail/loop_closure__rosidl_typesupport_introspection_c.h
[1.184s] -- Up-to-date: /root/researchv2/install/slam_toolbox/include/slam_toolbox/srv/detail/toggle_interactive__type_support.c
[1.184s] -- Up-to-date: /root/researchv2/install/slam_toolbox/include/slam_toolbox/srv/detail/add_submap__rosidl_typesupport_introspection_c.h
[1.185s] -- Up-to-date: /root/researchv2/install/slam_toolbox/include/slam_toolbox/srv/detail/pause__rosidl_typesupport_introspection_c.h
[1.185s] -- Up-to-date: /root/researchv2/install/slam_toolbox/include/slam_toolbox/srv/detail/save_map__type_support.c
[1.185s] -- Up-to-date: /root/researchv2/install/slam_toolbox/include/slam_toolbox/srv/detail/merge_maps__rosidl_typesupport_introspection_c.h
[1.185s] -- Up-to-date: /root/researchv2/install/slam_toolbox/include/slam_toolbox/srv/detail/serialize_pose_graph__rosidl_typesupport_introspection_c.h
[1.185s] -- Up-to-date: /root/researchv2/install/slam_toolbox/include/slam_toolbox/srv/detail/clear__type_support.c
[1.186s] -- Up-to-date: /root/researchv2/install/slam_toolbox/include/slam_toolbox/srv/detail/pause__type_support.c
[1.186s] -- Up-to-date: /root/researchv2/install/slam_toolbox/include/slam_toolbox/srv/detail/clear__rosidl_typesupport_introspection_c.h
[1.186s] -- Up-to-date: /root/researchv2/install/slam_toolbox/include/slam_toolbox/srv/detail/deserialize_pose_graph__type_support.c
[1.186s] -- Up-to-date: /root/researchv2/install/slam_toolbox/include/slam_toolbox/srv/detail/toggle_interactive__rosidl_typesupport_introspection_c.h
[1.187s] -- Up-to-date: /root/researchv2/install/slam_toolbox/include/slam_toolbox/srv/detail/clear_queue__type_support.c
[1.187s] -- Up-to-date: /root/researchv2/install/slam_toolbox/include/slam_toolbox/msg
[1.187s] -- Up-to-date: /root/researchv2/install/slam_toolbox/include/slam_toolbox/msg/rosidl_typesupport_introspection_c__visibility_control.h
[1.187s] -- Up-to-date: /root/researchv2/install/slam_toolbox/lib/libslam_toolbox__rosidl_typesupport_introspection_c.so
[1.187s] -- Up-to-date: /root/researchv2/install/slam_toolbox/lib/libslam_toolbox__rosidl_typesupport_c.so
[1.188s] -- Up-to-date: /root/researchv2/install/slam_toolbox/include/slam_toolbox
[1.188s] -- Up-to-date: /root/researchv2/install/slam_toolbox/include/slam_toolbox/srv
[1.188s] -- Up-to-date: /root/researchv2/install/slam_toolbox/include/slam_toolbox/srv/loop_closure.hpp
[1.188s] -- Up-to-date: /root/researchv2/install/slam_toolbox/include/slam_toolbox/srv/pause.hpp
[1.188s] -- Up-to-date: /root/researchv2/install/slam_toolbox/include/slam_toolbox/srv/clear.hpp
[1.189s] -- Up-to-date: /root/researchv2/install/slam_toolbox/include/slam_toolbox/srv/add_submap.hpp
[1.189s] -- Up-to-date: /root/researchv2/install/slam_toolbox/include/slam_toolbox/srv/clear_queue.hpp
[1.189s] -- Up-to-date: /root/researchv2/install/slam_toolbox/include/slam_toolbox/srv/serialize_pose_graph.hpp
[1.189s] -- Up-to-date: /root/researchv2/install/slam_toolbox/include/slam_toolbox/srv/detail
[1.189s] -- Up-to-date: /root/researchv2/install/slam_toolbox/include/slam_toolbox/srv/detail/loop_closure__struct.hpp
[1.189s] -- Up-to-date: /root/researchv2/install/slam_toolbox/include/slam_toolbox/srv/detail/serialize_pose_graph__struct.hpp
[1.190s] -- Up-to-date: /root/researchv2/install/slam_toolbox/include/slam_toolbox/srv/detail/add_submap__struct.hpp
[1.190s] -- Up-to-date: /root/researchv2/install/slam_toolbox/include/slam_toolbox/srv/detail/toggle_interactive__struct.hpp
[1.190s] -- Up-to-date: /root/researchv2/install/slam_toolbox/include/slam_toolbox/srv/detail/save_map__builder.hpp
[1.190s] -- Up-to-date: /root/researchv2/install/slam_toolbox/include/slam_toolbox/srv/detail/clear_queue__builder.hpp
[1.191s] -- Up-to-date: /root/researchv2/install/slam_toolbox/include/slam_toolbox/srv/detail/pause__traits.hpp
[1.191s] -- Up-to-date: /root/researchv2/install/slam_toolbox/include/slam_toolbox/srv/detail/deserialize_pose_graph__builder.hpp
[1.191s] -- Up-to-date: /root/researchv2/install/slam_toolbox/include/slam_toolbox/srv/detail/merge_maps__builder.hpp
[1.191s] -- Up-to-date: /root/researchv2/install/slam_toolbox/include/slam_toolbox/srv/detail/serialize_pose_graph__traits.hpp
[1.191s] -- Up-to-date: /root/researchv2/install/slam_toolbox/include/slam_toolbox/srv/detail/serialize_pose_graph__builder.hpp
[1.192s] -- Up-to-date: /root/researchv2/install/slam_toolbox/include/slam_toolbox/srv/detail/save_map__struct.hpp
[1.192s] -- Up-to-date: /root/researchv2/install/slam_toolbox/include/slam_toolbox/srv/detail/deserialize_pose_graph__traits.hpp
[1.192s] -- Up-to-date: /root/researchv2/install/slam_toolbox/include/slam_toolbox/srv/detail/clear__struct.hpp
[1.192s] -- Up-to-date: /root/researchv2/install/slam_toolbox/include/slam_toolbox/srv/detail/add_submap__traits.hpp
[1.192s] -- Up-to-date: /root/researchv2/install/slam_toolbox/include/slam_toolbox/srv/detail/loop_closure__traits.hpp
[1.192s] -- Up-to-date: /root/researchv2/install/slam_toolbox/include/slam_toolbox/srv/detail/add_submap__builder.hpp
[1.193s] -- Up-to-date: /root/researchv2/install/slam_toolbox/include/slam_toolbox/srv/detail/toggle_interactive__traits.hpp
[1.193s] -- Up-to-date: /root/researchv2/install/slam_toolbox/include/slam_toolbox/srv/detail/pause__struct.hpp
[1.193s] -- Up-to-date: /root/researchv2/install/slam_toolbox/include/slam_toolbox/srv/detail/clear_queue__struct.hpp
[1.193s] -- Up-to-date: /root/researchv2/install/slam_toolbox/include/slam_toolbox/srv/detail/save_map__traits.hpp
[1.193s] -- Up-to-date: /root/researchv2/install/slam_toolbox/include/slam_toolbox/srv/detail/clear__builder.hpp
[1.194s] -- Up-to-date: /root/researchv2/install/slam_toolbox/include/slam_toolbox/srv/detail/loop_closure__builder.hpp
[1.194s] -- Up-to-date: /root/researchv2/install/slam_toolbox/include/slam_toolbox/srv/detail/pause__builder.hpp
[1.194s] -- Up-to-date: /root/researchv2/install/slam_toolbox/include/slam_toolbox/srv/detail/merge_maps__struct.hpp
[1.194s] -- Up-to-date: /root/researchv2/install/slam_toolbox/include/slam_toolbox/srv/detail/toggle_interactive__builder.hpp
[1.194s] -- Up-to-date: /root/researchv2/install/slam_toolbox/include/slam_toolbox/srv/detail/clear__traits.hpp
[1.195s] -- Up-to-date: /root/researchv2/install/slam_toolbox/include/slam_toolbox/srv/detail/merge_maps__traits.hpp
[1.195s] -- Up-to-date: /root/researchv2/install/slam_toolbox/include/slam_toolbox/srv/detail/deserialize_pose_graph__struct.hpp
[1.195s] -- Up-to-date: /root/researchv2/install/slam_toolbox/include/slam_toolbox/srv/detail/clear_queue__traits.hpp
[1.195s] -- Up-to-date: /root/researchv2/install/slam_toolbox/include/slam_toolbox/srv/save_map.hpp
[1.195s] -- Up-to-date: /root/researchv2/install/slam_toolbox/include/slam_toolbox/srv/merge_maps.hpp
[1.195s] -- Up-to-date: /root/researchv2/install/slam_toolbox/include/slam_toolbox/srv/deserialize_pose_graph.hpp
[1.196s] -- Up-to-date: /root/researchv2/install/slam_toolbox/include/slam_toolbox/srv/toggle_interactive.hpp
[1.196s] -- Up-to-date: /root/researchv2/install/slam_toolbox/include/slam_toolbox
[1.196s] -- Up-to-date: /root/researchv2/install/slam_toolbox/include/slam_toolbox/srv
[1.196s] -- Up-to-date: /root/researchv2/install/slam_toolbox/include/slam_toolbox/srv/detail
[1.197s] -- Up-to-date: /root/researchv2/install/slam_toolbox/include/slam_toolbox/srv/detail/toggle_interactive__rosidl_typesupport_introspection_cpp.hpp
[1.197s] -- Up-to-date: /root/researchv2/install/slam_toolbox/include/slam_toolbox/srv/detail/serialize_pose_graph__type_support.cpp
[1.197s] -- Up-to-date: /root/researchv2/install/slam_toolbox/include/slam_toolbox/srv/detail/pause__type_support.cpp
[1.197s] -- Up-to-date: /root/researchv2/install/slam_toolbox/include/slam_toolbox/srv/detail/serialize_pose_graph__rosidl_typesupport_introspection_cpp.hpp
[1.197s] -- Up-to-date: /root/researchv2/install/slam_toolbox/include/slam_toolbox/srv/detail/save_map__type_support.cpp
[1.198s] -- Up-to-date: /root/researchv2/install/slam_toolbox/include/slam_toolbox/srv/detail/save_map__rosidl_typesupport_introspection_cpp.hpp
[1.198s] -- Up-to-date: /root/researchv2/install/slam_toolbox/include/slam_toolbox/srv/detail/add_submap__rosidl_typesupport_introspection_cpp.hpp
[1.198s] -- Up-to-date: /root/researchv2/install/slam_toolbox/include/slam_toolbox/srv/detail/add_submap__type_support.cpp
[1.198s] -- Up-to-date: /root/researchv2/install/slam_toolbox/include/slam_toolbox/srv/detail/pause__rosidl_typesupport_introspection_cpp.hpp
[1.198s] -- Up-to-date: /root/researchv2/install/slam_toolbox/include/slam_toolbox/srv/detail/clear__type_support.cpp
[1.199s] -- Up-to-date: /root/researchv2/install/slam_toolbox/include/slam_toolbox/srv/detail/clear_queue__type_support.cpp
[1.199s] -- Up-to-date: /root/researchv2/install/slam_toolbox/include/slam_toolbox/srv/detail/loop_closure__rosidl_typesupport_introspection_cpp.hpp
[1.199s] -- Up-to-date: /root/researchv2/install/slam_toolbox/include/slam_toolbox/srv/detail/clear__rosidl_typesupport_introspection_cpp.hpp
[1.199s] -- Up-to-date: /root/researchv2/install/slam_toolbox/include/slam_toolbox/srv/detail/clear_queue__rosidl_typesupport_introspection_cpp.hpp
[1.200s] -- Up-to-date: /root/researchv2/install/slam_toolbox/include/slam_toolbox/srv/detail/merge_maps__type_support.cpp
[1.200s] -- Up-to-date: /root/researchv2/install/slam_toolbox/include/slam_toolbox/srv/detail/toggle_interactive__type_support.cpp
[1.200s] -- Up-to-date: /root/researchv2/install/slam_toolbox/include/slam_toolbox/srv/detail/loop_closure__type_support.cpp
[1.200s] -- Up-to-date: /root/researchv2/install/slam_toolbox/include/slam_toolbox/srv/detail/deserialize_pose_graph__type_support.cpp
[1.201s] -- Up-to-date: /root/researchv2/install/slam_toolbox/include/slam_toolbox/srv/detail/merge_maps__rosidl_typesupport_introspection_cpp.hpp
[1.202s] -- Up-to-date: /root/researchv2/install/slam_toolbox/include/slam_toolbox/srv/detail/deserialize_pose_graph__rosidl_typesupport_introspection_cpp.hpp
[1.204s] -- Up-to-date: /root/researchv2/install/slam_toolbox/lib/libslam_toolbox__rosidl_typesupport_introspection_cpp.so
[1.205s] -- Up-to-date: /root/researchv2/install/slam_toolbox/lib/libslam_toolbox__rosidl_typesupport_cpp.so
[1.206s] -- Up-to-date: /root/researchv2/install/slam_toolbox/share/slam_toolbox/environment/pythonpath.sh
[1.207s] -- Up-to-date: /root/researchv2/install/slam_toolbox/share/slam_toolbox/environment/pythonpath.dsv
[1.207s] -- Up-to-date: /root/researchv2/install/slam_toolbox/lib/python3.8/site-packages/slam_toolbox/__init__.py
[1.241s] -- Up-to-date: /root/researchv2/install/slam_toolbox/lib/python3.8/site-packages/slam_toolbox/srv
[1.241s] -- Up-to-date: /root/researchv2/install/slam_toolbox/lib/python3.8/site-packages/slam_toolbox/srv/_save_map_s.c
[1.241s] -- Up-to-date: /root/researchv2/install/slam_toolbox/lib/python3.8/site-packages/slam_toolbox/srv/_clear.py
[1.242s] -- Up-to-date: /root/researchv2/install/slam_toolbox/lib/python3.8/site-packages/slam_toolbox/srv/_clear_queue_s.c
[1.242s] -- Up-to-date: /root/researchv2/install/slam_toolbox/lib/python3.8/site-packages/slam_toolbox/srv/_serialize_pose_graph_s.c
[1.243s] -- Up-to-date: /root/researchv2/install/slam_toolbox/lib/python3.8/site-packages/slam_toolbox/srv/_clear_s.c
[1.243s] -- Up-to-date: /root/researchv2/install/slam_toolbox/lib/python3.8/site-packages/slam_toolbox/srv/_serialize_pose_graph.py
[1.243s] -- Up-to-date: /root/researchv2/install/slam_toolbox/lib/python3.8/site-packages/slam_toolbox/srv/_toggle_interactive.py
[1.248s] -- Up-to-date: /root/researchv2/install/slam_toolbox/lib/python3.8/site-packages/slam_toolbox/srv/_merge_maps.py
[1.248s] -- Up-to-date: /root/researchv2/install/slam_toolbox/lib/python3.8/site-packages/slam_toolbox/srv/_add_submap_s.c
[1.248s] -- Up-to-date: /root/researchv2/install/slam_toolbox/lib/python3.8/site-packages/slam_toolbox/srv/_loop_closure_s.c
[1.249s] -- Up-to-date: /root/researchv2/install/slam_toolbox/lib/python3.8/site-packages/slam_toolbox/srv/_loop_closure.py
[1.249s] -- Up-to-date: /root/researchv2/install/slam_toolbox/lib/python3.8/site-packages/slam_toolbox/srv/_add_submap.py
[1.250s] -- Up-to-date: /root/researchv2/install/slam_toolbox/lib/python3.8/site-packages/slam_toolbox/srv/_deserialize_pose_graph_s.c
[1.250s] -- Up-to-date: /root/researchv2/install/slam_toolbox/lib/python3.8/site-packages/slam_toolbox/srv/_pause.py
[1.250s] -- Up-to-date: /root/researchv2/install/slam_toolbox/lib/python3.8/site-packages/slam_toolbox/srv/_pause_s.c
[1.251s] -- Up-to-date: /root/researchv2/install/slam_toolbox/lib/python3.8/site-packages/slam_toolbox/srv/_clear_queue.py
[1.251s] -- Up-to-date: /root/researchv2/install/slam_toolbox/lib/python3.8/site-packages/slam_toolbox/srv/_save_map.py
[1.252s] -- Up-to-date: /root/researchv2/install/slam_toolbox/lib/python3.8/site-packages/slam_toolbox/srv/_merge_maps_s.c
[1.256s] -- Up-to-date: /root/researchv2/install/slam_toolbox/lib/python3.8/site-packages/slam_toolbox/srv/_toggle_interactive_s.c
[1.257s] -- Up-to-date: /root/researchv2/install/slam_toolbox/lib/python3.8/site-packages/slam_toolbox/srv/_deserialize_pose_graph.py
[1.257s] -- Up-to-date: /root/researchv2/install/slam_toolbox/lib/python3.8/site-packages/slam_toolbox/srv/__init__.py
[1.257s] -- Up-to-date: /root/researchv2/install/slam_toolbox/lib/python3.8/site-packages/slam_toolbox/slam_toolbox_s__rosidl_typesupport_fastrtps_c.cpython-38-x86_64-linux-gnu.so
[1.258s] -- Up-to-date: /root/researchv2/install/slam_toolbox/lib/python3.8/site-packages/slam_toolbox/slam_toolbox_s__rosidl_typesupport_introspection_c.cpython-38-x86_64-linux-gnu.so
[1.258s] -- Up-to-date: /root/researchv2/install/slam_toolbox/lib/python3.8/site-packages/slam_toolbox/slam_toolbox_s__rosidl_typesupport_c.cpython-38-x86_64-linux-gnu.so
[1.258s] -- Up-to-date: /root/researchv2/install/slam_toolbox/lib/libslam_toolbox__python.so
[1.259s] -- Up-to-date: /root/researchv2/install/slam_toolbox/share/slam_toolbox/srv/Pause.idl
[1.259s] -- Up-to-date: /root/researchv2/install/slam_toolbox/share/slam_toolbox/srv/ClearQueue.idl
[1.260s] -- Up-to-date: /root/researchv2/install/slam_toolbox/share/slam_toolbox/srv/ToggleInteractive.idl
[1.265s] -- Up-to-date: /root/researchv2/install/slam_toolbox/share/slam_toolbox/srv/Clear.idl
[1.266s] -- Up-to-date: /root/researchv2/install/slam_toolbox/share/slam_toolbox/srv/SaveMap.idl
[1.266s] -- Up-to-date: /root/researchv2/install/slam_toolbox/share/slam_toolbox/srv/LoopClosure.idl
[1.267s] -- Up-to-date: /root/researchv2/install/slam_toolbox/share/slam_toolbox/srv/MergeMaps.idl
[1.268s] -- Up-to-date: /root/researchv2/install/slam_toolbox/share/slam_toolbox/srv/AddSubmap.idl
[1.269s] -- Up-to-date: /root/researchv2/install/slam_toolbox/share/slam_toolbox/srv/DeserializePoseGraph.idl
[1.269s] -- Up-to-date: /root/researchv2/install/slam_toolbox/share/slam_toolbox/srv/SerializePoseGraph.idl
[1.270s] -- Up-to-date: /root/researchv2/install/slam_toolbox/share/slam_toolbox/srvs/Pause.srv
[1.271s] -- Up-to-date: /root/researchv2/install/slam_toolbox/share/slam_toolbox/srvs/Pause_Request.msg
[1.272s] -- Up-to-date: /root/researchv2/install/slam_toolbox/share/slam_toolbox/srvs/Pause_Response.msg
[1.272s] -- Up-to-date: /root/researchv2/install/slam_toolbox/share/slam_toolbox/srvs/ClearQueue.srv
[1.275s] -- Up-to-date: /root/researchv2/install/slam_toolbox/share/slam_toolbox/srvs/ClearQueue_Request.msg
[1.275s] -- Up-to-date: /root/researchv2/install/slam_toolbox/share/slam_toolbox/srvs/ClearQueue_Response.msg
[1.276s] -- Up-to-date: /root/researchv2/install/slam_toolbox/share/slam_toolbox/srvs/ToggleInteractive.srv
[1.276s] -- Up-to-date: /root/researchv2/install/slam_toolbox/share/slam_toolbox/srvs/ToggleInteractive_Request.msg
[1.276s] -- Up-to-date: /root/researchv2/install/slam_toolbox/share/slam_toolbox/srvs/ToggleInteractive_Response.msg
[1.276s] -- Up-to-date: /root/researchv2/install/slam_toolbox/share/slam_toolbox/srvs/Clear.srv
[1.276s] -- Up-to-date: /root/researchv2/install/slam_toolbox/share/slam_toolbox/srvs/Clear_Request.msg
[1.277s] -- Up-to-date: /root/researchv2/install/slam_toolbox/share/slam_toolbox/srvs/Clear_Response.msg
[1.277s] -- Up-to-date: /root/researchv2/install/slam_toolbox/share/slam_toolbox/srvs/SaveMap.srv
[1.278s] -- Up-to-date: /root/researchv2/install/slam_toolbox/share/slam_toolbox/srvs/SaveMap_Request.msg
[1.278s] -- Up-to-date: /root/researchv2/install/slam_toolbox/share/slam_toolbox/srvs/SaveMap_Response.msg
[1.279s] -- Up-to-date: /root/researchv2/install/slam_toolbox/share/slam_toolbox/srvs/LoopClosure.srv
[1.279s] -- Up-to-date: /root/researchv2/install/slam_toolbox/share/slam_toolbox/srvs/LoopClosure_Request.msg
[1.279s] -- Up-to-date: /root/researchv2/install/slam_toolbox/share/slam_toolbox/srvs/LoopClosure_Response.msg
[1.280s] -- Up-to-date: /root/researchv2/install/slam_toolbox/share/slam_toolbox/srvs/MergeMaps.srv
[1.280s] -- Up-to-date: /root/researchv2/install/slam_toolbox/share/slam_toolbox/srvs/MergeMaps_Request.msg
[1.284s] -- Up-to-date: /root/researchv2/install/slam_toolbox/share/slam_toolbox/srvs/MergeMaps_Response.msg
[1.285s] -- Up-to-date: /root/researchv2/install/slam_toolbox/share/slam_toolbox/srvs/AddSubmap.srv
[1.285s] -- Up-to-date: /root/researchv2/install/slam_toolbox/share/slam_toolbox/srvs/AddSubmap_Request.msg
[1.286s] -- Up-to-date: /root/researchv2/install/slam_toolbox/share/slam_toolbox/srvs/AddSubmap_Response.msg
[1.286s] -- Up-to-date: /root/researchv2/install/slam_toolbox/share/slam_toolbox/srvs/DeserializePoseGraph.srv
[1.286s] -- Up-to-date: /root/researchv2/install/slam_toolbox/share/slam_toolbox/srvs/DeserializePoseGraph_Request.msg
[1.286s] -- Up-to-date: /root/researchv2/install/slam_toolbox/share/slam_toolbox/srvs/DeserializePoseGraph_Response.msg
[1.287s] -- Up-to-date: /root/researchv2/install/slam_toolbox/share/slam_toolbox/srvs/SerializePoseGraph.srv
[1.287s] -- Up-to-date: /root/researchv2/install/slam_toolbox/share/slam_toolbox/srvs/SerializePoseGraph_Request.msg
[1.288s] -- Up-to-date: /root/researchv2/install/slam_toolbox/share/slam_toolbox/srvs/SerializePoseGraph_Response.msg
[1.292s] -- Up-to-date: /root/researchv2/install/slam_toolbox/share/slam_toolbox/rviz_plugins.xml
[1.292s] -- Up-to-date: /root/researchv2/install/slam_toolbox/share/slam_toolbox/solver_plugins.xml
[1.292s] -- Up-to-date: /root/researchv2/install/slam_toolbox/lib/slam_toolbox/async_slam_toolbox_node
[1.292s] -- Up-to-date: /root/researchv2/install/slam_toolbox/lib/slam_toolbox/sync_slam_toolbox_node
[1.293s] -- Up-to-date: /root/researchv2/install/slam_toolbox/lib/slam_toolbox/localization_slam_toolbox_node
[1.293s] -- Up-to-date: /root/researchv2/install/slam_toolbox/lib/slam_toolbox/lifelong_slam_toolbox_node
[1.293s] -- Up-to-date: /root/researchv2/install/slam_toolbox/lib/slam_toolbox/merge_maps_kinematic
[1.293s] -- Up-to-date: /root/researchv2/install/slam_toolbox/lib/libtoolbox_common.so
[1.294s] -- Up-to-date: /root/researchv2/install/slam_toolbox/lib/libSlamToolboxPlugin.so
[1.294s] -- Up-to-date: /root/researchv2/install/slam_toolbox/lib/libceres_solver_plugin.so
[1.294s] -- Up-to-date: /root/researchv2/install/slam_toolbox/lib/libasync_slam_toolbox.so
[1.294s] -- Up-to-date: /root/researchv2/install/slam_toolbox/lib/libsync_slam_toolbox.so
[1.295s] -- Up-to-date: /root/researchv2/install/slam_toolbox/lib/liblocalization_slam_toolbox.so
[1.295s] -- Up-to-date: /root/researchv2/install/slam_toolbox/lib/liblifelong_slam_toolbox.so
[1.297s] -- Up-to-date: /root/researchv2/install/slam_toolbox/lib/libSlamToolboxPlugin.so
[1.297s] -- Up-to-date: /root/researchv2/install/slam_toolbox/include
[1.297s] -- Up-to-date: /root/researchv2/install/slam_toolbox/include/slam_toolbox
[1.298s] -- Up-to-date: /root/researchv2/install/slam_toolbox/include/slam_toolbox/laser_utils.hpp
[1.298s] -- Up-to-date: /root/researchv2/install/slam_toolbox/include/slam_toolbox/snap_utils.hpp
[1.298s] -- Up-to-date: /root/researchv2/install/slam_toolbox/include/slam_toolbox/slam_toolbox_localization.hpp
[1.299s] -- Up-to-date: /root/researchv2/install/slam_toolbox/include/slam_toolbox/slam_toolbox_common.hpp
[1.299s] -- Up-to-date: /root/researchv2/install/slam_toolbox/include/slam_toolbox/toolbox_msgs.hpp
[1.299s] -- Up-to-date: /root/researchv2/install/slam_toolbox/include/slam_toolbox/visualization_utils.hpp
[1.301s] -- Up-to-date: /root/researchv2/install/slam_toolbox/include/slam_toolbox/toolbox_types.hpp
[1.301s] -- Up-to-date: /root/researchv2/install/slam_toolbox/include/slam_toolbox/loop_closure_assistant.hpp
[1.301s] -- Up-to-date: /root/researchv2/install/slam_toolbox/include/slam_toolbox/experimental
[1.301s] -- Up-to-date: /root/researchv2/install/slam_toolbox/include/slam_toolbox/experimental/slam_toolbox_lifelong.hpp
[1.302s] -- Up-to-date: /root/researchv2/install/slam_toolbox/include/slam_toolbox/map_saver.hpp
[1.302s] -- Up-to-date: /root/researchv2/install/slam_toolbox/include/slam_toolbox/slam_toolbox_sync.hpp
[1.302s] -- Up-to-date: /root/researchv2/install/slam_toolbox/include/slam_toolbox/merge_maps_kinematic.hpp
[1.302s] -- Up-to-date: /root/researchv2/install/slam_toolbox/include/slam_toolbox/slam_mapper.hpp
[1.304s] -- Up-to-date: /root/researchv2/install/slam_toolbox/include/slam_toolbox/serialization.hpp
[1.304s] -- Up-to-date: /root/researchv2/install/slam_toolbox/include/slam_toolbox/slam_toolbox_async.hpp
[1.304s] -- Up-to-date: /root/researchv2/install/slam_toolbox/include/slam_toolbox/get_pose_helper.hpp
[1.304s] -- Up-to-date: /root/researchv2/install/slam_toolbox/share/slam_toolbox/launch
[1.305s] -- Up-to-date: /root/researchv2/install/slam_toolbox/share/slam_toolbox/launch/online_sync_launch.py
[1.305s] -- Up-to-date: /root/researchv2/install/slam_toolbox/share/slam_toolbox/launch/localization_launch.py
[1.305s] -- Up-to-date: /root/researchv2/install/slam_toolbox/share/slam_toolbox/launch/online_async_launch.py
[1.305s] -- Up-to-date: /root/researchv2/install/slam_toolbox/share/slam_toolbox/launch/offline_launch.py
[1.306s] -- Up-to-date: /root/researchv2/install/slam_toolbox/share/slam_toolbox/launch/merge_maps_kinematic_launch.py
[1.306s] -- Up-to-date: /root/researchv2/install/slam_toolbox/share/slam_toolbox/launch/lifelong_launch.py
[1.306s] -- Up-to-date: /root/researchv2/install/slam_toolbox/share/slam_toolbox/config
[1.307s] -- Up-to-date: /root/researchv2/install/slam_toolbox/share/slam_toolbox/config/mapper_params_offline.yaml
[1.307s] -- Up-to-date: /root/researchv2/install/slam_toolbox/share/slam_toolbox/config/mapper_params_online_async.yaml
[1.307s] -- Up-to-date: /root/researchv2/install/slam_toolbox/share/slam_toolbox/config/mapper_params_online_sync.yaml
[1.307s] -- Up-to-date: /root/researchv2/install/slam_toolbox/share/slam_toolbox/config/mapper_params_lifelong.yaml
[1.308s] -- Up-to-date: /root/researchv2/install/slam_toolbox/share/slam_toolbox/config/mapper_params_localization.yaml
[1.308s] -- Up-to-date: /root/researchv2/install/slam_toolbox/share/solver_plugins.xml
[1.308s] -- Up-to-date: /root/researchv2/install/slam_toolbox/share/rviz_plugins.xml
[1.308s] -- Up-to-date: /root/researchv2/install/slam_toolbox/share/ament_index/resource_index/package_run_dependencies/slam_toolbox
[1.309s] -- Up-to-date: /root/researchv2/install/slam_toolbox/share/ament_index/resource_index/parent_prefix_path/slam_toolbox
[1.309s] -- Up-to-date: /root/researchv2/install/slam_toolbox/share/slam_toolbox/environment/ament_prefix_path.sh
[1.309s] -- Up-to-date: /root/researchv2/install/slam_toolbox/share/slam_toolbox/environment/ament_prefix_path.dsv
[1.310s] -- Up-to-date: /root/researchv2/install/slam_toolbox/share/slam_toolbox/environment/path.sh
[1.310s] -- Up-to-date: /root/researchv2/install/slam_toolbox/share/slam_toolbox/environment/path.dsv
[1.310s] -- Up-to-date: /root/researchv2/install/slam_toolbox/share/slam_toolbox/local_setup.bash
[1.310s] -- Up-to-date: /root/researchv2/install/slam_toolbox/share/slam_toolbox/local_setup.sh
[1.310s] -- Up-to-date: /root/researchv2/install/slam_toolbox/share/slam_toolbox/local_setup.zsh
[1.311s] -- Up-to-date: /root/researchv2/install/slam_toolbox/share/slam_toolbox/local_setup.dsv
[1.311s] -- Installing: /root/researchv2/install/slam_toolbox/share/slam_toolbox/package.dsv
[1.311s] -- Up-to-date: /root/researchv2/install/slam_toolbox/share/ament_index/resource_index/packages/slam_toolbox
[1.311s] -- Up-to-date: /root/researchv2/install/slam_toolbox/share/ament_index/resource_index/rviz_common__pluginlib__plugin/slam_toolbox
[1.312s] -- Up-to-date: /root/researchv2/install/slam_toolbox/share/ament_index/resource_index/slam_toolbox__pluginlib__plugin/slam_toolbox
[1.312s] -- Up-to-date: /root/researchv2/install/slam_toolbox/share/slam_toolbox/cmake/slam_toolbox__rosidl_generator_cExport.cmake
[1.312s] -- Up-to-date: /root/researchv2/install/slam_toolbox/share/slam_toolbox/cmake/slam_toolbox__rosidl_generator_cExport-release.cmake
[1.312s] -- Up-to-date: /root/researchv2/install/slam_toolbox/share/slam_toolbox/cmake/slam_toolbox__rosidl_typesupport_introspection_cExport.cmake
[1.313s] -- Up-to-date: /root/researchv2/install/slam_toolbox/share/slam_toolbox/cmake/slam_toolbox__rosidl_typesupport_introspection_cExport-release.cmake
[1.313s] -- Up-to-date: /root/researchv2/install/slam_toolbox/share/slam_toolbox/cmake/slam_toolbox__rosidl_typesupport_cExport.cmake
[1.313s] -- Up-to-date: /root/researchv2/install/slam_toolbox/share/slam_toolbox/cmake/slam_toolbox__rosidl_typesupport_cExport-release.cmake
[1.313s] -- Up-to-date: /root/researchv2/install/slam_toolbox/share/slam_toolbox/cmake/slam_toolbox__rosidl_generator_cppExport.cmake
[1.313s] -- Up-to-date: /root/researchv2/install/slam_toolbox/share/slam_toolbox/cmake/slam_toolbox__rosidl_typesupport_introspection_cppExport.cmake
[1.314s] -- Up-to-date: /root/researchv2/install/slam_toolbox/share/slam_toolbox/cmake/slam_toolbox__rosidl_typesupport_introspection_cppExport-release.cmake
[1.314s] -- Up-to-date: /root/researchv2/install/slam_toolbox/share/slam_toolbox/cmake/slam_toolbox__rosidl_typesupport_cppExport.cmake
[1.314s] -- Up-to-date: /root/researchv2/install/slam_toolbox/share/slam_toolbox/cmake/slam_toolbox__rosidl_typesupport_cppExport-release.cmake
[1.314s] -- Up-to-date: /root/researchv2/install/slam_toolbox/share/slam_toolbox/cmake/SlamToolboxPluginExport.cmake
[1.315s] -- Up-to-date: /root/researchv2/install/slam_toolbox/share/slam_toolbox/cmake/SlamToolboxPluginExport-release.cmake
[1.315s] -- Up-to-date: /root/researchv2/install/slam_toolbox/share/slam_toolbox/cmake/rosidl_cmake-extras.cmake
[1.315s] -- Up-to-date: /root/researchv2/install/slam_toolbox/share/slam_toolbox/cmake/ament_cmake_export_dependencies-extras.cmake
[1.315s] -- Up-to-date: /root/researchv2/install/slam_toolbox/share/slam_toolbox/cmake/ament_cmake_export_libraries-extras.cmake
[1.316s] -- Up-to-date: /root/researchv2/install/slam_toolbox/share/slam_toolbox/cmake/ament_cmake_export_targets-extras.cmake
[1.316s] -- Up-to-date: /root/researchv2/install/slam_toolbox/share/slam_toolbox/cmake/ament_cmake_export_include_directories-extras.cmake
[1.316s] -- Up-to-date: /root/researchv2/install/slam_toolbox/share/slam_toolbox/cmake/rosidl_cmake_export_typesupport_libraries-extras.cmake
[1.316s] -- Up-to-date: /root/researchv2/install/slam_toolbox/share/slam_toolbox/cmake/rosidl_cmake_export_typesupport_targets-extras.cmake
[1.316s] -- Up-to-date: /root/researchv2/install/slam_toolbox/share/slam_toolbox/cmake/slam_toolboxConfig.cmake
[1.317s] -- Up-to-date: /root/researchv2/install/slam_toolbox/share/slam_toolbox/cmake/slam_toolboxConfig-version.cmake
[1.317s] -- Up-to-date: /root/researchv2/install/slam_toolbox/share/slam_toolbox/package.xml
[1.317s] -- Up-to-date: /root/researchv2/install/slam_toolbox/include/
[1.317s] -- Up-to-date: /root/researchv2/install/slam_toolbox/include//karto_sdk
[1.317s] -- Up-to-date: /root/researchv2/install/slam_toolbox/include//karto_sdk/Karto.h
[1.318s] -- Up-to-date: /root/researchv2/install/slam_toolbox/include//karto_sdk/Math.h
[1.318s] -- Up-to-date: /root/researchv2/install/slam_toolbox/include//karto_sdk/nanoflann_adaptors.h
[1.319s] -- Up-to-date: /root/researchv2/install/slam_toolbox/include//karto_sdk/Mapper.h
[1.319s] -- Up-to-date: /root/researchv2/install/slam_toolbox/include//karto_sdk/Types.h
[1.319s] -- Up-to-date: /root/researchv2/install/slam_toolbox/include//karto_sdk/nanoflann.hpp
[1.321s] -- Up-to-date: /root/researchv2/install/slam_toolbox/include//karto_sdk/Macros.h
[1.322s] -- Up-to-date: /root/researchv2/install/slam_toolbox/lib/libkartoSlamToolbox.so
[1.324s] -- Up-to-date: /root/researchv2/install/slam_toolbox/share/karto_sdk/environment/library_path.sh
[1.325s] -- Up-to-date: /root/researchv2/install/slam_toolbox/share/karto_sdk/environment/library_path.dsv
[1.328s] -- Up-to-date: /root/researchv2/install/slam_toolbox/share/ament_index/resource_index/package_run_dependencies/karto_sdk
[1.328s] -- Up-to-date: /root/researchv2/install/slam_toolbox/share/ament_index/resource_index/parent_prefix_path/karto_sdk
[1.329s] -- Up-to-date: /root/researchv2/install/slam_toolbox/share/karto_sdk/environment/ament_prefix_path.sh
[1.329s] -- Up-to-date: /root/researchv2/install/slam_toolbox/share/karto_sdk/environment/ament_prefix_path.dsv
[1.331s] -- Up-to-date: /root/researchv2/install/slam_toolbox/share/karto_sdk/environment/path.sh
[1.336s] -- Up-to-date: /root/researchv2/install/slam_toolbox/share/karto_sdk/environment/path.dsv
[1.336s] -- Up-to-date: /root/researchv2/install/slam_toolbox/share/karto_sdk/local_setup.bash
[1.337s] -- Up-to-date: /root/researchv2/install/slam_toolbox/share/karto_sdk/local_setup.sh
[1.337s] -- Up-to-date: /root/researchv2/install/slam_toolbox/share/karto_sdk/local_setup.zsh
[1.337s] -- Up-to-date: /root/researchv2/install/slam_toolbox/share/karto_sdk/local_setup.dsv
[1.337s] -- Up-to-date: /root/researchv2/install/slam_toolbox/share/karto_sdk/package.dsv
[1.337s] -- Up-to-date: /root/researchv2/install/slam_toolbox/share/ament_index/resource_index/packages/karto_sdk
[1.337s] -- Up-to-date: /root/researchv2/install/slam_toolbox/share/karto_sdk/cmake/ament_cmake_export_libraries-extras.cmake
[1.338s] -- Up-to-date: /root/researchv2/install/slam_toolbox/share/karto_sdk/cmake/ament_cmake_export_include_directories-extras.cmake
[1.338s] -- Up-to-date: /root/researchv2/install/slam_toolbox/share/karto_sdk/cmake/ament_cmake_export_dependencies-extras.cmake
[1.338s] -- Up-to-date: /root/researchv2/install/slam_toolbox/share/karto_sdk/cmake/karto_sdkConfig.cmake
[1.338s] -- Up-to-date: /root/researchv2/install/slam_toolbox/share/karto_sdk/cmake/karto_sdkConfig-version.cmake
[1.339s] -- Up-to-date: /root/researchv2/install/slam_toolbox/share/karto_sdk/package.xml
[1.341s] Invoked command in '/root/researchv2/build/slam_toolbox' returned '0': CMAKE_PREFIX_PATH=${CMAKE_PREFIX_PATH}:/root/researchv2/install/chaser_system:/opt/ros/foxy /usr/bin/cmake --install /root/researchv2/build/slam_toolbox
