[0.047s] Invoking command in '/root/researchv2/build/turtlebot3_simulations': CMAKE_PREFIX_PATH=/root/researchv2/install/turtlebot3_gazebo:/root/researchv2/install/turtlebot3_fake_node:/root/researchv2/install/urg_node:/root/researchv2/install/urg_node_msgs:/root/researchv2/install/turtlebot3_simulations:/root/researchv2/install/slam_toolbox:/root/researchv2/install/mymsg:/root/researchv2/install/chaser_system:/opt/ros/foxy /usr/bin/cmake --build /root/researchv2/build/turtlebot3_simulations -- -j12 -l12
[0.248s] Invoked command in '/root/researchv2/build/turtlebot3_simulations' returned '0': CMAKE_PREFIX_PATH=/root/researchv2/install/turtlebot3_gazebo:/root/researchv2/install/turtlebot3_fake_node:/root/researchv2/install/urg_node:/root/researchv2/install/urg_node_msgs:/root/researchv2/install/turtlebot3_simulations:/root/researchv2/install/slam_toolbox:/root/researchv2/install/mymsg:/root/researchv2/install/chaser_system:/opt/ros/foxy /usr/bin/cmake --build /root/researchv2/build/turtlebot3_simulations -- -j12 -l12
[0.417s] Invoking command in '/root/researchv2/build/turtlebot3_simulations': CMAKE_PREFIX_PATH=/root/researchv2/install/turtlebot3_gazebo:/root/researchv2/install/turtlebot3_fake_node:/root/researchv2/install/urg_node:/root/researchv2/install/urg_node_msgs:/root/researchv2/install/turtlebot3_simulations:/root/researchv2/install/slam_toolbox:/root/researchv2/install/mymsg:/root/researchv2/install/chaser_system:/opt/ros/foxy /usr/bin/cmake --install /root/researchv2/build/turtlebot3_simulations
[0.441s] -- Install configuration: ""
[0.442s] -- Execute custom install script
[0.444s] -- Up-to-date symlink: /root/researchv2/install/turtlebot3_simulations/share/ament_index/resource_index/package_run_dependencies/turtlebot3_simulations
[0.444s] -- Up-to-date symlink: /root/researchv2/install/turtlebot3_simulations/share/ament_index/resource_index/parent_prefix_path/turtlebot3_simulations
[0.445s] -- Up-to-date symlink: /root/researchv2/install/turtlebot3_simulations/share/turtlebot3_simulations/environment/ament_prefix_path.sh
[0.446s] -- Up-to-date symlink: /root/researchv2/install/turtlebot3_simulations/share/turtlebot3_simulations/environment/ament_prefix_path.dsv
[0.447s] -- Up-to-date symlink: /root/researchv2/install/turtlebot3_simulations/share/turtlebot3_simulations/environment/path.sh
[0.449s] -- Up-to-date symlink: /root/researchv2/install/turtlebot3_simulations/share/turtlebot3_simulations/environment/path.dsv
[0.450s] -- Up-to-date symlink: /root/researchv2/install/turtlebot3_simulations/share/turtlebot3_simulations/local_setup.bash
[0.451s] -- Up-to-date symlink: /root/researchv2/install/turtlebot3_simulations/share/turtlebot3_simulations/local_setup.sh
[0.453s] -- Up-to-date symlink: /root/researchv2/install/turtlebot3_simulations/share/turtlebot3_simulations/local_setup.zsh
[0.454s] -- Up-to-date symlink: /root/researchv2/install/turtlebot3_simulations/share/turtlebot3_simulations/local_setup.dsv
[0.455s] -- Symlinking: /root/researchv2/install/turtlebot3_simulations/share/turtlebot3_simulations/package.dsv
[0.484s] -- Up-to-date symlink: /root/researchv2/install/turtlebot3_simulations/share/ament_index/resource_index/packages/turtlebot3_simulations
[0.485s] -- Up-to-date symlink: /root/researchv2/install/turtlebot3_simulations/share/turtlebot3_simulations/cmake/turtlebot3_simulationsConfig.cmake
[0.494s] -- Up-to-date symlink: /root/researchv2/install/turtlebot3_simulations/share/turtlebot3_simulations/cmake/turtlebot3_simulationsConfig-version.cmake
[0.494s] -- Up-to-date symlink: /root/researchv2/install/turtlebot3_simulations/share/turtlebot3_simulations/package.xml
[0.537s] Invoked command in '/root/researchv2/build/turtlebot3_simulations' returned '0': CMAKE_PREFIX_PATH=/root/researchv2/install/turtlebot3_gazebo:/root/researchv2/install/turtlebot3_fake_node:/root/researchv2/install/urg_node:/root/researchv2/install/urg_node_msgs:/root/researchv2/install/turtlebot3_simulations:/root/researchv2/install/slam_toolbox:/root/researchv2/install/mymsg:/root/researchv2/install/chaser_system:/opt/ros/foxy /usr/bin/cmake --install /root/researchv2/build/turtlebot3_simulations
