[0.053s] Invoking command in '/root/researchv2/build/urg_node_msgs': CMAKE_PREFIX_PATH=${CMAKE_PREFIX_PATH}:/root/researchv2/install/chaser_system:/opt/ros/foxy /usr/bin/cmake --build /root/researchv2/build/urg_node_msgs -- -j12 -l12
[0.151s] [ 12%] Built target urg_node_msgs__cpp
[0.151s] [ 12%] Built target urg_node_msgs__rosidl_generator_c
[0.215s] [ 22%] Built target urg_node_msgs__rosidl_typesupport_introspection_c
[0.215s] [ 32%] Built target urg_node_msgs__rosidl_typesupport_c
[0.276s] [ 51%] Built target urg_node_msgs__rosidl_typesupport_cpp
[0.276s] [ 51%] Built target urg_node_msgs__rosidl_typesupport_fastrtps_cpp
[0.281s] [ 61%] Built target urg_node_msgs__rosidl_typesupport_introspection_cpp
[0.320s] [ 70%] Built target urg_node_msgs__rosidl_typesupport_fastrtps_c
[0.355s] [ 70%] Built target urg_node_msgs
[0.396s] [ 74%] Built target urg_node_msgs__py
[0.462s] [ 80%] Built target urg_node_msgs__python
[0.520s] [ 87%] Built target urg_node_msgs__rosidl_typesupport_fastrtps_c__pyext
[0.520s] [ 93%] Built target urg_node_msgs__rosidl_typesupport_c__pyext
[0.533s] [100%] Built target urg_node_msgs__rosidl_typesupport_introspection_c__pyext
[0.587s] Invoked command in '/root/researchv2/build/urg_node_msgs' returned '0': CMAKE_PREFIX_PATH=${CMAKE_PREFIX_PATH}:/root/researchv2/install/chaser_system:/opt/ros/foxy /usr/bin/cmake --build /root/researchv2/build/urg_node_msgs -- -j12 -l12
[0.718s] Invoking command in '/root/researchv2/build/urg_node_msgs': CMAKE_PREFIX_PATH=${CMAKE_PREFIX_PATH}:/root/researchv2/install/chaser_system:/opt/ros/foxy /usr/bin/cmake --install /root/researchv2/build/urg_node_msgs
[0.735s] -- Install configuration: ""
[0.736s] -- Up-to-date: /root/researchv2/install/urg_node_msgs/share/ament_index/resource_index/rosidl_interfaces/urg_node_msgs
[0.736s] -- Up-to-date: /root/researchv2/install/urg_node_msgs/include/urg_node_msgs
[0.736s] -- Up-to-date: /root/researchv2/install/urg_node_msgs/include/urg_node_msgs/msg
[0.736s] -- Up-to-date: /root/researchv2/install/urg_node_msgs/include/urg_node_msgs/msg/rosidl_generator_c__visibility_control.h
[0.737s] -- Up-to-date: /root/researchv2/install/urg_node_msgs/include/urg_node_msgs/msg/status.h
[0.737s] -- Up-to-date: /root/researchv2/install/urg_node_msgs/include/urg_node_msgs/msg/detail
[0.737s] -- Up-to-date: /root/researchv2/install/urg_node_msgs/include/urg_node_msgs/msg/detail/status__struct.h
[0.737s] -- Up-to-date: /root/researchv2/install/urg_node_msgs/include/urg_node_msgs/msg/detail/status__functions.h
[0.738s] -- Up-to-date: /root/researchv2/install/urg_node_msgs/include/urg_node_msgs/msg/detail/status__functions.c
[0.738s] -- Up-to-date: /root/researchv2/install/urg_node_msgs/include/urg_node_msgs/msg/detail/status__type_support.h
[0.738s] -- Up-to-date: /root/researchv2/install/urg_node_msgs/share/urg_node_msgs/environment/library_path.sh
[0.738s] -- Up-to-date: /root/researchv2/install/urg_node_msgs/share/urg_node_msgs/environment/library_path.dsv
[0.739s] -- Up-to-date: /root/researchv2/install/urg_node_msgs/lib/liburg_node_msgs__rosidl_generator_c.so
[0.739s] -- Up-to-date: /root/researchv2/install/urg_node_msgs/include/urg_node_msgs
[0.739s] -- Up-to-date: /root/researchv2/install/urg_node_msgs/include/urg_node_msgs/msg
[0.739s] -- Up-to-date: /root/researchv2/install/urg_node_msgs/include/urg_node_msgs/msg/detail
[0.739s] -- Up-to-date: /root/researchv2/install/urg_node_msgs/include/urg_node_msgs/msg/detail/status__rosidl_typesupport_fastrtps_c.h
[0.740s] -- Up-to-date: /root/researchv2/install/urg_node_msgs/include/urg_node_msgs/msg/rosidl_typesupport_fastrtps_c__visibility_control.h
[0.740s] -- Up-to-date: /root/researchv2/install/urg_node_msgs/lib/liburg_node_msgs__rosidl_typesupport_fastrtps_c.so
[0.740s] -- Up-to-date: /root/researchv2/install/urg_node_msgs/include/urg_node_msgs
[0.740s] -- Up-to-date: /root/researchv2/install/urg_node_msgs/include/urg_node_msgs/msg
[0.741s] -- Up-to-date: /root/researchv2/install/urg_node_msgs/include/urg_node_msgs/msg/detail
[0.741s] -- Up-to-date: /root/researchv2/install/urg_node_msgs/include/urg_node_msgs/msg/detail/status__rosidl_typesupport_fastrtps_cpp.hpp
[0.741s] -- Up-to-date: /root/researchv2/install/urg_node_msgs/include/urg_node_msgs/msg/detail/dds_fastrtps
[0.741s] -- Up-to-date: /root/researchv2/install/urg_node_msgs/include/urg_node_msgs/msg/rosidl_typesupport_fastrtps_cpp__visibility_control.h
[0.741s] -- Up-to-date: /root/researchv2/install/urg_node_msgs/lib/liburg_node_msgs__rosidl_typesupport_fastrtps_cpp.so
[0.742s] -- Up-to-date: /root/researchv2/install/urg_node_msgs/include/urg_node_msgs
[0.742s] -- Up-to-date: /root/researchv2/install/urg_node_msgs/include/urg_node_msgs/msg
[0.742s] -- Up-to-date: /root/researchv2/install/urg_node_msgs/include/urg_node_msgs/msg/detail
[0.742s] -- Up-to-date: /root/researchv2/install/urg_node_msgs/include/urg_node_msgs/msg/detail/status__rosidl_typesupport_introspection_c.h
[0.743s] -- Up-to-date: /root/researchv2/install/urg_node_msgs/include/urg_node_msgs/msg/detail/status__type_support.c
[0.743s] -- Up-to-date: /root/researchv2/install/urg_node_msgs/include/urg_node_msgs/msg/rosidl_typesupport_introspection_c__visibility_control.h
[0.743s] -- Up-to-date: /root/researchv2/install/urg_node_msgs/lib/liburg_node_msgs__rosidl_typesupport_introspection_c.so
[0.743s] -- Up-to-date: /root/researchv2/install/urg_node_msgs/lib/liburg_node_msgs__rosidl_typesupport_c.so
[0.743s] -- Up-to-date: /root/researchv2/install/urg_node_msgs/include/urg_node_msgs
[0.744s] -- Up-to-date: /root/researchv2/install/urg_node_msgs/include/urg_node_msgs/msg
[0.744s] -- Up-to-date: /root/researchv2/install/urg_node_msgs/include/urg_node_msgs/msg/status.hpp
[0.744s] -- Up-to-date: /root/researchv2/install/urg_node_msgs/include/urg_node_msgs/msg/detail
[0.744s] -- Up-to-date: /root/researchv2/install/urg_node_msgs/include/urg_node_msgs/msg/detail/status__builder.hpp
[0.744s] -- Up-to-date: /root/researchv2/install/urg_node_msgs/include/urg_node_msgs/msg/detail/status__traits.hpp
[0.745s] -- Up-to-date: /root/researchv2/install/urg_node_msgs/include/urg_node_msgs/msg/detail/status__struct.hpp
[0.745s] -- Up-to-date: /root/researchv2/install/urg_node_msgs/include/urg_node_msgs
[0.745s] -- Up-to-date: /root/researchv2/install/urg_node_msgs/include/urg_node_msgs/msg
[0.745s] -- Up-to-date: /root/researchv2/install/urg_node_msgs/include/urg_node_msgs/msg/detail
[0.745s] -- Up-to-date: /root/researchv2/install/urg_node_msgs/include/urg_node_msgs/msg/detail/status__type_support.cpp
[0.746s] -- Up-to-date: /root/researchv2/install/urg_node_msgs/include/urg_node_msgs/msg/detail/status__rosidl_typesupport_introspection_cpp.hpp
[0.746s] -- Up-to-date: /root/researchv2/install/urg_node_msgs/lib/liburg_node_msgs__rosidl_typesupport_introspection_cpp.so
[0.746s] -- Up-to-date: /root/researchv2/install/urg_node_msgs/lib/liburg_node_msgs__rosidl_typesupport_cpp.so
[0.746s] -- Up-to-date: /root/researchv2/install/urg_node_msgs/share/urg_node_msgs/environment/pythonpath.sh
[0.746s] -- Up-to-date: /root/researchv2/install/urg_node_msgs/share/urg_node_msgs/environment/pythonpath.dsv
[0.747s] -- Up-to-date: /root/researchv2/install/urg_node_msgs/lib/python3.8/site-packages/urg_node_msgs/__init__.py
[0.811s] -- Up-to-date: /root/researchv2/install/urg_node_msgs/lib/python3.8/site-packages/urg_node_msgs/msg
[0.811s] -- Up-to-date: /root/researchv2/install/urg_node_msgs/lib/python3.8/site-packages/urg_node_msgs/msg/_status_s.c
[0.812s] -- Up-to-date: /root/researchv2/install/urg_node_msgs/lib/python3.8/site-packages/urg_node_msgs/msg/_status.py
[0.812s] -- Up-to-date: /root/researchv2/install/urg_node_msgs/lib/python3.8/site-packages/urg_node_msgs/msg/__init__.py
[0.812s] -- Up-to-date: /root/researchv2/install/urg_node_msgs/lib/python3.8/site-packages/urg_node_msgs/urg_node_msgs_s__rosidl_typesupport_fastrtps_c.cpython-38-x86_64-linux-gnu.so
[0.813s] -- Up-to-date: /root/researchv2/install/urg_node_msgs/lib/python3.8/site-packages/urg_node_msgs/urg_node_msgs_s__rosidl_typesupport_introspection_c.cpython-38-x86_64-linux-gnu.so
[0.814s] -- Up-to-date: /root/researchv2/install/urg_node_msgs/lib/python3.8/site-packages/urg_node_msgs/urg_node_msgs_s__rosidl_typesupport_c.cpython-38-x86_64-linux-gnu.so
[0.815s] -- Up-to-date: /root/researchv2/install/urg_node_msgs/lib/liburg_node_msgs__python.so
[0.815s] -- Up-to-date: /root/researchv2/install/urg_node_msgs/share/urg_node_msgs/msg/Status.idl
[0.815s] -- Up-to-date: /root/researchv2/install/urg_node_msgs/share/urg_node_msgs/msg/Status.msg
[0.816s] -- Up-to-date: /root/researchv2/install/urg_node_msgs/share/urg_node_msgs/mapping_rules.yaml
[0.816s] -- Up-to-date: /root/researchv2/install/urg_node_msgs/share/ament_index/resource_index/package_run_dependencies/urg_node_msgs
[0.816s] -- Up-to-date: /root/researchv2/install/urg_node_msgs/share/ament_index/resource_index/parent_prefix_path/urg_node_msgs
[0.817s] -- Up-to-date: /root/researchv2/install/urg_node_msgs/share/urg_node_msgs/environment/ament_prefix_path.sh
[0.817s] -- Up-to-date: /root/researchv2/install/urg_node_msgs/share/urg_node_msgs/environment/ament_prefix_path.dsv
[0.817s] -- Up-to-date: /root/researchv2/install/urg_node_msgs/share/urg_node_msgs/environment/path.sh
[0.818s] -- Up-to-date: /root/researchv2/install/urg_node_msgs/share/urg_node_msgs/environment/path.dsv
[0.818s] -- Up-to-date: /root/researchv2/install/urg_node_msgs/share/urg_node_msgs/local_setup.bash
[0.818s] -- Up-to-date: /root/researchv2/install/urg_node_msgs/share/urg_node_msgs/local_setup.sh
[0.818s] -- Up-to-date: /root/researchv2/install/urg_node_msgs/share/urg_node_msgs/local_setup.zsh
[0.818s] -- Up-to-date: /root/researchv2/install/urg_node_msgs/share/urg_node_msgs/local_setup.dsv
[0.819s] -- Installing: /root/researchv2/install/urg_node_msgs/share/urg_node_msgs/package.dsv
[0.819s] -- Up-to-date: /root/researchv2/install/urg_node_msgs/share/ament_index/resource_index/packages/urg_node_msgs
[0.819s] -- Up-to-date: /root/researchv2/install/urg_node_msgs/share/urg_node_msgs/cmake/urg_node_msgs__rosidl_generator_cExport.cmake
[0.820s] -- Up-to-date: /root/researchv2/install/urg_node_msgs/share/urg_node_msgs/cmake/urg_node_msgs__rosidl_generator_cExport-noconfig.cmake
[0.820s] -- Up-to-date: /root/researchv2/install/urg_node_msgs/share/urg_node_msgs/cmake/urg_node_msgs__rosidl_typesupport_introspection_cExport.cmake
[0.821s] -- Up-to-date: /root/researchv2/install/urg_node_msgs/share/urg_node_msgs/cmake/urg_node_msgs__rosidl_typesupport_introspection_cExport-noconfig.cmake
[0.821s] -- Up-to-date: /root/researchv2/install/urg_node_msgs/share/urg_node_msgs/cmake/urg_node_msgs__rosidl_typesupport_cExport.cmake
[0.821s] -- Up-to-date: /root/researchv2/install/urg_node_msgs/share/urg_node_msgs/cmake/urg_node_msgs__rosidl_typesupport_cExport-noconfig.cmake
[0.821s] -- Up-to-date: /root/researchv2/install/urg_node_msgs/share/urg_node_msgs/cmake/urg_node_msgs__rosidl_generator_cppExport.cmake
[0.822s] -- Up-to-date: /root/researchv2/install/urg_node_msgs/share/urg_node_msgs/cmake/urg_node_msgs__rosidl_typesupport_introspection_cppExport.cmake
[0.822s] -- Up-to-date: /root/researchv2/install/urg_node_msgs/share/urg_node_msgs/cmake/urg_node_msgs__rosidl_typesupport_introspection_cppExport-noconfig.cmake
[0.822s] -- Up-to-date: /root/researchv2/install/urg_node_msgs/share/urg_node_msgs/cmake/urg_node_msgs__rosidl_typesupport_cppExport.cmake
[0.822s] -- Up-to-date: /root/researchv2/install/urg_node_msgs/share/urg_node_msgs/cmake/urg_node_msgs__rosidl_typesupport_cppExport-noconfig.cmake
[0.822s] -- Up-to-date: /root/researchv2/install/urg_node_msgs/share/urg_node_msgs/cmake/rosidl_cmake-extras.cmake
[0.823s] -- Up-to-date: /root/researchv2/install/urg_node_msgs/share/urg_node_msgs/cmake/ament_cmake_export_dependencies-extras.cmake
[0.823s] -- Up-to-date: /root/researchv2/install/urg_node_msgs/share/urg_node_msgs/cmake/ament_cmake_export_libraries-extras.cmake
[0.823s] -- Up-to-date: /root/researchv2/install/urg_node_msgs/share/urg_node_msgs/cmake/ament_cmake_export_targets-extras.cmake
[0.826s] -- Up-to-date: /root/researchv2/install/urg_node_msgs/share/urg_node_msgs/cmake/ament_cmake_export_include_directories-extras.cmake
[0.826s] -- Up-to-date: /root/researchv2/install/urg_node_msgs/share/urg_node_msgs/cmake/rosidl_cmake_export_typesupport_libraries-extras.cmake
[0.831s] -- Up-to-date: /root/researchv2/install/urg_node_msgs/share/urg_node_msgs/cmake/rosidl_cmake_export_typesupport_targets-extras.cmake
[0.831s] -- Up-to-date: /root/researchv2/install/urg_node_msgs/share/urg_node_msgs/cmake/urg_node_msgsConfig.cmake
[0.831s] -- Up-to-date: /root/researchv2/install/urg_node_msgs/share/urg_node_msgs/cmake/urg_node_msgsConfig-version.cmake
[0.831s] -- Up-to-date: /root/researchv2/install/urg_node_msgs/share/urg_node_msgs/package.xml
[0.832s] Invoked command in '/root/researchv2/build/urg_node_msgs' returned '0': CMAKE_PREFIX_PATH=${CMAKE_PREFIX_PATH}:/root/researchv2/install/chaser_system:/opt/ros/foxy /usr/bin/cmake --install /root/researchv2/build/urg_node_msgs
