[0.138s] [34mcolcon[0m [1;30mDEBUG[0m [32mCommand line arguments: ['/usr/bin/colcon', 'build'][0m
[0.139s] [34mcolcon[0m [1;30mDEBUG[0m [32mParsed command line arguments: Namespace(allow_overriding=[], ament_cmake_args=None, base_paths=['.'], build_base='build', catkin_cmake_args=None, catkin_skip_building_tests=False, cmake_args=None, cmake_clean_cache=False, cmake_clean_first=False, cmake_force_configure=False, cmake_target=None, cmake_target_skip_unavailable=False, continue_on_error=False, event_handlers=None, executor='parallel', ignore_user_meta=False, install_base='install', log_base=None, log_level=None, main=<bound method BuildVerb.main of <colcon_core.verb.build.BuildVerb object at 0x7f80029fcd60>>, merge_install=False, metas=['./colcon.meta'], packages_above=None, packages_above_and_dependencies=None, packages_above_depth=None, packages_end=None, packages_ignore=None, packages_ignore_regex=None, packages_select=None, packages_select_build_failed=False, packages_select_by_dep=None, packages_select_regex=None, packages_select_test_failures=False, packages_skip=None, packages_skip_build_finished=False, packages_skip_by_dep=None, packages_skip_regex=None, packages_skip_test_passed=False, packages_skip_up_to=None, packages_start=None, packages_up_to=None, packages_up_to_regex=None, parallel_workers=12, paths=None, symlink_install=False, test_result_base=None, verb_extension=<colcon_core.verb.build.BuildVerb object at 0x7f80029fcd60>, verb_name='build', verb_parser=<colcon_defaults.argument_parser.defaults.DefaultArgumentsDecorator object at 0x7f8002988310>)[0m
[0.155s] [34mcolcon.colcon_core.package_discovery[0m [1;30mLevel 1[0m discover_packages(colcon_meta) check parameters
[0.155s] [34mcolcon.colcon_core.package_discovery[0m [1;30mLevel 1[0m discover_packages(recursive) check parameters
[0.155s] [34mcolcon.colcon_core.package_discovery[0m [1;30mLevel 1[0m discover_packages(ignore) check parameters
[0.155s] [34mcolcon.colcon_core.package_discovery[0m [1;30mLevel 1[0m discover_packages(path) check parameters
[0.155s] [34mcolcon.colcon_core.package_discovery[0m [1;30mLevel 1[0m discover_packages(colcon_meta) discover
[0.155s] [34mcolcon.colcon_core.package_discovery[0m [1;30mLevel 1[0m discover_packages(recursive) discover
[0.155s] [34mcolcon.colcon_core.package_discovery[0m [1;30mINFO[0m Crawling recursively for packages in '/root/researchv2'
[0.155s] [34mcolcon.colcon_core.package_identification[0m [1;30mLevel 1[0m _identify(.) by extensions ['ignore', 'ignore_ament_install']
[0.156s] [34mcolcon.colcon_core.package_identification[0m [1;30mLevel 1[0m _identify(.) by extension 'ignore'
[0.156s] [34mcolcon.colcon_core.package_identification[0m [1;30mLevel 1[0m _identify(.) by extension 'ignore_ament_install'
[0.156s] [34mcolcon.colcon_core.package_identification[0m [1;30mLevel 1[0m _identify(.) by extensions ['colcon_pkg']
[0.156s] [34mcolcon.colcon_core.package_identification[0m [1;30mLevel 1[0m _identify(.) by extension 'colcon_pkg'
[0.156s] [34mcolcon.colcon_core.package_identification[0m [1;30mLevel 1[0m _identify(.) by extensions ['colcon_meta']
[0.156s] [34mcolcon.colcon_core.package_identification[0m [1;30mLevel 1[0m _identify(.) by extension 'colcon_meta'
[0.156s] [34mcolcon.colcon_core.package_identification[0m [1;30mLevel 1[0m _identify(.) by extensions ['ros']
[0.156s] [34mcolcon.colcon_core.package_identification[0m [1;30mLevel 1[0m _identify(.) by extension 'ros'
[0.178s] [34mcolcon.colcon_core.package_identification[0m [1;30mLevel 1[0m _identify(.) by extensions ['cmake', 'python']
[0.178s] [34mcolcon.colcon_core.package_identification[0m [1;30mLevel 1[0m _identify(.) by extension 'cmake'
[0.178s] [34mcolcon.colcon_core.package_identification[0m [1;30mLevel 1[0m _identify(.) by extension 'python'
[0.178s] [34mcolcon.colcon_core.package_identification[0m [1;30mLevel 1[0m _identify(.) by extensions ['python_setup_py']
[0.178s] [34mcolcon.colcon_core.package_identification[0m [1;30mLevel 1[0m _identify(.) by extension 'python_setup_py'
[0.179s] [34mcolcon.colcon_core.package_identification[0m [1;30mLevel 1[0m _identify(build) by extensions ['ignore', 'ignore_ament_install']
[0.179s] [34mcolcon.colcon_core.package_identification[0m [1;30mLevel 1[0m _identify(build) by extension 'ignore'
[0.179s] [34mcolcon.colcon_core.package_identification[0m [1;30mLevel 1[0m _identify(build) ignored
[0.179s] [34mcolcon.colcon_core.package_identification[0m [1;30mLevel 1[0m _identify(install) by extensions ['ignore', 'ignore_ament_install']
[0.179s] [34mcolcon.colcon_core.package_identification[0m [1;30mLevel 1[0m _identify(install) by extension 'ignore'
[0.179s] [34mcolcon.colcon_core.package_identification[0m [1;30mLevel 1[0m _identify(install) ignored
[0.179s] [34mcolcon.colcon_core.package_identification[0m [1;30mLevel 1[0m _identify(log) by extensions ['ignore', 'ignore_ament_install']
[0.179s] [34mcolcon.colcon_core.package_identification[0m [1;30mLevel 1[0m _identify(log) by extension 'ignore'
[0.179s] [34mcolcon.colcon_core.package_identification[0m [1;30mLevel 1[0m _identify(log) ignored
[0.179s] [34mcolcon.colcon_core.package_identification[0m [1;30mLevel 1[0m _identify(src) by extensions ['ignore', 'ignore_ament_install']
[0.179s] [34mcolcon.colcon_core.package_identification[0m [1;30mLevel 1[0m _identify(src) by extension 'ignore'
[0.179s] [34mcolcon.colcon_core.package_identification[0m [1;30mLevel 1[0m _identify(src) by extension 'ignore_ament_install'
[0.179s] [34mcolcon.colcon_core.package_identification[0m [1;30mLevel 1[0m _identify(src) by extensions ['colcon_pkg']
[0.179s] [34mcolcon.colcon_core.package_identification[0m [1;30mLevel 1[0m _identify(src) by extension 'colcon_pkg'
[0.179s] [34mcolcon.colcon_core.package_identification[0m [1;30mLevel 1[0m _identify(src) by extensions ['colcon_meta']
[0.179s] [34mcolcon.colcon_core.package_identification[0m [1;30mLevel 1[0m _identify(src) by extension 'colcon_meta'
[0.180s] [34mcolcon.colcon_core.package_identification[0m [1;30mLevel 1[0m _identify(src) by extensions ['ros']
[0.180s] [34mcolcon.colcon_core.package_identification[0m [1;30mLevel 1[0m _identify(src) by extension 'ros'
[0.180s] [34mcolcon.colcon_core.package_identification[0m [1;30mLevel 1[0m _identify(src) by extensions ['cmake', 'python']
[0.180s] [34mcolcon.colcon_core.package_identification[0m [1;30mLevel 1[0m _identify(src) by extension 'cmake'
[0.180s] [34mcolcon.colcon_core.package_identification[0m [1;30mLevel 1[0m _identify(src) by extension 'python'
[0.180s] [34mcolcon.colcon_core.package_identification[0m [1;30mLevel 1[0m _identify(src) by extensions ['python_setup_py']
[0.180s] [34mcolcon.colcon_core.package_identification[0m [1;30mLevel 1[0m _identify(src) by extension 'python_setup_py'
[0.180s] [34mcolcon.colcon_core.package_identification[0m [1;30mLevel 1[0m _identify(src/chaser_system) by extensions ['ignore', 'ignore_ament_install']
[0.180s] [34mcolcon.colcon_core.package_identification[0m [1;30mLevel 1[0m _identify(src/chaser_system) by extension 'ignore'
[0.180s] [34mcolcon.colcon_core.package_identification[0m [1;30mLevel 1[0m _identify(src/chaser_system) by extension 'ignore_ament_install'
[0.180s] [34mcolcon.colcon_core.package_identification[0m [1;30mLevel 1[0m _identify(src/chaser_system) by extensions ['colcon_pkg']
[0.180s] [34mcolcon.colcon_core.package_identification[0m [1;30mLevel 1[0m _identify(src/chaser_system) by extension 'colcon_pkg'
[0.180s] [34mcolcon.colcon_core.package_identification[0m [1;30mLevel 1[0m _identify(src/chaser_system) by extensions ['colcon_meta']
[0.180s] [34mcolcon.colcon_core.package_identification[0m [1;30mLevel 1[0m _identify(src/chaser_system) by extension 'colcon_meta'
[0.180s] [34mcolcon.colcon_core.package_identification[0m [1;30mLevel 1[0m _identify(src/chaser_system) by extensions ['ros']
[0.180s] [34mcolcon.colcon_core.package_identification[0m [1;30mLevel 1[0m _identify(src/chaser_system) by extension 'ros'
[0.182s] [34mcolcon.colcon_core.package_identification[0m [1;30mDEBUG[0m [32mPackage 'src/chaser_system' with type 'ros.ament_python' and name 'chaser_system'[0m
[0.182s] [34mcolcon.colcon_core.package_identification[0m [1;30mLevel 1[0m _identify(src/mymsg) by extensions ['ignore', 'ignore_ament_install']
[0.182s] [34mcolcon.colcon_core.package_identification[0m [1;30mLevel 1[0m _identify(src/mymsg) by extension 'ignore'
[0.182s] [34mcolcon.colcon_core.package_identification[0m [1;30mLevel 1[0m _identify(src/mymsg) by extension 'ignore_ament_install'
[0.182s] [34mcolcon.colcon_core.package_identification[0m [1;30mLevel 1[0m _identify(src/mymsg) by extensions ['colcon_pkg']
[0.182s] [34mcolcon.colcon_core.package_identification[0m [1;30mLevel 1[0m _identify(src/mymsg) by extension 'colcon_pkg'
[0.183s] [34mcolcon.colcon_core.package_identification[0m [1;30mLevel 1[0m _identify(src/mymsg) by extensions ['colcon_meta']
[0.183s] [34mcolcon.colcon_core.package_identification[0m [1;30mLevel 1[0m _identify(src/mymsg) by extension 'colcon_meta'
[0.183s] [34mcolcon.colcon_core.package_identification[0m [1;30mLevel 1[0m _identify(src/mymsg) by extensions ['ros']
[0.183s] [34mcolcon.colcon_core.package_identification[0m [1;30mLevel 1[0m _identify(src/mymsg) by extension 'ros'
[0.183s] [34mcolcon.colcon_core.package_identification[0m [1;30mDEBUG[0m [32mPackage 'src/mymsg' with type 'ros.ament_cmake' and name 'mymsg'[0m
[0.183s] [34mcolcon.colcon_core.package_identification[0m [1;30mLevel 1[0m _identify(src/urg_node) by extensions ['ignore', 'ignore_ament_install']
[0.183s] [34mcolcon.colcon_core.package_identification[0m [1;30mLevel 1[0m _identify(src/urg_node) by extension 'ignore'
[0.184s] [34mcolcon.colcon_core.package_identification[0m [1;30mLevel 1[0m _identify(src/urg_node) by extension 'ignore_ament_install'
[0.184s] [34mcolcon.colcon_core.package_identification[0m [1;30mLevel 1[0m _identify(src/urg_node) by extensions ['colcon_pkg']
[0.184s] [34mcolcon.colcon_core.package_identification[0m [1;30mLevel 1[0m _identify(src/urg_node) by extension 'colcon_pkg'
[0.184s] [34mcolcon.colcon_core.package_identification[0m [1;30mLevel 1[0m _identify(src/urg_node) by extensions ['colcon_meta']
[0.184s] [34mcolcon.colcon_core.package_identification[0m [1;30mLevel 1[0m _identify(src/urg_node) by extension 'colcon_meta'
[0.184s] [34mcolcon.colcon_core.package_identification[0m [1;30mLevel 1[0m _identify(src/urg_node) by extensions ['ros']
[0.184s] [34mcolcon.colcon_core.package_identification[0m [1;30mLevel 1[0m _identify(src/urg_node) by extension 'ros'
[0.185s] [34mcolcon.colcon_core.package_identification[0m [1;30mDEBUG[0m [32mPackage 'src/urg_node' with type 'ros.ament_cmake' and name 'urg_node'[0m
[0.185s] [34mcolcon.colcon_core.package_identification[0m [1;30mLevel 1[0m _identify(src/urg_node_msgs) by extensions ['ignore', 'ignore_ament_install']
[0.186s] [34mcolcon.colcon_core.package_identification[0m [1;30mLevel 1[0m _identify(src/urg_node_msgs) by extension 'ignore'
[0.186s] [34mcolcon.colcon_core.package_identification[0m [1;30mLevel 1[0m _identify(src/urg_node_msgs) by extension 'ignore_ament_install'
[0.186s] [34mcolcon.colcon_core.package_identification[0m [1;30mLevel 1[0m _identify(src/urg_node_msgs) by extensions ['colcon_pkg']
[0.186s] [34mcolcon.colcon_core.package_identification[0m [1;30mLevel 1[0m _identify(src/urg_node_msgs) by extension 'colcon_pkg'
[0.186s] [34mcolcon.colcon_core.package_identification[0m [1;30mLevel 1[0m _identify(src/urg_node_msgs) by extensions ['colcon_meta']
[0.186s] [34mcolcon.colcon_core.package_identification[0m [1;30mLevel 1[0m _identify(src/urg_node_msgs) by extension 'colcon_meta'
[0.186s] [34mcolcon.colcon_core.package_identification[0m [1;30mLevel 1[0m _identify(src/urg_node_msgs) by extensions ['ros']
[0.186s] [34mcolcon.colcon_core.package_identification[0m [1;30mLevel 1[0m _identify(src/urg_node_msgs) by extension 'ros'
[0.186s] [34mcolcon.colcon_core.package_identification[0m [1;30mDEBUG[0m [32mPackage 'src/urg_node_msgs' with type 'ros.ament_cmake' and name 'urg_node_msgs'[0m
[0.186s] [34mcolcon.colcon_core.package_discovery[0m [1;30mLevel 1[0m discover_packages(recursive) using defaults
[0.186s] [34mcolcon.colcon_core.package_discovery[0m [1;30mLevel 1[0m discover_packages(ignore) discover
[0.187s] [34mcolcon.colcon_core.package_discovery[0m [1;30mLevel 1[0m discover_packages(ignore) using defaults
[0.187s] [34mcolcon.colcon_core.package_discovery[0m [1;30mLevel 1[0m discover_packages(path) discover
[0.187s] [34mcolcon.colcon_core.package_discovery[0m [1;30mLevel 1[0m discover_packages(path) using defaults
[0.202s] [34mcolcon.colcon_core.package_discovery[0m [1;30mLevel 1[0m discover_packages(prefix_path) check parameters
[0.202s] [34mcolcon.colcon_core.package_discovery[0m [1;30mLevel 1[0m discover_packages(prefix_path) discover
[0.204s] [34mcolcon.colcon_installed_package_information.package_discovery[0m [1;30mDEBUG[0m [32mFound 4 installed packages in /root/researchv2/install[0m
[0.206s] [34mcolcon.colcon_installed_package_information.package_discovery[0m [1;30mDEBUG[0m [32mFound 371 installed packages in /opt/ros/foxy[0m
[0.207s] [34mcolcon.colcon_core.package_discovery[0m [1;30mLevel 1[0m discover_packages(prefix_path) using defaults
[0.285s] [34mcolcon.colcon_core.verb[0m [1;30mLevel 5[0m set package 'mymsg' build argument 'cmake_args' from command line to 'None'
[0.286s] [34mcolcon.colcon_core.verb[0m [1;30mLevel 5[0m set package 'mymsg' build argument 'cmake_target' from command line to 'None'
[0.286s] [34mcolcon.colcon_core.verb[0m [1;30mLevel 5[0m set package 'mymsg' build argument 'cmake_target_skip_unavailable' from command line to 'False'
[0.286s] [34mcolcon.colcon_core.verb[0m [1;30mLevel 5[0m set package 'mymsg' build argument 'cmake_clean_cache' from command line to 'False'
[0.286s] [34mcolcon.colcon_core.verb[0m [1;30mLevel 5[0m set package 'mymsg' build argument 'cmake_clean_first' from command line to 'False'
[0.286s] [34mcolcon.colcon_core.verb[0m [1;30mLevel 5[0m set package 'mymsg' build argument 'cmake_force_configure' from command line to 'False'
[0.286s] [34mcolcon.colcon_core.verb[0m [1;30mLevel 5[0m set package 'mymsg' build argument 'ament_cmake_args' from command line to 'None'
[0.286s] [34mcolcon.colcon_core.verb[0m [1;30mLevel 5[0m set package 'mymsg' build argument 'catkin_cmake_args' from command line to 'None'
[0.286s] [34mcolcon.colcon_core.verb[0m [1;30mLevel 5[0m set package 'mymsg' build argument 'catkin_skip_building_tests' from command line to 'False'
[0.286s] [34mcolcon.colcon_core.verb[0m [1;30mDEBUG[0m [32mBuilding package 'mymsg' with the following arguments: {'ament_cmake_args': None, 'build_base': '/root/researchv2/build/mymsg', 'catkin_cmake_args': None, 'catkin_skip_building_tests': False, 'cmake_args': None, 'cmake_clean_cache': False, 'cmake_clean_first': False, 'cmake_force_configure': False, 'cmake_target': None, 'cmake_target_skip_unavailable': False, 'install_base': '/root/researchv2/install/mymsg', 'merge_install': False, 'path': '/root/researchv2/src/mymsg', 'symlink_install': False, 'test_result_base': None}[0m
[0.287s] [34mcolcon.colcon_core.verb[0m [1;30mLevel 5[0m set package 'urg_node_msgs' build argument 'cmake_args' from command line to 'None'
[0.287s] [34mcolcon.colcon_core.verb[0m [1;30mLevel 5[0m set package 'urg_node_msgs' build argument 'cmake_target' from command line to 'None'
[0.287s] [34mcolcon.colcon_core.verb[0m [1;30mLevel 5[0m set package 'urg_node_msgs' build argument 'cmake_target_skip_unavailable' from command line to 'False'
[0.287s] [34mcolcon.colcon_core.verb[0m [1;30mLevel 5[0m set package 'urg_node_msgs' build argument 'cmake_clean_cache' from command line to 'False'
[0.287s] [34mcolcon.colcon_core.verb[0m [1;30mLevel 5[0m set package 'urg_node_msgs' build argument 'cmake_clean_first' from command line to 'False'
[0.287s] [34mcolcon.colcon_core.verb[0m [1;30mLevel 5[0m set package 'urg_node_msgs' build argument 'cmake_force_configure' from command line to 'False'
[0.287s] [34mcolcon.colcon_core.verb[0m [1;30mLevel 5[0m set package 'urg_node_msgs' build argument 'ament_cmake_args' from command line to 'None'
[0.287s] [34mcolcon.colcon_core.verb[0m [1;30mLevel 5[0m set package 'urg_node_msgs' build argument 'catkin_cmake_args' from command line to 'None'
[0.287s] [34mcolcon.colcon_core.verb[0m [1;30mLevel 5[0m set package 'urg_node_msgs' build argument 'catkin_skip_building_tests' from command line to 'False'
[0.287s] [34mcolcon.colcon_core.verb[0m [1;30mDEBUG[0m [32mBuilding package 'urg_node_msgs' with the following arguments: {'ament_cmake_args': None, 'build_base': '/root/researchv2/build/urg_node_msgs', 'catkin_cmake_args': None, 'catkin_skip_building_tests': False, 'cmake_args': None, 'cmake_clean_cache': False, 'cmake_clean_first': False, 'cmake_force_configure': False, 'cmake_target': None, 'cmake_target_skip_unavailable': False, 'install_base': '/root/researchv2/install/urg_node_msgs', 'merge_install': False, 'path': '/root/researchv2/src/urg_node_msgs', 'symlink_install': False, 'test_result_base': None}[0m
[0.288s] [34mcolcon.colcon_core.verb[0m [1;30mLevel 5[0m set package 'chaser_system' build argument 'cmake_args' from command line to 'None'
[0.288s] [34mcolcon.colcon_core.verb[0m [1;30mLevel 5[0m set package 'chaser_system' build argument 'cmake_target' from command line to 'None'
[0.288s] [34mcolcon.colcon_core.verb[0m [1;30mLevel 5[0m set package 'chaser_system' build argument 'cmake_target_skip_unavailable' from command line to 'False'
[0.288s] [34mcolcon.colcon_core.verb[0m [1;30mLevel 5[0m set package 'chaser_system' build argument 'cmake_clean_cache' from command line to 'False'
[0.288s] [34mcolcon.colcon_core.verb[0m [1;30mLevel 5[0m set package 'chaser_system' build argument 'cmake_clean_first' from command line to 'False'
[0.288s] [34mcolcon.colcon_core.verb[0m [1;30mLevel 5[0m set package 'chaser_system' build argument 'cmake_force_configure' from command line to 'False'
[0.288s] [34mcolcon.colcon_core.verb[0m [1;30mLevel 5[0m set package 'chaser_system' build argument 'ament_cmake_args' from command line to 'None'
[0.288s] [34mcolcon.colcon_core.verb[0m [1;30mLevel 5[0m set package 'chaser_system' build argument 'catkin_cmake_args' from command line to 'None'
[0.288s] [34mcolcon.colcon_core.verb[0m [1;30mLevel 5[0m set package 'chaser_system' build argument 'catkin_skip_building_tests' from command line to 'False'
[0.288s] [34mcolcon.colcon_core.verb[0m [1;30mDEBUG[0m [32mBuilding package 'chaser_system' with the following arguments: {'ament_cmake_args': None, 'build_base': '/root/researchv2/build/chaser_system', 'catkin_cmake_args': None, 'catkin_skip_building_tests': False, 'cmake_args': None, 'cmake_clean_cache': False, 'cmake_clean_first': False, 'cmake_force_configure': False, 'cmake_target': None, 'cmake_target_skip_unavailable': False, 'install_base': '/root/researchv2/install/chaser_system', 'merge_install': False, 'path': '/root/researchv2/src/chaser_system', 'symlink_install': False, 'test_result_base': None}[0m
[0.289s] [34mcolcon.colcon_core.verb[0m [1;30mLevel 5[0m set package 'urg_node' build argument 'cmake_args' from command line to 'None'
[0.289s] [34mcolcon.colcon_core.verb[0m [1;30mLevel 5[0m set package 'urg_node' build argument 'cmake_target' from command line to 'None'
[0.289s] [34mcolcon.colcon_core.verb[0m [1;30mLevel 5[0m set package 'urg_node' build argument 'cmake_target_skip_unavailable' from command line to 'False'
[0.289s] [34mcolcon.colcon_core.verb[0m [1;30mLevel 5[0m set package 'urg_node' build argument 'cmake_clean_cache' from command line to 'False'
[0.289s] [34mcolcon.colcon_core.verb[0m [1;30mLevel 5[0m set package 'urg_node' build argument 'cmake_clean_first' from command line to 'False'
[0.289s] [34mcolcon.colcon_core.verb[0m [1;30mLevel 5[0m set package 'urg_node' build argument 'cmake_force_configure' from command line to 'False'
[0.289s] [34mcolcon.colcon_core.verb[0m [1;30mLevel 5[0m set package 'urg_node' build argument 'ament_cmake_args' from command line to 'None'
[0.289s] [34mcolcon.colcon_core.verb[0m [1;30mLevel 5[0m set package 'urg_node' build argument 'catkin_cmake_args' from command line to 'None'
[0.289s] [34mcolcon.colcon_core.verb[0m [1;30mLevel 5[0m set package 'urg_node' build argument 'catkin_skip_building_tests' from command line to 'False'
[0.289s] [34mcolcon.colcon_core.verb[0m [1;30mDEBUG[0m [32mBuilding package 'urg_node' with the following arguments: {'ament_cmake_args': None, 'build_base': '/root/researchv2/build/urg_node', 'catkin_cmake_args': None, 'catkin_skip_building_tests': False, 'cmake_args': None, 'cmake_clean_cache': False, 'cmake_clean_first': False, 'cmake_force_configure': False, 'cmake_target': None, 'cmake_target_skip_unavailable': False, 'install_base': '/root/researchv2/install/urg_node', 'merge_install': False, 'path': '/root/researchv2/src/urg_node', 'symlink_install': False, 'test_result_base': None}[0m
[0.290s] [34mcolcon.colcon_core.executor[0m [1;30mINFO[0m Executing jobs using 'parallel' executor
[0.293s] [34mcolcon.colcon_parallel_executor.executor.parallel[0m [1;30mDEBUG[0m [32mrun_until_complete[0m
[0.293s] [34mcolcon.colcon_ros.task.ament_cmake.build[0m [1;30mINFO[0m Building ROS package in '/root/researchv2/src/mymsg' with build type 'ament_cmake'
[0.293s] [34mcolcon.colcon_cmake.task.cmake.build[0m [1;30mINFO[0m Building CMake package in '/root/researchv2/src/mymsg'
[0.297s] [34mcolcon.colcon_core.plugin_system[0m [1;30mINFO[0m Skipping extension 'colcon_core.shell.bat': Not used on non-Windows systems
[0.297s] [34mcolcon.colcon_core.shell[0m [1;30mINFO[0m Skip shell extension 'powershell' for command environment: Not usable outside of PowerShell
[0.297s] [34mcolcon.colcon_core.shell[0m [1;30mDEBUG[0m [32mSkip shell extension 'dsv' for command environment[0m
[0.303s] [34mcolcon.colcon_ros.task.ament_cmake.build[0m [1;30mINFO[0m Building ROS package in '/root/researchv2/src/urg_node_msgs' with build type 'ament_cmake'
[0.304s] [34mcolcon.colcon_cmake.task.cmake.build[0m [1;30mINFO[0m Building CMake package in '/root/researchv2/src/urg_node_msgs'
[0.305s] [34mcolcon.colcon_core.shell[0m [1;30mINFO[0m Skip shell extension 'powershell' for command environment: Not usable outside of PowerShell
[0.305s] [34mcolcon.colcon_core.shell[0m [1;30mDEBUG[0m [32mSkip shell extension 'dsv' for command environment[0m
[0.319s] [34mcolcon.colcon_core.event_handler.log_command[0m [1;30mDEBUG[0m [32mInvoking command in '/root/researchv2/build/mymsg': CMAKE_PREFIX_PATH=${CMAKE_PREFIX_PATH}:/root/researchv2/install/chaser_system:/opt/ros/foxy /usr/bin/cmake --build /root/researchv2/build/mymsg -- -j12 -l12[0m
[0.326s] [34mcolcon.colcon_core.event_handler.log_command[0m [1;30mDEBUG[0m [32mInvoking command in '/root/researchv2/build/urg_node_msgs': CMAKE_PREFIX_PATH=${CMAKE_PREFIX_PATH}:/root/researchv2/install/chaser_system:/opt/ros/foxy /usr/bin/cmake --build /root/researchv2/build/urg_node_msgs -- -j12 -l12[0m
[0.560s] [34mcolcon.colcon_core.event_handler.log_command[0m [1;30mDEBUG[0m [32mInvoked command in '/root/researchv2/build/urg_node_msgs' returned '0': CMAKE_PREFIX_PATH=${CMAKE_PREFIX_PATH}:/root/researchv2/install/chaser_system:/opt/ros/foxy /usr/bin/cmake --build /root/researchv2/build/urg_node_msgs -- -j12 -l12[0m
[0.578s] [34mcolcon.colcon_core.event_handler.log_command[0m [1;30mDEBUG[0m [32mInvoked command in '/root/researchv2/build/mymsg' returned '0': CMAKE_PREFIX_PATH=${CMAKE_PREFIX_PATH}:/root/researchv2/install/chaser_system:/opt/ros/foxy /usr/bin/cmake --build /root/researchv2/build/mymsg -- -j12 -l12[0m
[0.628s] [34mcolcon.colcon_core.event_handler.log_command[0m [1;30mDEBUG[0m [32mInvoking command in '/root/researchv2/build/urg_node_msgs': CMAKE_PREFIX_PATH=${CMAKE_PREFIX_PATH}:/root/researchv2/install/chaser_system:/opt/ros/foxy /usr/bin/cmake --install /root/researchv2/build/urg_node_msgs[0m
[0.680s] [34mcolcon.colcon_core.environment[0m [1;30mLevel 1[0m create_environment_scripts_only(urg_node_msgs)
[0.681s] [34mcolcon.colcon_core.event_handler.log_command[0m [1;30mDEBUG[0m [32mInvoked command in '/root/researchv2/build/urg_node_msgs' returned '0': CMAKE_PREFIX_PATH=${CMAKE_PREFIX_PATH}:/root/researchv2/install/chaser_system:/opt/ros/foxy /usr/bin/cmake --install /root/researchv2/build/urg_node_msgs[0m
[0.685s] [34mcolcon.colcon_core.environment[0m [1;30mLevel 1[0m checking '/root/researchv2/install/urg_node_msgs' for CMake module files
[0.686s] [34mcolcon.colcon_core.environment[0m [1;30mLevel 1[0m checking '/root/researchv2/install/urg_node_msgs' for CMake config files
[0.686s] [34mcolcon.colcon_core.shell[0m [1;30mLevel 1[0m create_environment_hook('urg_node_msgs', 'cmake_prefix_path')
[0.687s] [34mcolcon.colcon_core.shell[0m [1;30mINFO[0m Creating environment hook '/root/researchv2/install/urg_node_msgs/share/urg_node_msgs/hook/cmake_prefix_path.ps1'
[0.688s] [34mcolcon.colcon_core.shell[0m [1;30mINFO[0m Creating environment descriptor '/root/researchv2/install/urg_node_msgs/share/urg_node_msgs/hook/cmake_prefix_path.dsv'
[0.688s] [34mcolcon.colcon_core.shell[0m [1;30mINFO[0m Creating environment hook '/root/researchv2/install/urg_node_msgs/share/urg_node_msgs/hook/cmake_prefix_path.sh'
[0.689s] [34mcolcon.colcon_core.environment[0m [1;30mLevel 1[0m checking '/root/researchv2/install/urg_node_msgs/lib'
[0.689s] [34mcolcon.colcon_core.shell[0m [1;30mLevel 1[0m create_environment_hook('urg_node_msgs', 'ld_library_path_lib')
[0.691s] [34mcolcon.colcon_core.shell[0m [1;30mINFO[0m Creating environment hook '/root/researchv2/install/urg_node_msgs/share/urg_node_msgs/hook/ld_library_path_lib.ps1'
[0.691s] [34mcolcon.colcon_core.shell[0m [1;30mINFO[0m Creating environment descriptor '/root/researchv2/install/urg_node_msgs/share/urg_node_msgs/hook/ld_library_path_lib.dsv'
[0.691s] [34mcolcon.colcon_core.shell[0m [1;30mINFO[0m Creating environment hook '/root/researchv2/install/urg_node_msgs/share/urg_node_msgs/hook/ld_library_path_lib.sh'
[0.691s] [34mcolcon.colcon_core.environment[0m [1;30mLevel 1[0m checking '/root/researchv2/install/urg_node_msgs/bin'
[0.691s] [34mcolcon.colcon_core.environment[0m [1;30mLevel 1[0m checking '/root/researchv2/install/urg_node_msgs/lib/pkgconfig/urg_node_msgs.pc'
[0.692s] [34mcolcon.colcon_core.environment[0m [1;30mLevel 1[0m checking '/root/researchv2/install/urg_node_msgs/lib/python3.8/site-packages'
[0.692s] [34mcolcon.colcon_core.shell[0m [1;30mLevel 1[0m create_environment_hook('urg_node_msgs', 'pythonpath')
[0.693s] [34mcolcon.colcon_core.shell[0m [1;30mINFO[0m Creating environment hook '/root/researchv2/install/urg_node_msgs/share/urg_node_msgs/hook/pythonpath.ps1'
[0.693s] [34mcolcon.colcon_core.shell[0m [1;30mINFO[0m Creating environment descriptor '/root/researchv2/install/urg_node_msgs/share/urg_node_msgs/hook/pythonpath.dsv'
[0.694s] [34mcolcon.colcon_core.shell[0m [1;30mINFO[0m Creating environment hook '/root/researchv2/install/urg_node_msgs/share/urg_node_msgs/hook/pythonpath.sh'
[0.694s] [34mcolcon.colcon_core.environment[0m [1;30mLevel 1[0m checking '/root/researchv2/install/urg_node_msgs/bin'
[0.695s] [34mcolcon.colcon_core.shell[0m [1;30mINFO[0m Creating package script '/root/researchv2/install/urg_node_msgs/share/urg_node_msgs/package.ps1'
[0.696s] [34mcolcon.colcon_core.shell[0m [1;30mINFO[0m Creating package descriptor '/root/researchv2/install/urg_node_msgs/share/urg_node_msgs/package.dsv'
[0.696s] [34mcolcon.colcon_core.shell[0m [1;30mINFO[0m Creating package script '/root/researchv2/install/urg_node_msgs/share/urg_node_msgs/package.sh'
[0.698s] [34mcolcon.colcon_core.shell[0m [1;30mINFO[0m Creating package script '/root/researchv2/install/urg_node_msgs/share/urg_node_msgs/package.bash'
[0.698s] [34mcolcon.colcon_core.shell[0m [1;30mINFO[0m Creating package script '/root/researchv2/install/urg_node_msgs/share/urg_node_msgs/package.zsh'
[0.699s] [34mcolcon.colcon_core.environment[0m [1;30mLevel 1[0m create_file_with_runtime_dependencies(/root/researchv2/install/urg_node_msgs/share/colcon-core/packages/urg_node_msgs)
[0.717s] [34mcolcon.colcon_core.event_handler.log_command[0m [1;30mDEBUG[0m [32mInvoking command in '/root/researchv2/build/mymsg': CMAKE_PREFIX_PATH=${CMAKE_PREFIX_PATH}:/root/researchv2/install/chaser_system:/opt/ros/foxy /usr/bin/cmake --install /root/researchv2/build/mymsg[0m
[0.756s] [34mcolcon.colcon_core.environment[0m [1;30mLevel 1[0m create_environment_scripts_only(urg_node_msgs)
[0.757s] [34mcolcon.colcon_core.environment[0m [1;30mLevel 1[0m checking '/root/researchv2/install/urg_node_msgs' for CMake module files
[0.758s] [34mcolcon.colcon_core.environment[0m [1;30mLevel 1[0m checking '/root/researchv2/install/urg_node_msgs' for CMake config files
[0.758s] [34mcolcon.colcon_core.shell[0m [1;30mLevel 1[0m create_environment_hook('urg_node_msgs', 'cmake_prefix_path')
[0.759s] [34mcolcon.colcon_core.shell[0m [1;30mINFO[0m Creating environment hook '/root/researchv2/install/urg_node_msgs/share/urg_node_msgs/hook/cmake_prefix_path.ps1'
[0.760s] [34mcolcon.colcon_core.shell[0m [1;30mINFO[0m Creating environment descriptor '/root/researchv2/install/urg_node_msgs/share/urg_node_msgs/hook/cmake_prefix_path.dsv'
[0.760s] [34mcolcon.colcon_core.shell[0m [1;30mINFO[0m Creating environment hook '/root/researchv2/install/urg_node_msgs/share/urg_node_msgs/hook/cmake_prefix_path.sh'
[0.761s] [34mcolcon.colcon_core.environment[0m [1;30mLevel 1[0m checking '/root/researchv2/install/urg_node_msgs/lib'
[0.761s] [34mcolcon.colcon_core.shell[0m [1;30mLevel 1[0m create_environment_hook('urg_node_msgs', 'ld_library_path_lib')
[0.762s] [34mcolcon.colcon_core.shell[0m [1;30mINFO[0m Creating environment hook '/root/researchv2/install/urg_node_msgs/share/urg_node_msgs/hook/ld_library_path_lib.ps1'
[0.762s] [34mcolcon.colcon_core.shell[0m [1;30mINFO[0m Creating environment descriptor '/root/researchv2/install/urg_node_msgs/share/urg_node_msgs/hook/ld_library_path_lib.dsv'
[0.762s] [34mcolcon.colcon_core.shell[0m [1;30mINFO[0m Creating environment hook '/root/researchv2/install/urg_node_msgs/share/urg_node_msgs/hook/ld_library_path_lib.sh'
[0.763s] [34mcolcon.colcon_core.environment[0m [1;30mLevel 1[0m checking '/root/researchv2/install/urg_node_msgs/bin'
[0.763s] [34mcolcon.colcon_core.environment[0m [1;30mLevel 1[0m checking '/root/researchv2/install/urg_node_msgs/lib/pkgconfig/urg_node_msgs.pc'
[0.763s] [34mcolcon.colcon_core.environment[0m [1;30mLevel 1[0m checking '/root/researchv2/install/urg_node_msgs/lib/python3.8/site-packages'
[0.763s] [34mcolcon.colcon_core.shell[0m [1;30mLevel 1[0m create_environment_hook('urg_node_msgs', 'pythonpath')
[0.764s] [34mcolcon.colcon_core.shell[0m [1;30mINFO[0m Creating environment hook '/root/researchv2/install/urg_node_msgs/share/urg_node_msgs/hook/pythonpath.ps1'
[0.764s] [34mcolcon.colcon_core.shell[0m [1;30mINFO[0m Creating environment descriptor '/root/researchv2/install/urg_node_msgs/share/urg_node_msgs/hook/pythonpath.dsv'
[0.765s] [34mcolcon.colcon_core.shell[0m [1;30mINFO[0m Creating environment hook '/root/researchv2/install/urg_node_msgs/share/urg_node_msgs/hook/pythonpath.sh'
[0.765s] [34mcolcon.colcon_core.environment[0m [1;30mLevel 1[0m checking '/root/researchv2/install/urg_node_msgs/bin'
[0.766s] [34mcolcon.colcon_core.shell[0m [1;30mINFO[0m Creating package script '/root/researchv2/install/urg_node_msgs/share/urg_node_msgs/package.ps1'
[0.767s] [34mcolcon.colcon_core.shell[0m [1;30mINFO[0m Creating package descriptor '/root/researchv2/install/urg_node_msgs/share/urg_node_msgs/package.dsv'
[0.767s] [34mcolcon.colcon_core.shell[0m [1;30mINFO[0m Creating package script '/root/researchv2/install/urg_node_msgs/share/urg_node_msgs/package.sh'
[0.768s] [34mcolcon.colcon_core.shell[0m [1;30mINFO[0m Creating package script '/root/researchv2/install/urg_node_msgs/share/urg_node_msgs/package.bash'
[0.769s] [34mcolcon.colcon_core.shell[0m [1;30mINFO[0m Creating package script '/root/researchv2/install/urg_node_msgs/share/urg_node_msgs/package.zsh'
[0.769s] [34mcolcon.colcon_core.environment[0m [1;30mLevel 1[0m create_file_with_runtime_dependencies(/root/researchv2/install/urg_node_msgs/share/colcon-core/packages/urg_node_msgs)
[0.770s] [34mcolcon.colcon_ros.task.ament_cmake.build[0m [1;30mINFO[0m Building ROS package in '/root/researchv2/src/urg_node' with build type 'ament_cmake'
[0.770s] [34mcolcon.colcon_cmake.task.cmake.build[0m [1;30mINFO[0m Building CMake package in '/root/researchv2/src/urg_node'
[0.771s] [34mcolcon.colcon_core.shell[0m [1;30mINFO[0m Skip shell extension 'powershell' for command environment: Not usable outside of PowerShell
[0.771s] [34mcolcon.colcon_core.shell[0m [1;30mDEBUG[0m [32mSkip shell extension 'dsv' for command environment[0m
[0.787s] [34mcolcon.colcon_core.environment[0m [1;30mLevel 1[0m create_environment_scripts_only(mymsg)
[0.789s] [34mcolcon.colcon_core.environment[0m [1;30mLevel 1[0m checking '/root/researchv2/install/mymsg' for CMake module files
[0.790s] [34mcolcon.colcon_core.event_handler.log_command[0m [1;30mDEBUG[0m [32mInvoked command in '/root/researchv2/build/mymsg' returned '0': CMAKE_PREFIX_PATH=${CMAKE_PREFIX_PATH}:/root/researchv2/install/chaser_system:/opt/ros/foxy /usr/bin/cmake --install /root/researchv2/build/mymsg[0m
[0.791s] [34mcolcon.colcon_core.environment[0m [1;30mLevel 1[0m checking '/root/researchv2/install/mymsg' for CMake config files
[0.791s] [34mcolcon.colcon_core.shell[0m [1;30mLevel 1[0m create_environment_hook('mymsg', 'cmake_prefix_path')
[0.792s] [34mcolcon.colcon_core.shell[0m [1;30mINFO[0m Creating environment hook '/root/researchv2/install/mymsg/share/mymsg/hook/cmake_prefix_path.ps1'
[0.793s] [34mcolcon.colcon_core.shell[0m [1;30mINFO[0m Creating environment descriptor '/root/researchv2/install/mymsg/share/mymsg/hook/cmake_prefix_path.dsv'
[0.793s] [34mcolcon.colcon_core.shell[0m [1;30mINFO[0m Creating environment hook '/root/researchv2/install/mymsg/share/mymsg/hook/cmake_prefix_path.sh'
[0.794s] [34mcolcon.colcon_core.environment[0m [1;30mLevel 1[0m checking '/root/researchv2/install/mymsg/lib'
[0.794s] [34mcolcon.colcon_core.shell[0m [1;30mLevel 1[0m create_environment_hook('mymsg', 'ld_library_path_lib')
[0.795s] [34mcolcon.colcon_core.shell[0m [1;30mINFO[0m Creating environment hook '/root/researchv2/install/mymsg/share/mymsg/hook/ld_library_path_lib.ps1'
[0.796s] [34mcolcon.colcon_core.shell[0m [1;30mINFO[0m Creating environment descriptor '/root/researchv2/install/mymsg/share/mymsg/hook/ld_library_path_lib.dsv'
[0.796s] [34mcolcon.colcon_core.shell[0m [1;30mINFO[0m Creating environment hook '/root/researchv2/install/mymsg/share/mymsg/hook/ld_library_path_lib.sh'
[0.796s] [34mcolcon.colcon_core.environment[0m [1;30mLevel 1[0m checking '/root/researchv2/install/mymsg/bin'
[0.796s] [34mcolcon.colcon_core.environment[0m [1;30mLevel 1[0m checking '/root/researchv2/install/mymsg/lib/pkgconfig/mymsg.pc'
[0.797s] [34mcolcon.colcon_core.environment[0m [1;30mLevel 1[0m checking '/root/researchv2/install/mymsg/lib/python3.8/site-packages'
[0.797s] [34mcolcon.colcon_core.shell[0m [1;30mLevel 1[0m create_environment_hook('mymsg', 'pythonpath')
[0.798s] [34mcolcon.colcon_core.shell[0m [1;30mINFO[0m Creating environment hook '/root/researchv2/install/mymsg/share/mymsg/hook/pythonpath.ps1'
[0.798s] [34mcolcon.colcon_core.shell[0m [1;30mINFO[0m Creating environment descriptor '/root/researchv2/install/mymsg/share/mymsg/hook/pythonpath.dsv'
[0.798s] [34mcolcon.colcon_core.shell[0m [1;30mINFO[0m Creating environment hook '/root/researchv2/install/mymsg/share/mymsg/hook/pythonpath.sh'
[0.799s] [34mcolcon.colcon_core.environment[0m [1;30mLevel 1[0m checking '/root/researchv2/install/mymsg/bin'
[0.800s] [34mcolcon.colcon_core.shell[0m [1;30mINFO[0m Creating package script '/root/researchv2/install/mymsg/share/mymsg/package.ps1'
[0.800s] [34mcolcon.colcon_core.shell[0m [1;30mINFO[0m Creating package descriptor '/root/researchv2/install/mymsg/share/mymsg/package.dsv'
[0.801s] [34mcolcon.colcon_core.shell[0m [1;30mINFO[0m Creating package script '/root/researchv2/install/mymsg/share/mymsg/package.sh'
[0.801s] [34mcolcon.colcon_core.shell[0m [1;30mINFO[0m Creating package script '/root/researchv2/install/mymsg/share/mymsg/package.bash'
[0.801s] [34mcolcon.colcon_core.shell[0m [1;30mINFO[0m Creating package script '/root/researchv2/install/mymsg/share/mymsg/package.zsh'
[0.802s] [34mcolcon.colcon_core.environment[0m [1;30mLevel 1[0m create_file_with_runtime_dependencies(/root/researchv2/install/mymsg/share/colcon-core/packages/mymsg)
[0.811s] [34mcolcon.colcon_core.event_handler.log_command[0m [1;30mDEBUG[0m [32mInvoking command in '/root/researchv2/build/urg_node': AMENT_PREFIX_PATH=/root/researchv2/install/urg_node_msgs:${AMENT_PREFIX_PATH} CMAKE_PREFIX_PATH=/root/researchv2/install/urg_node_msgs:/root/researchv2/install/mymsg:/root/researchv2/install/chaser_system:/opt/ros/foxy LD_LIBRARY_PATH=/root/researchv2/install/urg_node_msgs/lib:${LD_LIBRARY_PATH} PYTHONPATH=/root/researchv2/install/urg_node_msgs/lib/python3.8/site-packages:${PYTHONPATH} /usr/bin/cmake --build /root/researchv2/build/urg_node -- -j12 -l12[0m
[0.921s] [34mcolcon.colcon_core.event_handler.log_command[0m [1;30mDEBUG[0m [32mInvoked command in '/root/researchv2/build/urg_node' returned '0': AMENT_PREFIX_PATH=/root/researchv2/install/urg_node_msgs:${AMENT_PREFIX_PATH} CMAKE_PREFIX_PATH=/root/researchv2/install/urg_node_msgs:/root/researchv2/install/mymsg:/root/researchv2/install/chaser_system:/opt/ros/foxy LD_LIBRARY_PATH=/root/researchv2/install/urg_node_msgs/lib:${LD_LIBRARY_PATH} PYTHONPATH=/root/researchv2/install/urg_node_msgs/lib/python3.8/site-packages:${PYTHONPATH} /usr/bin/cmake --build /root/researchv2/build/urg_node -- -j12 -l12[0m
[0.944s] [34mcolcon.colcon_core.environment[0m [1;30mLevel 1[0m create_environment_scripts_only(mymsg)
[0.946s] [34mcolcon.colcon_core.environment[0m [1;30mLevel 1[0m checking '/root/researchv2/install/mymsg' for CMake module files
[0.946s] [34mcolcon.colcon_core.environment[0m [1;30mLevel 1[0m checking '/root/researchv2/install/mymsg' for CMake config files
[0.947s] [34mcolcon.colcon_core.shell[0m [1;30mLevel 1[0m create_environment_hook('mymsg', 'cmake_prefix_path')
[0.948s] [34mcolcon.colcon_core.shell[0m [1;30mINFO[0m Creating environment hook '/root/researchv2/install/mymsg/share/mymsg/hook/cmake_prefix_path.ps1'
[0.949s] [34mcolcon.colcon_core.shell[0m [1;30mINFO[0m Creating environment descriptor '/root/researchv2/install/mymsg/share/mymsg/hook/cmake_prefix_path.dsv'
[0.949s] [34mcolcon.colcon_core.shell[0m [1;30mINFO[0m Creating environment hook '/root/researchv2/install/mymsg/share/mymsg/hook/cmake_prefix_path.sh'
[0.949s] [34mcolcon.colcon_core.environment[0m [1;30mLevel 1[0m checking '/root/researchv2/install/mymsg/lib'
[0.950s] [34mcolcon.colcon_core.shell[0m [1;30mLevel 1[0m create_environment_hook('mymsg', 'ld_library_path_lib')
[0.951s] [34mcolcon.colcon_core.shell[0m [1;30mINFO[0m Creating environment hook '/root/researchv2/install/mymsg/share/mymsg/hook/ld_library_path_lib.ps1'
[0.951s] [34mcolcon.colcon_core.shell[0m [1;30mINFO[0m Creating environment descriptor '/root/researchv2/install/mymsg/share/mymsg/hook/ld_library_path_lib.dsv'
[0.951s] [34mcolcon.colcon_core.shell[0m [1;30mINFO[0m Creating environment hook '/root/researchv2/install/mymsg/share/mymsg/hook/ld_library_path_lib.sh'
[0.951s] [34mcolcon.colcon_core.environment[0m [1;30mLevel 1[0m checking '/root/researchv2/install/mymsg/bin'
[0.952s] [34mcolcon.colcon_core.environment[0m [1;30mLevel 1[0m checking '/root/researchv2/install/mymsg/lib/pkgconfig/mymsg.pc'
[0.952s] [34mcolcon.colcon_core.environment[0m [1;30mLevel 1[0m checking '/root/researchv2/install/mymsg/lib/python3.8/site-packages'
[0.952s] [34mcolcon.colcon_core.shell[0m [1;30mLevel 1[0m create_environment_hook('mymsg', 'pythonpath')
[0.953s] [34mcolcon.colcon_core.shell[0m [1;30mINFO[0m Creating environment hook '/root/researchv2/install/mymsg/share/mymsg/hook/pythonpath.ps1'
[0.953s] [34mcolcon.colcon_core.shell[0m [1;30mINFO[0m Creating environment descriptor '/root/researchv2/install/mymsg/share/mymsg/hook/pythonpath.dsv'
[0.954s] [34mcolcon.colcon_core.shell[0m [1;30mINFO[0m Creating environment hook '/root/researchv2/install/mymsg/share/mymsg/hook/pythonpath.sh'
[0.954s] [34mcolcon.colcon_core.environment[0m [1;30mLevel 1[0m checking '/root/researchv2/install/mymsg/bin'
[0.955s] [34mcolcon.colcon_core.shell[0m [1;30mINFO[0m Creating package script '/root/researchv2/install/mymsg/share/mymsg/package.ps1'
[0.956s] [34mcolcon.colcon_core.shell[0m [1;30mINFO[0m Creating package descriptor '/root/researchv2/install/mymsg/share/mymsg/package.dsv'
[0.956s] [34mcolcon.colcon_core.shell[0m [1;30mINFO[0m Creating package script '/root/researchv2/install/mymsg/share/mymsg/package.sh'
[0.956s] [34mcolcon.colcon_core.shell[0m [1;30mINFO[0m Creating package script '/root/researchv2/install/mymsg/share/mymsg/package.bash'
[0.957s] [34mcolcon.colcon_core.shell[0m [1;30mINFO[0m Creating package script '/root/researchv2/install/mymsg/share/mymsg/package.zsh'
[0.957s] [34mcolcon.colcon_core.environment[0m [1;30mLevel 1[0m create_file_with_runtime_dependencies(/root/researchv2/install/mymsg/share/colcon-core/packages/mymsg)
[0.958s] [34mcolcon.colcon_ros.task.ament_python.build[0m [1;30mINFO[0m Building ROS package in '/root/researchv2/src/chaser_system' with build type 'ament_python'
[0.958s] [34mcolcon.colcon_core.shell[0m [1;30mLevel 1[0m create_environment_hook('chaser_system', 'ament_prefix_path')
[0.959s] [34mcolcon.colcon_core.shell[0m [1;30mINFO[0m Creating environment hook '/root/researchv2/install/chaser_system/share/chaser_system/hook/ament_prefix_path.ps1'
[0.960s] [34mcolcon.colcon_core.shell[0m [1;30mINFO[0m Creating environment descriptor '/root/researchv2/install/chaser_system/share/chaser_system/hook/ament_prefix_path.dsv'
[0.960s] [34mcolcon.colcon_core.shell[0m [1;30mINFO[0m Creating environment hook '/root/researchv2/install/chaser_system/share/chaser_system/hook/ament_prefix_path.sh'
[0.962s] [34mcolcon.colcon_core.shell[0m [1;30mINFO[0m Skip shell extension 'powershell' for command environment: Not usable outside of PowerShell
[0.962s] [34mcolcon.colcon_core.shell[0m [1;30mDEBUG[0m [32mSkip shell extension 'dsv' for command environment[0m
[0.971s] [34mcolcon.colcon_core.event_handler.log_command[0m [1;30mDEBUG[0m [32mInvoking command in '/root/researchv2/build/urg_node': AMENT_PREFIX_PATH=/root/researchv2/install/urg_node_msgs:${AMENT_PREFIX_PATH} CMAKE_PREFIX_PATH=/root/researchv2/install/urg_node_msgs:/root/researchv2/install/mymsg:/root/researchv2/install/chaser_system:/opt/ros/foxy LD_LIBRARY_PATH=/root/researchv2/install/urg_node_msgs/lib:${LD_LIBRARY_PATH} PYTHONPATH=/root/researchv2/install/urg_node_msgs/lib/python3.8/site-packages:${PYTHONPATH} /usr/bin/cmake --install /root/researchv2/build/urg_node[0m
[1.206s] [34mcolcon.colcon_core.task.python.build[0m [1;30mINFO[0m Building Python package in '/root/researchv2/src/chaser_system'
[1.208s] [34mcolcon.colcon_core.shell[0m [1;30mINFO[0m Skip shell extension 'powershell' for command environment: Not usable outside of PowerShell
[1.208s] [34mcolcon.colcon_core.shell[0m [1;30mDEBUG[0m [32mSkip shell extension 'dsv' for command environment[0m
[1.215s] [34mcolcon.colcon_core.environment[0m [1;30mLevel 1[0m create_environment_scripts_only(urg_node)
[1.217s] [34mcolcon.colcon_core.environment[0m [1;30mLevel 1[0m checking '/root/researchv2/install/urg_node' for CMake module files
[1.218s] [34mcolcon.colcon_core.event_handler.log_command[0m [1;30mDEBUG[0m [32mInvoked command in '/root/researchv2/build/urg_node' returned '0': AMENT_PREFIX_PATH=/root/researchv2/install/urg_node_msgs:${AMENT_PREFIX_PATH} CMAKE_PREFIX_PATH=/root/researchv2/install/urg_node_msgs:/root/researchv2/install/mymsg:/root/researchv2/install/chaser_system:/opt/ros/foxy LD_LIBRARY_PATH=/root/researchv2/install/urg_node_msgs/lib:${LD_LIBRARY_PATH} PYTHONPATH=/root/researchv2/install/urg_node_msgs/lib/python3.8/site-packages:${PYTHONPATH} /usr/bin/cmake --install /root/researchv2/build/urg_node[0m
[1.218s] [34mcolcon.colcon_core.environment[0m [1;30mLevel 1[0m checking '/root/researchv2/install/urg_node' for CMake config files
[1.219s] [34mcolcon.colcon_core.shell[0m [1;30mLevel 1[0m create_environment_hook('urg_node', 'cmake_prefix_path')
[1.220s] [34mcolcon.colcon_core.shell[0m [1;30mINFO[0m Creating environment hook '/root/researchv2/install/urg_node/share/urg_node/hook/cmake_prefix_path.ps1'
[1.220s] [34mcolcon.colcon_core.shell[0m [1;30mINFO[0m Creating environment descriptor '/root/researchv2/install/urg_node/share/urg_node/hook/cmake_prefix_path.dsv'
[1.220s] [34mcolcon.colcon_core.shell[0m [1;30mINFO[0m Creating environment hook '/root/researchv2/install/urg_node/share/urg_node/hook/cmake_prefix_path.sh'
[1.221s] [34mcolcon.colcon_core.environment[0m [1;30mLevel 1[0m checking '/root/researchv2/install/urg_node/lib'
[1.221s] [34mcolcon.colcon_core.shell[0m [1;30mLevel 1[0m create_environment_hook('urg_node', 'ld_library_path_lib')
[1.222s] [34mcolcon.colcon_core.shell[0m [1;30mINFO[0m Creating environment hook '/root/researchv2/install/urg_node/share/urg_node/hook/ld_library_path_lib.ps1'
[1.222s] [34mcolcon.colcon_core.shell[0m [1;30mINFO[0m Creating environment descriptor '/root/researchv2/install/urg_node/share/urg_node/hook/ld_library_path_lib.dsv'
[1.223s] [34mcolcon.colcon_core.shell[0m [1;30mINFO[0m Creating environment hook '/root/researchv2/install/urg_node/share/urg_node/hook/ld_library_path_lib.sh'
[1.223s] [34mcolcon.colcon_core.environment[0m [1;30mLevel 1[0m checking '/root/researchv2/install/urg_node/bin'
[1.223s] [34mcolcon.colcon_core.environment[0m [1;30mLevel 1[0m checking '/root/researchv2/install/urg_node/lib/pkgconfig/urg_node.pc'
[1.223s] [34mcolcon.colcon_core.environment[0m [1;30mLevel 1[0m checking '/root/researchv2/install/urg_node/lib/python3.8/site-packages'
[1.223s] [34mcolcon.colcon_core.environment[0m [1;30mLevel 1[0m checking '/root/researchv2/install/urg_node/bin'
[1.225s] [34mcolcon.colcon_core.shell[0m [1;30mINFO[0m Creating package script '/root/researchv2/install/urg_node/share/urg_node/package.ps1'
[1.225s] [34mcolcon.colcon_core.shell[0m [1;30mINFO[0m Creating package descriptor '/root/researchv2/install/urg_node/share/urg_node/package.dsv'
[1.225s] [34mcolcon.colcon_core.shell[0m [1;30mINFO[0m Creating package script '/root/researchv2/install/urg_node/share/urg_node/package.sh'
[1.226s] [34mcolcon.colcon_core.shell[0m [1;30mINFO[0m Creating package script '/root/researchv2/install/urg_node/share/urg_node/package.bash'
[1.226s] [34mcolcon.colcon_core.shell[0m [1;30mINFO[0m Creating package script '/root/researchv2/install/urg_node/share/urg_node/package.zsh'
[1.226s] [34mcolcon.colcon_core.environment[0m [1;30mLevel 1[0m create_file_with_runtime_dependencies(/root/researchv2/install/urg_node/share/colcon-core/packages/urg_node)
[1.262s] [34mcolcon.colcon_core.environment[0m [1;30mLevel 1[0m create_environment_scripts_only(urg_node)
[1.264s] [34mcolcon.colcon_core.environment[0m [1;30mLevel 1[0m checking '/root/researchv2/install/urg_node' for CMake module files
[1.264s] [34mcolcon.colcon_core.environment[0m [1;30mLevel 1[0m checking '/root/researchv2/install/urg_node' for CMake config files
[1.264s] [34mcolcon.colcon_core.shell[0m [1;30mLevel 1[0m create_environment_hook('urg_node', 'cmake_prefix_path')
[1.265s] [34mcolcon.colcon_core.shell[0m [1;30mINFO[0m Creating environment hook '/root/researchv2/install/urg_node/share/urg_node/hook/cmake_prefix_path.ps1'
[1.266s] [34mcolcon.colcon_core.shell[0m [1;30mINFO[0m Creating environment descriptor '/root/researchv2/install/urg_node/share/urg_node/hook/cmake_prefix_path.dsv'
[1.266s] [34mcolcon.colcon_core.shell[0m [1;30mINFO[0m Creating environment hook '/root/researchv2/install/urg_node/share/urg_node/hook/cmake_prefix_path.sh'
[1.267s] [34mcolcon.colcon_core.environment[0m [1;30mLevel 1[0m checking '/root/researchv2/install/urg_node/lib'
[1.267s] [34mcolcon.colcon_core.shell[0m [1;30mLevel 1[0m create_environment_hook('urg_node', 'ld_library_path_lib')
[1.268s] [34mcolcon.colcon_core.shell[0m [1;30mINFO[0m Creating environment hook '/root/researchv2/install/urg_node/share/urg_node/hook/ld_library_path_lib.ps1'
[1.268s] [34mcolcon.colcon_core.shell[0m [1;30mINFO[0m Creating environment descriptor '/root/researchv2/install/urg_node/share/urg_node/hook/ld_library_path_lib.dsv'
[1.268s] [34mcolcon.colcon_core.shell[0m [1;30mINFO[0m Creating environment hook '/root/researchv2/install/urg_node/share/urg_node/hook/ld_library_path_lib.sh'
[1.268s] [34mcolcon.colcon_core.environment[0m [1;30mLevel 1[0m checking '/root/researchv2/install/urg_node/bin'
[1.269s] [34mcolcon.colcon_core.environment[0m [1;30mLevel 1[0m checking '/root/researchv2/install/urg_node/lib/pkgconfig/urg_node.pc'
[1.269s] [34mcolcon.colcon_core.environment[0m [1;30mLevel 1[0m checking '/root/researchv2/install/urg_node/lib/python3.8/site-packages'
[1.269s] [34mcolcon.colcon_core.environment[0m [1;30mLevel 1[0m checking '/root/researchv2/install/urg_node/bin'
[1.270s] [34mcolcon.colcon_core.shell[0m [1;30mINFO[0m Creating package script '/root/researchv2/install/urg_node/share/urg_node/package.ps1'
[1.270s] [34mcolcon.colcon_core.shell[0m [1;30mINFO[0m Creating package descriptor '/root/researchv2/install/urg_node/share/urg_node/package.dsv'
[1.271s] [34mcolcon.colcon_core.shell[0m [1;30mINFO[0m Creating package script '/root/researchv2/install/urg_node/share/urg_node/package.sh'
[1.271s] [34mcolcon.colcon_core.shell[0m [1;30mINFO[0m Creating package script '/root/researchv2/install/urg_node/share/urg_node/package.bash'
[1.271s] [34mcolcon.colcon_core.shell[0m [1;30mINFO[0m Creating package script '/root/researchv2/install/urg_node/share/urg_node/package.zsh'
[1.272s] [34mcolcon.colcon_core.environment[0m [1;30mLevel 1[0m create_file_with_runtime_dependencies(/root/researchv2/install/urg_node/share/colcon-core/packages/urg_node)
[1.641s] [34mcolcon.colcon_core.event_handler.log_command[0m [1;30mDEBUG[0m [32mInvoking command in '/root/researchv2/src/chaser_system': LD_LIBRARY_PATH=/root/researchv2/install/mymsg/lib:/usr/lib/x86_64-linux-gnu/gazebo-11/plugins:/opt/ros/foxy/opt/yaml_cpp_vendor/lib:/opt/ros/foxy/opt/rviz_ogre_vendor/lib:/opt/ros/foxy/lib/x86_64-linux-gnu:/opt/ros/foxy/lib:/usr/local/11.6.0/lib64:/usr/local/nvidia/lib:/usr/local/nvidia/lib64 PYTHONPATH=/root/researchv2/build/chaser_system/prefix_override:/root/researchv2/install/chaser_system/lib/python3.8/site-packages:${PYTHONPATH} /usr/bin/python3 setup.py egg_info --egg-base ../../build/chaser_system build --build-base /root/researchv2/build/chaser_system/build install --record /root/researchv2/build/chaser_system/install.log --install-scripts $base/lib/chaser_system --single-version-externally-managed[0m
[1.919s] [34mcolcon.colcon_core.environment[0m [1;30mLevel 1[0m checking '/root/researchv2/install/chaser_system' for CMake module files
[1.919s] [34mcolcon.colcon_core.event_handler.log_command[0m [1;30mDEBUG[0m [32mInvoked command in '/root/researchv2/src/chaser_system' returned '0': LD_LIBRARY_PATH=/root/researchv2/install/mymsg/lib:/usr/lib/x86_64-linux-gnu/gazebo-11/plugins:/opt/ros/foxy/opt/yaml_cpp_vendor/lib:/opt/ros/foxy/opt/rviz_ogre_vendor/lib:/opt/ros/foxy/lib/x86_64-linux-gnu:/opt/ros/foxy/lib:/usr/local/11.6.0/lib64:/usr/local/nvidia/lib:/usr/local/nvidia/lib64 PYTHONPATH=/root/researchv2/build/chaser_system/prefix_override:/root/researchv2/install/chaser_system/lib/python3.8/site-packages:${PYTHONPATH} /usr/bin/python3 setup.py egg_info --egg-base ../../build/chaser_system build --build-base /root/researchv2/build/chaser_system/build install --record /root/researchv2/build/chaser_system/install.log --install-scripts $base/lib/chaser_system --single-version-externally-managed[0m
[1.920s] [34mcolcon.colcon_core.environment[0m [1;30mLevel 1[0m checking '/root/researchv2/install/chaser_system' for CMake config files
[1.920s] [34mcolcon.colcon_core.environment[0m [1;30mLevel 1[0m checking '/root/researchv2/install/chaser_system/lib'
[1.920s] [34mcolcon.colcon_core.environment[0m [1;30mLevel 1[0m checking '/root/researchv2/install/chaser_system/bin'
[1.921s] [34mcolcon.colcon_core.environment[0m [1;30mLevel 1[0m checking '/root/researchv2/install/chaser_system/lib/pkgconfig/chaser_system.pc'
[1.921s] [34mcolcon.colcon_core.environment[0m [1;30mLevel 1[0m checking '/root/researchv2/install/chaser_system/lib/python3.8/site-packages'
[1.921s] [34mcolcon.colcon_core.shell[0m [1;30mLevel 1[0m create_environment_hook('chaser_system', 'pythonpath')
[1.922s] [34mcolcon.colcon_core.shell[0m [1;30mINFO[0m Creating environment hook '/root/researchv2/install/chaser_system/share/chaser_system/hook/pythonpath.ps1'
[1.923s] [34mcolcon.colcon_core.shell[0m [1;30mINFO[0m Creating environment descriptor '/root/researchv2/install/chaser_system/share/chaser_system/hook/pythonpath.dsv'
[1.923s] [34mcolcon.colcon_core.shell[0m [1;30mINFO[0m Creating environment hook '/root/researchv2/install/chaser_system/share/chaser_system/hook/pythonpath.sh'
[1.924s] [34mcolcon.colcon_core.environment[0m [1;30mLevel 1[0m checking '/root/researchv2/install/chaser_system/bin'
[1.924s] [34mcolcon.colcon_core.environment[0m [1;30mLevel 1[0m create_environment_scripts_only(chaser_system)
[1.925s] [34mcolcon.colcon_core.shell[0m [1;30mINFO[0m Creating package script '/root/researchv2/install/chaser_system/share/chaser_system/package.ps1'
[1.925s] [34mcolcon.colcon_core.shell[0m [1;30mINFO[0m Creating package descriptor '/root/researchv2/install/chaser_system/share/chaser_system/package.dsv'
[1.926s] [34mcolcon.colcon_core.shell[0m [1;30mINFO[0m Creating package script '/root/researchv2/install/chaser_system/share/chaser_system/package.sh'
[1.926s] [34mcolcon.colcon_core.shell[0m [1;30mINFO[0m Creating package script '/root/researchv2/install/chaser_system/share/chaser_system/package.bash'
[1.926s] [34mcolcon.colcon_core.shell[0m [1;30mINFO[0m Creating package script '/root/researchv2/install/chaser_system/share/chaser_system/package.zsh'
[1.926s] [34mcolcon.colcon_core.environment[0m [1;30mLevel 1[0m create_file_with_runtime_dependencies(/root/researchv2/install/chaser_system/share/colcon-core/packages/chaser_system)
[1.927s] [34mcolcon.colcon_parallel_executor.executor.parallel[0m [1;30mDEBUG[0m [32mclosing loop[0m
[1.927s] [34mcolcon.colcon_parallel_executor.executor.parallel[0m [1;30mDEBUG[0m [32mloop closed[0m
[1.927s] [34mcolcon.colcon_parallel_executor.executor.parallel[0m [1;30mDEBUG[0m [32mrun_until_complete finished with '0'[0m
[1.927s] [34mcolcon.colcon_core.event_reactor[0m [1;30mDEBUG[0m [32mjoining thread[0m
[1.933s] [34mcolcon.colcon_core.plugin_system[0m [1;30mINFO[0m Skipping extension 'colcon_notification.desktop_notification.notify_send': Could not find 'notify-send'
[1.933s] [34mcolcon.colcon_core.plugin_system[0m [1;30mINFO[0m Skipping extension 'colcon_notification.desktop_notification.terminal_notifier': Not used on non-Darwin systems
[1.933s] [34mcolcon.colcon_core.plugin_system[0m [1;30mINFO[0m Skipping extension 'colcon_notification.desktop_notification.win32': Not used on non-Windows systems
[1.933s] [34mcolcon.colcon_notification.desktop_notification[0m [1;30mINFO[0m Sending desktop notification using 'notify2'
[1.939s] [34mcolcon.colcon_notification.desktop_notification.notify2[0m [1;30mDEBUG[0m [32mFailed to initialize notify2: org.freedesktop.DBus.Error.ServiceUnknown: The name org.freedesktop.Notifications was not provided by any .service files[0m
[1.939s] [34mcolcon.colcon_core.event_reactor[0m [1;30mDEBUG[0m [32mjoined thread[0m
[1.941s] [34mcolcon.colcon_core.shell[0m [1;30mINFO[0m Creating prefix script '/root/researchv2/install/local_setup.ps1'
[1.942s] [34mcolcon.colcon_core.shell[0m [1;30mINFO[0m Creating prefix util module '/root/researchv2/install/_local_setup_util_ps1.py'
[1.944s] [34mcolcon.colcon_core.shell[0m [1;30mINFO[0m Creating prefix chain script '/root/researchv2/install/setup.ps1'
[1.945s] [34mcolcon.colcon_core.shell[0m [1;30mINFO[0m Creating prefix script '/root/researchv2/install/local_setup.sh'
[1.945s] [34mcolcon.colcon_core.shell[0m [1;30mINFO[0m Creating prefix util module '/root/researchv2/install/_local_setup_util_sh.py'
[1.945s] [34mcolcon.colcon_core.shell[0m [1;30mINFO[0m Creating prefix chain script '/root/researchv2/install/setup.sh'
[1.946s] [34mcolcon.colcon_core.shell[0m [1;30mINFO[0m Creating prefix script '/root/researchv2/install/local_setup.bash'
[1.947s] [34mcolcon.colcon_core.shell[0m [1;30mINFO[0m Creating prefix chain script '/root/researchv2/install/setup.bash'
[1.948s] [34mcolcon.colcon_core.shell[0m [1;30mINFO[0m Creating prefix script '/root/researchv2/install/local_setup.zsh'
[1.948s] [34mcolcon.colcon_core.shell[0m [1;30mINFO[0m Creating prefix chain script '/root/researchv2/install/setup.zsh'
