[0.052s] Invoking command in '/root/researchv2/build/urg_c': CMAKE_PREFIX_PATH=${CMAKE_PREFIX_PATH}:/root/researchv2/install/chaser_system:/opt/ros/galactic /usr/bin/cmake --build /root/researchv2/build/urg_c -- -j12 -l12
[0.142s] [ 29%] Built target urg_c
[0.183s] [ 35%] Built target open_urg_sensor
[0.247s] [ 41%] Built target timeout_test
[0.260s] [ 47%] Built target sync_time_stamp
[0.274s] [ 52%] Built target get_distance_intensity
[0.275s] [ 58%] Built target get_distance
[0.278s] [ 70%] Built target calculate_xy
[0.278s] [ 70%] Built target get_multiecho
[0.279s] [ 76%] Built target get_multiecho_intensity
[0.282s] [ 82%] Built target sensor_parameter
[0.283s] [ 88%] Built target angle_convert_test
[0.307s] [ 94%] Built target find_port
[0.309s] [100%] Built target reboot_test
[0.324s] Invoked command in '/root/researchv2/build/urg_c' returned '0': CMAKE_PREFIX_PATH=${CMAKE_PREFIX_PATH}:/root/researchv2/install/chaser_system:/opt/ros/galactic /usr/bin/cmake --build /root/researchv2/build/urg_c -- -j12 -l12
[0.474s] Invoking command in '/root/researchv2/build/urg_c': CMAKE_PREFIX_PATH=${CMAKE_PREFIX_PATH}:/root/researchv2/install/chaser_system:/opt/ros/galactic /usr/bin/cmake --install /root/researchv2/build/urg_c
[0.488s] -- Install configuration: ""
[0.489s] -- Up-to-date: /root/researchv2/install/urg_c/lib/liburg_c.so
[0.490s] -- Up-to-date: /root/researchv2/install/urg_c/lib/libopen_urg_sensor.a
[0.491s] -- Up-to-date: /root/researchv2/install/urg_c/bin/angle_convert_test
[0.492s] -- Up-to-date: /root/researchv2/install/urg_c/bin/calculate_xy
[0.492s] -- Up-to-date: /root/researchv2/install/urg_c/bin/find_port
[0.492s] -- Up-to-date: /root/researchv2/install/urg_c/bin/get_distance
[0.492s] -- Up-to-date: /root/researchv2/install/urg_c/bin/get_distance_intensity
[0.493s] -- Up-to-date: /root/researchv2/install/urg_c/bin/get_multiecho
[0.493s] -- Up-to-date: /root/researchv2/install/urg_c/bin/get_multiecho_intensity
[0.493s] -- Up-to-date: /root/researchv2/install/urg_c/bin/reboot_test
[0.493s] -- Up-to-date: /root/researchv2/install/urg_c/bin/sensor_parameter
[0.493s] -- Up-to-date: /root/researchv2/install/urg_c/bin/sync_time_stamp
[0.493s] -- Up-to-date: /root/researchv2/install/urg_c/bin/timeout_test
[0.494s] -- Up-to-date: /root/researchv2/install/urg_c/include
[0.494s] -- Up-to-date: /root/researchv2/install/urg_c/include/urg_c
[0.494s] -- Up-to-date: /root/researchv2/install/urg_c/include/urg_c/urg_detect_os.h
[0.495s] -- Up-to-date: /root/researchv2/install/urg_c/include/urg_c/urg_debug.h
[0.495s] -- Up-to-date: /root/researchv2/install/urg_c/include/urg_c/urg_serial.h
[0.495s] -- Up-to-date: /root/researchv2/install/urg_c/include/urg_c/urg_time.h
[0.495s] -- Up-to-date: /root/researchv2/install/urg_c/include/urg_c/urg_sensor.h
[0.495s] -- Up-to-date: /root/researchv2/install/urg_c/include/urg_c/urg_utils.h
[0.495s] -- Up-to-date: /root/researchv2/install/urg_c/include/urg_c/urg_errno.h
[0.496s] -- Up-to-date: /root/researchv2/install/urg_c/include/urg_c/urg_serial_utils.h
[0.496s] -- Up-to-date: /root/researchv2/install/urg_c/include/urg_c/urg_tcpclient.h
[0.496s] -- Up-to-date: /root/researchv2/install/urg_c/include/urg_c/urg_connection.h
[0.496s] -- Up-to-date: /root/researchv2/install/urg_c/include/urg_c/urg_ring_buffer.h
[0.497s] -- Up-to-date: /root/researchv2/install/urg_c/share/urg_c/environment/library_path.sh
[0.497s] -- Up-to-date: /root/researchv2/install/urg_c/share/urg_c/environment/library_path.dsv
[0.497s] -- Up-to-date: /root/researchv2/install/urg_c/share/ament_index/resource_index/package_run_dependencies/urg_c
[0.497s] -- Up-to-date: /root/researchv2/install/urg_c/share/ament_index/resource_index/parent_prefix_path/urg_c
[0.497s] -- Up-to-date: /root/researchv2/install/urg_c/share/urg_c/environment/ament_prefix_path.sh
[0.497s] -- Up-to-date: /root/researchv2/install/urg_c/share/urg_c/environment/ament_prefix_path.dsv
[0.498s] -- Up-to-date: /root/researchv2/install/urg_c/share/urg_c/environment/path.sh
[0.498s] -- Up-to-date: /root/researchv2/install/urg_c/share/urg_c/environment/path.dsv
[0.499s] -- Up-to-date: /root/researchv2/install/urg_c/share/urg_c/local_setup.bash
[0.504s] -- Up-to-date: /root/researchv2/install/urg_c/share/urg_c/local_setup.sh
[0.504s] -- Up-to-date: /root/researchv2/install/urg_c/share/urg_c/local_setup.zsh
[0.505s] -- Up-to-date: /root/researchv2/install/urg_c/share/urg_c/local_setup.dsv
[0.505s] -- Installing: /root/researchv2/install/urg_c/share/urg_c/package.dsv
[0.505s] -- Up-to-date: /root/researchv2/install/urg_c/share/ament_index/resource_index/packages/urg_c
[0.505s] -- Up-to-date: /root/researchv2/install/urg_c/share/urg_c/cmake/ament_cmake_export_include_directories-extras.cmake
[0.505s] -- Up-to-date: /root/researchv2/install/urg_c/share/urg_c/cmake/ament_cmake_export_libraries-extras.cmake
[0.505s] -- Up-to-date: /root/researchv2/install/urg_c/share/urg_c/cmake/urg_cConfig.cmake
[0.506s] -- Up-to-date: /root/researchv2/install/urg_c/share/urg_c/cmake/urg_cConfig-version.cmake
[0.506s] -- Up-to-date: /root/researchv2/install/urg_c/share/urg_c/package.xml
[0.506s] Invoked command in '/root/researchv2/build/urg_c' returned '0': CMAKE_PREFIX_PATH=${CMAKE_PREFIX_PATH}:/root/researchv2/install/chaser_system:/opt/ros/galactic /usr/bin/cmake --install /root/researchv2/build/urg_c
