[0.075s] Invoking command in '/root/researchv2/build/urg_c': CMAKE_PREFIX_PATH=${CMAKE_PREFIX_PATH}:/root/researchv2/install/chaser_system:/opt/ros/galactic /usr/bin/cmake --build /root/researchv2/build/urg_c -- -j12 -l12
[0.176s] [ 29%] Built target urg_c
[0.219s] [ 35%] Built target open_urg_sensor
[0.332s] [ 41%] Built target get_distance_intensity
[0.335s] [ 47%] Built target timeout_test
[0.339s] [ 52%] Built target sensor_parameter
[0.340s] [ 58%] Built target sync_time_stamp
[0.346s] [ 64%] Built target get_distance
[0.352s] [ 70%] Built target angle_convert_test
[0.354s] [ 76%] Built target get_multiecho_intensity
[0.358s] [ 82%] Built target get_multiecho
[0.363s] [ 88%] Built target calculate_xy
[0.374s] [ 94%] Built target find_port
[0.397s] [100%] Built target reboot_test
[0.413s] Invoked command in '/root/researchv2/build/urg_c' returned '0': CMAKE_PREFIX_PATH=${CMAKE_PREFIX_PATH}:/root/researchv2/install/chaser_system:/opt/ros/galactic /usr/bin/cmake --build /root/researchv2/build/urg_c -- -j12 -l12
[0.575s] Invoking command in '/root/researchv2/build/urg_c': CMAKE_PREFIX_PATH=${CMAKE_PREFIX_PATH}:/root/researchv2/install/chaser_system:/opt/ros/galactic /usr/bin/cmake --install /root/researchv2/build/urg_c
[0.593s] -- Install configuration: ""
[0.593s] -- Up-to-date: /root/researchv2/install/urg_c/lib/liburg_c.so
[0.594s] -- Up-to-date: /root/researchv2/install/urg_c/lib/libopen_urg_sensor.a
[0.594s] -- Up-to-date: /root/researchv2/install/urg_c/bin/angle_convert_test
[0.595s] -- Up-to-date: /root/researchv2/install/urg_c/bin/calculate_xy
[0.596s] -- Up-to-date: /root/researchv2/install/urg_c/bin/find_port
[0.597s] -- Up-to-date: /root/researchv2/install/urg_c/bin/get_distance
[0.598s] -- Up-to-date: /root/researchv2/install/urg_c/bin/get_distance_intensity
[0.599s] -- Up-to-date: /root/researchv2/install/urg_c/bin/get_multiecho
[0.599s] -- Up-to-date: /root/researchv2/install/urg_c/bin/get_multiecho_intensity
[0.600s] -- Up-to-date: /root/researchv2/install/urg_c/bin/reboot_test
[0.601s] -- Up-to-date: /root/researchv2/install/urg_c/bin/sensor_parameter
[0.602s] -- Up-to-date: /root/researchv2/install/urg_c/bin/sync_time_stamp
[0.603s] -- Up-to-date: /root/researchv2/install/urg_c/bin/timeout_test
[0.603s] -- Up-to-date: /root/researchv2/install/urg_c/include
[0.604s] -- Up-to-date: /root/researchv2/install/urg_c/include/urg_c
[0.604s] -- Up-to-date: /root/researchv2/install/urg_c/include/urg_c/urg_detect_os.h
[0.604s] -- Up-to-date: /root/researchv2/install/urg_c/include/urg_c/urg_debug.h
[0.604s] -- Up-to-date: /root/researchv2/install/urg_c/include/urg_c/urg_serial.h
[0.604s] -- Up-to-date: /root/researchv2/install/urg_c/include/urg_c/urg_time.h
[0.605s] -- Up-to-date: /root/researchv2/install/urg_c/include/urg_c/urg_sensor.h
[0.605s] -- Up-to-date: /root/researchv2/install/urg_c/include/urg_c/urg_utils.h
[0.606s] -- Up-to-date: /root/researchv2/install/urg_c/include/urg_c/urg_errno.h
[0.607s] -- Up-to-date: /root/researchv2/install/urg_c/include/urg_c/urg_serial_utils.h
[0.609s] -- Up-to-date: /root/researchv2/install/urg_c/include/urg_c/urg_tcpclient.h
[0.610s] -- Up-to-date: /root/researchv2/install/urg_c/include/urg_c/urg_connection.h
[0.611s] -- Up-to-date: /root/researchv2/install/urg_c/include/urg_c/urg_ring_buffer.h
[0.611s] -- Up-to-date: /root/researchv2/install/urg_c/share/urg_c/environment/library_path.sh
[0.618s] -- Up-to-date: /root/researchv2/install/urg_c/share/urg_c/environment/library_path.dsv
[0.618s] -- Up-to-date: /root/researchv2/install/urg_c/share/ament_index/resource_index/package_run_dependencies/urg_c
[0.619s] -- Up-to-date: /root/researchv2/install/urg_c/share/ament_index/resource_index/parent_prefix_path/urg_c
[0.619s] -- Up-to-date: /root/researchv2/install/urg_c/share/urg_c/environment/ament_prefix_path.sh
[0.619s] -- Up-to-date: /root/researchv2/install/urg_c/share/urg_c/environment/ament_prefix_path.dsv
[0.620s] -- Up-to-date: /root/researchv2/install/urg_c/share/urg_c/environment/path.sh
[0.620s] -- Up-to-date: /root/researchv2/install/urg_c/share/urg_c/environment/path.dsv
[0.620s] -- Up-to-date: /root/researchv2/install/urg_c/share/urg_c/local_setup.bash
[0.621s] -- Up-to-date: /root/researchv2/install/urg_c/share/urg_c/local_setup.sh
[0.621s] -- Up-to-date: /root/researchv2/install/urg_c/share/urg_c/local_setup.zsh
[0.621s] -- Up-to-date: /root/researchv2/install/urg_c/share/urg_c/local_setup.dsv
[0.621s] -- Installing: /root/researchv2/install/urg_c/share/urg_c/package.dsv
[0.622s] -- Up-to-date: /root/researchv2/install/urg_c/share/ament_index/resource_index/packages/urg_c
[0.622s] -- Up-to-date: /root/researchv2/install/urg_c/share/urg_c/cmake/ament_cmake_export_include_directories-extras.cmake
[0.622s] -- Up-to-date: /root/researchv2/install/urg_c/share/urg_c/cmake/ament_cmake_export_libraries-extras.cmake
[0.622s] -- Up-to-date: /root/researchv2/install/urg_c/share/urg_c/cmake/urg_cConfig.cmake
[0.623s] -- Up-to-date: /root/researchv2/install/urg_c/share/urg_c/cmake/urg_cConfig-version.cmake
[0.624s] -- Up-to-date: /root/researchv2/install/urg_c/share/urg_c/package.xml
[0.624s] Invoked command in '/root/researchv2/build/urg_c' returned '0': CMAKE_PREFIX_PATH=${CMAKE_PREFIX_PATH}:/root/researchv2/install/chaser_system:/opt/ros/galactic /usr/bin/cmake --install /root/researchv2/build/urg_c
