[0.047s] Invoking command in '/root/researchv2/build/slam_toolbox': CMAKE_PREFIX_PATH=${CMAKE_PREFIX_PATH}:/root/researchv2/install/chaser_system:/opt/ros/foxy /usr/bin/cmake --build /root/researchv2/build/slam_toolbox -- -j12 -l12
[0.181s] [  1%] Built target slam_toolbox__cpp
[0.186s] [ 10%] Built target slam_toolbox__rosidl_generator_c
[0.220s] [ 12%] Built target kartoSlamToolbox
[0.245s] [ 21%] Built target slam_toolbox__rosidl_typesupport_cpp
[0.257s] [ 30%] Built target slam_toolbox__rosidl_typesupport_introspection_cpp
[0.274s] [ 39%] Built target slam_toolbox__rosidl_typesupport_fastrtps_cpp
[0.283s] [ 48%] Built target slam_toolbox__rosidl_typesupport_introspection_c
[0.286s] [ 57%] Built target slam_toolbox__rosidl_typesupport_c
[0.346s] [ 66%] Built target slam_toolbox__rosidl_typesupport_fastrtps_c
[0.382s] [ 66%] Built target slam_toolbox
[0.425s] [ 67%] Built target slam_toolbox__py
[0.475s] [ 69%] Built target ceres_solver_plugin
[0.499s] [ 77%] Built target slam_toolbox__python
[0.500s] [ 82%] Built target toolbox_common
[0.503s] [ 84%] Built target SlamToolboxPlugin
[0.570s] [ 85%] Built target slam_toolbox__rosidl_typesupport_c__pyext
[0.570s] [ 86%] Built target slam_toolbox__rosidl_typesupport_introspection_c__pyext
[0.571s] [ 87%] Built target slam_toolbox__rosidl_typesupport_fastrtps_c__pyext
[0.599s] [ 91%] Built target merge_maps_kinematic
[0.600s] [ 92%] Built target lifelong_slam_toolbox
[0.600s] [ 92%] Built target sync_slam_toolbox
[0.624s] [ 94%] Built target async_slam_toolbox
[0.624s] [ 95%] Built target localization_slam_toolbox
[0.692s] [ 96%] Built target sync_slam_toolbox_node
[0.694s] [ 97%] Built target lifelong_slam_toolbox_node
[0.721s] [100%] Built target async_slam_toolbox_node
[0.721s] [100%] Built target localization_slam_toolbox_node
[0.745s] Invoked command in '/root/researchv2/build/slam_toolbox' returned '0': CMAKE_PREFIX_PATH=${CMAKE_PREFIX_PATH}:/root/researchv2/install/chaser_system:/opt/ros/foxy /usr/bin/cmake --build /root/researchv2/build/slam_toolbox -- -j12 -l12
[1.184s] Invoking command in '/root/researchv2/build/slam_toolbox': CMAKE_PREFIX_PATH=${CMAKE_PREFIX_PATH}:/root/researchv2/install/chaser_system:/opt/ros/foxy /usr/bin/cmake --install /root/researchv2/build/slam_toolbox
[1.202s] -- Install configuration: "Release"
[1.203s] -- Up-to-date: /root/researchv2/install/slam_toolbox/share/ament_index/resource_index/rosidl_interfaces/slam_toolbox
[1.203s] -- Up-to-date: /root/researchv2/install/slam_toolbox/include/slam_toolbox
[1.204s] -- Up-to-date: /root/researchv2/install/slam_toolbox/include/slam_toolbox/srv
[1.204s] -- Up-to-date: /root/researchv2/install/slam_toolbox/include/slam_toolbox/srv/clear_queue.h
[1.204s] -- Up-to-date: /root/researchv2/install/slam_toolbox/include/slam_toolbox/srv/add_submap.h
[1.205s] -- Up-to-date: /root/researchv2/install/slam_toolbox/include/slam_toolbox/srv/toggle_interactive.h
[1.205s] -- Up-to-date: /root/researchv2/install/slam_toolbox/include/slam_toolbox/srv/pause.h
[1.206s] -- Up-to-date: /root/researchv2/install/slam_toolbox/include/slam_toolbox/srv/detail
[1.206s] -- Up-to-date: /root/researchv2/install/slam_toolbox/include/slam_toolbox/srv/detail/loop_closure__type_support.h
[1.206s] -- Up-to-date: /root/researchv2/install/slam_toolbox/include/slam_toolbox/srv/detail/merge_maps__struct.h
[1.206s] -- Up-to-date: /root/researchv2/install/slam_toolbox/include/slam_toolbox/srv/detail/clear__type_support.h
[1.206s] -- Up-to-date: /root/researchv2/install/slam_toolbox/include/slam_toolbox/srv/detail/save_map__type_support.h
[1.207s] -- Up-to-date: /root/researchv2/install/slam_toolbox/include/slam_toolbox/srv/detail/pause__functions.c
[1.207s] -- Up-to-date: /root/researchv2/install/slam_toolbox/include/slam_toolbox/srv/detail/add_submap__type_support.h
[1.207s] -- Up-to-date: /root/researchv2/install/slam_toolbox/include/slam_toolbox/srv/detail/clear__functions.h
[1.207s] -- Up-to-date: /root/researchv2/install/slam_toolbox/include/slam_toolbox/srv/detail/pause__functions.h
[1.208s] -- Up-to-date: /root/researchv2/install/slam_toolbox/include/slam_toolbox/srv/detail/add_submap__struct.h
[1.208s] -- Up-to-date: /root/researchv2/install/slam_toolbox/include/slam_toolbox/srv/detail/merge_maps__functions.c
[1.208s] -- Up-to-date: /root/researchv2/install/slam_toolbox/include/slam_toolbox/srv/detail/deserialize_pose_graph__type_support.h
[1.208s] -- Up-to-date: /root/researchv2/install/slam_toolbox/include/slam_toolbox/srv/detail/deserialize_pose_graph__struct.h
[1.209s] -- Up-to-date: /root/researchv2/install/slam_toolbox/include/slam_toolbox/srv/detail/loop_closure__functions.c
[1.209s] -- Up-to-date: /root/researchv2/install/slam_toolbox/include/slam_toolbox/srv/detail/toggle_interactive__functions.c
[1.209s] -- Up-to-date: /root/researchv2/install/slam_toolbox/include/slam_toolbox/srv/detail/toggle_interactive__type_support.h
[1.210s] -- Up-to-date: /root/researchv2/install/slam_toolbox/include/slam_toolbox/srv/detail/add_submap__functions.h
[1.210s] -- Up-to-date: /root/researchv2/install/slam_toolbox/include/slam_toolbox/srv/detail/merge_maps__type_support.h
[1.210s] -- Up-to-date: /root/researchv2/install/slam_toolbox/include/slam_toolbox/srv/detail/loop_closure__struct.h
[1.211s] -- Up-to-date: /root/researchv2/install/slam_toolbox/include/slam_toolbox/srv/detail/save_map__struct.h
[1.211s] -- Up-to-date: /root/researchv2/install/slam_toolbox/include/slam_toolbox/srv/detail/deserialize_pose_graph__functions.h
[1.211s] -- Up-to-date: /root/researchv2/install/slam_toolbox/include/slam_toolbox/srv/detail/toggle_interactive__struct.h
[1.211s] -- Up-to-date: /root/researchv2/install/slam_toolbox/include/slam_toolbox/srv/detail/deserialize_pose_graph__functions.c
[1.212s] -- Up-to-date: /root/researchv2/install/slam_toolbox/include/slam_toolbox/srv/detail/merge_maps__functions.h
[1.212s] -- Up-to-date: /root/researchv2/install/slam_toolbox/include/slam_toolbox/srv/detail/save_map__functions.h
[1.212s] -- Up-to-date: /root/researchv2/install/slam_toolbox/include/slam_toolbox/srv/detail/pause__struct.h
[1.213s] -- Up-to-date: /root/researchv2/install/slam_toolbox/include/slam_toolbox/srv/detail/clear_queue__functions.c
[1.213s] -- Up-to-date: /root/researchv2/install/slam_toolbox/include/slam_toolbox/srv/detail/clear_queue__functions.h
[1.213s] -- Up-to-date: /root/researchv2/install/slam_toolbox/include/slam_toolbox/srv/detail/clear__struct.h
[1.213s] -- Up-to-date: /root/researchv2/install/slam_toolbox/include/slam_toolbox/srv/detail/serialize_pose_graph__functions.h
[1.213s] -- Up-to-date: /root/researchv2/install/slam_toolbox/include/slam_toolbox/srv/detail/clear_queue__type_support.h
[1.214s] -- Up-to-date: /root/researchv2/install/slam_toolbox/include/slam_toolbox/srv/detail/clear_queue__struct.h
[1.214s] -- Up-to-date: /root/researchv2/install/slam_toolbox/include/slam_toolbox/srv/detail/serialize_pose_graph__struct.h
[1.215s] -- Up-to-date: /root/researchv2/install/slam_toolbox/include/slam_toolbox/srv/detail/clear__functions.c
[1.215s] -- Up-to-date: /root/researchv2/install/slam_toolbox/include/slam_toolbox/srv/detail/toggle_interactive__functions.h
[1.215s] -- Up-to-date: /root/researchv2/install/slam_toolbox/include/slam_toolbox/srv/detail/serialize_pose_graph__type_support.h
[1.216s] -- Up-to-date: /root/researchv2/install/slam_toolbox/include/slam_toolbox/srv/detail/pause__type_support.h
[1.216s] -- Up-to-date: /root/researchv2/install/slam_toolbox/include/slam_toolbox/srv/detail/serialize_pose_graph__functions.c
[1.217s] -- Up-to-date: /root/researchv2/install/slam_toolbox/include/slam_toolbox/srv/detail/add_submap__functions.c
[1.217s] -- Up-to-date: /root/researchv2/install/slam_toolbox/include/slam_toolbox/srv/detail/loop_closure__functions.h
[1.218s] -- Up-to-date: /root/researchv2/install/slam_toolbox/include/slam_toolbox/srv/detail/save_map__functions.c
[1.218s] -- Up-to-date: /root/researchv2/install/slam_toolbox/include/slam_toolbox/srv/merge_maps.h
[1.219s] -- Up-to-date: /root/researchv2/install/slam_toolbox/include/slam_toolbox/srv/loop_closure.h
[1.219s] -- Up-to-date: /root/researchv2/install/slam_toolbox/include/slam_toolbox/srv/clear.h
[1.221s] -- Up-to-date: /root/researchv2/install/slam_toolbox/include/slam_toolbox/srv/save_map.h
[1.223s] -- Up-to-date: /root/researchv2/install/slam_toolbox/include/slam_toolbox/srv/serialize_pose_graph.h
[1.224s] -- Up-to-date: /root/researchv2/install/slam_toolbox/include/slam_toolbox/srv/deserialize_pose_graph.h
[1.225s] -- Up-to-date: /root/researchv2/install/slam_toolbox/include/slam_toolbox/msg
[1.226s] -- Up-to-date: /root/researchv2/install/slam_toolbox/include/slam_toolbox/msg/rosidl_generator_c__visibility_control.h
[1.226s] -- Up-to-date: /root/researchv2/install/slam_toolbox/share/slam_toolbox/environment/library_path.sh
[1.226s] -- Up-to-date: /root/researchv2/install/slam_toolbox/share/slam_toolbox/environment/library_path.dsv
[1.227s] -- Up-to-date: /root/researchv2/install/slam_toolbox/lib/libslam_toolbox__rosidl_generator_c.so
[1.227s] -- Up-to-date: /root/researchv2/install/slam_toolbox/include/slam_toolbox
[1.227s] -- Up-to-date: /root/researchv2/install/slam_toolbox/include/slam_toolbox/srv
[1.227s] -- Up-to-date: /root/researchv2/install/slam_toolbox/include/slam_toolbox/srv/detail
[1.228s] -- Up-to-date: /root/researchv2/install/slam_toolbox/include/slam_toolbox/srv/detail/deserialize_pose_graph__rosidl_typesupport_fastrtps_c.h
[1.228s] -- Up-to-date: /root/researchv2/install/slam_toolbox/include/slam_toolbox/srv/detail/merge_maps__rosidl_typesupport_fastrtps_c.h
[1.228s] -- Up-to-date: /root/researchv2/install/slam_toolbox/include/slam_toolbox/srv/detail/add_submap__rosidl_typesupport_fastrtps_c.h
[1.228s] -- Up-to-date: /root/researchv2/install/slam_toolbox/include/slam_toolbox/srv/detail/clear_queue__rosidl_typesupport_fastrtps_c.h
[1.228s] -- Up-to-date: /root/researchv2/install/slam_toolbox/include/slam_toolbox/srv/detail/clear__rosidl_typesupport_fastrtps_c.h
[1.229s] -- Up-to-date: /root/researchv2/install/slam_toolbox/include/slam_toolbox/srv/detail/toggle_interactive__rosidl_typesupport_fastrtps_c.h
[1.229s] -- Up-to-date: /root/researchv2/install/slam_toolbox/include/slam_toolbox/srv/detail/serialize_pose_graph__rosidl_typesupport_fastrtps_c.h
[1.229s] -- Up-to-date: /root/researchv2/install/slam_toolbox/include/slam_toolbox/srv/detail/pause__rosidl_typesupport_fastrtps_c.h
[1.229s] -- Up-to-date: /root/researchv2/install/slam_toolbox/include/slam_toolbox/srv/detail/save_map__rosidl_typesupport_fastrtps_c.h
[1.229s] -- Up-to-date: /root/researchv2/install/slam_toolbox/include/slam_toolbox/srv/detail/loop_closure__rosidl_typesupport_fastrtps_c.h
[1.230s] -- Up-to-date: /root/researchv2/install/slam_toolbox/include/slam_toolbox/msg
[1.230s] -- Up-to-date: /root/researchv2/install/slam_toolbox/include/slam_toolbox/msg/rosidl_typesupport_fastrtps_c__visibility_control.h
[1.230s] -- Up-to-date: /root/researchv2/install/slam_toolbox/lib/libslam_toolbox__rosidl_typesupport_fastrtps_c.so
[1.231s] -- Up-to-date: /root/researchv2/install/slam_toolbox/include/slam_toolbox
[1.231s] -- Up-to-date: /root/researchv2/install/slam_toolbox/include/slam_toolbox/srv
[1.231s] -- Up-to-date: /root/researchv2/install/slam_toolbox/include/slam_toolbox/srv/detail
[1.231s] -- Up-to-date: /root/researchv2/install/slam_toolbox/include/slam_toolbox/srv/detail/clear__rosidl_typesupport_fastrtps_cpp.hpp
[1.232s] -- Up-to-date: /root/researchv2/install/slam_toolbox/include/slam_toolbox/srv/detail/loop_closure__rosidl_typesupport_fastrtps_cpp.hpp
[1.232s] -- Up-to-date: /root/researchv2/install/slam_toolbox/include/slam_toolbox/srv/detail/clear_queue__rosidl_typesupport_fastrtps_cpp.hpp
[1.232s] -- Up-to-date: /root/researchv2/install/slam_toolbox/include/slam_toolbox/srv/detail/serialize_pose_graph__rosidl_typesupport_fastrtps_cpp.hpp
[1.232s] -- Up-to-date: /root/researchv2/install/slam_toolbox/include/slam_toolbox/srv/detail/toggle_interactive__rosidl_typesupport_fastrtps_cpp.hpp
[1.232s] -- Up-to-date: /root/researchv2/install/slam_toolbox/include/slam_toolbox/srv/detail/deserialize_pose_graph__rosidl_typesupport_fastrtps_cpp.hpp
[1.233s] -- Up-to-date: /root/researchv2/install/slam_toolbox/include/slam_toolbox/srv/detail/add_submap__rosidl_typesupport_fastrtps_cpp.hpp
[1.233s] -- Up-to-date: /root/researchv2/install/slam_toolbox/include/slam_toolbox/srv/detail/merge_maps__rosidl_typesupport_fastrtps_cpp.hpp
[1.233s] -- Up-to-date: /root/researchv2/install/slam_toolbox/include/slam_toolbox/srv/detail/save_map__rosidl_typesupport_fastrtps_cpp.hpp
[1.233s] -- Up-to-date: /root/researchv2/install/slam_toolbox/include/slam_toolbox/srv/detail/dds_fastrtps
[1.234s] -- Up-to-date: /root/researchv2/install/slam_toolbox/include/slam_toolbox/srv/detail/pause__rosidl_typesupport_fastrtps_cpp.hpp
[1.234s] -- Up-to-date: /root/researchv2/install/slam_toolbox/include/slam_toolbox/msg
[1.234s] -- Up-to-date: /root/researchv2/install/slam_toolbox/include/slam_toolbox/msg/rosidl_typesupport_fastrtps_cpp__visibility_control.h
[1.234s] -- Up-to-date: /root/researchv2/install/slam_toolbox/lib/libslam_toolbox__rosidl_typesupport_fastrtps_cpp.so
[1.234s] -- Up-to-date: /root/researchv2/install/slam_toolbox/include/slam_toolbox
[1.235s] -- Up-to-date: /root/researchv2/install/slam_toolbox/include/slam_toolbox/srv
[1.235s] -- Up-to-date: /root/researchv2/install/slam_toolbox/include/slam_toolbox/srv/detail
[1.235s] -- Up-to-date: /root/researchv2/install/slam_toolbox/include/slam_toolbox/srv/detail/merge_maps__type_support.c
[1.235s] -- Up-to-date: /root/researchv2/install/slam_toolbox/include/slam_toolbox/srv/detail/loop_closure__type_support.c
[1.235s] -- Up-to-date: /root/researchv2/install/slam_toolbox/include/slam_toolbox/srv/detail/clear_queue__rosidl_typesupport_introspection_c.h
[1.236s] -- Up-to-date: /root/researchv2/install/slam_toolbox/include/slam_toolbox/srv/detail/add_submap__type_support.c
[1.236s] -- Up-to-date: /root/researchv2/install/slam_toolbox/include/slam_toolbox/srv/detail/serialize_pose_graph__type_support.c
[1.236s] -- Up-to-date: /root/researchv2/install/slam_toolbox/include/slam_toolbox/srv/detail/save_map__rosidl_typesupport_introspection_c.h
[1.236s] -- Up-to-date: /root/researchv2/install/slam_toolbox/include/slam_toolbox/srv/detail/deserialize_pose_graph__rosidl_typesupport_introspection_c.h
[1.236s] -- Up-to-date: /root/researchv2/install/slam_toolbox/include/slam_toolbox/srv/detail/loop_closure__rosidl_typesupport_introspection_c.h
[1.237s] -- Up-to-date: /root/researchv2/install/slam_toolbox/include/slam_toolbox/srv/detail/toggle_interactive__type_support.c
[1.237s] -- Up-to-date: /root/researchv2/install/slam_toolbox/include/slam_toolbox/srv/detail/add_submap__rosidl_typesupport_introspection_c.h
[1.237s] -- Up-to-date: /root/researchv2/install/slam_toolbox/include/slam_toolbox/srv/detail/pause__rosidl_typesupport_introspection_c.h
[1.237s] -- Up-to-date: /root/researchv2/install/slam_toolbox/include/slam_toolbox/srv/detail/save_map__type_support.c
[1.237s] -- Up-to-date: /root/researchv2/install/slam_toolbox/include/slam_toolbox/srv/detail/merge_maps__rosidl_typesupport_introspection_c.h
[1.237s] -- Up-to-date: /root/researchv2/install/slam_toolbox/include/slam_toolbox/srv/detail/serialize_pose_graph__rosidl_typesupport_introspection_c.h
[1.237s] -- Up-to-date: /root/researchv2/install/slam_toolbox/include/slam_toolbox/srv/detail/clear__type_support.c
[1.238s] -- Up-to-date: /root/researchv2/install/slam_toolbox/include/slam_toolbox/srv/detail/pause__type_support.c
[1.238s] -- Up-to-date: /root/researchv2/install/slam_toolbox/include/slam_toolbox/srv/detail/clear__rosidl_typesupport_introspection_c.h
[1.238s] -- Up-to-date: /root/researchv2/install/slam_toolbox/include/slam_toolbox/srv/detail/deserialize_pose_graph__type_support.c
[1.239s] -- Up-to-date: /root/researchv2/install/slam_toolbox/include/slam_toolbox/srv/detail/toggle_interactive__rosidl_typesupport_introspection_c.h
[1.239s] -- Up-to-date: /root/researchv2/install/slam_toolbox/include/slam_toolbox/srv/detail/clear_queue__type_support.c
[1.239s] -- Up-to-date: /root/researchv2/install/slam_toolbox/include/slam_toolbox/msg
[1.239s] -- Up-to-date: /root/researchv2/install/slam_toolbox/include/slam_toolbox/msg/rosidl_typesupport_introspection_c__visibility_control.h
[1.239s] -- Up-to-date: /root/researchv2/install/slam_toolbox/lib/libslam_toolbox__rosidl_typesupport_introspection_c.so
[1.240s] -- Up-to-date: /root/researchv2/install/slam_toolbox/lib/libslam_toolbox__rosidl_typesupport_c.so
[1.240s] -- Up-to-date: /root/researchv2/install/slam_toolbox/include/slam_toolbox
[1.240s] -- Up-to-date: /root/researchv2/install/slam_toolbox/include/slam_toolbox/srv
[1.240s] -- Up-to-date: /root/researchv2/install/slam_toolbox/include/slam_toolbox/srv/loop_closure.hpp
[1.240s] -- Up-to-date: /root/researchv2/install/slam_toolbox/include/slam_toolbox/srv/pause.hpp
[1.241s] -- Up-to-date: /root/researchv2/install/slam_toolbox/include/slam_toolbox/srv/clear.hpp
[1.241s] -- Up-to-date: /root/researchv2/install/slam_toolbox/include/slam_toolbox/srv/add_submap.hpp
[1.241s] -- Up-to-date: /root/researchv2/install/slam_toolbox/include/slam_toolbox/srv/clear_queue.hpp
[1.241s] -- Up-to-date: /root/researchv2/install/slam_toolbox/include/slam_toolbox/srv/serialize_pose_graph.hpp
[1.241s] -- Up-to-date: /root/researchv2/install/slam_toolbox/include/slam_toolbox/srv/detail
[1.242s] -- Up-to-date: /root/researchv2/install/slam_toolbox/include/slam_toolbox/srv/detail/loop_closure__struct.hpp
[1.242s] -- Up-to-date: /root/researchv2/install/slam_toolbox/include/slam_toolbox/srv/detail/serialize_pose_graph__struct.hpp
[1.242s] -- Up-to-date: /root/researchv2/install/slam_toolbox/include/slam_toolbox/srv/detail/add_submap__struct.hpp
[1.242s] -- Up-to-date: /root/researchv2/install/slam_toolbox/include/slam_toolbox/srv/detail/toggle_interactive__struct.hpp
[1.242s] -- Up-to-date: /root/researchv2/install/slam_toolbox/include/slam_toolbox/srv/detail/save_map__builder.hpp
[1.242s] -- Up-to-date: /root/researchv2/install/slam_toolbox/include/slam_toolbox/srv/detail/clear_queue__builder.hpp
[1.243s] -- Up-to-date: /root/researchv2/install/slam_toolbox/include/slam_toolbox/srv/detail/pause__traits.hpp
[1.243s] -- Up-to-date: /root/researchv2/install/slam_toolbox/include/slam_toolbox/srv/detail/deserialize_pose_graph__builder.hpp
[1.243s] -- Up-to-date: /root/researchv2/install/slam_toolbox/include/slam_toolbox/srv/detail/merge_maps__builder.hpp
[1.243s] -- Up-to-date: /root/researchv2/install/slam_toolbox/include/slam_toolbox/srv/detail/serialize_pose_graph__traits.hpp
[1.243s] -- Up-to-date: /root/researchv2/install/slam_toolbox/include/slam_toolbox/srv/detail/serialize_pose_graph__builder.hpp
[1.244s] -- Up-to-date: /root/researchv2/install/slam_toolbox/include/slam_toolbox/srv/detail/save_map__struct.hpp
[1.244s] -- Up-to-date: /root/researchv2/install/slam_toolbox/include/slam_toolbox/srv/detail/deserialize_pose_graph__traits.hpp
[1.244s] -- Up-to-date: /root/researchv2/install/slam_toolbox/include/slam_toolbox/srv/detail/clear__struct.hpp
[1.244s] -- Up-to-date: /root/researchv2/install/slam_toolbox/include/slam_toolbox/srv/detail/add_submap__traits.hpp
[1.244s] -- Up-to-date: /root/researchv2/install/slam_toolbox/include/slam_toolbox/srv/detail/loop_closure__traits.hpp
[1.245s] -- Up-to-date: /root/researchv2/install/slam_toolbox/include/slam_toolbox/srv/detail/add_submap__builder.hpp
[1.245s] -- Up-to-date: /root/researchv2/install/slam_toolbox/include/slam_toolbox/srv/detail/toggle_interactive__traits.hpp
[1.245s] -- Up-to-date: /root/researchv2/install/slam_toolbox/include/slam_toolbox/srv/detail/pause__struct.hpp
[1.245s] -- Up-to-date: /root/researchv2/install/slam_toolbox/include/slam_toolbox/srv/detail/clear_queue__struct.hpp
[1.246s] -- Up-to-date: /root/researchv2/install/slam_toolbox/include/slam_toolbox/srv/detail/save_map__traits.hpp
[1.246s] -- Up-to-date: /root/researchv2/install/slam_toolbox/include/slam_toolbox/srv/detail/clear__builder.hpp
[1.246s] -- Up-to-date: /root/researchv2/install/slam_toolbox/include/slam_toolbox/srv/detail/loop_closure__builder.hpp
[1.246s] -- Up-to-date: /root/researchv2/install/slam_toolbox/include/slam_toolbox/srv/detail/pause__builder.hpp
[1.247s] -- Up-to-date: /root/researchv2/install/slam_toolbox/include/slam_toolbox/srv/detail/merge_maps__struct.hpp
[1.247s] -- Up-to-date: /root/researchv2/install/slam_toolbox/include/slam_toolbox/srv/detail/toggle_interactive__builder.hpp
[1.247s] -- Up-to-date: /root/researchv2/install/slam_toolbox/include/slam_toolbox/srv/detail/clear__traits.hpp
[1.247s] -- Up-to-date: /root/researchv2/install/slam_toolbox/include/slam_toolbox/srv/detail/merge_maps__traits.hpp
[1.247s] -- Up-to-date: /root/researchv2/install/slam_toolbox/include/slam_toolbox/srv/detail/deserialize_pose_graph__struct.hpp
[1.248s] -- Up-to-date: /root/researchv2/install/slam_toolbox/include/slam_toolbox/srv/detail/clear_queue__traits.hpp
[1.248s] -- Up-to-date: /root/researchv2/install/slam_toolbox/include/slam_toolbox/srv/save_map.hpp
[1.248s] -- Up-to-date: /root/researchv2/install/slam_toolbox/include/slam_toolbox/srv/merge_maps.hpp
[1.248s] -- Up-to-date: /root/researchv2/install/slam_toolbox/include/slam_toolbox/srv/deserialize_pose_graph.hpp
[1.249s] -- Up-to-date: /root/researchv2/install/slam_toolbox/include/slam_toolbox/srv/toggle_interactive.hpp
[1.249s] -- Up-to-date: /root/researchv2/install/slam_toolbox/include/slam_toolbox
[1.249s] -- Up-to-date: /root/researchv2/install/slam_toolbox/include/slam_toolbox/srv
[1.249s] -- Up-to-date: /root/researchv2/install/slam_toolbox/include/slam_toolbox/srv/detail
[1.249s] -- Up-to-date: /root/researchv2/install/slam_toolbox/include/slam_toolbox/srv/detail/toggle_interactive__rosidl_typesupport_introspection_cpp.hpp
[1.250s] -- Up-to-date: /root/researchv2/install/slam_toolbox/include/slam_toolbox/srv/detail/serialize_pose_graph__type_support.cpp
[1.250s] -- Up-to-date: /root/researchv2/install/slam_toolbox/include/slam_toolbox/srv/detail/pause__type_support.cpp
[1.261s] -- Up-to-date: /root/researchv2/install/slam_toolbox/include/slam_toolbox/srv/detail/serialize_pose_graph__rosidl_typesupport_introspection_cpp.hpp
[1.262s] -- Up-to-date: /root/researchv2/install/slam_toolbox/include/slam_toolbox/srv/detail/save_map__type_support.cpp
[1.262s] -- Up-to-date: /root/researchv2/install/slam_toolbox/include/slam_toolbox/srv/detail/save_map__rosidl_typesupport_introspection_cpp.hpp
[1.262s] -- Up-to-date: /root/researchv2/install/slam_toolbox/include/slam_toolbox/srv/detail/add_submap__rosidl_typesupport_introspection_cpp.hpp
[1.263s] -- Up-to-date: /root/researchv2/install/slam_toolbox/include/slam_toolbox/srv/detail/add_submap__type_support.cpp
[1.263s] -- Up-to-date: /root/researchv2/install/slam_toolbox/include/slam_toolbox/srv/detail/pause__rosidl_typesupport_introspection_cpp.hpp
[1.263s] -- Up-to-date: /root/researchv2/install/slam_toolbox/include/slam_toolbox/srv/detail/clear__type_support.cpp
[1.264s] -- Up-to-date: /root/researchv2/install/slam_toolbox/include/slam_toolbox/srv/detail/clear_queue__type_support.cpp
[1.264s] -- Up-to-date: /root/researchv2/install/slam_toolbox/include/slam_toolbox/srv/detail/loop_closure__rosidl_typesupport_introspection_cpp.hpp
[1.264s] -- Up-to-date: /root/researchv2/install/slam_toolbox/include/slam_toolbox/srv/detail/clear__rosidl_typesupport_introspection_cpp.hpp
[1.264s] -- Up-to-date: /root/researchv2/install/slam_toolbox/include/slam_toolbox/srv/detail/clear_queue__rosidl_typesupport_introspection_cpp.hpp
[1.265s] -- Up-to-date: /root/researchv2/install/slam_toolbox/include/slam_toolbox/srv/detail/merge_maps__type_support.cpp
[1.265s] -- Up-to-date: /root/researchv2/install/slam_toolbox/include/slam_toolbox/srv/detail/toggle_interactive__type_support.cpp
[1.265s] -- Up-to-date: /root/researchv2/install/slam_toolbox/include/slam_toolbox/srv/detail/loop_closure__type_support.cpp
[1.266s] -- Up-to-date: /root/researchv2/install/slam_toolbox/include/slam_toolbox/srv/detail/deserialize_pose_graph__type_support.cpp
[1.266s] -- Up-to-date: /root/researchv2/install/slam_toolbox/include/slam_toolbox/srv/detail/merge_maps__rosidl_typesupport_introspection_cpp.hpp
[1.266s] -- Up-to-date: /root/researchv2/install/slam_toolbox/include/slam_toolbox/srv/detail/deserialize_pose_graph__rosidl_typesupport_introspection_cpp.hpp
[1.266s] -- Up-to-date: /root/researchv2/install/slam_toolbox/lib/libslam_toolbox__rosidl_typesupport_introspection_cpp.so
[1.267s] -- Up-to-date: /root/researchv2/install/slam_toolbox/lib/libslam_toolbox__rosidl_typesupport_cpp.so
[1.268s] -- Up-to-date: /root/researchv2/install/slam_toolbox/share/slam_toolbox/environment/pythonpath.sh
[1.268s] -- Up-to-date: /root/researchv2/install/slam_toolbox/share/slam_toolbox/environment/pythonpath.dsv
[1.268s] -- Up-to-date: /root/researchv2/install/slam_toolbox/lib/python3.8/site-packages/slam_toolbox/__init__.py
[1.291s] -- Up-to-date: /root/researchv2/install/slam_toolbox/lib/python3.8/site-packages/slam_toolbox/srv
[1.292s] -- Up-to-date: /root/researchv2/install/slam_toolbox/lib/python3.8/site-packages/slam_toolbox/srv/_save_map_s.c
[1.292s] -- Up-to-date: /root/researchv2/install/slam_toolbox/lib/python3.8/site-packages/slam_toolbox/srv/_clear.py
[1.292s] -- Up-to-date: /root/researchv2/install/slam_toolbox/lib/python3.8/site-packages/slam_toolbox/srv/_clear_queue_s.c
[1.293s] -- Up-to-date: /root/researchv2/install/slam_toolbox/lib/python3.8/site-packages/slam_toolbox/srv/_serialize_pose_graph_s.c
[1.294s] -- Up-to-date: /root/researchv2/install/slam_toolbox/lib/python3.8/site-packages/slam_toolbox/srv/_clear_s.c
[1.294s] -- Up-to-date: /root/researchv2/install/slam_toolbox/lib/python3.8/site-packages/slam_toolbox/srv/_serialize_pose_graph.py
[1.295s] -- Up-to-date: /root/researchv2/install/slam_toolbox/lib/python3.8/site-packages/slam_toolbox/srv/_toggle_interactive.py
[1.295s] -- Up-to-date: /root/researchv2/install/slam_toolbox/lib/python3.8/site-packages/slam_toolbox/srv/_merge_maps.py
[1.295s] -- Up-to-date: /root/researchv2/install/slam_toolbox/lib/python3.8/site-packages/slam_toolbox/srv/_add_submap_s.c
[1.296s] -- Up-to-date: /root/researchv2/install/slam_toolbox/lib/python3.8/site-packages/slam_toolbox/srv/_loop_closure_s.c
[1.296s] -- Up-to-date: /root/researchv2/install/slam_toolbox/lib/python3.8/site-packages/slam_toolbox/srv/_loop_closure.py
[1.297s] -- Up-to-date: /root/researchv2/install/slam_toolbox/lib/python3.8/site-packages/slam_toolbox/srv/_add_submap.py
[1.297s] -- Up-to-date: /root/researchv2/install/slam_toolbox/lib/python3.8/site-packages/slam_toolbox/srv/_deserialize_pose_graph_s.c
[1.298s] -- Up-to-date: /root/researchv2/install/slam_toolbox/lib/python3.8/site-packages/slam_toolbox/srv/_pause.py
[1.302s] -- Up-to-date: /root/researchv2/install/slam_toolbox/lib/python3.8/site-packages/slam_toolbox/srv/_pause_s.c
[1.302s] -- Up-to-date: /root/researchv2/install/slam_toolbox/lib/python3.8/site-packages/slam_toolbox/srv/_clear_queue.py
[1.302s] -- Up-to-date: /root/researchv2/install/slam_toolbox/lib/python3.8/site-packages/slam_toolbox/srv/_save_map.py
[1.302s] -- Up-to-date: /root/researchv2/install/slam_toolbox/lib/python3.8/site-packages/slam_toolbox/srv/_merge_maps_s.c
[1.303s] -- Up-to-date: /root/researchv2/install/slam_toolbox/lib/python3.8/site-packages/slam_toolbox/srv/_toggle_interactive_s.c
[1.303s] -- Up-to-date: /root/researchv2/install/slam_toolbox/lib/python3.8/site-packages/slam_toolbox/srv/_deserialize_pose_graph.py
[1.303s] -- Up-to-date: /root/researchv2/install/slam_toolbox/lib/python3.8/site-packages/slam_toolbox/srv/__init__.py
[1.304s] -- Up-to-date: /root/researchv2/install/slam_toolbox/lib/python3.8/site-packages/slam_toolbox/slam_toolbox_s__rosidl_typesupport_fastrtps_c.cpython-38-x86_64-linux-gnu.so
[1.304s] -- Up-to-date: /root/researchv2/install/slam_toolbox/lib/python3.8/site-packages/slam_toolbox/slam_toolbox_s__rosidl_typesupport_introspection_c.cpython-38-x86_64-linux-gnu.so
[1.304s] -- Up-to-date: /root/researchv2/install/slam_toolbox/lib/python3.8/site-packages/slam_toolbox/slam_toolbox_s__rosidl_typesupport_c.cpython-38-x86_64-linux-gnu.so
[1.305s] -- Up-to-date: /root/researchv2/install/slam_toolbox/lib/libslam_toolbox__python.so
[1.305s] -- Up-to-date: /root/researchv2/install/slam_toolbox/share/slam_toolbox/srv/Pause.idl
[1.309s] -- Up-to-date: /root/researchv2/install/slam_toolbox/share/slam_toolbox/srv/ClearQueue.idl
[1.310s] -- Up-to-date: /root/researchv2/install/slam_toolbox/share/slam_toolbox/srv/ToggleInteractive.idl
[1.310s] -- Up-to-date: /root/researchv2/install/slam_toolbox/share/slam_toolbox/srv/Clear.idl
[1.310s] -- Up-to-date: /root/researchv2/install/slam_toolbox/share/slam_toolbox/srv/SaveMap.idl
[1.311s] -- Up-to-date: /root/researchv2/install/slam_toolbox/share/slam_toolbox/srv/LoopClosure.idl
[1.312s] -- Up-to-date: /root/researchv2/install/slam_toolbox/share/slam_toolbox/srv/MergeMaps.idl
[1.312s] -- Up-to-date: /root/researchv2/install/slam_toolbox/share/slam_toolbox/srv/AddSubmap.idl
[1.313s] -- Up-to-date: /root/researchv2/install/slam_toolbox/share/slam_toolbox/srv/DeserializePoseGraph.idl
[1.313s] -- Up-to-date: /root/researchv2/install/slam_toolbox/share/slam_toolbox/srv/SerializePoseGraph.idl
[1.315s] -- Up-to-date: /root/researchv2/install/slam_toolbox/share/slam_toolbox/srvs/Pause.srv
[1.316s] -- Up-to-date: /root/researchv2/install/slam_toolbox/share/slam_toolbox/srvs/Pause_Request.msg
[1.316s] -- Up-to-date: /root/researchv2/install/slam_toolbox/share/slam_toolbox/srvs/Pause_Response.msg
[1.317s] -- Up-to-date: /root/researchv2/install/slam_toolbox/share/slam_toolbox/srvs/ClearQueue.srv
[1.317s] -- Up-to-date: /root/researchv2/install/slam_toolbox/share/slam_toolbox/srvs/ClearQueue_Request.msg
[1.317s] -- Up-to-date: /root/researchv2/install/slam_toolbox/share/slam_toolbox/srvs/ClearQueue_Response.msg
[1.318s] -- Up-to-date: /root/researchv2/install/slam_toolbox/share/slam_toolbox/srvs/ToggleInteractive.srv
[1.320s] -- Up-to-date: /root/researchv2/install/slam_toolbox/share/slam_toolbox/srvs/ToggleInteractive_Request.msg
[1.320s] -- Up-to-date: /root/researchv2/install/slam_toolbox/share/slam_toolbox/srvs/ToggleInteractive_Response.msg
[1.320s] -- Up-to-date: /root/researchv2/install/slam_toolbox/share/slam_toolbox/srvs/Clear.srv
[1.321s] -- Up-to-date: /root/researchv2/install/slam_toolbox/share/slam_toolbox/srvs/Clear_Request.msg
[1.321s] -- Up-to-date: /root/researchv2/install/slam_toolbox/share/slam_toolbox/srvs/Clear_Response.msg
[1.321s] -- Up-to-date: /root/researchv2/install/slam_toolbox/share/slam_toolbox/srvs/SaveMap.srv
[1.321s] -- Up-to-date: /root/researchv2/install/slam_toolbox/share/slam_toolbox/srvs/SaveMap_Request.msg
[1.322s] -- Up-to-date: /root/researchv2/install/slam_toolbox/share/slam_toolbox/srvs/SaveMap_Response.msg
[1.323s] -- Up-to-date: /root/researchv2/install/slam_toolbox/share/slam_toolbox/srvs/LoopClosure.srv
[1.323s] -- Up-to-date: /root/researchv2/install/slam_toolbox/share/slam_toolbox/srvs/LoopClosure_Request.msg
[1.324s] -- Up-to-date: /root/researchv2/install/slam_toolbox/share/slam_toolbox/srvs/LoopClosure_Response.msg
[1.324s] -- Up-to-date: /root/researchv2/install/slam_toolbox/share/slam_toolbox/srvs/MergeMaps.srv
[1.325s] -- Up-to-date: /root/researchv2/install/slam_toolbox/share/slam_toolbox/srvs/MergeMaps_Request.msg
[1.325s] -- Up-to-date: /root/researchv2/install/slam_toolbox/share/slam_toolbox/srvs/MergeMaps_Response.msg
[1.325s] -- Up-to-date: /root/researchv2/install/slam_toolbox/share/slam_toolbox/srvs/AddSubmap.srv
[1.325s] -- Up-to-date: /root/researchv2/install/slam_toolbox/share/slam_toolbox/srvs/AddSubmap_Request.msg
[1.325s] -- Up-to-date: /root/researchv2/install/slam_toolbox/share/slam_toolbox/srvs/AddSubmap_Response.msg
[1.326s] -- Up-to-date: /root/researchv2/install/slam_toolbox/share/slam_toolbox/srvs/DeserializePoseGraph.srv
[1.326s] -- Up-to-date: /root/researchv2/install/slam_toolbox/share/slam_toolbox/srvs/DeserializePoseGraph_Request.msg
[1.326s] -- Up-to-date: /root/researchv2/install/slam_toolbox/share/slam_toolbox/srvs/DeserializePoseGraph_Response.msg
[1.327s] -- Up-to-date: /root/researchv2/install/slam_toolbox/share/slam_toolbox/srvs/SerializePoseGraph.srv
[1.327s] -- Up-to-date: /root/researchv2/install/slam_toolbox/share/slam_toolbox/srvs/SerializePoseGraph_Request.msg
[1.327s] -- Up-to-date: /root/researchv2/install/slam_toolbox/share/slam_toolbox/srvs/SerializePoseGraph_Response.msg
[1.328s] -- Up-to-date: /root/researchv2/install/slam_toolbox/share/slam_toolbox/rviz_plugins.xml
[1.328s] -- Up-to-date: /root/researchv2/install/slam_toolbox/share/slam_toolbox/solver_plugins.xml
[1.328s] -- Up-to-date: /root/researchv2/install/slam_toolbox/lib/slam_toolbox/async_slam_toolbox_node
[1.328s] -- Up-to-date: /root/researchv2/install/slam_toolbox/lib/slam_toolbox/sync_slam_toolbox_node
[1.329s] -- Up-to-date: /root/researchv2/install/slam_toolbox/lib/slam_toolbox/localization_slam_toolbox_node
[1.329s] -- Up-to-date: /root/researchv2/install/slam_toolbox/lib/slam_toolbox/lifelong_slam_toolbox_node
[1.329s] -- Up-to-date: /root/researchv2/install/slam_toolbox/lib/slam_toolbox/merge_maps_kinematic
[1.329s] -- Up-to-date: /root/researchv2/install/slam_toolbox/lib/libtoolbox_common.so
[1.330s] -- Up-to-date: /root/researchv2/install/slam_toolbox/lib/libSlamToolboxPlugin.so
[1.330s] -- Up-to-date: /root/researchv2/install/slam_toolbox/lib/libceres_solver_plugin.so
[1.330s] -- Up-to-date: /root/researchv2/install/slam_toolbox/lib/libasync_slam_toolbox.so
[1.330s] -- Up-to-date: /root/researchv2/install/slam_toolbox/lib/libsync_slam_toolbox.so
[1.330s] -- Up-to-date: /root/researchv2/install/slam_toolbox/lib/liblocalization_slam_toolbox.so
[1.331s] -- Up-to-date: /root/researchv2/install/slam_toolbox/lib/liblifelong_slam_toolbox.so
[1.331s] -- Up-to-date: /root/researchv2/install/slam_toolbox/lib/libSlamToolboxPlugin.so
[1.331s] -- Up-to-date: /root/researchv2/install/slam_toolbox/include
[1.332s] -- Up-to-date: /root/researchv2/install/slam_toolbox/include/slam_toolbox
[1.332s] -- Up-to-date: /root/researchv2/install/slam_toolbox/include/slam_toolbox/laser_utils.hpp
[1.332s] -- Up-to-date: /root/researchv2/install/slam_toolbox/include/slam_toolbox/snap_utils.hpp
[1.332s] -- Up-to-date: /root/researchv2/install/slam_toolbox/include/slam_toolbox/slam_toolbox_localization.hpp
[1.333s] -- Up-to-date: /root/researchv2/install/slam_toolbox/include/slam_toolbox/slam_toolbox_common.hpp
[1.333s] -- Up-to-date: /root/researchv2/install/slam_toolbox/include/slam_toolbox/toolbox_msgs.hpp
[1.333s] -- Up-to-date: /root/researchv2/install/slam_toolbox/include/slam_toolbox/visualization_utils.hpp
[1.333s] -- Up-to-date: /root/researchv2/install/slam_toolbox/include/slam_toolbox/toolbox_types.hpp
[1.333s] -- Up-to-date: /root/researchv2/install/slam_toolbox/include/slam_toolbox/loop_closure_assistant.hpp
[1.334s] -- Up-to-date: /root/researchv2/install/slam_toolbox/include/slam_toolbox/experimental
[1.334s] -- Up-to-date: /root/researchv2/install/slam_toolbox/include/slam_toolbox/experimental/slam_toolbox_lifelong.hpp
[1.334s] -- Up-to-date: /root/researchv2/install/slam_toolbox/include/slam_toolbox/map_saver.hpp
[1.334s] -- Up-to-date: /root/researchv2/install/slam_toolbox/include/slam_toolbox/slam_toolbox_sync.hpp
[1.334s] -- Up-to-date: /root/researchv2/install/slam_toolbox/include/slam_toolbox/merge_maps_kinematic.hpp
[1.335s] -- Up-to-date: /root/researchv2/install/slam_toolbox/include/slam_toolbox/slam_mapper.hpp
[1.335s] -- Up-to-date: /root/researchv2/install/slam_toolbox/include/slam_toolbox/serialization.hpp
[1.335s] -- Up-to-date: /root/researchv2/install/slam_toolbox/include/slam_toolbox/slam_toolbox_async.hpp
[1.335s] -- Up-to-date: /root/researchv2/install/slam_toolbox/include/slam_toolbox/get_pose_helper.hpp
[1.336s] -- Up-to-date: /root/researchv2/install/slam_toolbox/share/slam_toolbox/launch
[1.336s] -- Up-to-date: /root/researchv2/install/slam_toolbox/share/slam_toolbox/launch/online_sync_launch.py
[1.337s] -- Up-to-date: /root/researchv2/install/slam_toolbox/share/slam_toolbox/launch/localization_launch.py
[1.337s] -- Up-to-date: /root/researchv2/install/slam_toolbox/share/slam_toolbox/launch/online_async_launch.py
[1.337s] -- Up-to-date: /root/researchv2/install/slam_toolbox/share/slam_toolbox/launch/offline_launch.py
[1.337s] -- Up-to-date: /root/researchv2/install/slam_toolbox/share/slam_toolbox/launch/merge_maps_kinematic_launch.py
[1.340s] -- Up-to-date: /root/researchv2/install/slam_toolbox/share/slam_toolbox/launch/lifelong_launch.py
[1.340s] -- Up-to-date: /root/researchv2/install/slam_toolbox/share/slam_toolbox/config
[1.341s] -- Up-to-date: /root/researchv2/install/slam_toolbox/share/slam_toolbox/config/mapper_params_offline.yaml
[1.341s] -- Up-to-date: /root/researchv2/install/slam_toolbox/share/slam_toolbox/config/mapper_params_online_async.yaml
[1.341s] -- Up-to-date: /root/researchv2/install/slam_toolbox/share/slam_toolbox/config/mapper_params_online_sync.yaml
[1.342s] -- Up-to-date: /root/researchv2/install/slam_toolbox/share/slam_toolbox/config/mapper_params_lifelong.yaml
[1.342s] -- Up-to-date: /root/researchv2/install/slam_toolbox/share/slam_toolbox/config/mapper_params_localization.yaml
[1.344s] -- Up-to-date: /root/researchv2/install/slam_toolbox/share/solver_plugins.xml
[1.346s] -- Up-to-date: /root/researchv2/install/slam_toolbox/share/rviz_plugins.xml
[1.347s] -- Up-to-date: /root/researchv2/install/slam_toolbox/share/ament_index/resource_index/package_run_dependencies/slam_toolbox
[1.348s] -- Up-to-date: /root/researchv2/install/slam_toolbox/share/ament_index/resource_index/parent_prefix_path/slam_toolbox
[1.349s] -- Up-to-date: /root/researchv2/install/slam_toolbox/share/slam_toolbox/environment/ament_prefix_path.sh
[1.355s] -- Up-to-date: /root/researchv2/install/slam_toolbox/share/slam_toolbox/environment/ament_prefix_path.dsv
[1.356s] -- Up-to-date: /root/researchv2/install/slam_toolbox/share/slam_toolbox/environment/path.sh
[1.356s] -- Up-to-date: /root/researchv2/install/slam_toolbox/share/slam_toolbox/environment/path.dsv
[1.357s] -- Up-to-date: /root/researchv2/install/slam_toolbox/share/slam_toolbox/local_setup.bash
[1.357s] -- Up-to-date: /root/researchv2/install/slam_toolbox/share/slam_toolbox/local_setup.sh
[1.357s] -- Up-to-date: /root/researchv2/install/slam_toolbox/share/slam_toolbox/local_setup.zsh
[1.358s] -- Up-to-date: /root/researchv2/install/slam_toolbox/share/slam_toolbox/local_setup.dsv
[1.358s] -- Installing: /root/researchv2/install/slam_toolbox/share/slam_toolbox/package.dsv
[1.358s] -- Up-to-date: /root/researchv2/install/slam_toolbox/share/ament_index/resource_index/packages/slam_toolbox
[1.359s] -- Up-to-date: /root/researchv2/install/slam_toolbox/share/ament_index/resource_index/rviz_common__pluginlib__plugin/slam_toolbox
[1.359s] -- Up-to-date: /root/researchv2/install/slam_toolbox/share/ament_index/resource_index/slam_toolbox__pluginlib__plugin/slam_toolbox
[1.359s] -- Up-to-date: /root/researchv2/install/slam_toolbox/share/slam_toolbox/cmake/slam_toolbox__rosidl_generator_cExport.cmake
[1.359s] -- Up-to-date: /root/researchv2/install/slam_toolbox/share/slam_toolbox/cmake/slam_toolbox__rosidl_generator_cExport-release.cmake
[1.360s] -- Up-to-date: /root/researchv2/install/slam_toolbox/share/slam_toolbox/cmake/slam_toolbox__rosidl_typesupport_introspection_cExport.cmake
[1.360s] -- Up-to-date: /root/researchv2/install/slam_toolbox/share/slam_toolbox/cmake/slam_toolbox__rosidl_typesupport_introspection_cExport-release.cmake
[1.360s] -- Up-to-date: /root/researchv2/install/slam_toolbox/share/slam_toolbox/cmake/slam_toolbox__rosidl_typesupport_cExport.cmake
[1.361s] -- Up-to-date: /root/researchv2/install/slam_toolbox/share/slam_toolbox/cmake/slam_toolbox__rosidl_typesupport_cExport-release.cmake
[1.361s] -- Up-to-date: /root/researchv2/install/slam_toolbox/share/slam_toolbox/cmake/slam_toolbox__rosidl_generator_cppExport.cmake
[1.361s] -- Up-to-date: /root/researchv2/install/slam_toolbox/share/slam_toolbox/cmake/slam_toolbox__rosidl_typesupport_introspection_cppExport.cmake
[1.361s] -- Up-to-date: /root/researchv2/install/slam_toolbox/share/slam_toolbox/cmake/slam_toolbox__rosidl_typesupport_introspection_cppExport-release.cmake
[1.362s] -- Up-to-date: /root/researchv2/install/slam_toolbox/share/slam_toolbox/cmake/slam_toolbox__rosidl_typesupport_cppExport.cmake
[1.362s] -- Up-to-date: /root/researchv2/install/slam_toolbox/share/slam_toolbox/cmake/slam_toolbox__rosidl_typesupport_cppExport-release.cmake
[1.362s] -- Up-to-date: /root/researchv2/install/slam_toolbox/share/slam_toolbox/cmake/SlamToolboxPluginExport.cmake
[1.362s] -- Up-to-date: /root/researchv2/install/slam_toolbox/share/slam_toolbox/cmake/SlamToolboxPluginExport-release.cmake
[1.363s] -- Up-to-date: /root/researchv2/install/slam_toolbox/share/slam_toolbox/cmake/rosidl_cmake-extras.cmake
[1.363s] -- Up-to-date: /root/researchv2/install/slam_toolbox/share/slam_toolbox/cmake/ament_cmake_export_dependencies-extras.cmake
[1.363s] -- Up-to-date: /root/researchv2/install/slam_toolbox/share/slam_toolbox/cmake/ament_cmake_export_libraries-extras.cmake
[1.364s] -- Up-to-date: /root/researchv2/install/slam_toolbox/share/slam_toolbox/cmake/ament_cmake_export_targets-extras.cmake
[1.364s] -- Up-to-date: /root/researchv2/install/slam_toolbox/share/slam_toolbox/cmake/ament_cmake_export_include_directories-extras.cmake
[1.364s] -- Up-to-date: /root/researchv2/install/slam_toolbox/share/slam_toolbox/cmake/rosidl_cmake_export_typesupport_libraries-extras.cmake
[1.365s] -- Up-to-date: /root/researchv2/install/slam_toolbox/share/slam_toolbox/cmake/rosidl_cmake_export_typesupport_targets-extras.cmake
[1.365s] -- Up-to-date: /root/researchv2/install/slam_toolbox/share/slam_toolbox/cmake/slam_toolboxConfig.cmake
[1.366s] -- Up-to-date: /root/researchv2/install/slam_toolbox/share/slam_toolbox/cmake/slam_toolboxConfig-version.cmake
[1.366s] -- Up-to-date: /root/researchv2/install/slam_toolbox/share/slam_toolbox/package.xml
[1.366s] -- Up-to-date: /root/researchv2/install/slam_toolbox/include/
[1.367s] -- Up-to-date: /root/researchv2/install/slam_toolbox/include//karto_sdk
[1.367s] -- Up-to-date: /root/researchv2/install/slam_toolbox/include//karto_sdk/Karto.h
[1.367s] -- Up-to-date: /root/researchv2/install/slam_toolbox/include//karto_sdk/Math.h
[1.367s] -- Up-to-date: /root/researchv2/install/slam_toolbox/include//karto_sdk/nanoflann_adaptors.h
[1.368s] -- Up-to-date: /root/researchv2/install/slam_toolbox/include//karto_sdk/Mapper.h
[1.368s] -- Up-to-date: /root/researchv2/install/slam_toolbox/include//karto_sdk/Types.h
[1.368s] -- Up-to-date: /root/researchv2/install/slam_toolbox/include//karto_sdk/nanoflann.hpp
[1.368s] -- Up-to-date: /root/researchv2/install/slam_toolbox/include//karto_sdk/Macros.h
[1.368s] -- Up-to-date: /root/researchv2/install/slam_toolbox/lib/libkartoSlamToolbox.so
[1.369s] -- Up-to-date: /root/researchv2/install/slam_toolbox/share/karto_sdk/environment/library_path.sh
[1.369s] -- Up-to-date: /root/researchv2/install/slam_toolbox/share/karto_sdk/environment/library_path.dsv
[1.369s] -- Up-to-date: /root/researchv2/install/slam_toolbox/share/ament_index/resource_index/package_run_dependencies/karto_sdk
[1.369s] -- Up-to-date: /root/researchv2/install/slam_toolbox/share/ament_index/resource_index/parent_prefix_path/karto_sdk
[1.369s] -- Up-to-date: /root/researchv2/install/slam_toolbox/share/karto_sdk/environment/ament_prefix_path.sh
[1.370s] -- Up-to-date: /root/researchv2/install/slam_toolbox/share/karto_sdk/environment/ament_prefix_path.dsv
[1.370s] -- Up-to-date: /root/researchv2/install/slam_toolbox/share/karto_sdk/environment/path.sh
[1.370s] -- Up-to-date: /root/researchv2/install/slam_toolbox/share/karto_sdk/environment/path.dsv
[1.370s] -- Up-to-date: /root/researchv2/install/slam_toolbox/share/karto_sdk/local_setup.bash
[1.371s] -- Up-to-date: /root/researchv2/install/slam_toolbox/share/karto_sdk/local_setup.sh
[1.371s] -- Up-to-date: /root/researchv2/install/slam_toolbox/share/karto_sdk/local_setup.zsh
[1.374s] -- Up-to-date: /root/researchv2/install/slam_toolbox/share/karto_sdk/local_setup.dsv
[1.375s] -- Up-to-date: /root/researchv2/install/slam_toolbox/share/karto_sdk/package.dsv
[1.375s] -- Up-to-date: /root/researchv2/install/slam_toolbox/share/ament_index/resource_index/packages/karto_sdk
[1.375s] -- Up-to-date: /root/researchv2/install/slam_toolbox/share/karto_sdk/cmake/ament_cmake_export_libraries-extras.cmake
[1.376s] -- Up-to-date: /root/researchv2/install/slam_toolbox/share/karto_sdk/cmake/ament_cmake_export_include_directories-extras.cmake
[1.376s] -- Up-to-date: /root/researchv2/install/slam_toolbox/share/karto_sdk/cmake/ament_cmake_export_dependencies-extras.cmake
[1.376s] -- Up-to-date: /root/researchv2/install/slam_toolbox/share/karto_sdk/cmake/karto_sdkConfig.cmake
[1.377s] -- Up-to-date: /root/researchv2/install/slam_toolbox/share/karto_sdk/cmake/karto_sdkConfig-version.cmake
[1.377s] -- Up-to-date: /root/researchv2/install/slam_toolbox/share/karto_sdk/package.xml
[1.379s] Invoked command in '/root/researchv2/build/slam_toolbox' returned '0': CMAKE_PREFIX_PATH=${CMAKE_PREFIX_PATH}:/root/researchv2/install/chaser_system:/opt/ros/foxy /usr/bin/cmake --install /root/researchv2/build/slam_toolbox
