[35m[1mScanning dependencies of target approachv4_c[0m
[ 50%] [32mBuilding CXX object CMakeFiles/approachv4_c.dir/src/approachv4_c.cpp.o[0m
[01m[K/root/researchv2/src/chaser_system_c/src/approachv4_c.cpp:[m[K In member function ‘[01m[Kvoid approach_v4_c::topic_callback(geometry_msgs::msg::PoseStamped_<std::allocator<void> >::SharedPtr) const[m[K’:
[01m[K/root/researchv2/src/chaser_system_c/src/approachv4_c.cpp:68:15:[m[K [01;35m[Kwarning: [m[Kunused variable ‘[01m[Kx_pos[m[K’ [[01;35m[K-Wunused-variable[m[K]
   68 |         float [01;35m[Kx_pos[m[K = msg -> pose.position.x;
      |               [01;35m[K^~~~~[m[K
[01m[K/root/researchv2/src/chaser_system_c/src/approachv4_c.cpp:69:15:[m[K [01;35m[Kwarning: [m[Kunused variable ‘[01m[Ky_pos[m[K’ [[01;35m[K-Wunused-variable[m[K]
   69 |         float [01;35m[Ky_pos[m[K = msg -> pose.position.y;
      |               [01;35m[K^~~~~[m[K
[01m[K/root/researchv2/src/chaser_system_c/src/approachv4_c.cpp:70:15:[m[K [01;35m[Kwarning: [m[Kunused variable ‘[01m[Kz_pos[m[K’ [[01;35m[K-Wunused-variable[m[K]
   70 |         float [01;35m[Kz_pos[m[K = 0.00;
      |               [01;35m[K^~~~~[m[K
[01m[K/root/researchv2/src/chaser_system_c/src/approachv4_c.cpp:71:15:[m[K [01;35m[Kwarning: [m[Kunused variable ‘[01m[Kx_ori[m[K’ [[01;35m[K-Wunused-variable[m[K]
   71 |         float [01;35m[Kx_ori[m[K = msg -> pose.orientation.x;
      |               [01;35m[K^~~~~[m[K
[01m[K/root/researchv2/src/chaser_system_c/src/approachv4_c.cpp:72:15:[m[K [01;35m[Kwarning: [m[Kunused variable ‘[01m[Ky_ori[m[K’ [[01;35m[K-Wunused-variable[m[K]
   72 |         float [01;35m[Ky_ori[m[K = msg -> pose.orientation.y;
      |               [01;35m[K^~~~~[m[K
[01m[K/root/researchv2/src/chaser_system_c/src/approachv4_c.cpp:73:15:[m[K [01;35m[Kwarning: [m[Kunused variable ‘[01m[Kz_ori[m[K’ [[01;35m[K-Wunused-variable[m[K]
   73 |         float [01;35m[Kz_ori[m[K = msg -> pose.orientation.z;
      |               [01;35m[K^~~~~[m[K
[01m[K/root/researchv2/src/chaser_system_c/src/approachv4_c.cpp:74:15:[m[K [01;35m[Kwarning: [m[Kunused variable ‘[01m[Kw_ori[m[K’ [[01;35m[K-Wunused-variable[m[K]
   74 |         float [01;35m[Kw_ori[m[K = msg -> pose.orientation.w;
      |               [01;35m[K^~~~~[m[K
[100%] [32m[1mLinking CXX executable approachv4_c[0m
/usr/bin/ld: CMakeFiles/approachv4_c.dir/src/approachv4_c.cpp.o: in function `approach_v4_c::approach_v4_c()':
approachv4_c.cpp:(.text._ZN13approach_v4_cC2Ev[_ZN13approach_v4_cC5Ev]+0x2b2): undefined reference to `rcl_action_client_get_default_options'
/usr/bin/ld: CMakeFiles/approachv4_c.dir/src/approachv4_c.cpp.o: in function `rclcpp_action::Client<nav2_msgs::action::NavigateToPose>::~Client()':
approachv4_c.cpp:(.text._ZN13rclcpp_action6ClientIN9nav2_msgs6action14NavigateToPoseEED2Ev[_ZN13rclcpp_action6ClientIN9nav2_msgs6action14NavigateToPoseEED5Ev]+0x19a): undefined reference to `rclcpp_action::ClientBase::~ClientBase()'
/usr/bin/ld: CMakeFiles/approachv4_c.dir/src/approachv4_c.cpp.o: in function `rclcpp_action::Client<nav2_msgs::action::NavigateToPose>::Client(std::shared_ptr<rclcpp::node_interfaces::NodeBaseInterface>, std::shared_ptr<rclcpp::node_interfaces::NodeGraphInterface>, std::shared_ptr<rclcpp::node_interfaces::NodeLoggingInterface>, std::__cxx11::basic_string<char, std::char_traits<char>, std::allocator<char> > const&, rcl_action_client_options_t const&)':
approachv4_c.cpp:(.text._ZN13rclcpp_action6ClientIN9nav2_msgs6action14NavigateToPoseEEC2ESt10shared_ptrIN6rclcpp15node_interfaces17NodeBaseInterfaceEES5_INS7_18NodeGraphInterfaceEES5_INS7_20NodeLoggingInterfaceEERKNSt7__cxx1112basic_stringIcSt11char_traitsIcESaIcEEERK27rcl_action_client_options_t[_ZN13rclcpp_action6ClientIN9nav2_msgs6action14NavigateToPoseEEC5ESt10shared_ptrIN6rclcpp15node_interfaces17NodeBaseInterfaceEES5_INS7_18NodeGraphInterfaceEES5_INS7_20NodeLoggingInterfaceEERKNSt7__cxx1112basic_stringIcSt11char_traitsIcESaIcEEERK27rcl_action_client_options_t]+0x3b): undefined reference to `rosidl_action_type_support_t const* rosidl_typesupport_cpp::get_action_type_support_handle<nav2_msgs::action::NavigateToPose>()'
/usr/bin/ld: approachv4_c.cpp:(.text._ZN13rclcpp_action6ClientIN9nav2_msgs6action14NavigateToPoseEEC2ESt10shared_ptrIN6rclcpp15node_interfaces17NodeBaseInterfaceEES5_INS7_18NodeGraphInterfaceEES5_INS7_20NodeLoggingInterfaceEERKNSt7__cxx1112basic_stringIcSt11char_traitsIcESaIcEEERK27rcl_action_client_options_t[_ZN13rclcpp_action6ClientIN9nav2_msgs6action14NavigateToPoseEEC5ESt10shared_ptrIN6rclcpp15node_interfaces17NodeBaseInterfaceEES5_INS7_18NodeGraphInterfaceEES5_INS7_20NodeLoggingInterfaceEERKNSt7__cxx1112basic_stringIcSt11char_traitsIcESaIcEEERK27rcl_action_client_options_t]+0x9f): undefined reference to `rclcpp_action::ClientBase::ClientBase(std::shared_ptr<rclcpp::node_interfaces::NodeBaseInterface>, std::shared_ptr<rclcpp::node_interfaces::NodeGraphInterface>, std::shared_ptr<rclcpp::node_interfaces::NodeLoggingInterface>, std::__cxx11::basic_string<char, std::char_traits<char>, std::allocator<char> > const&, rosidl_action_type_support_t const*, rcl_action_client_options_t const&)'
/usr/bin/ld: CMakeFiles/approachv4_c.dir/src/approachv4_c.cpp.o:(.data.rel.ro._ZTVN13rclcpp_action6ClientIN9nav2_msgs6action14NavigateToPoseEEE[_ZTVN13rclcpp_action6ClientIN9nav2_msgs6action14NavigateToPoseEEE]+0x20): undefined reference to `rclcpp_action::ClientBase::get_number_of_ready_subscriptions()'
/usr/bin/ld: CMakeFiles/approachv4_c.dir/src/approachv4_c.cpp.o:(.data.rel.ro._ZTVN13rclcpp_action6ClientIN9nav2_msgs6action14NavigateToPoseEEE[_ZTVN13rclcpp_action6ClientIN9nav2_msgs6action14NavigateToPoseEEE]+0x28): undefined reference to `rclcpp_action::ClientBase::get_number_of_ready_timers()'
/usr/bin/ld: CMakeFiles/approachv4_c.dir/src/approachv4_c.cpp.o:(.data.rel.ro._ZTVN13rclcpp_action6ClientIN9nav2_msgs6action14NavigateToPoseEEE[_ZTVN13rclcpp_action6ClientIN9nav2_msgs6action14NavigateToPoseEEE]+0x30): undefined reference to `rclcpp_action::ClientBase::get_number_of_ready_clients()'
/usr/bin/ld: CMakeFiles/approachv4_c.dir/src/approachv4_c.cpp.o:(.data.rel.ro._ZTVN13rclcpp_action6ClientIN9nav2_msgs6action14NavigateToPoseEEE[_ZTVN13rclcpp_action6ClientIN9nav2_msgs6action14NavigateToPoseEEE]+0x40): undefined reference to `rclcpp_action::ClientBase::get_number_of_ready_services()'
/usr/bin/ld: CMakeFiles/approachv4_c.dir/src/approachv4_c.cpp.o:(.data.rel.ro._ZTVN13rclcpp_action6ClientIN9nav2_msgs6action14NavigateToPoseEEE[_ZTVN13rclcpp_action6ClientIN9nav2_msgs6action14NavigateToPoseEEE]+0x48): undefined reference to `rclcpp_action::ClientBase::get_number_of_ready_guard_conditions()'
/usr/bin/ld: CMakeFiles/approachv4_c.dir/src/approachv4_c.cpp.o:(.data.rel.ro._ZTVN13rclcpp_action6ClientIN9nav2_msgs6action14NavigateToPoseEEE[_ZTVN13rclcpp_action6ClientIN9nav2_msgs6action14NavigateToPoseEEE]+0x50): undefined reference to `rclcpp_action::ClientBase::add_to_wait_set(rcl_wait_set_t*)'
/usr/bin/ld: CMakeFiles/approachv4_c.dir/src/approachv4_c.cpp.o:(.data.rel.ro._ZTVN13rclcpp_action6ClientIN9nav2_msgs6action14NavigateToPoseEEE[_ZTVN13rclcpp_action6ClientIN9nav2_msgs6action14NavigateToPoseEEE]+0x58): undefined reference to `rclcpp_action::ClientBase::is_ready(rcl_wait_set_t*)'
/usr/bin/ld: CMakeFiles/approachv4_c.dir/src/approachv4_c.cpp.o:(.data.rel.ro._ZTVN13rclcpp_action6ClientIN9nav2_msgs6action14NavigateToPoseEEE[_ZTVN13rclcpp_action6ClientIN9nav2_msgs6action14NavigateToPoseEEE]+0x60): undefined reference to `rclcpp_action::ClientBase::take_data()'
/usr/bin/ld: CMakeFiles/approachv4_c.dir/src/approachv4_c.cpp.o:(.data.rel.ro._ZTVN13rclcpp_action6ClientIN9nav2_msgs6action14NavigateToPoseEEE[_ZTVN13rclcpp_action6ClientIN9nav2_msgs6action14NavigateToPoseEEE]+0x68): undefined reference to `rclcpp_action::ClientBase::execute(std::shared_ptr<void>&)'
/usr/bin/ld: CMakeFiles/approachv4_c.dir/src/approachv4_c.cpp.o:(.data.rel.ro._ZTVN13rclcpp_action6ClientIN9nav2_msgs6action14NavigateToPoseEEE[_ZTVN13rclcpp_action6ClientIN9nav2_msgs6action14NavigateToPoseEEE]+0x70): undefined reference to `rclcpp_action::ClientBase::generate_goal_id()'
/usr/bin/ld: CMakeFiles/approachv4_c.dir/src/approachv4_c.cpp.o:(.data.rel.ro._ZTVN13rclcpp_action6ClientIN9nav2_msgs6action14NavigateToPoseEEE[_ZTVN13rclcpp_action6ClientIN9nav2_msgs6action14NavigateToPoseEEE]+0x78): undefined reference to `rclcpp_action::ClientBase::send_goal_request(std::shared_ptr<void>, std::function<void (std::shared_ptr<void>)>)'
/usr/bin/ld: CMakeFiles/approachv4_c.dir/src/approachv4_c.cpp.o:(.data.rel.ro._ZTVN13rclcpp_action6ClientIN9nav2_msgs6action14NavigateToPoseEEE[_ZTVN13rclcpp_action6ClientIN9nav2_msgs6action14NavigateToPoseEEE]+0x80): undefined reference to `rclcpp_action::ClientBase::send_result_request(std::shared_ptr<void>, std::function<void (std::shared_ptr<void>)>)'
/usr/bin/ld: CMakeFiles/approachv4_c.dir/src/approachv4_c.cpp.o:(.data.rel.ro._ZTVN13rclcpp_action6ClientIN9nav2_msgs6action14NavigateToPoseEEE[_ZTVN13rclcpp_action6ClientIN9nav2_msgs6action14NavigateToPoseEEE]+0x88): undefined reference to `rclcpp_action::ClientBase::send_cancel_request(std::shared_ptr<void>, std::function<void (std::shared_ptr<void>)>)'
/usr/bin/ld: CMakeFiles/approachv4_c.dir/src/approachv4_c.cpp.o:(.data.rel.ro._ZTVN13rclcpp_action6ClientIN9nav2_msgs6action14NavigateToPoseEEE[_ZTVN13rclcpp_action6ClientIN9nav2_msgs6action14NavigateToPoseEEE]+0x98): undefined reference to `rclcpp_action::ClientBase::handle_goal_response(rmw_request_id_t const&, std::shared_ptr<void>)'
/usr/bin/ld: CMakeFiles/approachv4_c.dir/src/approachv4_c.cpp.o:(.data.rel.ro._ZTVN13rclcpp_action6ClientIN9nav2_msgs6action14NavigateToPoseEEE[_ZTVN13rclcpp_action6ClientIN9nav2_msgs6action14NavigateToPoseEEE]+0xa8): undefined reference to `rclcpp_action::ClientBase::handle_result_response(rmw_request_id_t const&, std::shared_ptr<void>)'
/usr/bin/ld: CMakeFiles/approachv4_c.dir/src/approachv4_c.cpp.o:(.data.rel.ro._ZTVN13rclcpp_action6ClientIN9nav2_msgs6action14NavigateToPoseEEE[_ZTVN13rclcpp_action6ClientIN9nav2_msgs6action14NavigateToPoseEEE]+0xb8): undefined reference to `rclcpp_action::ClientBase::handle_cancel_response(rmw_request_id_t const&, std::shared_ptr<void>)'
/usr/bin/ld: CMakeFiles/approachv4_c.dir/src/approachv4_c.cpp.o:(.data.rel.ro._ZTIN13rclcpp_action6ClientIN9nav2_msgs6action14NavigateToPoseEEE[_ZTIN13rclcpp_action6ClientIN9nav2_msgs6action14NavigateToPoseEEE]+0x10): undefined reference to `typeinfo for rclcpp_action::ClientBase'
/usr/bin/ld: CMakeFiles/approachv4_c.dir/src/approachv4_c.cpp.o: in function `rclcpp_action::Client<nav2_msgs::action::NavigateToPose>::handle_feedback_message(std::shared_ptr<void>)':
approachv4_c.cpp:(.text._ZN13rclcpp_action6ClientIN9nav2_msgs6action14NavigateToPoseEE23handle_feedback_messageESt10shared_ptrIvE[_ZN13rclcpp_action6ClientIN9nav2_msgs6action14NavigateToPoseEE23handle_feedback_messageESt10shared_ptrIvE]+0x179): undefined reference to `rclcpp_action::ClientBase::get_logger()'
/usr/bin/ld: approachv4_c.cpp:(.text._ZN13rclcpp_action6ClientIN9nav2_msgs6action14NavigateToPoseEE23handle_feedback_messageESt10shared_ptrIvE[_ZN13rclcpp_action6ClientIN9nav2_msgs6action14NavigateToPoseEE23handle_feedback_messageESt10shared_ptrIvE]+0x1c3): undefined reference to `rclcpp_action::ClientBase::get_logger()'
/usr/bin/ld: approachv4_c.cpp:(.text._ZN13rclcpp_action6ClientIN9nav2_msgs6action14NavigateToPoseEE23handle_feedback_messageESt10shared_ptrIvE[_ZN13rclcpp_action6ClientIN9nav2_msgs6action14NavigateToPoseEE23handle_feedback_messageESt10shared_ptrIvE]+0x32e): undefined reference to `rclcpp_action::ClientBase::get_logger()'
/usr/bin/ld: approachv4_c.cpp:(.text._ZN13rclcpp_action6ClientIN9nav2_msgs6action14NavigateToPoseEE23handle_feedback_messageESt10shared_ptrIvE[_ZN13rclcpp_action6ClientIN9nav2_msgs6action14NavigateToPoseEE23handle_feedback_messageESt10shared_ptrIvE]+0x378): undefined reference to `rclcpp_action::ClientBase::get_logger()'
/usr/bin/ld: CMakeFiles/approachv4_c.dir/src/approachv4_c.cpp.o: in function `rclcpp_action::Client<nav2_msgs::action::NavigateToPose>::handle_status_message(std::shared_ptr<void>)':
approachv4_c.cpp:(.text._ZN13rclcpp_action6ClientIN9nav2_msgs6action14NavigateToPoseEE21handle_status_messageESt10shared_ptrIvE[_ZN13rclcpp_action6ClientIN9nav2_msgs6action14NavigateToPoseEE21handle_status_messageESt10shared_ptrIvE]+0x1ea): undefined reference to `rclcpp_action::ClientBase::get_logger()'
/usr/bin/ld: CMakeFiles/approachv4_c.dir/src/approachv4_c.cpp.o:approachv4_c.cpp:(.text._ZN13rclcpp_action6ClientIN9nav2_msgs6action14NavigateToPoseEE21handle_status_messageESt10shared_ptrIvE[_ZN13rclcpp_action6ClientIN9nav2_msgs6action14NavigateToPoseEE21handle_status_messageESt10shared_ptrIvE]+0x238): more undefined references to `rclcpp_action::ClientBase::get_logger()' follow
collect2: error: ld returned 1 exit status
make[2]: *** [CMakeFiles/approachv4_c.dir/build.make:137: approachv4_c] Error 1
make[1]: *** [CMakeFiles/Makefile2:78: CMakeFiles/approachv4_c.dir/all] Error 2
make: *** [Makefile:141: all] Error 2
