[1.053s] Invoking command in '/root/researchv2/src/chaser_system': CMAKE_PREFIX_PATH=/root/researchv2/install/mymsg:/root/researchv2/install/urg_node:/root/researchv2/install/urg_node_msgs:/root/researchv2/install/slam_toolbox LD_LIBRARY_PATH=/root/researchv2/install/mymsg/lib:/root/researchv2/install/urg_node/lib:/root/researchv2/install/urg_node_msgs/lib:/root/researchv2/install/slam_toolbox/lib:/usr/lib/x86_64-linux-gnu/gazebo-11/plugins:/opt/ros/foxy/opt/yaml_cpp_vendor/lib:/opt/ros/foxy/opt/rviz_ogre_vendor/lib:/opt/ros/foxy/lib/x86_64-linux-gnu:/opt/ros/foxy/lib:/usr/local/11.6.0/lib64:/usr/local/nvidia/lib:/usr/local/nvidia/lib64 PYTHONPATH=/root/researchv2/build/chaser_system/prefix_override:/root/researchv2/install/chaser_system/lib/python3.8/site-packages:/root/researchv2/install/mymsg/lib/python3.8/site-packages:/root/researchv2/install/urg_node_msgs/lib/python3.8/site-packages:/root/researchv2/install/slam_toolbox/lib/python3.8/site-packages:/root/researchv2/install/chaser_system/lib/python3.8/site-packages:/opt/ros/foxy/lib/python3.8/site-packages /usr/bin/python3 setup.py egg_info --egg-base ../../build/chaser_system build --build-base /root/researchv2/build/chaser_system/build install --record /root/researchv2/build/chaser_system/install.log --install-scripts $base/lib/chaser_system --single-version-externally-managed
[1.309s] running egg_info
[1.310s] writing ../../build/chaser_system/chaser_system.egg-info/PKG-INFO
[1.310s] writing dependency_links to ../../build/chaser_system/chaser_system.egg-info/dependency_links.txt
[1.310s] writing entry points to ../../build/chaser_system/chaser_system.egg-info/entry_points.txt
[1.311s] writing requirements to ../../build/chaser_system/chaser_system.egg-info/requires.txt
[1.311s] writing top-level names to ../../build/chaser_system/chaser_system.egg-info/top_level.txt
[1.349s] reading manifest file '../../build/chaser_system/chaser_system.egg-info/SOURCES.txt'
[1.350s] writing manifest file '../../build/chaser_system/chaser_system.egg-info/SOURCES.txt'
[1.350s] running build
[1.350s] running build_py
[1.351s] copying chaser_system/raise_navi.py -> /root/researchv2/build/chaser_system/build/lib/chaser_system
[1.352s] copying chaser_system/pose_tf2.py -> /root/researchv2/build/chaser_system/build/lib/chaser_system
[1.352s] running install
[1.353s] running install_lib
[1.355s] copying /root/researchv2/build/chaser_system/build/lib/chaser_system/raise_navi.py -> /root/researchv2/install/chaser_system/lib/python3.8/site-packages/chaser_system
[1.355s] copying /root/researchv2/build/chaser_system/build/lib/chaser_system/pose_tf2.py -> /root/researchv2/install/chaser_system/lib/python3.8/site-packages/chaser_system
[1.356s] byte-compiling /root/researchv2/install/chaser_system/lib/python3.8/site-packages/chaser_system/raise_navi.py to raise_navi.cpython-38.pyc
[1.359s] byte-compiling /root/researchv2/install/chaser_system/lib/python3.8/site-packages/chaser_system/pose_tf2.py to pose_tf2.cpython-38.pyc
[1.361s] running install_data
[1.362s] running install_egg_info
[1.364s] removing '/root/researchv2/install/chaser_system/lib/python3.8/site-packages/chaser_system-0.0.0-py3.8.egg-info' (and everything under it)
[1.364s] Copying ../../build/chaser_system/chaser_system.egg-info to /root/researchv2/install/chaser_system/lib/python3.8/site-packages/chaser_system-0.0.0-py3.8.egg-info
[1.366s] running install_scripts
[1.385s] Installing image_inputer script to /root/researchv2/install/chaser_system/lib/chaser_system
[1.385s] Installing person_check script to /root/researchv2/install/chaser_system/lib/chaser_system
[1.386s] Installing pose_tf2 script to /root/researchv2/install/chaser_system/lib/chaser_system
[1.386s] Installing raise_navi script to /root/researchv2/install/chaser_system/lib/chaser_system
[1.386s] Installing rgbd_generator script to /root/researchv2/install/chaser_system/lib/chaser_system
[1.386s] Installing three_d_pose_analysis script to /root/researchv2/install/chaser_system/lib/chaser_system
[1.386s] Installing xbox script to /root/researchv2/install/chaser_system/lib/chaser_system
[1.387s] writing list of installed files to '/root/researchv2/build/chaser_system/install.log'
[1.415s] Invoked command in '/root/researchv2/src/chaser_system' returned '0': CMAKE_PREFIX_PATH=/root/researchv2/install/mymsg:/root/researchv2/install/urg_node:/root/researchv2/install/urg_node_msgs:/root/researchv2/install/slam_toolbox LD_LIBRARY_PATH=/root/researchv2/install/mymsg/lib:/root/researchv2/install/urg_node/lib:/root/researchv2/install/urg_node_msgs/lib:/root/researchv2/install/slam_toolbox/lib:/usr/lib/x86_64-linux-gnu/gazebo-11/plugins:/opt/ros/foxy/opt/yaml_cpp_vendor/lib:/opt/ros/foxy/opt/rviz_ogre_vendor/lib:/opt/ros/foxy/lib/x86_64-linux-gnu:/opt/ros/foxy/lib:/usr/local/11.6.0/lib64:/usr/local/nvidia/lib:/usr/local/nvidia/lib64 PYTHONPATH=/root/researchv2/build/chaser_system/prefix_override:/root/researchv2/install/chaser_system/lib/python3.8/site-packages:/root/researchv2/install/mymsg/lib/python3.8/site-packages:/root/researchv2/install/urg_node_msgs/lib/python3.8/site-packages:/root/researchv2/install/slam_toolbox/lib/python3.8/site-packages:/root/researchv2/install/chaser_system/lib/python3.8/site-packages:/opt/ros/foxy/lib/python3.8/site-packages /usr/bin/python3 setup.py egg_info --egg-base ../../build/chaser_system build --build-base /root/researchv2/build/chaser_system/build install --record /root/researchv2/build/chaser_system/install.log --install-scripts $base/lib/chaser_system --single-version-externally-managed
