[0.027s] Invoking command in '/root/researchv2/build/urg_node': CMAKE_PREFIX_PATH=/root/researchv2/install/urg_node_msgs:/root/researchv2/install/urg_node:/root/researchv2/install/mymsg:/root/researchv2/install/chaser_system:/opt/ros/foxy LD_LIBRARY_PATH=/root/researchv2/install/urg_node_msgs/lib:/root/researchv2/install/urg_node/lib:/root/researchv2/install/mymsg/lib:/usr/lib/x86_64-linux-gnu/gazebo-11/plugins:/opt/ros/foxy/opt/yaml_cpp_vendor/lib:/opt/ros/foxy/opt/rviz_ogre_vendor/lib:/opt/ros/foxy/lib/x86_64-linux-gnu:/opt/ros/foxy/lib:/usr/local/11.6.0/lib64:/usr/local/nvidia/lib:/usr/local/nvidia/lib64 /usr/bin/cmake --build /root/researchv2/build/urg_node -- -j12 -l12
[0.118s] [ 28%] Built target urg_node_driver
[0.120s] [ 71%] Built target urg_node
[0.154s] [100%] Built target getID
[0.167s] Invoked command in '/root/researchv2/build/urg_node' returned '0': CMAKE_PREFIX_PATH=/root/researchv2/install/urg_node_msgs:/root/researchv2/install/urg_node:/root/researchv2/install/mymsg:/root/researchv2/install/chaser_system:/opt/ros/foxy LD_LIBRARY_PATH=/root/researchv2/install/urg_node_msgs/lib:/root/researchv2/install/urg_node/lib:/root/researchv2/install/mymsg/lib:/usr/lib/x86_64-linux-gnu/gazebo-11/plugins:/opt/ros/foxy/opt/yaml_cpp_vendor/lib:/opt/ros/foxy/opt/rviz_ogre_vendor/lib:/opt/ros/foxy/lib/x86_64-linux-gnu:/opt/ros/foxy/lib:/usr/local/11.6.0/lib64:/usr/local/nvidia/lib:/usr/local/nvidia/lib64 /usr/bin/cmake --build /root/researchv2/build/urg_node -- -j12 -l12
[0.201s] Invoking command in '/root/researchv2/build/urg_node': CMAKE_PREFIX_PATH=/root/researchv2/install/urg_node_msgs:/root/researchv2/install/urg_node:/root/researchv2/install/mymsg:/root/researchv2/install/chaser_system:/opt/ros/foxy LD_LIBRARY_PATH=/root/researchv2/install/urg_node_msgs/lib:/root/researchv2/install/urg_node/lib:/root/researchv2/install/mymsg/lib:/usr/lib/x86_64-linux-gnu/gazebo-11/plugins:/opt/ros/foxy/opt/yaml_cpp_vendor/lib:/opt/ros/foxy/opt/rviz_ogre_vendor/lib:/opt/ros/foxy/lib/x86_64-linux-gnu:/opt/ros/foxy/lib:/usr/local/11.6.0/lib64:/usr/local/nvidia/lib:/usr/local/nvidia/lib64 /usr/bin/cmake --install /root/researchv2/build/urg_node
[0.210s] -- Install configuration: ""
[0.211s] -- Up-to-date: /root/researchv2/install/urg_node/lib/urg_node/urg_node_driver
[0.212s] -- Up-to-date: /root/researchv2/install/urg_node/lib/liburg_node.so
[0.213s] -- Up-to-date: /root/researchv2/install/urg_node/lib/urg_node/getID
[0.213s] -- Up-to-date: /root/researchv2/install/urg_node/include
[0.213s] -- Up-to-date: /root/researchv2/install/urg_node/include/urg_node
[0.213s] -- Up-to-date: /root/researchv2/install/urg_node/include/urg_node/urg_node.hpp
[0.213s] -- Up-to-date: /root/researchv2/install/urg_node/include/urg_node/urg_c_wrapper.hpp
[0.213s] -- Up-to-date: /root/researchv2/install/urg_node/lib/urg_node/set_urg_ip.py
[0.213s] -- Up-to-date: /root/researchv2/install/urg_node/share/urg_node/launch
[0.214s] -- Up-to-date: /root/researchv2/install/urg_node/share/urg_node/launch/urg_node_ethernet.yaml
[0.214s] -- Up-to-date: /root/researchv2/install/urg_node/share/urg_node/launch/urg_node_serial.yaml
[0.214s] -- Up-to-date: /root/researchv2/install/urg_node/share/urg_node/launch/hokuyo_laser.urdf
[0.214s] -- Up-to-date: /root/researchv2/install/urg_node/share/urg_node/launch/urg_lidar.launch.xml
[0.214s] -- Up-to-date: /root/researchv2/install/urg_node/share/urg_node/launch/urg_node_launch.py
[0.214s] -- Up-to-date: /root/researchv2/install/urg_node/share/urg_node/environment/library_path.sh
[0.214s] -- Up-to-date: /root/researchv2/install/urg_node/share/urg_node/environment/library_path.dsv
[0.214s] -- Up-to-date: /root/researchv2/install/urg_node/share/ament_index/resource_index/package_run_dependencies/urg_node
[0.214s] -- Up-to-date: /root/researchv2/install/urg_node/share/ament_index/resource_index/parent_prefix_path/urg_node
[0.214s] -- Up-to-date: /root/researchv2/install/urg_node/share/urg_node/environment/ament_prefix_path.sh
[0.214s] -- Up-to-date: /root/researchv2/install/urg_node/share/urg_node/environment/ament_prefix_path.dsv
[0.214s] -- Up-to-date: /root/researchv2/install/urg_node/share/urg_node/environment/path.sh
[0.215s] -- Up-to-date: /root/researchv2/install/urg_node/share/urg_node/environment/path.dsv
[0.215s] -- Up-to-date: /root/researchv2/install/urg_node/share/urg_node/local_setup.bash
[0.215s] -- Up-to-date: /root/researchv2/install/urg_node/share/urg_node/local_setup.sh
[0.215s] -- Up-to-date: /root/researchv2/install/urg_node/share/urg_node/local_setup.zsh
[0.215s] -- Up-to-date: /root/researchv2/install/urg_node/share/urg_node/local_setup.dsv
[0.215s] -- Installing: /root/researchv2/install/urg_node/share/urg_node/package.dsv
[0.215s] -- Up-to-date: /root/researchv2/install/urg_node/share/ament_index/resource_index/packages/urg_node
[0.215s] -- Up-to-date: /root/researchv2/install/urg_node/share/ament_index/resource_index/rclcpp_components/urg_node
[0.215s] -- Up-to-date: /root/researchv2/install/urg_node/share/urg_node/cmake/ament_cmake_export_dependencies-extras.cmake
[0.215s] -- Up-to-date: /root/researchv2/install/urg_node/share/urg_node/cmake/ament_cmake_export_include_directories-extras.cmake
[0.215s] -- Up-to-date: /root/researchv2/install/urg_node/share/urg_node/cmake/ament_cmake_export_libraries-extras.cmake
[0.215s] -- Up-to-date: /root/researchv2/install/urg_node/share/urg_node/cmake/urg_nodeConfig.cmake
[0.215s] -- Up-to-date: /root/researchv2/install/urg_node/share/urg_node/cmake/urg_nodeConfig-version.cmake
[0.215s] -- Up-to-date: /root/researchv2/install/urg_node/share/urg_node/package.xml
[0.452s] Invoked command in '/root/researchv2/build/urg_node' returned '0': CMAKE_PREFIX_PATH=/root/researchv2/install/urg_node_msgs:/root/researchv2/install/urg_node:/root/researchv2/install/mymsg:/root/researchv2/install/chaser_system:/opt/ros/foxy LD_LIBRARY_PATH=/root/researchv2/install/urg_node_msgs/lib:/root/researchv2/install/urg_node/lib:/root/researchv2/install/mymsg/lib:/usr/lib/x86_64-linux-gnu/gazebo-11/plugins:/opt/ros/foxy/opt/yaml_cpp_vendor/lib:/opt/ros/foxy/opt/rviz_ogre_vendor/lib:/opt/ros/foxy/lib/x86_64-linux-gnu:/opt/ros/foxy/lib:/usr/local/11.6.0/lib64:/usr/local/nvidia/lib:/usr/local/nvidia/lib64 /usr/bin/cmake --install /root/researchv2/build/urg_node
