[0.018s] Invoking command in '/root/researchv2/build/urg_node': CMAKE_PREFIX_PATH=/root/researchv2/install/urg_node_msgs:/root/researchv2/install/urg_node:/root/researchv2/install/slam_toolbox:/root/researchv2/install/mymsg:/root/researchv2/install/chaser_system:/opt/ros/foxy LD_LIBRARY_PATH=/root/researchv2/install/urg_node_msgs/lib:/root/researchv2/install/urg_node/lib:/root/researchv2/install/slam_toolbox/lib:/root/researchv2/install/mymsg/lib:/usr/lib/x86_64-linux-gnu/gazebo-11/plugins:/opt/ros/foxy/opt/yaml_cpp_vendor/lib:/opt/ros/foxy/opt/rviz_ogre_vendor/lib:/opt/ros/foxy/lib/x86_64-linux-gnu:/opt/ros/foxy/lib:/usr/local/11.6.0/lib64:/usr/local/nvidia/lib:/usr/local/nvidia/lib64 /usr/bin/cmake /root/researchv2/src/urg_node -DCMAKE_INSTALL_PREFIX=/root/researchv2/install/urg_node
[0.121s] -- The C compiler identification is GNU 9.4.0
[0.215s] -- The CXX compiler identification is GNU 9.4.0
[0.223s] -- Check for working C compiler: /usr/bin/cc
[0.343s] -- Check for working C compiler: /usr/bin/cc -- works
[0.350s] -- Detecting C compiler ABI info
[0.481s] -- Detecting C compiler ABI info - done
[0.506s] -- Detecting C compile features
[0.506s] -- Detecting C compile features - done
[0.511s] -- Check for working CXX compiler: /usr/bin/c++
[0.619s] -- Check for working CXX compiler: /usr/bin/c++ -- works
[0.621s] -- Detecting CXX compiler ABI info
[0.722s] -- Detecting CXX compiler ABI info - done
[0.742s] -- Detecting CXX compile features
[0.742s] -- Detecting CXX compile features - done
[0.747s] -- Found ament_cmake: 0.9.11 (/opt/ros/foxy/share/ament_cmake/cmake)
[0.780s] -- Found PythonInterp: /usr/bin/python3 (found suitable version "3.8.10", minimum required is "3") 
[0.780s] -- Using PYTHON_EXECUTABLE: /usr/bin/python3
[1.080s] -- Found Boost: /usr/lib/x86_64-linux-gnu/cmake/Boost-1.71.0/BoostConfig.cmake (found version "1.71.0")  
[1.083s] -- Found diagnostic_updater: 2.0.8 (/opt/ros/foxy/share/diagnostic_updater/cmake)
[1.129s] -- Using all available rosidl_typesupport_c: rosidl_typesupport_fastrtps_c;rosidl_typesupport_introspection_c
[1.136s] -- Found rosidl_adapter: 1.3.0 (/opt/ros/foxy/share/rosidl_adapter/cmake)
[1.260s] -- Found OpenSSL: /usr/lib/x86_64-linux-gnu/libcrypto.so (found version "1.1.1f")  
[1.314s] -- Found FastRTPS: /opt/ros/foxy/include  
[1.429s] -- Using all available rosidl_typesupport_cpp: rosidl_typesupport_fastrtps_cpp;rosidl_typesupport_introspection_cpp
[1.611s] -- Found rmw_implementation_cmake: 1.0.3 (/opt/ros/foxy/share/rmw_implementation_cmake/cmake)
[1.613s] -- Using RMW implementation 'rmw_fastrtps_cpp' as default
[1.614s] -- Looking for pthread.h
[1.708s] -- Looking for pthread.h - found
[1.708s] -- Performing Test CMAKE_HAVE_LIBC_PTHREAD
[1.842s] -- Performing Test CMAKE_HAVE_LIBC_PTHREAD - Failed
[1.842s] -- Looking for pthread_create in pthreads
[1.938s] -- Looking for pthread_create in pthreads - not found
[1.938s] -- Looking for pthread_create in pthread
[2.168s] -- Looking for pthread_create in pthread - found
[2.169s] -- Found Threads: TRUE  
[2.479s] -- Found laser_proc: 1.0.2 (/opt/ros/foxy/share/laser_proc/cmake)
[2.755s] -- Found rclcpp_components: 2.4.2 (/opt/ros/foxy/share/rclcpp_components/cmake)
[2.866s] -- Found std_srvs: 2.0.5 (/opt/ros/foxy/share/std_srvs/cmake)
[2.897s] -- Found urg_c: 1.0.4001 (/opt/ros/foxy/share/urg_c/cmake)
[2.908s] -- Found urg_node_msgs: 1.0.1 (/root/researchv2/install/urg_node_msgs/share/urg_node_msgs/cmake)
[3.080s] -- Found ament_lint_auto: 0.9.7 (/opt/ros/foxy/share/ament_lint_auto/cmake)
[3.289s] -- Added test 'cppcheck' to perform static code analysis on C / C++ code
[3.290s] -- Configured cppcheck include dirs: $<BUILD_INTERFACE:/root/researchv2/src/urg_node/include>
[3.290s] -- Configured cppcheck exclude dirs and/or files: 
[3.290s] -- Added test 'cpplint' to check C / C++ code against the Google style
[3.290s] -- Configured cpplint exclude dirs and/or files: 
[3.290s] -- Added test 'flake8' to check Python code syntax and style conventions
[3.291s] -- Added test 'lint_cmake' to check CMake code style
[3.291s] -- Added test 'pep257' to check Python code against some of the style conventions in PEP 257
[3.298s] -- Added test 'uncrustify' to check C / C++ code style
[3.298s] -- Configured uncrustify additional arguments: 
[3.301s] -- Added test 'xmllint' to check XML markup files
[3.316s] -- Configuring done
[3.453s] -- Generating done
[3.455s] -- Build files have been written to: /root/researchv2/build/urg_node
[3.517s] Invoked command in '/root/researchv2/build/urg_node' returned '0': CMAKE_PREFIX_PATH=/root/researchv2/install/urg_node_msgs:/root/researchv2/install/urg_node:/root/researchv2/install/slam_toolbox:/root/researchv2/install/mymsg:/root/researchv2/install/chaser_system:/opt/ros/foxy LD_LIBRARY_PATH=/root/researchv2/install/urg_node_msgs/lib:/root/researchv2/install/urg_node/lib:/root/researchv2/install/slam_toolbox/lib:/root/researchv2/install/mymsg/lib:/usr/lib/x86_64-linux-gnu/gazebo-11/plugins:/opt/ros/foxy/opt/yaml_cpp_vendor/lib:/opt/ros/foxy/opt/rviz_ogre_vendor/lib:/opt/ros/foxy/lib/x86_64-linux-gnu:/opt/ros/foxy/lib:/usr/local/11.6.0/lib64:/usr/local/nvidia/lib:/usr/local/nvidia/lib64 /usr/bin/cmake /root/researchv2/src/urg_node -DCMAKE_INSTALL_PREFIX=/root/researchv2/install/urg_node
[3.519s] Invoking command in '/root/researchv2/build/urg_node': CMAKE_PREFIX_PATH=/root/researchv2/install/urg_node_msgs:/root/researchv2/install/urg_node:/root/researchv2/install/slam_toolbox:/root/researchv2/install/mymsg:/root/researchv2/install/chaser_system:/opt/ros/foxy LD_LIBRARY_PATH=/root/researchv2/install/urg_node_msgs/lib:/root/researchv2/install/urg_node/lib:/root/researchv2/install/slam_toolbox/lib:/root/researchv2/install/mymsg/lib:/usr/lib/x86_64-linux-gnu/gazebo-11/plugins:/opt/ros/foxy/opt/yaml_cpp_vendor/lib:/opt/ros/foxy/opt/rviz_ogre_vendor/lib:/opt/ros/foxy/lib/x86_64-linux-gnu:/opt/ros/foxy/lib:/usr/local/11.6.0/lib64:/usr/local/nvidia/lib:/usr/local/nvidia/lib64 /usr/bin/cmake --build /root/researchv2/build/urg_node -- -j12 -l12
[3.663s] [35m[1mScanning dependencies of target urg_node_driver[0m
[3.680s] [35m[1mScanning dependencies of target urg_node[0m
[3.837s] [ 14%] [32mBuilding CXX object CMakeFiles/urg_node_driver.dir/rclcpp_components/node_main_urg_node_driver.cpp.o[0m
[3.843s] [ 28%] [32mBuilding CXX object CMakeFiles/urg_node.dir/src/urg_c_wrapper.cpp.o[0m
[3.867s] [ 42%] [32mBuilding CXX object CMakeFiles/urg_node.dir/src/urg_node.cpp.o[0m
[8.709s] [ 57%] [32m[1mLinking CXX executable urg_node_driver[0m
[8.887s] [ 57%] Built target urg_node_driver
[14.839s] [ 71%] [32m[1mLinking CXX shared library liburg_node.so[0m
[15.611s] [ 71%] Built target urg_node
[15.632s] [35m[1mScanning dependencies of target getID[0m
[15.704s] [ 85%] [32mBuilding CXX object CMakeFiles/getID.dir/src/get_id.cpp.o[0m
[18.599s] [100%] [32m[1mLinking CXX executable getID[0m
[18.956s] [100%] Built target getID
[18.993s] Invoked command in '/root/researchv2/build/urg_node' returned '0': CMAKE_PREFIX_PATH=/root/researchv2/install/urg_node_msgs:/root/researchv2/install/urg_node:/root/researchv2/install/slam_toolbox:/root/researchv2/install/mymsg:/root/researchv2/install/chaser_system:/opt/ros/foxy LD_LIBRARY_PATH=/root/researchv2/install/urg_node_msgs/lib:/root/researchv2/install/urg_node/lib:/root/researchv2/install/slam_toolbox/lib:/root/researchv2/install/mymsg/lib:/usr/lib/x86_64-linux-gnu/gazebo-11/plugins:/opt/ros/foxy/opt/yaml_cpp_vendor/lib:/opt/ros/foxy/opt/rviz_ogre_vendor/lib:/opt/ros/foxy/lib/x86_64-linux-gnu:/opt/ros/foxy/lib:/usr/local/11.6.0/lib64:/usr/local/nvidia/lib:/usr/local/nvidia/lib64 /usr/bin/cmake --build /root/researchv2/build/urg_node -- -j12 -l12
[19.064s] Invoking command in '/root/researchv2/build/urg_node': CMAKE_PREFIX_PATH=/root/researchv2/install/urg_node_msgs:/root/researchv2/install/urg_node:/root/researchv2/install/slam_toolbox:/root/researchv2/install/mymsg:/root/researchv2/install/chaser_system:/opt/ros/foxy LD_LIBRARY_PATH=/root/researchv2/install/urg_node_msgs/lib:/root/researchv2/install/urg_node/lib:/root/researchv2/install/slam_toolbox/lib:/root/researchv2/install/mymsg/lib:/usr/lib/x86_64-linux-gnu/gazebo-11/plugins:/opt/ros/foxy/opt/yaml_cpp_vendor/lib:/opt/ros/foxy/opt/rviz_ogre_vendor/lib:/opt/ros/foxy/lib/x86_64-linux-gnu:/opt/ros/foxy/lib:/usr/local/11.6.0/lib64:/usr/local/nvidia/lib:/usr/local/nvidia/lib64 /usr/bin/cmake --install /root/researchv2/build/urg_node
[19.081s] -- Install configuration: ""
[19.081s] -- Installing: /root/researchv2/install/urg_node/lib/urg_node/urg_node_driver
[19.084s] -- Set runtime path of "/root/researchv2/install/urg_node/lib/urg_node/urg_node_driver" to ""
[19.084s] -- Installing: /root/researchv2/install/urg_node/lib/liburg_node.so
[19.092s] -- Set runtime path of "/root/researchv2/install/urg_node/lib/liburg_node.so" to ""
[19.092s] -- Installing: /root/researchv2/install/urg_node/lib/urg_node/getID
[19.093s] -- Set runtime path of "/root/researchv2/install/urg_node/lib/urg_node/getID" to ""
[19.094s] -- Installing: /root/researchv2/install/urg_node/include
[19.094s] -- Installing: /root/researchv2/install/urg_node/include/urg_node
[19.095s] -- Installing: /root/researchv2/install/urg_node/include/urg_node/urg_node.hpp
[19.095s] -- Installing: /root/researchv2/install/urg_node/include/urg_node/urg_c_wrapper.hpp
[19.095s] -- Installing: /root/researchv2/install/urg_node/lib/urg_node/set_urg_ip.py
[19.096s] -- Installing: /root/researchv2/install/urg_node/share/urg_node/launch
[19.096s] -- Installing: /root/researchv2/install/urg_node/share/urg_node/launch/urg_node_ethernet.yaml
[19.097s] -- Installing: /root/researchv2/install/urg_node/share/urg_node/launch/urg_node_serial.yaml
[19.097s] -- Installing: /root/researchv2/install/urg_node/share/urg_node/launch/hokuyo_laser.urdf
[19.098s] -- Installing: /root/researchv2/install/urg_node/share/urg_node/launch/urg_lidar.launch.xml
[19.099s] -- Installing: /root/researchv2/install/urg_node/share/urg_node/launch/urg_node_launch.py
[19.099s] -- Installing: /root/researchv2/install/urg_node/share/urg_node/environment/library_path.sh
[19.099s] -- Installing: /root/researchv2/install/urg_node/share/urg_node/environment/library_path.dsv
[19.100s] -- Installing: /root/researchv2/install/urg_node/share/ament_index/resource_index/package_run_dependencies/urg_node
[19.100s] -- Installing: /root/researchv2/install/urg_node/share/ament_index/resource_index/parent_prefix_path/urg_node
[19.101s] -- Installing: /root/researchv2/install/urg_node/share/urg_node/environment/ament_prefix_path.sh
[19.101s] -- Installing: /root/researchv2/install/urg_node/share/urg_node/environment/ament_prefix_path.dsv
[19.102s] -- Installing: /root/researchv2/install/urg_node/share/urg_node/environment/path.sh
[19.102s] -- Installing: /root/researchv2/install/urg_node/share/urg_node/environment/path.dsv
[19.102s] -- Installing: /root/researchv2/install/urg_node/share/urg_node/local_setup.bash
[19.103s] -- Installing: /root/researchv2/install/urg_node/share/urg_node/local_setup.sh
[19.103s] -- Installing: /root/researchv2/install/urg_node/share/urg_node/local_setup.zsh
[19.103s] -- Installing: /root/researchv2/install/urg_node/share/urg_node/local_setup.dsv
[19.104s] -- Installing: /root/researchv2/install/urg_node/share/urg_node/package.dsv
[19.104s] -- Installing: /root/researchv2/install/urg_node/share/ament_index/resource_index/packages/urg_node
[19.104s] -- Installing: /root/researchv2/install/urg_node/share/ament_index/resource_index/rclcpp_components/urg_node
[19.105s] -- Installing: /root/researchv2/install/urg_node/share/urg_node/cmake/ament_cmake_export_dependencies-extras.cmake
[19.106s] -- Installing: /root/researchv2/install/urg_node/share/urg_node/cmake/ament_cmake_export_include_directories-extras.cmake
[19.106s] -- Installing: /root/researchv2/install/urg_node/share/urg_node/cmake/ament_cmake_export_libraries-extras.cmake
[19.106s] -- Installing: /root/researchv2/install/urg_node/share/urg_node/cmake/urg_nodeConfig.cmake
[19.106s] -- Installing: /root/researchv2/install/urg_node/share/urg_node/cmake/urg_nodeConfig-version.cmake
[19.106s] -- Installing: /root/researchv2/install/urg_node/share/urg_node/package.xml
[19.116s] Invoked command in '/root/researchv2/build/urg_node' returned '0': CMAKE_PREFIX_PATH=/root/researchv2/install/urg_node_msgs:/root/researchv2/install/urg_node:/root/researchv2/install/slam_toolbox:/root/researchv2/install/mymsg:/root/researchv2/install/chaser_system:/opt/ros/foxy LD_LIBRARY_PATH=/root/researchv2/install/urg_node_msgs/lib:/root/researchv2/install/urg_node/lib:/root/researchv2/install/slam_toolbox/lib:/root/researchv2/install/mymsg/lib:/usr/lib/x86_64-linux-gnu/gazebo-11/plugins:/opt/ros/foxy/opt/yaml_cpp_vendor/lib:/opt/ros/foxy/opt/rviz_ogre_vendor/lib:/opt/ros/foxy/lib/x86_64-linux-gnu:/opt/ros/foxy/lib:/usr/local/11.6.0/lib64:/usr/local/nvidia/lib:/usr/local/nvidia/lib64 /usr/bin/cmake --install /root/researchv2/build/urg_node
