[0.597s] Invoking command in '/root/researchv2/src/chaser_system': PYTHONPATH=/root/researchv2/install/chaser_system/lib/python3.8/site-packages:${PYTHONPATH} _=/usr/bin/env /usr/bin/python3 setup.py egg_info --egg-base ../../build/chaser_system build --build-base /root/researchv2/build/chaser_system/build install --prefix /root/researchv2/install/chaser_system --record /root/researchv2/build/chaser_system/install.log --single-version-externally-managed
[0.785s] running egg_info
[0.786s] writing ../../build/chaser_system/chaser_system.egg-info/PKG-INFO
[0.786s] writing dependency_links to ../../build/chaser_system/chaser_system.egg-info/dependency_links.txt
[0.786s] writing entry points to ../../build/chaser_system/chaser_system.egg-info/entry_points.txt
[0.787s] writing requirements to ../../build/chaser_system/chaser_system.egg-info/requires.txt
[0.787s] writing top-level names to ../../build/chaser_system/chaser_system.egg-info/top_level.txt
[0.813s] reading manifest file '../../build/chaser_system/chaser_system.egg-info/SOURCES.txt'
[0.814s] writing manifest file '../../build/chaser_system/chaser_system.egg-info/SOURCES.txt'
[0.814s] running build
[0.814s] running build_py
[0.814s] running install
[0.815s] running install_lib
[0.816s] running install_data
[0.816s] running install_egg_info
[0.818s] removing '/root/researchv2/install/chaser_system/lib/python3.8/site-packages/chaser_system-0.0.0-py3.8.egg-info' (and everything under it)
[0.818s] Copying ../../build/chaser_system/chaser_system.egg-info to /root/researchv2/install/chaser_system/lib/python3.8/site-packages/chaser_system-0.0.0-py3.8.egg-info
[0.819s] running install_scripts
[0.832s] Installing image_inputer script to /root/researchv2/install/chaser_system/lib/chaser_system
[0.833s] Installing pose_tf2 script to /root/researchv2/install/chaser_system/lib/chaser_system
[0.833s] Installing rgbd_generator script to /root/researchv2/install/chaser_system/lib/chaser_system
[0.833s] Installing three_d_pose_analysis script to /root/researchv2/install/chaser_system/lib/chaser_system
[0.833s] writing list of installed files to '/root/researchv2/build/chaser_system/install.log'
[0.848s] Invoked command in '/root/researchv2/src/chaser_system' returned '0': PYTHONPATH=/root/researchv2/install/chaser_system/lib/python3.8/site-packages:${PYTHONPATH} _=/usr/bin/env /usr/bin/python3 setup.py egg_info --egg-base ../../build/chaser_system build --build-base /root/researchv2/build/chaser_system/build install --prefix /root/researchv2/install/chaser_system --record /root/researchv2/build/chaser_system/install.log --single-version-externally-managed
