[0.724s] Invoking command in '/root/researchv2/src/chaser_system': LD_LIBRARY_PATH=/root/researchv2/install/mymsg/lib:/usr/lib/x86_64-linux-gnu/gazebo-11/plugins:/opt/ros/foxy/opt/yaml_cpp_vendor/lib:/opt/ros/foxy/opt/rviz_ogre_vendor/lib:/opt/ros/foxy/lib/x86_64-linux-gnu:/opt/ros/foxy/lib:/usr/local/11.6.0/lib64:/usr/local/nvidia/lib:/usr/local/nvidia/lib64 PYTHONPATH=/root/researchv2/build/chaser_system/prefix_override:/root/researchv2/install/chaser_system/lib/python3.8/site-packages:${PYTHONPATH} /usr/bin/python3 setup.py egg_info --egg-base ../../build/chaser_system build --build-base /root/researchv2/build/chaser_system/build install --record /root/researchv2/build/chaser_system/install.log --install-scripts $base/lib/chaser_system --single-version-externally-managed
[0.959s] running egg_info
[0.959s] writing ../../build/chaser_system/chaser_system.egg-info/PKG-INFO
[0.959s] writing dependency_links to ../../build/chaser_system/chaser_system.egg-info/dependency_links.txt
[0.960s] writing entry points to ../../build/chaser_system/chaser_system.egg-info/entry_points.txt
[0.960s] writing requirements to ../../build/chaser_system/chaser_system.egg-info/requires.txt
[0.960s] writing top-level names to ../../build/chaser_system/chaser_system.egg-info/top_level.txt
[0.988s] reading manifest file '../../build/chaser_system/chaser_system.egg-info/SOURCES.txt'
[0.989s] writing manifest file '../../build/chaser_system/chaser_system.egg-info/SOURCES.txt'
[0.989s] running build
[0.990s] running build_py
[0.990s] running install
[0.991s] running install_lib
[0.992s] running install_data
[0.993s] running install_egg_info
[0.994s] removing '/root/researchv2/install/chaser_system/lib/python3.8/site-packages/chaser_system-0.0.0-py3.8.egg-info' (and everything under it)
[0.995s] Copying ../../build/chaser_system/chaser_system.egg-info to /root/researchv2/install/chaser_system/lib/python3.8/site-packages/chaser_system-0.0.0-py3.8.egg-info
[0.996s] running install_scripts
[1.010s] Installing image_inputer script to /root/researchv2/install/chaser_system/lib/chaser_system
[1.010s] Installing person_check script to /root/researchv2/install/chaser_system/lib/chaser_system
[1.010s] Installing pose_tf2 script to /root/researchv2/install/chaser_system/lib/chaser_system
[1.010s] Installing raise_navi script to /root/researchv2/install/chaser_system/lib/chaser_system
[1.011s] Installing rgbd_generator script to /root/researchv2/install/chaser_system/lib/chaser_system
[1.011s] Installing three_d_pose_analysis script to /root/researchv2/install/chaser_system/lib/chaser_system
[1.011s] Installing xbox script to /root/researchv2/install/chaser_system/lib/chaser_system
[1.011s] writing list of installed files to '/root/researchv2/build/chaser_system/install.log'
[1.031s] Invoked command in '/root/researchv2/src/chaser_system' returned '0': LD_LIBRARY_PATH=/root/researchv2/install/mymsg/lib:/usr/lib/x86_64-linux-gnu/gazebo-11/plugins:/opt/ros/foxy/opt/yaml_cpp_vendor/lib:/opt/ros/foxy/opt/rviz_ogre_vendor/lib:/opt/ros/foxy/lib/x86_64-linux-gnu:/opt/ros/foxy/lib:/usr/local/11.6.0/lib64:/usr/local/nvidia/lib:/usr/local/nvidia/lib64 PYTHONPATH=/root/researchv2/build/chaser_system/prefix_override:/root/researchv2/install/chaser_system/lib/python3.8/site-packages:${PYTHONPATH} /usr/bin/python3 setup.py egg_info --egg-base ../../build/chaser_system build --build-base /root/researchv2/build/chaser_system/build install --record /root/researchv2/build/chaser_system/install.log --install-scripts $base/lib/chaser_system --single-version-externally-managed
