[0.114s] Invoking command in '/root/researchv2/build/laser_proc': CMAKE_PREFIX_PATH=${CMAKE_PREFIX_PATH}:/root/researchv2/install/chaser_system:/opt/ros/galactic /usr/bin/cmake --build /root/researchv2/build/laser_proc -- -j12 -l12
[0.246s] [ 28%] Built target laser_proc_node
[0.261s] [ 71%] Built target laser_proc
[0.385s] [100%] Built target laser_proc_component
[0.430s] Invoked command in '/root/researchv2/build/laser_proc' returned '0': CMAKE_PREFIX_PATH=${CMAKE_PREFIX_PATH}:/root/researchv2/install/chaser_system:/opt/ros/galactic /usr/bin/cmake --build /root/researchv2/build/laser_proc -- -j12 -l12
[0.572s] Invoking command in '/root/researchv2/build/laser_proc': CMAKE_PREFIX_PATH=${CMAKE_PREFIX_PATH}:/root/researchv2/install/chaser_system:/opt/ros/galactic /usr/bin/cmake --install /root/researchv2/build/laser_proc
[0.599s] -- Install configuration: ""
[0.599s] -- Up-to-date: /root/researchv2/install/laser_proc/lib/laser_proc/laser_proc_node
[0.600s] -- Up-to-date: /root/researchv2/install/laser_proc/lib/liblaser_proc.so
[0.601s] -- Up-to-date: /root/researchv2/install/laser_proc/lib/liblaser_proc_component.so
[0.602s] -- Up-to-date: /root/researchv2/install/laser_proc/include
[0.603s] -- Up-to-date: /root/researchv2/install/laser_proc/include/laser_proc
[0.603s] -- Up-to-date: /root/researchv2/install/laser_proc/include/laser_proc/visibility_control.hpp
[0.604s] -- Up-to-date: /root/researchv2/install/laser_proc/include/laser_proc/laser_proc.hpp
[0.604s] -- Up-to-date: /root/researchv2/install/laser_proc/include/laser_proc/laser_proc_component.hpp
[0.604s] -- Up-to-date: /root/researchv2/install/laser_proc/include/laser_proc/laser_publisher.hpp
[0.605s] -- Up-to-date: /root/researchv2/install/laser_proc/share/laser_proc/environment/library_path.sh
[0.605s] -- Up-to-date: /root/researchv2/install/laser_proc/share/laser_proc/environment/library_path.dsv
[0.605s] -- Up-to-date: /root/researchv2/install/laser_proc/share/ament_index/resource_index/package_run_dependencies/laser_proc
[0.605s] -- Up-to-date: /root/researchv2/install/laser_proc/share/ament_index/resource_index/parent_prefix_path/laser_proc
[0.605s] -- Up-to-date: /root/researchv2/install/laser_proc/share/laser_proc/environment/ament_prefix_path.sh
[0.606s] -- Up-to-date: /root/researchv2/install/laser_proc/share/laser_proc/environment/ament_prefix_path.dsv
[0.606s] -- Up-to-date: /root/researchv2/install/laser_proc/share/laser_proc/environment/path.sh
[0.607s] -- Up-to-date: /root/researchv2/install/laser_proc/share/laser_proc/environment/path.dsv
[0.607s] -- Up-to-date: /root/researchv2/install/laser_proc/share/laser_proc/local_setup.bash
[0.607s] -- Up-to-date: /root/researchv2/install/laser_proc/share/laser_proc/local_setup.sh
[0.608s] -- Up-to-date: /root/researchv2/install/laser_proc/share/laser_proc/local_setup.zsh
[0.608s] -- Up-to-date: /root/researchv2/install/laser_proc/share/laser_proc/local_setup.dsv
[0.608s] -- Installing: /root/researchv2/install/laser_proc/share/laser_proc/package.dsv
[0.609s] -- Up-to-date: /root/researchv2/install/laser_proc/share/ament_index/resource_index/packages/laser_proc
[0.609s] -- Up-to-date: /root/researchv2/install/laser_proc/share/ament_index/resource_index/rclcpp_components/laser_proc
[0.609s] -- Up-to-date: /root/researchv2/install/laser_proc/share/laser_proc/cmake/ament_cmake_export_dependencies-extras.cmake
[0.610s] -- Up-to-date: /root/researchv2/install/laser_proc/share/laser_proc/cmake/ament_cmake_export_include_directories-extras.cmake
[0.612s] -- Up-to-date: /root/researchv2/install/laser_proc/share/laser_proc/cmake/ament_cmake_export_libraries-extras.cmake
[0.613s] -- Up-to-date: /root/researchv2/install/laser_proc/share/laser_proc/cmake/laser_procConfig.cmake
[0.618s] -- Up-to-date: /root/researchv2/install/laser_proc/share/laser_proc/cmake/laser_procConfig-version.cmake
[0.618s] -- Up-to-date: /root/researchv2/install/laser_proc/share/laser_proc/package.xml
[0.619s] Invoked command in '/root/researchv2/build/laser_proc' returned '0': CMAKE_PREFIX_PATH=${CMAKE_PREFIX_PATH}:/root/researchv2/install/chaser_system:/opt/ros/galactic /usr/bin/cmake --install /root/researchv2/build/laser_proc
