[0.057s] Invoking command in '/root/researchv2/build/turtlebot3_gazebo': CMAKE_PREFIX_PATH=/opt/ros/foxy /usr/bin/cmake /root/researchv2/src/turtlebot3_simulations/turtlebot3_gazebo -DAMENT_CMAKE_SYMLINK_INSTALL=1 -DCMAKE_INSTALL_PREFIX=/root/researchv2/install/turtlebot3_gazebo
[0.133s] -- The C compiler identification is GNU 9.4.0
[0.214s] -- The CXX compiler identification is GNU 9.4.0
[0.221s] -- Check for working C compiler: /usr/bin/cc
[0.313s] -- Check for working C compiler: /usr/bin/cc -- works
[0.314s] -- Detecting C compiler ABI info
[0.407s] -- Detecting C compiler ABI info - done
[0.430s] -- Detecting C compile features
[0.430s] -- Detecting C compile features - done
[0.434s] -- Check for working CXX compiler: /usr/bin/c++
[0.560s] -- Check for working CXX compiler: /usr/bin/c++ -- works
[0.560s] -- Detecting CXX compiler ABI info
[0.672s] -- Detecting CXX compiler ABI info - done
[0.698s] -- Detecting CXX compile features
[0.699s] -- Detecting CXX compile features - done
[0.705s] -- Found ament_cmake: 0.9.11 (/opt/ros/foxy/share/ament_cmake/cmake)
[0.756s] -- Found PythonInterp: /usr/bin/python3 (found suitable version "3.8.10", minimum required is "3") 
[0.756s] -- Using PYTHON_EXECUTABLE: /usr/bin/python3
[1.064s] -- Override CMake install command with custom implementation using symlinks instead of copying resources
[1.105s] -- Found PkgConfig: /usr/bin/pkg-config (found version "0.29.1") 
[1.115s] -- Checking for module 'bullet>=2.82'
[1.140s] --   Found bullet, version 2.88
[1.366s] -- Found ccd: /usr/include (found suitable version "2.0", minimum required is "2.0") 
[1.466s] -- Found fcl: /usr/include (found suitable version "0.5.0", minimum required is "0.3.2") 
[1.561s] -- Found assimp: /usr/include (found version "5.0.0") 
[1.603s] -- Found DART: /usr/include (Required is at least version "6.6") found components: dart 
[2.037s] -- Found Boost: /usr/lib/x86_64-linux-gnu/cmake/Boost-1.71.0/BoostConfig.cmake (found suitable version "1.71.0", minimum required is "1.40.0") found components: thread system filesystem program_options regex iostreams date_time 
[2.093s] -- Found Protobuf: /usr/lib/x86_64-linux-gnu/libprotobuf.so;-lpthread (found version "3.6.1") 
[2.106s] -- Looking for ignition-math6 -- found version 6.13.0
[2.124s] -- Searching for dependencies of ignition-math6
[2.135s] -- Looking for OGRE...
[2.135s] -- OGRE_PREFIX_WATCH changed.
[2.135s] -- Checking for module 'OGRE'
[2.159s] --   Found OGRE, version 1.9.0
[2.227s] -- Found Ogre Ghadamon (1.9.0)
[2.243s] -- Found OGRE: optimized;/usr/lib/x86_64-linux-gnu/libOgreMain.so;debug;/usr/lib/x86_64-linux-gnu/libOgreMain.so
[2.259s] -- Looking for OGRE_Paging...
[2.270s] -- Found OGRE_Paging: optimized;/usr/lib/x86_64-linux-gnu/libOgrePaging.so;debug;/usr/lib/x86_64-linux-gnu/libOgrePaging.so
[2.270s] -- Looking for OGRE_Terrain...
[2.280s] -- Found OGRE_Terrain: optimized;/usr/lib/x86_64-linux-gnu/libOgreTerrain.so;debug;/usr/lib/x86_64-linux-gnu/libOgreTerrain.so
[2.280s] -- Looking for OGRE_Property...
[2.288s] -- Found OGRE_Property: optimized;/usr/lib/x86_64-linux-gnu/libOgreProperty.so;debug;/usr/lib/x86_64-linux-gnu/libOgreProperty.so
[2.288s] -- Looking for OGRE_RTShaderSystem...
[2.299s] -- Found OGRE_RTShaderSystem: optimized;/usr/lib/x86_64-linux-gnu/libOgreRTShaderSystem.so;debug;/usr/lib/x86_64-linux-gnu/libOgreRTShaderSystem.so
[2.300s] -- Looking for OGRE_Volume...
[2.309s] -- Found OGRE_Volume: optimized;/usr/lib/x86_64-linux-gnu/libOgreVolume.so;debug;/usr/lib/x86_64-linux-gnu/libOgreVolume.so
[2.309s] -- Looking for OGRE_Overlay...
[2.318s] -- Found OGRE_Overlay: optimized;/usr/lib/x86_64-linux-gnu/libOgreOverlay.so;debug;/usr/lib/x86_64-linux-gnu/libOgreOverlay.so
[2.544s] -- Looking for ignition-math6 -- found version 6.13.0
[2.548s] -- Looking for ignition-transport8 -- found version 8.3.0
[2.549s] -- Searching for dependencies of ignition-transport8
[2.593s] -- Found Protobuf: /usr/lib/x86_64-linux-gnu/libprotobuf.so;-lpthread (found suitable version "3.6.1", minimum required is "3") 
[2.625s] -- Config-file not installed for ZeroMQ -- checking for pkg-config
[2.631s] -- Checking for module 'libzmq >= 4'
[2.655s] --   Found libzmq , version 4.3.2
[2.724s] -- Found ZeroMQ: TRUE (Required is at least version "4") 
[2.732s] -- Checking for module 'uuid'
[2.757s] --   Found uuid, version 2.34.0
[2.822s] -- Found UUID: TRUE  
[2.827s] -- Looking for ignition-msgs5 -- found version 5.10.0
[2.827s] -- Searching for dependencies of ignition-msgs5
[2.867s] -- Looking for ignition-math6 -- found version 6.13.0
[2.874s] -- Checking for module 'tinyxml2'
[2.899s] --   Found tinyxml2, version 6.2.0
[2.966s] -- Looking for ignition-msgs5 -- found version 5.10.0
[2.973s] -- Looking for ignition-common3 -- found version 3.14.2
[2.974s] -- Searching for dependencies of ignition-common3
[2.975s] -- Looking for dlfcn.h - found
[2.976s] -- Looking for libdl - found
[2.978s] -- Found DL: TRUE  
[2.991s] -- Searching for <ignition-common3> component [graphics]
[2.996s] -- Looking for ignition-common3-graphics -- found version 3.14.2
[2.997s] -- Searching for dependencies of ignition-common3-graphics
[2.998s] -- Looking for ignition-math6 -- found version 6.13.0
[3.006s] -- Looking for ignition-fuel_tools4 -- found version 4.6.0
[3.006s] -- Searching for dependencies of ignition-fuel_tools4
[3.127s] -- Found CURL: /usr/lib/x86_64-linux-gnu/libcurl.so (found version "7.68.0")  
[3.140s] -- Checking for module 'jsoncpp'
[3.166s] --   Found jsoncpp, version 1.7.4
[3.234s] -- Found JSONCPP: TRUE  
[3.244s] -- Checking for module 'libzip'
[3.269s] --   Found libzip, version 1.5.1
[3.342s] -- Found ZIP: TRUE  
[3.342s] -- Looking for ignition-common3 -- found version 3.14.2
[3.343s] -- Looking for ignition-math6 -- found version 6.13.0
[3.343s] -- Looking for ignition-msgs5 -- found version 5.10.0
[3.352s] -- Found gazebo_ros_pkgs: 3.5.3 (/opt/ros/foxy/share/gazebo_ros_pkgs/cmake)
[3.352s] -- Found geometry_msgs: 2.0.5 (/opt/ros/foxy/share/geometry_msgs/cmake)
[3.393s] -- Using all available rosidl_typesupport_c: rosidl_typesupport_fastrtps_c;rosidl_typesupport_introspection_c
[3.405s] -- Found rosidl_adapter: 1.3.0 (/opt/ros/foxy/share/rosidl_adapter/cmake)
[3.564s] -- Found OpenSSL: /usr/lib/x86_64-linux-gnu/libcrypto.so (found version "1.1.1f")  
[3.618s] -- Found FastRTPS: /opt/ros/foxy/include  
[3.774s] -- Using all available rosidl_typesupport_cpp: rosidl_typesupport_fastrtps_cpp;rosidl_typesupport_introspection_cpp
[3.941s] -- Found nav_msgs: 2.0.5 (/opt/ros/foxy/share/nav_msgs/cmake)
[4.065s] -- Found rclcpp: 2.4.2 (/opt/ros/foxy/share/rclcpp/cmake)
[4.141s] -- Found rmw_implementation_cmake: 1.0.3 (/opt/ros/foxy/share/rmw_implementation_cmake/cmake)
[4.143s] -- Using RMW implementation 'rmw_fastrtps_cpp' as default
[4.146s] -- Found Threads: TRUE  
[4.411s] -- Found sensor_msgs: 2.0.5 (/opt/ros/foxy/share/sensor_msgs/cmake)
[4.551s] -- Found tf2: 0.13.13 (/opt/ros/foxy/share/tf2/cmake)
[4.700s] -- Configuring done
[4.818s] -- Generating done
[4.822s] -- Build files have been written to: /root/researchv2/build/turtlebot3_gazebo
[4.837s] Invoked command in '/root/researchv2/build/turtlebot3_gazebo' returned '0': CMAKE_PREFIX_PATH=/opt/ros/foxy /usr/bin/cmake /root/researchv2/src/turtlebot3_simulations/turtlebot3_gazebo -DAMENT_CMAKE_SYMLINK_INSTALL=1 -DCMAKE_INSTALL_PREFIX=/root/researchv2/install/turtlebot3_gazebo
[4.841s] Invoking command in '/root/researchv2/build/turtlebot3_gazebo': CMAKE_PREFIX_PATH=/opt/ros/foxy /usr/bin/cmake --build /root/researchv2/build/turtlebot3_gazebo -- -j12 -l12
[4.897s] [35m[1mScanning dependencies of target obstacle2[0m
[4.897s] [35m[1mScanning dependencies of target turtlebot3_drive[0m
[4.899s] [35m[1mScanning dependencies of target obstacle1[0m
[4.899s] [35m[1mScanning dependencies of target obstacles[0m
[4.990s] [ 12%] [32mBuilding CXX object CMakeFiles/turtlebot3_drive.dir/src/turtlebot3_drive.cpp.o[0m
[5.335s] [ 25%] [32mBuilding CXX object CMakeFiles/obstacle2.dir/models/turtlebot3_dqn_world/obstacle_plugin/obstacle2.cc.o[0m
[5.341s] [ 37%] [32mBuilding CXX object CMakeFiles/obstacle1.dir/models/turtlebot3_dqn_world/obstacle_plugin/obstacle1.cc.o[0m
[5.356s] [ 50%] [32mBuilding CXX object CMakeFiles/obstacles.dir/models/turtlebot3_dqn_world/obstacle_plugin/obstacles.cc.o[0m
[16.532s] [ 62%] [32m[1mLinking CXX executable turtlebot3_drive[0m
[17.138s] [ 62%] Built target turtlebot3_drive
[21.395s] [ 75%] [32m[1mLinking CXX shared library libobstacle2.so[0m
[21.428s] [ 87%] [32m[1mLinking CXX shared library libobstacles.so[0m
[21.439s] [100%] [32m[1mLinking CXX shared library libobstacle1.so[0m
[22.218s] [100%] Built target obstacle1
[22.231s] [100%] Built target obstacle2
[22.245s] [100%] Built target obstacles
[22.264s] Invoked command in '/root/researchv2/build/turtlebot3_gazebo' returned '0': CMAKE_PREFIX_PATH=/opt/ros/foxy /usr/bin/cmake --build /root/researchv2/build/turtlebot3_gazebo -- -j12 -l12
[22.330s] Invoking command in '/root/researchv2/build/turtlebot3_gazebo': CMAKE_PREFIX_PATH=/opt/ros/foxy /usr/bin/cmake --install /root/researchv2/build/turtlebot3_gazebo
[22.342s] -- Install configuration: ""
[22.343s] -- Execute custom install script
[22.344s] -- Symlinking: /root/researchv2/install/turtlebot3_gazebo/lib/turtlebot3_gazebo/turtlebot3_drive
[22.360s] -- Symlinking: /root/researchv2/install/turtlebot3_gazebo/share/turtlebot3_gazebo//launch/empty_world.launch.py
[22.378s] -- Symlinking: /root/researchv2/install/turtlebot3_gazebo/share/turtlebot3_gazebo//launch/robot_state_publisher.launch.py
[22.393s] -- Symlinking: /root/researchv2/install/turtlebot3_gazebo/share/turtlebot3_gazebo//launch/turtlebot3_autorace.launch.py
[22.407s] -- Symlinking: /root/researchv2/install/turtlebot3_gazebo/share/turtlebot3_gazebo//launch/turtlebot3_dqn_stage1.launch.py
[22.421s] -- Symlinking: /root/researchv2/install/turtlebot3_gazebo/share/turtlebot3_gazebo//launch/turtlebot3_dqn_stage2.launch.py
[22.434s] -- Symlinking: /root/researchv2/install/turtlebot3_gazebo/share/turtlebot3_gazebo//launch/turtlebot3_dqn_stage3.launch.py
[22.447s] -- Symlinking: /root/researchv2/install/turtlebot3_gazebo/share/turtlebot3_gazebo//launch/turtlebot3_dqn_stage4.launch.py
[22.459s] -- Symlinking: /root/researchv2/install/turtlebot3_gazebo/share/turtlebot3_gazebo//launch/turtlebot3_house.launch.py
[22.473s] -- Symlinking: /root/researchv2/install/turtlebot3_gazebo/share/turtlebot3_gazebo//launch/turtlebot3_world.launch.py
[22.488s] -- Symlinking: /root/researchv2/install/turtlebot3_gazebo/share/turtlebot3_gazebo//models/turtlebot3_autorace/course/materials/scripts/course.material
[22.501s] -- Symlinking: /root/researchv2/install/turtlebot3_gazebo/share/turtlebot3_gazebo//models/turtlebot3_autorace/course/materials/textures/course.png
[22.513s] -- Symlinking: /root/researchv2/install/turtlebot3_gazebo/share/turtlebot3_gazebo//models/turtlebot3_autorace/course/model.config
[22.526s] -- Symlinking: /root/researchv2/install/turtlebot3_gazebo/share/turtlebot3_gazebo//models/turtlebot3_autorace/course/model.sdf
[22.538s] -- Symlinking: /root/researchv2/install/turtlebot3_gazebo/share/turtlebot3_gazebo//models/turtlebot3_autorace/ground/model.config
[22.551s] -- Symlinking: /root/researchv2/install/turtlebot3_gazebo/share/turtlebot3_gazebo//models/turtlebot3_autorace/ground/model.sdf
[22.563s] -- Symlinking: /root/researchv2/install/turtlebot3_gazebo/share/turtlebot3_gazebo//models/turtlebot3_autorace/lights/model.config
[22.577s] -- Symlinking: /root/researchv2/install/turtlebot3_gazebo/share/turtlebot3_gazebo//models/turtlebot3_autorace/lights/model.sdf
[22.590s] -- Symlinking: /root/researchv2/install/turtlebot3_gazebo/share/turtlebot3_gazebo//models/turtlebot3_autorace/model.config
[22.606s] -- Symlinking: /root/researchv2/install/turtlebot3_gazebo/share/turtlebot3_gazebo//models/turtlebot3_autorace/traffic_bar_down/materials/scripts/traffic_bar.material
[22.619s] -- Symlinking: /root/researchv2/install/turtlebot3_gazebo/share/turtlebot3_gazebo//models/turtlebot3_autorace/traffic_bar_down/materials/textures/traffic_bar.png
[22.633s] -- Symlinking: /root/researchv2/install/turtlebot3_gazebo/share/turtlebot3_gazebo//models/turtlebot3_autorace/traffic_bar_down/model.config
[22.647s] -- Symlinking: /root/researchv2/install/turtlebot3_gazebo/share/turtlebot3_gazebo//models/turtlebot3_autorace/traffic_bar_down/model.sdf
[22.661s] -- Symlinking: /root/researchv2/install/turtlebot3_gazebo/share/turtlebot3_gazebo//models/turtlebot3_autorace/traffic_bar_up/materials/scripts/traffic_bar.material
[22.676s] -- Symlinking: /root/researchv2/install/turtlebot3_gazebo/share/turtlebot3_gazebo//models/turtlebot3_autorace/traffic_bar_up/materials/textures/traffic_bar.png
[22.692s] -- Symlinking: /root/researchv2/install/turtlebot3_gazebo/share/turtlebot3_gazebo//models/turtlebot3_autorace/traffic_bar_up/model.config
[22.705s] -- Symlinking: /root/researchv2/install/turtlebot3_gazebo/share/turtlebot3_gazebo//models/turtlebot3_autorace/traffic_bar_up/model.sdf
[22.717s] -- Symlinking: /root/researchv2/install/turtlebot3_gazebo/share/turtlebot3_gazebo//models/turtlebot3_autorace/traffic_light_green/model.config
[22.729s] -- Symlinking: /root/researchv2/install/turtlebot3_gazebo/share/turtlebot3_gazebo//models/turtlebot3_autorace/traffic_light_green/model.sdf
[22.740s] -- Symlinking: /root/researchv2/install/turtlebot3_gazebo/share/turtlebot3_gazebo//models/turtlebot3_autorace/traffic_light_red/model.config
[22.752s] -- Symlinking: /root/researchv2/install/turtlebot3_gazebo/share/turtlebot3_gazebo//models/turtlebot3_autorace/traffic_light_red/model.sdf
[22.763s] -- Symlinking: /root/researchv2/install/turtlebot3_gazebo/share/turtlebot3_gazebo//models/turtlebot3_autorace/traffic_light_yellow/model.config
[22.775s] -- Symlinking: /root/researchv2/install/turtlebot3_gazebo/share/turtlebot3_gazebo//models/turtlebot3_autorace/traffic_light_yellow/model.sdf
[22.787s] -- Symlinking: /root/researchv2/install/turtlebot3_gazebo/share/turtlebot3_gazebo//models/turtlebot3_autorace/traffic_parking/materials/scripts/traffic_parking.material
[22.798s] -- Symlinking: /root/researchv2/install/turtlebot3_gazebo/share/turtlebot3_gazebo//models/turtlebot3_autorace/traffic_parking/materials/textures/traffic_parking.png
[22.810s] -- Symlinking: /root/researchv2/install/turtlebot3_gazebo/share/turtlebot3_gazebo//models/turtlebot3_autorace/traffic_parking/model.config
[22.821s] -- Symlinking: /root/researchv2/install/turtlebot3_gazebo/share/turtlebot3_gazebo//models/turtlebot3_autorace/traffic_parking/model.sdf
[22.833s] -- Symlinking: /root/researchv2/install/turtlebot3_gazebo/share/turtlebot3_gazebo//models/turtlebot3_autorace/traffic_stop/materials/scripts/traffic_stop.material
[22.844s] -- Symlinking: /root/researchv2/install/turtlebot3_gazebo/share/turtlebot3_gazebo//models/turtlebot3_autorace/traffic_stop/materials/textures/traffic_stop.png
[22.856s] -- Symlinking: /root/researchv2/install/turtlebot3_gazebo/share/turtlebot3_gazebo//models/turtlebot3_autorace/traffic_stop/model.config
[22.868s] -- Symlinking: /root/researchv2/install/turtlebot3_gazebo/share/turtlebot3_gazebo//models/turtlebot3_autorace/traffic_stop/model.sdf
[22.880s] -- Symlinking: /root/researchv2/install/turtlebot3_gazebo/share/turtlebot3_gazebo//models/turtlebot3_autorace/traffic_tunnel/materials/scripts/tunnel.material
[22.892s] -- Symlinking: /root/researchv2/install/turtlebot3_gazebo/share/turtlebot3_gazebo//models/turtlebot3_autorace/traffic_tunnel/materials/textures/tunnel.png
[22.904s] -- Symlinking: /root/researchv2/install/turtlebot3_gazebo/share/turtlebot3_gazebo//models/turtlebot3_autorace/traffic_tunnel/model.config
[22.915s] -- Symlinking: /root/researchv2/install/turtlebot3_gazebo/share/turtlebot3_gazebo//models/turtlebot3_autorace/traffic_tunnel/model.sdf
[22.928s] -- Symlinking: /root/researchv2/install/turtlebot3_gazebo/share/turtlebot3_gazebo//models/turtlebot3_autorace/tunnel_obstacles/model.config
[22.941s] -- Symlinking: /root/researchv2/install/turtlebot3_gazebo/share/turtlebot3_gazebo//models/turtlebot3_autorace/tunnel_obstacles/model.sdf
[22.954s] -- Symlinking: /root/researchv2/install/turtlebot3_gazebo/share/turtlebot3_gazebo//models/turtlebot3_autorace/tunnel_wall/model.config
[22.966s] -- Symlinking: /root/researchv2/install/turtlebot3_gazebo/share/turtlebot3_gazebo//models/turtlebot3_autorace/tunnel_wall/model.sdf
[22.980s] -- Symlinking: /root/researchv2/install/turtlebot3_gazebo/share/turtlebot3_gazebo//models/turtlebot3_burger/meshes/burger_base.dae
[22.995s] -- Symlinking: /root/researchv2/install/turtlebot3_gazebo/share/turtlebot3_gazebo//models/turtlebot3_burger/meshes/lds.dae
[23.008s] -- Symlinking: /root/researchv2/install/turtlebot3_gazebo/share/turtlebot3_gazebo//models/turtlebot3_burger/meshes/tire.dae
[23.022s] -- Symlinking: /root/researchv2/install/turtlebot3_gazebo/share/turtlebot3_gazebo//models/turtlebot3_burger/model-1_4.sdf
[23.037s] -- Symlinking: /root/researchv2/install/turtlebot3_gazebo/share/turtlebot3_gazebo//models/turtlebot3_burger/model.config
[23.052s] -- Symlinking: /root/researchv2/install/turtlebot3_gazebo/share/turtlebot3_gazebo//models/turtlebot3_burger/model.sdf
[23.069s] -- Symlinking: /root/researchv2/install/turtlebot3_gazebo/share/turtlebot3_gazebo//models/turtlebot3_dqn_world/goal_box/model.config
[23.084s] -- Symlinking: /root/researchv2/install/turtlebot3_gazebo/share/turtlebot3_gazebo//models/turtlebot3_dqn_world/goal_box/model.sdf
[23.099s] -- Symlinking: /root/researchv2/install/turtlebot3_gazebo/share/turtlebot3_gazebo//models/turtlebot3_dqn_world/inner_walls/model.config
[23.113s] -- Symlinking: /root/researchv2/install/turtlebot3_gazebo/share/turtlebot3_gazebo//models/turtlebot3_dqn_world/inner_walls/model.sdf
[23.127s] -- Symlinking: /root/researchv2/install/turtlebot3_gazebo/share/turtlebot3_gazebo//models/turtlebot3_dqn_world/model.config
[23.144s] -- Symlinking: /root/researchv2/install/turtlebot3_gazebo/share/turtlebot3_gazebo//models/turtlebot3_dqn_world/model.sdf
[23.161s] -- Symlinking: /root/researchv2/install/turtlebot3_gazebo/share/turtlebot3_gazebo//models/turtlebot3_dqn_world/obstacle1/model.config
[23.177s] -- Symlinking: /root/researchv2/install/turtlebot3_gazebo/share/turtlebot3_gazebo//models/turtlebot3_dqn_world/obstacle1/model.sdf
[23.193s] -- Symlinking: /root/researchv2/install/turtlebot3_gazebo/share/turtlebot3_gazebo//models/turtlebot3_dqn_world/obstacle2/model.config
[23.207s] -- Symlinking: /root/researchv2/install/turtlebot3_gazebo/share/turtlebot3_gazebo//models/turtlebot3_dqn_world/obstacle2/model.sdf
[23.221s] -- Symlinking: /root/researchv2/install/turtlebot3_gazebo/share/turtlebot3_gazebo//models/turtlebot3_dqn_world/obstacle_plugin/CMakeLists.txt
[23.235s] -- Symlinking: /root/researchv2/install/turtlebot3_gazebo/share/turtlebot3_gazebo//models/turtlebot3_dqn_world/obstacle_plugin/obstacle1.cc
[23.251s] -- Symlinking: /root/researchv2/install/turtlebot3_gazebo/share/turtlebot3_gazebo//models/turtlebot3_dqn_world/obstacle_plugin/obstacle2.cc
[23.265s] -- Symlinking: /root/researchv2/install/turtlebot3_gazebo/share/turtlebot3_gazebo//models/turtlebot3_dqn_world/obstacle_plugin/obstacles.cc
[23.282s] -- Symlinking: /root/researchv2/install/turtlebot3_gazebo/share/turtlebot3_gazebo//models/turtlebot3_dqn_world/obstacles/model.config
[23.298s] -- Symlinking: /root/researchv2/install/turtlebot3_gazebo/share/turtlebot3_gazebo//models/turtlebot3_dqn_world/obstacles/model.sdf
[23.314s] -- Symlinking: /root/researchv2/install/turtlebot3_gazebo/share/turtlebot3_gazebo//models/turtlebot3_house/model.config
[23.330s] -- Symlinking: /root/researchv2/install/turtlebot3_gazebo/share/turtlebot3_gazebo//models/turtlebot3_house/model.sdf
[23.345s] -- Symlinking: /root/researchv2/install/turtlebot3_gazebo/share/turtlebot3_gazebo//models/turtlebot3_waffle/meshes/lds.dae
[23.363s] -- Symlinking: /root/researchv2/install/turtlebot3_gazebo/share/turtlebot3_gazebo//models/turtlebot3_waffle/meshes/r200.dae
[23.380s] -- Symlinking: /root/researchv2/install/turtlebot3_gazebo/share/turtlebot3_gazebo//models/turtlebot3_waffle/meshes/tire.dae
[23.395s] -- Symlinking: /root/researchv2/install/turtlebot3_gazebo/share/turtlebot3_gazebo//models/turtlebot3_waffle/meshes/waffle_base.dae
[23.409s] -- Symlinking: /root/researchv2/install/turtlebot3_gazebo/share/turtlebot3_gazebo//models/turtlebot3_waffle/model-1_4.sdf
[23.423s] -- Symlinking: /root/researchv2/install/turtlebot3_gazebo/share/turtlebot3_gazebo//models/turtlebot3_waffle/model.config
[23.436s] -- Symlinking: /root/researchv2/install/turtlebot3_gazebo/share/turtlebot3_gazebo//models/turtlebot3_waffle/model.sdf
[23.449s] -- Symlinking: /root/researchv2/install/turtlebot3_gazebo/share/turtlebot3_gazebo//models/turtlebot3_waffle_pi/meshes/lds.dae
[23.462s] -- Symlinking: /root/researchv2/install/turtlebot3_gazebo/share/turtlebot3_gazebo//models/turtlebot3_waffle_pi/meshes/tire.dae
[23.476s] -- Symlinking: /root/researchv2/install/turtlebot3_gazebo/share/turtlebot3_gazebo//models/turtlebot3_waffle_pi/meshes/waffle_pi_base.dae
[23.490s] -- Symlinking: /root/researchv2/install/turtlebot3_gazebo/share/turtlebot3_gazebo//models/turtlebot3_waffle_pi/model-1_4_.sdf
[23.503s] -- Symlinking: /root/researchv2/install/turtlebot3_gazebo/share/turtlebot3_gazebo//models/turtlebot3_waffle_pi/model.config
[23.516s] -- Symlinking: /root/researchv2/install/turtlebot3_gazebo/share/turtlebot3_gazebo//models/turtlebot3_waffle_pi/model.sdf
[23.529s] -- Symlinking: /root/researchv2/install/turtlebot3_gazebo/share/turtlebot3_gazebo//models/turtlebot3_world/meshes/hexagon.dae
[23.543s] -- Symlinking: /root/researchv2/install/turtlebot3_gazebo/share/turtlebot3_gazebo//models/turtlebot3_world/meshes/wall.dae
[23.555s] -- Symlinking: /root/researchv2/install/turtlebot3_gazebo/share/turtlebot3_gazebo//models/turtlebot3_world/model-1_4.sdf
[23.569s] -- Symlinking: /root/researchv2/install/turtlebot3_gazebo/share/turtlebot3_gazebo//models/turtlebot3_world/model.config
[23.582s] -- Symlinking: /root/researchv2/install/turtlebot3_gazebo/share/turtlebot3_gazebo//models/turtlebot3_world/model.sdf
[23.595s] -- Symlinking: /root/researchv2/install/turtlebot3_gazebo/share/turtlebot3_gazebo//rviz/tb3_gazebo.rviz
[23.610s] -- Symlinking: /root/researchv2/install/turtlebot3_gazebo/share/turtlebot3_gazebo//worlds/empty_worlds/burger.model
[23.623s] -- Symlinking: /root/researchv2/install/turtlebot3_gazebo/share/turtlebot3_gazebo//worlds/empty_worlds/waffle.model
[23.636s] -- Symlinking: /root/researchv2/install/turtlebot3_gazebo/share/turtlebot3_gazebo//worlds/empty_worlds/waffle_pi.model
[23.650s] -- Symlinking: /root/researchv2/install/turtlebot3_gazebo/share/turtlebot3_gazebo//worlds/turtlebot3_autoraces/burger.model
[23.662s] -- Symlinking: /root/researchv2/install/turtlebot3_gazebo/share/turtlebot3_gazebo//worlds/turtlebot3_autoraces/waffle.model
[23.675s] -- Symlinking: /root/researchv2/install/turtlebot3_gazebo/share/turtlebot3_gazebo//worlds/turtlebot3_autoraces/waffle_pi.model
[23.688s] -- Symlinking: /root/researchv2/install/turtlebot3_gazebo/share/turtlebot3_gazebo//worlds/turtlebot3_dqn_stage1/burger.model
[23.703s] -- Symlinking: /root/researchv2/install/turtlebot3_gazebo/share/turtlebot3_gazebo//worlds/turtlebot3_dqn_stage1/waffle.model
[23.719s] -- Symlinking: /root/researchv2/install/turtlebot3_gazebo/share/turtlebot3_gazebo//worlds/turtlebot3_dqn_stage1/waffle_pi.model
[23.734s] -- Symlinking: /root/researchv2/install/turtlebot3_gazebo/share/turtlebot3_gazebo//worlds/turtlebot3_dqn_stage2/burger.model
[23.749s] -- Symlinking: /root/researchv2/install/turtlebot3_gazebo/share/turtlebot3_gazebo//worlds/turtlebot3_dqn_stage2/waffle.model
[23.765s] -- Symlinking: /root/researchv2/install/turtlebot3_gazebo/share/turtlebot3_gazebo//worlds/turtlebot3_dqn_stage2/waffle_pi.model
[23.781s] -- Symlinking: /root/researchv2/install/turtlebot3_gazebo/share/turtlebot3_gazebo//worlds/turtlebot3_dqn_stage3/burger.model
[23.796s] -- Symlinking: /root/researchv2/install/turtlebot3_gazebo/share/turtlebot3_gazebo//worlds/turtlebot3_dqn_stage3/waffle.model
[23.813s] -- Symlinking: /root/researchv2/install/turtlebot3_gazebo/share/turtlebot3_gazebo//worlds/turtlebot3_dqn_stage3/waffle_pi.model
[23.828s] -- Symlinking: /root/researchv2/install/turtlebot3_gazebo/share/turtlebot3_gazebo//worlds/turtlebot3_dqn_stage4/burger.model
[23.844s] -- Symlinking: /root/researchv2/install/turtlebot3_gazebo/share/turtlebot3_gazebo//worlds/turtlebot3_dqn_stage4/waffle.model
[23.858s] -- Symlinking: /root/researchv2/install/turtlebot3_gazebo/share/turtlebot3_gazebo//worlds/turtlebot3_dqn_stage4/waffle_pi.model
[23.872s] -- Symlinking: /root/researchv2/install/turtlebot3_gazebo/share/turtlebot3_gazebo//worlds/turtlebot3_houses/burger.model
[23.887s] -- Symlinking: /root/researchv2/install/turtlebot3_gazebo/share/turtlebot3_gazebo//worlds/turtlebot3_houses/waffle.model
[23.903s] -- Symlinking: /root/researchv2/install/turtlebot3_gazebo/share/turtlebot3_gazebo//worlds/turtlebot3_houses/waffle_pi.model
[23.919s] -- Symlinking: /root/researchv2/install/turtlebot3_gazebo/share/turtlebot3_gazebo//worlds/turtlebot3_worlds/burger.model
[23.934s] -- Symlinking: /root/researchv2/install/turtlebot3_gazebo/share/turtlebot3_gazebo//worlds/turtlebot3_worlds/waffle.model
[23.951s] -- Symlinking: /root/researchv2/install/turtlebot3_gazebo/share/turtlebot3_gazebo//worlds/turtlebot3_worlds/waffle_pi.model
[23.968s] -- Symlinking: /root/researchv2/install/turtlebot3_gazebo/include//turtlebot3_gazebo/turtlebot3_drive.hpp
[23.989s] -- Symlinking: /root/researchv2/install/turtlebot3_gazebo/share/ament_index/resource_index/package_run_dependencies/turtlebot3_gazebo
[24.007s] -- Symlinking: /root/researchv2/install/turtlebot3_gazebo/share/ament_index/resource_index/parent_prefix_path/turtlebot3_gazebo
[24.023s] -- Symlinking: /root/researchv2/install/turtlebot3_gazebo/share/turtlebot3_gazebo/environment/ament_prefix_path.sh
[24.040s] -- Symlinking: /root/researchv2/install/turtlebot3_gazebo/share/turtlebot3_gazebo/environment/ament_prefix_path.dsv
[24.054s] -- Symlinking: /root/researchv2/install/turtlebot3_gazebo/share/turtlebot3_gazebo/environment/path.sh
[24.069s] -- Symlinking: /root/researchv2/install/turtlebot3_gazebo/share/turtlebot3_gazebo/environment/path.dsv
[24.083s] -- Symlinking: /root/researchv2/install/turtlebot3_gazebo/share/turtlebot3_gazebo/local_setup.bash
[24.097s] -- Symlinking: /root/researchv2/install/turtlebot3_gazebo/share/turtlebot3_gazebo/local_setup.sh
[24.111s] -- Symlinking: /root/researchv2/install/turtlebot3_gazebo/share/turtlebot3_gazebo/local_setup.zsh
[24.126s] -- Symlinking: /root/researchv2/install/turtlebot3_gazebo/share/turtlebot3_gazebo/local_setup.dsv
[24.139s] -- Symlinking: /root/researchv2/install/turtlebot3_gazebo/share/turtlebot3_gazebo/package.dsv
[24.153s] -- Symlinking: /root/researchv2/install/turtlebot3_gazebo/share/ament_index/resource_index/packages/turtlebot3_gazebo
[24.167s] -- Symlinking: /root/researchv2/install/turtlebot3_gazebo/share/turtlebot3_gazebo/cmake/ament_cmake_export_include_directories-extras.cmake
[24.182s] -- Symlinking: /root/researchv2/install/turtlebot3_gazebo/share/turtlebot3_gazebo/cmake/ament_cmake_export_dependencies-extras.cmake
[24.198s] -- Symlinking: /root/researchv2/install/turtlebot3_gazebo/share/turtlebot3_gazebo/cmake/turtlebot3_gazeboConfig.cmake
[24.215s] -- Symlinking: /root/researchv2/install/turtlebot3_gazebo/share/turtlebot3_gazebo/cmake/turtlebot3_gazeboConfig-version.cmake
[24.232s] -- Symlinking: /root/researchv2/install/turtlebot3_gazebo/share/turtlebot3_gazebo/package.xml
[24.257s] Invoked command in '/root/researchv2/build/turtlebot3_gazebo' returned '0': CMAKE_PREFIX_PATH=/opt/ros/foxy /usr/bin/cmake --install /root/researchv2/build/turtlebot3_gazebo
