[0.118s] Invoking command in '/root/researchv2/build/diagnostic_updater': CMAKE_PREFIX_PATH=${CMAKE_PREFIX_PATH}:/root/researchv2/install/chaser_system:/opt/ros/galactic /usr/bin/cmake --build /root/researchv2/build/diagnostic_updater -- -j12 -l12
[0.246s] [ 25%] Built target gtest_main
[0.268s] [ 25%] Built target ament_cmake_python_copy_diagnostic_updater
[0.271s] [ 50%] Built target example
[0.286s] [ 75%] Built target gtest
[0.428s] [100%] Built target diagnostic_updater_test
[0.991s] running egg_info
[0.991s] writing diagnostic_updater.egg-info/PKG-INFO
[0.992s] writing dependency_links to diagnostic_updater.egg-info/dependency_links.txt
[0.992s] writing top-level names to diagnostic_updater.egg-info/top_level.txt
[1.082s] reading manifest file 'diagnostic_updater.egg-info/SOURCES.txt'
[1.082s] writing manifest file 'diagnostic_updater.egg-info/SOURCES.txt'
[1.127s] [100%] Built target ament_cmake_python_build_diagnostic_updater_egg
[1.168s] Invoked command in '/root/researchv2/build/diagnostic_updater' returned '0': CMAKE_PREFIX_PATH=${CMAKE_PREFIX_PATH}:/root/researchv2/install/chaser_system:/opt/ros/galactic /usr/bin/cmake --build /root/researchv2/build/diagnostic_updater -- -j12 -l12
[1.265s] Invoking command in '/root/researchv2/build/diagnostic_updater': CMAKE_PREFIX_PATH=${CMAKE_PREFIX_PATH}:/root/researchv2/install/chaser_system:/opt/ros/galactic /usr/bin/cmake --install /root/researchv2/build/diagnostic_updater
[1.282s] -- Install configuration: ""
[1.283s] -- Up-to-date: /root/researchv2/install/diagnostic_updater/share/diagnostic_updater/environment/pythonpath.sh
[1.283s] -- Up-to-date: /root/researchv2/install/diagnostic_updater/share/diagnostic_updater/environment/pythonpath.dsv
[1.283s] -- Up-to-date: /root/researchv2/install/diagnostic_updater/lib/python3.8/site-packages//diagnostic_updater.egg-info
[1.284s] -- Installing: /root/researchv2/install/diagnostic_updater/lib/python3.8/site-packages//diagnostic_updater.egg-info/PKG-INFO
[1.284s] -- Installing: /root/researchv2/install/diagnostic_updater/lib/python3.8/site-packages//diagnostic_updater.egg-info/top_level.txt
[1.285s] -- Installing: /root/researchv2/install/diagnostic_updater/lib/python3.8/site-packages//diagnostic_updater.egg-info/SOURCES.txt
[1.285s] -- Installing: /root/researchv2/install/diagnostic_updater/lib/python3.8/site-packages//diagnostic_updater.egg-info/dependency_links.txt
[1.285s] -- Up-to-date: /root/researchv2/install/diagnostic_updater/lib/python3.8/site-packages/diagnostic_updater
[1.285s] -- Up-to-date: /root/researchv2/install/diagnostic_updater/lib/python3.8/site-packages/diagnostic_updater/_update_functions.py
[1.286s] -- Up-to-date: /root/researchv2/install/diagnostic_updater/lib/python3.8/site-packages/diagnostic_updater/_diagnostic_status_wrapper.py
[1.286s] -- Up-to-date: /root/researchv2/install/diagnostic_updater/lib/python3.8/site-packages/diagnostic_updater/_publisher.py
[1.287s] -- Up-to-date: /root/researchv2/install/diagnostic_updater/lib/python3.8/site-packages/diagnostic_updater/example.py
[1.287s] -- Up-to-date: /root/researchv2/install/diagnostic_updater/lib/python3.8/site-packages/diagnostic_updater/_diagnostic_updater.py
[1.287s] -- Up-to-date: /root/researchv2/install/diagnostic_updater/lib/python3.8/site-packages/diagnostic_updater/__init__.py
[1.332s] Listing '/root/researchv2/install/diagnostic_updater/lib/python3.8/site-packages/diagnostic_updater'...
[1.352s] -- Up-to-date: /root/researchv2/install/diagnostic_updater/lib/diagnostic_updater/example.py
[1.353s] -- Up-to-date: /root/researchv2/install/diagnostic_updater/lib/diagnostic_updater/example
[1.353s] -- Up-to-date: /root/researchv2/install/diagnostic_updater/include
[1.353s] -- Up-to-date: /root/researchv2/install/diagnostic_updater/include/diagnostic_updater
[1.354s] -- Up-to-date: /root/researchv2/install/diagnostic_updater/include/diagnostic_updater/diagnostic_status_wrapper.hpp
[1.354s] -- Up-to-date: /root/researchv2/install/diagnostic_updater/include/diagnostic_updater/diagnostic_updater.hpp
[1.354s] -- Up-to-date: /root/researchv2/install/diagnostic_updater/include/diagnostic_updater/publisher.hpp
[1.354s] -- Up-to-date: /root/researchv2/install/diagnostic_updater/include/diagnostic_updater/update_functions.hpp
[1.355s] -- Up-to-date: /root/researchv2/install/diagnostic_updater/share/ament_index/resource_index/package_run_dependencies/diagnostic_updater
[1.355s] -- Up-to-date: /root/researchv2/install/diagnostic_updater/share/ament_index/resource_index/parent_prefix_path/diagnostic_updater
[1.355s] -- Up-to-date: /root/researchv2/install/diagnostic_updater/share/diagnostic_updater/environment/ament_prefix_path.sh
[1.355s] -- Up-to-date: /root/researchv2/install/diagnostic_updater/share/diagnostic_updater/environment/ament_prefix_path.dsv
[1.356s] -- Up-to-date: /root/researchv2/install/diagnostic_updater/share/diagnostic_updater/environment/path.sh
[1.356s] -- Up-to-date: /root/researchv2/install/diagnostic_updater/share/diagnostic_updater/environment/path.dsv
[1.362s] -- Up-to-date: /root/researchv2/install/diagnostic_updater/share/diagnostic_updater/local_setup.bash
[1.363s] -- Up-to-date: /root/researchv2/install/diagnostic_updater/share/diagnostic_updater/local_setup.sh
[1.363s] -- Up-to-date: /root/researchv2/install/diagnostic_updater/share/diagnostic_updater/local_setup.zsh
[1.363s] -- Up-to-date: /root/researchv2/install/diagnostic_updater/share/diagnostic_updater/local_setup.dsv
[1.364s] -- Installing: /root/researchv2/install/diagnostic_updater/share/diagnostic_updater/package.dsv
[1.364s] -- Up-to-date: /root/researchv2/install/diagnostic_updater/share/ament_index/resource_index/packages/diagnostic_updater
[1.365s] -- Up-to-date: /root/researchv2/install/diagnostic_updater/share/diagnostic_updater/cmake/ament_cmake_export_include_directories-extras.cmake
[1.365s] -- Up-to-date: /root/researchv2/install/diagnostic_updater/share/diagnostic_updater/cmake/ament_cmake_export_dependencies-extras.cmake
[1.366s] -- Up-to-date: /root/researchv2/install/diagnostic_updater/share/diagnostic_updater/cmake/diagnostic_updaterConfig.cmake
[1.366s] -- Up-to-date: /root/researchv2/install/diagnostic_updater/share/diagnostic_updater/cmake/diagnostic_updaterConfig-version.cmake
[1.367s] -- Up-to-date: /root/researchv2/install/diagnostic_updater/share/diagnostic_updater/package.xml
[1.405s] Invoked command in '/root/researchv2/build/diagnostic_updater' returned '0': CMAKE_PREFIX_PATH=${CMAKE_PREFIX_PATH}:/root/researchv2/install/chaser_system:/opt/ros/galactic /usr/bin/cmake --install /root/researchv2/build/diagnostic_updater
