[0.844s] Invoking command in '/root/researchv2/src/chaser_system': AMENT_PREFIX_PATH=/root/researchv2/install/mymsg:${AMENT_PREFIX_PATH} CMAKE_PREFIX_PATH=/root/researchv2/install/mymsg LD_LIBRARY_PATH=/root/researchv2/install/mymsg/lib:${LD_LIBRARY_PATH} PYTHONPATH=/root/researchv2/build/chaser_system/prefix_override:/root/researchv2/install/chaser_system/lib/python3.8/site-packages:/root/researchv2/install/mymsg/lib/python3.8/site-packages:${PYTHONPATH} /usr/bin/python3 setup.py egg_info --egg-base ../../build/chaser_system build --build-base /root/researchv2/build/chaser_system/build install --record /root/researchv2/build/chaser_system/install.log --install-scripts $base/lib/chaser_system --single-version-externally-managed
[1.061s] running egg_info
[1.061s] writing ../../build/chaser_system/chaser_system.egg-info/PKG-INFO
[1.068s] writing dependency_links to ../../build/chaser_system/chaser_system.egg-info/dependency_links.txt
[1.068s] writing entry points to ../../build/chaser_system/chaser_system.egg-info/entry_points.txt
[1.068s] writing requirements to ../../build/chaser_system/chaser_system.egg-info/requires.txt
[1.068s] writing top-level names to ../../build/chaser_system/chaser_system.egg-info/top_level.txt
[1.098s] reading manifest file '../../build/chaser_system/chaser_system.egg-info/SOURCES.txt'
[1.098s] writing manifest file '../../build/chaser_system/chaser_system.egg-info/SOURCES.txt'
[1.098s] running build
[1.099s] running build_py
[1.099s] copying chaser_system/person_check.py -> /root/researchv2/build/chaser_system/build/lib/chaser_system
[1.099s] running install
[1.100s] running install_lib
[1.101s] copying /root/researchv2/build/chaser_system/build/lib/chaser_system/person_check.py -> /root/researchv2/install/chaser_system/lib/python3.8/site-packages/chaser_system
[1.102s] byte-compiling /root/researchv2/install/chaser_system/lib/python3.8/site-packages/chaser_system/person_check.py to person_check.cpython-38.pyc
[1.104s] running install_data
[1.105s] running install_egg_info
[1.106s] removing '/root/researchv2/install/chaser_system/lib/python3.8/site-packages/chaser_system-0.0.0-py3.8.egg-info' (and everything under it)
[1.106s] Copying ../../build/chaser_system/chaser_system.egg-info to /root/researchv2/install/chaser_system/lib/python3.8/site-packages/chaser_system-0.0.0-py3.8.egg-info
[1.107s] running install_scripts
[1.121s] Installing image_inputer script to /root/researchv2/install/chaser_system/lib/chaser_system
[1.121s] Installing person_check script to /root/researchv2/install/chaser_system/lib/chaser_system
[1.121s] Installing pose_tf2 script to /root/researchv2/install/chaser_system/lib/chaser_system
[1.121s] Installing raise_navi script to /root/researchv2/install/chaser_system/lib/chaser_system
[1.121s] Installing rgbd_generator script to /root/researchv2/install/chaser_system/lib/chaser_system
[1.121s] Installing three_d_pose_analysis script to /root/researchv2/install/chaser_system/lib/chaser_system
[1.121s] Installing xbox script to /root/researchv2/install/chaser_system/lib/chaser_system
[1.122s] writing list of installed files to '/root/researchv2/build/chaser_system/install.log'
[1.138s] Invoked command in '/root/researchv2/src/chaser_system' returned '0': AMENT_PREFIX_PATH=/root/researchv2/install/mymsg:${AMENT_PREFIX_PATH} CMAKE_PREFIX_PATH=/root/researchv2/install/mymsg LD_LIBRARY_PATH=/root/researchv2/install/mymsg/lib:${LD_LIBRARY_PATH} PYTHONPATH=/root/researchv2/build/chaser_system/prefix_override:/root/researchv2/install/chaser_system/lib/python3.8/site-packages:/root/researchv2/install/mymsg/lib/python3.8/site-packages:${PYTHONPATH} /usr/bin/python3 setup.py egg_info --egg-base ../../build/chaser_system build --build-base /root/researchv2/build/chaser_system/build install --record /root/researchv2/build/chaser_system/install.log --install-scripts $base/lib/chaser_system --single-version-externally-managed
