[0.026s] Invoking command in '/root/researchv2/build/mymsg': CMAKE_PREFIX_PATH=/opt/ros/foxy /usr/bin/cmake /root/researchv2/src/mymsg -DCMAKE_INSTALL_PREFIX=/root/researchv2/install/mymsg
[0.083s] -- The C compiler identification is GNU 9.4.0
[0.134s] -- The CXX compiler identification is GNU 9.4.0
[0.138s] -- Check for working C compiler: /usr/bin/cc
[0.205s] -- Check for working C compiler: /usr/bin/cc -- works
[0.206s] -- Detecting C compiler ABI info
[0.280s] -- Detecting C compiler ABI info - done
[0.293s] -- Detecting C compile features
[0.293s] -- Detecting C compile features - done
[0.295s] -- Check for working CXX compiler: /usr/bin/c++
[0.372s] -- Check for working CXX compiler: /usr/bin/c++ -- works
[0.374s] -- Detecting CXX compiler ABI info
[0.455s] -- Detecting CXX compiler ABI info - done
[0.465s] -- Detecting CXX compile features
[0.466s] -- Detecting CXX compile features - done
[0.468s] -- Found ament_cmake: 0.9.11 (/opt/ros/foxy/share/ament_cmake/cmake)
[0.494s] -- Found PythonInterp: /usr/bin/python3 (found suitable version "3.8.10", minimum required is "3") 
[0.494s] -- Using PYTHON_EXECUTABLE: /usr/bin/python3
[0.748s] -- Found geometry_msgs: 2.0.5 (/opt/ros/foxy/share/geometry_msgs/cmake)
[0.795s] -- Using all available rosidl_typesupport_c: rosidl_typesupport_fastrtps_c;rosidl_typesupport_introspection_c
[0.802s] -- Found rosidl_adapter: 1.3.0 (/opt/ros/foxy/share/rosidl_adapter/cmake)
[0.924s] -- Found OpenSSL: /usr/lib/x86_64-linux-gnu/libcrypto.so (found version "1.1.1f")  
[0.967s] -- Found FastRTPS: /opt/ros/foxy/include  
[1.101s] -- Using all available rosidl_typesupport_cpp: rosidl_typesupport_fastrtps_cpp;rosidl_typesupport_introspection_cpp
[1.214s] -- Found rosidl_default_generators: 1.0.1 (/opt/ros/foxy/share/rosidl_default_generators/cmake)
[1.229s] -- Found sensor_msgs: 2.0.5 (/opt/ros/foxy/share/sensor_msgs/cmake)
[1.314s] -- Found visualization_msgs: 2.0.5 (/opt/ros/foxy/share/visualization_msgs/cmake)
[1.409s] -- Found nav_msgs: 2.0.5 (/opt/ros/foxy/share/nav_msgs/cmake)
[1.538s] -- Found PythonInterp: /usr/bin/python3 (found version "3.8.10") 
[1.858s] -- Found ament_cmake_ros: 0.9.2 (/opt/ros/foxy/share/ament_cmake_ros/cmake)
[2.297s] -- Using all available rosidl_typesupport_c: rosidl_typesupport_fastrtps_c;rosidl_typesupport_introspection_c
[2.523s] -- Using all available rosidl_typesupport_cpp: rosidl_typesupport_fastrtps_cpp;rosidl_typesupport_introspection_cpp
[2.561s] -- Found PythonInterp: /usr/bin/python3 (found suitable version "3.8.10", minimum required is "3.5") 
[2.563s] -- Found python_cmake_module: 0.8.1 (/opt/ros/foxy/share/python_cmake_module/cmake)
[2.607s] -- Found PythonLibs: /usr/lib/x86_64-linux-gnu/libpython3.8.so (found suitable version "3.8.10", minimum required is "3.5") 
[2.607s] -- Using PYTHON_EXECUTABLE: /usr/bin/python3
[2.608s] -- Using PYTHON_INCLUDE_DIRS: /usr/include/python3.8
[2.608s] -- Using PYTHON_LIBRARIES: /usr/lib/x86_64-linux-gnu/libpython3.8.so
[2.655s] -- Found PythonExtra: .so  
[2.802s] -- Found ament_lint_auto: 0.9.7 (/opt/ros/foxy/share/ament_lint_auto/cmake)
[2.841s] -- Added test 'copyright' to check source files copyright and LICENSE
[2.844s] -- Added test 'flake8' to check Python code syntax and style conventions
[2.845s] -- Added test 'lint_cmake' to check CMake code style
[2.846s] -- Added test 'pep257' to check Python code against some of the style conventions in PEP 257
[2.848s] -- Added test 'xmllint' to check XML markup files
[2.856s] -- Configuring done
[3.005s] -- Generating done
[3.012s] -- Build files have been written to: /root/researchv2/build/mymsg
[3.023s] Invoked command in '/root/researchv2/build/mymsg' returned '0': CMAKE_PREFIX_PATH=/opt/ros/foxy /usr/bin/cmake /root/researchv2/src/mymsg -DCMAKE_INSTALL_PREFIX=/root/researchv2/install/mymsg
[3.027s] Invoking command in '/root/researchv2/build/mymsg': CMAKE_PREFIX_PATH=/opt/ros/foxy /usr/bin/cmake --build /root/researchv2/build/mymsg -- -j12 -l12
[3.087s] [35m[1mScanning dependencies of target mymsg__cpp[0m
[3.089s] [  1%] [34m[1mGenerating C code for ROS interfaces[0m
[3.105s] [  2%] [34m[1mGenerating C++ code for ROS interfaces[0m
[3.556s] [  2%] Built target mymsg__cpp
[3.574s] [  7%] [34m[1mGenerating C++ type support dispatch for ROS interfaces[0m
[3.574s] [  7%] [34m[1mGenerating C++ type support for eProsima Fast-RTPS[0m
[3.574s] [  7%] [34m[1mGenerating C++ introspection for ROS interfaces[0m
[3.618s] [35m[1mScanning dependencies of target mymsg__rosidl_generator_c[0m
[3.649s] [  8%] [32mBuilding C object CMakeFiles/mymsg__rosidl_generator_c.dir/rosidl_generator_c/mymsg/msg/detail/pose__functions.c.o[0m
[3.649s] [  9%] [32mBuilding C object CMakeFiles/mymsg__rosidl_generator_c.dir/rosidl_generator_c/mymsg/msg/detail/poses__functions.c.o[0m
[3.651s] [ 12%] [32mBuilding C object CMakeFiles/mymsg__rosidl_generator_c.dir/rosidl_generator_c/mymsg/msg/detail/transform__functions.c.o[0m
[3.651s] [ 12%] [32mBuilding C object CMakeFiles/mymsg__rosidl_generator_c.dir/rosidl_generator_c/mymsg/msg/detail/multi_transform__functions.c.o[0m
[3.652s] [ 14%] [32mBuilding C object CMakeFiles/mymsg__rosidl_generator_c.dir/rosidl_generator_c/mymsg/srv/detail/waypoints__functions.c.o[0m
[3.661s] [ 15%] [32mBuilding C object CMakeFiles/mymsg__rosidl_generator_c.dir/rosidl_generator_c/mymsg/srv/detail/imagedata__functions.c.o[0m
[3.769s] [ 16%] [32m[1mLinking C shared library libmymsg__rosidl_generator_c.so[0m
[3.822s] [ 16%] Built target mymsg__rosidl_generator_c
[3.836s] [ 18%] [34m[1mGenerating C type support dispatch for ROS interfaces[0m
[3.836s] [ 19%] [34m[1mGenerating C introspection for ROS interfaces[0m
[4.055s] [35m[1mScanning dependencies of target mymsg__rosidl_typesupport_cpp[0m
[4.083s] [ 21%] [32mBuilding CXX object CMakeFiles/mymsg__rosidl_typesupport_cpp.dir/rosidl_typesupport_cpp/mymsg/msg/poses__type_support.cpp.o[0m
[4.084s] [ 23%] [32mBuilding CXX object CMakeFiles/mymsg__rosidl_typesupport_cpp.dir/rosidl_typesupport_cpp/mymsg/msg/pose__type_support.cpp.o[0m
[4.084s] [ 23%] [32mBuilding CXX object CMakeFiles/mymsg__rosidl_typesupport_cpp.dir/rosidl_typesupport_cpp/mymsg/msg/transform__type_support.cpp.o[0m
[4.086s] [ 25%] [32mBuilding CXX object CMakeFiles/mymsg__rosidl_typesupport_cpp.dir/rosidl_typesupport_cpp/mymsg/msg/multi_transform__type_support.cpp.o[0m
[4.089s] [ 26%] [32mBuilding CXX object CMakeFiles/mymsg__rosidl_typesupport_cpp.dir/rosidl_typesupport_cpp/mymsg/srv/waypoints__type_support.cpp.o[0m
[4.095s] [ 28%] [32mBuilding CXX object CMakeFiles/mymsg__rosidl_typesupport_cpp.dir/rosidl_typesupport_cpp/mymsg/srv/imagedata__type_support.cpp.o[0m
[4.320s] [35m[1mScanning dependencies of target mymsg__rosidl_typesupport_fastrtps_cpp[0m
[4.328s] [35m[1mScanning dependencies of target mymsg__rosidl_typesupport_c[0m
[4.349s] [35m[1mScanning dependencies of target mymsg__rosidl_typesupport_introspection_cpp[0m
[4.372s] [ 29%] [32mBuilding CXX object CMakeFiles/mymsg__rosidl_typesupport_c.dir/rosidl_typesupport_c/mymsg/msg/pose__type_support.cpp.o[0m
[4.382s] [ 30%] [32mBuilding CXX object CMakeFiles/mymsg__rosidl_typesupport_c.dir/rosidl_typesupport_c/mymsg/msg/poses__type_support.cpp.o[0m
[4.385s] [ 32%] [32mBuilding CXX object CMakeFiles/mymsg__rosidl_typesupport_c.dir/rosidl_typesupport_c/mymsg/msg/transform__type_support.cpp.o[0m
[4.389s] [ 33%] [32mBuilding CXX object CMakeFiles/mymsg__rosidl_typesupport_introspection_cpp.dir/rosidl_typesupport_introspection_cpp/mymsg/msg/detail/pose__type_support.cpp.o[0m
[4.398s] [ 35%] [32mBuilding CXX object CMakeFiles/mymsg__rosidl_typesupport_fastrtps_cpp.dir/rosidl_typesupport_fastrtps_cpp/mymsg/msg/detail/dds_fastrtps/pose__type_support.cpp.o[0m
[4.497s] [ 36%] [32mBuilding CXX object CMakeFiles/mymsg__rosidl_typesupport_introspection_cpp.dir/rosidl_typesupport_introspection_cpp/mymsg/msg/detail/poses__type_support.cpp.o[0m
[4.507s] [ 38%] [32mBuilding CXX object CMakeFiles/mymsg__rosidl_typesupport_fastrtps_cpp.dir/rosidl_typesupport_fastrtps_cpp/mymsg/msg/detail/dds_fastrtps/poses__type_support.cpp.o[0m
[4.547s] [ 39%] [32mBuilding CXX object CMakeFiles/mymsg__rosidl_typesupport_c.dir/rosidl_typesupport_c/mymsg/msg/multi_transform__type_support.cpp.o[0m
[4.582s] [ 40%] [32mBuilding CXX object CMakeFiles/mymsg__rosidl_typesupport_introspection_cpp.dir/rosidl_typesupport_introspection_cpp/mymsg/msg/detail/transform__type_support.cpp.o[0m
[4.591s] [ 42%] [32mBuilding CXX object CMakeFiles/mymsg__rosidl_typesupport_introspection_cpp.dir/rosidl_typesupport_introspection_cpp/mymsg/msg/detail/multi_transform__type_support.cpp.o[0m
[4.593s] [ 43%] [32mBuilding CXX object CMakeFiles/mymsg__rosidl_typesupport_c.dir/rosidl_typesupport_c/mymsg/srv/imagedata__type_support.cpp.o[0m
[4.601s] [ 45%] [32mBuilding CXX object CMakeFiles/mymsg__rosidl_typesupport_introspection_cpp.dir/rosidl_typesupport_introspection_cpp/mymsg/srv/detail/imagedata__type_support.cpp.o[0m
[4.630s] [35m[1mScanning dependencies of target mymsg__rosidl_typesupport_introspection_c[0m
[4.646s] [ 46%] [32mBuilding CXX object CMakeFiles/mymsg__rosidl_typesupport_introspection_cpp.dir/rosidl_typesupport_introspection_cpp/mymsg/srv/detail/waypoints__type_support.cpp.o[0m
[4.660s] [ 47%] [32m[1mLinking CXX shared library libmymsg__rosidl_typesupport_cpp.so[0m
[4.666s] [ 49%] [32mBuilding CXX object CMakeFiles/mymsg__rosidl_typesupport_c.dir/rosidl_typesupport_c/mymsg/srv/waypoints__type_support.cpp.o[0m
[4.676s] [ 50%] [32mBuilding CXX object CMakeFiles/mymsg__rosidl_typesupport_fastrtps_cpp.dir/rosidl_typesupport_fastrtps_cpp/mymsg/msg/detail/dds_fastrtps/transform__type_support.cpp.o[0m
[4.754s] [ 52%] [32mBuilding C object CMakeFiles/mymsg__rosidl_typesupport_introspection_c.dir/rosidl_typesupport_introspection_c/mymsg/msg/detail/pose__type_support.c.o[0m
[4.784s] [ 53%] [32m[1mLinking CXX shared library libmymsg__rosidl_typesupport_c.so[0m
[4.815s] [ 53%] Built target mymsg__rosidl_typesupport_cpp
[4.831s] [ 54%] [32mBuilding CXX object CMakeFiles/mymsg__rosidl_typesupport_fastrtps_cpp.dir/rosidl_typesupport_fastrtps_cpp/mymsg/msg/detail/dds_fastrtps/multi_transform__type_support.cpp.o[0m
[4.882s] [ 56%] [32mBuilding C object CMakeFiles/mymsg__rosidl_typesupport_introspection_c.dir/rosidl_typesupport_introspection_c/mymsg/msg/detail/poses__type_support.c.o[0m
[4.898s] [ 56%] Built target mymsg__rosidl_typesupport_c
[4.918s] [ 57%] [32mBuilding CXX object CMakeFiles/mymsg__rosidl_typesupport_fastrtps_cpp.dir/rosidl_typesupport_fastrtps_cpp/mymsg/srv/detail/dds_fastrtps/imagedata__type_support.cpp.o[0m
[4.974s] [ 59%] [32mBuilding CXX object CMakeFiles/mymsg__rosidl_typesupport_fastrtps_cpp.dir/rosidl_typesupport_fastrtps_cpp/mymsg/srv/detail/dds_fastrtps/waypoints__type_support.cpp.o[0m
[4.991s] [ 60%] [32mBuilding C object CMakeFiles/mymsg__rosidl_typesupport_introspection_c.dir/rosidl_typesupport_introspection_c/mymsg/msg/detail/transform__type_support.c.o[0m
[5.134s] [ 61%] [32mBuilding C object CMakeFiles/mymsg__rosidl_typesupport_introspection_c.dir/rosidl_typesupport_introspection_c/mymsg/msg/detail/multi_transform__type_support.c.o[0m
[5.154s] [ 63%] [32mBuilding C object CMakeFiles/mymsg__rosidl_typesupport_introspection_c.dir/rosidl_typesupport_introspection_c/mymsg/srv/detail/imagedata__type_support.c.o[0m
[5.207s] [ 64%] [32mBuilding C object CMakeFiles/mymsg__rosidl_typesupport_introspection_c.dir/rosidl_typesupport_introspection_c/mymsg/srv/detail/waypoints__type_support.c.o[0m
[5.254s] [ 66%] [32m[1mLinking CXX shared library libmymsg__rosidl_typesupport_introspection_cpp.so[0m
[5.268s] [ 67%] [32m[1mLinking C shared library libmymsg__rosidl_typesupport_introspection_c.so[0m
[5.332s] [ 67%] Built target mymsg__rosidl_typesupport_introspection_c
[5.449s] [ 67%] Built target mymsg__rosidl_typesupport_introspection_cpp
[5.734s] [ 69%] [32m[1mLinking CXX shared library libmymsg__rosidl_typesupport_fastrtps_cpp.so[0m
[5.848s] [ 69%] Built target mymsg__rosidl_typesupport_fastrtps_cpp
[5.860s] [ 70%] [34m[1mGenerating C type support for eProsima Fast-RTPS[0m
[6.320s] [35m[1mScanning dependencies of target mymsg__rosidl_typesupport_fastrtps_c[0m
[6.362s] [ 71%] [32mBuilding CXX object CMakeFiles/mymsg__rosidl_typesupport_fastrtps_c.dir/rosidl_typesupport_fastrtps_c/mymsg/msg/detail/pose__type_support_c.cpp.o[0m
[6.363s] [ 73%] [32mBuilding CXX object CMakeFiles/mymsg__rosidl_typesupport_fastrtps_c.dir/rosidl_typesupport_fastrtps_c/mymsg/msg/detail/transform__type_support_c.cpp.o[0m
[6.363s] [ 74%] [32mBuilding CXX object CMakeFiles/mymsg__rosidl_typesupport_fastrtps_c.dir/rosidl_typesupport_fastrtps_c/mymsg/msg/detail/poses__type_support_c.cpp.o[0m
[6.363s] [ 76%] [32mBuilding CXX object CMakeFiles/mymsg__rosidl_typesupport_fastrtps_c.dir/rosidl_typesupport_fastrtps_c/mymsg/msg/detail/multi_transform__type_support_c.cpp.o[0m
[6.365s] [ 78%] [32mBuilding CXX object CMakeFiles/mymsg__rosidl_typesupport_fastrtps_c.dir/rosidl_typesupport_fastrtps_c/mymsg/srv/detail/waypoints__type_support_c.cpp.o[0m
[6.368s] [ 78%] [32mBuilding CXX object CMakeFiles/mymsg__rosidl_typesupport_fastrtps_c.dir/rosidl_typesupport_fastrtps_c/mymsg/srv/detail/imagedata__type_support_c.cpp.o[0m
[6.904s] [ 80%] [32m[1mLinking CXX shared library libmymsg__rosidl_typesupport_fastrtps_c.so[0m
[7.027s] [ 80%] Built target mymsg__rosidl_typesupport_fastrtps_c
[7.038s] [35m[1mScanning dependencies of target mymsg[0m
[7.050s] [ 80%] Built target mymsg
[7.061s] [35m[1mScanning dependencies of target mymsg__py[0m
[7.075s] [ 81%] [34m[1mGenerating Python code for ROS interfaces[0m
[8.020s] [ 81%] Built target mymsg__py
[8.031s] [35m[1mScanning dependencies of target mymsg__python[0m
[8.068s] [ 83%] [32mBuilding C object CMakeFiles/mymsg__python.dir/rosidl_generator_py/mymsg/msg/_pose_s.c.o[0m
[8.068s] [ 85%] [32mBuilding C object CMakeFiles/mymsg__python.dir/rosidl_generator_py/mymsg/msg/_poses_s.c.o[0m
[8.068s] [ 85%] [32mBuilding C object CMakeFiles/mymsg__python.dir/rosidl_generator_py/mymsg/msg/_multi_transform_s.c.o[0m
[8.069s] [ 87%] [32mBuilding C object CMakeFiles/mymsg__python.dir/rosidl_generator_py/mymsg/msg/_transform_s.c.o[0m
[8.071s] [ 88%] [32mBuilding C object CMakeFiles/mymsg__python.dir/rosidl_generator_py/mymsg/srv/_imagedata_s.c.o[0m
[8.079s] [ 90%] [32mBuilding C object CMakeFiles/mymsg__python.dir/rosidl_generator_py/mymsg/srv/_waypoints_s.c.o[0m
[8.239s] [ 91%] [32m[1mLinking C shared library rosidl_generator_py/mymsg/libmymsg__python.so[0m
[8.297s] [ 91%] Built target mymsg__python
[8.308s] [35m[1mScanning dependencies of target mymsg__rosidl_typesupport_c__pyext[0m
[8.308s] [35m[1mScanning dependencies of target mymsg__rosidl_typesupport_introspection_c__pyext[0m
[8.308s] [35m[1mScanning dependencies of target mymsg__rosidl_typesupport_fastrtps_c__pyext[0m
[8.332s] [ 92%] [32mBuilding C object CMakeFiles/mymsg__rosidl_typesupport_c__pyext.dir/rosidl_generator_py/mymsg/_mymsg_s.ep.rosidl_typesupport_c.c.o[0m
[8.343s] [ 95%] [32mBuilding C object CMakeFiles/mymsg__rosidl_typesupport_introspection_c__pyext.dir/rosidl_generator_py/mymsg/_mymsg_s.ep.rosidl_typesupport_introspection_c.c.o[0m
[8.343s] [ 95%] [32mBuilding C object CMakeFiles/mymsg__rosidl_typesupport_fastrtps_c__pyext.dir/rosidl_generator_py/mymsg/_mymsg_s.ep.rosidl_typesupport_fastrtps_c.c.o[0m
[8.452s] [ 97%] [32m[1mLinking C shared library rosidl_generator_py/mymsg/mymsg_s__rosidl_typesupport_introspection_c.cpython-38-x86_64-linux-gnu.so[0m
[8.486s] [ 98%] [32m[1mLinking C shared library rosidl_generator_py/mymsg/mymsg_s__rosidl_typesupport_c.cpython-38-x86_64-linux-gnu.so[0m
[8.500s] [100%] [32m[1mLinking CXX shared library rosidl_generator_py/mymsg/mymsg_s__rosidl_typesupport_fastrtps_c.cpython-38-x86_64-linux-gnu.so[0m
[8.504s] [100%] Built target mymsg__rosidl_typesupport_introspection_c__pyext
[8.533s] [100%] Built target mymsg__rosidl_typesupport_c__pyext
[8.581s] [100%] Built target mymsg__rosidl_typesupport_fastrtps_c__pyext
[8.605s] Invoked command in '/root/researchv2/build/mymsg' returned '0': CMAKE_PREFIX_PATH=/opt/ros/foxy /usr/bin/cmake --build /root/researchv2/build/mymsg -- -j12 -l12
[9.185s] Invoking command in '/root/researchv2/build/mymsg': CMAKE_PREFIX_PATH=/opt/ros/foxy /usr/bin/cmake --install /root/researchv2/build/mymsg
[9.215s] -- Install configuration: ""
[9.228s] -- Installing: /root/researchv2/install/mymsg/share/ament_index/resource_index/rosidl_interfaces/mymsg
[9.228s] -- Installing: /root/researchv2/install/mymsg/include/mymsg
[9.228s] -- Installing: /root/researchv2/install/mymsg/include/mymsg/srv
[9.228s] -- Installing: /root/researchv2/install/mymsg/include/mymsg/srv/imagedata.h
[9.229s] -- Installing: /root/researchv2/install/mymsg/include/mymsg/srv/detail
[9.229s] -- Installing: /root/researchv2/install/mymsg/include/mymsg/srv/detail/waypoints__type_support.h
[9.229s] -- Installing: /root/researchv2/install/mymsg/include/mymsg/srv/detail/waypoints__functions.c
[9.229s] -- Installing: /root/researchv2/install/mymsg/include/mymsg/srv/detail/imagedata__functions.c
[9.230s] -- Installing: /root/researchv2/install/mymsg/include/mymsg/srv/detail/imagedata__functions.h
[9.230s] -- Installing: /root/researchv2/install/mymsg/include/mymsg/srv/detail/imagedata__struct.h
[9.230s] -- Installing: /root/researchv2/install/mymsg/include/mymsg/srv/detail/waypoints__struct.h
[9.231s] -- Installing: /root/researchv2/install/mymsg/include/mymsg/srv/detail/imagedata__type_support.h
[9.231s] -- Installing: /root/researchv2/install/mymsg/include/mymsg/srv/detail/waypoints__functions.h
[9.231s] -- Installing: /root/researchv2/install/mymsg/include/mymsg/srv/waypoints.h
[9.231s] -- Installing: /root/researchv2/install/mymsg/include/mymsg/msg
[9.231s] -- Installing: /root/researchv2/install/mymsg/include/mymsg/msg/multi_transform.h
[9.231s] -- Installing: /root/researchv2/install/mymsg/include/mymsg/msg/rosidl_generator_c__visibility_control.h
[9.231s] -- Installing: /root/researchv2/install/mymsg/include/mymsg/msg/poses.h
[9.232s] -- Installing: /root/researchv2/install/mymsg/include/mymsg/msg/detail
[9.232s] -- Installing: /root/researchv2/install/mymsg/include/mymsg/msg/detail/multi_transform__type_support.h
[9.232s] -- Installing: /root/researchv2/install/mymsg/include/mymsg/msg/detail/pose__functions.h
[9.233s] -- Installing: /root/researchv2/install/mymsg/include/mymsg/msg/detail/multi_transform__functions.h
[9.233s] -- Installing: /root/researchv2/install/mymsg/include/mymsg/msg/detail/transform__functions.c
[9.234s] -- Installing: /root/researchv2/install/mymsg/include/mymsg/msg/detail/pose__struct.h
[9.235s] -- Installing: /root/researchv2/install/mymsg/include/mymsg/msg/detail/multi_transform__struct.h
[9.236s] -- Installing: /root/researchv2/install/mymsg/include/mymsg/msg/detail/pose__type_support.h
[9.237s] -- Installing: /root/researchv2/install/mymsg/include/mymsg/msg/detail/poses__type_support.h
[9.237s] -- Installing: /root/researchv2/install/mymsg/include/mymsg/msg/detail/transform__type_support.h
[9.237s] -- Installing: /root/researchv2/install/mymsg/include/mymsg/msg/detail/transform__struct.h
[9.238s] -- Installing: /root/researchv2/install/mymsg/include/mymsg/msg/detail/poses__functions.c
[9.238s] -- Installing: /root/researchv2/install/mymsg/include/mymsg/msg/detail/multi_transform__functions.c
[9.238s] -- Installing: /root/researchv2/install/mymsg/include/mymsg/msg/detail/transform__functions.h
[9.239s] -- Installing: /root/researchv2/install/mymsg/include/mymsg/msg/detail/poses__struct.h
[9.239s] -- Installing: /root/researchv2/install/mymsg/include/mymsg/msg/detail/pose__functions.c
[9.240s] -- Installing: /root/researchv2/install/mymsg/include/mymsg/msg/detail/poses__functions.h
[9.240s] -- Installing: /root/researchv2/install/mymsg/include/mymsg/msg/transform.h
[9.241s] -- Installing: /root/researchv2/install/mymsg/include/mymsg/msg/pose.h
[9.242s] -- Installing: /root/researchv2/install/mymsg/share/mymsg/environment/library_path.sh
[9.242s] -- Installing: /root/researchv2/install/mymsg/share/mymsg/environment/library_path.dsv
[9.244s] -- Installing: /root/researchv2/install/mymsg/lib/libmymsg__rosidl_generator_c.so
[9.245s] -- Set runtime path of "/root/researchv2/install/mymsg/lib/libmymsg__rosidl_generator_c.so" to ""
[9.246s] -- Up-to-date: /root/researchv2/install/mymsg/include/mymsg
[9.246s] -- Up-to-date: /root/researchv2/install/mymsg/include/mymsg/srv
[9.246s] -- Up-to-date: /root/researchv2/install/mymsg/include/mymsg/srv/detail
[9.246s] -- Installing: /root/researchv2/install/mymsg/include/mymsg/srv/detail/imagedata__rosidl_typesupport_fastrtps_c.h
[9.247s] -- Installing: /root/researchv2/install/mymsg/include/mymsg/srv/detail/waypoints__rosidl_typesupport_fastrtps_c.h
[9.248s] -- Up-to-date: /root/researchv2/install/mymsg/include/mymsg/msg
[9.248s] -- Up-to-date: /root/researchv2/install/mymsg/include/mymsg/msg/detail
[9.248s] -- Installing: /root/researchv2/install/mymsg/include/mymsg/msg/detail/poses__rosidl_typesupport_fastrtps_c.h
[9.249s] -- Installing: /root/researchv2/install/mymsg/include/mymsg/msg/detail/multi_transform__rosidl_typesupport_fastrtps_c.h
[9.249s] -- Installing: /root/researchv2/install/mymsg/include/mymsg/msg/detail/transform__rosidl_typesupport_fastrtps_c.h
[9.250s] -- Installing: /root/researchv2/install/mymsg/include/mymsg/msg/detail/pose__rosidl_typesupport_fastrtps_c.h
[9.251s] -- Installing: /root/researchv2/install/mymsg/include/mymsg/msg/rosidl_typesupport_fastrtps_c__visibility_control.h
[9.251s] -- Installing: /root/researchv2/install/mymsg/lib/libmymsg__rosidl_typesupport_fastrtps_c.so
[9.254s] -- Set runtime path of "/root/researchv2/install/mymsg/lib/libmymsg__rosidl_typesupport_fastrtps_c.so" to ""
[9.254s] -- Up-to-date: /root/researchv2/install/mymsg/include/mymsg
[9.255s] -- Up-to-date: /root/researchv2/install/mymsg/include/mymsg/srv
[9.255s] -- Up-to-date: /root/researchv2/install/mymsg/include/mymsg/srv/detail
[9.255s] -- Installing: /root/researchv2/install/mymsg/include/mymsg/srv/detail/imagedata__rosidl_typesupport_fastrtps_cpp.hpp
[9.256s] -- Installing: /root/researchv2/install/mymsg/include/mymsg/srv/detail/waypoints__rosidl_typesupport_fastrtps_cpp.hpp
[9.256s] -- Installing: /root/researchv2/install/mymsg/include/mymsg/srv/detail/dds_fastrtps
[9.256s] -- Up-to-date: /root/researchv2/install/mymsg/include/mymsg/msg
[9.257s] -- Up-to-date: /root/researchv2/install/mymsg/include/mymsg/msg/detail
[9.257s] -- Installing: /root/researchv2/install/mymsg/include/mymsg/msg/detail/multi_transform__rosidl_typesupport_fastrtps_cpp.hpp
[9.257s] -- Installing: /root/researchv2/install/mymsg/include/mymsg/msg/detail/pose__rosidl_typesupport_fastrtps_cpp.hpp
[9.258s] -- Installing: /root/researchv2/install/mymsg/include/mymsg/msg/detail/transform__rosidl_typesupport_fastrtps_cpp.hpp
[9.258s] -- Installing: /root/researchv2/install/mymsg/include/mymsg/msg/detail/poses__rosidl_typesupport_fastrtps_cpp.hpp
[9.259s] -- Installing: /root/researchv2/install/mymsg/include/mymsg/msg/detail/dds_fastrtps
[9.259s] -- Installing: /root/researchv2/install/mymsg/include/mymsg/msg/rosidl_typesupport_fastrtps_cpp__visibility_control.h
[9.260s] -- Installing: /root/researchv2/install/mymsg/lib/libmymsg__rosidl_typesupport_fastrtps_cpp.so
[9.262s] -- Set runtime path of "/root/researchv2/install/mymsg/lib/libmymsg__rosidl_typesupport_fastrtps_cpp.so" to ""
[9.263s] -- Up-to-date: /root/researchv2/install/mymsg/include/mymsg
[9.263s] -- Up-to-date: /root/researchv2/install/mymsg/include/mymsg/srv
[9.264s] -- Up-to-date: /root/researchv2/install/mymsg/include/mymsg/srv/detail
[9.264s] -- Installing: /root/researchv2/install/mymsg/include/mymsg/srv/detail/imagedata__type_support.c
[9.264s] -- Installing: /root/researchv2/install/mymsg/include/mymsg/srv/detail/waypoints__rosidl_typesupport_introspection_c.h
[9.267s] -- Installing: /root/researchv2/install/mymsg/include/mymsg/srv/detail/waypoints__type_support.c
[9.268s] -- Installing: /root/researchv2/install/mymsg/include/mymsg/srv/detail/imagedata__rosidl_typesupport_introspection_c.h
[9.268s] -- Up-to-date: /root/researchv2/install/mymsg/include/mymsg/msg
[9.268s] -- Up-to-date: /root/researchv2/install/mymsg/include/mymsg/msg/detail
[9.269s] -- Installing: /root/researchv2/install/mymsg/include/mymsg/msg/detail/pose__rosidl_typesupport_introspection_c.h
[9.269s] -- Installing: /root/researchv2/install/mymsg/include/mymsg/msg/detail/transform__type_support.c
[9.270s] -- Installing: /root/researchv2/install/mymsg/include/mymsg/msg/detail/multi_transform__rosidl_typesupport_introspection_c.h
[9.270s] -- Installing: /root/researchv2/install/mymsg/include/mymsg/msg/detail/transform__rosidl_typesupport_introspection_c.h
[9.271s] -- Installing: /root/researchv2/install/mymsg/include/mymsg/msg/detail/multi_transform__type_support.c
[9.271s] -- Installing: /root/researchv2/install/mymsg/include/mymsg/msg/detail/poses__type_support.c
[9.272s] -- Installing: /root/researchv2/install/mymsg/include/mymsg/msg/detail/pose__type_support.c
[9.272s] -- Installing: /root/researchv2/install/mymsg/include/mymsg/msg/detail/poses__rosidl_typesupport_introspection_c.h
[9.273s] -- Installing: /root/researchv2/install/mymsg/include/mymsg/msg/rosidl_typesupport_introspection_c__visibility_control.h
[9.274s] -- Installing: /root/researchv2/install/mymsg/lib/libmymsg__rosidl_typesupport_introspection_c.so
[9.276s] -- Set runtime path of "/root/researchv2/install/mymsg/lib/libmymsg__rosidl_typesupport_introspection_c.so" to ""
[9.276s] -- Installing: /root/researchv2/install/mymsg/lib/libmymsg__rosidl_typesupport_c.so
[9.278s] -- Set runtime path of "/root/researchv2/install/mymsg/lib/libmymsg__rosidl_typesupport_c.so" to ""
[9.279s] -- Up-to-date: /root/researchv2/install/mymsg/include/mymsg
[9.279s] -- Up-to-date: /root/researchv2/install/mymsg/include/mymsg/srv
[9.279s] -- Installing: /root/researchv2/install/mymsg/include/mymsg/srv/waypoints.hpp
[9.280s] -- Up-to-date: /root/researchv2/install/mymsg/include/mymsg/srv/detail
[9.280s] -- Installing: /root/researchv2/install/mymsg/include/mymsg/srv/detail/waypoints__struct.hpp
[9.281s] -- Installing: /root/researchv2/install/mymsg/include/mymsg/srv/detail/imagedata__traits.hpp
[9.281s] -- Installing: /root/researchv2/install/mymsg/include/mymsg/srv/detail/waypoints__traits.hpp
[9.281s] -- Installing: /root/researchv2/install/mymsg/include/mymsg/srv/detail/imagedata__builder.hpp
[9.282s] -- Installing: /root/researchv2/install/mymsg/include/mymsg/srv/detail/imagedata__struct.hpp
[9.282s] -- Installing: /root/researchv2/install/mymsg/include/mymsg/srv/detail/waypoints__builder.hpp
[9.283s] -- Installing: /root/researchv2/install/mymsg/include/mymsg/srv/imagedata.hpp
[9.283s] -- Up-to-date: /root/researchv2/install/mymsg/include/mymsg/msg
[9.284s] -- Installing: /root/researchv2/install/mymsg/include/mymsg/msg/multi_transform.hpp
[9.284s] -- Installing: /root/researchv2/install/mymsg/include/mymsg/msg/transform.hpp
[9.284s] -- Up-to-date: /root/researchv2/install/mymsg/include/mymsg/msg/detail
[9.285s] -- Installing: /root/researchv2/install/mymsg/include/mymsg/msg/detail/poses__struct.hpp
[9.285s] -- Installing: /root/researchv2/install/mymsg/include/mymsg/msg/detail/multi_transform__struct.hpp
[9.286s] -- Installing: /root/researchv2/install/mymsg/include/mymsg/msg/detail/multi_transform__traits.hpp
[9.286s] -- Installing: /root/researchv2/install/mymsg/include/mymsg/msg/detail/poses__builder.hpp
[9.287s] -- Installing: /root/researchv2/install/mymsg/include/mymsg/msg/detail/transform__struct.hpp
[9.287s] -- Installing: /root/researchv2/install/mymsg/include/mymsg/msg/detail/pose__struct.hpp
[9.287s] -- Installing: /root/researchv2/install/mymsg/include/mymsg/msg/detail/pose__traits.hpp
[9.288s] -- Installing: /root/researchv2/install/mymsg/include/mymsg/msg/detail/transform__traits.hpp
[9.288s] -- Installing: /root/researchv2/install/mymsg/include/mymsg/msg/detail/poses__traits.hpp
[9.289s] -- Installing: /root/researchv2/install/mymsg/include/mymsg/msg/detail/transform__builder.hpp
[9.289s] -- Installing: /root/researchv2/install/mymsg/include/mymsg/msg/detail/multi_transform__builder.hpp
[9.290s] -- Installing: /root/researchv2/install/mymsg/include/mymsg/msg/detail/pose__builder.hpp
[9.290s] -- Installing: /root/researchv2/install/mymsg/include/mymsg/msg/pose.hpp
[9.291s] -- Installing: /root/researchv2/install/mymsg/include/mymsg/msg/poses.hpp
[9.291s] -- Up-to-date: /root/researchv2/install/mymsg/include/mymsg
[9.291s] -- Up-to-date: /root/researchv2/install/mymsg/include/mymsg/srv
[9.292s] -- Up-to-date: /root/researchv2/install/mymsg/include/mymsg/srv/detail
[9.292s] -- Installing: /root/researchv2/install/mymsg/include/mymsg/srv/detail/imagedata__rosidl_typesupport_introspection_cpp.hpp
[9.292s] -- Installing: /root/researchv2/install/mymsg/include/mymsg/srv/detail/imagedata__type_support.cpp
[9.292s] -- Installing: /root/researchv2/install/mymsg/include/mymsg/srv/detail/waypoints__type_support.cpp
[9.292s] -- Installing: /root/researchv2/install/mymsg/include/mymsg/srv/detail/waypoints__rosidl_typesupport_introspection_cpp.hpp
[9.293s] -- Up-to-date: /root/researchv2/install/mymsg/include/mymsg/msg
[9.293s] -- Up-to-date: /root/researchv2/install/mymsg/include/mymsg/msg/detail
[9.293s] -- Installing: /root/researchv2/install/mymsg/include/mymsg/msg/detail/poses__type_support.cpp
[9.293s] -- Installing: /root/researchv2/install/mymsg/include/mymsg/msg/detail/multi_transform__type_support.cpp
[9.293s] -- Installing: /root/researchv2/install/mymsg/include/mymsg/msg/detail/transform__type_support.cpp
[9.294s] -- Installing: /root/researchv2/install/mymsg/include/mymsg/msg/detail/pose__type_support.cpp
[9.294s] -- Installing: /root/researchv2/install/mymsg/include/mymsg/msg/detail/multi_transform__rosidl_typesupport_introspection_cpp.hpp
[9.294s] -- Installing: /root/researchv2/install/mymsg/include/mymsg/msg/detail/pose__rosidl_typesupport_introspection_cpp.hpp
[9.294s] -- Installing: /root/researchv2/install/mymsg/include/mymsg/msg/detail/transform__rosidl_typesupport_introspection_cpp.hpp
[9.294s] -- Installing: /root/researchv2/install/mymsg/include/mymsg/msg/detail/poses__rosidl_typesupport_introspection_cpp.hpp
[9.294s] -- Installing: /root/researchv2/install/mymsg/lib/libmymsg__rosidl_typesupport_introspection_cpp.so
[9.296s] -- Set runtime path of "/root/researchv2/install/mymsg/lib/libmymsg__rosidl_typesupport_introspection_cpp.so" to ""
[9.296s] -- Installing: /root/researchv2/install/mymsg/lib/libmymsg__rosidl_typesupport_cpp.so
[9.297s] -- Set runtime path of "/root/researchv2/install/mymsg/lib/libmymsg__rosidl_typesupport_cpp.so" to ""
[9.297s] -- Installing: /root/researchv2/install/mymsg/share/mymsg/environment/pythonpath.sh
[9.297s] -- Installing: /root/researchv2/install/mymsg/share/mymsg/environment/pythonpath.dsv
[9.297s] -- Installing: /root/researchv2/install/mymsg/lib/python3.8/site-packages/mymsg/__init__.py
[9.351s] Compiling '/root/researchv2/install/mymsg/lib/python3.8/site-packages/mymsg/__init__.py'...
[9.363s] -- Installing: /root/researchv2/install/mymsg/lib/python3.8/site-packages/mymsg/msg
[9.363s] -- Installing: /root/researchv2/install/mymsg/lib/python3.8/site-packages/mymsg/msg/_transform_s.c
[9.363s] -- Installing: /root/researchv2/install/mymsg/lib/python3.8/site-packages/mymsg/msg/_multi_transform_s.c
[9.364s] -- Installing: /root/researchv2/install/mymsg/lib/python3.8/site-packages/mymsg/msg/_pose_s.c
[9.364s] -- Installing: /root/researchv2/install/mymsg/lib/python3.8/site-packages/mymsg/msg/_transform.py
[9.364s] -- Installing: /root/researchv2/install/mymsg/lib/python3.8/site-packages/mymsg/msg/_poses_s.c
[9.364s] -- Installing: /root/researchv2/install/mymsg/lib/python3.8/site-packages/mymsg/msg/_poses.py
[9.364s] -- Installing: /root/researchv2/install/mymsg/lib/python3.8/site-packages/mymsg/msg/__init__.py
[9.364s] -- Installing: /root/researchv2/install/mymsg/lib/python3.8/site-packages/mymsg/msg/_pose.py
[9.364s] -- Installing: /root/researchv2/install/mymsg/lib/python3.8/site-packages/mymsg/msg/_multi_transform.py
[9.364s] -- Installing: /root/researchv2/install/mymsg/lib/python3.8/site-packages/mymsg/srv
[9.364s] -- Installing: /root/researchv2/install/mymsg/lib/python3.8/site-packages/mymsg/srv/_waypoints.py
[9.365s] -- Installing: /root/researchv2/install/mymsg/lib/python3.8/site-packages/mymsg/srv/_imagedata_s.c
[9.365s] -- Installing: /root/researchv2/install/mymsg/lib/python3.8/site-packages/mymsg/srv/_waypoints_s.c
[9.365s] -- Installing: /root/researchv2/install/mymsg/lib/python3.8/site-packages/mymsg/srv/_imagedata.py
[9.365s] -- Installing: /root/researchv2/install/mymsg/lib/python3.8/site-packages/mymsg/srv/__init__.py
[9.365s] -- Installing: /root/researchv2/install/mymsg/lib/python3.8/site-packages/mymsg/mymsg_s__rosidl_typesupport_fastrtps_c.cpython-38-x86_64-linux-gnu.so
[9.365s] -- Set runtime path of "/root/researchv2/install/mymsg/lib/python3.8/site-packages/mymsg/mymsg_s__rosidl_typesupport_fastrtps_c.cpython-38-x86_64-linux-gnu.so" to ""
[9.365s] -- Installing: /root/researchv2/install/mymsg/lib/python3.8/site-packages/mymsg/mymsg_s__rosidl_typesupport_introspection_c.cpython-38-x86_64-linux-gnu.so
[9.365s] -- Set runtime path of "/root/researchv2/install/mymsg/lib/python3.8/site-packages/mymsg/mymsg_s__rosidl_typesupport_introspection_c.cpython-38-x86_64-linux-gnu.so" to ""
[9.365s] -- Installing: /root/researchv2/install/mymsg/lib/python3.8/site-packages/mymsg/mymsg_s__rosidl_typesupport_c.cpython-38-x86_64-linux-gnu.so
[9.366s] -- Set runtime path of "/root/researchv2/install/mymsg/lib/python3.8/site-packages/mymsg/mymsg_s__rosidl_typesupport_c.cpython-38-x86_64-linux-gnu.so" to ""
[9.366s] -- Installing: /root/researchv2/install/mymsg/lib/libmymsg__python.so
[9.366s] -- Set runtime path of "/root/researchv2/install/mymsg/lib/libmymsg__python.so" to ""
[9.366s] -- Installing: /root/researchv2/install/mymsg/share/mymsg/msg/Pose.idl
[9.366s] -- Installing: /root/researchv2/install/mymsg/share/mymsg/msg/Poses.idl
[9.366s] -- Installing: /root/researchv2/install/mymsg/share/mymsg/msg/Transform.idl
[9.367s] -- Installing: /root/researchv2/install/mymsg/share/mymsg/msg/MultiTransform.idl
[9.367s] -- Installing: /root/researchv2/install/mymsg/share/mymsg/srv/Imagedata.idl
[9.367s] -- Installing: /root/researchv2/install/mymsg/share/mymsg/srv/Waypoints.idl
[9.368s] -- Installing: /root/researchv2/install/mymsg/share/mymsg/msg/Pose.msg
[9.368s] -- Installing: /root/researchv2/install/mymsg/share/mymsg/msg/Poses.msg
[9.368s] -- Installing: /root/researchv2/install/mymsg/share/mymsg/msg/Transform.msg
[9.368s] -- Installing: /root/researchv2/install/mymsg/share/mymsg/msg/MultiTransform.msg
[9.369s] -- Installing: /root/researchv2/install/mymsg/share/mymsg/srv/Imagedata.srv
[9.369s] -- Installing: /root/researchv2/install/mymsg/share/mymsg/srv/Imagedata_Request.msg
[9.369s] -- Installing: /root/researchv2/install/mymsg/share/mymsg/srv/Imagedata_Response.msg
[9.369s] -- Installing: /root/researchv2/install/mymsg/share/mymsg/srv/Waypoints.srv
[9.370s] -- Installing: /root/researchv2/install/mymsg/share/mymsg/srv/Waypoints_Request.msg
[9.370s] -- Installing: /root/researchv2/install/mymsg/share/mymsg/srv/Waypoints_Response.msg
[9.370s] -- Installing: /root/researchv2/install/mymsg/share/ament_index/resource_index/package_run_dependencies/mymsg
[9.370s] -- Installing: /root/researchv2/install/mymsg/share/ament_index/resource_index/parent_prefix_path/mymsg
[9.371s] -- Installing: /root/researchv2/install/mymsg/share/mymsg/environment/ament_prefix_path.sh
[9.371s] -- Installing: /root/researchv2/install/mymsg/share/mymsg/environment/ament_prefix_path.dsv
[9.371s] -- Installing: /root/researchv2/install/mymsg/share/mymsg/environment/path.sh
[9.372s] -- Installing: /root/researchv2/install/mymsg/share/mymsg/environment/path.dsv
[9.372s] -- Installing: /root/researchv2/install/mymsg/share/mymsg/local_setup.bash
[9.372s] -- Installing: /root/researchv2/install/mymsg/share/mymsg/local_setup.sh
[9.372s] -- Installing: /root/researchv2/install/mymsg/share/mymsg/local_setup.zsh
[9.373s] -- Installing: /root/researchv2/install/mymsg/share/mymsg/local_setup.dsv
[9.373s] -- Installing: /root/researchv2/install/mymsg/share/mymsg/package.dsv
[9.373s] -- Installing: /root/researchv2/install/mymsg/share/ament_index/resource_index/packages/mymsg
[9.373s] -- Installing: /root/researchv2/install/mymsg/share/mymsg/cmake/mymsg__rosidl_generator_cExport.cmake
[9.374s] -- Installing: /root/researchv2/install/mymsg/share/mymsg/cmake/mymsg__rosidl_generator_cExport-noconfig.cmake
[9.374s] -- Installing: /root/researchv2/install/mymsg/share/mymsg/cmake/mymsg__rosidl_typesupport_introspection_cExport.cmake
[9.374s] -- Installing: /root/researchv2/install/mymsg/share/mymsg/cmake/mymsg__rosidl_typesupport_introspection_cExport-noconfig.cmake
[9.375s] -- Installing: /root/researchv2/install/mymsg/share/mymsg/cmake/mymsg__rosidl_typesupport_cExport.cmake
[9.375s] -- Installing: /root/researchv2/install/mymsg/share/mymsg/cmake/mymsg__rosidl_typesupport_cExport-noconfig.cmake
[9.375s] -- Installing: /root/researchv2/install/mymsg/share/mymsg/cmake/mymsg__rosidl_generator_cppExport.cmake
[9.376s] -- Installing: /root/researchv2/install/mymsg/share/mymsg/cmake/mymsg__rosidl_typesupport_introspection_cppExport.cmake
[9.376s] -- Installing: /root/researchv2/install/mymsg/share/mymsg/cmake/mymsg__rosidl_typesupport_introspection_cppExport-noconfig.cmake
[9.376s] -- Installing: /root/researchv2/install/mymsg/share/mymsg/cmake/mymsg__rosidl_typesupport_cppExport.cmake
[9.377s] -- Installing: /root/researchv2/install/mymsg/share/mymsg/cmake/mymsg__rosidl_typesupport_cppExport-noconfig.cmake
[9.377s] -- Installing: /root/researchv2/install/mymsg/share/mymsg/cmake/rosidl_cmake-extras.cmake
[9.377s] -- Installing: /root/researchv2/install/mymsg/share/mymsg/cmake/ament_cmake_export_dependencies-extras.cmake
[9.377s] -- Installing: /root/researchv2/install/mymsg/share/mymsg/cmake/ament_cmake_export_libraries-extras.cmake
[9.378s] -- Installing: /root/researchv2/install/mymsg/share/mymsg/cmake/ament_cmake_export_targets-extras.cmake
[9.379s] -- Installing: /root/researchv2/install/mymsg/share/mymsg/cmake/ament_cmake_export_include_directories-extras.cmake
[9.379s] -- Installing: /root/researchv2/install/mymsg/share/mymsg/cmake/rosidl_cmake_export_typesupport_libraries-extras.cmake
[9.380s] -- Installing: /root/researchv2/install/mymsg/share/mymsg/cmake/rosidl_cmake_export_typesupport_targets-extras.cmake
[9.380s] -- Installing: /root/researchv2/install/mymsg/share/mymsg/cmake/mymsgConfig.cmake
[9.380s] -- Installing: /root/researchv2/install/mymsg/share/mymsg/cmake/mymsgConfig-version.cmake
[9.380s] -- Installing: /root/researchv2/install/mymsg/share/mymsg/package.xml
[9.387s] Invoked command in '/root/researchv2/build/mymsg' returned '0': CMAKE_PREFIX_PATH=/opt/ros/foxy /usr/bin/cmake --install /root/researchv2/build/mymsg
