[0.542s] Invoking command in '/root/researchv2/build/urg_node': CMAKE_PREFIX_PATH=/root/researchv2/install/urg_node_msgs:/root/researchv2/install/urg_c:/root/researchv2/install/laser_proc:/root/researchv2/install/diagnostic_updater:/root/researchv2/install/urg_node:/root/researchv2/install/diagnostics:/root/researchv2/install/self_test:/root/researchv2/install/mymsg:/root/researchv2/install/diagnostic_common_diagnostics:/root/researchv2/install/diagnostic_aggregator:/root/researchv2/install/chaser_system:/opt/ros/galactic LD_LIBRARY_PATH=/root/researchv2/install/urg_node_msgs/lib:/root/researchv2/install/urg_c/lib:/root/researchv2/install/laser_proc/lib:/root/researchv2/install/urg_node/lib:/root/researchv2/install/mymsg/lib:/root/researchv2/install/diagnostic_aggregator/lib:/usr/lib/x86_64-linux-gnu/gazebo-11/plugins:/opt/ros/galactic/opt/yaml_cpp_vendor/lib:/opt/ros/galactic/opt/rviz_ogre_vendor/lib:/opt/ros/galactic/lib/x86_64-linux-gnu:/opt/ros/galactic/lib:/usr/local/11.6.0/lib64:/usr/local/nvidia/lib:/usr/local/nvidia/lib64 PYTHONPATH=/root/researchv2/install/urg_node_msgs/lib/python3.8/site-packages:/root/researchv2/install/diagnostic_updater/lib/python3.8/site-packages:/root/researchv2/install/chaser_system/lib/python3.8/site-packages:/root/researchv2/install/mymsg/lib/python3.8/site-packages:/root/researchv2/install/diagnostic_common_diagnostics/lib/python3.8/site-packages:/root/researchv2/install/diagnostic_aggregator/lib/python3.8/site-packages:/opt/ros/galactic/lib/python3.8/site-packages /usr/bin/cmake --build /root/researchv2/build/urg_node -- -j12 -l12
[0.632s] [ 28%] Built target urg_node_driver
[0.642s] [ 71%] Built target urg_node
[0.690s] [100%] Built target getID
[0.714s] Invoked command in '/root/researchv2/build/urg_node' returned '0': CMAKE_PREFIX_PATH=/root/researchv2/install/urg_node_msgs:/root/researchv2/install/urg_c:/root/researchv2/install/laser_proc:/root/researchv2/install/diagnostic_updater:/root/researchv2/install/urg_node:/root/researchv2/install/diagnostics:/root/researchv2/install/self_test:/root/researchv2/install/mymsg:/root/researchv2/install/diagnostic_common_diagnostics:/root/researchv2/install/diagnostic_aggregator:/root/researchv2/install/chaser_system:/opt/ros/galactic LD_LIBRARY_PATH=/root/researchv2/install/urg_node_msgs/lib:/root/researchv2/install/urg_c/lib:/root/researchv2/install/laser_proc/lib:/root/researchv2/install/urg_node/lib:/root/researchv2/install/mymsg/lib:/root/researchv2/install/diagnostic_aggregator/lib:/usr/lib/x86_64-linux-gnu/gazebo-11/plugins:/opt/ros/galactic/opt/yaml_cpp_vendor/lib:/opt/ros/galactic/opt/rviz_ogre_vendor/lib:/opt/ros/galactic/lib/x86_64-linux-gnu:/opt/ros/galactic/lib:/usr/local/11.6.0/lib64:/usr/local/nvidia/lib:/usr/local/nvidia/lib64 PYTHONPATH=/root/researchv2/install/urg_node_msgs/lib/python3.8/site-packages:/root/researchv2/install/diagnostic_updater/lib/python3.8/site-packages:/root/researchv2/install/chaser_system/lib/python3.8/site-packages:/root/researchv2/install/mymsg/lib/python3.8/site-packages:/root/researchv2/install/diagnostic_common_diagnostics/lib/python3.8/site-packages:/root/researchv2/install/diagnostic_aggregator/lib/python3.8/site-packages:/opt/ros/galactic/lib/python3.8/site-packages /usr/bin/cmake --build /root/researchv2/build/urg_node -- -j12 -l12
[0.773s] Invoking command in '/root/researchv2/build/urg_node': CMAKE_PREFIX_PATH=/root/researchv2/install/urg_node_msgs:/root/researchv2/install/urg_c:/root/researchv2/install/laser_proc:/root/researchv2/install/diagnostic_updater:/root/researchv2/install/urg_node:/root/researchv2/install/diagnostics:/root/researchv2/install/self_test:/root/researchv2/install/mymsg:/root/researchv2/install/diagnostic_common_diagnostics:/root/researchv2/install/diagnostic_aggregator:/root/researchv2/install/chaser_system:/opt/ros/galactic LD_LIBRARY_PATH=/root/researchv2/install/urg_node_msgs/lib:/root/researchv2/install/urg_c/lib:/root/researchv2/install/laser_proc/lib:/root/researchv2/install/urg_node/lib:/root/researchv2/install/mymsg/lib:/root/researchv2/install/diagnostic_aggregator/lib:/usr/lib/x86_64-linux-gnu/gazebo-11/plugins:/opt/ros/galactic/opt/yaml_cpp_vendor/lib:/opt/ros/galactic/opt/rviz_ogre_vendor/lib:/opt/ros/galactic/lib/x86_64-linux-gnu:/opt/ros/galactic/lib:/usr/local/11.6.0/lib64:/usr/local/nvidia/lib:/usr/local/nvidia/lib64 PYTHONPATH=/root/researchv2/install/urg_node_msgs/lib/python3.8/site-packages:/root/researchv2/install/diagnostic_updater/lib/python3.8/site-packages:/root/researchv2/install/chaser_system/lib/python3.8/site-packages:/root/researchv2/install/mymsg/lib/python3.8/site-packages:/root/researchv2/install/diagnostic_common_diagnostics/lib/python3.8/site-packages:/root/researchv2/install/diagnostic_aggregator/lib/python3.8/site-packages:/opt/ros/galactic/lib/python3.8/site-packages /usr/bin/cmake --install /root/researchv2/build/urg_node
[0.786s] -- Install configuration: ""
[0.786s] -- Up-to-date: /root/researchv2/install/urg_node/lib/urg_node/urg_node_driver
[0.787s] -- Up-to-date: /root/researchv2/install/urg_node/lib/liburg_node.so
[0.788s] -- Up-to-date: /root/researchv2/install/urg_node/lib/urg_node/getID
[0.788s] -- Up-to-date: /root/researchv2/install/urg_node/include
[0.788s] -- Up-to-date: /root/researchv2/install/urg_node/include/urg_node
[0.789s] -- Up-to-date: /root/researchv2/install/urg_node/include/urg_node/urg_node.hpp
[0.789s] -- Up-to-date: /root/researchv2/install/urg_node/include/urg_node/urg_c_wrapper.hpp
[0.790s] -- Up-to-date: /root/researchv2/install/urg_node/lib/urg_node/set_urg_ip.py
[0.790s] -- Up-to-date: /root/researchv2/install/urg_node/share/urg_node/launch
[0.790s] -- Up-to-date: /root/researchv2/install/urg_node/share/urg_node/launch/hokuyo_laser.urdf
[0.791s] -- Up-to-date: /root/researchv2/install/urg_node/share/urg_node/launch/urg_lidar.launch.xml
[0.791s] -- Up-to-date: /root/researchv2/install/urg_node/share/urg_node/launch/urg_node_serial.yaml
[0.791s] -- Up-to-date: /root/researchv2/install/urg_node/share/urg_node/launch/urg_node_ethernet.yaml
[0.792s] -- Up-to-date: /root/researchv2/install/urg_node/share/urg_node/launch/urg_node_launch.py
[0.796s] -- Up-to-date: /root/researchv2/install/urg_node/share/urg_node/environment/library_path.sh
[0.796s] -- Up-to-date: /root/researchv2/install/urg_node/share/urg_node/environment/library_path.dsv
[0.796s] -- Up-to-date: /root/researchv2/install/urg_node/share/ament_index/resource_index/package_run_dependencies/urg_node
[0.797s] -- Up-to-date: /root/researchv2/install/urg_node/share/ament_index/resource_index/parent_prefix_path/urg_node
[0.797s] -- Up-to-date: /root/researchv2/install/urg_node/share/urg_node/environment/ament_prefix_path.sh
[0.798s] -- Up-to-date: /root/researchv2/install/urg_node/share/urg_node/environment/ament_prefix_path.dsv
[0.799s] -- Up-to-date: /root/researchv2/install/urg_node/share/urg_node/environment/path.sh
[0.800s] -- Up-to-date: /root/researchv2/install/urg_node/share/urg_node/environment/path.dsv
[0.806s] -- Up-to-date: /root/researchv2/install/urg_node/share/urg_node/local_setup.bash
[0.806s] -- Up-to-date: /root/researchv2/install/urg_node/share/urg_node/local_setup.sh
[0.807s] -- Up-to-date: /root/researchv2/install/urg_node/share/urg_node/local_setup.zsh
[0.807s] -- Up-to-date: /root/researchv2/install/urg_node/share/urg_node/local_setup.dsv
[0.807s] -- Installing: /root/researchv2/install/urg_node/share/urg_node/package.dsv
[0.808s] -- Up-to-date: /root/researchv2/install/urg_node/share/ament_index/resource_index/packages/urg_node
[0.808s] -- Up-to-date: /root/researchv2/install/urg_node/share/ament_index/resource_index/rclcpp_components/urg_node
[0.808s] -- Up-to-date: /root/researchv2/install/urg_node/share/urg_node/cmake/ament_cmake_export_dependencies-extras.cmake
[0.809s] -- Up-to-date: /root/researchv2/install/urg_node/share/urg_node/cmake/ament_cmake_export_include_directories-extras.cmake
[0.809s] -- Up-to-date: /root/researchv2/install/urg_node/share/urg_node/cmake/ament_cmake_export_libraries-extras.cmake
[0.809s] -- Up-to-date: /root/researchv2/install/urg_node/share/urg_node/cmake/urg_nodeConfig.cmake
[0.810s] -- Up-to-date: /root/researchv2/install/urg_node/share/urg_node/cmake/urg_nodeConfig-version.cmake
[0.810s] -- Up-to-date: /root/researchv2/install/urg_node/share/urg_node/package.xml
[0.811s] Invoked command in '/root/researchv2/build/urg_node' returned '0': CMAKE_PREFIX_PATH=/root/researchv2/install/urg_node_msgs:/root/researchv2/install/urg_c:/root/researchv2/install/laser_proc:/root/researchv2/install/diagnostic_updater:/root/researchv2/install/urg_node:/root/researchv2/install/diagnostics:/root/researchv2/install/self_test:/root/researchv2/install/mymsg:/root/researchv2/install/diagnostic_common_diagnostics:/root/researchv2/install/diagnostic_aggregator:/root/researchv2/install/chaser_system:/opt/ros/galactic LD_LIBRARY_PATH=/root/researchv2/install/urg_node_msgs/lib:/root/researchv2/install/urg_c/lib:/root/researchv2/install/laser_proc/lib:/root/researchv2/install/urg_node/lib:/root/researchv2/install/mymsg/lib:/root/researchv2/install/diagnostic_aggregator/lib:/usr/lib/x86_64-linux-gnu/gazebo-11/plugins:/opt/ros/galactic/opt/yaml_cpp_vendor/lib:/opt/ros/galactic/opt/rviz_ogre_vendor/lib:/opt/ros/galactic/lib/x86_64-linux-gnu:/opt/ros/galactic/lib:/usr/local/11.6.0/lib64:/usr/local/nvidia/lib:/usr/local/nvidia/lib64 PYTHONPATH=/root/researchv2/install/urg_node_msgs/lib/python3.8/site-packages:/root/researchv2/install/diagnostic_updater/lib/python3.8/site-packages:/root/researchv2/install/chaser_system/lib/python3.8/site-packages:/root/researchv2/install/mymsg/lib/python3.8/site-packages:/root/researchv2/install/diagnostic_common_diagnostics/lib/python3.8/site-packages:/root/researchv2/install/diagnostic_aggregator/lib/python3.8/site-packages:/opt/ros/galactic/lib/python3.8/site-packages /usr/bin/cmake --install /root/researchv2/build/urg_node
