[  3%] Built target urg_node_msgs__cpp
[ 12%] Built target urg_node_msgs__rosidl_generator_c
[ 32%] Built target urg_node_msgs__rosidl_typesupport_c
[ 32%] Built target urg_node_msgs__rosidl_typesupport_introspection_cpp
[ 41%] Built target urg_node_msgs__rosidl_typesupport_cpp
[ 51%] Built target urg_node_msgs__rosidl_typesupport_introspection_c
[ 54%] [32m[1mLinking CXX shared library liburg_node_msgs__rosidl_typesupport_fastrtps_cpp.so[0m
[ 61%] Built target urg_node_msgs__rosidl_typesupport_fastrtps_cpp
[ 64%] [32m[1mLinking CXX shared library liburg_node_msgs__rosidl_typesupport_fastrtps_c.so[0m
[ 70%] Built target urg_node_msgs__rosidl_typesupport_fastrtps_c
[ 70%] Built target urg_node_msgs
[ 74%] Built target urg_node_msgs__py
[ 77%] [32m[1mLinking C shared library rosidl_generator_py/urg_node_msgs/liburg_node_msgs__python.so[0m
[ 80%] Built target urg_node_msgs__python
[ 83%] [32m[1mLinking C shared library rosidl_generator_py/urg_node_msgs/urg_node_msgs_s__rosidl_typesupport_introspection_c.cpython-38-x86_64-linux-gnu.so[0m
[ 87%] [32m[1mLinking C shared library rosidl_generator_py/urg_node_msgs/urg_node_msgs_s__rosidl_typesupport_c.cpython-38-x86_64-linux-gnu.so[0m
[ 90%] [32m[1mLinking CXX shared library rosidl_generator_py/urg_node_msgs/urg_node_msgs_s__rosidl_typesupport_fastrtps_c.cpython-38-x86_64-linux-gnu.so[0m
[ 93%] Built target urg_node_msgs__rosidl_typesupport_introspection_c__pyext
[ 96%] Built target urg_node_msgs__rosidl_typesupport_c__pyext
[100%] Built target urg_node_msgs__rosidl_typesupport_fastrtps_c__pyext
-- Install configuration: ""
-- Execute custom install script
-- Symlinking: /root/researchv2/install/urg_node_msgs/share/ament_index/resource_index/rosidl_interfaces/urg_node_msgs
-- Symlinking: /root/researchv2/install/urg_node_msgs/include/urg_node_msgs/msg/detail/status__functions.h
-- Symlinking: /root/researchv2/install/urg_node_msgs/include/urg_node_msgs/msg/detail/status__struct.h
-- Symlinking: /root/researchv2/install/urg_node_msgs/include/urg_node_msgs/msg/detail/status__type_support.h
-- Symlinking: /root/researchv2/install/urg_node_msgs/include/urg_node_msgs/msg/rosidl_generator_c__visibility_control.h
-- Symlinking: /root/researchv2/install/urg_node_msgs/include/urg_node_msgs/msg/status.h
-- Symlinking: /root/researchv2/install/urg_node_msgs/share/urg_node_msgs/environment/library_path.sh
-- Symlinking: /root/researchv2/install/urg_node_msgs/share/urg_node_msgs/environment/library_path.dsv
-- Symlinking: /root/researchv2/install/urg_node_msgs/include/urg_node_msgs/msg/detail/status__rosidl_typesupport_fastrtps_c.h
-- Symlinking: /root/researchv2/install/urg_node_msgs/include/urg_node_msgs/msg/rosidl_typesupport_fastrtps_c__visibility_control.h
-- Symlinking: /root/researchv2/install/urg_node_msgs/lib/liburg_node_msgs__rosidl_typesupport_fastrtps_c.so
-- Symlinking: /root/researchv2/install/urg_node_msgs/include/urg_node_msgs/msg/detail/status__rosidl_typesupport_fastrtps_cpp.hpp
-- Symlinking: /root/researchv2/install/urg_node_msgs/include/urg_node_msgs/msg/rosidl_typesupport_fastrtps_cpp__visibility_control.h
-- Symlinking: /root/researchv2/install/urg_node_msgs/lib/liburg_node_msgs__rosidl_typesupport_fastrtps_cpp.so
-- Symlinking: /root/researchv2/install/urg_node_msgs/include/urg_node_msgs/msg/detail/status__rosidl_typesupport_introspection_c.h
-- Symlinking: /root/researchv2/install/urg_node_msgs/include/urg_node_msgs/msg/rosidl_typesupport_introspection_c__visibility_control.h
-- Symlinking: /root/researchv2/install/urg_node_msgs/include/urg_node_msgs/msg/detail/status__builder.hpp
-- Symlinking: /root/researchv2/install/urg_node_msgs/include/urg_node_msgs/msg/detail/status__struct.hpp
-- Symlinking: /root/researchv2/install/urg_node_msgs/include/urg_node_msgs/msg/detail/status__traits.hpp
-- Symlinking: /root/researchv2/install/urg_node_msgs/include/urg_node_msgs/msg/status.hpp
-- Symlinking: /root/researchv2/install/urg_node_msgs/include/urg_node_msgs/msg/detail/status__rosidl_typesupport_introspection_cpp.hpp
-- Symlinking: /root/researchv2/install/urg_node_msgs/share/urg_node_msgs/environment/pythonpath.sh
-- Symlinking: /root/researchv2/install/urg_node_msgs/share/urg_node_msgs/environment/pythonpath.dsv
-- Symlinking: /root/researchv2/install/urg_node_msgs/lib/python3.8/site-packages/urg_node_msgs/__init__.py
-- Symlinking: /root/researchv2/install/urg_node_msgs/lib/python3.8/site-packages/urg_node_msgs/msg/__init__.py
-- Symlinking: /root/researchv2/install/urg_node_msgs/lib/python3.8/site-packages/urg_node_msgs/msg/_status.py
-- Symlinking: /root/researchv2/install/urg_node_msgs/lib/python3.8/site-packages/urg_node_msgs/urg_node_msgs_s__rosidl_typesupport_fastrtps_c.cpython-38-x86_64-linux-gnu.so
-- Symlinking: /root/researchv2/install/urg_node_msgs/lib/python3.8/site-packages/urg_node_msgs/urg_node_msgs_s__rosidl_typesupport_introspection_c.cpython-38-x86_64-linux-gnu.so
-- Symlinking: /root/researchv2/install/urg_node_msgs/lib/python3.8/site-packages/urg_node_msgs/urg_node_msgs_s__rosidl_typesupport_c.cpython-38-x86_64-linux-gnu.so
-- Symlinking: /root/researchv2/install/urg_node_msgs/lib/liburg_node_msgs__python.so
-- Symlinking: /root/researchv2/install/urg_node_msgs/share/urg_node_msgs/msg/Status.idl
-- Symlinking: /root/researchv2/install/urg_node_msgs/share/urg_node_msgs/msg/Status.msg
-- Symlinking: /root/researchv2/install/urg_node_msgs/share/urg_node_msgs/mapping_rules.yaml
-- Symlinking: /root/researchv2/install/urg_node_msgs/share/ament_index/resource_index/package_run_dependencies/urg_node_msgs
-- Symlinking: /root/researchv2/install/urg_node_msgs/share/ament_index/resource_index/parent_prefix_path/urg_node_msgs
-- Symlinking: /root/researchv2/install/urg_node_msgs/share/urg_node_msgs/environment/ament_prefix_path.sh
-- Symlinking: /root/researchv2/install/urg_node_msgs/share/urg_node_msgs/environment/ament_prefix_path.dsv
-- Symlinking: /root/researchv2/install/urg_node_msgs/share/urg_node_msgs/environment/path.sh
-- Symlinking: /root/researchv2/install/urg_node_msgs/share/urg_node_msgs/environment/path.dsv
-- Symlinking: /root/researchv2/install/urg_node_msgs/share/urg_node_msgs/local_setup.bash
-- Symlinking: /root/researchv2/install/urg_node_msgs/share/urg_node_msgs/local_setup.sh
-- Symlinking: /root/researchv2/install/urg_node_msgs/share/urg_node_msgs/local_setup.zsh
-- Symlinking: /root/researchv2/install/urg_node_msgs/share/urg_node_msgs/local_setup.dsv
-- Symlinking: /root/researchv2/install/urg_node_msgs/share/urg_node_msgs/package.dsv
-- Symlinking: /root/researchv2/install/urg_node_msgs/share/ament_index/resource_index/packages/urg_node_msgs
-- Symlinking: /root/researchv2/install/urg_node_msgs/share/urg_node_msgs/cmake/rosidl_cmake-extras.cmake
-- Symlinking: /root/researchv2/install/urg_node_msgs/share/urg_node_msgs/cmake/ament_cmake_export_dependencies-extras.cmake
-- Symlinking: /root/researchv2/install/urg_node_msgs/share/urg_node_msgs/cmake/ament_cmake_export_libraries-extras.cmake
-- Symlinking: /root/researchv2/install/urg_node_msgs/share/urg_node_msgs/cmake/ament_cmake_export_targets-extras.cmake
-- Symlinking: /root/researchv2/install/urg_node_msgs/share/urg_node_msgs/cmake/ament_cmake_export_include_directories-extras.cmake
-- Symlinking: /root/researchv2/install/urg_node_msgs/share/urg_node_msgs/cmake/rosidl_cmake_export_typesupport_libraries-extras.cmake
-- Symlinking: /root/researchv2/install/urg_node_msgs/share/urg_node_msgs/cmake/rosidl_cmake_export_typesupport_targets-extras.cmake
-- Symlinking: /root/researchv2/install/urg_node_msgs/share/urg_node_msgs/cmake/urg_node_msgsConfig.cmake
-- Symlinking: /root/researchv2/install/urg_node_msgs/share/urg_node_msgs/cmake/urg_node_msgsConfig-version.cmake
-- Symlinking: /root/researchv2/install/urg_node_msgs/share/urg_node_msgs/package.xml
-- Up-to-date: /root/researchv2/install/urg_node_msgs/lib/liburg_node_msgs__rosidl_generator_c.so
-- Up-to-date: /root/researchv2/install/urg_node_msgs/lib/liburg_node_msgs__rosidl_typesupport_introspection_c.so
-- Up-to-date: /root/researchv2/install/urg_node_msgs/lib/liburg_node_msgs__rosidl_typesupport_c.so
-- Up-to-date: /root/researchv2/install/urg_node_msgs/lib/liburg_node_msgs__rosidl_typesupport_introspection_cpp.so
-- Up-to-date: /root/researchv2/install/urg_node_msgs/lib/liburg_node_msgs__rosidl_typesupport_cpp.so
Compiling '/root/researchv2/install/urg_node_msgs/lib/python3.8/site-packages/urg_node_msgs/__init__.py'...
-- Up-to-date: /root/researchv2/install/urg_node_msgs/share/urg_node_msgs/cmake/urg_node_msgs__rosidl_generator_cExport.cmake
-- Installing: /root/researchv2/install/urg_node_msgs/share/urg_node_msgs/cmake/urg_node_msgs__rosidl_generator_cExport-noconfig.cmake
-- Up-to-date: /root/researchv2/install/urg_node_msgs/share/urg_node_msgs/cmake/urg_node_msgs__rosidl_typesupport_introspection_cExport.cmake
-- Installing: /root/researchv2/install/urg_node_msgs/share/urg_node_msgs/cmake/urg_node_msgs__rosidl_typesupport_introspection_cExport-noconfig.cmake
-- Up-to-date: /root/researchv2/install/urg_node_msgs/share/urg_node_msgs/cmake/urg_node_msgs__rosidl_typesupport_cExport.cmake
-- Installing: /root/researchv2/install/urg_node_msgs/share/urg_node_msgs/cmake/urg_node_msgs__rosidl_typesupport_cExport-noconfig.cmake
-- Up-to-date: /root/researchv2/install/urg_node_msgs/share/urg_node_msgs/cmake/urg_node_msgs__rosidl_generator_cppExport.cmake
-- Up-to-date: /root/researchv2/install/urg_node_msgs/share/urg_node_msgs/cmake/urg_node_msgs__rosidl_typesupport_introspection_cppExport.cmake
-- Installing: /root/researchv2/install/urg_node_msgs/share/urg_node_msgs/cmake/urg_node_msgs__rosidl_typesupport_introspection_cppExport-noconfig.cmake
-- Up-to-date: /root/researchv2/install/urg_node_msgs/share/urg_node_msgs/cmake/urg_node_msgs__rosidl_typesupport_cppExport.cmake
-- Installing: /root/researchv2/install/urg_node_msgs/share/urg_node_msgs/cmake/urg_node_msgs__rosidl_typesupport_cppExport-noconfig.cmake
