[1.392s] Invoking command in '/root/researchv2/src/chaser_system': PYTHONPATH=/root/researchv2/install/chaser_system/lib/python3.8/site-packages:${PYTHONPATH} _=/usr/bin/env /usr/bin/python3 setup.py egg_info --egg-base ../../build/chaser_system build --build-base /root/researchv2/build/chaser_system/build install --prefix /root/researchv2/install/chaser_system --record /root/researchv2/build/chaser_system/install.log --single-version-externally-managed
[1.926s] running egg_info
[1.927s] writing ../../build/chaser_system/chaser_system.egg-info/PKG-INFO
[1.927s] writing dependency_links to ../../build/chaser_system/chaser_system.egg-info/dependency_links.txt
[1.928s] writing entry points to ../../build/chaser_system/chaser_system.egg-info/entry_points.txt
[1.928s] writing requirements to ../../build/chaser_system/chaser_system.egg-info/requires.txt
[1.928s] writing top-level names to ../../build/chaser_system/chaser_system.egg-info/top_level.txt
[2.015s] reading manifest file '../../build/chaser_system/chaser_system.egg-info/SOURCES.txt'
[2.017s] writing manifest file '../../build/chaser_system/chaser_system.egg-info/SOURCES.txt'
[2.017s] running build
[2.017s] running build_py
[2.018s] copying chaser_system/person_check.py -> /root/researchv2/build/chaser_system/build/lib/chaser_system
[2.018s] running install
[2.020s] running install_lib
[2.021s] copying /root/researchv2/build/chaser_system/build/lib/chaser_system/person_check.py -> /root/researchv2/install/chaser_system/lib/python3.8/site-packages/chaser_system
[2.023s] byte-compiling /root/researchv2/install/chaser_system/lib/python3.8/site-packages/chaser_system/person_check.py to person_check.cpython-38.pyc
[2.028s] running install_data
[2.029s] running install_egg_info
[2.032s] removing '/root/researchv2/install/chaser_system/lib/python3.8/site-packages/chaser_system-0.0.0-py3.8.egg-info' (and everything under it)
[2.032s] Copying ../../build/chaser_system/chaser_system.egg-info to /root/researchv2/install/chaser_system/lib/python3.8/site-packages/chaser_system-0.0.0-py3.8.egg-info
[2.035s] running install_scripts
[2.071s] Installing image_inputer script to /root/researchv2/install/chaser_system/lib/chaser_system
[2.072s] Installing person_check script to /root/researchv2/install/chaser_system/lib/chaser_system
[2.072s] Installing pose_tf2 script to /root/researchv2/install/chaser_system/lib/chaser_system
[2.072s] Installing rgbd_generator script to /root/researchv2/install/chaser_system/lib/chaser_system
[2.073s] Installing three_d_pose_analysis script to /root/researchv2/install/chaser_system/lib/chaser_system
[2.073s] writing list of installed files to '/root/researchv2/build/chaser_system/install.log'
[2.115s] Invoked command in '/root/researchv2/src/chaser_system' returned '0': PYTHONPATH=/root/researchv2/install/chaser_system/lib/python3.8/site-packages:${PYTHONPATH} _=/usr/bin/env /usr/bin/python3 setup.py egg_info --egg-base ../../build/chaser_system build --build-base /root/researchv2/build/chaser_system/build install --prefix /root/researchv2/install/chaser_system --record /root/researchv2/build/chaser_system/install.log --single-version-externally-managed
