[0.111s] Invoking command in '/root/researchv2/build/slam_toolbox': CMAKE_PREFIX_PATH=${CMAKE_PREFIX_PATH}:/root/researchv2/install/chaser_system:/opt/ros/foxy /usr/bin/cmake --build /root/researchv2/build/slam_toolbox -- -j12 -l12
[0.401s] [  1%] Built target slam_toolbox__cpp
[0.430s] [ 10%] Built target slam_toolbox__rosidl_generator_c
[0.479s] [ 12%] Built target kartoSlamToolbox
[0.501s] [ 30%] Built target slam_toolbox__rosidl_typesupport_introspection_cpp
[0.502s] [ 33%] Built target slam_toolbox__rosidl_typesupport_introspection_c
[0.502s] [ 39%] Built target slam_toolbox__rosidl_typesupport_cpp
[0.508s] [ 48%] Built target slam_toolbox__rosidl_typesupport_c
[0.520s] [ 57%] Built target slam_toolbox__rosidl_typesupport_fastrtps_cpp
[0.593s] [ 66%] Built target slam_toolbox__rosidl_typesupport_fastrtps_c
[0.629s] [ 66%] Built target slam_toolbox
[0.673s] [ 67%] Built target slam_toolbox__py
[0.742s] [ 69%] Built target ceres_solver_plugin
[0.750s] [ 77%] Built target slam_toolbox__python
[0.782s] [ 82%] Built target toolbox_common
[0.786s] [ 84%] Built target SlamToolboxPlugin
[0.825s] [ 85%] Built target slam_toolbox__rosidl_typesupport_fastrtps_c__pyext
[0.826s] [ 87%] Built target slam_toolbox__rosidl_typesupport_introspection_c__pyext
[0.826s] [ 87%] Built target slam_toolbox__rosidl_typesupport_c__pyext
[0.879s] [ 88%] Built target merge_maps_kinematic
[0.881s] [ 90%] Built target lifelong_slam_toolbox
[0.882s] [ 92%] Built target sync_slam_toolbox
[0.882s] [ 93%] Built target localization_slam_toolbox
[0.910s] [ 95%] Built target async_slam_toolbox
[0.992s] [ 99%] Built target localization_slam_toolbox_node
[0.993s] [ 99%] Built target lifelong_slam_toolbox_node
[0.993s] [ 99%] Built target sync_slam_toolbox_node
[1.020s] [100%] Built target async_slam_toolbox_node
[1.040s] Invoked command in '/root/researchv2/build/slam_toolbox' returned '0': CMAKE_PREFIX_PATH=${CMAKE_PREFIX_PATH}:/root/researchv2/install/chaser_system:/opt/ros/foxy /usr/bin/cmake --build /root/researchv2/build/slam_toolbox -- -j12 -l12
[1.523s] Invoking command in '/root/researchv2/build/slam_toolbox': CMAKE_PREFIX_PATH=${CMAKE_PREFIX_PATH}:/root/researchv2/install/chaser_system:/opt/ros/foxy /usr/bin/cmake --install /root/researchv2/build/slam_toolbox
[1.541s] -- Install configuration: "Release"
[1.541s] -- Up-to-date: /root/researchv2/install/slam_toolbox/share/ament_index/resource_index/rosidl_interfaces/slam_toolbox
[1.542s] -- Up-to-date: /root/researchv2/install/slam_toolbox/include/slam_toolbox
[1.542s] -- Up-to-date: /root/researchv2/install/slam_toolbox/include/slam_toolbox/srv
[1.542s] -- Up-to-date: /root/researchv2/install/slam_toolbox/include/slam_toolbox/srv/clear_queue.h
[1.543s] -- Up-to-date: /root/researchv2/install/slam_toolbox/include/slam_toolbox/srv/add_submap.h
[1.543s] -- Up-to-date: /root/researchv2/install/slam_toolbox/include/slam_toolbox/srv/toggle_interactive.h
[1.543s] -- Up-to-date: /root/researchv2/install/slam_toolbox/include/slam_toolbox/srv/pause.h
[1.543s] -- Up-to-date: /root/researchv2/install/slam_toolbox/include/slam_toolbox/srv/detail
[1.544s] -- Up-to-date: /root/researchv2/install/slam_toolbox/include/slam_toolbox/srv/detail/loop_closure__type_support.h
[1.544s] -- Up-to-date: /root/researchv2/install/slam_toolbox/include/slam_toolbox/srv/detail/merge_maps__struct.h
[1.544s] -- Up-to-date: /root/researchv2/install/slam_toolbox/include/slam_toolbox/srv/detail/clear__type_support.h
[1.544s] -- Up-to-date: /root/researchv2/install/slam_toolbox/include/slam_toolbox/srv/detail/save_map__type_support.h
[1.544s] -- Up-to-date: /root/researchv2/install/slam_toolbox/include/slam_toolbox/srv/detail/pause__functions.c
[1.545s] -- Up-to-date: /root/researchv2/install/slam_toolbox/include/slam_toolbox/srv/detail/add_submap__type_support.h
[1.545s] -- Up-to-date: /root/researchv2/install/slam_toolbox/include/slam_toolbox/srv/detail/clear__functions.h
[1.545s] -- Up-to-date: /root/researchv2/install/slam_toolbox/include/slam_toolbox/srv/detail/pause__functions.h
[1.546s] -- Up-to-date: /root/researchv2/install/slam_toolbox/include/slam_toolbox/srv/detail/add_submap__struct.h
[1.546s] -- Up-to-date: /root/researchv2/install/slam_toolbox/include/slam_toolbox/srv/detail/merge_maps__functions.c
[1.546s] -- Up-to-date: /root/researchv2/install/slam_toolbox/include/slam_toolbox/srv/detail/deserialize_pose_graph__type_support.h
[1.546s] -- Up-to-date: /root/researchv2/install/slam_toolbox/include/slam_toolbox/srv/detail/deserialize_pose_graph__struct.h
[1.547s] -- Up-to-date: /root/researchv2/install/slam_toolbox/include/slam_toolbox/srv/detail/loop_closure__functions.c
[1.547s] -- Up-to-date: /root/researchv2/install/slam_toolbox/include/slam_toolbox/srv/detail/toggle_interactive__functions.c
[1.547s] -- Up-to-date: /root/researchv2/install/slam_toolbox/include/slam_toolbox/srv/detail/toggle_interactive__type_support.h
[1.547s] -- Up-to-date: /root/researchv2/install/slam_toolbox/include/slam_toolbox/srv/detail/add_submap__functions.h
[1.548s] -- Up-to-date: /root/researchv2/install/slam_toolbox/include/slam_toolbox/srv/detail/merge_maps__type_support.h
[1.548s] -- Up-to-date: /root/researchv2/install/slam_toolbox/include/slam_toolbox/srv/detail/loop_closure__struct.h
[1.548s] -- Up-to-date: /root/researchv2/install/slam_toolbox/include/slam_toolbox/srv/detail/save_map__struct.h
[1.548s] -- Up-to-date: /root/researchv2/install/slam_toolbox/include/slam_toolbox/srv/detail/deserialize_pose_graph__functions.h
[1.548s] -- Up-to-date: /root/researchv2/install/slam_toolbox/include/slam_toolbox/srv/detail/toggle_interactive__struct.h
[1.548s] -- Up-to-date: /root/researchv2/install/slam_toolbox/include/slam_toolbox/srv/detail/deserialize_pose_graph__functions.c
[1.549s] -- Up-to-date: /root/researchv2/install/slam_toolbox/include/slam_toolbox/srv/detail/merge_maps__functions.h
[1.549s] -- Up-to-date: /root/researchv2/install/slam_toolbox/include/slam_toolbox/srv/detail/save_map__functions.h
[1.549s] -- Up-to-date: /root/researchv2/install/slam_toolbox/include/slam_toolbox/srv/detail/pause__struct.h
[1.549s] -- Up-to-date: /root/researchv2/install/slam_toolbox/include/slam_toolbox/srv/detail/clear_queue__functions.c
[1.549s] -- Up-to-date: /root/researchv2/install/slam_toolbox/include/slam_toolbox/srv/detail/clear_queue__functions.h
[1.549s] -- Up-to-date: /root/researchv2/install/slam_toolbox/include/slam_toolbox/srv/detail/clear__struct.h
[1.550s] -- Up-to-date: /root/researchv2/install/slam_toolbox/include/slam_toolbox/srv/detail/serialize_pose_graph__functions.h
[1.550s] -- Up-to-date: /root/researchv2/install/slam_toolbox/include/slam_toolbox/srv/detail/clear_queue__type_support.h
[1.550s] -- Up-to-date: /root/researchv2/install/slam_toolbox/include/slam_toolbox/srv/detail/clear_queue__struct.h
[1.550s] -- Up-to-date: /root/researchv2/install/slam_toolbox/include/slam_toolbox/srv/detail/serialize_pose_graph__struct.h
[1.551s] -- Up-to-date: /root/researchv2/install/slam_toolbox/include/slam_toolbox/srv/detail/clear__functions.c
[1.551s] -- Up-to-date: /root/researchv2/install/slam_toolbox/include/slam_toolbox/srv/detail/toggle_interactive__functions.h
[1.551s] -- Up-to-date: /root/researchv2/install/slam_toolbox/include/slam_toolbox/srv/detail/serialize_pose_graph__type_support.h
[1.551s] -- Up-to-date: /root/researchv2/install/slam_toolbox/include/slam_toolbox/srv/detail/pause__type_support.h
[1.552s] -- Up-to-date: /root/researchv2/install/slam_toolbox/include/slam_toolbox/srv/detail/serialize_pose_graph__functions.c
[1.552s] -- Up-to-date: /root/researchv2/install/slam_toolbox/include/slam_toolbox/srv/detail/add_submap__functions.c
[1.552s] -- Up-to-date: /root/researchv2/install/slam_toolbox/include/slam_toolbox/srv/detail/loop_closure__functions.h
[1.552s] -- Up-to-date: /root/researchv2/install/slam_toolbox/include/slam_toolbox/srv/detail/save_map__functions.c
[1.553s] -- Up-to-date: /root/researchv2/install/slam_toolbox/include/slam_toolbox/srv/merge_maps.h
[1.553s] -- Up-to-date: /root/researchv2/install/slam_toolbox/include/slam_toolbox/srv/loop_closure.h
[1.553s] -- Up-to-date: /root/researchv2/install/slam_toolbox/include/slam_toolbox/srv/clear.h
[1.553s] -- Up-to-date: /root/researchv2/install/slam_toolbox/include/slam_toolbox/srv/save_map.h
[1.554s] -- Up-to-date: /root/researchv2/install/slam_toolbox/include/slam_toolbox/srv/serialize_pose_graph.h
[1.554s] -- Up-to-date: /root/researchv2/install/slam_toolbox/include/slam_toolbox/srv/deserialize_pose_graph.h
[1.554s] -- Up-to-date: /root/researchv2/install/slam_toolbox/include/slam_toolbox/msg
[1.554s] -- Up-to-date: /root/researchv2/install/slam_toolbox/include/slam_toolbox/msg/rosidl_generator_c__visibility_control.h
[1.555s] -- Up-to-date: /root/researchv2/install/slam_toolbox/share/slam_toolbox/environment/library_path.sh
[1.555s] -- Up-to-date: /root/researchv2/install/slam_toolbox/share/slam_toolbox/environment/library_path.dsv
[1.555s] -- Up-to-date: /root/researchv2/install/slam_toolbox/lib/libslam_toolbox__rosidl_generator_c.so
[1.555s] -- Up-to-date: /root/researchv2/install/slam_toolbox/include/slam_toolbox
[1.556s] -- Up-to-date: /root/researchv2/install/slam_toolbox/include/slam_toolbox/srv
[1.556s] -- Up-to-date: /root/researchv2/install/slam_toolbox/include/slam_toolbox/srv/detail
[1.556s] -- Up-to-date: /root/researchv2/install/slam_toolbox/include/slam_toolbox/srv/detail/deserialize_pose_graph__rosidl_typesupport_fastrtps_c.h
[1.556s] -- Up-to-date: /root/researchv2/install/slam_toolbox/include/slam_toolbox/srv/detail/merge_maps__rosidl_typesupport_fastrtps_c.h
[1.556s] -- Up-to-date: /root/researchv2/install/slam_toolbox/include/slam_toolbox/srv/detail/add_submap__rosidl_typesupport_fastrtps_c.h
[1.557s] -- Up-to-date: /root/researchv2/install/slam_toolbox/include/slam_toolbox/srv/detail/clear_queue__rosidl_typesupport_fastrtps_c.h
[1.557s] -- Up-to-date: /root/researchv2/install/slam_toolbox/include/slam_toolbox/srv/detail/clear__rosidl_typesupport_fastrtps_c.h
[1.557s] -- Up-to-date: /root/researchv2/install/slam_toolbox/include/slam_toolbox/srv/detail/toggle_interactive__rosidl_typesupport_fastrtps_c.h
[1.557s] -- Up-to-date: /root/researchv2/install/slam_toolbox/include/slam_toolbox/srv/detail/serialize_pose_graph__rosidl_typesupport_fastrtps_c.h
[1.557s] -- Up-to-date: /root/researchv2/install/slam_toolbox/include/slam_toolbox/srv/detail/pause__rosidl_typesupport_fastrtps_c.h
[1.558s] -- Up-to-date: /root/researchv2/install/slam_toolbox/include/slam_toolbox/srv/detail/save_map__rosidl_typesupport_fastrtps_c.h
[1.558s] -- Up-to-date: /root/researchv2/install/slam_toolbox/include/slam_toolbox/srv/detail/loop_closure__rosidl_typesupport_fastrtps_c.h
[1.558s] -- Up-to-date: /root/researchv2/install/slam_toolbox/include/slam_toolbox/msg
[1.559s] -- Up-to-date: /root/researchv2/install/slam_toolbox/include/slam_toolbox/msg/rosidl_typesupport_fastrtps_c__visibility_control.h
[1.559s] -- Up-to-date: /root/researchv2/install/slam_toolbox/lib/libslam_toolbox__rosidl_typesupport_fastrtps_c.so
[1.559s] -- Up-to-date: /root/researchv2/install/slam_toolbox/include/slam_toolbox
[1.560s] -- Up-to-date: /root/researchv2/install/slam_toolbox/include/slam_toolbox/srv
[1.560s] -- Up-to-date: /root/researchv2/install/slam_toolbox/include/slam_toolbox/srv/detail
[1.560s] -- Up-to-date: /root/researchv2/install/slam_toolbox/include/slam_toolbox/srv/detail/clear__rosidl_typesupport_fastrtps_cpp.hpp
[1.560s] -- Up-to-date: /root/researchv2/install/slam_toolbox/include/slam_toolbox/srv/detail/loop_closure__rosidl_typesupport_fastrtps_cpp.hpp
[1.560s] -- Up-to-date: /root/researchv2/install/slam_toolbox/include/slam_toolbox/srv/detail/clear_queue__rosidl_typesupport_fastrtps_cpp.hpp
[1.561s] -- Up-to-date: /root/researchv2/install/slam_toolbox/include/slam_toolbox/srv/detail/serialize_pose_graph__rosidl_typesupport_fastrtps_cpp.hpp
[1.561s] -- Up-to-date: /root/researchv2/install/slam_toolbox/include/slam_toolbox/srv/detail/toggle_interactive__rosidl_typesupport_fastrtps_cpp.hpp
[1.561s] -- Up-to-date: /root/researchv2/install/slam_toolbox/include/slam_toolbox/srv/detail/deserialize_pose_graph__rosidl_typesupport_fastrtps_cpp.hpp
[1.561s] -- Up-to-date: /root/researchv2/install/slam_toolbox/include/slam_toolbox/srv/detail/add_submap__rosidl_typesupport_fastrtps_cpp.hpp
[1.561s] -- Up-to-date: /root/researchv2/install/slam_toolbox/include/slam_toolbox/srv/detail/merge_maps__rosidl_typesupport_fastrtps_cpp.hpp
[1.561s] -- Up-to-date: /root/researchv2/install/slam_toolbox/include/slam_toolbox/srv/detail/save_map__rosidl_typesupport_fastrtps_cpp.hpp
[1.562s] -- Up-to-date: /root/researchv2/install/slam_toolbox/include/slam_toolbox/srv/detail/dds_fastrtps
[1.562s] -- Up-to-date: /root/researchv2/install/slam_toolbox/include/slam_toolbox/srv/detail/pause__rosidl_typesupport_fastrtps_cpp.hpp
[1.562s] -- Up-to-date: /root/researchv2/install/slam_toolbox/include/slam_toolbox/msg
[1.562s] -- Up-to-date: /root/researchv2/install/slam_toolbox/include/slam_toolbox/msg/rosidl_typesupport_fastrtps_cpp__visibility_control.h
[1.562s] -- Up-to-date: /root/researchv2/install/slam_toolbox/lib/libslam_toolbox__rosidl_typesupport_fastrtps_cpp.so
[1.562s] -- Up-to-date: /root/researchv2/install/slam_toolbox/include/slam_toolbox
[1.563s] -- Up-to-date: /root/researchv2/install/slam_toolbox/include/slam_toolbox/srv
[1.563s] -- Up-to-date: /root/researchv2/install/slam_toolbox/include/slam_toolbox/srv/detail
[1.563s] -- Up-to-date: /root/researchv2/install/slam_toolbox/include/slam_toolbox/srv/detail/merge_maps__type_support.c
[1.563s] -- Up-to-date: /root/researchv2/install/slam_toolbox/include/slam_toolbox/srv/detail/loop_closure__type_support.c
[1.564s] -- Up-to-date: /root/researchv2/install/slam_toolbox/include/slam_toolbox/srv/detail/clear_queue__rosidl_typesupport_introspection_c.h
[1.564s] -- Up-to-date: /root/researchv2/install/slam_toolbox/include/slam_toolbox/srv/detail/add_submap__type_support.c
[1.564s] -- Up-to-date: /root/researchv2/install/slam_toolbox/include/slam_toolbox/srv/detail/serialize_pose_graph__type_support.c
[1.565s] -- Up-to-date: /root/researchv2/install/slam_toolbox/include/slam_toolbox/srv/detail/save_map__rosidl_typesupport_introspection_c.h
[1.565s] -- Up-to-date: /root/researchv2/install/slam_toolbox/include/slam_toolbox/srv/detail/deserialize_pose_graph__rosidl_typesupport_introspection_c.h
[1.565s] -- Up-to-date: /root/researchv2/install/slam_toolbox/include/slam_toolbox/srv/detail/loop_closure__rosidl_typesupport_introspection_c.h
[1.566s] -- Up-to-date: /root/researchv2/install/slam_toolbox/include/slam_toolbox/srv/detail/toggle_interactive__type_support.c
[1.566s] -- Up-to-date: /root/researchv2/install/slam_toolbox/include/slam_toolbox/srv/detail/add_submap__rosidl_typesupport_introspection_c.h
[1.566s] -- Up-to-date: /root/researchv2/install/slam_toolbox/include/slam_toolbox/srv/detail/pause__rosidl_typesupport_introspection_c.h
[1.566s] -- Up-to-date: /root/researchv2/install/slam_toolbox/include/slam_toolbox/srv/detail/save_map__type_support.c
[1.567s] -- Up-to-date: /root/researchv2/install/slam_toolbox/include/slam_toolbox/srv/detail/merge_maps__rosidl_typesupport_introspection_c.h
[1.567s] -- Up-to-date: /root/researchv2/install/slam_toolbox/include/slam_toolbox/srv/detail/serialize_pose_graph__rosidl_typesupport_introspection_c.h
[1.568s] -- Up-to-date: /root/researchv2/install/slam_toolbox/include/slam_toolbox/srv/detail/clear__type_support.c
[1.568s] -- Up-to-date: /root/researchv2/install/slam_toolbox/include/slam_toolbox/srv/detail/pause__type_support.c
[1.568s] -- Up-to-date: /root/researchv2/install/slam_toolbox/include/slam_toolbox/srv/detail/clear__rosidl_typesupport_introspection_c.h
[1.568s] -- Up-to-date: /root/researchv2/install/slam_toolbox/include/slam_toolbox/srv/detail/deserialize_pose_graph__type_support.c
[1.568s] -- Up-to-date: /root/researchv2/install/slam_toolbox/include/slam_toolbox/srv/detail/toggle_interactive__rosidl_typesupport_introspection_c.h
[1.568s] -- Up-to-date: /root/researchv2/install/slam_toolbox/include/slam_toolbox/srv/detail/clear_queue__type_support.c
[1.569s] -- Up-to-date: /root/researchv2/install/slam_toolbox/include/slam_toolbox/msg
[1.569s] -- Up-to-date: /root/researchv2/install/slam_toolbox/include/slam_toolbox/msg/rosidl_typesupport_introspection_c__visibility_control.h
[1.569s] -- Up-to-date: /root/researchv2/install/slam_toolbox/lib/libslam_toolbox__rosidl_typesupport_introspection_c.so
[1.569s] -- Up-to-date: /root/researchv2/install/slam_toolbox/lib/libslam_toolbox__rosidl_typesupport_c.so
[1.569s] -- Up-to-date: /root/researchv2/install/slam_toolbox/include/slam_toolbox
[1.570s] -- Up-to-date: /root/researchv2/install/slam_toolbox/include/slam_toolbox/srv
[1.570s] -- Up-to-date: /root/researchv2/install/slam_toolbox/include/slam_toolbox/srv/loop_closure.hpp
[1.570s] -- Up-to-date: /root/researchv2/install/slam_toolbox/include/slam_toolbox/srv/pause.hpp
[1.570s] -- Up-to-date: /root/researchv2/install/slam_toolbox/include/slam_toolbox/srv/clear.hpp
[1.570s] -- Up-to-date: /root/researchv2/install/slam_toolbox/include/slam_toolbox/srv/add_submap.hpp
[1.571s] -- Up-to-date: /root/researchv2/install/slam_toolbox/include/slam_toolbox/srv/clear_queue.hpp
[1.571s] -- Up-to-date: /root/researchv2/install/slam_toolbox/include/slam_toolbox/srv/serialize_pose_graph.hpp
[1.571s] -- Up-to-date: /root/researchv2/install/slam_toolbox/include/slam_toolbox/srv/detail
[1.571s] -- Up-to-date: /root/researchv2/install/slam_toolbox/include/slam_toolbox/srv/detail/loop_closure__struct.hpp
[1.571s] -- Up-to-date: /root/researchv2/install/slam_toolbox/include/slam_toolbox/srv/detail/serialize_pose_graph__struct.hpp
[1.572s] -- Up-to-date: /root/researchv2/install/slam_toolbox/include/slam_toolbox/srv/detail/add_submap__struct.hpp
[1.572s] -- Up-to-date: /root/researchv2/install/slam_toolbox/include/slam_toolbox/srv/detail/toggle_interactive__struct.hpp
[1.572s] -- Up-to-date: /root/researchv2/install/slam_toolbox/include/slam_toolbox/srv/detail/save_map__builder.hpp
[1.572s] -- Up-to-date: /root/researchv2/install/slam_toolbox/include/slam_toolbox/srv/detail/clear_queue__builder.hpp
[1.572s] -- Up-to-date: /root/researchv2/install/slam_toolbox/include/slam_toolbox/srv/detail/pause__traits.hpp
[1.573s] -- Up-to-date: /root/researchv2/install/slam_toolbox/include/slam_toolbox/srv/detail/deserialize_pose_graph__builder.hpp
[1.573s] -- Up-to-date: /root/researchv2/install/slam_toolbox/include/slam_toolbox/srv/detail/merge_maps__builder.hpp
[1.573s] -- Up-to-date: /root/researchv2/install/slam_toolbox/include/slam_toolbox/srv/detail/serialize_pose_graph__traits.hpp
[1.573s] -- Up-to-date: /root/researchv2/install/slam_toolbox/include/slam_toolbox/srv/detail/serialize_pose_graph__builder.hpp
[1.573s] -- Up-to-date: /root/researchv2/install/slam_toolbox/include/slam_toolbox/srv/detail/save_map__struct.hpp
[1.574s] -- Up-to-date: /root/researchv2/install/slam_toolbox/include/slam_toolbox/srv/detail/deserialize_pose_graph__traits.hpp
[1.574s] -- Up-to-date: /root/researchv2/install/slam_toolbox/include/slam_toolbox/srv/detail/clear__struct.hpp
[1.574s] -- Up-to-date: /root/researchv2/install/slam_toolbox/include/slam_toolbox/srv/detail/add_submap__traits.hpp
[1.574s] -- Up-to-date: /root/researchv2/install/slam_toolbox/include/slam_toolbox/srv/detail/loop_closure__traits.hpp
[1.574s] -- Up-to-date: /root/researchv2/install/slam_toolbox/include/slam_toolbox/srv/detail/add_submap__builder.hpp
[1.574s] -- Up-to-date: /root/researchv2/install/slam_toolbox/include/slam_toolbox/srv/detail/toggle_interactive__traits.hpp
[1.575s] -- Up-to-date: /root/researchv2/install/slam_toolbox/include/slam_toolbox/srv/detail/pause__struct.hpp
[1.575s] -- Up-to-date: /root/researchv2/install/slam_toolbox/include/slam_toolbox/srv/detail/clear_queue__struct.hpp
[1.575s] -- Up-to-date: /root/researchv2/install/slam_toolbox/include/slam_toolbox/srv/detail/save_map__traits.hpp
[1.575s] -- Up-to-date: /root/researchv2/install/slam_toolbox/include/slam_toolbox/srv/detail/clear__builder.hpp
[1.575s] -- Up-to-date: /root/researchv2/install/slam_toolbox/include/slam_toolbox/srv/detail/loop_closure__builder.hpp
[1.575s] -- Up-to-date: /root/researchv2/install/slam_toolbox/include/slam_toolbox/srv/detail/pause__builder.hpp
[1.576s] -- Up-to-date: /root/researchv2/install/slam_toolbox/include/slam_toolbox/srv/detail/merge_maps__struct.hpp
[1.576s] -- Up-to-date: /root/researchv2/install/slam_toolbox/include/slam_toolbox/srv/detail/toggle_interactive__builder.hpp
[1.576s] -- Up-to-date: /root/researchv2/install/slam_toolbox/include/slam_toolbox/srv/detail/clear__traits.hpp
[1.576s] -- Up-to-date: /root/researchv2/install/slam_toolbox/include/slam_toolbox/srv/detail/merge_maps__traits.hpp
[1.576s] -- Up-to-date: /root/researchv2/install/slam_toolbox/include/slam_toolbox/srv/detail/deserialize_pose_graph__struct.hpp
[1.577s] -- Up-to-date: /root/researchv2/install/slam_toolbox/include/slam_toolbox/srv/detail/clear_queue__traits.hpp
[1.577s] -- Up-to-date: /root/researchv2/install/slam_toolbox/include/slam_toolbox/srv/save_map.hpp
[1.577s] -- Up-to-date: /root/researchv2/install/slam_toolbox/include/slam_toolbox/srv/merge_maps.hpp
[1.577s] -- Up-to-date: /root/researchv2/install/slam_toolbox/include/slam_toolbox/srv/deserialize_pose_graph.hpp
[1.577s] -- Up-to-date: /root/researchv2/install/slam_toolbox/include/slam_toolbox/srv/toggle_interactive.hpp
[1.577s] -- Up-to-date: /root/researchv2/install/slam_toolbox/include/slam_toolbox
[1.577s] -- Up-to-date: /root/researchv2/install/slam_toolbox/include/slam_toolbox/srv
[1.578s] -- Up-to-date: /root/researchv2/install/slam_toolbox/include/slam_toolbox/srv/detail
[1.578s] -- Up-to-date: /root/researchv2/install/slam_toolbox/include/slam_toolbox/srv/detail/toggle_interactive__rosidl_typesupport_introspection_cpp.hpp
[1.578s] -- Up-to-date: /root/researchv2/install/slam_toolbox/include/slam_toolbox/srv/detail/serialize_pose_graph__type_support.cpp
[1.578s] -- Up-to-date: /root/researchv2/install/slam_toolbox/include/slam_toolbox/srv/detail/pause__type_support.cpp
[1.578s] -- Up-to-date: /root/researchv2/install/slam_toolbox/include/slam_toolbox/srv/detail/serialize_pose_graph__rosidl_typesupport_introspection_cpp.hpp
[1.579s] -- Up-to-date: /root/researchv2/install/slam_toolbox/include/slam_toolbox/srv/detail/save_map__type_support.cpp
[1.579s] -- Up-to-date: /root/researchv2/install/slam_toolbox/include/slam_toolbox/srv/detail/save_map__rosidl_typesupport_introspection_cpp.hpp
[1.579s] -- Up-to-date: /root/researchv2/install/slam_toolbox/include/slam_toolbox/srv/detail/add_submap__rosidl_typesupport_introspection_cpp.hpp
[1.579s] -- Up-to-date: /root/researchv2/install/slam_toolbox/include/slam_toolbox/srv/detail/add_submap__type_support.cpp
[1.579s] -- Up-to-date: /root/researchv2/install/slam_toolbox/include/slam_toolbox/srv/detail/pause__rosidl_typesupport_introspection_cpp.hpp
[1.579s] -- Up-to-date: /root/researchv2/install/slam_toolbox/include/slam_toolbox/srv/detail/clear__type_support.cpp
[1.580s] -- Up-to-date: /root/researchv2/install/slam_toolbox/include/slam_toolbox/srv/detail/clear_queue__type_support.cpp
[1.580s] -- Up-to-date: /root/researchv2/install/slam_toolbox/include/slam_toolbox/srv/detail/loop_closure__rosidl_typesupport_introspection_cpp.hpp
[1.580s] -- Up-to-date: /root/researchv2/install/slam_toolbox/include/slam_toolbox/srv/detail/clear__rosidl_typesupport_introspection_cpp.hpp
[1.580s] -- Up-to-date: /root/researchv2/install/slam_toolbox/include/slam_toolbox/srv/detail/clear_queue__rosidl_typesupport_introspection_cpp.hpp
[1.580s] -- Up-to-date: /root/researchv2/install/slam_toolbox/include/slam_toolbox/srv/detail/merge_maps__type_support.cpp
[1.580s] -- Up-to-date: /root/researchv2/install/slam_toolbox/include/slam_toolbox/srv/detail/toggle_interactive__type_support.cpp
[1.581s] -- Up-to-date: /root/researchv2/install/slam_toolbox/include/slam_toolbox/srv/detail/loop_closure__type_support.cpp
[1.581s] -- Up-to-date: /root/researchv2/install/slam_toolbox/include/slam_toolbox/srv/detail/deserialize_pose_graph__type_support.cpp
[1.581s] -- Up-to-date: /root/researchv2/install/slam_toolbox/include/slam_toolbox/srv/detail/merge_maps__rosidl_typesupport_introspection_cpp.hpp
[1.581s] -- Up-to-date: /root/researchv2/install/slam_toolbox/include/slam_toolbox/srv/detail/deserialize_pose_graph__rosidl_typesupport_introspection_cpp.hpp
[1.581s] -- Up-to-date: /root/researchv2/install/slam_toolbox/lib/libslam_toolbox__rosidl_typesupport_introspection_cpp.so
[1.582s] -- Up-to-date: /root/researchv2/install/slam_toolbox/lib/libslam_toolbox__rosidl_typesupport_cpp.so
[1.582s] -- Up-to-date: /root/researchv2/install/slam_toolbox/share/slam_toolbox/environment/pythonpath.sh
[1.582s] -- Up-to-date: /root/researchv2/install/slam_toolbox/share/slam_toolbox/environment/pythonpath.dsv
[1.582s] -- Up-to-date: /root/researchv2/install/slam_toolbox/lib/python3.8/site-packages/slam_toolbox/__init__.py
[1.646s] -- Up-to-date: /root/researchv2/install/slam_toolbox/lib/python3.8/site-packages/slam_toolbox/srv
[1.646s] -- Up-to-date: /root/researchv2/install/slam_toolbox/lib/python3.8/site-packages/slam_toolbox/srv/_save_map_s.c
[1.646s] -- Up-to-date: /root/researchv2/install/slam_toolbox/lib/python3.8/site-packages/slam_toolbox/srv/_clear.py
[1.647s] -- Up-to-date: /root/researchv2/install/slam_toolbox/lib/python3.8/site-packages/slam_toolbox/srv/_clear_queue_s.c
[1.647s] -- Up-to-date: /root/researchv2/install/slam_toolbox/lib/python3.8/site-packages/slam_toolbox/srv/_serialize_pose_graph_s.c
[1.647s] -- Up-to-date: /root/researchv2/install/slam_toolbox/lib/python3.8/site-packages/slam_toolbox/srv/_clear_s.c
[1.647s] -- Up-to-date: /root/researchv2/install/slam_toolbox/lib/python3.8/site-packages/slam_toolbox/srv/_serialize_pose_graph.py
[1.648s] -- Up-to-date: /root/researchv2/install/slam_toolbox/lib/python3.8/site-packages/slam_toolbox/srv/_toggle_interactive.py
[1.648s] -- Up-to-date: /root/researchv2/install/slam_toolbox/lib/python3.8/site-packages/slam_toolbox/srv/_merge_maps.py
[1.649s] -- Up-to-date: /root/researchv2/install/slam_toolbox/lib/python3.8/site-packages/slam_toolbox/srv/_add_submap_s.c
[1.649s] -- Up-to-date: /root/researchv2/install/slam_toolbox/lib/python3.8/site-packages/slam_toolbox/srv/_loop_closure_s.c
[1.649s] -- Up-to-date: /root/researchv2/install/slam_toolbox/lib/python3.8/site-packages/slam_toolbox/srv/_loop_closure.py
[1.650s] -- Up-to-date: /root/researchv2/install/slam_toolbox/lib/python3.8/site-packages/slam_toolbox/srv/_add_submap.py
[1.650s] -- Up-to-date: /root/researchv2/install/slam_toolbox/lib/python3.8/site-packages/slam_toolbox/srv/_deserialize_pose_graph_s.c
[1.651s] -- Up-to-date: /root/researchv2/install/slam_toolbox/lib/python3.8/site-packages/slam_toolbox/srv/_pause.py
[1.654s] -- Up-to-date: /root/researchv2/install/slam_toolbox/lib/python3.8/site-packages/slam_toolbox/srv/_pause_s.c
[1.655s] -- Up-to-date: /root/researchv2/install/slam_toolbox/lib/python3.8/site-packages/slam_toolbox/srv/_clear_queue.py
[1.655s] -- Up-to-date: /root/researchv2/install/slam_toolbox/lib/python3.8/site-packages/slam_toolbox/srv/_save_map.py
[1.656s] -- Up-to-date: /root/researchv2/install/slam_toolbox/lib/python3.8/site-packages/slam_toolbox/srv/_merge_maps_s.c
[1.656s] -- Up-to-date: /root/researchv2/install/slam_toolbox/lib/python3.8/site-packages/slam_toolbox/srv/_toggle_interactive_s.c
[1.657s] -- Up-to-date: /root/researchv2/install/slam_toolbox/lib/python3.8/site-packages/slam_toolbox/srv/_deserialize_pose_graph.py
[1.657s] -- Up-to-date: /root/researchv2/install/slam_toolbox/lib/python3.8/site-packages/slam_toolbox/srv/__init__.py
[1.657s] -- Up-to-date: /root/researchv2/install/slam_toolbox/lib/python3.8/site-packages/slam_toolbox/slam_toolbox_s__rosidl_typesupport_fastrtps_c.cpython-38-x86_64-linux-gnu.so
[1.658s] -- Up-to-date: /root/researchv2/install/slam_toolbox/lib/python3.8/site-packages/slam_toolbox/slam_toolbox_s__rosidl_typesupport_introspection_c.cpython-38-x86_64-linux-gnu.so
[1.658s] -- Up-to-date: /root/researchv2/install/slam_toolbox/lib/python3.8/site-packages/slam_toolbox/slam_toolbox_s__rosidl_typesupport_c.cpython-38-x86_64-linux-gnu.so
[1.659s] -- Up-to-date: /root/researchv2/install/slam_toolbox/lib/libslam_toolbox__python.so
[1.663s] -- Up-to-date: /root/researchv2/install/slam_toolbox/share/slam_toolbox/srv/Pause.idl
[1.664s] -- Up-to-date: /root/researchv2/install/slam_toolbox/share/slam_toolbox/srv/ClearQueue.idl
[1.664s] -- Up-to-date: /root/researchv2/install/slam_toolbox/share/slam_toolbox/srv/ToggleInteractive.idl
[1.665s] -- Up-to-date: /root/researchv2/install/slam_toolbox/share/slam_toolbox/srv/Clear.idl
[1.665s] -- Up-to-date: /root/researchv2/install/slam_toolbox/share/slam_toolbox/srv/SaveMap.idl
[1.666s] -- Up-to-date: /root/researchv2/install/slam_toolbox/share/slam_toolbox/srv/LoopClosure.idl
[1.666s] -- Up-to-date: /root/researchv2/install/slam_toolbox/share/slam_toolbox/srv/MergeMaps.idl
[1.667s] -- Up-to-date: /root/researchv2/install/slam_toolbox/share/slam_toolbox/srv/AddSubmap.idl
[1.667s] -- Up-to-date: /root/researchv2/install/slam_toolbox/share/slam_toolbox/srv/DeserializePoseGraph.idl
[1.668s] -- Up-to-date: /root/researchv2/install/slam_toolbox/share/slam_toolbox/srv/SerializePoseGraph.idl
[1.668s] -- Up-to-date: /root/researchv2/install/slam_toolbox/share/slam_toolbox/srvs/Pause.srv
[1.668s] -- Up-to-date: /root/researchv2/install/slam_toolbox/share/slam_toolbox/srvs/Pause_Request.msg
[1.669s] -- Up-to-date: /root/researchv2/install/slam_toolbox/share/slam_toolbox/srvs/Pause_Response.msg
[1.669s] -- Up-to-date: /root/researchv2/install/slam_toolbox/share/slam_toolbox/srvs/ClearQueue.srv
[1.669s] -- Up-to-date: /root/researchv2/install/slam_toolbox/share/slam_toolbox/srvs/ClearQueue_Request.msg
[1.669s] -- Up-to-date: /root/researchv2/install/slam_toolbox/share/slam_toolbox/srvs/ClearQueue_Response.msg
[1.670s] -- Up-to-date: /root/researchv2/install/slam_toolbox/share/slam_toolbox/srvs/ToggleInteractive.srv
[1.670s] -- Up-to-date: /root/researchv2/install/slam_toolbox/share/slam_toolbox/srvs/ToggleInteractive_Request.msg
[1.671s] -- Up-to-date: /root/researchv2/install/slam_toolbox/share/slam_toolbox/srvs/ToggleInteractive_Response.msg
[1.675s] -- Up-to-date: /root/researchv2/install/slam_toolbox/share/slam_toolbox/srvs/Clear.srv
[1.675s] -- Up-to-date: /root/researchv2/install/slam_toolbox/share/slam_toolbox/srvs/Clear_Request.msg
[1.676s] -- Up-to-date: /root/researchv2/install/slam_toolbox/share/slam_toolbox/srvs/Clear_Response.msg
[1.676s] -- Up-to-date: /root/researchv2/install/slam_toolbox/share/slam_toolbox/srvs/SaveMap.srv
[1.677s] -- Up-to-date: /root/researchv2/install/slam_toolbox/share/slam_toolbox/srvs/SaveMap_Request.msg
[1.677s] -- Up-to-date: /root/researchv2/install/slam_toolbox/share/slam_toolbox/srvs/SaveMap_Response.msg
[1.677s] -- Up-to-date: /root/researchv2/install/slam_toolbox/share/slam_toolbox/srvs/LoopClosure.srv
[1.678s] -- Up-to-date: /root/researchv2/install/slam_toolbox/share/slam_toolbox/srvs/LoopClosure_Request.msg
[1.682s] -- Up-to-date: /root/researchv2/install/slam_toolbox/share/slam_toolbox/srvs/LoopClosure_Response.msg
[1.683s] -- Up-to-date: /root/researchv2/install/slam_toolbox/share/slam_toolbox/srvs/MergeMaps.srv
[1.683s] -- Up-to-date: /root/researchv2/install/slam_toolbox/share/slam_toolbox/srvs/MergeMaps_Request.msg
[1.684s] -- Up-to-date: /root/researchv2/install/slam_toolbox/share/slam_toolbox/srvs/MergeMaps_Response.msg
[1.684s] -- Up-to-date: /root/researchv2/install/slam_toolbox/share/slam_toolbox/srvs/AddSubmap.srv
[1.684s] -- Up-to-date: /root/researchv2/install/slam_toolbox/share/slam_toolbox/srvs/AddSubmap_Request.msg
[1.684s] -- Up-to-date: /root/researchv2/install/slam_toolbox/share/slam_toolbox/srvs/AddSubmap_Response.msg
[1.684s] -- Up-to-date: /root/researchv2/install/slam_toolbox/share/slam_toolbox/srvs/DeserializePoseGraph.srv
[1.685s] -- Up-to-date: /root/researchv2/install/slam_toolbox/share/slam_toolbox/srvs/DeserializePoseGraph_Request.msg
[1.685s] -- Up-to-date: /root/researchv2/install/slam_toolbox/share/slam_toolbox/srvs/DeserializePoseGraph_Response.msg
[1.685s] -- Up-to-date: /root/researchv2/install/slam_toolbox/share/slam_toolbox/srvs/SerializePoseGraph.srv
[1.685s] -- Up-to-date: /root/researchv2/install/slam_toolbox/share/slam_toolbox/srvs/SerializePoseGraph_Request.msg
[1.686s] -- Up-to-date: /root/researchv2/install/slam_toolbox/share/slam_toolbox/srvs/SerializePoseGraph_Response.msg
[1.686s] -- Up-to-date: /root/researchv2/install/slam_toolbox/share/slam_toolbox/rviz_plugins.xml
[1.686s] -- Up-to-date: /root/researchv2/install/slam_toolbox/share/slam_toolbox/solver_plugins.xml
[1.686s] -- Up-to-date: /root/researchv2/install/slam_toolbox/lib/slam_toolbox/async_slam_toolbox_node
[1.688s] -- Up-to-date: /root/researchv2/install/slam_toolbox/lib/slam_toolbox/sync_slam_toolbox_node
[1.688s] -- Up-to-date: /root/researchv2/install/slam_toolbox/lib/slam_toolbox/localization_slam_toolbox_node
[1.689s] -- Up-to-date: /root/researchv2/install/slam_toolbox/lib/slam_toolbox/lifelong_slam_toolbox_node
[1.691s] -- Up-to-date: /root/researchv2/install/slam_toolbox/lib/slam_toolbox/merge_maps_kinematic
[1.691s] -- Up-to-date: /root/researchv2/install/slam_toolbox/lib/libtoolbox_common.so
[1.692s] -- Up-to-date: /root/researchv2/install/slam_toolbox/lib/libSlamToolboxPlugin.so
[1.692s] -- Up-to-date: /root/researchv2/install/slam_toolbox/lib/libceres_solver_plugin.so
[1.692s] -- Up-to-date: /root/researchv2/install/slam_toolbox/lib/libasync_slam_toolbox.so
[1.693s] -- Up-to-date: /root/researchv2/install/slam_toolbox/lib/libsync_slam_toolbox.so
[1.694s] -- Up-to-date: /root/researchv2/install/slam_toolbox/lib/liblocalization_slam_toolbox.so
[1.695s] -- Up-to-date: /root/researchv2/install/slam_toolbox/lib/liblifelong_slam_toolbox.so
[1.695s] -- Up-to-date: /root/researchv2/install/slam_toolbox/lib/libSlamToolboxPlugin.so
[1.695s] -- Up-to-date: /root/researchv2/install/slam_toolbox/include
[1.695s] -- Up-to-date: /root/researchv2/install/slam_toolbox/include/slam_toolbox
[1.696s] -- Up-to-date: /root/researchv2/install/slam_toolbox/include/slam_toolbox/laser_utils.hpp
[1.696s] -- Up-to-date: /root/researchv2/install/slam_toolbox/include/slam_toolbox/snap_utils.hpp
[1.696s] -- Up-to-date: /root/researchv2/install/slam_toolbox/include/slam_toolbox/slam_toolbox_localization.hpp
[1.697s] -- Up-to-date: /root/researchv2/install/slam_toolbox/include/slam_toolbox/slam_toolbox_common.hpp
[1.697s] -- Up-to-date: /root/researchv2/install/slam_toolbox/include/slam_toolbox/toolbox_msgs.hpp
[1.698s] -- Up-to-date: /root/researchv2/install/slam_toolbox/include/slam_toolbox/visualization_utils.hpp
[1.698s] -- Up-to-date: /root/researchv2/install/slam_toolbox/include/slam_toolbox/toolbox_types.hpp
[1.698s] -- Up-to-date: /root/researchv2/install/slam_toolbox/include/slam_toolbox/loop_closure_assistant.hpp
[1.698s] -- Up-to-date: /root/researchv2/install/slam_toolbox/include/slam_toolbox/experimental
[1.698s] -- Up-to-date: /root/researchv2/install/slam_toolbox/include/slam_toolbox/experimental/slam_toolbox_lifelong.hpp
[1.699s] -- Up-to-date: /root/researchv2/install/slam_toolbox/include/slam_toolbox/map_saver.hpp
[1.699s] -- Up-to-date: /root/researchv2/install/slam_toolbox/include/slam_toolbox/slam_toolbox_sync.hpp
[1.699s] -- Up-to-date: /root/researchv2/install/slam_toolbox/include/slam_toolbox/merge_maps_kinematic.hpp
[1.699s] -- Up-to-date: /root/researchv2/install/slam_toolbox/include/slam_toolbox/slam_mapper.hpp
[1.699s] -- Up-to-date: /root/researchv2/install/slam_toolbox/include/slam_toolbox/serialization.hpp
[1.699s] -- Up-to-date: /root/researchv2/install/slam_toolbox/include/slam_toolbox/slam_toolbox_async.hpp
[1.700s] -- Up-to-date: /root/researchv2/install/slam_toolbox/include/slam_toolbox/get_pose_helper.hpp
[1.700s] -- Up-to-date: /root/researchv2/install/slam_toolbox/share/slam_toolbox/launch
[1.700s] -- Up-to-date: /root/researchv2/install/slam_toolbox/share/slam_toolbox/launch/online_sync_launch.py
[1.700s] -- Up-to-date: /root/researchv2/install/slam_toolbox/share/slam_toolbox/launch/localization_launch.py
[1.700s] -- Up-to-date: /root/researchv2/install/slam_toolbox/share/slam_toolbox/launch/online_async_launch.py
[1.701s] -- Up-to-date: /root/researchv2/install/slam_toolbox/share/slam_toolbox/launch/offline_launch.py
[1.701s] -- Up-to-date: /root/researchv2/install/slam_toolbox/share/slam_toolbox/launch/merge_maps_kinematic_launch.py
[1.701s] -- Up-to-date: /root/researchv2/install/slam_toolbox/share/slam_toolbox/launch/lifelong_launch.py
[1.701s] -- Up-to-date: /root/researchv2/install/slam_toolbox/share/slam_toolbox/config
[1.701s] -- Up-to-date: /root/researchv2/install/slam_toolbox/share/slam_toolbox/config/mapper_params_offline.yaml
[1.702s] -- Up-to-date: /root/researchv2/install/slam_toolbox/share/slam_toolbox/config/mapper_params_online_async.yaml
[1.702s] -- Up-to-date: /root/researchv2/install/slam_toolbox/share/slam_toolbox/config/mapper_params_online_sync.yaml
[1.703s] -- Up-to-date: /root/researchv2/install/slam_toolbox/share/slam_toolbox/config/mapper_params_lifelong.yaml
[1.703s] -- Up-to-date: /root/researchv2/install/slam_toolbox/share/slam_toolbox/config/mapper_params_localization.yaml
[1.703s] -- Up-to-date: /root/researchv2/install/slam_toolbox/share/solver_plugins.xml
[1.703s] -- Up-to-date: /root/researchv2/install/slam_toolbox/share/rviz_plugins.xml
[1.703s] -- Up-to-date: /root/researchv2/install/slam_toolbox/share/ament_index/resource_index/package_run_dependencies/slam_toolbox
[1.704s] -- Up-to-date: /root/researchv2/install/slam_toolbox/share/ament_index/resource_index/parent_prefix_path/slam_toolbox
[1.704s] -- Up-to-date: /root/researchv2/install/slam_toolbox/share/slam_toolbox/environment/ament_prefix_path.sh
[1.704s] -- Up-to-date: /root/researchv2/install/slam_toolbox/share/slam_toolbox/environment/ament_prefix_path.dsv
[1.705s] -- Up-to-date: /root/researchv2/install/slam_toolbox/share/slam_toolbox/environment/path.sh
[1.705s] -- Up-to-date: /root/researchv2/install/slam_toolbox/share/slam_toolbox/environment/path.dsv
[1.705s] -- Up-to-date: /root/researchv2/install/slam_toolbox/share/slam_toolbox/local_setup.bash
[1.706s] -- Up-to-date: /root/researchv2/install/slam_toolbox/share/slam_toolbox/local_setup.sh
[1.706s] -- Up-to-date: /root/researchv2/install/slam_toolbox/share/slam_toolbox/local_setup.zsh
[1.706s] -- Up-to-date: /root/researchv2/install/slam_toolbox/share/slam_toolbox/local_setup.dsv
[1.707s] -- Installing: /root/researchv2/install/slam_toolbox/share/slam_toolbox/package.dsv
[1.708s] -- Up-to-date: /root/researchv2/install/slam_toolbox/share/ament_index/resource_index/packages/slam_toolbox
[1.709s] -- Up-to-date: /root/researchv2/install/slam_toolbox/share/ament_index/resource_index/rviz_common__pluginlib__plugin/slam_toolbox
[1.709s] -- Up-to-date: /root/researchv2/install/slam_toolbox/share/ament_index/resource_index/slam_toolbox__pluginlib__plugin/slam_toolbox
[1.710s] -- Up-to-date: /root/researchv2/install/slam_toolbox/share/slam_toolbox/cmake/slam_toolbox__rosidl_generator_cExport.cmake
[1.710s] -- Up-to-date: /root/researchv2/install/slam_toolbox/share/slam_toolbox/cmake/slam_toolbox__rosidl_generator_cExport-release.cmake
[1.710s] -- Up-to-date: /root/researchv2/install/slam_toolbox/share/slam_toolbox/cmake/slam_toolbox__rosidl_typesupport_introspection_cExport.cmake
[1.711s] -- Up-to-date: /root/researchv2/install/slam_toolbox/share/slam_toolbox/cmake/slam_toolbox__rosidl_typesupport_introspection_cExport-release.cmake
[1.712s] -- Up-to-date: /root/researchv2/install/slam_toolbox/share/slam_toolbox/cmake/slam_toolbox__rosidl_typesupport_cExport.cmake
[1.712s] -- Up-to-date: /root/researchv2/install/slam_toolbox/share/slam_toolbox/cmake/slam_toolbox__rosidl_typesupport_cExport-release.cmake
[1.712s] -- Up-to-date: /root/researchv2/install/slam_toolbox/share/slam_toolbox/cmake/slam_toolbox__rosidl_generator_cppExport.cmake
[1.713s] -- Up-to-date: /root/researchv2/install/slam_toolbox/share/slam_toolbox/cmake/slam_toolbox__rosidl_typesupport_introspection_cppExport.cmake
[1.713s] -- Up-to-date: /root/researchv2/install/slam_toolbox/share/slam_toolbox/cmake/slam_toolbox__rosidl_typesupport_introspection_cppExport-release.cmake
[1.714s] -- Up-to-date: /root/researchv2/install/slam_toolbox/share/slam_toolbox/cmake/slam_toolbox__rosidl_typesupport_cppExport.cmake
[1.717s] -- Up-to-date: /root/researchv2/install/slam_toolbox/share/slam_toolbox/cmake/slam_toolbox__rosidl_typesupport_cppExport-release.cmake
[1.718s] -- Up-to-date: /root/researchv2/install/slam_toolbox/share/slam_toolbox/cmake/SlamToolboxPluginExport.cmake
[1.720s] -- Up-to-date: /root/researchv2/install/slam_toolbox/share/slam_toolbox/cmake/SlamToolboxPluginExport-release.cmake
[1.721s] -- Up-to-date: /root/researchv2/install/slam_toolbox/share/slam_toolbox/cmake/rosidl_cmake-extras.cmake
[1.726s] -- Up-to-date: /root/researchv2/install/slam_toolbox/share/slam_toolbox/cmake/ament_cmake_export_dependencies-extras.cmake
[1.727s] -- Up-to-date: /root/researchv2/install/slam_toolbox/share/slam_toolbox/cmake/ament_cmake_export_libraries-extras.cmake
[1.727s] -- Up-to-date: /root/researchv2/install/slam_toolbox/share/slam_toolbox/cmake/ament_cmake_export_targets-extras.cmake
[1.728s] -- Up-to-date: /root/researchv2/install/slam_toolbox/share/slam_toolbox/cmake/ament_cmake_export_include_directories-extras.cmake
[1.728s] -- Up-to-date: /root/researchv2/install/slam_toolbox/share/slam_toolbox/cmake/rosidl_cmake_export_typesupport_libraries-extras.cmake
[1.729s] -- Up-to-date: /root/researchv2/install/slam_toolbox/share/slam_toolbox/cmake/rosidl_cmake_export_typesupport_targets-extras.cmake
[1.729s] -- Up-to-date: /root/researchv2/install/slam_toolbox/share/slam_toolbox/cmake/slam_toolboxConfig.cmake
[1.729s] -- Up-to-date: /root/researchv2/install/slam_toolbox/share/slam_toolbox/cmake/slam_toolboxConfig-version.cmake
[1.730s] -- Up-to-date: /root/researchv2/install/slam_toolbox/share/slam_toolbox/package.xml
[1.731s] -- Up-to-date: /root/researchv2/install/slam_toolbox/include/
[1.732s] -- Up-to-date: /root/researchv2/install/slam_toolbox/include//karto_sdk
[1.738s] -- Up-to-date: /root/researchv2/install/slam_toolbox/include//karto_sdk/Karto.h
[1.738s] -- Up-to-date: /root/researchv2/install/slam_toolbox/include//karto_sdk/Math.h
[1.739s] -- Up-to-date: /root/researchv2/install/slam_toolbox/include//karto_sdk/nanoflann_adaptors.h
[1.739s] -- Up-to-date: /root/researchv2/install/slam_toolbox/include//karto_sdk/Mapper.h
[1.739s] -- Up-to-date: /root/researchv2/install/slam_toolbox/include//karto_sdk/Types.h
[1.740s] -- Up-to-date: /root/researchv2/install/slam_toolbox/include//karto_sdk/nanoflann.hpp
[1.740s] -- Up-to-date: /root/researchv2/install/slam_toolbox/include//karto_sdk/Macros.h
[1.740s] -- Up-to-date: /root/researchv2/install/slam_toolbox/lib/libkartoSlamToolbox.so
[1.741s] -- Up-to-date: /root/researchv2/install/slam_toolbox/share/karto_sdk/environment/library_path.sh
[1.741s] -- Up-to-date: /root/researchv2/install/slam_toolbox/share/karto_sdk/environment/library_path.dsv
[1.741s] -- Up-to-date: /root/researchv2/install/slam_toolbox/share/ament_index/resource_index/package_run_dependencies/karto_sdk
[1.742s] -- Up-to-date: /root/researchv2/install/slam_toolbox/share/ament_index/resource_index/parent_prefix_path/karto_sdk
[1.742s] -- Up-to-date: /root/researchv2/install/slam_toolbox/share/karto_sdk/environment/ament_prefix_path.sh
[1.742s] -- Up-to-date: /root/researchv2/install/slam_toolbox/share/karto_sdk/environment/ament_prefix_path.dsv
[1.742s] -- Up-to-date: /root/researchv2/install/slam_toolbox/share/karto_sdk/environment/path.sh
[1.743s] -- Up-to-date: /root/researchv2/install/slam_toolbox/share/karto_sdk/environment/path.dsv
[1.743s] -- Up-to-date: /root/researchv2/install/slam_toolbox/share/karto_sdk/local_setup.bash
[1.743s] -- Up-to-date: /root/researchv2/install/slam_toolbox/share/karto_sdk/local_setup.sh
[1.743s] -- Up-to-date: /root/researchv2/install/slam_toolbox/share/karto_sdk/local_setup.zsh
[1.743s] -- Up-to-date: /root/researchv2/install/slam_toolbox/share/karto_sdk/local_setup.dsv
[1.744s] -- Up-to-date: /root/researchv2/install/slam_toolbox/share/karto_sdk/package.dsv
[1.744s] -- Up-to-date: /root/researchv2/install/slam_toolbox/share/ament_index/resource_index/packages/karto_sdk
[1.744s] -- Up-to-date: /root/researchv2/install/slam_toolbox/share/karto_sdk/cmake/ament_cmake_export_libraries-extras.cmake
[1.744s] -- Up-to-date: /root/researchv2/install/slam_toolbox/share/karto_sdk/cmake/ament_cmake_export_include_directories-extras.cmake
[1.744s] -- Up-to-date: /root/researchv2/install/slam_toolbox/share/karto_sdk/cmake/ament_cmake_export_dependencies-extras.cmake
[1.745s] -- Up-to-date: /root/researchv2/install/slam_toolbox/share/karto_sdk/cmake/karto_sdkConfig.cmake
[1.745s] -- Up-to-date: /root/researchv2/install/slam_toolbox/share/karto_sdk/cmake/karto_sdkConfig-version.cmake
[1.745s] -- Up-to-date: /root/researchv2/install/slam_toolbox/share/karto_sdk/package.xml
[1.747s] Invoked command in '/root/researchv2/build/slam_toolbox' returned '0': CMAKE_PREFIX_PATH=${CMAKE_PREFIX_PATH}:/root/researchv2/install/chaser_system:/opt/ros/foxy /usr/bin/cmake --install /root/researchv2/build/slam_toolbox
