-- Found ament_cmake: 1.1.6 (/opt/ros/galactic/share/ament_cmake/cmake)
-- Using PYTHON_EXECUTABLE: /usr/bin/python3
-- Found diagnostic_msgs: 2.2.4 (/opt/ros/galactic/share/diagnostic_msgs/cmake)
-- Using all available rosidl_typesupport_c: rosidl_typesupport_fastrtps_c;rosidl_typesupport_introspection_c
-- Found rosidl_adapter: 2.2.3 (/opt/ros/galactic/share/rosidl_adapter/cmake)
-- Using all available rosidl_typesupport_cpp: rosidl_typesupport_fastrtps_cpp;rosidl_typesupport_introspection_cpp
-- Found rclcpp: 9.2.2 (/opt/ros/galactic/share/rclcpp/cmake)
-- Found rmw_implementation_cmake: 3.3.1 (/opt/ros/galactic/share/rmw_implementation_cmake/cmake)
-- Found rmw_cyclonedds_cpp: 0.22.6 (/opt/ros/galactic/share/rmw_cyclonedds_cpp/cmake)
-- Using RMW implementation 'rmw_cyclonedds_cpp' as default
-- Found rclpy: 1.9.3 (/opt/ros/galactic/share/rclpy/cmake)
-- Found ament_lint_auto: 0.10.7 (/opt/ros/galactic/share/ament_lint_auto/cmake)
-- Found gtest sources under '/opt/ros/galactic/src/gtest_vendor': C++ tests using 'Google Test' will be built
-- Added test 'cppcheck' to perform static code analysis on C / C++ code
-- Configured cppcheck include dirs: $<BUILD_INTERFACE:/root/researchv2/src/diagnostics/diagnostic_updater/include>
-- Configured cppcheck exclude dirs and/or files: 
-- Added test 'cpplint' to check C / C++ code against the Google style
-- Configured cpplint exclude dirs and/or files: 
-- Added test 'flake8' to check Python code syntax and style conventions
-- Added test 'lint_cmake' to check CMake code style
-- Added test 'pep257' to check Python code against some of the style conventions in PEP 257
-- Added test 'uncrustify' to check C / C++ code style
-- Configured uncrustify additional arguments: 
-- Added test 'xmllint' to check XML markup files
-- Configuring done
-- Generating done
-- Build files have been written to: /root/researchv2/build/diagnostic_updater
[35m[1mScanning dependencies of target example[0m
[ 25%] Built target gtest
[ 50%] Built target gtest_main
[ 50%] Built target ament_cmake_python_copy_diagnostic_updater
[35m[1mScanning dependencies of target diagnostic_updater_test[0m
[ 62%] [32mBuilding CXX object CMakeFiles/example.dir/src/example.cpp.o[0m
[ 75%] [32mBuilding CXX object CMakeFiles/diagnostic_updater_test.dir/test/diagnostic_updater_test.cpp.o[0m
running egg_info
writing diagnostic_updater.egg-info/PKG-INFO
writing dependency_links to diagnostic_updater.egg-info/dependency_links.txt
writing top-level names to diagnostic_updater.egg-info/top_level.txt
reading manifest file 'diagnostic_updater.egg-info/SOURCES.txt'
writing manifest file 'diagnostic_updater.egg-info/SOURCES.txt'
[ 75%] Built target ament_cmake_python_build_diagnostic_updater_egg
[ 87%] [32m[1mLinking CXX executable example[0m
[ 87%] Built target example
[100%] [32m[1mLinking CXX executable diagnostic_updater_test[0m
[100%] Built target diagnostic_updater_test
-- Install configuration: ""
-- Up-to-date: /root/researchv2/install/diagnostic_updater/share/diagnostic_updater/environment/pythonpath.sh
-- Installing: /root/researchv2/install/diagnostic_updater/share/diagnostic_updater/environment/pythonpath.dsv
-- Up-to-date: /root/researchv2/install/diagnostic_updater/lib/python3.8/site-packages//diagnostic_updater.egg-info
-- Installing: /root/researchv2/install/diagnostic_updater/lib/python3.8/site-packages//diagnostic_updater.egg-info/PKG-INFO
-- Installing: /root/researchv2/install/diagnostic_updater/lib/python3.8/site-packages//diagnostic_updater.egg-info/top_level.txt
-- Installing: /root/researchv2/install/diagnostic_updater/lib/python3.8/site-packages//diagnostic_updater.egg-info/SOURCES.txt
-- Installing: /root/researchv2/install/diagnostic_updater/lib/python3.8/site-packages//diagnostic_updater.egg-info/dependency_links.txt
-- Up-to-date: /root/researchv2/install/diagnostic_updater/lib/python3.8/site-packages/diagnostic_updater
-- Installing: /root/researchv2/install/diagnostic_updater/lib/python3.8/site-packages/diagnostic_updater/_update_functions.py
-- Installing: /root/researchv2/install/diagnostic_updater/lib/python3.8/site-packages/diagnostic_updater/_diagnostic_status_wrapper.py
-- Installing: /root/researchv2/install/diagnostic_updater/lib/python3.8/site-packages/diagnostic_updater/_publisher.py
-- Installing: /root/researchv2/install/diagnostic_updater/lib/python3.8/site-packages/diagnostic_updater/example.py
-- Installing: /root/researchv2/install/diagnostic_updater/lib/python3.8/site-packages/diagnostic_updater/_diagnostic_updater.py
-- Installing: /root/researchv2/install/diagnostic_updater/lib/python3.8/site-packages/diagnostic_updater/__init__.py
Listing '/root/researchv2/install/diagnostic_updater/lib/python3.8/site-packages/diagnostic_updater'...
Compiling '/root/researchv2/install/diagnostic_updater/lib/python3.8/site-packages/diagnostic_updater/__init__.py'...
Compiling '/root/researchv2/install/diagnostic_updater/lib/python3.8/site-packages/diagnostic_updater/_diagnostic_status_wrapper.py'...
Compiling '/root/researchv2/install/diagnostic_updater/lib/python3.8/site-packages/diagnostic_updater/_diagnostic_updater.py'...
Compiling '/root/researchv2/install/diagnostic_updater/lib/python3.8/site-packages/diagnostic_updater/_publisher.py'...
Compiling '/root/researchv2/install/diagnostic_updater/lib/python3.8/site-packages/diagnostic_updater/_update_functions.py'...
Compiling '/root/researchv2/install/diagnostic_updater/lib/python3.8/site-packages/diagnostic_updater/example.py'...
-- Installing: /root/researchv2/install/diagnostic_updater/lib/diagnostic_updater/example.py
-- Installing: /root/researchv2/install/diagnostic_updater/lib/diagnostic_updater/example
-- Set runtime path of "/root/researchv2/install/diagnostic_updater/lib/diagnostic_updater/example" to ""
-- Up-to-date: /root/researchv2/install/diagnostic_updater/include
-- Up-to-date: /root/researchv2/install/diagnostic_updater/include/diagnostic_updater
-- Installing: /root/researchv2/install/diagnostic_updater/include/diagnostic_updater/diagnostic_status_wrapper.hpp
-- Installing: /root/researchv2/install/diagnostic_updater/include/diagnostic_updater/diagnostic_updater.hpp
-- Installing: /root/researchv2/install/diagnostic_updater/include/diagnostic_updater/publisher.hpp
-- Installing: /root/researchv2/install/diagnostic_updater/include/diagnostic_updater/update_functions.hpp
-- Up-to-date: /root/researchv2/install/diagnostic_updater/share/ament_index/resource_index/package_run_dependencies/diagnostic_updater
-- Up-to-date: /root/researchv2/install/diagnostic_updater/share/ament_index/resource_index/parent_prefix_path/diagnostic_updater
-- Up-to-date: /root/researchv2/install/diagnostic_updater/share/diagnostic_updater/environment/ament_prefix_path.sh
-- Installing: /root/researchv2/install/diagnostic_updater/share/diagnostic_updater/environment/ament_prefix_path.dsv
-- Up-to-date: /root/researchv2/install/diagnostic_updater/share/diagnostic_updater/environment/path.sh
-- Installing: /root/researchv2/install/diagnostic_updater/share/diagnostic_updater/environment/path.dsv
-- Up-to-date: /root/researchv2/install/diagnostic_updater/share/diagnostic_updater/local_setup.bash
-- Up-to-date: /root/researchv2/install/diagnostic_updater/share/diagnostic_updater/local_setup.sh
-- Up-to-date: /root/researchv2/install/diagnostic_updater/share/diagnostic_updater/local_setup.zsh
-- Installing: /root/researchv2/install/diagnostic_updater/share/diagnostic_updater/local_setup.dsv
-- Installing: /root/researchv2/install/diagnostic_updater/share/diagnostic_updater/package.dsv
-- Up-to-date: /root/researchv2/install/diagnostic_updater/share/ament_index/resource_index/packages/diagnostic_updater
-- Up-to-date: /root/researchv2/install/diagnostic_updater/share/diagnostic_updater/cmake/ament_cmake_export_include_directories-extras.cmake
-- Up-to-date: /root/researchv2/install/diagnostic_updater/share/diagnostic_updater/cmake/ament_cmake_export_dependencies-extras.cmake
-- Up-to-date: /root/researchv2/install/diagnostic_updater/share/diagnostic_updater/cmake/diagnostic_updaterConfig.cmake
-- Up-to-date: /root/researchv2/install/diagnostic_updater/share/diagnostic_updater/cmake/diagnostic_updaterConfig-version.cmake
-- Installing: /root/researchv2/install/diagnostic_updater/share/diagnostic_updater/package.xml
