[0.066s] Invoking command in '/root/researchv2/build/diagnostic_updater': CMAKE_PREFIX_PATH=${CMAKE_PREFIX_PATH}:/opt/ros/galactic:/root/openpifpaf_ros2/install/rgbd_openpifpaf_ros2:/root/openpifpaf_ros2/install/pose_checker:/root/openpifpaf_ros2/install/openpifpaf_ros2_node /usr/bin/cmake --build /root/researchv2/build/diagnostic_updater -- -j12 -l12
[0.103s] -- Found ament_cmake: 1.1.6 (/opt/ros/galactic/share/ament_cmake/cmake)
[0.132s] -- Using PYTHON_EXECUTABLE: /usr/bin/python3
[0.265s] -- Found diagnostic_msgs: 2.2.4 (/opt/ros/galactic/share/diagnostic_msgs/cmake)
[0.305s] -- Using all available rosidl_typesupport_c: rosidl_typesupport_fastrtps_c;rosidl_typesupport_introspection_c
[0.311s] -- Found rosidl_adapter: 2.2.3 (/opt/ros/galactic/share/rosidl_adapter/cmake)
[0.596s] -- Using all available rosidl_typesupport_cpp: rosidl_typesupport_fastrtps_cpp;rosidl_typesupport_introspection_cpp
[0.707s] -- Found rclcpp: 9.2.2 (/opt/ros/galactic/share/rclcpp/cmake)
[0.777s] -- Found rmw_implementation_cmake: 3.3.1 (/opt/ros/galactic/share/rmw_implementation_cmake/cmake)
[0.778s] -- Found rmw_cyclonedds_cpp: 0.22.6 (/opt/ros/galactic/share/rmw_cyclonedds_cpp/cmake)
[0.801s] -- Using RMW implementation 'rmw_cyclonedds_cpp' as default
[0.968s] -- Found rclpy: 1.9.3 (/opt/ros/galactic/share/rclpy/cmake)
[0.977s] -- Found ament_lint_auto: 0.10.7 (/opt/ros/galactic/share/ament_lint_auto/cmake)
[1.116s] -- Found gtest sources under '/opt/ros/galactic/src/gtest_vendor': C++ tests using 'Google Test' will be built
[2.659s] -- Added test 'cppcheck' to perform static code analysis on C / C++ code
[2.660s] -- Configured cppcheck include dirs: $<BUILD_INTERFACE:/root/researchv2/src/diagnostics/diagnostic_updater/include>
[2.663s] -- Configured cppcheck exclude dirs and/or files: 
[2.663s] -- Added test 'cpplint' to check C / C++ code against the Google style
[2.665s] -- Configured cpplint exclude dirs and/or files: 
[2.665s] -- Added test 'flake8' to check Python code syntax and style conventions
[2.665s] -- Added test 'lint_cmake' to check CMake code style
[2.666s] -- Added test 'pep257' to check Python code against some of the style conventions in PEP 257
[2.670s] -- Added test 'uncrustify' to check C / C++ code style
[2.670s] -- Configured uncrustify additional arguments: 
[2.671s] -- Added test 'xmllint' to check XML markup files
[2.677s] -- Configuring done
[2.711s] -- Generating done
[2.716s] -- Build files have been written to: /root/researchv2/build/diagnostic_updater
[2.761s] [35m[1mScanning dependencies of target example[0m
[2.771s] [ 25%] Built target gtest
[2.776s] [ 50%] Built target gtest_main
[2.782s] [ 50%] Built target ament_cmake_python_copy_diagnostic_updater
[2.797s] [35m[1mScanning dependencies of target diagnostic_updater_test[0m
[2.824s] [ 62%] [32mBuilding CXX object CMakeFiles/example.dir/src/example.cpp.o[0m
[2.874s] [ 75%] [32mBuilding CXX object CMakeFiles/diagnostic_updater_test.dir/test/diagnostic_updater_test.cpp.o[0m
[3.203s] running egg_info
[3.203s] writing diagnostic_updater.egg-info/PKG-INFO
[3.204s] writing dependency_links to diagnostic_updater.egg-info/dependency_links.txt
[3.204s] writing top-level names to diagnostic_updater.egg-info/top_level.txt
[3.261s] reading manifest file 'diagnostic_updater.egg-info/SOURCES.txt'
[3.263s] writing manifest file 'diagnostic_updater.egg-info/SOURCES.txt'
[3.309s] [ 75%] Built target ament_cmake_python_build_diagnostic_updater_egg
[8.904s] [ 87%] [32m[1mLinking CXX executable example[0m
[9.184s] [ 87%] Built target example
[9.592s] [100%] [32m[1mLinking CXX executable diagnostic_updater_test[0m
[9.936s] [100%] Built target diagnostic_updater_test
[9.950s] Invoked command in '/root/researchv2/build/diagnostic_updater' returned '0': CMAKE_PREFIX_PATH=${CMAKE_PREFIX_PATH}:/opt/ros/galactic:/root/openpifpaf_ros2/install/rgbd_openpifpaf_ros2:/root/openpifpaf_ros2/install/pose_checker:/root/openpifpaf_ros2/install/openpifpaf_ros2_node /usr/bin/cmake --build /root/researchv2/build/diagnostic_updater -- -j12 -l12
[9.989s] Invoking command in '/root/researchv2/build/diagnostic_updater': CMAKE_PREFIX_PATH=${CMAKE_PREFIX_PATH}:/opt/ros/galactic:/root/openpifpaf_ros2/install/rgbd_openpifpaf_ros2:/root/openpifpaf_ros2/install/pose_checker:/root/openpifpaf_ros2/install/openpifpaf_ros2_node /usr/bin/cmake --install /root/researchv2/build/diagnostic_updater
[9.998s] -- Install configuration: ""
[9.998s] -- Up-to-date: /root/researchv2/install/diagnostic_updater/share/diagnostic_updater/environment/pythonpath.sh
[9.998s] -- Installing: /root/researchv2/install/diagnostic_updater/share/diagnostic_updater/environment/pythonpath.dsv
[9.998s] -- Up-to-date: /root/researchv2/install/diagnostic_updater/lib/python3.8/site-packages//diagnostic_updater.egg-info
[9.998s] -- Installing: /root/researchv2/install/diagnostic_updater/lib/python3.8/site-packages//diagnostic_updater.egg-info/PKG-INFO
[9.999s] -- Installing: /root/researchv2/install/diagnostic_updater/lib/python3.8/site-packages//diagnostic_updater.egg-info/top_level.txt
[9.999s] -- Installing: /root/researchv2/install/diagnostic_updater/lib/python3.8/site-packages//diagnostic_updater.egg-info/SOURCES.txt
[9.999s] -- Installing: /root/researchv2/install/diagnostic_updater/lib/python3.8/site-packages//diagnostic_updater.egg-info/dependency_links.txt
[9.999s] -- Up-to-date: /root/researchv2/install/diagnostic_updater/lib/python3.8/site-packages/diagnostic_updater
[9.999s] -- Installing: /root/researchv2/install/diagnostic_updater/lib/python3.8/site-packages/diagnostic_updater/_update_functions.py
[9.999s] -- Installing: /root/researchv2/install/diagnostic_updater/lib/python3.8/site-packages/diagnostic_updater/_diagnostic_status_wrapper.py
[9.999s] -- Installing: /root/researchv2/install/diagnostic_updater/lib/python3.8/site-packages/diagnostic_updater/_publisher.py
[10.000s] -- Installing: /root/researchv2/install/diagnostic_updater/lib/python3.8/site-packages/diagnostic_updater/example.py
[10.000s] -- Installing: /root/researchv2/install/diagnostic_updater/lib/python3.8/site-packages/diagnostic_updater/_diagnostic_updater.py
[10.000s] -- Installing: /root/researchv2/install/diagnostic_updater/lib/python3.8/site-packages/diagnostic_updater/__init__.py
[10.039s] Listing '/root/researchv2/install/diagnostic_updater/lib/python3.8/site-packages/diagnostic_updater'...
[10.039s] Compiling '/root/researchv2/install/diagnostic_updater/lib/python3.8/site-packages/diagnostic_updater/__init__.py'...
[10.040s] Compiling '/root/researchv2/install/diagnostic_updater/lib/python3.8/site-packages/diagnostic_updater/_diagnostic_status_wrapper.py'...
[10.040s] Compiling '/root/researchv2/install/diagnostic_updater/lib/python3.8/site-packages/diagnostic_updater/_diagnostic_updater.py'...
[10.040s] Compiling '/root/researchv2/install/diagnostic_updater/lib/python3.8/site-packages/diagnostic_updater/_publisher.py'...
[10.040s] Compiling '/root/researchv2/install/diagnostic_updater/lib/python3.8/site-packages/diagnostic_updater/_update_functions.py'...
[10.040s] Compiling '/root/researchv2/install/diagnostic_updater/lib/python3.8/site-packages/diagnostic_updater/example.py'...
[10.044s] -- Installing: /root/researchv2/install/diagnostic_updater/lib/diagnostic_updater/example.py
[10.044s] -- Installing: /root/researchv2/install/diagnostic_updater/lib/diagnostic_updater/example
[10.047s] -- Set runtime path of "/root/researchv2/install/diagnostic_updater/lib/diagnostic_updater/example" to ""
[10.047s] -- Up-to-date: /root/researchv2/install/diagnostic_updater/include
[10.047s] -- Up-to-date: /root/researchv2/install/diagnostic_updater/include/diagnostic_updater
[10.047s] -- Installing: /root/researchv2/install/diagnostic_updater/include/diagnostic_updater/diagnostic_status_wrapper.hpp
[10.047s] -- Installing: /root/researchv2/install/diagnostic_updater/include/diagnostic_updater/diagnostic_updater.hpp
[10.048s] -- Installing: /root/researchv2/install/diagnostic_updater/include/diagnostic_updater/publisher.hpp
[10.048s] -- Installing: /root/researchv2/install/diagnostic_updater/include/diagnostic_updater/update_functions.hpp
[10.048s] -- Up-to-date: /root/researchv2/install/diagnostic_updater/share/ament_index/resource_index/package_run_dependencies/diagnostic_updater
[10.048s] -- Up-to-date: /root/researchv2/install/diagnostic_updater/share/ament_index/resource_index/parent_prefix_path/diagnostic_updater
[10.048s] -- Up-to-date: /root/researchv2/install/diagnostic_updater/share/diagnostic_updater/environment/ament_prefix_path.sh
[10.048s] -- Installing: /root/researchv2/install/diagnostic_updater/share/diagnostic_updater/environment/ament_prefix_path.dsv
[10.049s] -- Up-to-date: /root/researchv2/install/diagnostic_updater/share/diagnostic_updater/environment/path.sh
[10.049s] -- Installing: /root/researchv2/install/diagnostic_updater/share/diagnostic_updater/environment/path.dsv
[10.049s] -- Up-to-date: /root/researchv2/install/diagnostic_updater/share/diagnostic_updater/local_setup.bash
[10.049s] -- Up-to-date: /root/researchv2/install/diagnostic_updater/share/diagnostic_updater/local_setup.sh
[10.049s] -- Up-to-date: /root/researchv2/install/diagnostic_updater/share/diagnostic_updater/local_setup.zsh
[10.049s] -- Installing: /root/researchv2/install/diagnostic_updater/share/diagnostic_updater/local_setup.dsv
[10.049s] -- Installing: /root/researchv2/install/diagnostic_updater/share/diagnostic_updater/package.dsv
[10.049s] -- Up-to-date: /root/researchv2/install/diagnostic_updater/share/ament_index/resource_index/packages/diagnostic_updater
[10.050s] -- Up-to-date: /root/researchv2/install/diagnostic_updater/share/diagnostic_updater/cmake/ament_cmake_export_include_directories-extras.cmake
[10.050s] -- Up-to-date: /root/researchv2/install/diagnostic_updater/share/diagnostic_updater/cmake/ament_cmake_export_dependencies-extras.cmake
[10.050s] -- Up-to-date: /root/researchv2/install/diagnostic_updater/share/diagnostic_updater/cmake/diagnostic_updaterConfig.cmake
[10.050s] -- Up-to-date: /root/researchv2/install/diagnostic_updater/share/diagnostic_updater/cmake/diagnostic_updaterConfig-version.cmake
[10.050s] -- Installing: /root/researchv2/install/diagnostic_updater/share/diagnostic_updater/package.xml
[10.056s] Invoked command in '/root/researchv2/build/diagnostic_updater' returned '0': CMAKE_PREFIX_PATH=${CMAKE_PREFIX_PATH}:/opt/ros/galactic:/root/openpifpaf_ros2/install/rgbd_openpifpaf_ros2:/root/openpifpaf_ros2/install/pose_checker:/root/openpifpaf_ros2/install/openpifpaf_ros2_node /usr/bin/cmake --install /root/researchv2/build/diagnostic_updater
