[0.070s] Invoking command in '/root/researchv2/build/urg_c': CMAKE_PREFIX_PATH=${CMAKE_PREFIX_PATH}:/root/openpifpaf_ros2/install/rgbd_openpifpaf_ros2:/root/openpifpaf_ros2/install/pose_checker:/root/openpifpaf_ros2/install/openpifpaf_ros2_node:/root/researchv2/install/chaser_system:/opt/ros/galactic /usr/bin/cmake --build /root/researchv2/build/urg_c -- -j12 -l12
[0.156s] [ 29%] Built target urg_c
[0.218s] [ 35%] Built target open_urg_sensor
[0.309s] [ 41%] Built target sync_time_stamp
[0.310s] [ 47%] Built target sensor_parameter
[0.310s] [ 58%] Built target calculate_xy
[0.310s] [ 58%] Built target angle_convert_test
[0.313s] [ 64%] Built target get_distance
[0.316s] [ 70%] Built target get_distance_intensity
[0.318s] [ 76%] Built target find_port
[0.320s] [ 82%] Built target get_multiecho
[0.322s] [ 88%] Built target timeout_test
[0.323s] [ 94%] Built target get_multiecho_intensity
[0.327s] [100%] Built target reboot_test
[0.348s] Invoked command in '/root/researchv2/build/urg_c' returned '0': CMAKE_PREFIX_PATH=${CMAKE_PREFIX_PATH}:/root/openpifpaf_ros2/install/rgbd_openpifpaf_ros2:/root/openpifpaf_ros2/install/pose_checker:/root/openpifpaf_ros2/install/openpifpaf_ros2_node:/root/researchv2/install/chaser_system:/opt/ros/galactic /usr/bin/cmake --build /root/researchv2/build/urg_c -- -j12 -l12
[0.519s] Invoking command in '/root/researchv2/build/urg_c': CMAKE_PREFIX_PATH=${CMAKE_PREFIX_PATH}:/root/openpifpaf_ros2/install/rgbd_openpifpaf_ros2:/root/openpifpaf_ros2/install/pose_checker:/root/openpifpaf_ros2/install/openpifpaf_ros2_node:/root/researchv2/install/chaser_system:/opt/ros/galactic /usr/bin/cmake --install /root/researchv2/build/urg_c
[0.540s] -- Install configuration: ""
[0.541s] -- Up-to-date: /root/researchv2/install/urg_c/lib/liburg_c.so
[0.541s] -- Up-to-date: /root/researchv2/install/urg_c/lib/libopen_urg_sensor.a
[0.542s] -- Up-to-date: /root/researchv2/install/urg_c/bin/angle_convert_test
[0.543s] -- Up-to-date: /root/researchv2/install/urg_c/bin/calculate_xy
[0.543s] -- Up-to-date: /root/researchv2/install/urg_c/bin/find_port
[0.546s] -- Up-to-date: /root/researchv2/install/urg_c/bin/get_distance
[0.547s] -- Up-to-date: /root/researchv2/install/urg_c/bin/get_distance_intensity
[0.547s] -- Up-to-date: /root/researchv2/install/urg_c/bin/get_multiecho
[0.547s] -- Up-to-date: /root/researchv2/install/urg_c/bin/get_multiecho_intensity
[0.548s] -- Up-to-date: /root/researchv2/install/urg_c/bin/reboot_test
[0.548s] -- Up-to-date: /root/researchv2/install/urg_c/bin/sensor_parameter
[0.549s] -- Up-to-date: /root/researchv2/install/urg_c/bin/sync_time_stamp
[0.549s] -- Up-to-date: /root/researchv2/install/urg_c/bin/timeout_test
[0.550s] -- Up-to-date: /root/researchv2/install/urg_c/include
[0.551s] -- Up-to-date: /root/researchv2/install/urg_c/include/urg_c
[0.552s] -- Up-to-date: /root/researchv2/install/urg_c/include/urg_c/urg_tcpclient.h
[0.554s] -- Up-to-date: /root/researchv2/install/urg_c/include/urg_c/urg_time.h
[0.557s] -- Up-to-date: /root/researchv2/install/urg_c/include/urg_c/urg_sensor.h
[0.558s] -- Up-to-date: /root/researchv2/install/urg_c/include/urg_c/urg_ring_buffer.h
[0.558s] -- Up-to-date: /root/researchv2/install/urg_c/include/urg_c/urg_serial_utils.h
[0.558s] -- Up-to-date: /root/researchv2/install/urg_c/include/urg_c/urg_errno.h
[0.558s] -- Up-to-date: /root/researchv2/install/urg_c/include/urg_c/urg_serial.h
[0.559s] -- Up-to-date: /root/researchv2/install/urg_c/include/urg_c/urg_detect_os.h
[0.559s] -- Up-to-date: /root/researchv2/install/urg_c/include/urg_c/urg_utils.h
[0.560s] -- Up-to-date: /root/researchv2/install/urg_c/include/urg_c/urg_debug.h
[0.560s] -- Up-to-date: /root/researchv2/install/urg_c/include/urg_c/urg_connection.h
[0.561s] -- Up-to-date: /root/researchv2/install/urg_c/share/urg_c/environment/library_path.sh
[0.561s] -- Up-to-date: /root/researchv2/install/urg_c/share/urg_c/environment/library_path.dsv
[0.561s] -- Up-to-date: /root/researchv2/install/urg_c/share/ament_index/resource_index/package_run_dependencies/urg_c
[0.562s] -- Up-to-date: /root/researchv2/install/urg_c/share/ament_index/resource_index/parent_prefix_path/urg_c
[0.562s] -- Up-to-date: /root/researchv2/install/urg_c/share/urg_c/environment/ament_prefix_path.sh
[0.562s] -- Up-to-date: /root/researchv2/install/urg_c/share/urg_c/environment/ament_prefix_path.dsv
[0.563s] -- Up-to-date: /root/researchv2/install/urg_c/share/urg_c/environment/path.sh
[0.563s] -- Up-to-date: /root/researchv2/install/urg_c/share/urg_c/environment/path.dsv
[0.564s] -- Up-to-date: /root/researchv2/install/urg_c/share/urg_c/local_setup.bash
[0.569s] -- Up-to-date: /root/researchv2/install/urg_c/share/urg_c/local_setup.sh
[0.569s] -- Up-to-date: /root/researchv2/install/urg_c/share/urg_c/local_setup.zsh
[0.570s] -- Up-to-date: /root/researchv2/install/urg_c/share/urg_c/local_setup.dsv
[0.570s] -- Installing: /root/researchv2/install/urg_c/share/urg_c/package.dsv
[0.570s] -- Up-to-date: /root/researchv2/install/urg_c/share/ament_index/resource_index/packages/urg_c
[0.571s] -- Up-to-date: /root/researchv2/install/urg_c/share/urg_c/cmake/ament_cmake_export_include_directories-extras.cmake
[0.571s] -- Up-to-date: /root/researchv2/install/urg_c/share/urg_c/cmake/ament_cmake_export_libraries-extras.cmake
[0.571s] -- Up-to-date: /root/researchv2/install/urg_c/share/urg_c/cmake/urg_cConfig.cmake
[0.571s] -- Up-to-date: /root/researchv2/install/urg_c/share/urg_c/cmake/urg_cConfig-version.cmake
[0.571s] -- Up-to-date: /root/researchv2/install/urg_c/share/urg_c/package.xml
[0.573s] Invoked command in '/root/researchv2/build/urg_c' returned '0': CMAKE_PREFIX_PATH=${CMAKE_PREFIX_PATH}:/root/openpifpaf_ros2/install/rgbd_openpifpaf_ros2:/root/openpifpaf_ros2/install/pose_checker:/root/openpifpaf_ros2/install/openpifpaf_ros2_node:/root/researchv2/install/chaser_system:/opt/ros/galactic /usr/bin/cmake --install /root/researchv2/build/urg_c
