[0.023s] Invoking command in '/root/researchv2/build/slam_toolbox': CMAKE_PREFIX_PATH=/opt/ros/foxy /usr/bin/cmake /root/researchv2/src/slam_toolbox -DCMAKE_INSTALL_PREFIX=/root/researchv2/install/slam_toolbox
[0.079s] -- The C compiler identification is GNU 9.4.0
[0.130s] -- The CXX compiler identification is GNU 9.4.0
[0.135s] -- Check for working C compiler: /usr/bin/cc
[0.204s] -- Check for working C compiler: /usr/bin/cc -- works
[0.205s] -- Detecting C compiler ABI info
[0.276s] -- Detecting C compiler ABI info - done
[0.287s] -- Detecting C compile features
[0.288s] -- Detecting C compile features - done
[0.290s] -- Check for working CXX compiler: /usr/bin/c++
[0.367s] -- Check for working CXX compiler: /usr/bin/c++ -- works
[0.368s] -- Detecting CXX compiler ABI info
[0.450s] -- Detecting CXX compiler ABI info - done
[0.461s] -- Detecting CXX compile features
[0.462s] -- Detecting CXX compile features - done
[0.465s] -- Found ament_cmake: 0.9.11 (/opt/ros/foxy/share/ament_cmake/cmake)
[0.493s] -- Found PythonInterp: /usr/bin/python3 (found suitable version "3.8.10", minimum required is "3") 
[0.493s] -- Using PYTHON_EXECUTABLE: /usr/bin/python3
[0.749s] -- Found message_filters: 3.2.5 (/opt/ros/foxy/share/message_filters/cmake)
[0.756s] -- Found nav_msgs: 2.0.5 (/opt/ros/foxy/share/nav_msgs/cmake)
[0.793s] -- Using all available rosidl_typesupport_c: rosidl_typesupport_fastrtps_c;rosidl_typesupport_introspection_c
[0.801s] -- Found rosidl_adapter: 1.3.0 (/opt/ros/foxy/share/rosidl_adapter/cmake)
[0.920s] -- Found OpenSSL: /usr/lib/x86_64-linux-gnu/libcrypto.so (found version "1.1.1f")  
[0.965s] -- Found FastRTPS: /opt/ros/foxy/include  
[1.107s] -- Using all available rosidl_typesupport_cpp: rosidl_typesupport_fastrtps_cpp;rosidl_typesupport_introspection_cpp
[1.310s] -- Found rclcpp: 2.4.2 (/opt/ros/foxy/share/rclcpp/cmake)
[1.365s] -- Found rmw_implementation_cmake: 1.0.3 (/opt/ros/foxy/share/rmw_implementation_cmake/cmake)
[1.366s] -- Using RMW implementation 'rmw_fastrtps_cpp' as default
[1.367s] -- Looking for pthread.h
[1.451s] -- Looking for pthread.h - found
[1.451s] -- Performing Test CMAKE_HAVE_LIBC_PTHREAD
[1.543s] -- Performing Test CMAKE_HAVE_LIBC_PTHREAD - Failed
[1.544s] -- Looking for pthread_create in pthreads
[1.617s] -- Looking for pthread_create in pthreads - not found
[1.617s] -- Looking for pthread_create in pthread
[1.696s] -- Looking for pthread_create in pthread - found
[1.697s] -- Found Threads: TRUE  
[1.877s] -- Found sensor_msgs: 2.0.5 (/opt/ros/foxy/share/sensor_msgs/cmake)
[1.968s] -- Found tf2: 0.13.13 (/opt/ros/foxy/share/tf2/cmake)
[1.985s] -- Found tf2_ros: 0.13.13 (/opt/ros/foxy/share/tf2_ros/cmake)
[2.344s] -- Found visualization_msgs: 2.0.5 (/opt/ros/foxy/share/visualization_msgs/cmake)
[2.453s] -- Found pluginlib: 2.5.4 (/opt/ros/foxy/share/pluginlib/cmake)
[2.497s] -- Found tf2_geometry_msgs: 0.13.13 (/opt/ros/foxy/share/tf2_geometry_msgs/cmake)
[2.510s] -- Found eigen3_cmake_module: 0.1.1 (/opt/ros/foxy/share/eigen3_cmake_module/cmake)
[2.515s] -- Found Eigen3: TRUE (found version "3.3.7") 
[2.546s] -- Found tf2_sensor_msgs: 0.13.13 (/opt/ros/foxy/share/tf2_sensor_msgs/cmake)
[2.565s] -- Found std_srvs: 2.0.5 (/opt/ros/foxy/share/std_srvs/cmake)
[2.583s] -- Found rosidl_default_generators: 1.0.1 (/opt/ros/foxy/share/rosidl_default_generators/cmake)
[2.601s] -- Found nav2_map_server: 0.4.7 (/opt/ros/foxy/share/nav2_map_server/cmake)
[2.606s] -- Found rviz_common: 8.2.7 (/opt/ros/foxy/share/rviz_common/cmake)
[2.638s] -- Setting OGRE_DIR to: '/opt/ros/foxy/share/rviz_ogre_vendor/cmake/../../../opt/rviz_ogre_vendor/lib/OGRE/cmake'
[2.638s] -- Found OGRE
[2.638s] --   static     : OFF
[2.638s] --   components : HLMS;MeshLodGenerator;Overlay;Paging;Property;RTShaderSystem;Terrain;Volume
[2.638s] --   plugins    : Plugin_BSPSceneManager;Plugin_OctreeSceneManager;Plugin_PCZSceneManager;Plugin_ParticleFX;RenderSystem_GL;RenderSystem_GL3Plus;Codec_STBI
[2.638s] --   media      : /opt/ros/foxy/opt/rviz_ogre_vendor/share/OGRE/Media
[2.638s] -- OGRE_LIBRARIES: OgreHLMS;OgreMeshLodGenerator;OgreOverlay;OgrePaging;OgreProperty;OgreRTShaderSystem;OgreTerrain;OgreVolume;OgreMain
[2.639s] -- OGRE_LIBRARY_DIRS: /opt/ros/foxy/opt/rviz_ogre_vendor/lib
[2.639s] -- OGRE_PLUGINS: Plugin_BSPSceneManager;Plugin_OctreeSceneManager;Plugin_PCZSceneManager;Plugin_ParticleFX;RenderSystem_GL;RenderSystem_GL3Plus;Codec_STBI
[2.639s] -- OGRE_PLUGIN_DIR: /opt/ros/foxy/opt/rviz_ogre_vendor/lib/OGRE
[2.639s] -- rviz_ogre_vendor::OgreOverlay for IMPORTED_LOCATION_RELEASE: /opt/ros/foxy/opt/rviz_ogre_vendor/lib/libOgreOverlay.so
[2.639s] -- rviz_ogre_vendor::OgreOverlay for IMPORTED_LOCATION_DEBUG: /opt/ros/foxy/opt/rviz_ogre_vendor/lib/libOgreOverlay.so
[2.639s] -- rviz_ogre_vendor::OgreMain for IMPORTED_LOCATION_RELEASE: /opt/ros/foxy/opt/rviz_ogre_vendor/lib/libOgreMain.so
[2.639s] -- rviz_ogre_vendor::OgreMain for IMPORTED_LOCATION_DEBUG: /opt/ros/foxy/opt/rviz_ogre_vendor/lib/libOgreMain.so
[2.648s] -- Found ZLIB: /usr/lib/x86_64-linux-gnu/libz.so (found version "1.2.11") 
[2.652s] -- Found OpenGL: /usr/lib/x86_64-linux-gnu/libOpenGL.so   
[2.783s] -- Found X11: /usr/include   
[2.784s] -- Looking for XOpenDisplay in /usr/lib/x86_64-linux-gnu/libX11.so;/usr/lib/x86_64-linux-gnu/libXext.so
[2.883s] -- Looking for XOpenDisplay in /usr/lib/x86_64-linux-gnu/libX11.so;/usr/lib/x86_64-linux-gnu/libXext.so - found
[2.883s] -- Looking for gethostbyname
[2.986s] -- Looking for gethostbyname - found
[2.986s] -- Looking for connect
[3.082s] -- Looking for connect - found
[3.082s] -- Looking for remove
[3.182s] -- Looking for remove - found
[3.182s] -- Looking for shmat
[3.257s] -- Looking for shmat - found
[3.257s] -- Looking for IceConnectionNumber in ICE
[3.332s] -- Looking for IceConnectionNumber in ICE - found
[3.336s] -- rviz_ogre_vendor::RenderSystem_GL for IMPORTED_LOCATION_RELEASE: _render_system_gl_static_library_abs-NOTFOUND
[3.337s] -- rviz_ogre_vendor::RenderSystem_GL for IMPORTED_LOCATION_DEBUG: _render_system_gl_static_library_abs-NOTFOUND
[3.345s] -- library: libassimp.so.5
[3.462s] -- library: /usr/lib/x86_64-linux-gnu/libcurl.so
[3.619s] -- Setting yaml-cpp_DIR to: '/opt/ros/foxy/share/yaml_cpp_vendor/cmake/../../../opt/yaml_cpp_vendor/lib/cmake/yaml-cpp'
[3.625s] -- Found rviz_default_plugins: 8.2.7 (/opt/ros/foxy/share/rviz_default_plugins/cmake)
[4.141s] -- Found Boost: /usr/lib/x86_64-linux-gnu/cmake/Boost-1.71.0/BoostConfig.cmake (found version "1.71.0") found components: system serialization filesystem thread 
[4.367s] -- Found PkgConfig: /usr/bin/pkg-config (found version "0.29.1") 
[4.374s] -- Found CSPARSE: /usr/include/suitesparse  
[4.502s] -- Found CHOLMOD: /usr/include/suitesparse  
[4.506s] -- Looking for sgemm_
[4.729s] -- Looking for sgemm_ - not found
[4.870s] -- Looking for sgemm_
[5.176s] -- Looking for sgemm_ - found
[5.177s] -- Found BLAS: /usr/lib/x86_64-linux-gnu/libblas.so  
[5.180s] -- Looking for cheev_
[5.328s] -- Looking for cheev_ - not found
[5.381s] -- Looking for cheev_
[5.521s] -- Looking for cheev_ - found
[5.521s] -- A library with LAPACK API found.
[5.525s] -- Found installed version of Eigen: /usr/lib/cmake/eigen3
[5.527s] -- Found required Ceres dependency: Eigen version 3.3.7 in /usr/include/eigen3
[5.529s] -- Found required Ceres dependency: glog
[5.531s] -- Found installed version of gflags: /usr/lib/x86_64-linux-gnu/cmake/gflags
[5.531s] -- Detected gflags version: 2.2.2
[5.532s] -- Found required Ceres dependency: gflags
[5.533s] -- Found Ceres version: 1.14.0 installed in: /usr with components: [EigenSparse, SparseLinearAlgebraLibrary, LAPACK, SuiteSparse, CXSparse, SchurSpecializations, OpenMP, Multithreading]
[5.585s] -- Found PythonInterp: /usr/bin/python3 (found version "3.8.10") 
[5.928s] -- Found ament_cmake_ros: 0.9.2 (/opt/ros/foxy/share/ament_cmake_ros/cmake)
[6.389s] -- Using all available rosidl_typesupport_c: rosidl_typesupport_fastrtps_c;rosidl_typesupport_introspection_c
[6.594s] -- Using all available rosidl_typesupport_cpp: rosidl_typesupport_fastrtps_cpp;rosidl_typesupport_introspection_cpp
[6.628s] -- Found PythonInterp: /usr/bin/python3 (found suitable version "3.8.10", minimum required is "3.5") 
[6.630s] -- Found python_cmake_module: 0.8.1 (/opt/ros/foxy/share/python_cmake_module/cmake)
[6.661s] -- Found PythonLibs: /usr/lib/x86_64-linux-gnu/libpython3.8.so (found suitable version "3.8.10", minimum required is "3.5") 
[6.662s] -- Using PYTHON_EXECUTABLE: /usr/bin/python3
[6.662s] -- Using PYTHON_INCLUDE_DIRS: /usr/include/python3.8
[6.662s] -- Using PYTHON_LIBRARIES: /usr/lib/x86_64-linux-gnu/libpython3.8.so
[6.701s] -- Found PythonExtra: .so  
[6.931s] -- Configuring done
[7.423s] -- Generating done
[7.432s] -- Build files have been written to: /root/researchv2/build/slam_toolbox
[7.456s] Invoked command in '/root/researchv2/build/slam_toolbox' returned '0': CMAKE_PREFIX_PATH=/opt/ros/foxy /usr/bin/cmake /root/researchv2/src/slam_toolbox -DCMAKE_INSTALL_PREFIX=/root/researchv2/install/slam_toolbox
[7.460s] Invoking command in '/root/researchv2/build/slam_toolbox': CMAKE_PREFIX_PATH=/opt/ros/foxy /usr/bin/cmake --build /root/researchv2/build/slam_toolbox -- -j12 -l12
[7.512s] [35m[1mScanning dependencies of target kartoSlamToolbox[0m
[7.512s] [35m[1mScanning dependencies of target slam_toolbox__cpp[0m
[7.518s] [  1%] [34m[1mGenerating C code for ROS interfaces[0m
[7.525s] [  2%] [34m[1mGenerating C++ code for ROS interfaces[0m
[7.699s] [  3%] [32mBuilding CXX object lib/karto_sdk/CMakeFiles/kartoSlamToolbox.dir/src/Karto.cpp.o[0m
[7.707s] [  3%] [32mBuilding CXX object lib/karto_sdk/CMakeFiles/kartoSlamToolbox.dir/src/Mapper.cpp.o[0m
[8.747s] [  3%] Built target slam_toolbox__cpp
[8.747s] [35m[1mScanning dependencies of target slam_toolbox__rosidl_generator_c[0m
[8.763s] [  4%] [34m[1mGenerating C++ type support dispatch for ROS interfaces[0m
[8.765s] [  5%] [34m[1mGenerating C++ type support for eProsima Fast-RTPS[0m
[8.765s] [  6%] [34m[1mGenerating C++ introspection for ROS interfaces[0m
[8.781s] [  7%] [32mBuilding C object CMakeFiles/slam_toolbox__rosidl_generator_c.dir/rosidl_generator_c/slam_toolbox/srv/detail/pause__functions.c.o[0m
[8.781s] [  7%] [32mBuilding C object CMakeFiles/slam_toolbox__rosidl_generator_c.dir/rosidl_generator_c/slam_toolbox/srv/detail/clear_queue__functions.c.o[0m
[8.783s] [  7%] [32mBuilding C object CMakeFiles/slam_toolbox__rosidl_generator_c.dir/rosidl_generator_c/slam_toolbox/srv/detail/save_map__functions.c.o[0m
[8.787s] [  8%] [32mBuilding C object CMakeFiles/slam_toolbox__rosidl_generator_c.dir/rosidl_generator_c/slam_toolbox/srv/detail/toggle_interactive__functions.c.o[0m
[8.794s] [  9%] [32mBuilding C object CMakeFiles/slam_toolbox__rosidl_generator_c.dir/rosidl_generator_c/slam_toolbox/srv/detail/merge_maps__functions.c.o[0m
[8.796s] [ 10%] [32mBuilding C object CMakeFiles/slam_toolbox__rosidl_generator_c.dir/rosidl_generator_c/slam_toolbox/srv/detail/loop_closure__functions.c.o[0m
[8.809s] [ 11%] [32mBuilding C object CMakeFiles/slam_toolbox__rosidl_generator_c.dir/rosidl_generator_c/slam_toolbox/srv/detail/clear__functions.c.o[0m
[9.035s] [ 12%] [32mBuilding C object CMakeFiles/slam_toolbox__rosidl_generator_c.dir/rosidl_generator_c/slam_toolbox/srv/detail/add_submap__functions.c.o[0m
[9.049s] [ 12%] [32mBuilding C object CMakeFiles/slam_toolbox__rosidl_generator_c.dir/rosidl_generator_c/slam_toolbox/srv/detail/deserialize_pose_graph__functions.c.o[0m
[9.085s] [ 13%] [32mBuilding C object CMakeFiles/slam_toolbox__rosidl_generator_c.dir/rosidl_generator_c/slam_toolbox/srv/detail/serialize_pose_graph__functions.c.o[0m
[9.301s] [ 14%] [32m[1mLinking C shared library libslam_toolbox__rosidl_generator_c.so[0m
[9.374s] [ 14%] Built target slam_toolbox__rosidl_generator_c
[9.389s] [ 15%] [34m[1mGenerating C type support dispatch for ROS interfaces[0m
[9.389s] [ 16%] [34m[1mGenerating C introspection for ROS interfaces[0m
[9.721s] [35m[1mScanning dependencies of target slam_toolbox__rosidl_typesupport_cpp[0m
[9.758s] [ 17%] [32mBuilding CXX object CMakeFiles/slam_toolbox__rosidl_typesupport_cpp.dir/rosidl_typesupport_cpp/slam_toolbox/srv/pause__type_support.cpp.o[0m
[9.769s] [ 18%] [32mBuilding CXX object CMakeFiles/slam_toolbox__rosidl_typesupport_cpp.dir/rosidl_typesupport_cpp/slam_toolbox/srv/toggle_interactive__type_support.cpp.o[0m
[9.775s] [ 18%] [32mBuilding CXX object CMakeFiles/slam_toolbox__rosidl_typesupport_cpp.dir/rosidl_typesupport_cpp/slam_toolbox/srv/clear_queue__type_support.cpp.o[0m
[9.783s] [ 19%] [32mBuilding CXX object CMakeFiles/slam_toolbox__rosidl_typesupport_cpp.dir/rosidl_typesupport_cpp/slam_toolbox/srv/clear__type_support.cpp.o[0m
[9.789s] [ 20%] [32mBuilding CXX object CMakeFiles/slam_toolbox__rosidl_typesupport_cpp.dir/rosidl_typesupport_cpp/slam_toolbox/srv/save_map__type_support.cpp.o[0m
[9.894s] [ 20%] [32mBuilding CXX object CMakeFiles/slam_toolbox__rosidl_typesupport_cpp.dir/rosidl_typesupport_cpp/slam_toolbox/srv/loop_closure__type_support.cpp.o[0m
[10.323s] [ 21%] [32mBuilding CXX object CMakeFiles/slam_toolbox__rosidl_typesupport_cpp.dir/rosidl_typesupport_cpp/slam_toolbox/srv/merge_maps__type_support.cpp.o[0m
[10.360s] [ 22%] [32mBuilding CXX object CMakeFiles/slam_toolbox__rosidl_typesupport_cpp.dir/rosidl_typesupport_cpp/slam_toolbox/srv/add_submap__type_support.cpp.o[0m
[10.414s] [ 22%] [32mBuilding CXX object CMakeFiles/slam_toolbox__rosidl_typesupport_cpp.dir/rosidl_typesupport_cpp/slam_toolbox/srv/deserialize_pose_graph__type_support.cpp.o[0m
[10.431s] [35m[1mScanning dependencies of target slam_toolbox__rosidl_typesupport_introspection_cpp[0m
[10.497s] [ 23%] [32mBuilding CXX object CMakeFiles/slam_toolbox__rosidl_typesupport_introspection_cpp.dir/rosidl_typesupport_introspection_cpp/slam_toolbox/srv/detail/pause__type_support.cpp.o[0m
[10.516s] [35m[1mScanning dependencies of target slam_toolbox__rosidl_typesupport_fastrtps_cpp[0m
[10.529s] [ 24%] [32mBuilding CXX object CMakeFiles/slam_toolbox__rosidl_typesupport_cpp.dir/rosidl_typesupport_cpp/slam_toolbox/srv/serialize_pose_graph__type_support.cpp.o[0m
[10.551s] [ 25%] [32mBuilding CXX object CMakeFiles/slam_toolbox__rosidl_typesupport_introspection_cpp.dir/rosidl_typesupport_introspection_cpp/slam_toolbox/srv/detail/clear_queue__type_support.cpp.o[0m
[10.689s] [ 26%] [32mBuilding CXX object CMakeFiles/slam_toolbox__rosidl_typesupport_fastrtps_cpp.dir/rosidl_typesupport_fastrtps_cpp/slam_toolbox/srv/detail/dds_fastrtps/pause__type_support.cpp.o[0m
[10.818s] [35m[1mScanning dependencies of target slam_toolbox__rosidl_typesupport_c[0m
[10.842s] [ 26%] [32mBuilding CXX object CMakeFiles/slam_toolbox__rosidl_typesupport_fastrtps_cpp.dir/rosidl_typesupport_fastrtps_cpp/slam_toolbox/srv/detail/dds_fastrtps/clear_queue__type_support.cpp.o[0m
[10.910s] [ 26%] [32mBuilding CXX object CMakeFiles/slam_toolbox__rosidl_typesupport_c.dir/rosidl_typesupport_c/slam_toolbox/srv/pause__type_support.cpp.o[0m
[10.966s] [ 27%] [32mBuilding CXX object CMakeFiles/slam_toolbox__rosidl_typesupport_c.dir/rosidl_typesupport_c/slam_toolbox/srv/clear_queue__type_support.cpp.o[0m
[10.976s] [ 27%] [32mBuilding CXX object CMakeFiles/slam_toolbox__rosidl_typesupport_introspection_cpp.dir/rosidl_typesupport_introspection_cpp/slam_toolbox/srv/detail/toggle_interactive__type_support.cpp.o[0m
[11.011s] [ 28%] [32mBuilding CXX object CMakeFiles/slam_toolbox__rosidl_typesupport_fastrtps_cpp.dir/rosidl_typesupport_fastrtps_cpp/slam_toolbox/srv/detail/dds_fastrtps/toggle_interactive__type_support.cpp.o[0m
[11.018s] [ 29%] [32mBuilding CXX object CMakeFiles/slam_toolbox__rosidl_typesupport_introspection_cpp.dir/rosidl_typesupport_introspection_cpp/slam_toolbox/srv/detail/clear__type_support.cpp.o[0m
[11.082s] [ 30%] [32mBuilding CXX object CMakeFiles/slam_toolbox__rosidl_typesupport_c.dir/rosidl_typesupport_c/slam_toolbox/srv/toggle_interactive__type_support.cpp.o[0m
[11.082s] [ 31%] [32mBuilding CXX object CMakeFiles/slam_toolbox__rosidl_typesupport_fastrtps_cpp.dir/rosidl_typesupport_fastrtps_cpp/slam_toolbox/srv/detail/dds_fastrtps/clear__type_support.cpp.o[0m
[11.252s] [ 31%] [32mBuilding CXX object CMakeFiles/slam_toolbox__rosidl_typesupport_c.dir/rosidl_typesupport_c/slam_toolbox/srv/clear__type_support.cpp.o[0m
[11.320s] [ 32%] [32m[1mLinking CXX shared library libslam_toolbox__rosidl_typesupport_cpp.so[0m
[11.434s] [ 34%] [32mBuilding CXX object CMakeFiles/slam_toolbox__rosidl_typesupport_c.dir/rosidl_typesupport_c/slam_toolbox/srv/save_map__type_support.cpp.o[0m
[11.435s] [ 34%] [32mBuilding CXX object CMakeFiles/slam_toolbox__rosidl_typesupport_c.dir/rosidl_typesupport_c/slam_toolbox/srv/loop_closure__type_support.cpp.o[0m
[11.481s] [ 34%] Built target slam_toolbox__rosidl_typesupport_cpp
[11.504s] [ 35%] [32mBuilding CXX object CMakeFiles/slam_toolbox__rosidl_typesupport_c.dir/rosidl_typesupport_c/slam_toolbox/srv/merge_maps__type_support.cpp.o[0m
[11.585s] [ 35%] [32mBuilding CXX object CMakeFiles/slam_toolbox__rosidl_typesupport_c.dir/rosidl_typesupport_c/slam_toolbox/srv/add_submap__type_support.cpp.o[0m
[11.607s] [ 36%] [32mBuilding CXX object CMakeFiles/slam_toolbox__rosidl_typesupport_introspection_cpp.dir/rosidl_typesupport_introspection_cpp/slam_toolbox/srv/detail/save_map__type_support.cpp.o[0m
[11.614s] [ 37%] [32mBuilding CXX object CMakeFiles/slam_toolbox__rosidl_typesupport_c.dir/rosidl_typesupport_c/slam_toolbox/srv/deserialize_pose_graph__type_support.cpp.o[0m
[11.634s] [ 38%] [32mBuilding CXX object CMakeFiles/slam_toolbox__rosidl_typesupport_fastrtps_cpp.dir/rosidl_typesupport_fastrtps_cpp/slam_toolbox/srv/detail/dds_fastrtps/save_map__type_support.cpp.o[0m
[11.699s] [ 38%] [32mBuilding CXX object CMakeFiles/slam_toolbox__rosidl_typesupport_fastrtps_cpp.dir/rosidl_typesupport_fastrtps_cpp/slam_toolbox/srv/detail/dds_fastrtps/loop_closure__type_support.cpp.o[0m
[11.727s] [ 38%] [32mBuilding CXX object CMakeFiles/slam_toolbox__rosidl_typesupport_introspection_cpp.dir/rosidl_typesupport_introspection_cpp/slam_toolbox/srv/detail/loop_closure__type_support.cpp.o[0m
[11.762s] [ 39%] [32mBuilding CXX object CMakeFiles/slam_toolbox__rosidl_typesupport_c.dir/rosidl_typesupport_c/slam_toolbox/srv/serialize_pose_graph__type_support.cpp.o[0m
[11.825s] [35m[1mScanning dependencies of target slam_toolbox__rosidl_typesupport_introspection_c[0m
[11.878s] [ 40%] [32m[1mLinking CXX shared library libslam_toolbox__rosidl_typesupport_c.so[0m
[11.908s] [ 41%] [32mBuilding CXX object CMakeFiles/slam_toolbox__rosidl_typesupport_fastrtps_cpp.dir/rosidl_typesupport_fastrtps_cpp/slam_toolbox/srv/detail/dds_fastrtps/merge_maps__type_support.cpp.o[0m
[11.918s] [ 42%] [32mBuilding CXX object CMakeFiles/slam_toolbox__rosidl_typesupport_introspection_cpp.dir/rosidl_typesupport_introspection_cpp/slam_toolbox/srv/detail/merge_maps__type_support.cpp.o[0m
[11.929s] [ 43%] [32mBuilding C object CMakeFiles/slam_toolbox__rosidl_typesupport_introspection_c.dir/rosidl_typesupport_introspection_c/slam_toolbox/srv/detail/pause__type_support.c.o[0m
[12.016s] [ 43%] [32mBuilding C object CMakeFiles/slam_toolbox__rosidl_typesupport_introspection_c.dir/rosidl_typesupport_introspection_c/slam_toolbox/srv/detail/clear_queue__type_support.c.o[0m
[12.030s] [ 43%] Built target slam_toolbox__rosidl_typesupport_c
[12.030s] [ 44%] [32mBuilding CXX object CMakeFiles/slam_toolbox__rosidl_typesupport_fastrtps_cpp.dir/rosidl_typesupport_fastrtps_cpp/slam_toolbox/srv/detail/dds_fastrtps/add_submap__type_support.cpp.o[0m
[12.063s] [ 45%] [32mBuilding CXX object CMakeFiles/slam_toolbox__rosidl_typesupport_introspection_cpp.dir/rosidl_typesupport_introspection_cpp/slam_toolbox/srv/detail/add_submap__type_support.cpp.o[0m
[12.200s] [ 46%] [32mBuilding C object CMakeFiles/slam_toolbox__rosidl_typesupport_introspection_c.dir/rosidl_typesupport_introspection_c/slam_toolbox/srv/detail/toggle_interactive__type_support.c.o[0m
[12.244s] [ 47%] [32mBuilding C object CMakeFiles/slam_toolbox__rosidl_typesupport_introspection_c.dir/rosidl_typesupport_introspection_c/slam_toolbox/srv/detail/clear__type_support.c.o[0m
[12.370s] [ 48%] [32mBuilding CXX object CMakeFiles/slam_toolbox__rosidl_typesupport_introspection_cpp.dir/rosidl_typesupport_introspection_cpp/slam_toolbox/srv/detail/deserialize_pose_graph__type_support.cpp.o[0m
[12.377s] [ 48%] [32mBuilding C object CMakeFiles/slam_toolbox__rosidl_typesupport_introspection_c.dir/rosidl_typesupport_introspection_c/slam_toolbox/srv/detail/save_map__type_support.c.o[0m
[12.441s] [ 48%] [32mBuilding CXX object CMakeFiles/slam_toolbox__rosidl_typesupport_introspection_cpp.dir/rosidl_typesupport_introspection_cpp/slam_toolbox/srv/detail/serialize_pose_graph__type_support.cpp.o[0m
[12.452s] [ 49%] [32mBuilding C object CMakeFiles/slam_toolbox__rosidl_typesupport_introspection_c.dir/rosidl_typesupport_introspection_c/slam_toolbox/srv/detail/loop_closure__type_support.c.o[0m
[12.475s] [ 50%] [32mBuilding C object CMakeFiles/slam_toolbox__rosidl_typesupport_introspection_c.dir/rosidl_typesupport_introspection_c/slam_toolbox/srv/detail/merge_maps__type_support.c.o[0m
[12.614s] [ 51%] [32mBuilding C object CMakeFiles/slam_toolbox__rosidl_typesupport_introspection_c.dir/rosidl_typesupport_introspection_c/slam_toolbox/srv/detail/add_submap__type_support.c.o[0m
[12.638s] [ 51%] [32mBuilding C object CMakeFiles/slam_toolbox__rosidl_typesupport_introspection_c.dir/rosidl_typesupport_introspection_c/slam_toolbox/srv/detail/deserialize_pose_graph__type_support.c.o[0m
[12.676s] [ 52%] [32mBuilding CXX object CMakeFiles/slam_toolbox__rosidl_typesupport_fastrtps_cpp.dir/rosidl_typesupport_fastrtps_cpp/slam_toolbox/srv/detail/dds_fastrtps/deserialize_pose_graph__type_support.cpp.o[0m
[12.712s] [ 52%] [32mBuilding CXX object CMakeFiles/slam_toolbox__rosidl_typesupport_fastrtps_cpp.dir/rosidl_typesupport_fastrtps_cpp/slam_toolbox/srv/detail/dds_fastrtps/serialize_pose_graph__type_support.cpp.o[0m
[12.730s] [ 53%] [32mBuilding C object CMakeFiles/slam_toolbox__rosidl_typesupport_introspection_c.dir/rosidl_typesupport_introspection_c/slam_toolbox/srv/detail/serialize_pose_graph__type_support.c.o[0m
[12.857s] [ 54%] [32m[1mLinking C shared library libslam_toolbox__rosidl_typesupport_introspection_c.so[0m
[12.924s] [ 54%] Built target slam_toolbox__rosidl_typesupport_introspection_c
[13.042s] [ 55%] [32m[1mLinking CXX shared library libslam_toolbox__rosidl_typesupport_introspection_cpp.so[0m
[13.150s] [ 55%] Built target slam_toolbox__rosidl_typesupport_introspection_cpp
[13.435s] [ 56%] [32m[1mLinking CXX shared library libslam_toolbox__rosidl_typesupport_fastrtps_cpp.so[0m
[13.555s] [ 56%] Built target slam_toolbox__rosidl_typesupport_fastrtps_cpp
[13.568s] [ 57%] [34m[1mGenerating C type support for eProsima Fast-RTPS[0m
[14.284s] [35m[1mScanning dependencies of target slam_toolbox__rosidl_typesupport_fastrtps_c[0m
[14.337s] [ 59%] [32mBuilding CXX object CMakeFiles/slam_toolbox__rosidl_typesupport_fastrtps_c.dir/rosidl_typesupport_fastrtps_c/slam_toolbox/srv/detail/clear_queue__type_support_c.cpp.o[0m
[14.338s] [ 59%] [32mBuilding CXX object CMakeFiles/slam_toolbox__rosidl_typesupport_fastrtps_c.dir/rosidl_typesupport_fastrtps_c/slam_toolbox/srv/detail/pause__type_support_c.cpp.o[0m
[14.338s] [ 59%] [32mBuilding CXX object CMakeFiles/slam_toolbox__rosidl_typesupport_fastrtps_c.dir/rosidl_typesupport_fastrtps_c/slam_toolbox/srv/detail/toggle_interactive__type_support_c.cpp.o[0m
[14.339s] [ 59%] [32mBuilding CXX object CMakeFiles/slam_toolbox__rosidl_typesupport_fastrtps_c.dir/rosidl_typesupport_fastrtps_c/slam_toolbox/srv/detail/save_map__type_support_c.cpp.o[0m
[14.340s] [ 60%] [32mBuilding CXX object CMakeFiles/slam_toolbox__rosidl_typesupport_fastrtps_c.dir/rosidl_typesupport_fastrtps_c/slam_toolbox/srv/detail/clear__type_support_c.cpp.o[0m
[14.344s] [ 61%] [32mBuilding CXX object CMakeFiles/slam_toolbox__rosidl_typesupport_fastrtps_c.dir/rosidl_typesupport_fastrtps_c/slam_toolbox/srv/detail/loop_closure__type_support_c.cpp.o[0m
[14.348s] [ 62%] [32mBuilding CXX object CMakeFiles/slam_toolbox__rosidl_typesupport_fastrtps_c.dir/rosidl_typesupport_fastrtps_c/slam_toolbox/srv/detail/add_submap__type_support_c.cpp.o[0m
[14.350s] [ 63%] [32mBuilding CXX object CMakeFiles/slam_toolbox__rosidl_typesupport_fastrtps_c.dir/rosidl_typesupport_fastrtps_c/slam_toolbox/srv/detail/serialize_pose_graph__type_support_c.cpp.o[0m
[14.351s] [ 64%] [32mBuilding CXX object CMakeFiles/slam_toolbox__rosidl_typesupport_fastrtps_c.dir/rosidl_typesupport_fastrtps_c/slam_toolbox/srv/detail/deserialize_pose_graph__type_support_c.cpp.o[0m
[14.351s] [ 64%] [32mBuilding CXX object CMakeFiles/slam_toolbox__rosidl_typesupport_fastrtps_c.dir/rosidl_typesupport_fastrtps_c/slam_toolbox/srv/detail/merge_maps__type_support_c.cpp.o[0m
[15.104s] [ 65%] [32m[1mLinking CXX shared library libslam_toolbox__rosidl_typesupport_fastrtps_c.so[0m
[15.212s] [ 65%] Built target slam_toolbox__rosidl_typesupport_fastrtps_c
[15.223s] [35m[1mScanning dependencies of target slam_toolbox[0m
[15.235s] [ 65%] Built target slam_toolbox
[15.246s] [ 65%] [34m[1mGenerating rviz_plugin/moc_slam_toolbox_rviz_plugin.cpp[0m
[15.247s] [35m[1mScanning dependencies of target slam_toolbox__py[0m
[15.261s] [ 66%] [34m[1mGenerating Python code for ROS interfaces[0m
[15.266s] [35m[1mScanning dependencies of target SlamToolboxPlugin[0m
[15.684s] [ 67%] [32mBuilding CXX object CMakeFiles/SlamToolboxPlugin.dir/rviz_plugin/slam_toolbox_rviz_plugin.cpp.o[0m
[15.688s] [ 68%] [32mBuilding CXX object CMakeFiles/SlamToolboxPlugin.dir/rviz_plugin/moc_slam_toolbox_rviz_plugin.cpp.o[0m
[17.331s] [ 68%] Built target slam_toolbox__py
[17.342s] [35m[1mScanning dependencies of target slam_toolbox__python[0m
[17.422s] [ 69%] [32mBuilding C object CMakeFiles/slam_toolbox__python.dir/rosidl_generator_py/slam_toolbox/srv/_clear_s.c.o[0m
[17.422s] [ 70%] [32mBuilding C object CMakeFiles/slam_toolbox__python.dir/rosidl_generator_py/slam_toolbox/srv/_toggle_interactive_s.c.o[0m
[17.423s] [ 71%] [32mBuilding C object CMakeFiles/slam_toolbox__python.dir/rosidl_generator_py/slam_toolbox/srv/_pause_s.c.o[0m
[17.424s] [ 71%] [32mBuilding C object CMakeFiles/slam_toolbox__python.dir/rosidl_generator_py/slam_toolbox/srv/_clear_queue_s.c.o[0m
[17.424s] [ 72%] [32mBuilding C object CMakeFiles/slam_toolbox__python.dir/rosidl_generator_py/slam_toolbox/srv/_save_map_s.c.o[0m
[17.424s] [ 72%] [32mBuilding C object CMakeFiles/slam_toolbox__python.dir/rosidl_generator_py/slam_toolbox/srv/_loop_closure_s.c.o[0m
[17.425s] [ 73%] [32mBuilding C object CMakeFiles/slam_toolbox__python.dir/rosidl_generator_py/slam_toolbox/srv/_merge_maps_s.c.o[0m
[17.435s] [ 74%] [32mBuilding C object CMakeFiles/slam_toolbox__python.dir/rosidl_generator_py/slam_toolbox/srv/_add_submap_s.c.o[0m
[17.613s] [ 75%] [32mBuilding C object CMakeFiles/slam_toolbox__python.dir/rosidl_generator_py/slam_toolbox/srv/_deserialize_pose_graph_s.c.o[0m
[17.624s] [ 75%] [32mBuilding C object CMakeFiles/slam_toolbox__python.dir/rosidl_generator_py/slam_toolbox/srv/_serialize_pose_graph_s.c.o[0m
[17.810s] [ 76%] [32m[1mLinking C shared library rosidl_generator_py/slam_toolbox/libslam_toolbox__python.so[0m
[17.869s] [ 76%] Built target slam_toolbox__python
[17.884s] [35m[1mScanning dependencies of target slam_toolbox__rosidl_typesupport_c__pyext[0m
[17.884s] [35m[1mScanning dependencies of target slam_toolbox__rosidl_typesupport_introspection_c__pyext[0m
[17.885s] [35m[1mScanning dependencies of target slam_toolbox__rosidl_typesupport_fastrtps_c__pyext[0m
[17.916s] [ 76%] [32mBuilding C object CMakeFiles/slam_toolbox__rosidl_typesupport_c__pyext.dir/rosidl_generator_py/slam_toolbox/_slam_toolbox_s.ep.rosidl_typesupport_c.c.o[0m
[17.922s] [ 77%] [32mBuilding C object CMakeFiles/slam_toolbox__rosidl_typesupport_introspection_c__pyext.dir/rosidl_generator_py/slam_toolbox/_slam_toolbox_s.ep.rosidl_typesupport_introspection_c.c.o[0m
[17.927s] [ 77%] [32mBuilding C object CMakeFiles/slam_toolbox__rosidl_typesupport_fastrtps_c__pyext.dir/rosidl_generator_py/slam_toolbox/_slam_toolbox_s.ep.rosidl_typesupport_fastrtps_c.c.o[0m
[18.356s] [ 78%] [32m[1mLinking CXX shared library rosidl_generator_py/slam_toolbox/slam_toolbox_s__rosidl_typesupport_fastrtps_c.cpython-38-x86_64-linux-gnu.so[0m
[18.453s] [ 78%] [32m[1mLinking C shared library rosidl_generator_py/slam_toolbox/slam_toolbox_s__rosidl_typesupport_introspection_c.cpython-38-x86_64-linux-gnu.so[0m
[18.456s] [ 79%] [32m[1mLinking C shared library rosidl_generator_py/slam_toolbox/slam_toolbox_s__rosidl_typesupport_c.cpython-38-x86_64-linux-gnu.so[0m
[18.471s] [ 79%] Built target slam_toolbox__rosidl_typesupport_fastrtps_c__pyext
[18.509s] [ 79%] Built target slam_toolbox__rosidl_typesupport_introspection_c__pyext
[18.520s] [ 79%] Built target slam_toolbox__rosidl_typesupport_c__pyext
[29.309s] [ 79%] [32m[1mLinking CXX shared library libSlamToolboxPlugin.so[0m
[30.279s] [ 80%] [32m[1mLinking CXX shared library libkartoSlamToolbox.so[0m
[30.319s] [ 80%] Built target SlamToolboxPlugin
[30.640s] [ 80%] Built target kartoSlamToolbox
[30.650s] [35m[1mScanning dependencies of target toolbox_common[0m
[30.651s] [35m[1mScanning dependencies of target ceres_solver_plugin[0m
[30.728s] [ 81%] [32mBuilding CXX object CMakeFiles/ceres_solver_plugin.dir/solvers/ceres_solver.cpp.o[0m
[30.851s] [ 82%] [32mBuilding CXX object CMakeFiles/toolbox_common.dir/src/map_saver.cpp.o[0m
[30.851s] [ 82%] [32mBuilding CXX object CMakeFiles/toolbox_common.dir/src/loop_closure_assistant.cpp.o[0m
[30.851s] [ 83%] [32mBuilding CXX object CMakeFiles/toolbox_common.dir/src/laser_utils.cpp.o[0m
[30.853s] [ 84%] [32mBuilding CXX object CMakeFiles/toolbox_common.dir/src/slam_toolbox_common.cpp.o[0m
[30.854s] [ 85%] [32mBuilding CXX object CMakeFiles/toolbox_common.dir/src/slam_mapper.cpp.o[0m
[42.944s] [ 86%] [32m[1mLinking CXX shared library libceres_solver_plugin.so[0m
[43.362s] [ 86%] Built target ceres_solver_plugin
[55.591s] [ 87%] [32m[1mLinking CXX shared library libtoolbox_common.so[0m
[56.156s] [ 87%] Built target toolbox_common
[56.167s] [35m[1mScanning dependencies of target localization_slam_toolbox[0m
[56.167s] [35m[1mScanning dependencies of target lifelong_slam_toolbox[0m
[56.167s] [35m[1mScanning dependencies of target sync_slam_toolbox[0m
[56.167s] [35m[1mScanning dependencies of target async_slam_toolbox[0m
[56.167s] [35m[1mScanning dependencies of target merge_maps_kinematic[0m
[56.252s] [ 88%] [32mBuilding CXX object CMakeFiles/merge_maps_kinematic.dir/src/merge_maps_kinematic.cpp.o[0m
[56.274s] [ 89%] [32mBuilding CXX object CMakeFiles/async_slam_toolbox.dir/src/slam_toolbox_async.cpp.o[0m
[56.274s] [ 91%] [32mBuilding CXX object CMakeFiles/lifelong_slam_toolbox.dir/src/experimental/slam_toolbox_lifelong.cpp.o[0m
[56.274s] [ 91%] [32mBuilding CXX object CMakeFiles/localization_slam_toolbox.dir/src/slam_toolbox_localization.cpp.o[0m
[56.274s] [ 92%] [32mBuilding CXX object CMakeFiles/sync_slam_toolbox.dir/src/slam_toolbox_sync.cpp.o[0m
[66.578s] [ 93%] [32m[1mLinking CXX shared library libasync_slam_toolbox.so[0m
[67.071s] [ 93%] Built target async_slam_toolbox
[67.087s] [35m[1mScanning dependencies of target async_slam_toolbox_node[0m
[67.229s] [ 94%] [32mBuilding CXX object CMakeFiles/async_slam_toolbox_node.dir/src/slam_toolbox_async_node.cpp.o[0m
[67.263s] [ 95%] [32m[1mLinking CXX shared library liblifelong_slam_toolbox.so[0m
[67.478s] [ 96%] [32m[1mLinking CXX shared library libsync_slam_toolbox.so[0m
[67.771s] [ 96%] Built target lifelong_slam_toolbox
[67.785s] [35m[1mScanning dependencies of target lifelong_slam_toolbox_node[0m
[67.905s] [ 96%] [32mBuilding CXX object CMakeFiles/lifelong_slam_toolbox_node.dir/src/experimental/slam_toolbox_lifelong_node.cpp.o[0m
[67.984s] [ 96%] Built target sync_slam_toolbox
[67.997s] [35m[1mScanning dependencies of target sync_slam_toolbox_node[0m
[68.122s] [ 96%] [32mBuilding CXX object CMakeFiles/sync_slam_toolbox_node.dir/src/slam_toolbox_sync_node.cpp.o[0m
[70.942s] [ 96%] [32m[1mLinking CXX executable merge_maps_kinematic[0m
[71.462s] [ 96%] [32m[1mLinking CXX shared library liblocalization_slam_toolbox.so[0m
[71.772s] [ 96%] Built target merge_maps_kinematic
[71.966s] [ 96%] Built target localization_slam_toolbox
[71.979s] [35m[1mScanning dependencies of target localization_slam_toolbox_node[0m
[72.088s] [ 97%] [32mBuilding CXX object CMakeFiles/localization_slam_toolbox_node.dir/src/slam_toolbox_localization_node.cpp.o[0m
[79.626s] [ 97%] [32m[1mLinking CXX executable async_slam_toolbox_node[0m
[80.387s] [ 97%] Built target async_slam_toolbox_node
[80.429s] [ 98%] [32m[1mLinking CXX executable lifelong_slam_toolbox_node[0m
[80.484s] [ 99%] [32m[1mLinking CXX executable sync_slam_toolbox_node[0m
[81.251s] [ 99%] Built target lifelong_slam_toolbox_node
[81.290s] [ 99%] Built target sync_slam_toolbox_node
[84.365s] [100%] [32m[1mLinking CXX executable localization_slam_toolbox_node[0m
[84.908s] [100%] Built target localization_slam_toolbox_node
[84.922s] Invoked command in '/root/researchv2/build/slam_toolbox' returned '0': CMAKE_PREFIX_PATH=/opt/ros/foxy /usr/bin/cmake --build /root/researchv2/build/slam_toolbox -- -j12 -l12
[85.838s] Invoking command in '/root/researchv2/build/slam_toolbox': CMAKE_PREFIX_PATH=/opt/ros/foxy /usr/bin/cmake --install /root/researchv2/build/slam_toolbox
[85.872s] -- Install configuration: "Release"
[85.873s] -- Installing: /root/researchv2/install/slam_toolbox/share/ament_index/resource_index/rosidl_interfaces/slam_toolbox
[85.873s] -- Installing: /root/researchv2/install/slam_toolbox/include/slam_toolbox
[85.874s] -- Installing: /root/researchv2/install/slam_toolbox/include/slam_toolbox/srv
[85.874s] -- Installing: /root/researchv2/install/slam_toolbox/include/slam_toolbox/srv/clear_queue.h
[85.874s] -- Installing: /root/researchv2/install/slam_toolbox/include/slam_toolbox/srv/add_submap.h
[85.874s] -- Installing: /root/researchv2/install/slam_toolbox/include/slam_toolbox/srv/toggle_interactive.h
[85.875s] -- Installing: /root/researchv2/install/slam_toolbox/include/slam_toolbox/srv/pause.h
[85.875s] -- Installing: /root/researchv2/install/slam_toolbox/include/slam_toolbox/srv/detail
[85.875s] -- Installing: /root/researchv2/install/slam_toolbox/include/slam_toolbox/srv/detail/loop_closure__type_support.h
[85.875s] -- Installing: /root/researchv2/install/slam_toolbox/include/slam_toolbox/srv/detail/merge_maps__struct.h
[85.875s] -- Installing: /root/researchv2/install/slam_toolbox/include/slam_toolbox/srv/detail/clear__type_support.h
[85.876s] -- Installing: /root/researchv2/install/slam_toolbox/include/slam_toolbox/srv/detail/save_map__type_support.h
[85.876s] -- Installing: /root/researchv2/install/slam_toolbox/include/slam_toolbox/srv/detail/pause__functions.c
[85.876s] -- Installing: /root/researchv2/install/slam_toolbox/include/slam_toolbox/srv/detail/add_submap__type_support.h
[85.877s] -- Installing: /root/researchv2/install/slam_toolbox/include/slam_toolbox/srv/detail/clear__functions.h
[85.877s] -- Installing: /root/researchv2/install/slam_toolbox/include/slam_toolbox/srv/detail/pause__functions.h
[85.877s] -- Installing: /root/researchv2/install/slam_toolbox/include/slam_toolbox/srv/detail/add_submap__struct.h
[85.877s] -- Installing: /root/researchv2/install/slam_toolbox/include/slam_toolbox/srv/detail/merge_maps__functions.c
[85.878s] -- Installing: /root/researchv2/install/slam_toolbox/include/slam_toolbox/srv/detail/deserialize_pose_graph__type_support.h
[85.878s] -- Installing: /root/researchv2/install/slam_toolbox/include/slam_toolbox/srv/detail/deserialize_pose_graph__struct.h
[85.878s] -- Installing: /root/researchv2/install/slam_toolbox/include/slam_toolbox/srv/detail/loop_closure__functions.c
[85.878s] -- Installing: /root/researchv2/install/slam_toolbox/include/slam_toolbox/srv/detail/toggle_interactive__functions.c
[85.879s] -- Installing: /root/researchv2/install/slam_toolbox/include/slam_toolbox/srv/detail/toggle_interactive__type_support.h
[85.879s] -- Installing: /root/researchv2/install/slam_toolbox/include/slam_toolbox/srv/detail/add_submap__functions.h
[85.879s] -- Installing: /root/researchv2/install/slam_toolbox/include/slam_toolbox/srv/detail/merge_maps__type_support.h
[85.879s] -- Installing: /root/researchv2/install/slam_toolbox/include/slam_toolbox/srv/detail/loop_closure__struct.h
[85.879s] -- Installing: /root/researchv2/install/slam_toolbox/include/slam_toolbox/srv/detail/save_map__struct.h
[85.880s] -- Installing: /root/researchv2/install/slam_toolbox/include/slam_toolbox/srv/detail/deserialize_pose_graph__functions.h
[85.880s] -- Installing: /root/researchv2/install/slam_toolbox/include/slam_toolbox/srv/detail/toggle_interactive__struct.h
[85.880s] -- Installing: /root/researchv2/install/slam_toolbox/include/slam_toolbox/srv/detail/deserialize_pose_graph__functions.c
[85.880s] -- Installing: /root/researchv2/install/slam_toolbox/include/slam_toolbox/srv/detail/merge_maps__functions.h
[85.881s] -- Installing: /root/researchv2/install/slam_toolbox/include/slam_toolbox/srv/detail/save_map__functions.h
[85.881s] -- Installing: /root/researchv2/install/slam_toolbox/include/slam_toolbox/srv/detail/pause__struct.h
[85.881s] -- Installing: /root/researchv2/install/slam_toolbox/include/slam_toolbox/srv/detail/clear_queue__functions.c
[85.881s] -- Installing: /root/researchv2/install/slam_toolbox/include/slam_toolbox/srv/detail/clear_queue__functions.h
[85.882s] -- Installing: /root/researchv2/install/slam_toolbox/include/slam_toolbox/srv/detail/clear__struct.h
[85.882s] -- Installing: /root/researchv2/install/slam_toolbox/include/slam_toolbox/srv/detail/serialize_pose_graph__functions.h
[85.882s] -- Installing: /root/researchv2/install/slam_toolbox/include/slam_toolbox/srv/detail/clear_queue__type_support.h
[85.882s] -- Installing: /root/researchv2/install/slam_toolbox/include/slam_toolbox/srv/detail/clear_queue__struct.h
[85.883s] -- Installing: /root/researchv2/install/slam_toolbox/include/slam_toolbox/srv/detail/serialize_pose_graph__struct.h
[85.883s] -- Installing: /root/researchv2/install/slam_toolbox/include/slam_toolbox/srv/detail/clear__functions.c
[85.883s] -- Installing: /root/researchv2/install/slam_toolbox/include/slam_toolbox/srv/detail/toggle_interactive__functions.h
[85.883s] -- Installing: /root/researchv2/install/slam_toolbox/include/slam_toolbox/srv/detail/serialize_pose_graph__type_support.h
[85.883s] -- Installing: /root/researchv2/install/slam_toolbox/include/slam_toolbox/srv/detail/pause__type_support.h
[85.884s] -- Installing: /root/researchv2/install/slam_toolbox/include/slam_toolbox/srv/detail/serialize_pose_graph__functions.c
[85.884s] -- Installing: /root/researchv2/install/slam_toolbox/include/slam_toolbox/srv/detail/add_submap__functions.c
[85.884s] -- Installing: /root/researchv2/install/slam_toolbox/include/slam_toolbox/srv/detail/loop_closure__functions.h
[85.884s] -- Installing: /root/researchv2/install/slam_toolbox/include/slam_toolbox/srv/detail/save_map__functions.c
[85.885s] -- Installing: /root/researchv2/install/slam_toolbox/include/slam_toolbox/srv/merge_maps.h
[85.885s] -- Installing: /root/researchv2/install/slam_toolbox/include/slam_toolbox/srv/loop_closure.h
[85.885s] -- Installing: /root/researchv2/install/slam_toolbox/include/slam_toolbox/srv/clear.h
[85.885s] -- Installing: /root/researchv2/install/slam_toolbox/include/slam_toolbox/srv/save_map.h
[85.885s] -- Installing: /root/researchv2/install/slam_toolbox/include/slam_toolbox/srv/serialize_pose_graph.h
[85.886s] -- Installing: /root/researchv2/install/slam_toolbox/include/slam_toolbox/srv/deserialize_pose_graph.h
[85.886s] -- Installing: /root/researchv2/install/slam_toolbox/include/slam_toolbox/msg
[85.886s] -- Installing: /root/researchv2/install/slam_toolbox/include/slam_toolbox/msg/rosidl_generator_c__visibility_control.h
[85.886s] -- Installing: /root/researchv2/install/slam_toolbox/share/slam_toolbox/environment/library_path.sh
[85.886s] -- Installing: /root/researchv2/install/slam_toolbox/share/slam_toolbox/environment/library_path.dsv
[85.887s] -- Installing: /root/researchv2/install/slam_toolbox/lib/libslam_toolbox__rosidl_generator_c.so
[85.889s] -- Set runtime path of "/root/researchv2/install/slam_toolbox/lib/libslam_toolbox__rosidl_generator_c.so" to ""
[85.890s] -- Up-to-date: /root/researchv2/install/slam_toolbox/include/slam_toolbox
[85.890s] -- Up-to-date: /root/researchv2/install/slam_toolbox/include/slam_toolbox/srv
[85.890s] -- Up-to-date: /root/researchv2/install/slam_toolbox/include/slam_toolbox/srv/detail
[85.891s] -- Installing: /root/researchv2/install/slam_toolbox/include/slam_toolbox/srv/detail/deserialize_pose_graph__rosidl_typesupport_fastrtps_c.h
[85.891s] -- Installing: /root/researchv2/install/slam_toolbox/include/slam_toolbox/srv/detail/merge_maps__rosidl_typesupport_fastrtps_c.h
[85.891s] -- Installing: /root/researchv2/install/slam_toolbox/include/slam_toolbox/srv/detail/add_submap__rosidl_typesupport_fastrtps_c.h
[85.892s] -- Installing: /root/researchv2/install/slam_toolbox/include/slam_toolbox/srv/detail/clear_queue__rosidl_typesupport_fastrtps_c.h
[85.892s] -- Installing: /root/researchv2/install/slam_toolbox/include/slam_toolbox/srv/detail/clear__rosidl_typesupport_fastrtps_c.h
[85.892s] -- Installing: /root/researchv2/install/slam_toolbox/include/slam_toolbox/srv/detail/toggle_interactive__rosidl_typesupport_fastrtps_c.h
[85.893s] -- Installing: /root/researchv2/install/slam_toolbox/include/slam_toolbox/srv/detail/serialize_pose_graph__rosidl_typesupport_fastrtps_c.h
[85.893s] -- Installing: /root/researchv2/install/slam_toolbox/include/slam_toolbox/srv/detail/pause__rosidl_typesupport_fastrtps_c.h
[85.894s] -- Installing: /root/researchv2/install/slam_toolbox/include/slam_toolbox/srv/detail/save_map__rosidl_typesupport_fastrtps_c.h
[85.894s] -- Installing: /root/researchv2/install/slam_toolbox/include/slam_toolbox/srv/detail/loop_closure__rosidl_typesupport_fastrtps_c.h
[85.894s] -- Up-to-date: /root/researchv2/install/slam_toolbox/include/slam_toolbox/msg
[85.894s] -- Installing: /root/researchv2/install/slam_toolbox/include/slam_toolbox/msg/rosidl_typesupport_fastrtps_c__visibility_control.h
[85.895s] -- Installing: /root/researchv2/install/slam_toolbox/lib/libslam_toolbox__rosidl_typesupport_fastrtps_c.so
[85.896s] -- Set runtime path of "/root/researchv2/install/slam_toolbox/lib/libslam_toolbox__rosidl_typesupport_fastrtps_c.so" to ""
[85.897s] -- Up-to-date: /root/researchv2/install/slam_toolbox/include/slam_toolbox
[85.897s] -- Up-to-date: /root/researchv2/install/slam_toolbox/include/slam_toolbox/srv
[85.897s] -- Up-to-date: /root/researchv2/install/slam_toolbox/include/slam_toolbox/srv/detail
[85.897s] -- Installing: /root/researchv2/install/slam_toolbox/include/slam_toolbox/srv/detail/clear__rosidl_typesupport_fastrtps_cpp.hpp
[85.897s] -- Installing: /root/researchv2/install/slam_toolbox/include/slam_toolbox/srv/detail/loop_closure__rosidl_typesupport_fastrtps_cpp.hpp
[85.898s] -- Installing: /root/researchv2/install/slam_toolbox/include/slam_toolbox/srv/detail/clear_queue__rosidl_typesupport_fastrtps_cpp.hpp
[85.898s] -- Installing: /root/researchv2/install/slam_toolbox/include/slam_toolbox/srv/detail/serialize_pose_graph__rosidl_typesupport_fastrtps_cpp.hpp
[85.898s] -- Installing: /root/researchv2/install/slam_toolbox/include/slam_toolbox/srv/detail/toggle_interactive__rosidl_typesupport_fastrtps_cpp.hpp
[85.899s] -- Installing: /root/researchv2/install/slam_toolbox/include/slam_toolbox/srv/detail/deserialize_pose_graph__rosidl_typesupport_fastrtps_cpp.hpp
[85.899s] -- Installing: /root/researchv2/install/slam_toolbox/include/slam_toolbox/srv/detail/add_submap__rosidl_typesupport_fastrtps_cpp.hpp
[85.899s] -- Installing: /root/researchv2/install/slam_toolbox/include/slam_toolbox/srv/detail/merge_maps__rosidl_typesupport_fastrtps_cpp.hpp
[85.899s] -- Installing: /root/researchv2/install/slam_toolbox/include/slam_toolbox/srv/detail/save_map__rosidl_typesupport_fastrtps_cpp.hpp
[85.900s] -- Installing: /root/researchv2/install/slam_toolbox/include/slam_toolbox/srv/detail/dds_fastrtps
[85.900s] -- Installing: /root/researchv2/install/slam_toolbox/include/slam_toolbox/srv/detail/pause__rosidl_typesupport_fastrtps_cpp.hpp
[85.900s] -- Up-to-date: /root/researchv2/install/slam_toolbox/include/slam_toolbox/msg
[85.900s] -- Installing: /root/researchv2/install/slam_toolbox/include/slam_toolbox/msg/rosidl_typesupport_fastrtps_cpp__visibility_control.h
[85.901s] -- Installing: /root/researchv2/install/slam_toolbox/lib/libslam_toolbox__rosidl_typesupport_fastrtps_cpp.so
[85.902s] -- Set runtime path of "/root/researchv2/install/slam_toolbox/lib/libslam_toolbox__rosidl_typesupport_fastrtps_cpp.so" to ""
[85.902s] -- Up-to-date: /root/researchv2/install/slam_toolbox/include/slam_toolbox
[85.902s] -- Up-to-date: /root/researchv2/install/slam_toolbox/include/slam_toolbox/srv
[85.902s] -- Up-to-date: /root/researchv2/install/slam_toolbox/include/slam_toolbox/srv/detail
[85.903s] -- Installing: /root/researchv2/install/slam_toolbox/include/slam_toolbox/srv/detail/merge_maps__type_support.c
[85.903s] -- Installing: /root/researchv2/install/slam_toolbox/include/slam_toolbox/srv/detail/loop_closure__type_support.c
[85.903s] -- Installing: /root/researchv2/install/slam_toolbox/include/slam_toolbox/srv/detail/clear_queue__rosidl_typesupport_introspection_c.h
[85.903s] -- Installing: /root/researchv2/install/slam_toolbox/include/slam_toolbox/srv/detail/add_submap__type_support.c
[85.903s] -- Installing: /root/researchv2/install/slam_toolbox/include/slam_toolbox/srv/detail/serialize_pose_graph__type_support.c
[85.904s] -- Installing: /root/researchv2/install/slam_toolbox/include/slam_toolbox/srv/detail/save_map__rosidl_typesupport_introspection_c.h
[85.904s] -- Installing: /root/researchv2/install/slam_toolbox/include/slam_toolbox/srv/detail/deserialize_pose_graph__rosidl_typesupport_introspection_c.h
[85.904s] -- Installing: /root/researchv2/install/slam_toolbox/include/slam_toolbox/srv/detail/loop_closure__rosidl_typesupport_introspection_c.h
[85.904s] -- Installing: /root/researchv2/install/slam_toolbox/include/slam_toolbox/srv/detail/toggle_interactive__type_support.c
[85.905s] -- Installing: /root/researchv2/install/slam_toolbox/include/slam_toolbox/srv/detail/add_submap__rosidl_typesupport_introspection_c.h
[85.905s] -- Installing: /root/researchv2/install/slam_toolbox/include/slam_toolbox/srv/detail/pause__rosidl_typesupport_introspection_c.h
[85.905s] -- Installing: /root/researchv2/install/slam_toolbox/include/slam_toolbox/srv/detail/save_map__type_support.c
[85.905s] -- Installing: /root/researchv2/install/slam_toolbox/include/slam_toolbox/srv/detail/merge_maps__rosidl_typesupport_introspection_c.h
[85.906s] -- Installing: /root/researchv2/install/slam_toolbox/include/slam_toolbox/srv/detail/serialize_pose_graph__rosidl_typesupport_introspection_c.h
[85.906s] -- Installing: /root/researchv2/install/slam_toolbox/include/slam_toolbox/srv/detail/clear__type_support.c
[85.906s] -- Installing: /root/researchv2/install/slam_toolbox/include/slam_toolbox/srv/detail/pause__type_support.c
[85.907s] -- Installing: /root/researchv2/install/slam_toolbox/include/slam_toolbox/srv/detail/clear__rosidl_typesupport_introspection_c.h
[85.907s] -- Installing: /root/researchv2/install/slam_toolbox/include/slam_toolbox/srv/detail/deserialize_pose_graph__type_support.c
[85.907s] -- Installing: /root/researchv2/install/slam_toolbox/include/slam_toolbox/srv/detail/toggle_interactive__rosidl_typesupport_introspection_c.h
[85.907s] -- Installing: /root/researchv2/install/slam_toolbox/include/slam_toolbox/srv/detail/clear_queue__type_support.c
[85.908s] -- Up-to-date: /root/researchv2/install/slam_toolbox/include/slam_toolbox/msg
[85.908s] -- Installing: /root/researchv2/install/slam_toolbox/include/slam_toolbox/msg/rosidl_typesupport_introspection_c__visibility_control.h
[85.908s] -- Installing: /root/researchv2/install/slam_toolbox/lib/libslam_toolbox__rosidl_typesupport_introspection_c.so
[85.909s] -- Set runtime path of "/root/researchv2/install/slam_toolbox/lib/libslam_toolbox__rosidl_typesupport_introspection_c.so" to ""
[85.909s] -- Installing: /root/researchv2/install/slam_toolbox/lib/libslam_toolbox__rosidl_typesupport_c.so
[85.910s] -- Set runtime path of "/root/researchv2/install/slam_toolbox/lib/libslam_toolbox__rosidl_typesupport_c.so" to ""
[85.910s] -- Up-to-date: /root/researchv2/install/slam_toolbox/include/slam_toolbox
[85.910s] -- Up-to-date: /root/researchv2/install/slam_toolbox/include/slam_toolbox/srv
[85.910s] -- Installing: /root/researchv2/install/slam_toolbox/include/slam_toolbox/srv/loop_closure.hpp
[85.910s] -- Installing: /root/researchv2/install/slam_toolbox/include/slam_toolbox/srv/pause.hpp
[85.910s] -- Installing: /root/researchv2/install/slam_toolbox/include/slam_toolbox/srv/clear.hpp
[85.911s] -- Installing: /root/researchv2/install/slam_toolbox/include/slam_toolbox/srv/add_submap.hpp
[85.911s] -- Installing: /root/researchv2/install/slam_toolbox/include/slam_toolbox/srv/clear_queue.hpp
[85.911s] -- Installing: /root/researchv2/install/slam_toolbox/include/slam_toolbox/srv/serialize_pose_graph.hpp
[85.911s] -- Up-to-date: /root/researchv2/install/slam_toolbox/include/slam_toolbox/srv/detail
[85.911s] -- Installing: /root/researchv2/install/slam_toolbox/include/slam_toolbox/srv/detail/loop_closure__struct.hpp
[85.911s] -- Installing: /root/researchv2/install/slam_toolbox/include/slam_toolbox/srv/detail/serialize_pose_graph__struct.hpp
[85.912s] -- Installing: /root/researchv2/install/slam_toolbox/include/slam_toolbox/srv/detail/add_submap__struct.hpp
[85.912s] -- Installing: /root/researchv2/install/slam_toolbox/include/slam_toolbox/srv/detail/toggle_interactive__struct.hpp
[85.912s] -- Installing: /root/researchv2/install/slam_toolbox/include/slam_toolbox/srv/detail/save_map__builder.hpp
[85.912s] -- Installing: /root/researchv2/install/slam_toolbox/include/slam_toolbox/srv/detail/clear_queue__builder.hpp
[85.913s] -- Installing: /root/researchv2/install/slam_toolbox/include/slam_toolbox/srv/detail/pause__traits.hpp
[85.913s] -- Installing: /root/researchv2/install/slam_toolbox/include/slam_toolbox/srv/detail/deserialize_pose_graph__builder.hpp
[85.913s] -- Installing: /root/researchv2/install/slam_toolbox/include/slam_toolbox/srv/detail/merge_maps__builder.hpp
[85.913s] -- Installing: /root/researchv2/install/slam_toolbox/include/slam_toolbox/srv/detail/serialize_pose_graph__traits.hpp
[85.913s] -- Installing: /root/researchv2/install/slam_toolbox/include/slam_toolbox/srv/detail/serialize_pose_graph__builder.hpp
[85.914s] -- Installing: /root/researchv2/install/slam_toolbox/include/slam_toolbox/srv/detail/save_map__struct.hpp
[85.914s] -- Installing: /root/researchv2/install/slam_toolbox/include/slam_toolbox/srv/detail/deserialize_pose_graph__traits.hpp
[85.914s] -- Installing: /root/researchv2/install/slam_toolbox/include/slam_toolbox/srv/detail/clear__struct.hpp
[85.914s] -- Installing: /root/researchv2/install/slam_toolbox/include/slam_toolbox/srv/detail/add_submap__traits.hpp
[85.915s] -- Installing: /root/researchv2/install/slam_toolbox/include/slam_toolbox/srv/detail/loop_closure__traits.hpp
[85.915s] -- Installing: /root/researchv2/install/slam_toolbox/include/slam_toolbox/srv/detail/add_submap__builder.hpp
[85.915s] -- Installing: /root/researchv2/install/slam_toolbox/include/slam_toolbox/srv/detail/toggle_interactive__traits.hpp
[85.915s] -- Installing: /root/researchv2/install/slam_toolbox/include/slam_toolbox/srv/detail/pause__struct.hpp
[85.915s] -- Installing: /root/researchv2/install/slam_toolbox/include/slam_toolbox/srv/detail/clear_queue__struct.hpp
[85.916s] -- Installing: /root/researchv2/install/slam_toolbox/include/slam_toolbox/srv/detail/save_map__traits.hpp
[85.916s] -- Installing: /root/researchv2/install/slam_toolbox/include/slam_toolbox/srv/detail/clear__builder.hpp
[85.916s] -- Installing: /root/researchv2/install/slam_toolbox/include/slam_toolbox/srv/detail/loop_closure__builder.hpp
[85.916s] -- Installing: /root/researchv2/install/slam_toolbox/include/slam_toolbox/srv/detail/pause__builder.hpp
[85.916s] -- Installing: /root/researchv2/install/slam_toolbox/include/slam_toolbox/srv/detail/merge_maps__struct.hpp
[85.916s] -- Installing: /root/researchv2/install/slam_toolbox/include/slam_toolbox/srv/detail/toggle_interactive__builder.hpp
[85.917s] -- Installing: /root/researchv2/install/slam_toolbox/include/slam_toolbox/srv/detail/clear__traits.hpp
[85.917s] -- Installing: /root/researchv2/install/slam_toolbox/include/slam_toolbox/srv/detail/merge_maps__traits.hpp
[85.917s] -- Installing: /root/researchv2/install/slam_toolbox/include/slam_toolbox/srv/detail/deserialize_pose_graph__struct.hpp
[85.917s] -- Installing: /root/researchv2/install/slam_toolbox/include/slam_toolbox/srv/detail/clear_queue__traits.hpp
[85.917s] -- Installing: /root/researchv2/install/slam_toolbox/include/slam_toolbox/srv/save_map.hpp
[85.918s] -- Installing: /root/researchv2/install/slam_toolbox/include/slam_toolbox/srv/merge_maps.hpp
[85.918s] -- Installing: /root/researchv2/install/slam_toolbox/include/slam_toolbox/srv/deserialize_pose_graph.hpp
[85.918s] -- Installing: /root/researchv2/install/slam_toolbox/include/slam_toolbox/srv/toggle_interactive.hpp
[85.918s] -- Up-to-date: /root/researchv2/install/slam_toolbox/include/slam_toolbox
[85.918s] -- Up-to-date: /root/researchv2/install/slam_toolbox/include/slam_toolbox/srv
[85.918s] -- Up-to-date: /root/researchv2/install/slam_toolbox/include/slam_toolbox/srv/detail
[85.918s] -- Installing: /root/researchv2/install/slam_toolbox/include/slam_toolbox/srv/detail/toggle_interactive__rosidl_typesupport_introspection_cpp.hpp
[85.919s] -- Installing: /root/researchv2/install/slam_toolbox/include/slam_toolbox/srv/detail/serialize_pose_graph__type_support.cpp
[85.919s] -- Installing: /root/researchv2/install/slam_toolbox/include/slam_toolbox/srv/detail/pause__type_support.cpp
[85.919s] -- Installing: /root/researchv2/install/slam_toolbox/include/slam_toolbox/srv/detail/serialize_pose_graph__rosidl_typesupport_introspection_cpp.hpp
[85.919s] -- Installing: /root/researchv2/install/slam_toolbox/include/slam_toolbox/srv/detail/save_map__type_support.cpp
[85.919s] -- Installing: /root/researchv2/install/slam_toolbox/include/slam_toolbox/srv/detail/save_map__rosidl_typesupport_introspection_cpp.hpp
[85.920s] -- Installing: /root/researchv2/install/slam_toolbox/include/slam_toolbox/srv/detail/add_submap__rosidl_typesupport_introspection_cpp.hpp
[85.920s] -- Installing: /root/researchv2/install/slam_toolbox/include/slam_toolbox/srv/detail/add_submap__type_support.cpp
[85.920s] -- Installing: /root/researchv2/install/slam_toolbox/include/slam_toolbox/srv/detail/pause__rosidl_typesupport_introspection_cpp.hpp
[85.921s] -- Installing: /root/researchv2/install/slam_toolbox/include/slam_toolbox/srv/detail/clear__type_support.cpp
[85.921s] -- Installing: /root/researchv2/install/slam_toolbox/include/slam_toolbox/srv/detail/clear_queue__type_support.cpp
[85.921s] -- Installing: /root/researchv2/install/slam_toolbox/include/slam_toolbox/srv/detail/loop_closure__rosidl_typesupport_introspection_cpp.hpp
[85.922s] -- Installing: /root/researchv2/install/slam_toolbox/include/slam_toolbox/srv/detail/clear__rosidl_typesupport_introspection_cpp.hpp
[85.922s] -- Installing: /root/researchv2/install/slam_toolbox/include/slam_toolbox/srv/detail/clear_queue__rosidl_typesupport_introspection_cpp.hpp
[85.923s] -- Installing: /root/researchv2/install/slam_toolbox/include/slam_toolbox/srv/detail/merge_maps__type_support.cpp
[85.923s] -- Installing: /root/researchv2/install/slam_toolbox/include/slam_toolbox/srv/detail/toggle_interactive__type_support.cpp
[85.923s] -- Installing: /root/researchv2/install/slam_toolbox/include/slam_toolbox/srv/detail/loop_closure__type_support.cpp
[85.923s] -- Installing: /root/researchv2/install/slam_toolbox/include/slam_toolbox/srv/detail/deserialize_pose_graph__type_support.cpp
[85.923s] -- Installing: /root/researchv2/install/slam_toolbox/include/slam_toolbox/srv/detail/merge_maps__rosidl_typesupport_introspection_cpp.hpp
[85.924s] -- Installing: /root/researchv2/install/slam_toolbox/include/slam_toolbox/srv/detail/deserialize_pose_graph__rosidl_typesupport_introspection_cpp.hpp
[85.924s] -- Installing: /root/researchv2/install/slam_toolbox/lib/libslam_toolbox__rosidl_typesupport_introspection_cpp.so
[85.925s] -- Set runtime path of "/root/researchv2/install/slam_toolbox/lib/libslam_toolbox__rosidl_typesupport_introspection_cpp.so" to ""
[85.925s] -- Installing: /root/researchv2/install/slam_toolbox/lib/libslam_toolbox__rosidl_typesupport_cpp.so
[85.925s] -- Set runtime path of "/root/researchv2/install/slam_toolbox/lib/libslam_toolbox__rosidl_typesupport_cpp.so" to ""
[85.926s] -- Installing: /root/researchv2/install/slam_toolbox/share/slam_toolbox/environment/pythonpath.sh
[85.926s] -- Installing: /root/researchv2/install/slam_toolbox/share/slam_toolbox/environment/pythonpath.dsv
[85.926s] -- Installing: /root/researchv2/install/slam_toolbox/lib/python3.8/site-packages/slam_toolbox/__init__.py
[85.953s] Compiling '/root/researchv2/install/slam_toolbox/lib/python3.8/site-packages/slam_toolbox/__init__.py'...
[85.956s] -- Installing: /root/researchv2/install/slam_toolbox/lib/python3.8/site-packages/slam_toolbox/srv
[85.957s] -- Installing: /root/researchv2/install/slam_toolbox/lib/python3.8/site-packages/slam_toolbox/srv/_save_map_s.c
[85.957s] -- Installing: /root/researchv2/install/slam_toolbox/lib/python3.8/site-packages/slam_toolbox/srv/_clear.py
[85.957s] -- Installing: /root/researchv2/install/slam_toolbox/lib/python3.8/site-packages/slam_toolbox/srv/_clear_queue_s.c
[85.957s] -- Installing: /root/researchv2/install/slam_toolbox/lib/python3.8/site-packages/slam_toolbox/srv/_serialize_pose_graph_s.c
[85.957s] -- Installing: /root/researchv2/install/slam_toolbox/lib/python3.8/site-packages/slam_toolbox/srv/_clear_s.c
[85.957s] -- Installing: /root/researchv2/install/slam_toolbox/lib/python3.8/site-packages/slam_toolbox/srv/_serialize_pose_graph.py
[85.958s] -- Installing: /root/researchv2/install/slam_toolbox/lib/python3.8/site-packages/slam_toolbox/srv/_toggle_interactive.py
[85.958s] -- Installing: /root/researchv2/install/slam_toolbox/lib/python3.8/site-packages/slam_toolbox/srv/_merge_maps.py
[85.958s] -- Installing: /root/researchv2/install/slam_toolbox/lib/python3.8/site-packages/slam_toolbox/srv/_add_submap_s.c
[85.958s] -- Installing: /root/researchv2/install/slam_toolbox/lib/python3.8/site-packages/slam_toolbox/srv/_loop_closure_s.c
[85.958s] -- Installing: /root/researchv2/install/slam_toolbox/lib/python3.8/site-packages/slam_toolbox/srv/_loop_closure.py
[85.958s] -- Installing: /root/researchv2/install/slam_toolbox/lib/python3.8/site-packages/slam_toolbox/srv/_add_submap.py
[85.958s] -- Installing: /root/researchv2/install/slam_toolbox/lib/python3.8/site-packages/slam_toolbox/srv/_deserialize_pose_graph_s.c
[85.959s] -- Installing: /root/researchv2/install/slam_toolbox/lib/python3.8/site-packages/slam_toolbox/srv/_pause.py
[85.959s] -- Installing: /root/researchv2/install/slam_toolbox/lib/python3.8/site-packages/slam_toolbox/srv/_pause_s.c
[85.959s] -- Installing: /root/researchv2/install/slam_toolbox/lib/python3.8/site-packages/slam_toolbox/srv/_clear_queue.py
[85.959s] -- Installing: /root/researchv2/install/slam_toolbox/lib/python3.8/site-packages/slam_toolbox/srv/_save_map.py
[85.959s] -- Installing: /root/researchv2/install/slam_toolbox/lib/python3.8/site-packages/slam_toolbox/srv/_merge_maps_s.c
[85.959s] -- Installing: /root/researchv2/install/slam_toolbox/lib/python3.8/site-packages/slam_toolbox/srv/_toggle_interactive_s.c
[85.959s] -- Installing: /root/researchv2/install/slam_toolbox/lib/python3.8/site-packages/slam_toolbox/srv/_deserialize_pose_graph.py
[85.960s] -- Installing: /root/researchv2/install/slam_toolbox/lib/python3.8/site-packages/slam_toolbox/srv/__init__.py
[85.960s] -- Installing: /root/researchv2/install/slam_toolbox/lib/python3.8/site-packages/slam_toolbox/slam_toolbox_s__rosidl_typesupport_fastrtps_c.cpython-38-x86_64-linux-gnu.so
[85.961s] -- Set runtime path of "/root/researchv2/install/slam_toolbox/lib/python3.8/site-packages/slam_toolbox/slam_toolbox_s__rosidl_typesupport_fastrtps_c.cpython-38-x86_64-linux-gnu.so" to ""
[85.961s] -- Installing: /root/researchv2/install/slam_toolbox/lib/python3.8/site-packages/slam_toolbox/slam_toolbox_s__rosidl_typesupport_introspection_c.cpython-38-x86_64-linux-gnu.so
[85.961s] -- Set runtime path of "/root/researchv2/install/slam_toolbox/lib/python3.8/site-packages/slam_toolbox/slam_toolbox_s__rosidl_typesupport_introspection_c.cpython-38-x86_64-linux-gnu.so" to ""
[85.962s] -- Installing: /root/researchv2/install/slam_toolbox/lib/python3.8/site-packages/slam_toolbox/slam_toolbox_s__rosidl_typesupport_c.cpython-38-x86_64-linux-gnu.so
[85.963s] -- Set runtime path of "/root/researchv2/install/slam_toolbox/lib/python3.8/site-packages/slam_toolbox/slam_toolbox_s__rosidl_typesupport_c.cpython-38-x86_64-linux-gnu.so" to ""
[85.963s] -- Installing: /root/researchv2/install/slam_toolbox/lib/libslam_toolbox__python.so
[85.963s] -- Set runtime path of "/root/researchv2/install/slam_toolbox/lib/libslam_toolbox__python.so" to ""
[85.963s] -- Installing: /root/researchv2/install/slam_toolbox/share/slam_toolbox/srv/Pause.idl
[85.963s] -- Installing: /root/researchv2/install/slam_toolbox/share/slam_toolbox/srv/ClearQueue.idl
[85.964s] -- Installing: /root/researchv2/install/slam_toolbox/share/slam_toolbox/srv/ToggleInteractive.idl
[85.964s] -- Installing: /root/researchv2/install/slam_toolbox/share/slam_toolbox/srv/Clear.idl
[85.964s] -- Installing: /root/researchv2/install/slam_toolbox/share/slam_toolbox/srv/SaveMap.idl
[85.964s] -- Installing: /root/researchv2/install/slam_toolbox/share/slam_toolbox/srv/LoopClosure.idl
[85.964s] -- Installing: /root/researchv2/install/slam_toolbox/share/slam_toolbox/srv/MergeMaps.idl
[85.964s] -- Installing: /root/researchv2/install/slam_toolbox/share/slam_toolbox/srv/AddSubmap.idl
[85.964s] -- Installing: /root/researchv2/install/slam_toolbox/share/slam_toolbox/srv/DeserializePoseGraph.idl
[85.965s] -- Installing: /root/researchv2/install/slam_toolbox/share/slam_toolbox/srv/SerializePoseGraph.idl
[85.965s] -- Installing: /root/researchv2/install/slam_toolbox/share/slam_toolbox/srvs/Pause.srv
[85.965s] -- Installing: /root/researchv2/install/slam_toolbox/share/slam_toolbox/srvs/Pause_Request.msg
[85.965s] -- Installing: /root/researchv2/install/slam_toolbox/share/slam_toolbox/srvs/Pause_Response.msg
[85.966s] -- Installing: /root/researchv2/install/slam_toolbox/share/slam_toolbox/srvs/ClearQueue.srv
[85.966s] -- Installing: /root/researchv2/install/slam_toolbox/share/slam_toolbox/srvs/ClearQueue_Request.msg
[85.966s] -- Installing: /root/researchv2/install/slam_toolbox/share/slam_toolbox/srvs/ClearQueue_Response.msg
[85.966s] -- Installing: /root/researchv2/install/slam_toolbox/share/slam_toolbox/srvs/ToggleInteractive.srv
[85.967s] -- Installing: /root/researchv2/install/slam_toolbox/share/slam_toolbox/srvs/ToggleInteractive_Request.msg
[85.967s] -- Installing: /root/researchv2/install/slam_toolbox/share/slam_toolbox/srvs/ToggleInteractive_Response.msg
[85.967s] -- Installing: /root/researchv2/install/slam_toolbox/share/slam_toolbox/srvs/Clear.srv
[85.967s] -- Installing: /root/researchv2/install/slam_toolbox/share/slam_toolbox/srvs/Clear_Request.msg
[85.968s] -- Installing: /root/researchv2/install/slam_toolbox/share/slam_toolbox/srvs/Clear_Response.msg
[85.968s] -- Installing: /root/researchv2/install/slam_toolbox/share/slam_toolbox/srvs/SaveMap.srv
[85.968s] -- Installing: /root/researchv2/install/slam_toolbox/share/slam_toolbox/srvs/SaveMap_Request.msg
[85.968s] -- Installing: /root/researchv2/install/slam_toolbox/share/slam_toolbox/srvs/SaveMap_Response.msg
[85.968s] -- Installing: /root/researchv2/install/slam_toolbox/share/slam_toolbox/srvs/LoopClosure.srv
[85.969s] -- Installing: /root/researchv2/install/slam_toolbox/share/slam_toolbox/srvs/LoopClosure_Request.msg
[85.969s] -- Installing: /root/researchv2/install/slam_toolbox/share/slam_toolbox/srvs/LoopClosure_Response.msg
[85.969s] -- Installing: /root/researchv2/install/slam_toolbox/share/slam_toolbox/srvs/MergeMaps.srv
[85.969s] -- Installing: /root/researchv2/install/slam_toolbox/share/slam_toolbox/srvs/MergeMaps_Request.msg
[85.970s] -- Installing: /root/researchv2/install/slam_toolbox/share/slam_toolbox/srvs/MergeMaps_Response.msg
[85.970s] -- Installing: /root/researchv2/install/slam_toolbox/share/slam_toolbox/srvs/AddSubmap.srv
[85.970s] -- Installing: /root/researchv2/install/slam_toolbox/share/slam_toolbox/srvs/AddSubmap_Request.msg
[85.970s] -- Installing: /root/researchv2/install/slam_toolbox/share/slam_toolbox/srvs/AddSubmap_Response.msg
[85.970s] -- Installing: /root/researchv2/install/slam_toolbox/share/slam_toolbox/srvs/DeserializePoseGraph.srv
[85.971s] -- Installing: /root/researchv2/install/slam_toolbox/share/slam_toolbox/srvs/DeserializePoseGraph_Request.msg
[85.971s] -- Installing: /root/researchv2/install/slam_toolbox/share/slam_toolbox/srvs/DeserializePoseGraph_Response.msg
[85.971s] -- Installing: /root/researchv2/install/slam_toolbox/share/slam_toolbox/srvs/SerializePoseGraph.srv
[85.971s] -- Installing: /root/researchv2/install/slam_toolbox/share/slam_toolbox/srvs/SerializePoseGraph_Request.msg
[85.972s] -- Installing: /root/researchv2/install/slam_toolbox/share/slam_toolbox/srvs/SerializePoseGraph_Response.msg
[85.972s] -- Installing: /root/researchv2/install/slam_toolbox/share/slam_toolbox/rviz_plugins.xml
[85.972s] -- Installing: /root/researchv2/install/slam_toolbox/share/slam_toolbox/solver_plugins.xml
[85.972s] -- Installing: /root/researchv2/install/slam_toolbox/lib/slam_toolbox/async_slam_toolbox_node
[85.974s] -- Set runtime path of "/root/researchv2/install/slam_toolbox/lib/slam_toolbox/async_slam_toolbox_node" to ""
[85.974s] -- Installing: /root/researchv2/install/slam_toolbox/lib/slam_toolbox/sync_slam_toolbox_node
[85.975s] -- Set runtime path of "/root/researchv2/install/slam_toolbox/lib/slam_toolbox/sync_slam_toolbox_node" to ""
[85.976s] -- Installing: /root/researchv2/install/slam_toolbox/lib/slam_toolbox/localization_slam_toolbox_node
[85.977s] -- Set runtime path of "/root/researchv2/install/slam_toolbox/lib/slam_toolbox/localization_slam_toolbox_node" to ""
[85.977s] -- Installing: /root/researchv2/install/slam_toolbox/lib/slam_toolbox/lifelong_slam_toolbox_node
[85.979s] -- Set runtime path of "/root/researchv2/install/slam_toolbox/lib/slam_toolbox/lifelong_slam_toolbox_node" to ""
[85.979s] -- Installing: /root/researchv2/install/slam_toolbox/lib/slam_toolbox/merge_maps_kinematic
[85.981s] -- Set runtime path of "/root/researchv2/install/slam_toolbox/lib/slam_toolbox/merge_maps_kinematic" to ""
[85.981s] -- Installing: /root/researchv2/install/slam_toolbox/lib/libtoolbox_common.so
[85.985s] -- Set runtime path of "/root/researchv2/install/slam_toolbox/lib/libtoolbox_common.so" to ""
[85.985s] -- Installing: /root/researchv2/install/slam_toolbox/lib/libSlamToolboxPlugin.so
[85.987s] -- Set runtime path of "/root/researchv2/install/slam_toolbox/lib/libSlamToolboxPlugin.so" to ""
[85.987s] -- Installing: /root/researchv2/install/slam_toolbox/lib/libceres_solver_plugin.so
[85.989s] -- Set runtime path of "/root/researchv2/install/slam_toolbox/lib/libceres_solver_plugin.so" to ""
[85.989s] -- Installing: /root/researchv2/install/slam_toolbox/lib/libasync_slam_toolbox.so
[85.991s] -- Set runtime path of "/root/researchv2/install/slam_toolbox/lib/libasync_slam_toolbox.so" to ""
[85.991s] -- Installing: /root/researchv2/install/slam_toolbox/lib/libsync_slam_toolbox.so
[85.993s] -- Set runtime path of "/root/researchv2/install/slam_toolbox/lib/libsync_slam_toolbox.so" to ""
[85.993s] -- Installing: /root/researchv2/install/slam_toolbox/lib/liblocalization_slam_toolbox.so
[85.995s] -- Set runtime path of "/root/researchv2/install/slam_toolbox/lib/liblocalization_slam_toolbox.so" to ""
[85.995s] -- Installing: /root/researchv2/install/slam_toolbox/lib/liblifelong_slam_toolbox.so
[85.997s] -- Set runtime path of "/root/researchv2/install/slam_toolbox/lib/liblifelong_slam_toolbox.so" to ""
[85.997s] -- Up-to-date: /root/researchv2/install/slam_toolbox/lib/libSlamToolboxPlugin.so
[85.998s] -- Up-to-date: /root/researchv2/install/slam_toolbox/include
[85.998s] -- Up-to-date: /root/researchv2/install/slam_toolbox/include/slam_toolbox
[85.998s] -- Installing: /root/researchv2/install/slam_toolbox/include/slam_toolbox/laser_utils.hpp
[85.998s] -- Installing: /root/researchv2/install/slam_toolbox/include/slam_toolbox/snap_utils.hpp
[85.998s] -- Installing: /root/researchv2/install/slam_toolbox/include/slam_toolbox/slam_toolbox_localization.hpp
[85.998s] -- Installing: /root/researchv2/install/slam_toolbox/include/slam_toolbox/slam_toolbox_common.hpp
[85.998s] -- Installing: /root/researchv2/install/slam_toolbox/include/slam_toolbox/toolbox_msgs.hpp
[85.998s] -- Installing: /root/researchv2/install/slam_toolbox/include/slam_toolbox/visualization_utils.hpp
[85.999s] -- Installing: /root/researchv2/install/slam_toolbox/include/slam_toolbox/toolbox_types.hpp
[85.999s] -- Installing: /root/researchv2/install/slam_toolbox/include/slam_toolbox/loop_closure_assistant.hpp
[85.999s] -- Installing: /root/researchv2/install/slam_toolbox/include/slam_toolbox/experimental
[85.999s] -- Installing: /root/researchv2/install/slam_toolbox/include/slam_toolbox/experimental/slam_toolbox_lifelong.hpp
[85.999s] -- Installing: /root/researchv2/install/slam_toolbox/include/slam_toolbox/map_saver.hpp
[85.999s] -- Installing: /root/researchv2/install/slam_toolbox/include/slam_toolbox/slam_toolbox_sync.hpp
[85.999s] -- Installing: /root/researchv2/install/slam_toolbox/include/slam_toolbox/merge_maps_kinematic.hpp
[85.999s] -- Installing: /root/researchv2/install/slam_toolbox/include/slam_toolbox/slam_mapper.hpp
[85.999s] -- Installing: /root/researchv2/install/slam_toolbox/include/slam_toolbox/serialization.hpp
[85.999s] -- Installing: /root/researchv2/install/slam_toolbox/include/slam_toolbox/slam_toolbox_async.hpp
[85.999s] -- Installing: /root/researchv2/install/slam_toolbox/include/slam_toolbox/get_pose_helper.hpp
[86.000s] -- Installing: /root/researchv2/install/slam_toolbox/share/slam_toolbox/launch
[86.000s] -- Installing: /root/researchv2/install/slam_toolbox/share/slam_toolbox/launch/online_sync_launch.py
[86.000s] -- Installing: /root/researchv2/install/slam_toolbox/share/slam_toolbox/launch/localization_launch.py
[86.000s] -- Installing: /root/researchv2/install/slam_toolbox/share/slam_toolbox/launch/online_async_launch.py
[86.000s] -- Installing: /root/researchv2/install/slam_toolbox/share/slam_toolbox/launch/offline_launch.py
[86.000s] -- Installing: /root/researchv2/install/slam_toolbox/share/slam_toolbox/launch/merge_maps_kinematic_launch.py
[86.000s] -- Installing: /root/researchv2/install/slam_toolbox/share/slam_toolbox/launch/lifelong_launch.py
[86.000s] -- Installing: /root/researchv2/install/slam_toolbox/share/slam_toolbox/config
[86.001s] -- Installing: /root/researchv2/install/slam_toolbox/share/slam_toolbox/config/mapper_params_offline.yaml
[86.001s] -- Installing: /root/researchv2/install/slam_toolbox/share/slam_toolbox/config/mapper_params_online_async.yaml
[86.001s] -- Installing: /root/researchv2/install/slam_toolbox/share/slam_toolbox/config/mapper_params_online_sync.yaml
[86.001s] -- Installing: /root/researchv2/install/slam_toolbox/share/slam_toolbox/config/mapper_params_lifelong.yaml
[86.001s] -- Installing: /root/researchv2/install/slam_toolbox/share/slam_toolbox/config/mapper_params_localization.yaml
[86.001s] -- Installing: /root/researchv2/install/slam_toolbox/share/solver_plugins.xml
[86.001s] -- Installing: /root/researchv2/install/slam_toolbox/share/rviz_plugins.xml
[86.002s] -- Installing: /root/researchv2/install/slam_toolbox/share/ament_index/resource_index/package_run_dependencies/slam_toolbox
[86.002s] -- Installing: /root/researchv2/install/slam_toolbox/share/ament_index/resource_index/parent_prefix_path/slam_toolbox
[86.002s] -- Installing: /root/researchv2/install/slam_toolbox/share/slam_toolbox/environment/ament_prefix_path.sh
[86.002s] -- Installing: /root/researchv2/install/slam_toolbox/share/slam_toolbox/environment/ament_prefix_path.dsv
[86.003s] -- Installing: /root/researchv2/install/slam_toolbox/share/slam_toolbox/environment/path.sh
[86.003s] -- Installing: /root/researchv2/install/slam_toolbox/share/slam_toolbox/environment/path.dsv
[86.003s] -- Installing: /root/researchv2/install/slam_toolbox/share/slam_toolbox/local_setup.bash
[86.004s] -- Installing: /root/researchv2/install/slam_toolbox/share/slam_toolbox/local_setup.sh
[86.004s] -- Installing: /root/researchv2/install/slam_toolbox/share/slam_toolbox/local_setup.zsh
[86.004s] -- Installing: /root/researchv2/install/slam_toolbox/share/slam_toolbox/local_setup.dsv
[86.005s] -- Installing: /root/researchv2/install/slam_toolbox/share/slam_toolbox/package.dsv
[86.005s] -- Installing: /root/researchv2/install/slam_toolbox/share/ament_index/resource_index/packages/slam_toolbox
[86.005s] -- Installing: /root/researchv2/install/slam_toolbox/share/ament_index/resource_index/rviz_common__pluginlib__plugin/slam_toolbox
[86.006s] -- Installing: /root/researchv2/install/slam_toolbox/share/ament_index/resource_index/slam_toolbox__pluginlib__plugin/slam_toolbox
[86.006s] -- Installing: /root/researchv2/install/slam_toolbox/share/slam_toolbox/cmake/slam_toolbox__rosidl_generator_cExport.cmake
[86.006s] -- Installing: /root/researchv2/install/slam_toolbox/share/slam_toolbox/cmake/slam_toolbox__rosidl_generator_cExport-release.cmake
[86.007s] -- Installing: /root/researchv2/install/slam_toolbox/share/slam_toolbox/cmake/slam_toolbox__rosidl_typesupport_introspection_cExport.cmake
[86.007s] -- Installing: /root/researchv2/install/slam_toolbox/share/slam_toolbox/cmake/slam_toolbox__rosidl_typesupport_introspection_cExport-release.cmake
[86.007s] -- Installing: /root/researchv2/install/slam_toolbox/share/slam_toolbox/cmake/slam_toolbox__rosidl_typesupport_cExport.cmake
[86.007s] -- Installing: /root/researchv2/install/slam_toolbox/share/slam_toolbox/cmake/slam_toolbox__rosidl_typesupport_cExport-release.cmake
[86.007s] -- Installing: /root/researchv2/install/slam_toolbox/share/slam_toolbox/cmake/slam_toolbox__rosidl_generator_cppExport.cmake
[86.008s] -- Installing: /root/researchv2/install/slam_toolbox/share/slam_toolbox/cmake/slam_toolbox__rosidl_typesupport_introspection_cppExport.cmake
[86.008s] -- Installing: /root/researchv2/install/slam_toolbox/share/slam_toolbox/cmake/slam_toolbox__rosidl_typesupport_introspection_cppExport-release.cmake
[86.008s] -- Installing: /root/researchv2/install/slam_toolbox/share/slam_toolbox/cmake/slam_toolbox__rosidl_typesupport_cppExport.cmake
[86.008s] -- Installing: /root/researchv2/install/slam_toolbox/share/slam_toolbox/cmake/slam_toolbox__rosidl_typesupport_cppExport-release.cmake
[86.009s] -- Installing: /root/researchv2/install/slam_toolbox/share/slam_toolbox/cmake/SlamToolboxPluginExport.cmake
[86.009s] -- Installing: /root/researchv2/install/slam_toolbox/share/slam_toolbox/cmake/SlamToolboxPluginExport-release.cmake
[86.009s] -- Installing: /root/researchv2/install/slam_toolbox/share/slam_toolbox/cmake/rosidl_cmake-extras.cmake
[86.009s] -- Installing: /root/researchv2/install/slam_toolbox/share/slam_toolbox/cmake/ament_cmake_export_dependencies-extras.cmake
[86.010s] -- Installing: /root/researchv2/install/slam_toolbox/share/slam_toolbox/cmake/ament_cmake_export_libraries-extras.cmake
[86.010s] -- Installing: /root/researchv2/install/slam_toolbox/share/slam_toolbox/cmake/ament_cmake_export_targets-extras.cmake
[86.010s] -- Installing: /root/researchv2/install/slam_toolbox/share/slam_toolbox/cmake/ament_cmake_export_include_directories-extras.cmake
[86.010s] -- Installing: /root/researchv2/install/slam_toolbox/share/slam_toolbox/cmake/rosidl_cmake_export_typesupport_libraries-extras.cmake
[86.011s] -- Installing: /root/researchv2/install/slam_toolbox/share/slam_toolbox/cmake/rosidl_cmake_export_typesupport_targets-extras.cmake
[86.011s] -- Installing: /root/researchv2/install/slam_toolbox/share/slam_toolbox/cmake/slam_toolboxConfig.cmake
[86.012s] -- Installing: /root/researchv2/install/slam_toolbox/share/slam_toolbox/cmake/slam_toolboxConfig-version.cmake
[86.012s] -- Installing: /root/researchv2/install/slam_toolbox/share/slam_toolbox/package.xml
[86.012s] -- Up-to-date: /root/researchv2/install/slam_toolbox/include/
[86.012s] -- Installing: /root/researchv2/install/slam_toolbox/include//karto_sdk
[86.013s] -- Installing: /root/researchv2/install/slam_toolbox/include//karto_sdk/Karto.h
[86.013s] -- Installing: /root/researchv2/install/slam_toolbox/include//karto_sdk/Math.h
[86.013s] -- Installing: /root/researchv2/install/slam_toolbox/include//karto_sdk/nanoflann_adaptors.h
[86.013s] -- Installing: /root/researchv2/install/slam_toolbox/include//karto_sdk/Mapper.h
[86.013s] -- Installing: /root/researchv2/install/slam_toolbox/include//karto_sdk/Types.h
[86.014s] -- Installing: /root/researchv2/install/slam_toolbox/include//karto_sdk/nanoflann.hpp
[86.014s] -- Installing: /root/researchv2/install/slam_toolbox/include//karto_sdk/Macros.h
[86.014s] -- Installing: /root/researchv2/install/slam_toolbox/lib/libkartoSlamToolbox.so
[86.019s] -- Set runtime path of "/root/researchv2/install/slam_toolbox/lib/libkartoSlamToolbox.so" to ""
[86.019s] -- Installing: /root/researchv2/install/slam_toolbox/share/karto_sdk/environment/library_path.sh
[86.019s] -- Installing: /root/researchv2/install/slam_toolbox/share/karto_sdk/environment/library_path.dsv
[86.020s] -- Installing: /root/researchv2/install/slam_toolbox/share/ament_index/resource_index/package_run_dependencies/karto_sdk
[86.020s] -- Installing: /root/researchv2/install/slam_toolbox/share/ament_index/resource_index/parent_prefix_path/karto_sdk
[86.021s] -- Installing: /root/researchv2/install/slam_toolbox/share/karto_sdk/environment/ament_prefix_path.sh
[86.021s] -- Installing: /root/researchv2/install/slam_toolbox/share/karto_sdk/environment/ament_prefix_path.dsv
[86.021s] -- Installing: /root/researchv2/install/slam_toolbox/share/karto_sdk/environment/path.sh
[86.021s] -- Installing: /root/researchv2/install/slam_toolbox/share/karto_sdk/environment/path.dsv
[86.021s] -- Installing: /root/researchv2/install/slam_toolbox/share/karto_sdk/local_setup.bash
[86.021s] -- Installing: /root/researchv2/install/slam_toolbox/share/karto_sdk/local_setup.sh
[86.021s] -- Installing: /root/researchv2/install/slam_toolbox/share/karto_sdk/local_setup.zsh
[86.022s] -- Installing: /root/researchv2/install/slam_toolbox/share/karto_sdk/local_setup.dsv
[86.022s] -- Installing: /root/researchv2/install/slam_toolbox/share/karto_sdk/package.dsv
[86.022s] -- Installing: /root/researchv2/install/slam_toolbox/share/ament_index/resource_index/packages/karto_sdk
[86.022s] -- Installing: /root/researchv2/install/slam_toolbox/share/karto_sdk/cmake/ament_cmake_export_libraries-extras.cmake
[86.023s] -- Installing: /root/researchv2/install/slam_toolbox/share/karto_sdk/cmake/ament_cmake_export_include_directories-extras.cmake
[86.023s] -- Installing: /root/researchv2/install/slam_toolbox/share/karto_sdk/cmake/ament_cmake_export_dependencies-extras.cmake
[86.024s] -- Installing: /root/researchv2/install/slam_toolbox/share/karto_sdk/cmake/karto_sdkConfig.cmake
[86.024s] -- Installing: /root/researchv2/install/slam_toolbox/share/karto_sdk/cmake/karto_sdkConfig-version.cmake
[86.024s] -- Installing: /root/researchv2/install/slam_toolbox/share/karto_sdk/package.xml
[86.026s] Invoked command in '/root/researchv2/build/slam_toolbox' returned '0': CMAKE_PREFIX_PATH=/opt/ros/foxy /usr/bin/cmake --install /root/researchv2/build/slam_toolbox
