[0.076s] Invoking command in '/root/researchv2/build/diagnostic_updater': CMAKE_PREFIX_PATH=${CMAKE_PREFIX_PATH}:/root/researchv2/install/chaser_system:/opt/ros/galactic /usr/bin/cmake --build /root/researchv2/build/diagnostic_updater -- -j12 -l12
[0.186s] [ 25%] Built target gtest_main
[0.190s] [ 50%] Built target gtest
[0.200s] [ 50%] Built target ament_cmake_python_copy_diagnostic_updater
[0.216s] [ 75%] Built target example
[0.325s] [100%] Built target diagnostic_updater_test
[0.741s] running egg_info
[0.742s] writing diagnostic_updater.egg-info/PKG-INFO
[0.743s] writing dependency_links to diagnostic_updater.egg-info/dependency_links.txt
[0.743s] writing top-level names to diagnostic_updater.egg-info/top_level.txt
[0.792s] reading manifest file 'diagnostic_updater.egg-info/SOURCES.txt'
[0.793s] writing manifest file 'diagnostic_updater.egg-info/SOURCES.txt'
[0.828s] [100%] Built target ament_cmake_python_build_diagnostic_updater_egg
[0.843s] Invoked command in '/root/researchv2/build/diagnostic_updater' returned '0': CMAKE_PREFIX_PATH=${CMAKE_PREFIX_PATH}:/root/researchv2/install/chaser_system:/opt/ros/galactic /usr/bin/cmake --build /root/researchv2/build/diagnostic_updater -- -j12 -l12
[0.878s] Invoking command in '/root/researchv2/build/diagnostic_updater': CMAKE_PREFIX_PATH=${CMAKE_PREFIX_PATH}:/root/researchv2/install/chaser_system:/opt/ros/galactic /usr/bin/cmake --install /root/researchv2/build/diagnostic_updater
[0.896s] -- Install configuration: ""
[0.896s] -- Up-to-date: /root/researchv2/install/diagnostic_updater/share/diagnostic_updater/environment/pythonpath.sh
[0.896s] -- Up-to-date: /root/researchv2/install/diagnostic_updater/share/diagnostic_updater/environment/pythonpath.dsv
[0.900s] -- Up-to-date: /root/researchv2/install/diagnostic_updater/lib/python3.8/site-packages//diagnostic_updater.egg-info
[0.900s] -- Installing: /root/researchv2/install/diagnostic_updater/lib/python3.8/site-packages//diagnostic_updater.egg-info/PKG-INFO
[0.900s] -- Installing: /root/researchv2/install/diagnostic_updater/lib/python3.8/site-packages//diagnostic_updater.egg-info/top_level.txt
[0.900s] -- Installing: /root/researchv2/install/diagnostic_updater/lib/python3.8/site-packages//diagnostic_updater.egg-info/SOURCES.txt
[0.901s] -- Installing: /root/researchv2/install/diagnostic_updater/lib/python3.8/site-packages//diagnostic_updater.egg-info/dependency_links.txt
[0.901s] -- Up-to-date: /root/researchv2/install/diagnostic_updater/lib/python3.8/site-packages/diagnostic_updater
[0.901s] -- Up-to-date: /root/researchv2/install/diagnostic_updater/lib/python3.8/site-packages/diagnostic_updater/_update_functions.py
[0.902s] -- Up-to-date: /root/researchv2/install/diagnostic_updater/lib/python3.8/site-packages/diagnostic_updater/_diagnostic_status_wrapper.py
[0.906s] -- Up-to-date: /root/researchv2/install/diagnostic_updater/lib/python3.8/site-packages/diagnostic_updater/_publisher.py
[0.906s] -- Up-to-date: /root/researchv2/install/diagnostic_updater/lib/python3.8/site-packages/diagnostic_updater/example.py
[0.906s] -- Up-to-date: /root/researchv2/install/diagnostic_updater/lib/python3.8/site-packages/diagnostic_updater/_diagnostic_updater.py
[0.907s] -- Up-to-date: /root/researchv2/install/diagnostic_updater/lib/python3.8/site-packages/diagnostic_updater/__init__.py
[0.958s] Listing '/root/researchv2/install/diagnostic_updater/lib/python3.8/site-packages/diagnostic_updater'...
[0.960s] -- Up-to-date: /root/researchv2/install/diagnostic_updater/lib/diagnostic_updater/example.py
[0.964s] -- Up-to-date: /root/researchv2/install/diagnostic_updater/lib/diagnostic_updater/example
[0.969s] -- Up-to-date: /root/researchv2/install/diagnostic_updater/include
[0.969s] -- Up-to-date: /root/researchv2/install/diagnostic_updater/include/diagnostic_updater
[0.969s] -- Up-to-date: /root/researchv2/install/diagnostic_updater/include/diagnostic_updater/diagnostic_status_wrapper.hpp
[0.969s] -- Up-to-date: /root/researchv2/install/diagnostic_updater/include/diagnostic_updater/diagnostic_updater.hpp
[0.970s] -- Up-to-date: /root/researchv2/install/diagnostic_updater/include/diagnostic_updater/publisher.hpp
[0.970s] -- Up-to-date: /root/researchv2/install/diagnostic_updater/include/diagnostic_updater/update_functions.hpp
[0.973s] -- Up-to-date: /root/researchv2/install/diagnostic_updater/share/ament_index/resource_index/package_run_dependencies/diagnostic_updater
[0.973s] -- Up-to-date: /root/researchv2/install/diagnostic_updater/share/ament_index/resource_index/parent_prefix_path/diagnostic_updater
[0.974s] -- Up-to-date: /root/researchv2/install/diagnostic_updater/share/diagnostic_updater/environment/ament_prefix_path.sh
[0.974s] -- Up-to-date: /root/researchv2/install/diagnostic_updater/share/diagnostic_updater/environment/ament_prefix_path.dsv
[0.974s] -- Up-to-date: /root/researchv2/install/diagnostic_updater/share/diagnostic_updater/environment/path.sh
[0.978s] -- Up-to-date: /root/researchv2/install/diagnostic_updater/share/diagnostic_updater/environment/path.dsv
[0.978s] -- Up-to-date: /root/researchv2/install/diagnostic_updater/share/diagnostic_updater/local_setup.bash
[0.979s] -- Up-to-date: /root/researchv2/install/diagnostic_updater/share/diagnostic_updater/local_setup.sh
[0.979s] -- Up-to-date: /root/researchv2/install/diagnostic_updater/share/diagnostic_updater/local_setup.zsh
[0.980s] -- Up-to-date: /root/researchv2/install/diagnostic_updater/share/diagnostic_updater/local_setup.dsv
[0.980s] -- Installing: /root/researchv2/install/diagnostic_updater/share/diagnostic_updater/package.dsv
[0.980s] -- Up-to-date: /root/researchv2/install/diagnostic_updater/share/ament_index/resource_index/packages/diagnostic_updater
[0.980s] -- Up-to-date: /root/researchv2/install/diagnostic_updater/share/diagnostic_updater/cmake/ament_cmake_export_include_directories-extras.cmake
[0.981s] -- Up-to-date: /root/researchv2/install/diagnostic_updater/share/diagnostic_updater/cmake/ament_cmake_export_dependencies-extras.cmake
[0.983s] -- Up-to-date: /root/researchv2/install/diagnostic_updater/share/diagnostic_updater/cmake/diagnostic_updaterConfig.cmake
[0.984s] -- Up-to-date: /root/researchv2/install/diagnostic_updater/share/diagnostic_updater/cmake/diagnostic_updaterConfig-version.cmake
[0.985s] -- Up-to-date: /root/researchv2/install/diagnostic_updater/share/diagnostic_updater/package.xml
[0.989s] Invoked command in '/root/researchv2/build/diagnostic_updater' returned '0': CMAKE_PREFIX_PATH=${CMAKE_PREFIX_PATH}:/root/researchv2/install/chaser_system:/opt/ros/galactic /usr/bin/cmake --install /root/researchv2/build/diagnostic_updater
